01:02:00.655 [SpringApplicationShutdownHook] INFO  c.a.c.n.r.NacosServiceRegistry - [deregister,94] - De-registering from Nacos Server now...
01:02:00.667 [SpringApplicationShutdownHook] INFO  c.a.c.n.r.NacosServiceRegistry - [deregister,114] - De-registration finished.
01:02:01.098 [SpringApplicationShutdownHook] INFO  c.a.n.c.r.client - [shutdown,454] - Shutdown rpc client, set status to shutdown
01:02:01.099 [SpringApplicationShutdownHook] INFO  c.a.n.c.r.client - [shutdown,456] - Shutdown client event executor java.util.concurrent.ScheduledThreadPoolExecutor@2a29ab0e[Running, pool size = 2, active threads = 2, queued tasks = 0, completed tasks = 0]
01:02:01.099 [SpringApplicationShutdownHook] INFO  c.a.n.c.r.client - [closeConnection,591] - Close current connection 1684076052425_127.0.0.1_61788
01:02:01.111 [SpringApplicationShutdownHook] INFO  c.a.n.c.r.c.g.GrpcClient - [shutdown,85] - Shutdown grpc executor java.util.concurrent.ThreadPoolExecutor@78a4f887[Running, pool size = 4, active threads = 0, queued tasks = 0, completed tasks = 1865]
01:02:01.242 [SpringApplicationShutdownHook] INFO  c.z.h.HikariDataSource - [close,350] - HikariPool-1 - Shutdown initiated...
01:02:01.250 [SpringApplicationShutdownHook] INFO  c.z.h.HikariDataSource - [close,352] - HikariPool-1 - Shutdown completed.
01:02:17.817 [background-preinit] INFO  o.h.v.i.util.Version - [<clinit>,21] - HV000001: Hibernate Validator 6.2.5.Final
01:02:18.714 [main] INFO  c.a.n.c.r.client - [lambda$createClient$0,80] - [RpcClientFactory] create a new rpc client of 3f168d97-1b8a-4f8e-a17f-be6ab881b9b7_config-0
01:02:18.777 [main] INFO  o.r.Reflections - [scan,232] - Reflections took 41 ms to scan 1 urls, producing 3 keys and 6 values 
01:02:18.830 [main] INFO  o.r.Reflections - [scan,232] - Reflections took 36 ms to scan 1 urls, producing 4 keys and 9 values 
01:02:18.854 [main] INFO  o.r.Reflections - [scan,232] - Reflections took 19 ms to scan 1 urls, producing 3 keys and 10 values 
01:02:18.877 [main] INFO  o.r.Reflections - [scan,232] - Reflections took 17 ms to scan 1 urls, producing 1 keys and 5 values 
01:02:18.910 [main] INFO  o.r.Reflections - [scan,232] - Reflections took 30 ms to scan 1 urls, producing 1 keys and 7 values 
01:02:18.933 [main] INFO  o.r.Reflections - [scan,232] - Reflections took 18 ms to scan 1 urls, producing 2 keys and 8 values 
01:02:18.938 [main] INFO  c.a.n.c.r.client - [printIfInfoEnabled,60] - [3f168d97-1b8a-4f8e-a17f-be6ab881b9b7_config-0] RpcClient init label, labels = {module=config, Vipserver-Tag=null, source=sdk, Amory-Tag=null, Location-Tag=null, taskId=0, AppName=unknown}
01:02:18.940 [main] INFO  c.a.n.c.r.client - [printIfInfoEnabled,60] - [3f168d97-1b8a-4f8e-a17f-be6ab881b9b7_config-0] Register server push request handler:com.alibaba.nacos.client.config.impl.ClientWorker$ConfigRpcTransportClient$$Lambda$468/0x0000000800f1c008
01:02:18.941 [main] INFO  c.a.n.c.r.client - [printIfInfoEnabled,60] - [3f168d97-1b8a-4f8e-a17f-be6ab881b9b7_config-0] Register server push request handler:com.alibaba.nacos.client.config.impl.ClientWorker$ConfigRpcTransportClient$$Lambda$469/0x0000000800f1c230
01:02:18.942 [main] INFO  c.a.n.c.r.client - [printIfInfoEnabled,60] - [3f168d97-1b8a-4f8e-a17f-be6ab881b9b7_config-0] Registry connection listener to current client:com.alibaba.nacos.client.config.impl.ClientWorker$ConfigRpcTransportClient$1
01:02:18.944 [main] INFO  c.a.n.c.r.client - [printIfInfoEnabled,60] - [3f168d97-1b8a-4f8e-a17f-be6ab881b9b7_config-0] RpcClient init, ServerListFactory = com.alibaba.nacos.client.config.impl.ClientWorker$ConfigRpcTransportClient$2
01:02:18.958 [main] INFO  c.a.n.c.r.client - [printIfInfoEnabled,60] - [3f168d97-1b8a-4f8e-a17f-be6ab881b9b7_config-0] Try to connect to server on start up, server: {serverIp = '127.0.0.1', server main port = 8848}
01:02:19.745 [main] INFO  c.a.n.c.r.client - [printIfInfoEnabled,60] - [3f168d97-1b8a-4f8e-a17f-be6ab881b9b7_config-0] Success to connect to server [127.0.0.1:8848] on start up, connectionId = 1684083739525_127.0.0.1_51307
01:02:19.747 [com.alibaba.nacos.client.remote.worker] INFO  c.a.n.c.r.client - [printIfInfoEnabled,60] - [3f168d97-1b8a-4f8e-a17f-be6ab881b9b7_config-0] Notify connected event to listeners.
01:02:19.747 [main] INFO  c.a.n.c.r.client - [printIfInfoEnabled,60] - [3f168d97-1b8a-4f8e-a17f-be6ab881b9b7_config-0] Register server push request handler:com.alibaba.nacos.common.remote.client.RpcClient$ConnectResetRequestHandler
01:02:19.748 [main] INFO  c.a.n.c.r.client - [printIfInfoEnabled,60] - [3f168d97-1b8a-4f8e-a17f-be6ab881b9b7_config-0] Register server push request handler:com.alibaba.nacos.common.remote.client.RpcClient$$Lambda$480/0x000000080101c290
01:02:19.841 [main] INFO  c.c.g.RuoYiGenApplication - [logStartupProfileInfo,637] - The following 1 profile is active: "dev"
01:02:24.228 [main] INFO  o.a.c.h.Http11NioProtocol - [log,173] - Initializing ProtocolHandler ["http-nio-9202"]
01:02:24.229 [main] INFO  o.a.c.c.StandardService - [log,173] - Starting service [Tomcat]
01:02:24.229 [main] INFO  o.a.c.c.StandardEngine - [log,173] - Starting Servlet engine: [Apache Tomcat/9.0.70]
01:02:24.609 [main] INFO  o.a.c.c.C.[.[.[/] - [log,173] - Initializing Spring embedded WebApplicationContext
01:02:26.925 [main] INFO  c.a.c.s.SentinelWebMvcConfigurer - [addInterceptors,52] - [Sentinel Starter] register SentinelWebInterceptor with urlPatterns: [/**].
01:02:29.936 [main] INFO  c.a.n.c.r.client - [lambda$createClient$0,80] - [RpcClientFactory] create a new rpc client of caec4ef6-2461-4902-bf3f-93826dcbd660
01:02:29.937 [main] INFO  c.a.n.c.r.client - [printIfInfoEnabled,60] - [caec4ef6-2461-4902-bf3f-93826dcbd660] RpcClient init label, labels = {module=naming, source=sdk}
01:02:29.938 [main] INFO  c.a.n.c.r.client - [printIfInfoEnabled,60] - [caec4ef6-2461-4902-bf3f-93826dcbd660] RpcClient init, ServerListFactory = com.alibaba.nacos.client.naming.core.ServerListManager
01:02:29.939 [main] INFO  c.a.n.c.r.client - [printIfInfoEnabled,60] - [caec4ef6-2461-4902-bf3f-93826dcbd660] Registry connection listener to current client:com.alibaba.nacos.client.naming.remote.gprc.redo.NamingGrpcRedoService
01:02:29.939 [main] INFO  c.a.n.c.r.client - [printIfInfoEnabled,60] - [caec4ef6-2461-4902-bf3f-93826dcbd660] Register server push request handler:com.alibaba.nacos.client.naming.remote.gprc.NamingPushRequestHandler
01:02:29.940 [main] INFO  c.a.n.c.r.client - [printIfInfoEnabled,60] - [caec4ef6-2461-4902-bf3f-93826dcbd660] Try to connect to server on start up, server: {serverIp = '127.0.0.1', server main port = 8848}
01:02:30.096 [main] INFO  c.a.n.c.r.client - [printIfInfoEnabled,60] - [caec4ef6-2461-4902-bf3f-93826dcbd660] Success to connect to server [127.0.0.1:8848] on start up, connectionId = 1684083749963_127.0.0.1_51330
01:02:30.097 [main] INFO  c.a.n.c.r.client - [printIfInfoEnabled,60] - [caec4ef6-2461-4902-bf3f-93826dcbd660] Register server push request handler:com.alibaba.nacos.common.remote.client.RpcClient$ConnectResetRequestHandler
01:02:30.097 [com.alibaba.nacos.client.remote.worker] INFO  c.a.n.c.r.client - [printIfInfoEnabled,60] - [caec4ef6-2461-4902-bf3f-93826dcbd660] Notify connected event to listeners.
01:02:30.097 [main] INFO  c.a.n.c.r.client - [printIfInfoEnabled,60] - [caec4ef6-2461-4902-bf3f-93826dcbd660] Register server push request handler:com.alibaba.nacos.common.remote.client.RpcClient$$Lambda$480/0x000000080101c290
01:02:30.134 [main] INFO  o.a.c.h.Http11NioProtocol - [log,173] - Starting ProtocolHandler ["http-nio-9202"]
01:02:30.163 [main] INFO  c.a.c.n.r.NacosServiceRegistry - [register,75] - nacos registry, DEFAULT_GROUP cms-gen 192.168.1.9:9202 register finished
01:02:30.667 [nacos-grpc-client-executor-7] INFO  c.a.n.c.r.client - [printIfInfoEnabled,60] - [caec4ef6-2461-4902-bf3f-93826dcbd660] Receive server push request, request = NotifySubscriberRequest, requestId = 513
01:02:30.672 [nacos-grpc-client-executor-7] INFO  c.a.n.c.r.client - [printIfInfoEnabled,60] - [caec4ef6-2461-4902-bf3f-93826dcbd660] Ack server push request, request = NotifySubscriberRequest, requestId = 513
01:02:30.741 [main] INFO  c.c.g.RuoYiGenApplication - [logStarted,61] - Started RuoYiGenApplication in 14.17 seconds (JVM running for 15.555)
01:02:30.768 [main] INFO  c.a.c.n.r.NacosContextRefresher - [registerNacosListener,129] - [Nacos Config] Listening config: dataId=cms-gen.yml, group=DEFAULT_GROUP
01:02:30.769 [main] INFO  c.a.c.n.r.NacosContextRefresher - [registerNacosListener,129] - [Nacos Config] Listening config: dataId=cms-gen-dev.yml, group=DEFAULT_GROUP
01:02:30.770 [main] INFO  c.a.c.n.r.NacosContextRefresher - [registerNacosListener,129] - [Nacos Config] Listening config: dataId=cms-gen, group=DEFAULT_GROUP
01:02:31.030 [RMI TCP Connection(1)-192.168.1.9] INFO  o.a.c.c.C.[.[.[/] - [log,173] - Initializing Spring DispatcherServlet 'dispatcherServlet'
01:02:31.056 [RMI TCP Connection(3)-192.168.1.9] INFO  c.z.h.HikariDataSource - [getConnection,110] - HikariPool-1 - Starting...
01:02:31.479 [RMI TCP Connection(3)-192.168.1.9] INFO  c.z.h.HikariDataSource - [getConnection,123] - HikariPool-1 - Start completed.
01:12:32.520 [SpringApplicationShutdownHook] INFO  c.a.c.n.r.NacosServiceRegistry - [deregister,94] - De-registering from Nacos Server now...
01:12:32.534 [SpringApplicationShutdownHook] INFO  c.a.c.n.r.NacosServiceRegistry - [deregister,114] - De-registration finished.
01:12:32.846 [SpringApplicationShutdownHook] INFO  c.a.n.c.r.client - [shutdown,454] - Shutdown rpc client, set status to shutdown
01:12:32.847 [SpringApplicationShutdownHook] INFO  c.a.n.c.r.client - [shutdown,456] - Shutdown client event executor java.util.concurrent.ScheduledThreadPoolExecutor@46a3c4e3[Running, pool size = 2, active threads = 2, queued tasks = 0, completed tasks = 0]
01:12:32.847 [SpringApplicationShutdownHook] INFO  c.a.n.c.r.client - [closeConnection,591] - Close current connection 1684083749963_127.0.0.1_51330
01:12:32.852 [SpringApplicationShutdownHook] INFO  c.a.n.c.r.c.g.GrpcClient - [shutdown,85] - Shutdown grpc executor java.util.concurrent.ThreadPoolExecutor@64698822[Running, pool size = 6, active threads = 0, queued tasks = 0, completed tasks = 175]
01:12:32.988 [SpringApplicationShutdownHook] INFO  c.z.h.HikariDataSource - [close,350] - HikariPool-1 - Shutdown initiated...
01:12:33.000 [SpringApplicationShutdownHook] INFO  c.z.h.HikariDataSource - [close,352] - HikariPool-1 - Shutdown completed.
01:12:48.433 [background-preinit] INFO  o.h.v.i.util.Version - [<clinit>,21] - HV000001: Hibernate Validator 6.2.5.Final
01:12:49.144 [main] INFO  c.a.n.c.r.client - [lambda$createClient$0,80] - [RpcClientFactory] create a new rpc client of 195e3f41-9d8b-4d59-89af-c19192ba1570_config-0
01:12:49.206 [main] INFO  o.r.Reflections - [scan,232] - Reflections took 43 ms to scan 1 urls, producing 3 keys and 6 values 
01:12:49.247 [main] INFO  o.r.Reflections - [scan,232] - Reflections took 23 ms to scan 1 urls, producing 4 keys and 9 values 
01:12:49.278 [main] INFO  o.r.Reflections - [scan,232] - Reflections took 28 ms to scan 1 urls, producing 3 keys and 10 values 
01:12:49.306 [main] INFO  o.r.Reflections - [scan,232] - Reflections took 21 ms to scan 1 urls, producing 1 keys and 5 values 
01:12:49.337 [main] INFO  o.r.Reflections - [scan,232] - Reflections took 28 ms to scan 1 urls, producing 1 keys and 7 values 
01:12:49.362 [main] INFO  o.r.Reflections - [scan,232] - Reflections took 20 ms to scan 1 urls, producing 2 keys and 8 values 
01:12:49.367 [main] INFO  c.a.n.c.r.client - [printIfInfoEnabled,60] - [195e3f41-9d8b-4d59-89af-c19192ba1570_config-0] RpcClient init label, labels = {module=config, Vipserver-Tag=null, source=sdk, Amory-Tag=null, Location-Tag=null, taskId=0, AppName=unknown}
01:12:49.368 [main] INFO  c.a.n.c.r.client - [printIfInfoEnabled,60] - [195e3f41-9d8b-4d59-89af-c19192ba1570_config-0] Register server push request handler:com.alibaba.nacos.client.config.impl.ClientWorker$ConfigRpcTransportClient$$Lambda$468/0x0000000800f1d100
01:12:49.369 [main] INFO  c.a.n.c.r.client - [printIfInfoEnabled,60] - [195e3f41-9d8b-4d59-89af-c19192ba1570_config-0] Register server push request handler:com.alibaba.nacos.client.config.impl.ClientWorker$ConfigRpcTransportClient$$Lambda$469/0x0000000800f1d328
01:12:49.370 [main] INFO  c.a.n.c.r.client - [printIfInfoEnabled,60] - [195e3f41-9d8b-4d59-89af-c19192ba1570_config-0] Registry connection listener to current client:com.alibaba.nacos.client.config.impl.ClientWorker$ConfigRpcTransportClient$1
01:12:49.371 [main] INFO  c.a.n.c.r.client - [printIfInfoEnabled,60] - [195e3f41-9d8b-4d59-89af-c19192ba1570_config-0] RpcClient init, ServerListFactory = com.alibaba.nacos.client.config.impl.ClientWorker$ConfigRpcTransportClient$2
01:12:49.393 [main] INFO  c.a.n.c.r.client - [printIfInfoEnabled,60] - [195e3f41-9d8b-4d59-89af-c19192ba1570_config-0] Try to connect to server on start up, server: {serverIp = '127.0.0.1', server main port = 8848}
01:12:50.199 [main] INFO  c.a.n.c.r.client - [printIfInfoEnabled,60] - [195e3f41-9d8b-4d59-89af-c19192ba1570_config-0] Success to connect to server [127.0.0.1:8848] on start up, connectionId = 1684084369980_127.0.0.1_51907
01:12:50.199 [com.alibaba.nacos.client.remote.worker] INFO  c.a.n.c.r.client - [printIfInfoEnabled,60] - [195e3f41-9d8b-4d59-89af-c19192ba1570_config-0] Notify connected event to listeners.
01:12:50.200 [main] INFO  c.a.n.c.r.client - [printIfInfoEnabled,60] - [195e3f41-9d8b-4d59-89af-c19192ba1570_config-0] Register server push request handler:com.alibaba.nacos.common.remote.client.RpcClient$ConnectResetRequestHandler
01:12:50.200 [main] INFO  c.a.n.c.r.client - [printIfInfoEnabled,60] - [195e3f41-9d8b-4d59-89af-c19192ba1570_config-0] Register server push request handler:com.alibaba.nacos.common.remote.client.RpcClient$$Lambda$480/0x000000080101d8c0
01:12:50.308 [main] INFO  c.c.g.RuoYiGenApplication - [logStartupProfileInfo,637] - The following 1 profile is active: "dev"
01:12:55.546 [main] INFO  o.a.c.h.Http11NioProtocol - [log,173] - Initializing ProtocolHandler ["http-nio-9202"]
01:12:55.547 [main] INFO  o.a.c.c.StandardService - [log,173] - Starting service [Tomcat]
01:12:55.548 [main] INFO  o.a.c.c.StandardEngine - [log,173] - Starting Servlet engine: [Apache Tomcat/9.0.70]
01:12:55.893 [main] INFO  o.a.c.c.C.[.[.[/] - [log,173] - Initializing Spring embedded WebApplicationContext
01:12:58.513 [main] INFO  c.a.c.s.SentinelWebMvcConfigurer - [addInterceptors,52] - [Sentinel Starter] register SentinelWebInterceptor with urlPatterns: [/**].
01:13:02.466 [main] INFO  c.a.n.c.r.client - [lambda$createClient$0,80] - [RpcClientFactory] create a new rpc client of 04a94425-1945-4332-9a66-b40c0edb5090
01:13:02.466 [main] INFO  c.a.n.c.r.client - [printIfInfoEnabled,60] - [04a94425-1945-4332-9a66-b40c0edb5090] RpcClient init label, labels = {module=naming, source=sdk}
01:13:02.468 [main] INFO  c.a.n.c.r.client - [printIfInfoEnabled,60] - [04a94425-1945-4332-9a66-b40c0edb5090] RpcClient init, ServerListFactory = com.alibaba.nacos.client.naming.core.ServerListManager
01:13:02.469 [main] INFO  c.a.n.c.r.client - [printIfInfoEnabled,60] - [04a94425-1945-4332-9a66-b40c0edb5090] Registry connection listener to current client:com.alibaba.nacos.client.naming.remote.gprc.redo.NamingGrpcRedoService
01:13:02.469 [main] INFO  c.a.n.c.r.client - [printIfInfoEnabled,60] - [04a94425-1945-4332-9a66-b40c0edb5090] Register server push request handler:com.alibaba.nacos.client.naming.remote.gprc.NamingPushRequestHandler
01:13:02.470 [main] INFO  c.a.n.c.r.client - [printIfInfoEnabled,60] - [04a94425-1945-4332-9a66-b40c0edb5090] Try to connect to server on start up, server: {serverIp = '127.0.0.1', server main port = 8848}
01:13:02.615 [main] INFO  c.a.n.c.r.client - [printIfInfoEnabled,60] - [04a94425-1945-4332-9a66-b40c0edb5090] Success to connect to server [127.0.0.1:8848] on start up, connectionId = 1684084382492_127.0.0.1_51947
01:13:02.616 [com.alibaba.nacos.client.remote.worker] INFO  c.a.n.c.r.client - [printIfInfoEnabled,60] - [04a94425-1945-4332-9a66-b40c0edb5090] Notify connected event to listeners.
01:13:02.616 [main] INFO  c.a.n.c.r.client - [printIfInfoEnabled,60] - [04a94425-1945-4332-9a66-b40c0edb5090] Register server push request handler:com.alibaba.nacos.common.remote.client.RpcClient$ConnectResetRequestHandler
01:13:02.617 [main] INFO  c.a.n.c.r.client - [printIfInfoEnabled,60] - [04a94425-1945-4332-9a66-b40c0edb5090] Register server push request handler:com.alibaba.nacos.common.remote.client.RpcClient$$Lambda$480/0x000000080101d8c0
01:13:02.672 [main] INFO  o.a.c.h.Http11NioProtocol - [log,173] - Starting ProtocolHandler ["http-nio-9202"]
01:13:02.729 [main] INFO  c.a.c.n.r.NacosServiceRegistry - [register,75] - nacos registry, DEFAULT_GROUP cms-gen 192.168.1.9:9202 register finished
01:13:03.253 [nacos-grpc-client-executor-8] INFO  c.a.n.c.r.client - [printIfInfoEnabled,60] - [04a94425-1945-4332-9a66-b40c0edb5090] Receive server push request, request = NotifySubscriberRequest, requestId = 544
01:13:03.258 [nacos-grpc-client-executor-8] INFO  c.a.n.c.r.client - [printIfInfoEnabled,60] - [04a94425-1945-4332-9a66-b40c0edb5090] Ack server push request, request = NotifySubscriberRequest, requestId = 544
01:13:03.414 [main] INFO  c.c.g.RuoYiGenApplication - [logStarted,61] - Started RuoYiGenApplication in 16.032 seconds (JVM running for 17.386)
01:13:03.439 [main] INFO  c.a.c.n.r.NacosContextRefresher - [registerNacosListener,129] - [Nacos Config] Listening config: dataId=cms-gen.yml, group=DEFAULT_GROUP
01:13:03.441 [main] INFO  c.a.c.n.r.NacosContextRefresher - [registerNacosListener,129] - [Nacos Config] Listening config: dataId=cms-gen-dev.yml, group=DEFAULT_GROUP
01:13:03.442 [main] INFO  c.a.c.n.r.NacosContextRefresher - [registerNacosListener,129] - [Nacos Config] Listening config: dataId=cms-gen, group=DEFAULT_GROUP
01:13:03.850 [RMI TCP Connection(2)-192.168.1.9] INFO  o.a.c.c.C.[.[.[/] - [log,173] - Initializing Spring DispatcherServlet 'dispatcherServlet'
01:13:03.870 [RMI TCP Connection(3)-192.168.1.9] INFO  c.z.h.HikariDataSource - [getConnection,110] - HikariPool-1 - Starting...
01:13:04.293 [RMI TCP Connection(3)-192.168.1.9] INFO  c.z.h.HikariDataSource - [getConnection,123] - HikariPool-1 - Start completed.
12:38:00.130 [nacos-grpc-client-executor-2444] INFO  c.a.n.c.r.client - [printIfInfoEnabled,60] - [04a94425-1945-4332-9a66-b40c0edb5090] Receive server push request, request = NotifySubscriberRequest, requestId = 632
12:38:00.131 [nacos-grpc-client-executor-2444] INFO  c.a.n.c.r.client - [printIfInfoEnabled,60] - [04a94425-1945-4332-9a66-b40c0edb5090] Ack server push request, request = NotifySubscriberRequest, requestId = 632
12:51:47.812 [nacos-grpc-client-executor-2640] INFO  c.a.n.c.r.client - [printIfInfoEnabled,60] - [04a94425-1945-4332-9a66-b40c0edb5090] Receive server push request, request = NotifySubscriberRequest, requestId = 633
12:51:47.820 [nacos-grpc-client-executor-2640] INFO  c.a.n.c.r.client - [printIfInfoEnabled,60] - [04a94425-1945-4332-9a66-b40c0edb5090] Ack server push request, request = NotifySubscriberRequest, requestId = 633
12:52:03.555 [nacos-grpc-client-executor-2646] INFO  c.a.n.c.r.client - [printIfInfoEnabled,60] - [04a94425-1945-4332-9a66-b40c0edb5090] Receive server push request, request = NotifySubscriberRequest, requestId = 638
12:52:03.561 [nacos-grpc-client-executor-2646] INFO  c.a.n.c.r.client - [printIfInfoEnabled,60] - [04a94425-1945-4332-9a66-b40c0edb5090] Ack server push request, request = NotifySubscriberRequest, requestId = 638
12:53:42.253 [nacos-grpc-client-executor-2669] INFO  c.a.n.c.r.client - [printIfInfoEnabled,60] - [04a94425-1945-4332-9a66-b40c0edb5090] Receive server push request, request = NotifySubscriberRequest, requestId = 642
12:53:42.257 [nacos-grpc-client-executor-2669] INFO  c.a.n.c.r.client - [printIfInfoEnabled,60] - [04a94425-1945-4332-9a66-b40c0edb5090] Ack server push request, request = NotifySubscriberRequest, requestId = 642
12:53:56.104 [nacos-grpc-client-executor-2672] INFO  c.a.n.c.r.client - [printIfInfoEnabled,60] - [04a94425-1945-4332-9a66-b40c0edb5090] Receive server push request, request = NotifySubscriberRequest, requestId = 647
12:53:56.106 [nacos-grpc-client-executor-2672] INFO  c.a.n.c.r.client - [printIfInfoEnabled,60] - [04a94425-1945-4332-9a66-b40c0edb5090] Ack server push request, request = NotifySubscriberRequest, requestId = 647
12:55:48.743 [nacos-grpc-client-executor-2695] INFO  c.a.n.c.r.client - [printIfInfoEnabled,60] - [04a94425-1945-4332-9a66-b40c0edb5090] Receive server push request, request = NotifySubscriberRequest, requestId = 651
12:55:48.751 [nacos-grpc-client-executor-2695] INFO  c.a.n.c.r.client - [printIfInfoEnabled,60] - [04a94425-1945-4332-9a66-b40c0edb5090] Ack server push request, request = NotifySubscriberRequest, requestId = 651
12:56:02.371 [nacos-grpc-client-executor-2700] INFO  c.a.n.c.r.client - [printIfInfoEnabled,60] - [04a94425-1945-4332-9a66-b40c0edb5090] Receive server push request, request = NotifySubscriberRequest, requestId = 655
12:56:02.372 [nacos-grpc-client-executor-2700] INFO  c.a.n.c.r.client - [printIfInfoEnabled,60] - [04a94425-1945-4332-9a66-b40c0edb5090] Ack server push request, request = NotifySubscriberRequest, requestId = 655
13:33:31.462 [nacos-grpc-client-executor-3047] INFO  c.a.n.c.r.client - [printIfInfoEnabled,60] - [04a94425-1945-4332-9a66-b40c0edb5090] Receive server push request, request = NotifySubscriberRequest, requestId = 660
13:33:31.472 [nacos-grpc-client-executor-3047] INFO  c.a.n.c.r.client - [printIfInfoEnabled,60] - [04a94425-1945-4332-9a66-b40c0edb5090] Ack server push request, request = NotifySubscriberRequest, requestId = 660
13:33:45.554 [nacos-grpc-client-executor-3051] INFO  c.a.n.c.r.client - [printIfInfoEnabled,60] - [04a94425-1945-4332-9a66-b40c0edb5090] Receive server push request, request = NotifySubscriberRequest, requestId = 664
13:33:45.555 [nacos-grpc-client-executor-3051] INFO  c.a.n.c.r.client - [printIfInfoEnabled,60] - [04a94425-1945-4332-9a66-b40c0edb5090] Ack server push request, request = NotifySubscriberRequest, requestId = 664
13:45:49.587 [nacos-grpc-client-executor-3231] INFO  c.a.n.c.r.client - [printIfInfoEnabled,60] - [04a94425-1945-4332-9a66-b40c0edb5090] Receive server push request, request = NotifySubscriberRequest, requestId = 669
13:45:49.589 [nacos-grpc-client-executor-3231] INFO  c.a.n.c.r.client - [printIfInfoEnabled,60] - [04a94425-1945-4332-9a66-b40c0edb5090] Ack server push request, request = NotifySubscriberRequest, requestId = 669
13:46:03.032 [nacos-grpc-client-executor-3234] INFO  c.a.n.c.r.client - [printIfInfoEnabled,60] - [04a94425-1945-4332-9a66-b40c0edb5090] Receive server push request, request = NotifySubscriberRequest, requestId = 673
13:46:03.033 [nacos-grpc-client-executor-3234] INFO  c.a.n.c.r.client - [printIfInfoEnabled,60] - [04a94425-1945-4332-9a66-b40c0edb5090] Ack server push request, request = NotifySubscriberRequest, requestId = 673
14:05:40.138 [nacos-grpc-client-executor-3307] INFO  c.a.n.c.r.client - [printIfInfoEnabled,60] - [04a94425-1945-4332-9a66-b40c0edb5090] Receive server push request, request = NotifySubscriberRequest, requestId = 678
14:05:40.147 [nacos-grpc-client-executor-3307] INFO  c.a.n.c.r.client - [printIfInfoEnabled,60] - [04a94425-1945-4332-9a66-b40c0edb5090] Ack server push request, request = NotifySubscriberRequest, requestId = 678
14:05:55.166 [nacos-grpc-client-executor-3310] INFO  c.a.n.c.r.client - [printIfInfoEnabled,60] - [04a94425-1945-4332-9a66-b40c0edb5090] Receive server push request, request = NotifySubscriberRequest, requestId = 682
14:05:55.169 [nacos-grpc-client-executor-3310] INFO  c.a.n.c.r.client - [printIfInfoEnabled,60] - [04a94425-1945-4332-9a66-b40c0edb5090] Ack server push request, request = NotifySubscriberRequest, requestId = 682
14:06:43.566 [nacos-grpc-client-executor-3322] INFO  c.a.n.c.r.client - [printIfInfoEnabled,60] - [04a94425-1945-4332-9a66-b40c0edb5090] Receive server push request, request = NotifySubscriberRequest, requestId = 687
14:06:43.567 [nacos-grpc-client-executor-3322] INFO  c.a.n.c.r.client - [printIfInfoEnabled,60] - [04a94425-1945-4332-9a66-b40c0edb5090] Ack server push request, request = NotifySubscriberRequest, requestId = 687
14:06:57.589 [nacos-grpc-client-executor-3327] INFO  c.a.n.c.r.client - [printIfInfoEnabled,60] - [04a94425-1945-4332-9a66-b40c0edb5090] Receive server push request, request = NotifySubscriberRequest, requestId = 691
14:06:57.590 [nacos-grpc-client-executor-3327] INFO  c.a.n.c.r.client - [printIfInfoEnabled,60] - [04a94425-1945-4332-9a66-b40c0edb5090] Ack server push request, request = NotifySubscriberRequest, requestId = 691
14:12:42.709 [SpringApplicationShutdownHook] INFO  c.a.c.n.r.NacosServiceRegistry - [deregister,94] - De-registering from Nacos Server now...
14:12:42.714 [SpringApplicationShutdownHook] INFO  c.a.c.n.r.NacosServiceRegistry - [deregister,114] - De-registration finished.
14:12:43.032 [SpringApplicationShutdownHook] INFO  c.a.n.c.r.client - [shutdown,454] - Shutdown rpc client, set status to shutdown
14:12:43.032 [SpringApplicationShutdownHook] INFO  c.a.n.c.r.client - [shutdown,456] - Shutdown client event executor java.util.concurrent.ScheduledThreadPoolExecutor@2e381848[Running, pool size = 2, active threads = 2, queued tasks = 0, completed tasks = 0]
14:12:43.033 [SpringApplicationShutdownHook] INFO  c.a.n.c.r.client - [closeConnection,591] - Close current connection 1684084382492_127.0.0.1_51947
14:12:43.035 [nacos-grpc-client-executor-3404] INFO  c.a.n.c.r.c.g.GrpcClient - [printIfInfoEnabled,60] - [1684084382492_127.0.0.1_51947]Ignore complete event,isRunning:false,isAbandon=false
14:12:43.051 [SpringApplicationShutdownHook] INFO  c.a.n.c.r.c.g.GrpcClient - [shutdown,85] - Shutdown grpc executor java.util.concurrent.ThreadPoolExecutor@bd0ce76[Running, pool size = 5, active threads = 0, queued tasks = 0, completed tasks = 3405]
14:12:43.212 [SpringApplicationShutdownHook] INFO  c.z.h.HikariDataSource - [close,350] - HikariPool-1 - Shutdown initiated...
14:12:43.220 [SpringApplicationShutdownHook] INFO  c.z.h.HikariDataSource - [close,352] - HikariPool-1 - Shutdown completed.
14:12:47.644 [background-preinit] INFO  o.h.v.i.util.Version - [<clinit>,21] - HV000001: Hibernate Validator 6.2.5.Final
14:12:48.176 [main] INFO  c.a.n.c.r.client - [lambda$createClient$0,80] - [RpcClientFactory] create a new rpc client of 590bc4c4-446b-4894-af95-3dcb4e677e10_config-0
14:12:48.228 [main] INFO  o.r.Reflections - [scan,232] - Reflections took 30 ms to scan 1 urls, producing 3 keys and 6 values 
14:12:48.259 [main] INFO  o.r.Reflections - [scan,232] - Reflections took 15 ms to scan 1 urls, producing 4 keys and 9 values 
14:12:48.275 [main] INFO  o.r.Reflections - [scan,232] - Reflections took 13 ms to scan 1 urls, producing 3 keys and 10 values 
14:12:48.300 [main] INFO  o.r.Reflections - [scan,232] - Reflections took 19 ms to scan 1 urls, producing 1 keys and 5 values 
14:12:48.322 [main] INFO  o.r.Reflections - [scan,232] - Reflections took 18 ms to scan 1 urls, producing 1 keys and 7 values 
14:12:48.342 [main] INFO  o.r.Reflections - [scan,232] - Reflections took 15 ms to scan 1 urls, producing 2 keys and 8 values 
14:12:48.348 [main] INFO  c.a.n.c.r.client - [printIfInfoEnabled,60] - [590bc4c4-446b-4894-af95-3dcb4e677e10_config-0] RpcClient init label, labels = {module=config, Vipserver-Tag=null, source=sdk, Amory-Tag=null, Location-Tag=null, taskId=0, AppName=unknown}
14:12:48.349 [main] INFO  c.a.n.c.r.client - [printIfInfoEnabled,60] - [590bc4c4-446b-4894-af95-3dcb4e677e10_config-0] Register server push request handler:com.alibaba.nacos.client.config.impl.ClientWorker$ConfigRpcTransportClient$$Lambda$468/0x0000000800f3c260
14:12:48.349 [main] INFO  c.a.n.c.r.client - [printIfInfoEnabled,60] - [590bc4c4-446b-4894-af95-3dcb4e677e10_config-0] Register server push request handler:com.alibaba.nacos.client.config.impl.ClientWorker$ConfigRpcTransportClient$$Lambda$469/0x0000000800f3c488
14:12:48.350 [main] INFO  c.a.n.c.r.client - [printIfInfoEnabled,60] - [590bc4c4-446b-4894-af95-3dcb4e677e10_config-0] Registry connection listener to current client:com.alibaba.nacos.client.config.impl.ClientWorker$ConfigRpcTransportClient$1
14:12:48.351 [main] INFO  c.a.n.c.r.client - [printIfInfoEnabled,60] - [590bc4c4-446b-4894-af95-3dcb4e677e10_config-0] RpcClient init, ServerListFactory = com.alibaba.nacos.client.config.impl.ClientWorker$ConfigRpcTransportClient$2
14:12:48.376 [main] INFO  c.a.n.c.r.client - [printIfInfoEnabled,60] - [590bc4c4-446b-4894-af95-3dcb4e677e10_config-0] Try to connect to server on start up, server: {serverIp = '127.0.0.1', server main port = 8848}
14:12:48.977 [main] INFO  c.a.n.c.r.client - [printIfInfoEnabled,60] - [590bc4c4-446b-4894-af95-3dcb4e677e10_config-0] Success to connect to server [127.0.0.1:8848] on start up, connectionId = 1684131168793_127.0.0.1_64979
14:12:48.977 [com.alibaba.nacos.client.remote.worker] INFO  c.a.n.c.r.client - [printIfInfoEnabled,60] - [590bc4c4-446b-4894-af95-3dcb4e677e10_config-0] Notify connected event to listeners.
14:12:48.978 [main] INFO  c.a.n.c.r.client - [printIfInfoEnabled,60] - [590bc4c4-446b-4894-af95-3dcb4e677e10_config-0] Register server push request handler:com.alibaba.nacos.common.remote.client.RpcClient$ConnectResetRequestHandler
14:12:48.978 [main] INFO  c.a.n.c.r.client - [printIfInfoEnabled,60] - [590bc4c4-446b-4894-af95-3dcb4e677e10_config-0] Register server push request handler:com.alibaba.nacos.common.remote.client.RpcClient$$Lambda$480/0x000000080103cdb0
14:12:49.054 [main] INFO  c.c.g.RuoYiGenApplication - [logStartupProfileInfo,637] - The following 1 profile is active: "dev"
14:12:51.037 [main] INFO  o.a.c.h.Http11NioProtocol - [log,173] - Initializing ProtocolHandler ["http-nio-9202"]
14:12:51.037 [main] INFO  o.a.c.c.StandardService - [log,173] - Starting service [Tomcat]
14:12:51.037 [main] INFO  o.a.c.c.StandardEngine - [log,173] - Starting Servlet engine: [Apache Tomcat/9.0.70]
14:12:51.176 [main] INFO  o.a.c.c.C.[.[.[/] - [log,173] - Initializing Spring embedded WebApplicationContext
14:12:52.181 [main] INFO  c.a.c.s.SentinelWebMvcConfigurer - [addInterceptors,52] - [Sentinel Starter] register SentinelWebInterceptor with urlPatterns: [/**].
14:12:53.982 [main] INFO  c.a.n.c.r.client - [lambda$createClient$0,80] - [RpcClientFactory] create a new rpc client of 175d8214-6c8b-4322-a6b0-e3ce8056ae85
14:12:53.982 [main] INFO  c.a.n.c.r.client - [printIfInfoEnabled,60] - [175d8214-6c8b-4322-a6b0-e3ce8056ae85] RpcClient init label, labels = {module=naming, source=sdk}
14:12:53.984 [main] INFO  c.a.n.c.r.client - [printIfInfoEnabled,60] - [175d8214-6c8b-4322-a6b0-e3ce8056ae85] RpcClient init, ServerListFactory = com.alibaba.nacos.client.naming.core.ServerListManager
14:12:53.984 [main] INFO  c.a.n.c.r.client - [printIfInfoEnabled,60] - [175d8214-6c8b-4322-a6b0-e3ce8056ae85] Registry connection listener to current client:com.alibaba.nacos.client.naming.remote.gprc.redo.NamingGrpcRedoService
14:12:53.984 [main] INFO  c.a.n.c.r.client - [printIfInfoEnabled,60] - [175d8214-6c8b-4322-a6b0-e3ce8056ae85] Register server push request handler:com.alibaba.nacos.client.naming.remote.gprc.NamingPushRequestHandler
14:12:53.985 [main] INFO  c.a.n.c.r.client - [printIfInfoEnabled,60] - [175d8214-6c8b-4322-a6b0-e3ce8056ae85] Try to connect to server on start up, server: {serverIp = '127.0.0.1', server main port = 8848}
14:12:54.116 [main] INFO  c.a.n.c.r.client - [printIfInfoEnabled,60] - [175d8214-6c8b-4322-a6b0-e3ce8056ae85] Success to connect to server [127.0.0.1:8848] on start up, connectionId = 1684131173999_127.0.0.1_64983
14:12:54.117 [main] INFO  c.a.n.c.r.client - [printIfInfoEnabled,60] - [175d8214-6c8b-4322-a6b0-e3ce8056ae85] Register server push request handler:com.alibaba.nacos.common.remote.client.RpcClient$ConnectResetRequestHandler
14:12:54.117 [com.alibaba.nacos.client.remote.worker] INFO  c.a.n.c.r.client - [printIfInfoEnabled,60] - [175d8214-6c8b-4322-a6b0-e3ce8056ae85] Notify connected event to listeners.
14:12:54.117 [main] INFO  c.a.n.c.r.client - [printIfInfoEnabled,60] - [175d8214-6c8b-4322-a6b0-e3ce8056ae85] Register server push request handler:com.alibaba.nacos.common.remote.client.RpcClient$$Lambda$480/0x000000080103cdb0
14:12:54.154 [main] INFO  o.a.c.h.Http11NioProtocol - [log,173] - Starting ProtocolHandler ["http-nio-9202"]
14:12:54.184 [main] INFO  c.a.c.n.r.NacosServiceRegistry - [register,75] - nacos registry, DEFAULT_GROUP cms-gen 192.168.1.9:9202 register finished
14:12:54.634 [main] INFO  c.c.g.RuoYiGenApplication - [logStarted,61] - Started RuoYiGenApplication in 7.635 seconds (JVM running for 8.535)
14:12:54.645 [main] INFO  c.a.c.n.r.NacosContextRefresher - [registerNacosListener,129] - [Nacos Config] Listening config: dataId=cms-gen.yml, group=DEFAULT_GROUP
14:12:54.646 [main] INFO  c.a.c.n.r.NacosContextRefresher - [registerNacosListener,129] - [Nacos Config] Listening config: dataId=cms-gen-dev.yml, group=DEFAULT_GROUP
14:12:54.646 [main] INFO  c.a.c.n.r.NacosContextRefresher - [registerNacosListener,129] - [Nacos Config] Listening config: dataId=cms-gen, group=DEFAULT_GROUP
14:12:54.663 [nacos-grpc-client-executor-9] INFO  c.a.n.c.r.client - [printIfInfoEnabled,60] - [175d8214-6c8b-4322-a6b0-e3ce8056ae85] Receive server push request, request = NotifySubscriberRequest, requestId = 699
14:12:54.666 [nacos-grpc-client-executor-9] INFO  c.a.n.c.r.client - [printIfInfoEnabled,60] - [175d8214-6c8b-4322-a6b0-e3ce8056ae85] Ack server push request, request = NotifySubscriberRequest, requestId = 699
14:12:54.958 [RMI TCP Connection(2)-192.168.1.9] INFO  o.a.c.c.C.[.[.[/] - [log,173] - Initializing Spring DispatcherServlet 'dispatcherServlet'
14:12:54.977 [RMI TCP Connection(1)-192.168.1.9] INFO  c.z.h.HikariDataSource - [getConnection,110] - HikariPool-1 - Starting...
14:12:55.338 [RMI TCP Connection(1)-192.168.1.9] INFO  c.z.h.HikariDataSource - [getConnection,123] - HikariPool-1 - Start completed.
14:30:28.392 [nacos-grpc-client-executor-294] INFO  c.a.n.c.r.client - [printIfInfoEnabled,60] - [175d8214-6c8b-4322-a6b0-e3ce8056ae85] Receive server push request, request = NotifySubscriberRequest, requestId = 722
14:30:28.394 [nacos-grpc-client-executor-294] INFO  c.a.n.c.r.client - [printIfInfoEnabled,60] - [175d8214-6c8b-4322-a6b0-e3ce8056ae85] Ack server push request, request = NotifySubscriberRequest, requestId = 722
14:35:37.735 [nacos-grpc-client-executor-380] INFO  c.a.n.c.r.client - [printIfInfoEnabled,60] - [175d8214-6c8b-4322-a6b0-e3ce8056ae85] Receive server push request, request = NotifySubscriberRequest, requestId = 725
14:35:37.739 [nacos-grpc-client-executor-380] INFO  c.a.n.c.r.client - [printIfInfoEnabled,60] - [175d8214-6c8b-4322-a6b0-e3ce8056ae85] Ack server push request, request = NotifySubscriberRequest, requestId = 725
14:35:52.577 [nacos-grpc-client-executor-384] INFO  c.a.n.c.r.client - [printIfInfoEnabled,60] - [175d8214-6c8b-4322-a6b0-e3ce8056ae85] Receive server push request, request = NotifySubscriberRequest, requestId = 730
14:35:52.582 [nacos-grpc-client-executor-384] INFO  c.a.n.c.r.client - [printIfInfoEnabled,60] - [175d8214-6c8b-4322-a6b0-e3ce8056ae85] Ack server push request, request = NotifySubscriberRequest, requestId = 730
15:23:22.058 [nacos-grpc-client-executor-1003] INFO  c.a.n.c.r.client - [printIfInfoEnabled,60] - [175d8214-6c8b-4322-a6b0-e3ce8056ae85] Receive server push request, request = NotifySubscriberRequest, requestId = 734
15:23:22.063 [nacos-grpc-client-executor-1003] INFO  c.a.n.c.r.client - [printIfInfoEnabled,60] - [175d8214-6c8b-4322-a6b0-e3ce8056ae85] Ack server push request, request = NotifySubscriberRequest, requestId = 734
15:23:37.081 [nacos-grpc-client-executor-1006] INFO  c.a.n.c.r.client - [printIfInfoEnabled,60] - [175d8214-6c8b-4322-a6b0-e3ce8056ae85] Receive server push request, request = NotifySubscriberRequest, requestId = 739
15:23:37.082 [nacos-grpc-client-executor-1006] INFO  c.a.n.c.r.client - [printIfInfoEnabled,60] - [175d8214-6c8b-4322-a6b0-e3ce8056ae85] Ack server push request, request = NotifySubscriberRequest, requestId = 739
15:25:33.328 [nacos-grpc-client-executor-1034] INFO  c.a.n.c.r.client - [printIfInfoEnabled,60] - [175d8214-6c8b-4322-a6b0-e3ce8056ae85] Receive server push request, request = NotifySubscriberRequest, requestId = 743
15:25:33.329 [nacos-grpc-client-executor-1034] INFO  c.a.n.c.r.client - [printIfInfoEnabled,60] - [175d8214-6c8b-4322-a6b0-e3ce8056ae85] Ack server push request, request = NotifySubscriberRequest, requestId = 743
15:25:48.777 [nacos-grpc-client-executor-1037] INFO  c.a.n.c.r.client - [printIfInfoEnabled,60] - [175d8214-6c8b-4322-a6b0-e3ce8056ae85] Receive server push request, request = NotifySubscriberRequest, requestId = 748
15:25:48.783 [nacos-grpc-client-executor-1037] INFO  c.a.n.c.r.client - [printIfInfoEnabled,60] - [175d8214-6c8b-4322-a6b0-e3ce8056ae85] Ack server push request, request = NotifySubscriberRequest, requestId = 748
15:31:58.689 [nacos-grpc-client-executor-1124] INFO  c.a.n.c.r.client - [printIfInfoEnabled,60] - [175d8214-6c8b-4322-a6b0-e3ce8056ae85] Receive server push request, request = NotifySubscriberRequest, requestId = 752
15:31:58.693 [nacos-grpc-client-executor-1124] INFO  c.a.n.c.r.client - [printIfInfoEnabled,60] - [175d8214-6c8b-4322-a6b0-e3ce8056ae85] Ack server push request, request = NotifySubscriberRequest, requestId = 752
15:32:15.684 [nacos-grpc-client-executor-1130] INFO  c.a.n.c.r.client - [printIfInfoEnabled,60] - [175d8214-6c8b-4322-a6b0-e3ce8056ae85] Receive server push request, request = NotifySubscriberRequest, requestId = 757
15:32:15.686 [nacos-grpc-client-executor-1130] INFO  c.a.n.c.r.client - [printIfInfoEnabled,60] - [175d8214-6c8b-4322-a6b0-e3ce8056ae85] Ack server push request, request = NotifySubscriberRequest, requestId = 757
15:33:11.606 [nacos-grpc-client-executor-1145] INFO  c.a.n.c.r.client - [printIfInfoEnabled,60] - [175d8214-6c8b-4322-a6b0-e3ce8056ae85] Receive server push request, request = NotifySubscriberRequest, requestId = 761
15:33:11.610 [nacos-grpc-client-executor-1145] INFO  c.a.n.c.r.client - [printIfInfoEnabled,60] - [175d8214-6c8b-4322-a6b0-e3ce8056ae85] Ack server push request, request = NotifySubscriberRequest, requestId = 761
15:33:24.682 [nacos-grpc-client-executor-1149] INFO  c.a.n.c.r.client - [printIfInfoEnabled,60] - [175d8214-6c8b-4322-a6b0-e3ce8056ae85] Receive server push request, request = NotifySubscriberRequest, requestId = 765
15:33:24.690 [nacos-grpc-client-executor-1149] INFO  c.a.n.c.r.client - [printIfInfoEnabled,60] - [175d8214-6c8b-4322-a6b0-e3ce8056ae85] Ack server push request, request = NotifySubscriberRequest, requestId = 765
15:35:52.968 [nacos-grpc-client-executor-1184] INFO  c.a.n.c.r.client - [printIfInfoEnabled,60] - [175d8214-6c8b-4322-a6b0-e3ce8056ae85] Receive server push request, request = NotifySubscriberRequest, requestId = 770
15:35:52.972 [nacos-grpc-client-executor-1184] INFO  c.a.n.c.r.client - [printIfInfoEnabled,60] - [175d8214-6c8b-4322-a6b0-e3ce8056ae85] Ack server push request, request = NotifySubscriberRequest, requestId = 770
15:36:09.991 [nacos-grpc-client-executor-1188] INFO  c.a.n.c.r.client - [printIfInfoEnabled,60] - [175d8214-6c8b-4322-a6b0-e3ce8056ae85] Receive server push request, request = NotifySubscriberRequest, requestId = 775
15:36:09.995 [nacos-grpc-client-executor-1188] INFO  c.a.n.c.r.client - [printIfInfoEnabled,60] - [175d8214-6c8b-4322-a6b0-e3ce8056ae85] Ack server push request, request = NotifySubscriberRequest, requestId = 775
15:44:48.271 [nacos-grpc-client-executor-1309] INFO  c.a.n.c.r.client - [printIfInfoEnabled,60] - [175d8214-6c8b-4322-a6b0-e3ce8056ae85] Receive server push request, request = NotifySubscriberRequest, requestId = 779
15:44:48.274 [nacos-grpc-client-executor-1309] INFO  c.a.n.c.r.client - [printIfInfoEnabled,60] - [175d8214-6c8b-4322-a6b0-e3ce8056ae85] Ack server push request, request = NotifySubscriberRequest, requestId = 779
15:45:02.120 [nacos-grpc-client-executor-1313] INFO  c.a.n.c.r.client - [printIfInfoEnabled,60] - [175d8214-6c8b-4322-a6b0-e3ce8056ae85] Receive server push request, request = NotifySubscriberRequest, requestId = 784
15:45:02.121 [nacos-grpc-client-executor-1313] INFO  c.a.n.c.r.client - [printIfInfoEnabled,60] - [175d8214-6c8b-4322-a6b0-e3ce8056ae85] Ack server push request, request = NotifySubscriberRequest, requestId = 784
18:34:15.305 [nacos-grpc-client-executor-1821] INFO  c.a.n.c.r.client - [printIfInfoEnabled,60] - [175d8214-6c8b-4322-a6b0-e3ce8056ae85] Receive server push request, request = NotifySubscriberRequest, requestId = 788
18:34:15.310 [nacos-grpc-client-executor-1821] INFO  c.a.n.c.r.client - [printIfInfoEnabled,60] - [175d8214-6c8b-4322-a6b0-e3ce8056ae85] Ack server push request, request = NotifySubscriberRequest, requestId = 788
18:34:32.257 [nacos-grpc-client-executor-1826] INFO  c.a.n.c.r.client - [printIfInfoEnabled,60] - [175d8214-6c8b-4322-a6b0-e3ce8056ae85] Receive server push request, request = NotifySubscriberRequest, requestId = 793
18:34:32.258 [nacos-grpc-client-executor-1826] INFO  c.a.n.c.r.client - [printIfInfoEnabled,60] - [175d8214-6c8b-4322-a6b0-e3ce8056ae85] Ack server push request, request = NotifySubscriberRequest, requestId = 793
21:26:20.407 [nacos-grpc-client-executor-4090] INFO  c.a.n.c.r.client - [printIfInfoEnabled,60] - [175d8214-6c8b-4322-a6b0-e3ce8056ae85] Receive server push request, request = NotifySubscriberRequest, requestId = 797
21:26:20.413 [nacos-grpc-client-executor-4090] INFO  c.a.n.c.r.client - [printIfInfoEnabled,60] - [175d8214-6c8b-4322-a6b0-e3ce8056ae85] Ack server push request, request = NotifySubscriberRequest, requestId = 797
21:34:56.079 [nacos-grpc-client-executor-4205] INFO  c.a.n.c.r.client - [printIfInfoEnabled,60] - [175d8214-6c8b-4322-a6b0-e3ce8056ae85] Receive server push request, request = NotifySubscriberRequest, requestId = 802
21:34:56.081 [nacos-grpc-client-executor-4205] INFO  c.a.n.c.r.client - [printIfInfoEnabled,60] - [175d8214-6c8b-4322-a6b0-e3ce8056ae85] Ack server push request, request = NotifySubscriberRequest, requestId = 802
21:40:19.030 [nacos-grpc-client-executor-4278] INFO  c.a.n.c.r.client - [printIfInfoEnabled,60] - [175d8214-6c8b-4322-a6b0-e3ce8056ae85] Receive server push request, request = NotifySubscriberRequest, requestId = 806
21:40:19.034 [nacos-grpc-client-executor-4278] INFO  c.a.n.c.r.client - [printIfInfoEnabled,60] - [175d8214-6c8b-4322-a6b0-e3ce8056ae85] Ack server push request, request = NotifySubscriberRequest, requestId = 806
21:40:33.240 [nacos-grpc-client-executor-4282] INFO  c.a.n.c.r.client - [printIfInfoEnabled,60] - [175d8214-6c8b-4322-a6b0-e3ce8056ae85] Receive server push request, request = NotifySubscriberRequest, requestId = 811
21:40:33.247 [nacos-grpc-client-executor-4282] INFO  c.a.n.c.r.client - [printIfInfoEnabled,60] - [175d8214-6c8b-4322-a6b0-e3ce8056ae85] Ack server push request, request = NotifySubscriberRequest, requestId = 811
21:43:07.781 [nacos-grpc-client-executor-4317] INFO  c.a.n.c.r.client - [printIfInfoEnabled,60] - [175d8214-6c8b-4322-a6b0-e3ce8056ae85] Receive server push request, request = NotifySubscriberRequest, requestId = 815
21:43:07.787 [nacos-grpc-client-executor-4317] INFO  c.a.n.c.r.client - [printIfInfoEnabled,60] - [175d8214-6c8b-4322-a6b0-e3ce8056ae85] Ack server push request, request = NotifySubscriberRequest, requestId = 815
21:43:22.425 [nacos-grpc-client-executor-4323] INFO  c.a.n.c.r.client - [printIfInfoEnabled,60] - [175d8214-6c8b-4322-a6b0-e3ce8056ae85] Receive server push request, request = NotifySubscriberRequest, requestId = 820
21:43:22.433 [nacos-grpc-client-executor-4323] INFO  c.a.n.c.r.client - [printIfInfoEnabled,60] - [175d8214-6c8b-4322-a6b0-e3ce8056ae85] Ack server push request, request = NotifySubscriberRequest, requestId = 820
21:43:27.350 [nacos-grpc-client-executor-4325] INFO  c.a.n.c.r.client - [printIfInfoEnabled,60] - [175d8214-6c8b-4322-a6b0-e3ce8056ae85] Receive server push request, request = NotifySubscriberRequest, requestId = 825
21:43:27.357 [nacos-grpc-client-executor-4325] INFO  c.a.n.c.r.client - [printIfInfoEnabled,60] - [175d8214-6c8b-4322-a6b0-e3ce8056ae85] Ack server push request, request = NotifySubscriberRequest, requestId = 825
21:43:39.363 [nacos-grpc-client-executor-4327] INFO  c.a.n.c.r.client - [printIfInfoEnabled,60] - [175d8214-6c8b-4322-a6b0-e3ce8056ae85] Receive server push request, request = NotifySubscriberRequest, requestId = 830
21:43:39.363 [nacos-grpc-client-executor-4327] INFO  c.a.n.c.r.client - [printIfInfoEnabled,60] - [175d8214-6c8b-4322-a6b0-e3ce8056ae85] Ack server push request, request = NotifySubscriberRequest, requestId = 830
