01:13:06.609 [nacos-grpc-client-executor-7076] INFO  c.a.n.c.r.client - [printIfInfoEnabled,60] - [175d8214-6c8b-4322-a6b0-e3ce8056ae85] Receive server push request, request = NotifySubscriberRequest, requestId = 834
01:13:06.685 [nacos-grpc-client-executor-7076] INFO  c.a.n.c.r.client - [printIfInfoEnabled,60] - [175d8214-6c8b-4322-a6b0-e3ce8056ae85] Ack server push request, request = NotifySubscriberRequest, requestId = 834
01:13:22.512 [nacos-grpc-client-executor-7081] INFO  c.a.n.c.r.client - [printIfInfoEnabled,60] - [175d8214-6c8b-4322-a6b0-e3ce8056ae85] Receive server push request, request = NotifySubscriberRequest, requestId = 839
01:13:22.514 [nacos-grpc-client-executor-7081] INFO  c.a.n.c.r.client - [printIfInfoEnabled,60] - [175d8214-6c8b-4322-a6b0-e3ce8056ae85] Ack server push request, request = NotifySubscriberRequest, requestId = 839
01:14:31.863 [nacos-grpc-client-executor-7096] INFO  c.a.n.c.r.client - [printIfInfoEnabled,60] - [175d8214-6c8b-4322-a6b0-e3ce8056ae85] Receive server push request, request = NotifySubscriberRequest, requestId = 843
01:14:31.866 [nacos-grpc-client-executor-7096] INFO  c.a.n.c.r.client - [printIfInfoEnabled,60] - [175d8214-6c8b-4322-a6b0-e3ce8056ae85] Ack server push request, request = NotifySubscriberRequest, requestId = 843
01:14:45.847 [nacos-grpc-client-executor-7100] INFO  c.a.n.c.r.client - [printIfInfoEnabled,60] - [175d8214-6c8b-4322-a6b0-e3ce8056ae85] Receive server push request, request = NotifySubscriberRequest, requestId = 848
01:14:45.848 [nacos-grpc-client-executor-7100] INFO  c.a.n.c.r.client - [printIfInfoEnabled,60] - [175d8214-6c8b-4322-a6b0-e3ce8056ae85] Ack server push request, request = NotifySubscriberRequest, requestId = 848
01:18:43.953 [nacos-grpc-client-executor-7154] INFO  c.a.n.c.r.client - [printIfInfoEnabled,60] - [175d8214-6c8b-4322-a6b0-e3ce8056ae85] Receive server push request, request = NotifySubscriberRequest, requestId = 852
01:18:43.957 [nacos-grpc-client-executor-7154] INFO  c.a.n.c.r.client - [printIfInfoEnabled,60] - [175d8214-6c8b-4322-a6b0-e3ce8056ae85] Ack server push request, request = NotifySubscriberRequest, requestId = 852
01:18:59.015 [nacos-grpc-client-executor-7158] INFO  c.a.n.c.r.client - [printIfInfoEnabled,60] - [175d8214-6c8b-4322-a6b0-e3ce8056ae85] Receive server push request, request = NotifySubscriberRequest, requestId = 856
01:18:59.017 [nacos-grpc-client-executor-7158] INFO  c.a.n.c.r.client - [printIfInfoEnabled,60] - [175d8214-6c8b-4322-a6b0-e3ce8056ae85] Ack server push request, request = NotifySubscriberRequest, requestId = 856
01:41:44.021 [nacos-grpc-client-executor-7470] INFO  c.a.n.c.r.client - [printIfInfoEnabled,60] - [175d8214-6c8b-4322-a6b0-e3ce8056ae85] Receive server push request, request = NotifySubscriberRequest, requestId = 861
01:41:44.027 [nacos-grpc-client-executor-7470] INFO  c.a.n.c.r.client - [printIfInfoEnabled,60] - [175d8214-6c8b-4322-a6b0-e3ce8056ae85] Ack server push request, request = NotifySubscriberRequest, requestId = 861
01:41:58.766 [nacos-grpc-client-executor-7474] INFO  c.a.n.c.r.client - [printIfInfoEnabled,60] - [175d8214-6c8b-4322-a6b0-e3ce8056ae85] Receive server push request, request = NotifySubscriberRequest, requestId = 866
01:41:58.768 [nacos-grpc-client-executor-7474] INFO  c.a.n.c.r.client - [printIfInfoEnabled,60] - [175d8214-6c8b-4322-a6b0-e3ce8056ae85] Ack server push request, request = NotifySubscriberRequest, requestId = 866
22:03:08.053 [nacos-grpc-client-executor-7926] INFO  c.a.n.c.r.client - [printIfInfoEnabled,60] - [175d8214-6c8b-4322-a6b0-e3ce8056ae85] Receive server push request, request = NotifySubscriberRequest, requestId = 870
22:03:08.055 [nacos-grpc-client-executor-7926] INFO  c.a.n.c.r.client - [printIfInfoEnabled,60] - [175d8214-6c8b-4322-a6b0-e3ce8056ae85] Ack server push request, request = NotifySubscriberRequest, requestId = 870
22:03:22.456 [nacos-grpc-client-executor-7930] INFO  c.a.n.c.r.client - [printIfInfoEnabled,60] - [175d8214-6c8b-4322-a6b0-e3ce8056ae85] Receive server push request, request = NotifySubscriberRequest, requestId = 875
22:03:22.459 [nacos-grpc-client-executor-7930] INFO  c.a.n.c.r.client - [printIfInfoEnabled,60] - [175d8214-6c8b-4322-a6b0-e3ce8056ae85] Ack server push request, request = NotifySubscriberRequest, requestId = 875
22:04:04.001 [SpringApplicationShutdownHook] INFO  c.a.c.n.r.NacosServiceRegistry - [deregister,94] - De-registering from Nacos Server now...
22:04:04.005 [SpringApplicationShutdownHook] INFO  c.a.c.n.r.NacosServiceRegistry - [deregister,114] - De-registration finished.
22:04:04.317 [SpringApplicationShutdownHook] INFO  c.a.n.c.r.client - [shutdown,454] - Shutdown rpc client, set status to shutdown
22:04:04.318 [SpringApplicationShutdownHook] INFO  c.a.n.c.r.client - [shutdown,456] - Shutdown client event executor java.util.concurrent.ScheduledThreadPoolExecutor@75d82b6[Running, pool size = 2, active threads = 2, queued tasks = 0, completed tasks = 0]
22:04:04.318 [SpringApplicationShutdownHook] INFO  c.a.n.c.r.client - [closeConnection,591] - Close current connection 1684131173999_127.0.0.1_64983
22:04:04.322 [nacos-grpc-client-executor-7943] INFO  c.a.n.c.r.c.g.GrpcClient - [printIfInfoEnabled,60] - [1684131173999_127.0.0.1_64983]Ignore complete event,isRunning:false,isAbandon=false
22:04:04.340 [SpringApplicationShutdownHook] INFO  c.a.n.c.r.c.g.GrpcClient - [shutdown,85] - Shutdown grpc executor java.util.concurrent.ThreadPoolExecutor@520b417[Running, pool size = 6, active threads = 0, queued tasks = 0, completed tasks = 7944]
22:04:04.606 [SpringApplicationShutdownHook] INFO  c.z.h.HikariDataSource - [close,350] - HikariPool-1 - Shutdown initiated...
22:04:04.619 [SpringApplicationShutdownHook] INFO  c.z.h.HikariDataSource - [close,352] - HikariPool-1 - Shutdown completed.
22:04:24.744 [background-preinit] INFO  o.h.v.i.util.Version - [<clinit>,21] - HV000001: Hibernate Validator 6.2.5.Final
22:04:25.423 [main] INFO  c.a.n.c.r.client - [lambda$createClient$0,80] - [RpcClientFactory] create a new rpc client of c5d3b9f8-e28b-4450-b010-757731944846_config-0
22:04:25.526 [main] INFO  o.r.Reflections - [scan,232] - Reflections took 60 ms to scan 1 urls, producing 3 keys and 6 values 
22:04:25.575 [main] INFO  o.r.Reflections - [scan,232] - Reflections took 29 ms to scan 1 urls, producing 4 keys and 9 values 
22:04:25.612 [main] INFO  o.r.Reflections - [scan,232] - Reflections took 32 ms to scan 1 urls, producing 3 keys and 10 values 
22:04:25.656 [main] INFO  o.r.Reflections - [scan,232] - Reflections took 35 ms to scan 1 urls, producing 1 keys and 5 values 
22:04:25.742 [main] INFO  o.r.Reflections - [scan,232] - Reflections took 77 ms to scan 1 urls, producing 1 keys and 7 values 
22:04:25.775 [main] INFO  o.r.Reflections - [scan,232] - Reflections took 28 ms to scan 1 urls, producing 2 keys and 8 values 
22:04:25.779 [main] INFO  c.a.n.c.r.client - [printIfInfoEnabled,60] - [c5d3b9f8-e28b-4450-b010-757731944846_config-0] RpcClient init label, labels = {module=config, Vipserver-Tag=null, source=sdk, Amory-Tag=null, Location-Tag=null, taskId=0, AppName=unknown}
22:04:25.780 [main] INFO  c.a.n.c.r.client - [printIfInfoEnabled,60] - [c5d3b9f8-e28b-4450-b010-757731944846_config-0] Register server push request handler:com.alibaba.nacos.client.config.impl.ClientWorker$ConfigRpcTransportClient$$Lambda$468/0x0000000800f3c990
22:04:25.781 [main] INFO  c.a.n.c.r.client - [printIfInfoEnabled,60] - [c5d3b9f8-e28b-4450-b010-757731944846_config-0] Register server push request handler:com.alibaba.nacos.client.config.impl.ClientWorker$ConfigRpcTransportClient$$Lambda$469/0x0000000800f3cbb8
22:04:25.782 [main] INFO  c.a.n.c.r.client - [printIfInfoEnabled,60] - [c5d3b9f8-e28b-4450-b010-757731944846_config-0] Registry connection listener to current client:com.alibaba.nacos.client.config.impl.ClientWorker$ConfigRpcTransportClient$1
22:04:25.783 [main] INFO  c.a.n.c.r.client - [printIfInfoEnabled,60] - [c5d3b9f8-e28b-4450-b010-757731944846_config-0] RpcClient init, ServerListFactory = com.alibaba.nacos.client.config.impl.ClientWorker$ConfigRpcTransportClient$2
22:04:25.795 [main] INFO  c.a.n.c.r.client - [printIfInfoEnabled,60] - [c5d3b9f8-e28b-4450-b010-757731944846_config-0] Try to connect to server on start up, server: {serverIp = '127.0.0.1', server main port = 8848}
22:04:26.791 [main] INFO  c.a.n.c.r.client - [printIfInfoEnabled,60] - [c5d3b9f8-e28b-4450-b010-757731944846_config-0] Success to connect to server [127.0.0.1:8848] on start up, connectionId = 1684245866579_127.0.0.1_60975
22:04:26.792 [com.alibaba.nacos.client.remote.worker] INFO  c.a.n.c.r.client - [printIfInfoEnabled,60] - [c5d3b9f8-e28b-4450-b010-757731944846_config-0] Notify connected event to listeners.
22:04:26.793 [main] INFO  c.a.n.c.r.client - [printIfInfoEnabled,60] - [c5d3b9f8-e28b-4450-b010-757731944846_config-0] Register server push request handler:com.alibaba.nacos.common.remote.client.RpcClient$ConnectResetRequestHandler
22:04:26.793 [main] INFO  c.a.n.c.r.client - [printIfInfoEnabled,60] - [c5d3b9f8-e28b-4450-b010-757731944846_config-0] Register server push request handler:com.alibaba.nacos.common.remote.client.RpcClient$$Lambda$480/0x000000080103d7d8
22:04:26.899 [main] INFO  c.c.g.RuoYiGenApplication - [logStartupProfileInfo,637] - The following 1 profile is active: "dev"
22:04:32.654 [main] INFO  o.a.c.h.Http11NioProtocol - [log,173] - Initializing ProtocolHandler ["http-nio-9202"]
22:04:32.656 [main] INFO  o.a.c.c.StandardService - [log,173] - Starting service [Tomcat]
22:04:32.656 [main] INFO  o.a.c.c.StandardEngine - [log,173] - Starting Servlet engine: [Apache Tomcat/9.0.70]
22:04:32.937 [main] INFO  o.a.c.c.C.[.[.[/] - [log,173] - Initializing Spring embedded WebApplicationContext
22:04:35.463 [main] INFO  c.a.c.s.SentinelWebMvcConfigurer - [addInterceptors,52] - [Sentinel Starter] register SentinelWebInterceptor with urlPatterns: [/**].
22:04:39.203 [main] INFO  c.a.n.c.r.client - [lambda$createClient$0,80] - [RpcClientFactory] create a new rpc client of a4240cc3-a72c-487f-9355-9289d4a355be
22:04:39.204 [main] INFO  c.a.n.c.r.client - [printIfInfoEnabled,60] - [a4240cc3-a72c-487f-9355-9289d4a355be] RpcClient init label, labels = {module=naming, source=sdk}
22:04:39.206 [main] INFO  c.a.n.c.r.client - [printIfInfoEnabled,60] - [a4240cc3-a72c-487f-9355-9289d4a355be] RpcClient init, ServerListFactory = com.alibaba.nacos.client.naming.core.ServerListManager
22:04:39.206 [main] INFO  c.a.n.c.r.client - [printIfInfoEnabled,60] - [a4240cc3-a72c-487f-9355-9289d4a355be] Registry connection listener to current client:com.alibaba.nacos.client.naming.remote.gprc.redo.NamingGrpcRedoService
22:04:39.207 [main] INFO  c.a.n.c.r.client - [printIfInfoEnabled,60] - [a4240cc3-a72c-487f-9355-9289d4a355be] Register server push request handler:com.alibaba.nacos.client.naming.remote.gprc.NamingPushRequestHandler
22:04:39.208 [main] INFO  c.a.n.c.r.client - [printIfInfoEnabled,60] - [a4240cc3-a72c-487f-9355-9289d4a355be] Try to connect to server on start up, server: {serverIp = '127.0.0.1', server main port = 8848}
22:04:39.359 [main] INFO  c.a.n.c.r.client - [printIfInfoEnabled,60] - [a4240cc3-a72c-487f-9355-9289d4a355be] Success to connect to server [127.0.0.1:8848] on start up, connectionId = 1684245879232_127.0.0.1_61024
22:04:39.359 [com.alibaba.nacos.client.remote.worker] INFO  c.a.n.c.r.client - [printIfInfoEnabled,60] - [a4240cc3-a72c-487f-9355-9289d4a355be] Notify connected event to listeners.
22:04:39.359 [main] INFO  c.a.n.c.r.client - [printIfInfoEnabled,60] - [a4240cc3-a72c-487f-9355-9289d4a355be] Register server push request handler:com.alibaba.nacos.common.remote.client.RpcClient$ConnectResetRequestHandler
22:04:39.360 [main] INFO  c.a.n.c.r.client - [printIfInfoEnabled,60] - [a4240cc3-a72c-487f-9355-9289d4a355be] Register server push request handler:com.alibaba.nacos.common.remote.client.RpcClient$$Lambda$480/0x000000080103d7d8
22:04:39.411 [main] INFO  o.a.c.h.Http11NioProtocol - [log,173] - Starting ProtocolHandler ["http-nio-9202"]
22:04:39.444 [main] INFO  c.a.c.n.r.NacosServiceRegistry - [register,75] - nacos registry, DEFAULT_GROUP cms-gen 192.168.1.3:9202 register finished
22:04:39.936 [nacos-grpc-client-executor-10] INFO  c.a.n.c.r.client - [printIfInfoEnabled,60] - [a4240cc3-a72c-487f-9355-9289d4a355be] Receive server push request, request = NotifySubscriberRequest, requestId = 898
22:04:39.942 [nacos-grpc-client-executor-10] INFO  c.a.n.c.r.client - [printIfInfoEnabled,60] - [a4240cc3-a72c-487f-9355-9289d4a355be] Ack server push request, request = NotifySubscriberRequest, requestId = 898
22:04:39.997 [main] INFO  c.c.g.RuoYiGenApplication - [logStarted,61] - Started RuoYiGenApplication in 16.161 seconds (JVM running for 17.286)
22:04:40.018 [main] INFO  c.a.c.n.r.NacosContextRefresher - [registerNacosListener,129] - [Nacos Config] Listening config: dataId=cms-gen.yml, group=DEFAULT_GROUP
22:04:40.020 [main] INFO  c.a.c.n.r.NacosContextRefresher - [registerNacosListener,129] - [Nacos Config] Listening config: dataId=cms-gen-dev.yml, group=DEFAULT_GROUP
22:04:40.021 [main] INFO  c.a.c.n.r.NacosContextRefresher - [registerNacosListener,129] - [Nacos Config] Listening config: dataId=cms-gen, group=DEFAULT_GROUP
22:04:40.326 [RMI TCP Connection(6)-192.168.1.3] INFO  o.a.c.c.C.[.[.[/] - [log,173] - Initializing Spring DispatcherServlet 'dispatcherServlet'
22:04:40.349 [RMI TCP Connection(7)-192.168.1.3] INFO  c.z.h.HikariDataSource - [getConnection,110] - HikariPool-1 - Starting...
22:04:41.047 [RMI TCP Connection(7)-192.168.1.3] INFO  c.z.h.HikariDataSource - [getConnection,123] - HikariPool-1 - Start completed.
