13:49:34.448 [nacos-grpc-client-executor-28601] INFO  c.a.n.c.r.client - [printIfInfoEnabled,60] - [0b282176-71fa-49e9-b245-b9815d4b25ef] Receive server push request, request = NotifySubscriberRequest, requestId = 978
13:49:34.451 [nacos-grpc-client-executor-28601] INFO  c.a.n.c.r.client - [printIfInfoEnabled,60] - [0b282176-71fa-49e9-b245-b9815d4b25ef] Ack server push request, request = NotifySubscriberRequest, requestId = 978
13:49:44.737 [nacos-grpc-client-executor-28604] INFO  c.a.n.c.r.client - [printIfInfoEnabled,60] - [0b282176-71fa-49e9-b245-b9815d4b25ef] Receive server push request, request = NotifySubscriberRequest, requestId = 980
13:49:44.738 [nacos-grpc-client-executor-28604] INFO  c.a.n.c.r.client - [printIfInfoEnabled,60] - [0b282176-71fa-49e9-b245-b9815d4b25ef] Ack server push request, request = NotifySubscriberRequest, requestId = 980
13:49:52.067 [nacos-grpc-client-executor-28605] INFO  c.a.n.c.r.client - [printIfInfoEnabled,60] - [0b282176-71fa-49e9-b245-b9815d4b25ef] Receive server push request, request = NotifySubscriberRequest, requestId = 982
13:49:52.069 [nacos-grpc-client-executor-28605] INFO  c.a.n.c.r.client - [printIfInfoEnabled,60] - [0b282176-71fa-49e9-b245-b9815d4b25ef] Ack server push request, request = NotifySubscriberRequest, requestId = 982
13:49:57.920 [nacos-grpc-client-executor-28615] INFO  c.a.n.c.r.client - [printIfInfoEnabled,60] - [0b282176-71fa-49e9-b245-b9815d4b25ef] Receive server push request, request = NotifySubscriberRequest, requestId = 985
13:49:57.921 [nacos-grpc-client-executor-28615] INFO  c.a.n.c.r.client - [printIfInfoEnabled,60] - [0b282176-71fa-49e9-b245-b9815d4b25ef] Ack server push request, request = NotifySubscriberRequest, requestId = 985
13:50:00.254 [nacos-grpc-client-executor-28620] INFO  c.a.n.c.r.client - [printIfInfoEnabled,60] - [0b282176-71fa-49e9-b245-b9815d4b25ef] Receive server push request, request = NotifySubscriberRequest, requestId = 988
13:50:00.255 [nacos-grpc-client-executor-28620] INFO  c.a.n.c.r.client - [printIfInfoEnabled,60] - [0b282176-71fa-49e9-b245-b9815d4b25ef] Ack server push request, request = NotifySubscriberRequest, requestId = 988
13:50:24.522 [nacos-grpc-client-executor-28629] INFO  c.a.n.c.r.client - [printIfInfoEnabled,60] - [0b282176-71fa-49e9-b245-b9815d4b25ef] Receive server push request, request = NotifySubscriberRequest, requestId = 992
13:50:24.524 [nacos-grpc-client-executor-28629] INFO  c.a.n.c.r.client - [printIfInfoEnabled,60] - [0b282176-71fa-49e9-b245-b9815d4b25ef] Ack server push request, request = NotifySubscriberRequest, requestId = 992
13:50:51.299 [SpringApplicationShutdownHook] INFO  c.a.c.n.r.NacosServiceRegistry - [deregister,94] - De-registering from Nacos Server now...
13:50:51.306 [SpringApplicationShutdownHook] INFO  c.a.c.n.r.NacosServiceRegistry - [deregister,114] - De-registration finished.
13:50:51.634 [SpringApplicationShutdownHook] INFO  c.a.n.c.r.client - [shutdown,454] - Shutdown rpc client, set status to shutdown
13:50:51.635 [SpringApplicationShutdownHook] INFO  c.a.n.c.r.client - [shutdown,456] - Shutdown client event executor java.util.concurrent.ScheduledThreadPoolExecutor@489e0818[Running, pool size = 2, active threads = 2, queued tasks = 0, completed tasks = 0]
13:50:51.635 [SpringApplicationShutdownHook] INFO  c.a.n.c.r.client - [closeConnection,591] - Close current connection 1683646375558_127.0.0.1_58408
13:50:51.642 [nacos-grpc-client-executor-28639] INFO  c.a.n.c.r.c.g.GrpcClient - [printIfInfoEnabled,60] - [1683646375558_127.0.0.1_58408]Ignore complete event,isRunning:false,isAbandon=false
13:50:51.659 [SpringApplicationShutdownHook] INFO  c.a.n.c.r.c.g.GrpcClient - [shutdown,85] - Shutdown grpc executor java.util.concurrent.ThreadPoolExecutor@3f584d99[Running, pool size = 5, active threads = 0, queued tasks = 0, completed tasks = 28665]
13:51:04.291 [background-preinit] INFO  o.h.v.i.util.Version - [<clinit>,21] - HV000001: Hibernate Validator 6.2.5.Final
13:51:04.978 [main] INFO  c.a.n.c.r.client - [lambda$createClient$0,80] - [RpcClientFactory] create a new rpc client of 72eff725-d944-41a2-9705-a38092195892_config-0
13:51:05.032 [main] INFO  o.r.Reflections - [scan,232] - Reflections took 33 ms to scan 1 urls, producing 3 keys and 6 values 
13:51:05.058 [main] INFO  o.r.Reflections - [scan,232] - Reflections took 15 ms to scan 1 urls, producing 4 keys and 9 values 
13:51:05.077 [main] INFO  o.r.Reflections - [scan,232] - Reflections took 15 ms to scan 1 urls, producing 3 keys and 10 values 
13:51:05.099 [main] INFO  o.r.Reflections - [scan,232] - Reflections took 15 ms to scan 1 urls, producing 1 keys and 5 values 
13:51:05.116 [main] INFO  o.r.Reflections - [scan,232] - Reflections took 13 ms to scan 1 urls, producing 1 keys and 7 values 
13:51:05.145 [main] INFO  o.r.Reflections - [scan,232] - Reflections took 26 ms to scan 1 urls, producing 2 keys and 8 values 
13:51:05.150 [main] INFO  c.a.n.c.r.client - [printIfInfoEnabled,60] - [72eff725-d944-41a2-9705-a38092195892_config-0] RpcClient init label, labels = {module=config, Vipserver-Tag=null, source=sdk, Amory-Tag=null, Location-Tag=null, taskId=0, AppName=unknown}
13:51:05.151 [main] INFO  c.a.n.c.r.client - [printIfInfoEnabled,60] - [72eff725-d944-41a2-9705-a38092195892_config-0] Register server push request handler:com.alibaba.nacos.client.config.impl.ClientWorker$ConfigRpcTransportClient$$Lambda$463/0x0000000800f3bb38
13:51:05.152 [main] INFO  c.a.n.c.r.client - [printIfInfoEnabled,60] - [72eff725-d944-41a2-9705-a38092195892_config-0] Register server push request handler:com.alibaba.nacos.client.config.impl.ClientWorker$ConfigRpcTransportClient$$Lambda$464/0x0000000800f3bd60
13:51:05.153 [main] INFO  c.a.n.c.r.client - [printIfInfoEnabled,60] - [72eff725-d944-41a2-9705-a38092195892_config-0] Registry connection listener to current client:com.alibaba.nacos.client.config.impl.ClientWorker$ConfigRpcTransportClient$1
13:51:05.153 [main] INFO  c.a.n.c.r.client - [printIfInfoEnabled,60] - [72eff725-d944-41a2-9705-a38092195892_config-0] RpcClient init, ServerListFactory = com.alibaba.nacos.client.config.impl.ClientWorker$ConfigRpcTransportClient$2
13:51:05.160 [main] INFO  c.a.n.c.r.client - [printIfInfoEnabled,60] - [72eff725-d944-41a2-9705-a38092195892_config-0] Try to connect to server on start up, server: {serverIp = '127.0.0.1', server main port = 8848}
13:51:05.904 [main] INFO  c.a.n.c.r.client - [printIfInfoEnabled,60] - [72eff725-d944-41a2-9705-a38092195892_config-0] Success to connect to server [127.0.0.1:8848] on start up, connectionId = 1683957065648_127.0.0.1_57310
13:51:05.905 [com.alibaba.nacos.client.remote.worker] INFO  c.a.n.c.r.client - [printIfInfoEnabled,60] - [72eff725-d944-41a2-9705-a38092195892_config-0] Notify connected event to listeners.
13:51:05.906 [main] INFO  c.a.n.c.r.client - [printIfInfoEnabled,60] - [72eff725-d944-41a2-9705-a38092195892_config-0] Register server push request handler:com.alibaba.nacos.common.remote.client.RpcClient$ConnectResetRequestHandler
13:51:05.906 [main] INFO  c.a.n.c.r.client - [printIfInfoEnabled,60] - [72eff725-d944-41a2-9705-a38092195892_config-0] Register server push request handler:com.alibaba.nacos.common.remote.client.RpcClient$$Lambda$475/0x000000080103c290
13:51:05.987 [main] INFO  c.c.g.RuoYiGatewayApplication - [logStartupProfileInfo,637] - The following 1 profile is active: "dev"
13:51:08.632 [main] INFO  c.a.c.s.g.s.SentinelSCGAutoConfiguration - [sentinelGatewayFilter,144] - [Sentinel SpringCloudGateway] register SentinelGatewayFilter with order: -2147483648
13:51:09.141 [main] INFO  c.a.c.s.g.s.SentinelSCGAutoConfiguration - [sentinelGatewayBlockExceptionHandler,134] - [Sentinel SpringCloudGateway] register SentinelGatewayBlockExceptionHandler
13:51:09.594 [main] INFO  c.a.n.c.r.client - [lambda$createClient$0,80] - [RpcClientFactory] create a new rpc client of f1b20ac4-e394-4ff8-a1c0-67a9203a3350_config-0
13:51:09.594 [main] INFO  c.a.n.c.r.client - [printIfInfoEnabled,60] - [f1b20ac4-e394-4ff8-a1c0-67a9203a3350_config-0] RpcClient init label, labels = {module=config, Vipserver-Tag=null, source=sdk, Amory-Tag=null, Location-Tag=null, taskId=0, AppName=unknown}
13:51:09.594 [main] INFO  c.a.n.c.r.client - [printIfInfoEnabled,60] - [f1b20ac4-e394-4ff8-a1c0-67a9203a3350_config-0] Register server push request handler:com.alibaba.nacos.client.config.impl.ClientWorker$ConfigRpcTransportClient$$Lambda$463/0x0000000800f3bb38
13:51:09.594 [main] INFO  c.a.n.c.r.client - [printIfInfoEnabled,60] - [f1b20ac4-e394-4ff8-a1c0-67a9203a3350_config-0] Register server push request handler:com.alibaba.nacos.client.config.impl.ClientWorker$ConfigRpcTransportClient$$Lambda$464/0x0000000800f3bd60
13:51:09.594 [main] INFO  c.a.n.c.r.client - [printIfInfoEnabled,60] - [f1b20ac4-e394-4ff8-a1c0-67a9203a3350_config-0] Registry connection listener to current client:com.alibaba.nacos.client.config.impl.ClientWorker$ConfigRpcTransportClient$1
13:51:09.594 [main] INFO  c.a.n.c.r.client - [printIfInfoEnabled,60] - [f1b20ac4-e394-4ff8-a1c0-67a9203a3350_config-0] RpcClient init, ServerListFactory = com.alibaba.nacos.client.config.impl.ClientWorker$ConfigRpcTransportClient$2
13:51:09.595 [main] INFO  c.a.n.c.r.client - [printIfInfoEnabled,60] - [f1b20ac4-e394-4ff8-a1c0-67a9203a3350_config-0] Try to connect to server on start up, server: {serverIp = '127.0.0.1', server main port = 8848}
13:51:09.722 [main] INFO  c.a.n.c.r.client - [printIfInfoEnabled,60] - [f1b20ac4-e394-4ff8-a1c0-67a9203a3350_config-0] Success to connect to server [127.0.0.1:8848] on start up, connectionId = 1683957069606_127.0.0.1_57392
13:51:09.722 [main] INFO  c.a.n.c.r.client - [printIfInfoEnabled,60] - [f1b20ac4-e394-4ff8-a1c0-67a9203a3350_config-0] Register server push request handler:com.alibaba.nacos.common.remote.client.RpcClient$ConnectResetRequestHandler
13:51:09.722 [com.alibaba.nacos.client.remote.worker] INFO  c.a.n.c.r.client - [printIfInfoEnabled,60] - [f1b20ac4-e394-4ff8-a1c0-67a9203a3350_config-0] Notify connected event to listeners.
13:51:09.722 [main] INFO  c.a.n.c.r.client - [printIfInfoEnabled,60] - [f1b20ac4-e394-4ff8-a1c0-67a9203a3350_config-0] Register server push request handler:com.alibaba.nacos.common.remote.client.RpcClient$$Lambda$475/0x000000080103c290
13:51:09.924 [main] INFO  c.a.n.c.r.client - [lambda$createClient$0,80] - [RpcClientFactory] create a new rpc client of ec8484be-df9d-470d-b2af-16b34e1f98d1
13:51:09.925 [main] INFO  c.a.n.c.r.client - [printIfInfoEnabled,60] - [ec8484be-df9d-470d-b2af-16b34e1f98d1] RpcClient init label, labels = {module=naming, source=sdk}
13:51:09.932 [main] INFO  c.a.n.c.r.client - [printIfInfoEnabled,60] - [ec8484be-df9d-470d-b2af-16b34e1f98d1] RpcClient init, ServerListFactory = com.alibaba.nacos.client.naming.core.ServerListManager
13:51:09.933 [main] INFO  c.a.n.c.r.client - [printIfInfoEnabled,60] - [ec8484be-df9d-470d-b2af-16b34e1f98d1] Registry connection listener to current client:com.alibaba.nacos.client.naming.remote.gprc.redo.NamingGrpcRedoService
13:51:09.935 [main] INFO  c.a.n.c.r.client - [printIfInfoEnabled,60] - [ec8484be-df9d-470d-b2af-16b34e1f98d1] Register server push request handler:com.alibaba.nacos.client.naming.remote.gprc.NamingPushRequestHandler
13:51:09.936 [main] INFO  c.a.n.c.r.client - [printIfInfoEnabled,60] - [ec8484be-df9d-470d-b2af-16b34e1f98d1] Try to connect to server on start up, server: {serverIp = '127.0.0.1', server main port = 8848}
13:51:10.126 [main] INFO  c.a.n.c.r.client - [printIfInfoEnabled,60] - [ec8484be-df9d-470d-b2af-16b34e1f98d1] Success to connect to server [127.0.0.1:8848] on start up, connectionId = 1683957069971_127.0.0.1_57401
13:51:10.127 [main] INFO  c.a.n.c.r.client - [printIfInfoEnabled,60] - [ec8484be-df9d-470d-b2af-16b34e1f98d1] Register server push request handler:com.alibaba.nacos.common.remote.client.RpcClient$ConnectResetRequestHandler
13:51:10.127 [com.alibaba.nacos.client.remote.worker] INFO  c.a.n.c.r.client - [printIfInfoEnabled,60] - [ec8484be-df9d-470d-b2af-16b34e1f98d1] Notify connected event to listeners.
13:51:10.127 [main] INFO  c.a.n.c.r.client - [printIfInfoEnabled,60] - [ec8484be-df9d-470d-b2af-16b34e1f98d1] Register server push request handler:com.alibaba.nacos.common.remote.client.RpcClient$$Lambda$475/0x000000080103c290
13:51:10.579 [main] INFO  c.a.c.n.r.NacosServiceRegistry - [register,75] - nacos registry, DEFAULT_GROUP cms-gateway 172.20.235.144:8080 register finished
13:51:10.672 [main] INFO  c.c.g.RuoYiGatewayApplication - [logStarted,61] - Started RuoYiGatewayApplication in 7.127 seconds (JVM running for 8.379)
13:51:10.696 [main] INFO  c.a.c.n.r.NacosContextRefresher - [registerNacosListener,129] - [Nacos Config] Listening config: dataId=cms-gateway, group=DEFAULT_GROUP
13:51:10.738 [main] INFO  c.a.c.n.r.NacosContextRefresher - [registerNacosListener,129] - [Nacos Config] Listening config: dataId=cms-gateway.yml, group=DEFAULT_GROUP
13:51:10.739 [main] INFO  c.a.c.n.r.NacosContextRefresher - [registerNacosListener,129] - [Nacos Config] Listening config: dataId=cms-gateway-dev.yml, group=DEFAULT_GROUP
13:51:10.743 [nacos-grpc-client-executor-63] INFO  c.a.n.c.r.client - [printIfInfoEnabled,60] - [ec8484be-df9d-470d-b2af-16b34e1f98d1] Receive server push request, request = NotifySubscriberRequest, requestId = 997
13:51:10.748 [nacos-grpc-client-executor-63] INFO  c.a.n.c.r.client - [printIfInfoEnabled,60] - [ec8484be-df9d-470d-b2af-16b34e1f98d1] Ack server push request, request = NotifySubscriberRequest, requestId = 997
13:51:10.928 [nacos-grpc-client-executor-0] INFO  c.a.n.c.r.client - [printIfInfoEnabled,60] - [ec8484be-df9d-470d-b2af-16b34e1f98d1] Receive server push request, request = NotifySubscriberRequest, requestId = 1000
13:51:10.929 [nacos-grpc-client-executor-0] INFO  c.a.n.c.r.client - [printIfInfoEnabled,60] - [ec8484be-df9d-470d-b2af-16b34e1f98d1] Ack server push request, request = NotifySubscriberRequest, requestId = 1000
13:51:10.930 [nacos-grpc-client-executor-1] INFO  c.a.n.c.r.client - [printIfInfoEnabled,60] - [ec8484be-df9d-470d-b2af-16b34e1f98d1] Receive server push request, request = NotifySubscriberRequest, requestId = 998
13:51:10.931 [nacos-grpc-client-executor-1] INFO  c.a.n.c.r.client - [printIfInfoEnabled,60] - [ec8484be-df9d-470d-b2af-16b34e1f98d1] Ack server push request, request = NotifySubscriberRequest, requestId = 998
13:51:10.933 [nacos-grpc-client-executor-2] INFO  c.a.n.c.r.client - [printIfInfoEnabled,60] - [ec8484be-df9d-470d-b2af-16b34e1f98d1] Receive server push request, request = NotifySubscriberRequest, requestId = 1002
13:51:10.933 [nacos-grpc-client-executor-2] INFO  c.a.n.c.r.client - [printIfInfoEnabled,60] - [ec8484be-df9d-470d-b2af-16b34e1f98d1] Ack server push request, request = NotifySubscriberRequest, requestId = 1002
13:51:10.935 [nacos-grpc-client-executor-3] INFO  c.a.n.c.r.client - [printIfInfoEnabled,60] - [ec8484be-df9d-470d-b2af-16b34e1f98d1] Receive server push request, request = NotifySubscriberRequest, requestId = 1003
13:51:10.936 [nacos-grpc-client-executor-3] INFO  c.a.n.c.r.client - [printIfInfoEnabled,60] - [ec8484be-df9d-470d-b2af-16b34e1f98d1] Ack server push request, request = NotifySubscriberRequest, requestId = 1003
13:51:10.938 [nacos-grpc-client-executor-4] INFO  c.a.n.c.r.client - [printIfInfoEnabled,60] - [ec8484be-df9d-470d-b2af-16b34e1f98d1] Receive server push request, request = NotifySubscriberRequest, requestId = 999
13:51:10.938 [nacos-grpc-client-executor-4] INFO  c.a.n.c.r.client - [printIfInfoEnabled,60] - [ec8484be-df9d-470d-b2af-16b34e1f98d1] Ack server push request, request = NotifySubscriberRequest, requestId = 999
13:51:10.943 [nacos-grpc-client-executor-5] INFO  c.a.n.c.r.client - [printIfInfoEnabled,60] - [ec8484be-df9d-470d-b2af-16b34e1f98d1] Receive server push request, request = NotifySubscriberRequest, requestId = 1001
13:51:10.943 [nacos-grpc-client-executor-5] INFO  c.a.n.c.r.client - [printIfInfoEnabled,60] - [ec8484be-df9d-470d-b2af-16b34e1f98d1] Ack server push request, request = NotifySubscriberRequest, requestId = 1001
13:51:18.305 [nacos-grpc-client-executor-29] INFO  c.a.n.c.r.client - [printIfInfoEnabled,60] - [ec8484be-df9d-470d-b2af-16b34e1f98d1] Receive server push request, request = NotifySubscriberRequest, requestId = 1004
13:51:18.307 [nacos-grpc-client-executor-29] INFO  c.a.n.c.r.client - [printIfInfoEnabled,60] - [ec8484be-df9d-470d-b2af-16b34e1f98d1] Ack server push request, request = NotifySubscriberRequest, requestId = 1004
13:58:46.377 [SpringApplicationShutdownHook] INFO  c.a.c.n.r.NacosServiceRegistry - [deregister,94] - De-registering from Nacos Server now...
13:58:46.383 [SpringApplicationShutdownHook] INFO  c.a.c.n.r.NacosServiceRegistry - [deregister,114] - De-registration finished.
13:58:46.695 [SpringApplicationShutdownHook] INFO  c.a.n.c.r.client - [shutdown,454] - Shutdown rpc client, set status to shutdown
13:58:46.695 [SpringApplicationShutdownHook] INFO  c.a.n.c.r.client - [shutdown,456] - Shutdown client event executor java.util.concurrent.ScheduledThreadPoolExecutor@79442cb5[Running, pool size = 2, active threads = 2, queued tasks = 0, completed tasks = 0]
13:58:46.695 [SpringApplicationShutdownHook] INFO  c.a.n.c.r.client - [closeConnection,591] - Close current connection 1683957069971_127.0.0.1_57401
13:58:46.697 [nacos-grpc-client-executor-302] INFO  c.a.n.c.r.c.g.GrpcClient - [printIfInfoEnabled,60] - [1683957069971_127.0.0.1_57401]Ignore complete event,isRunning:false,isAbandon=false
13:58:46.701 [SpringApplicationShutdownHook] INFO  c.a.n.c.r.c.g.GrpcClient - [shutdown,85] - Shutdown grpc executor java.util.concurrent.ThreadPoolExecutor@2fa65df7[Running, pool size = 7, active threads = 0, queued tasks = 0, completed tasks = 333]
13:58:53.213 [background-preinit] INFO  o.h.v.i.util.Version - [<clinit>,21] - HV000001: Hibernate Validator 6.2.5.Final
13:58:53.779 [main] INFO  c.a.n.c.r.client - [lambda$createClient$0,80] - [RpcClientFactory] create a new rpc client of 1e8a2f0c-2f6b-4ed8-a992-4789b45b4438_config-0
13:58:53.819 [main] INFO  o.r.Reflections - [scan,232] - Reflections took 24 ms to scan 1 urls, producing 3 keys and 6 values 
13:58:53.843 [main] INFO  o.r.Reflections - [scan,232] - Reflections took 12 ms to scan 1 urls, producing 4 keys and 9 values 
13:58:53.857 [main] INFO  o.r.Reflections - [scan,232] - Reflections took 12 ms to scan 1 urls, producing 3 keys and 10 values 
13:58:53.872 [main] INFO  o.r.Reflections - [scan,232] - Reflections took 12 ms to scan 1 urls, producing 1 keys and 5 values 
13:58:53.887 [main] INFO  o.r.Reflections - [scan,232] - Reflections took 12 ms to scan 1 urls, producing 1 keys and 7 values 
13:58:53.900 [main] INFO  o.r.Reflections - [scan,232] - Reflections took 11 ms to scan 1 urls, producing 2 keys and 8 values 
13:58:53.903 [main] INFO  c.a.n.c.r.client - [printIfInfoEnabled,60] - [1e8a2f0c-2f6b-4ed8-a992-4789b45b4438_config-0] RpcClient init label, labels = {module=config, Vipserver-Tag=null, source=sdk, Amory-Tag=null, Location-Tag=null, taskId=0, AppName=unknown}
13:58:53.904 [main] INFO  c.a.n.c.r.client - [printIfInfoEnabled,60] - [1e8a2f0c-2f6b-4ed8-a992-4789b45b4438_config-0] Register server push request handler:com.alibaba.nacos.client.config.impl.ClientWorker$ConfigRpcTransportClient$$Lambda$463/0x0000000800f2c990
13:58:53.904 [main] INFO  c.a.n.c.r.client - [printIfInfoEnabled,60] - [1e8a2f0c-2f6b-4ed8-a992-4789b45b4438_config-0] Register server push request handler:com.alibaba.nacos.client.config.impl.ClientWorker$ConfigRpcTransportClient$$Lambda$464/0x0000000800f2cbb8
13:58:53.904 [main] INFO  c.a.n.c.r.client - [printIfInfoEnabled,60] - [1e8a2f0c-2f6b-4ed8-a992-4789b45b4438_config-0] Registry connection listener to current client:com.alibaba.nacos.client.config.impl.ClientWorker$ConfigRpcTransportClient$1
13:58:53.905 [main] INFO  c.a.n.c.r.client - [printIfInfoEnabled,60] - [1e8a2f0c-2f6b-4ed8-a992-4789b45b4438_config-0] RpcClient init, ServerListFactory = com.alibaba.nacos.client.config.impl.ClientWorker$ConfigRpcTransportClient$2
13:58:53.912 [main] INFO  c.a.n.c.r.client - [printIfInfoEnabled,60] - [1e8a2f0c-2f6b-4ed8-a992-4789b45b4438_config-0] Try to connect to server on start up, server: {serverIp = '127.0.0.1', server main port = 8848}
13:58:54.477 [main] INFO  c.a.n.c.r.client - [printIfInfoEnabled,60] - [1e8a2f0c-2f6b-4ed8-a992-4789b45b4438_config-0] Success to connect to server [127.0.0.1:8848] on start up, connectionId = 1683957534293_127.0.0.1_50033
13:58:54.478 [com.alibaba.nacos.client.remote.worker] INFO  c.a.n.c.r.client - [printIfInfoEnabled,60] - [1e8a2f0c-2f6b-4ed8-a992-4789b45b4438_config-0] Notify connected event to listeners.
13:58:54.478 [main] INFO  c.a.n.c.r.client - [printIfInfoEnabled,60] - [1e8a2f0c-2f6b-4ed8-a992-4789b45b4438_config-0] Register server push request handler:com.alibaba.nacos.common.remote.client.RpcClient$ConnectResetRequestHandler
13:58:54.479 [main] INFO  c.a.n.c.r.client - [printIfInfoEnabled,60] - [1e8a2f0c-2f6b-4ed8-a992-4789b45b4438_config-0] Register server push request handler:com.alibaba.nacos.common.remote.client.RpcClient$$Lambda$475/0x000000080102d7d8
13:58:54.562 [main] INFO  c.c.g.RuoYiGatewayApplication - [logStartupProfileInfo,637] - The following 1 profile is active: "dev"
13:58:56.873 [main] INFO  c.a.c.s.g.s.SentinelSCGAutoConfiguration - [sentinelGatewayFilter,144] - [Sentinel SpringCloudGateway] register SentinelGatewayFilter with order: -2147483648
13:58:57.372 [main] INFO  c.a.c.s.g.s.SentinelSCGAutoConfiguration - [sentinelGatewayBlockExceptionHandler,134] - [Sentinel SpringCloudGateway] register SentinelGatewayBlockExceptionHandler
13:58:57.787 [main] INFO  c.a.n.c.r.client - [lambda$createClient$0,80] - [RpcClientFactory] create a new rpc client of 5cc7cd00-7a3f-4a58-8614-092a26b5ba83_config-0
13:58:57.787 [main] INFO  c.a.n.c.r.client - [printIfInfoEnabled,60] - [5cc7cd00-7a3f-4a58-8614-092a26b5ba83_config-0] RpcClient init label, labels = {module=config, Vipserver-Tag=null, source=sdk, Amory-Tag=null, Location-Tag=null, taskId=0, AppName=unknown}
13:58:57.788 [main] INFO  c.a.n.c.r.client - [printIfInfoEnabled,60] - [5cc7cd00-7a3f-4a58-8614-092a26b5ba83_config-0] Register server push request handler:com.alibaba.nacos.client.config.impl.ClientWorker$ConfigRpcTransportClient$$Lambda$463/0x0000000800f2c990
13:58:57.788 [main] INFO  c.a.n.c.r.client - [printIfInfoEnabled,60] - [5cc7cd00-7a3f-4a58-8614-092a26b5ba83_config-0] Register server push request handler:com.alibaba.nacos.client.config.impl.ClientWorker$ConfigRpcTransportClient$$Lambda$464/0x0000000800f2cbb8
13:58:57.788 [main] INFO  c.a.n.c.r.client - [printIfInfoEnabled,60] - [5cc7cd00-7a3f-4a58-8614-092a26b5ba83_config-0] Registry connection listener to current client:com.alibaba.nacos.client.config.impl.ClientWorker$ConfigRpcTransportClient$1
13:58:57.788 [main] INFO  c.a.n.c.r.client - [printIfInfoEnabled,60] - [5cc7cd00-7a3f-4a58-8614-092a26b5ba83_config-0] RpcClient init, ServerListFactory = com.alibaba.nacos.client.config.impl.ClientWorker$ConfigRpcTransportClient$2
13:58:57.789 [main] INFO  c.a.n.c.r.client - [printIfInfoEnabled,60] - [5cc7cd00-7a3f-4a58-8614-092a26b5ba83_config-0] Try to connect to server on start up, server: {serverIp = '127.0.0.1', server main port = 8848}
13:58:57.917 [main] INFO  c.a.n.c.r.client - [printIfInfoEnabled,60] - [5cc7cd00-7a3f-4a58-8614-092a26b5ba83_config-0] Success to connect to server [127.0.0.1:8848] on start up, connectionId = 1683957537802_127.0.0.1_50079
13:58:57.918 [main] INFO  c.a.n.c.r.client - [printIfInfoEnabled,60] - [5cc7cd00-7a3f-4a58-8614-092a26b5ba83_config-0] Register server push request handler:com.alibaba.nacos.common.remote.client.RpcClient$ConnectResetRequestHandler
13:58:57.918 [com.alibaba.nacos.client.remote.worker] INFO  c.a.n.c.r.client - [printIfInfoEnabled,60] - [5cc7cd00-7a3f-4a58-8614-092a26b5ba83_config-0] Notify connected event to listeners.
13:58:57.918 [main] INFO  c.a.n.c.r.client - [printIfInfoEnabled,60] - [5cc7cd00-7a3f-4a58-8614-092a26b5ba83_config-0] Register server push request handler:com.alibaba.nacos.common.remote.client.RpcClient$$Lambda$475/0x000000080102d7d8
13:58:58.063 [main] INFO  c.a.n.c.r.client - [lambda$createClient$0,80] - [RpcClientFactory] create a new rpc client of e6850242-25e0-4290-a4c9-6126dc87c43a
13:58:58.064 [main] INFO  c.a.n.c.r.client - [printIfInfoEnabled,60] - [e6850242-25e0-4290-a4c9-6126dc87c43a] RpcClient init label, labels = {module=naming, source=sdk}
13:58:58.065 [main] INFO  c.a.n.c.r.client - [printIfInfoEnabled,60] - [e6850242-25e0-4290-a4c9-6126dc87c43a] RpcClient init, ServerListFactory = com.alibaba.nacos.client.naming.core.ServerListManager
13:58:58.065 [main] INFO  c.a.n.c.r.client - [printIfInfoEnabled,60] - [e6850242-25e0-4290-a4c9-6126dc87c43a] Registry connection listener to current client:com.alibaba.nacos.client.naming.remote.gprc.redo.NamingGrpcRedoService
13:58:58.066 [main] INFO  c.a.n.c.r.client - [printIfInfoEnabled,60] - [e6850242-25e0-4290-a4c9-6126dc87c43a] Register server push request handler:com.alibaba.nacos.client.naming.remote.gprc.NamingPushRequestHandler
13:58:58.066 [main] INFO  c.a.n.c.r.client - [printIfInfoEnabled,60] - [e6850242-25e0-4290-a4c9-6126dc87c43a] Try to connect to server on start up, server: {serverIp = '127.0.0.1', server main port = 8848}
13:58:58.197 [main] INFO  c.a.n.c.r.client - [printIfInfoEnabled,60] - [e6850242-25e0-4290-a4c9-6126dc87c43a] Success to connect to server [127.0.0.1:8848] on start up, connectionId = 1683957538079_127.0.0.1_50083
13:58:58.197 [main] INFO  c.a.n.c.r.client - [printIfInfoEnabled,60] - [e6850242-25e0-4290-a4c9-6126dc87c43a] Register server push request handler:com.alibaba.nacos.common.remote.client.RpcClient$ConnectResetRequestHandler
13:58:58.198 [com.alibaba.nacos.client.remote.worker] INFO  c.a.n.c.r.client - [printIfInfoEnabled,60] - [e6850242-25e0-4290-a4c9-6126dc87c43a] Notify connected event to listeners.
13:58:58.198 [main] INFO  c.a.n.c.r.client - [printIfInfoEnabled,60] - [e6850242-25e0-4290-a4c9-6126dc87c43a] Register server push request handler:com.alibaba.nacos.common.remote.client.RpcClient$$Lambda$475/0x000000080102d7d8
13:58:58.374 [main] INFO  c.a.c.n.r.NacosServiceRegistry - [register,75] - nacos registry, DEFAULT_GROUP cms-gateway 172.20.10.2:8080 register finished
13:58:58.450 [main] INFO  c.c.g.RuoYiGatewayApplication - [logStarted,61] - Started RuoYiGatewayApplication in 5.998 seconds (JVM running for 6.932)
13:58:58.462 [main] INFO  c.a.c.n.r.NacosContextRefresher - [registerNacosListener,129] - [Nacos Config] Listening config: dataId=cms-gateway, group=DEFAULT_GROUP
13:58:58.463 [main] INFO  c.a.c.n.r.NacosContextRefresher - [registerNacosListener,129] - [Nacos Config] Listening config: dataId=cms-gateway.yml, group=DEFAULT_GROUP
13:58:58.464 [main] INFO  c.a.c.n.r.NacosContextRefresher - [registerNacosListener,129] - [Nacos Config] Listening config: dataId=cms-gateway-dev.yml, group=DEFAULT_GROUP
13:58:58.804 [nacos-grpc-client-executor-58] INFO  c.a.n.c.r.client - [printIfInfoEnabled,60] - [e6850242-25e0-4290-a4c9-6126dc87c43a] Receive server push request, request = NotifySubscriberRequest, requestId = 1013
13:58:58.807 [nacos-grpc-client-executor-58] INFO  c.a.n.c.r.client - [printIfInfoEnabled,60] - [e6850242-25e0-4290-a4c9-6126dc87c43a] Ack server push request, request = NotifySubscriberRequest, requestId = 1013
13:58:58.887 [nacos-grpc-client-executor-59] INFO  c.a.n.c.r.client - [printIfInfoEnabled,60] - [e6850242-25e0-4290-a4c9-6126dc87c43a] Receive server push request, request = NotifySubscriberRequest, requestId = 1015
13:58:58.888 [nacos-grpc-client-executor-59] INFO  c.a.n.c.r.client - [printIfInfoEnabled,60] - [e6850242-25e0-4290-a4c9-6126dc87c43a] Ack server push request, request = NotifySubscriberRequest, requestId = 1015
13:58:58.916 [nacos-grpc-client-executor-60] INFO  c.a.n.c.r.client - [printIfInfoEnabled,60] - [e6850242-25e0-4290-a4c9-6126dc87c43a] Receive server push request, request = NotifySubscriberRequest, requestId = 1019
13:58:58.916 [nacos-grpc-client-executor-60] INFO  c.a.n.c.r.client - [printIfInfoEnabled,60] - [e6850242-25e0-4290-a4c9-6126dc87c43a] Ack server push request, request = NotifySubscriberRequest, requestId = 1019
13:58:58.925 [nacos-grpc-client-executor-61] INFO  c.a.n.c.r.client - [printIfInfoEnabled,60] - [e6850242-25e0-4290-a4c9-6126dc87c43a] Receive server push request, request = NotifySubscriberRequest, requestId = 1016
13:58:58.928 [nacos-grpc-client-executor-61] INFO  c.a.n.c.r.client - [printIfInfoEnabled,60] - [e6850242-25e0-4290-a4c9-6126dc87c43a] Ack server push request, request = NotifySubscriberRequest, requestId = 1016
13:58:58.938 [nacos-grpc-client-executor-62] INFO  c.a.n.c.r.client - [printIfInfoEnabled,60] - [e6850242-25e0-4290-a4c9-6126dc87c43a] Receive server push request, request = NotifySubscriberRequest, requestId = 1020
13:58:58.940 [nacos-grpc-client-executor-62] INFO  c.a.n.c.r.client - [printIfInfoEnabled,60] - [e6850242-25e0-4290-a4c9-6126dc87c43a] Ack server push request, request = NotifySubscriberRequest, requestId = 1020
13:58:58.947 [nacos-grpc-client-executor-63] INFO  c.a.n.c.r.client - [printIfInfoEnabled,60] - [e6850242-25e0-4290-a4c9-6126dc87c43a] Receive server push request, request = NotifySubscriberRequest, requestId = 1017
13:58:58.948 [nacos-grpc-client-executor-63] INFO  c.a.n.c.r.client - [printIfInfoEnabled,60] - [e6850242-25e0-4290-a4c9-6126dc87c43a] Ack server push request, request = NotifySubscriberRequest, requestId = 1017
13:58:58.953 [nacos-grpc-client-executor-0] INFO  c.a.n.c.r.client - [printIfInfoEnabled,60] - [e6850242-25e0-4290-a4c9-6126dc87c43a] Receive server push request, request = NotifySubscriberRequest, requestId = 1018
13:58:58.953 [nacos-grpc-client-executor-0] INFO  c.a.n.c.r.client - [printIfInfoEnabled,60] - [e6850242-25e0-4290-a4c9-6126dc87c43a] Ack server push request, request = NotifySubscriberRequest, requestId = 1018
14:00:50.555 [nacos-grpc-client-executor-113] INFO  c.a.n.c.r.client - [printIfInfoEnabled,60] - [e6850242-25e0-4290-a4c9-6126dc87c43a] Receive server push request, request = NotifySubscriberRequest, requestId = 1021
14:00:50.558 [nacos-grpc-client-executor-113] INFO  c.a.n.c.r.client - [printIfInfoEnabled,60] - [e6850242-25e0-4290-a4c9-6126dc87c43a] Ack server push request, request = NotifySubscriberRequest, requestId = 1021
14:00:50.986 [SpringApplicationShutdownHook] INFO  c.a.c.n.r.NacosServiceRegistry - [deregister,94] - De-registering from Nacos Server now...
14:00:50.993 [SpringApplicationShutdownHook] INFO  c.a.c.n.r.NacosServiceRegistry - [deregister,114] - De-registration finished.
14:00:51.312 [SpringApplicationShutdownHook] INFO  c.a.n.c.r.client - [shutdown,454] - Shutdown rpc client, set status to shutdown
14:00:51.312 [SpringApplicationShutdownHook] INFO  c.a.n.c.r.client - [shutdown,456] - Shutdown client event executor java.util.concurrent.ScheduledThreadPoolExecutor@765f6ede[Running, pool size = 2, active threads = 2, queued tasks = 0, completed tasks = 0]
14:00:51.312 [SpringApplicationShutdownHook] INFO  c.a.n.c.r.client - [closeConnection,591] - Close current connection 1683957538079_127.0.0.1_50083
14:00:51.314 [nacos-grpc-client-executor-118] INFO  c.a.n.c.r.c.g.GrpcClient - [printIfInfoEnabled,60] - [1683957538079_127.0.0.1_50083]Ignore complete event,isRunning:false,isAbandon=false
14:00:51.317 [SpringApplicationShutdownHook] INFO  c.a.n.c.r.c.g.GrpcClient - [shutdown,85] - Shutdown grpc executor java.util.concurrent.ThreadPoolExecutor@3940c7f6[Running, pool size = 8, active threads = 0, queued tasks = 0, completed tasks = 138]
14:03:57.837 [background-preinit] INFO  o.h.v.i.util.Version - [<clinit>,21] - HV000001: Hibernate Validator 6.2.5.Final
14:03:58.892 [main] INFO  c.a.n.c.r.client - [lambda$createClient$0,80] - [RpcClientFactory] create a new rpc client of 53bc2154-2450-421b-a9db-b8c301cf6a88_config-0
14:03:58.991 [main] INFO  o.r.Reflections - [scan,232] - Reflections took 78 ms to scan 1 urls, producing 3 keys and 6 values 
14:03:59.050 [main] INFO  o.r.Reflections - [scan,232] - Reflections took 39 ms to scan 1 urls, producing 4 keys and 9 values 
14:03:59.089 [main] INFO  o.r.Reflections - [scan,232] - Reflections took 35 ms to scan 1 urls, producing 3 keys and 10 values 
14:03:59.114 [main] INFO  o.r.Reflections - [scan,232] - Reflections took 19 ms to scan 1 urls, producing 1 keys and 5 values 
14:03:59.157 [main] INFO  o.r.Reflections - [scan,232] - Reflections took 37 ms to scan 1 urls, producing 1 keys and 7 values 
14:03:59.180 [main] INFO  o.r.Reflections - [scan,232] - Reflections took 19 ms to scan 1 urls, producing 2 keys and 8 values 
14:03:59.190 [main] INFO  c.a.n.c.r.client - [printIfInfoEnabled,60] - [53bc2154-2450-421b-a9db-b8c301cf6a88_config-0] RpcClient init label, labels = {module=config, Vipserver-Tag=null, source=sdk, Amory-Tag=null, Location-Tag=null, taskId=0, AppName=unknown}
14:03:59.191 [main] INFO  c.a.n.c.r.client - [printIfInfoEnabled,60] - [53bc2154-2450-421b-a9db-b8c301cf6a88_config-0] Register server push request handler:com.alibaba.nacos.client.config.impl.ClientWorker$ConfigRpcTransportClient$$Lambda$463/0x0000000800f1c990
14:03:59.191 [main] INFO  c.a.n.c.r.client - [printIfInfoEnabled,60] - [53bc2154-2450-421b-a9db-b8c301cf6a88_config-0] Register server push request handler:com.alibaba.nacos.client.config.impl.ClientWorker$ConfigRpcTransportClient$$Lambda$464/0x0000000800f1cbb8
14:03:59.193 [main] INFO  c.a.n.c.r.client - [printIfInfoEnabled,60] - [53bc2154-2450-421b-a9db-b8c301cf6a88_config-0] Registry connection listener to current client:com.alibaba.nacos.client.config.impl.ClientWorker$ConfigRpcTransportClient$1
14:03:59.194 [main] INFO  c.a.n.c.r.client - [printIfInfoEnabled,60] - [53bc2154-2450-421b-a9db-b8c301cf6a88_config-0] RpcClient init, ServerListFactory = com.alibaba.nacos.client.config.impl.ClientWorker$ConfigRpcTransportClient$2
14:03:59.207 [main] INFO  c.a.n.c.r.client - [printIfInfoEnabled,60] - [53bc2154-2450-421b-a9db-b8c301cf6a88_config-0] Try to connect to server on start up, server: {serverIp = '127.0.0.1', server main port = 8848}
14:04:00.118 [main] INFO  c.a.n.c.r.client - [printIfInfoEnabled,60] - [53bc2154-2450-421b-a9db-b8c301cf6a88_config-0] Success to connect to server [127.0.0.1:8848] on start up, connectionId = 1683957839891_127.0.0.1_49221
14:04:00.118 [com.alibaba.nacos.client.remote.worker] INFO  c.a.n.c.r.client - [printIfInfoEnabled,60] - [53bc2154-2450-421b-a9db-b8c301cf6a88_config-0] Notify connected event to listeners.
14:04:00.119 [main] INFO  c.a.n.c.r.client - [printIfInfoEnabled,60] - [53bc2154-2450-421b-a9db-b8c301cf6a88_config-0] Register server push request handler:com.alibaba.nacos.common.remote.client.RpcClient$ConnectResetRequestHandler
14:04:00.119 [main] INFO  c.a.n.c.r.client - [printIfInfoEnabled,60] - [53bc2154-2450-421b-a9db-b8c301cf6a88_config-0] Register server push request handler:com.alibaba.nacos.common.remote.client.RpcClient$$Lambda$475/0x000000080101cba8
14:04:00.242 [main] INFO  c.c.g.RuoYiGatewayApplication - [logStartupProfileInfo,637] - The following 1 profile is active: "dev"
14:04:06.522 [main] INFO  c.a.c.s.g.s.SentinelSCGAutoConfiguration - [sentinelGatewayFilter,144] - [Sentinel SpringCloudGateway] register SentinelGatewayFilter with order: -2147483648
14:04:07.601 [main] INFO  c.a.c.s.g.s.SentinelSCGAutoConfiguration - [sentinelGatewayBlockExceptionHandler,134] - [Sentinel SpringCloudGateway] register SentinelGatewayBlockExceptionHandler
14:04:08.209 [main] INFO  c.a.n.c.r.client - [lambda$createClient$0,80] - [RpcClientFactory] create a new rpc client of 6863d89c-276c-45b0-8eec-894f9a9e4a43_config-0
14:04:08.210 [main] INFO  c.a.n.c.r.client - [printIfInfoEnabled,60] - [6863d89c-276c-45b0-8eec-894f9a9e4a43_config-0] RpcClient init label, labels = {module=config, Vipserver-Tag=null, source=sdk, Amory-Tag=null, Location-Tag=null, taskId=0, AppName=unknown}
14:04:08.210 [main] INFO  c.a.n.c.r.client - [printIfInfoEnabled,60] - [6863d89c-276c-45b0-8eec-894f9a9e4a43_config-0] Register server push request handler:com.alibaba.nacos.client.config.impl.ClientWorker$ConfigRpcTransportClient$$Lambda$463/0x0000000800f1c990
14:04:08.210 [main] INFO  c.a.n.c.r.client - [printIfInfoEnabled,60] - [6863d89c-276c-45b0-8eec-894f9a9e4a43_config-0] Register server push request handler:com.alibaba.nacos.client.config.impl.ClientWorker$ConfigRpcTransportClient$$Lambda$464/0x0000000800f1cbb8
14:04:08.210 [main] INFO  c.a.n.c.r.client - [printIfInfoEnabled,60] - [6863d89c-276c-45b0-8eec-894f9a9e4a43_config-0] Registry connection listener to current client:com.alibaba.nacos.client.config.impl.ClientWorker$ConfigRpcTransportClient$1
14:04:08.211 [main] INFO  c.a.n.c.r.client - [printIfInfoEnabled,60] - [6863d89c-276c-45b0-8eec-894f9a9e4a43_config-0] RpcClient init, ServerListFactory = com.alibaba.nacos.client.config.impl.ClientWorker$ConfigRpcTransportClient$2
14:04:08.212 [main] INFO  c.a.n.c.r.client - [printIfInfoEnabled,60] - [6863d89c-276c-45b0-8eec-894f9a9e4a43_config-0] Try to connect to server on start up, server: {serverIp = '127.0.0.1', server main port = 8848}
14:04:08.362 [main] INFO  c.a.n.c.r.client - [printIfInfoEnabled,60] - [6863d89c-276c-45b0-8eec-894f9a9e4a43_config-0] Success to connect to server [127.0.0.1:8848] on start up, connectionId = 1683957848231_127.0.0.1_49250
14:04:08.363 [main] INFO  c.a.n.c.r.client - [printIfInfoEnabled,60] - [6863d89c-276c-45b0-8eec-894f9a9e4a43_config-0] Register server push request handler:com.alibaba.nacos.common.remote.client.RpcClient$ConnectResetRequestHandler
14:04:08.363 [main] INFO  c.a.n.c.r.client - [printIfInfoEnabled,60] - [6863d89c-276c-45b0-8eec-894f9a9e4a43_config-0] Register server push request handler:com.alibaba.nacos.common.remote.client.RpcClient$$Lambda$475/0x000000080101cba8
14:04:08.363 [com.alibaba.nacos.client.remote.worker] INFO  c.a.n.c.r.client - [printIfInfoEnabled,60] - [6863d89c-276c-45b0-8eec-894f9a9e4a43_config-0] Notify connected event to listeners.
14:04:08.510 [main] INFO  c.a.n.c.r.client - [lambda$createClient$0,80] - [RpcClientFactory] create a new rpc client of f9fd5865-b45c-4a0b-ab93-3c82d43b2240
14:04:08.510 [main] INFO  c.a.n.c.r.client - [printIfInfoEnabled,60] - [f9fd5865-b45c-4a0b-ab93-3c82d43b2240] RpcClient init label, labels = {module=naming, source=sdk}
14:04:08.512 [main] INFO  c.a.n.c.r.client - [printIfInfoEnabled,60] - [f9fd5865-b45c-4a0b-ab93-3c82d43b2240] RpcClient init, ServerListFactory = com.alibaba.nacos.client.naming.core.ServerListManager
14:04:08.512 [main] INFO  c.a.n.c.r.client - [printIfInfoEnabled,60] - [f9fd5865-b45c-4a0b-ab93-3c82d43b2240] Registry connection listener to current client:com.alibaba.nacos.client.naming.remote.gprc.redo.NamingGrpcRedoService
14:04:08.512 [main] INFO  c.a.n.c.r.client - [printIfInfoEnabled,60] - [f9fd5865-b45c-4a0b-ab93-3c82d43b2240] Register server push request handler:com.alibaba.nacos.client.naming.remote.gprc.NamingPushRequestHandler
14:04:08.513 [main] INFO  c.a.n.c.r.client - [printIfInfoEnabled,60] - [f9fd5865-b45c-4a0b-ab93-3c82d43b2240] Try to connect to server on start up, server: {serverIp = '127.0.0.1', server main port = 8848}
14:04:08.656 [main] INFO  c.a.n.c.r.client - [printIfInfoEnabled,60] - [f9fd5865-b45c-4a0b-ab93-3c82d43b2240] Success to connect to server [127.0.0.1:8848] on start up, connectionId = 1683957848526_127.0.0.1_49253
14:04:08.656 [com.alibaba.nacos.client.remote.worker] INFO  c.a.n.c.r.client - [printIfInfoEnabled,60] - [f9fd5865-b45c-4a0b-ab93-3c82d43b2240] Notify connected event to listeners.
14:04:08.656 [main] INFO  c.a.n.c.r.client - [printIfInfoEnabled,60] - [f9fd5865-b45c-4a0b-ab93-3c82d43b2240] Register server push request handler:com.alibaba.nacos.common.remote.client.RpcClient$ConnectResetRequestHandler
14:04:08.656 [main] INFO  c.a.n.c.r.client - [printIfInfoEnabled,60] - [f9fd5865-b45c-4a0b-ab93-3c82d43b2240] Register server push request handler:com.alibaba.nacos.common.remote.client.RpcClient$$Lambda$475/0x000000080101cba8
14:04:08.769 [main] INFO  c.a.c.n.r.NacosServiceRegistry - [register,75] - nacos registry, DEFAULT_GROUP cms-gateway 172.20.10.2:8080 register finished
14:04:08.849 [main] INFO  c.c.g.RuoYiGatewayApplication - [logStarted,61] - Started RuoYiGatewayApplication in 12.062 seconds (JVM running for 13.463)
14:04:08.853 [main] INFO  c.a.c.n.r.NacosContextRefresher - [registerNacosListener,129] - [Nacos Config] Listening config: dataId=cms-gateway, group=DEFAULT_GROUP
14:04:08.854 [main] INFO  c.a.c.n.r.NacosContextRefresher - [registerNacosListener,129] - [Nacos Config] Listening config: dataId=cms-gateway.yml, group=DEFAULT_GROUP
14:04:08.854 [main] INFO  c.a.c.n.r.NacosContextRefresher - [registerNacosListener,129] - [Nacos Config] Listening config: dataId=cms-gateway-dev.yml, group=DEFAULT_GROUP
14:04:09.187 [nacos-grpc-client-executor-42] INFO  c.a.n.c.r.client - [printIfInfoEnabled,60] - [f9fd5865-b45c-4a0b-ab93-3c82d43b2240] Receive server push request, request = NotifySubscriberRequest, requestId = 3
14:04:09.193 [nacos-grpc-client-executor-42] INFO  c.a.n.c.r.client - [printIfInfoEnabled,60] - [f9fd5865-b45c-4a0b-ab93-3c82d43b2240] Ack server push request, request = NotifySubscriberRequest, requestId = 3
14:04:09.280 [nacos-grpc-client-executor-43] INFO  c.a.n.c.r.client - [printIfInfoEnabled,60] - [f9fd5865-b45c-4a0b-ab93-3c82d43b2240] Receive server push request, request = NotifySubscriberRequest, requestId = 5
14:04:09.286 [nacos-grpc-client-executor-43] INFO  c.a.n.c.r.client - [printIfInfoEnabled,60] - [f9fd5865-b45c-4a0b-ab93-3c82d43b2240] Ack server push request, request = NotifySubscriberRequest, requestId = 5
14:04:09.290 [nacos-grpc-client-executor-44] INFO  c.a.n.c.r.client - [printIfInfoEnabled,60] - [f9fd5865-b45c-4a0b-ab93-3c82d43b2240] Receive server push request, request = NotifySubscriberRequest, requestId = 4
14:04:09.290 [nacos-grpc-client-executor-44] INFO  c.a.n.c.r.client - [printIfInfoEnabled,60] - [f9fd5865-b45c-4a0b-ab93-3c82d43b2240] Ack server push request, request = NotifySubscriberRequest, requestId = 4
14:04:39.419 [nacos-grpc-client-executor-86] INFO  c.a.n.c.r.client - [printIfInfoEnabled,60] - [f9fd5865-b45c-4a0b-ab93-3c82d43b2240] Receive server push request, request = NotifySubscriberRequest, requestId = 16
14:04:39.420 [nacos-grpc-client-executor-86] INFO  c.a.n.c.r.client - [printIfInfoEnabled,60] - [f9fd5865-b45c-4a0b-ab93-3c82d43b2240] Ack server push request, request = NotifySubscriberRequest, requestId = 16
14:04:39.422 [nacos-grpc-client-executor-87] INFO  c.a.n.c.r.client - [printIfInfoEnabled,60] - [f9fd5865-b45c-4a0b-ab93-3c82d43b2240] Receive server push request, request = NotifySubscriberRequest, requestId = 17
14:04:39.423 [nacos-grpc-client-executor-87] INFO  c.a.n.c.r.client - [printIfInfoEnabled,60] - [f9fd5865-b45c-4a0b-ab93-3c82d43b2240] Ack server push request, request = NotifySubscriberRequest, requestId = 17
14:04:39.425 [nacos-grpc-client-executor-88] INFO  c.a.n.c.r.client - [printIfInfoEnabled,60] - [f9fd5865-b45c-4a0b-ab93-3c82d43b2240] Receive server push request, request = NotifySubscriberRequest, requestId = 14
14:04:39.426 [nacos-grpc-client-executor-88] INFO  c.a.n.c.r.client - [printIfInfoEnabled,60] - [f9fd5865-b45c-4a0b-ab93-3c82d43b2240] Ack server push request, request = NotifySubscriberRequest, requestId = 14
14:04:39.428 [nacos-grpc-client-executor-89] INFO  c.a.n.c.r.client - [printIfInfoEnabled,60] - [f9fd5865-b45c-4a0b-ab93-3c82d43b2240] Receive server push request, request = NotifySubscriberRequest, requestId = 15
14:04:39.429 [nacos-grpc-client-executor-89] INFO  c.a.n.c.r.client - [printIfInfoEnabled,60] - [f9fd5865-b45c-4a0b-ab93-3c82d43b2240] Ack server push request, request = NotifySubscriberRequest, requestId = 15
14:10:38.783 [SpringApplicationShutdownHook] INFO  c.a.c.n.r.NacosServiceRegistry - [deregister,94] - De-registering from Nacos Server now...
14:10:38.785 [SpringApplicationShutdownHook] INFO  c.a.c.n.r.NacosServiceRegistry - [deregister,114] - De-registration finished.
14:10:39.093 [SpringApplicationShutdownHook] INFO  c.a.n.c.r.client - [shutdown,454] - Shutdown rpc client, set status to shutdown
14:10:39.093 [SpringApplicationShutdownHook] INFO  c.a.n.c.r.client - [shutdown,456] - Shutdown client event executor java.util.concurrent.ScheduledThreadPoolExecutor@2ab91b52[Running, pool size = 2, active threads = 2, queued tasks = 0, completed tasks = 0]
14:10:39.093 [SpringApplicationShutdownHook] INFO  c.a.n.c.r.client - [closeConnection,591] - Close current connection 1683957848526_127.0.0.1_49253
14:10:39.095 [nacos-grpc-client-executor-310] INFO  c.a.n.c.r.c.g.GrpcClient - [printIfInfoEnabled,60] - [1683957848526_127.0.0.1_49253]Ignore complete event,isRunning:false,isAbandon=false
14:10:39.097 [SpringApplicationShutdownHook] INFO  c.a.n.c.r.c.g.GrpcClient - [shutdown,85] - Shutdown grpc executor java.util.concurrent.ThreadPoolExecutor@300075dc[Running, pool size = 5, active threads = 0, queued tasks = 0, completed tasks = 311]
14:10:55.879 [background-preinit] INFO  o.h.v.i.util.Version - [<clinit>,21] - HV000001: Hibernate Validator 6.2.5.Final
14:10:56.734 [main] INFO  c.a.n.c.r.client - [lambda$createClient$0,80] - [RpcClientFactory] create a new rpc client of 0aea8855-e4f4-4c9b-a3de-8844e189cd10_config-0
14:10:56.809 [main] INFO  o.r.Reflections - [scan,232] - Reflections took 45 ms to scan 1 urls, producing 3 keys and 6 values 
14:10:56.850 [main] INFO  o.r.Reflections - [scan,232] - Reflections took 21 ms to scan 1 urls, producing 4 keys and 9 values 
14:10:56.874 [main] INFO  o.r.Reflections - [scan,232] - Reflections took 20 ms to scan 1 urls, producing 3 keys and 10 values 
14:10:56.897 [main] INFO  o.r.Reflections - [scan,232] - Reflections took 18 ms to scan 1 urls, producing 1 keys and 5 values 
14:10:56.925 [main] INFO  o.r.Reflections - [scan,232] - Reflections took 25 ms to scan 1 urls, producing 1 keys and 7 values 
14:10:56.944 [main] INFO  o.r.Reflections - [scan,232] - Reflections took 14 ms to scan 1 urls, producing 2 keys and 8 values 
14:10:56.949 [main] INFO  c.a.n.c.r.client - [printIfInfoEnabled,60] - [0aea8855-e4f4-4c9b-a3de-8844e189cd10_config-0] RpcClient init label, labels = {module=config, Vipserver-Tag=null, source=sdk, Amory-Tag=null, Location-Tag=null, taskId=0, AppName=unknown}
14:10:56.950 [main] INFO  c.a.n.c.r.client - [printIfInfoEnabled,60] - [0aea8855-e4f4-4c9b-a3de-8844e189cd10_config-0] Register server push request handler:com.alibaba.nacos.client.config.impl.ClientWorker$ConfigRpcTransportClient$$Lambda$463/0x0000000800f1d100
14:10:56.951 [main] INFO  c.a.n.c.r.client - [printIfInfoEnabled,60] - [0aea8855-e4f4-4c9b-a3de-8844e189cd10_config-0] Register server push request handler:com.alibaba.nacos.client.config.impl.ClientWorker$ConfigRpcTransportClient$$Lambda$464/0x0000000800f1d328
14:10:56.952 [main] INFO  c.a.n.c.r.client - [printIfInfoEnabled,60] - [0aea8855-e4f4-4c9b-a3de-8844e189cd10_config-0] Registry connection listener to current client:com.alibaba.nacos.client.config.impl.ClientWorker$ConfigRpcTransportClient$1
14:10:56.954 [main] INFO  c.a.n.c.r.client - [printIfInfoEnabled,60] - [0aea8855-e4f4-4c9b-a3de-8844e189cd10_config-0] RpcClient init, ServerListFactory = com.alibaba.nacos.client.config.impl.ClientWorker$ConfigRpcTransportClient$2
14:10:56.974 [main] INFO  c.a.n.c.r.client - [printIfInfoEnabled,60] - [0aea8855-e4f4-4c9b-a3de-8844e189cd10_config-0] Try to connect to server on start up, server: {serverIp = '127.0.0.1', server main port = 8848}
14:10:57.761 [main] INFO  c.a.n.c.r.client - [printIfInfoEnabled,60] - [0aea8855-e4f4-4c9b-a3de-8844e189cd10_config-0] Success to connect to server [127.0.0.1:8848] on start up, connectionId = 1683958257535_127.0.0.1_49754
14:10:57.763 [main] INFO  c.a.n.c.r.client - [printIfInfoEnabled,60] - [0aea8855-e4f4-4c9b-a3de-8844e189cd10_config-0] Register server push request handler:com.alibaba.nacos.common.remote.client.RpcClient$ConnectResetRequestHandler
14:10:57.764 [main] INFO  c.a.n.c.r.client - [printIfInfoEnabled,60] - [0aea8855-e4f4-4c9b-a3de-8844e189cd10_config-0] Register server push request handler:com.alibaba.nacos.common.remote.client.RpcClient$$Lambda$475/0x000000080101cdb0
14:10:57.763 [com.alibaba.nacos.client.remote.worker] INFO  c.a.n.c.r.client - [printIfInfoEnabled,60] - [0aea8855-e4f4-4c9b-a3de-8844e189cd10_config-0] Notify connected event to listeners.
14:10:57.881 [main] INFO  c.c.g.RuoYiGatewayApplication - [logStartupProfileInfo,637] - The following 1 profile is active: "dev"
14:11:03.362 [main] INFO  c.a.c.s.g.s.SentinelSCGAutoConfiguration - [sentinelGatewayFilter,144] - [Sentinel SpringCloudGateway] register SentinelGatewayFilter with order: -2147483648
14:11:04.663 [main] INFO  c.a.c.s.g.s.SentinelSCGAutoConfiguration - [sentinelGatewayBlockExceptionHandler,134] - [Sentinel SpringCloudGateway] register SentinelGatewayBlockExceptionHandler
14:11:05.459 [main] INFO  c.a.n.c.r.client - [lambda$createClient$0,80] - [RpcClientFactory] create a new rpc client of 5930c22c-0b04-44fa-9b47-f6b16ba9dae9_config-0
14:11:05.460 [main] INFO  c.a.n.c.r.client - [printIfInfoEnabled,60] - [5930c22c-0b04-44fa-9b47-f6b16ba9dae9_config-0] RpcClient init label, labels = {module=config, Vipserver-Tag=null, source=sdk, Amory-Tag=null, Location-Tag=null, taskId=0, AppName=unknown}
14:11:05.460 [main] INFO  c.a.n.c.r.client - [printIfInfoEnabled,60] - [5930c22c-0b04-44fa-9b47-f6b16ba9dae9_config-0] Register server push request handler:com.alibaba.nacos.client.config.impl.ClientWorker$ConfigRpcTransportClient$$Lambda$463/0x0000000800f1d100
14:11:05.460 [main] INFO  c.a.n.c.r.client - [printIfInfoEnabled,60] - [5930c22c-0b04-44fa-9b47-f6b16ba9dae9_config-0] Register server push request handler:com.alibaba.nacos.client.config.impl.ClientWorker$ConfigRpcTransportClient$$Lambda$464/0x0000000800f1d328
14:11:05.460 [main] INFO  c.a.n.c.r.client - [printIfInfoEnabled,60] - [5930c22c-0b04-44fa-9b47-f6b16ba9dae9_config-0] Registry connection listener to current client:com.alibaba.nacos.client.config.impl.ClientWorker$ConfigRpcTransportClient$1
14:11:05.460 [main] INFO  c.a.n.c.r.client - [printIfInfoEnabled,60] - [5930c22c-0b04-44fa-9b47-f6b16ba9dae9_config-0] RpcClient init, ServerListFactory = com.alibaba.nacos.client.config.impl.ClientWorker$ConfigRpcTransportClient$2
14:11:05.461 [main] INFO  c.a.n.c.r.client - [printIfInfoEnabled,60] - [5930c22c-0b04-44fa-9b47-f6b16ba9dae9_config-0] Try to connect to server on start up, server: {serverIp = '127.0.0.1', server main port = 8848}
14:11:05.617 [main] INFO  c.a.n.c.r.client - [printIfInfoEnabled,60] - [5930c22c-0b04-44fa-9b47-f6b16ba9dae9_config-0] Success to connect to server [127.0.0.1:8848] on start up, connectionId = 1683958265485_127.0.0.1_49780
14:11:05.617 [main] INFO  c.a.n.c.r.client - [printIfInfoEnabled,60] - [5930c22c-0b04-44fa-9b47-f6b16ba9dae9_config-0] Register server push request handler:com.alibaba.nacos.common.remote.client.RpcClient$ConnectResetRequestHandler
14:11:05.618 [main] INFO  c.a.n.c.r.client - [printIfInfoEnabled,60] - [5930c22c-0b04-44fa-9b47-f6b16ba9dae9_config-0] Register server push request handler:com.alibaba.nacos.common.remote.client.RpcClient$$Lambda$475/0x000000080101cdb0
14:11:05.619 [com.alibaba.nacos.client.remote.worker] INFO  c.a.n.c.r.client - [printIfInfoEnabled,60] - [5930c22c-0b04-44fa-9b47-f6b16ba9dae9_config-0] Notify connected event to listeners.
14:11:05.810 [main] INFO  c.a.n.c.r.client - [lambda$createClient$0,80] - [RpcClientFactory] create a new rpc client of 6238dac2-2dd9-40ee-bcfb-7a1e4ef02e8a
14:11:05.811 [main] INFO  c.a.n.c.r.client - [printIfInfoEnabled,60] - [6238dac2-2dd9-40ee-bcfb-7a1e4ef02e8a] RpcClient init label, labels = {module=naming, source=sdk}
14:11:05.813 [main] INFO  c.a.n.c.r.client - [printIfInfoEnabled,60] - [6238dac2-2dd9-40ee-bcfb-7a1e4ef02e8a] RpcClient init, ServerListFactory = com.alibaba.nacos.client.naming.core.ServerListManager
14:11:05.813 [main] INFO  c.a.n.c.r.client - [printIfInfoEnabled,60] - [6238dac2-2dd9-40ee-bcfb-7a1e4ef02e8a] Registry connection listener to current client:com.alibaba.nacos.client.naming.remote.gprc.redo.NamingGrpcRedoService
14:11:05.814 [main] INFO  c.a.n.c.r.client - [printIfInfoEnabled,60] - [6238dac2-2dd9-40ee-bcfb-7a1e4ef02e8a] Register server push request handler:com.alibaba.nacos.client.naming.remote.gprc.NamingPushRequestHandler
14:11:05.815 [main] INFO  c.a.n.c.r.client - [printIfInfoEnabled,60] - [6238dac2-2dd9-40ee-bcfb-7a1e4ef02e8a] Try to connect to server on start up, server: {serverIp = '127.0.0.1', server main port = 8848}
14:11:05.952 [main] INFO  c.a.n.c.r.client - [printIfInfoEnabled,60] - [6238dac2-2dd9-40ee-bcfb-7a1e4ef02e8a] Success to connect to server [127.0.0.1:8848] on start up, connectionId = 1683958265830_127.0.0.1_49781
14:11:05.953 [main] INFO  c.a.n.c.r.client - [printIfInfoEnabled,60] - [6238dac2-2dd9-40ee-bcfb-7a1e4ef02e8a] Register server push request handler:com.alibaba.nacos.common.remote.client.RpcClient$ConnectResetRequestHandler
14:11:05.953 [com.alibaba.nacos.client.remote.worker] INFO  c.a.n.c.r.client - [printIfInfoEnabled,60] - [6238dac2-2dd9-40ee-bcfb-7a1e4ef02e8a] Notify connected event to listeners.
14:11:05.953 [main] INFO  c.a.n.c.r.client - [printIfInfoEnabled,60] - [6238dac2-2dd9-40ee-bcfb-7a1e4ef02e8a] Register server push request handler:com.alibaba.nacos.common.remote.client.RpcClient$$Lambda$475/0x000000080101cdb0
14:11:06.178 [main] INFO  c.a.c.n.r.NacosServiceRegistry - [register,75] - nacos registry, DEFAULT_GROUP cms-gateway 172.20.10.2:8080 register finished
14:11:06.309 [main] INFO  c.c.g.RuoYiGatewayApplication - [logStarted,61] - Started RuoYiGatewayApplication in 11.282 seconds (JVM running for 12.296)
14:11:06.318 [main] INFO  c.a.c.n.r.NacosContextRefresher - [registerNacosListener,129] - [Nacos Config] Listening config: dataId=cms-gateway, group=DEFAULT_GROUP
14:11:06.319 [main] INFO  c.a.c.n.r.NacosContextRefresher - [registerNacosListener,129] - [Nacos Config] Listening config: dataId=cms-gateway.yml, group=DEFAULT_GROUP
14:11:06.337 [main] INFO  c.a.c.n.r.NacosContextRefresher - [registerNacosListener,129] - [Nacos Config] Listening config: dataId=cms-gateway-dev.yml, group=DEFAULT_GROUP
14:11:06.524 [nacos-grpc-client-executor-4] INFO  c.a.n.c.r.client - [printIfInfoEnabled,60] - [6238dac2-2dd9-40ee-bcfb-7a1e4ef02e8a] Receive server push request, request = NotifySubscriberRequest, requestId = 31
14:11:06.531 [nacos-grpc-client-executor-4] INFO  c.a.n.c.r.client - [printIfInfoEnabled,60] - [6238dac2-2dd9-40ee-bcfb-7a1e4ef02e8a] Ack server push request, request = NotifySubscriberRequest, requestId = 31
14:11:06.707 [nacos-grpc-client-executor-5] INFO  c.a.n.c.r.client - [printIfInfoEnabled,60] - [6238dac2-2dd9-40ee-bcfb-7a1e4ef02e8a] Receive server push request, request = NotifySubscriberRequest, requestId = 32
14:11:06.707 [nacos-grpc-client-executor-5] INFO  c.a.n.c.r.client - [printIfInfoEnabled,60] - [6238dac2-2dd9-40ee-bcfb-7a1e4ef02e8a] Ack server push request, request = NotifySubscriberRequest, requestId = 32
14:11:06.710 [nacos-grpc-client-executor-8] INFO  c.a.n.c.r.client - [printIfInfoEnabled,60] - [6238dac2-2dd9-40ee-bcfb-7a1e4ef02e8a] Receive server push request, request = NotifySubscriberRequest, requestId = 36
14:11:06.710 [nacos-grpc-client-executor-8] INFO  c.a.n.c.r.client - [printIfInfoEnabled,60] - [6238dac2-2dd9-40ee-bcfb-7a1e4ef02e8a] Ack server push request, request = NotifySubscriberRequest, requestId = 36
14:11:06.712 [nacos-grpc-client-executor-9] INFO  c.a.n.c.r.client - [printIfInfoEnabled,60] - [6238dac2-2dd9-40ee-bcfb-7a1e4ef02e8a] Receive server push request, request = NotifySubscriberRequest, requestId = 35
14:11:06.713 [nacos-grpc-client-executor-9] INFO  c.a.n.c.r.client - [printIfInfoEnabled,60] - [6238dac2-2dd9-40ee-bcfb-7a1e4ef02e8a] Ack server push request, request = NotifySubscriberRequest, requestId = 35
14:11:06.715 [nacos-grpc-client-executor-10] INFO  c.a.n.c.r.client - [printIfInfoEnabled,60] - [6238dac2-2dd9-40ee-bcfb-7a1e4ef02e8a] Receive server push request, request = NotifySubscriberRequest, requestId = 34
14:11:06.716 [nacos-grpc-client-executor-10] INFO  c.a.n.c.r.client - [printIfInfoEnabled,60] - [6238dac2-2dd9-40ee-bcfb-7a1e4ef02e8a] Ack server push request, request = NotifySubscriberRequest, requestId = 34
14:11:06.718 [nacos-grpc-client-executor-11] INFO  c.a.n.c.r.client - [printIfInfoEnabled,60] - [6238dac2-2dd9-40ee-bcfb-7a1e4ef02e8a] Receive server push request, request = NotifySubscriberRequest, requestId = 33
14:11:06.718 [nacos-grpc-client-executor-11] INFO  c.a.n.c.r.client - [printIfInfoEnabled,60] - [6238dac2-2dd9-40ee-bcfb-7a1e4ef02e8a] Ack server push request, request = NotifySubscriberRequest, requestId = 33
14:11:06.720 [nacos-grpc-client-executor-12] INFO  c.a.n.c.r.client - [printIfInfoEnabled,60] - [6238dac2-2dd9-40ee-bcfb-7a1e4ef02e8a] Receive server push request, request = NotifySubscriberRequest, requestId = 37
14:11:06.720 [nacos-grpc-client-executor-12] INFO  c.a.n.c.r.client - [printIfInfoEnabled,60] - [6238dac2-2dd9-40ee-bcfb-7a1e4ef02e8a] Ack server push request, request = NotifySubscriberRequest, requestId = 37
14:11:12.230 [nacos-grpc-client-executor-39] INFO  c.a.n.c.r.client - [printIfInfoEnabled,60] - [6238dac2-2dd9-40ee-bcfb-7a1e4ef02e8a] Receive server push request, request = NotifySubscriberRequest, requestId = 39
14:11:12.232 [nacos-grpc-client-executor-39] INFO  c.a.n.c.r.client - [printIfInfoEnabled,60] - [6238dac2-2dd9-40ee-bcfb-7a1e4ef02e8a] Ack server push request, request = NotifySubscriberRequest, requestId = 39
14:11:14.151 [nacos-grpc-client-executor-45] INFO  c.a.n.c.r.client - [printIfInfoEnabled,60] - [6238dac2-2dd9-40ee-bcfb-7a1e4ef02e8a] Receive server push request, request = NotifySubscriberRequest, requestId = 40
14:11:14.153 [nacos-grpc-client-executor-45] INFO  c.a.n.c.r.client - [printIfInfoEnabled,60] - [6238dac2-2dd9-40ee-bcfb-7a1e4ef02e8a] Ack server push request, request = NotifySubscriberRequest, requestId = 40
14:11:15.477 [nacos-grpc-client-executor-46] INFO  c.a.n.c.r.client - [printIfInfoEnabled,60] - [6238dac2-2dd9-40ee-bcfb-7a1e4ef02e8a] Receive server push request, request = NotifySubscriberRequest, requestId = 48
14:11:15.481 [nacos-grpc-client-executor-46] INFO  c.a.n.c.r.client - [printIfInfoEnabled,60] - [6238dac2-2dd9-40ee-bcfb-7a1e4ef02e8a] Ack server push request, request = NotifySubscriberRequest, requestId = 48
14:24:54.447 [nacos-grpc-client-executor-492] INFO  c.a.n.c.r.client - [printIfInfoEnabled,60] - [6238dac2-2dd9-40ee-bcfb-7a1e4ef02e8a] Receive server push request, request = NotifySubscriberRequest, requestId = 52
14:24:54.449 [nacos-grpc-client-executor-492] INFO  c.a.n.c.r.client - [printIfInfoEnabled,60] - [6238dac2-2dd9-40ee-bcfb-7a1e4ef02e8a] Ack server push request, request = NotifySubscriberRequest, requestId = 52
14:25:02.805 [nacos-grpc-client-executor-495] INFO  c.a.n.c.r.client - [printIfInfoEnabled,60] - [6238dac2-2dd9-40ee-bcfb-7a1e4ef02e8a] Receive server push request, request = NotifySubscriberRequest, requestId = 56
14:25:02.806 [nacos-grpc-client-executor-495] INFO  c.a.n.c.r.client - [printIfInfoEnabled,60] - [6238dac2-2dd9-40ee-bcfb-7a1e4ef02e8a] Ack server push request, request = NotifySubscriberRequest, requestId = 56
14:40:16.913 [nacos-grpc-client-executor-929] INFO  c.a.n.c.r.client - [printIfInfoEnabled,60] - [6238dac2-2dd9-40ee-bcfb-7a1e4ef02e8a] Receive server push request, request = NotifySubscriberRequest, requestId = 63
14:40:16.922 [nacos-grpc-client-executor-929] INFO  c.a.n.c.r.client - [printIfInfoEnabled,60] - [6238dac2-2dd9-40ee-bcfb-7a1e4ef02e8a] Ack server push request, request = NotifySubscriberRequest, requestId = 63
14:40:25.182 [nacos-grpc-client-executor-933] INFO  c.a.n.c.r.client - [printIfInfoEnabled,60] - [6238dac2-2dd9-40ee-bcfb-7a1e4ef02e8a] Receive server push request, request = NotifySubscriberRequest, requestId = 65
14:40:25.184 [nacos-grpc-client-executor-933] INFO  c.a.n.c.r.client - [printIfInfoEnabled,60] - [6238dac2-2dd9-40ee-bcfb-7a1e4ef02e8a] Ack server push request, request = NotifySubscriberRequest, requestId = 65
15:04:22.066 [nacos-grpc-client-executor-1580] INFO  c.a.n.c.r.client - [printIfInfoEnabled,60] - [6238dac2-2dd9-40ee-bcfb-7a1e4ef02e8a] Receive server push request, request = NotifySubscriberRequest, requestId = 74
15:04:22.073 [nacos-grpc-client-executor-1580] INFO  c.a.n.c.r.client - [printIfInfoEnabled,60] - [6238dac2-2dd9-40ee-bcfb-7a1e4ef02e8a] Ack server push request, request = NotifySubscriberRequest, requestId = 74
15:04:35.759 [nacos-grpc-client-executor-1585] INFO  c.a.n.c.r.client - [printIfInfoEnabled,60] - [6238dac2-2dd9-40ee-bcfb-7a1e4ef02e8a] Receive server push request, request = NotifySubscriberRequest, requestId = 78
15:04:35.764 [nacos-grpc-client-executor-1585] INFO  c.a.n.c.r.client - [printIfInfoEnabled,60] - [6238dac2-2dd9-40ee-bcfb-7a1e4ef02e8a] Ack server push request, request = NotifySubscriberRequest, requestId = 78
15:10:56.384 [nacos-grpc-client-executor-1760] INFO  c.a.n.c.r.client - [printIfInfoEnabled,60] - [6238dac2-2dd9-40ee-bcfb-7a1e4ef02e8a] Receive server push request, request = NotifySubscriberRequest, requestId = 81
15:10:56.389 [nacos-grpc-client-executor-1760] INFO  c.a.n.c.r.client - [printIfInfoEnabled,60] - [6238dac2-2dd9-40ee-bcfb-7a1e4ef02e8a] Ack server push request, request = NotifySubscriberRequest, requestId = 81
15:11:11.217 [nacos-grpc-client-executor-1773] INFO  c.a.n.c.r.client - [printIfInfoEnabled,60] - [6238dac2-2dd9-40ee-bcfb-7a1e4ef02e8a] Receive server push request, request = NotifySubscriberRequest, requestId = 85
15:11:11.221 [nacos-grpc-client-executor-1773] INFO  c.a.n.c.r.client - [printIfInfoEnabled,60] - [6238dac2-2dd9-40ee-bcfb-7a1e4ef02e8a] Ack server push request, request = NotifySubscriberRequest, requestId = 85
15:15:03.110 [nacos-grpc-client-executor-1868] INFO  c.a.n.c.r.client - [printIfInfoEnabled,60] - [6238dac2-2dd9-40ee-bcfb-7a1e4ef02e8a] Receive server push request, request = NotifySubscriberRequest, requestId = 88
15:15:03.117 [nacos-grpc-client-executor-1868] INFO  c.a.n.c.r.client - [printIfInfoEnabled,60] - [6238dac2-2dd9-40ee-bcfb-7a1e4ef02e8a] Ack server push request, request = NotifySubscriberRequest, requestId = 88
15:15:16.590 [nacos-grpc-client-executor-1882] INFO  c.a.n.c.r.client - [printIfInfoEnabled,60] - [6238dac2-2dd9-40ee-bcfb-7a1e4ef02e8a] Receive server push request, request = NotifySubscriberRequest, requestId = 92
15:15:16.591 [nacos-grpc-client-executor-1882] INFO  c.a.n.c.r.client - [printIfInfoEnabled,60] - [6238dac2-2dd9-40ee-bcfb-7a1e4ef02e8a] Ack server push request, request = NotifySubscriberRequest, requestId = 92
15:35:14.980 [nacos-grpc-client-executor-2394] INFO  c.a.n.c.r.client - [printIfInfoEnabled,60] - [6238dac2-2dd9-40ee-bcfb-7a1e4ef02e8a] Receive server push request, request = NotifySubscriberRequest, requestId = 95
15:35:14.984 [nacos-grpc-client-executor-2394] INFO  c.a.n.c.r.client - [printIfInfoEnabled,60] - [6238dac2-2dd9-40ee-bcfb-7a1e4ef02e8a] Ack server push request, request = NotifySubscriberRequest, requestId = 95
15:35:30.410 [nacos-grpc-client-executor-2401] INFO  c.a.n.c.r.client - [printIfInfoEnabled,60] - [6238dac2-2dd9-40ee-bcfb-7a1e4ef02e8a] Receive server push request, request = NotifySubscriberRequest, requestId = 99
15:35:30.419 [nacos-grpc-client-executor-2401] INFO  c.a.n.c.r.client - [printIfInfoEnabled,60] - [6238dac2-2dd9-40ee-bcfb-7a1e4ef02e8a] Ack server push request, request = NotifySubscriberRequest, requestId = 99
16:50:01.792 [nacos-grpc-client-executor-4241] INFO  c.a.n.c.r.client - [printIfInfoEnabled,60] - [6238dac2-2dd9-40ee-bcfb-7a1e4ef02e8a] Receive server push request, request = NotifySubscriberRequest, requestId = 102
16:50:01.797 [nacos-grpc-client-executor-4241] INFO  c.a.n.c.r.client - [printIfInfoEnabled,60] - [6238dac2-2dd9-40ee-bcfb-7a1e4ef02e8a] Ack server push request, request = NotifySubscriberRequest, requestId = 102
16:50:16.289 [nacos-grpc-client-executor-4255] INFO  c.a.n.c.r.client - [printIfInfoEnabled,60] - [6238dac2-2dd9-40ee-bcfb-7a1e4ef02e8a] Receive server push request, request = NotifySubscriberRequest, requestId = 105
16:50:16.296 [nacos-grpc-client-executor-4255] INFO  c.a.n.c.r.client - [printIfInfoEnabled,60] - [6238dac2-2dd9-40ee-bcfb-7a1e4ef02e8a] Ack server push request, request = NotifySubscriberRequest, requestId = 105
19:40:44.193 [nacos-grpc-client-executor-7013] INFO  c.a.n.c.r.client - [printIfInfoEnabled,60] - [6238dac2-2dd9-40ee-bcfb-7a1e4ef02e8a] Receive server push request, request = NotifySubscriberRequest, requestId = 109
19:40:44.196 [nacos-grpc-client-executor-7013] INFO  c.a.n.c.r.client - [printIfInfoEnabled,60] - [6238dac2-2dd9-40ee-bcfb-7a1e4ef02e8a] Ack server push request, request = NotifySubscriberRequest, requestId = 109
19:40:44.397 [nacos-grpc-client-executor-7014] INFO  c.a.n.c.r.client - [printIfInfoEnabled,60] - [6238dac2-2dd9-40ee-bcfb-7a1e4ef02e8a] Receive server push request, request = NotifySubscriberRequest, requestId = 111
19:40:44.398 [nacos-grpc-client-executor-7014] INFO  c.a.n.c.r.client - [printIfInfoEnabled,60] - [6238dac2-2dd9-40ee-bcfb-7a1e4ef02e8a] Ack server push request, request = NotifySubscriberRequest, requestId = 111
19:40:44.400 [nacos-grpc-client-executor-7015] INFO  c.a.n.c.r.client - [printIfInfoEnabled,60] - [6238dac2-2dd9-40ee-bcfb-7a1e4ef02e8a] Receive server push request, request = NotifySubscriberRequest, requestId = 113
19:40:44.401 [nacos-grpc-client-executor-7015] INFO  c.a.n.c.r.client - [printIfInfoEnabled,60] - [6238dac2-2dd9-40ee-bcfb-7a1e4ef02e8a] Ack server push request, request = NotifySubscriberRequest, requestId = 113
19:40:44.606 [nacos-grpc-client-executor-7016] INFO  c.a.n.c.r.client - [printIfInfoEnabled,60] - [6238dac2-2dd9-40ee-bcfb-7a1e4ef02e8a] Receive server push request, request = NotifySubscriberRequest, requestId = 115
19:40:44.609 [nacos-grpc-client-executor-7016] INFO  c.a.n.c.r.client - [printIfInfoEnabled,60] - [6238dac2-2dd9-40ee-bcfb-7a1e4ef02e8a] Ack server push request, request = NotifySubscriberRequest, requestId = 115
19:40:45.640 [nacos-grpc-client-executor-7017] INFO  c.a.n.c.r.client - [printIfInfoEnabled,60] - [6238dac2-2dd9-40ee-bcfb-7a1e4ef02e8a] Receive server push request, request = NotifySubscriberRequest, requestId = 117
19:40:45.641 [nacos-grpc-client-executor-7017] INFO  c.a.n.c.r.client - [printIfInfoEnabled,60] - [6238dac2-2dd9-40ee-bcfb-7a1e4ef02e8a] Ack server push request, request = NotifySubscriberRequest, requestId = 117
19:40:46.637 [nacos-grpc-client-executor-7018] INFO  c.a.n.c.r.client - [printIfInfoEnabled,60] - [6238dac2-2dd9-40ee-bcfb-7a1e4ef02e8a] Receive server push request, request = NotifySubscriberRequest, requestId = 118
19:40:46.638 [nacos-grpc-client-executor-7018] INFO  c.a.n.c.r.client - [printIfInfoEnabled,60] - [6238dac2-2dd9-40ee-bcfb-7a1e4ef02e8a] Ack server push request, request = NotifySubscriberRequest, requestId = 118
19:40:46.751 [SpringApplicationShutdownHook] INFO  c.a.c.n.r.NacosServiceRegistry - [deregister,94] - De-registering from Nacos Server now...
19:40:46.755 [SpringApplicationShutdownHook] INFO  c.a.c.n.r.NacosServiceRegistry - [deregister,114] - De-registration finished.
19:40:47.063 [SpringApplicationShutdownHook] INFO  c.a.n.c.r.client - [shutdown,454] - Shutdown rpc client, set status to shutdown
19:40:47.064 [SpringApplicationShutdownHook] INFO  c.a.n.c.r.client - [shutdown,456] - Shutdown client event executor java.util.concurrent.ScheduledThreadPoolExecutor@de6dce[Running, pool size = 2, active threads = 2, queued tasks = 0, completed tasks = 0]
19:40:47.065 [SpringApplicationShutdownHook] INFO  c.a.n.c.r.client - [closeConnection,591] - Close current connection 1683958265830_127.0.0.1_49781
19:40:47.069 [nacos-grpc-client-executor-7021] INFO  c.a.n.c.r.c.g.GrpcClient - [printIfInfoEnabled,60] - [1683958265830_127.0.0.1_49781]Ignore complete event,isRunning:false,isAbandon=false
19:40:47.080 [SpringApplicationShutdownHook] INFO  c.a.n.c.r.c.g.GrpcClient - [shutdown,85] - Shutdown grpc executor java.util.concurrent.ThreadPoolExecutor@67425347[Running, pool size = 11, active threads = 0, queued tasks = 0, completed tasks = 7069]
19:40:57.310 [background-preinit] INFO  o.h.v.i.util.Version - [<clinit>,21] - HV000001: Hibernate Validator 6.2.5.Final
19:40:58.153 [main] INFO  c.a.n.c.r.client - [lambda$createClient$0,80] - [RpcClientFactory] create a new rpc client of e8e713a0-0ff9-4f45-9c13-7b440e739cb6_config-0
19:40:58.221 [main] INFO  o.r.Reflections - [scan,232] - Reflections took 46 ms to scan 1 urls, producing 3 keys and 6 values 
19:40:58.271 [main] INFO  o.r.Reflections - [scan,232] - Reflections took 27 ms to scan 1 urls, producing 4 keys and 9 values 
19:40:58.296 [main] INFO  o.r.Reflections - [scan,232] - Reflections took 22 ms to scan 1 urls, producing 3 keys and 10 values 
19:40:58.323 [main] INFO  o.r.Reflections - [scan,232] - Reflections took 21 ms to scan 1 urls, producing 1 keys and 5 values 
19:40:58.367 [main] INFO  o.r.Reflections - [scan,232] - Reflections took 39 ms to scan 1 urls, producing 1 keys and 7 values 
19:40:58.395 [main] INFO  o.r.Reflections - [scan,232] - Reflections took 17 ms to scan 1 urls, producing 2 keys and 8 values 
19:40:58.402 [main] INFO  c.a.n.c.r.client - [printIfInfoEnabled,60] - [e8e713a0-0ff9-4f45-9c13-7b440e739cb6_config-0] RpcClient init label, labels = {module=config, Vipserver-Tag=null, source=sdk, Amory-Tag=null, Location-Tag=null, taskId=0, AppName=unknown}
19:40:58.404 [main] INFO  c.a.n.c.r.client - [printIfInfoEnabled,60] - [e8e713a0-0ff9-4f45-9c13-7b440e739cb6_config-0] Register server push request handler:com.alibaba.nacos.client.config.impl.ClientWorker$ConfigRpcTransportClient$$Lambda$463/0x0000000800f1b940
19:40:58.405 [main] INFO  c.a.n.c.r.client - [printIfInfoEnabled,60] - [e8e713a0-0ff9-4f45-9c13-7b440e739cb6_config-0] Register server push request handler:com.alibaba.nacos.client.config.impl.ClientWorker$ConfigRpcTransportClient$$Lambda$464/0x0000000800f1bb68
19:40:58.406 [main] INFO  c.a.n.c.r.client - [printIfInfoEnabled,60] - [e8e713a0-0ff9-4f45-9c13-7b440e739cb6_config-0] Registry connection listener to current client:com.alibaba.nacos.client.config.impl.ClientWorker$ConfigRpcTransportClient$1
19:40:58.407 [main] INFO  c.a.n.c.r.client - [printIfInfoEnabled,60] - [e8e713a0-0ff9-4f45-9c13-7b440e739cb6_config-0] RpcClient init, ServerListFactory = com.alibaba.nacos.client.config.impl.ClientWorker$ConfigRpcTransportClient$2
19:40:58.423 [main] INFO  c.a.n.c.r.client - [printIfInfoEnabled,60] - [e8e713a0-0ff9-4f45-9c13-7b440e739cb6_config-0] Try to connect to server on start up, server: {serverIp = '127.0.0.1', server main port = 8848}
19:40:59.207 [main] INFO  c.a.n.c.r.client - [printIfInfoEnabled,60] - [e8e713a0-0ff9-4f45-9c13-7b440e739cb6_config-0] Success to connect to server [127.0.0.1:8848] on start up, connectionId = 1683978058983_127.0.0.1_58408
19:40:59.208 [com.alibaba.nacos.client.remote.worker] INFO  c.a.n.c.r.client - [printIfInfoEnabled,60] - [e8e713a0-0ff9-4f45-9c13-7b440e739cb6_config-0] Notify connected event to listeners.
19:40:59.208 [main] INFO  c.a.n.c.r.client - [printIfInfoEnabled,60] - [e8e713a0-0ff9-4f45-9c13-7b440e739cb6_config-0] Register server push request handler:com.alibaba.nacos.common.remote.client.RpcClient$ConnectResetRequestHandler
19:40:59.209 [main] INFO  c.a.n.c.r.client - [printIfInfoEnabled,60] - [e8e713a0-0ff9-4f45-9c13-7b440e739cb6_config-0] Register server push request handler:com.alibaba.nacos.common.remote.client.RpcClient$$Lambda$475/0x000000080101c290
19:40:59.333 [main] INFO  c.c.g.RuoYiGatewayApplication - [logStartupProfileInfo,637] - The following 1 profile is active: "dev"
19:41:04.733 [main] INFO  c.a.c.s.g.s.SentinelSCGAutoConfiguration - [sentinelGatewayFilter,144] - [Sentinel SpringCloudGateway] register SentinelGatewayFilter with order: -2147483648
19:41:06.136 [main] INFO  c.a.c.s.g.s.SentinelSCGAutoConfiguration - [sentinelGatewayBlockExceptionHandler,134] - [Sentinel SpringCloudGateway] register SentinelGatewayBlockExceptionHandler
19:41:07.045 [main] INFO  c.a.n.c.r.client - [lambda$createClient$0,80] - [RpcClientFactory] create a new rpc client of 8a4ed795-351f-4c10-b66a-752526dcfa7f_config-0
19:41:07.046 [main] INFO  c.a.n.c.r.client - [printIfInfoEnabled,60] - [8a4ed795-351f-4c10-b66a-752526dcfa7f_config-0] RpcClient init label, labels = {module=config, Vipserver-Tag=null, source=sdk, Amory-Tag=null, Location-Tag=null, taskId=0, AppName=unknown}
19:41:07.046 [main] INFO  c.a.n.c.r.client - [printIfInfoEnabled,60] - [8a4ed795-351f-4c10-b66a-752526dcfa7f_config-0] Register server push request handler:com.alibaba.nacos.client.config.impl.ClientWorker$ConfigRpcTransportClient$$Lambda$463/0x0000000800f1b940
19:41:07.046 [main] INFO  c.a.n.c.r.client - [printIfInfoEnabled,60] - [8a4ed795-351f-4c10-b66a-752526dcfa7f_config-0] Register server push request handler:com.alibaba.nacos.client.config.impl.ClientWorker$ConfigRpcTransportClient$$Lambda$464/0x0000000800f1bb68
19:41:07.046 [main] INFO  c.a.n.c.r.client - [printIfInfoEnabled,60] - [8a4ed795-351f-4c10-b66a-752526dcfa7f_config-0] Registry connection listener to current client:com.alibaba.nacos.client.config.impl.ClientWorker$ConfigRpcTransportClient$1
19:41:07.046 [main] INFO  c.a.n.c.r.client - [printIfInfoEnabled,60] - [8a4ed795-351f-4c10-b66a-752526dcfa7f_config-0] RpcClient init, ServerListFactory = com.alibaba.nacos.client.config.impl.ClientWorker$ConfigRpcTransportClient$2
19:41:07.047 [main] INFO  c.a.n.c.r.client - [printIfInfoEnabled,60] - [8a4ed795-351f-4c10-b66a-752526dcfa7f_config-0] Try to connect to server on start up, server: {serverIp = '127.0.0.1', server main port = 8848}
19:41:07.188 [main] INFO  c.a.n.c.r.client - [printIfInfoEnabled,60] - [8a4ed795-351f-4c10-b66a-752526dcfa7f_config-0] Success to connect to server [127.0.0.1:8848] on start up, connectionId = 1683978067065_127.0.0.1_58439
19:41:07.188 [main] INFO  c.a.n.c.r.client - [printIfInfoEnabled,60] - [8a4ed795-351f-4c10-b66a-752526dcfa7f_config-0] Register server push request handler:com.alibaba.nacos.common.remote.client.RpcClient$ConnectResetRequestHandler
19:41:07.189 [com.alibaba.nacos.client.remote.worker] INFO  c.a.n.c.r.client - [printIfInfoEnabled,60] - [8a4ed795-351f-4c10-b66a-752526dcfa7f_config-0] Notify connected event to listeners.
19:41:07.189 [main] INFO  c.a.n.c.r.client - [printIfInfoEnabled,60] - [8a4ed795-351f-4c10-b66a-752526dcfa7f_config-0] Register server push request handler:com.alibaba.nacos.common.remote.client.RpcClient$$Lambda$475/0x000000080101c290
19:41:07.433 [main] INFO  c.a.n.c.r.client - [lambda$createClient$0,80] - [RpcClientFactory] create a new rpc client of 576d11df-1811-483a-a720-fe1fdeb2176a
19:41:07.434 [main] INFO  c.a.n.c.r.client - [printIfInfoEnabled,60] - [576d11df-1811-483a-a720-fe1fdeb2176a] RpcClient init label, labels = {module=naming, source=sdk}
19:41:07.436 [main] INFO  c.a.n.c.r.client - [printIfInfoEnabled,60] - [576d11df-1811-483a-a720-fe1fdeb2176a] RpcClient init, ServerListFactory = com.alibaba.nacos.client.naming.core.ServerListManager
19:41:07.436 [main] INFO  c.a.n.c.r.client - [printIfInfoEnabled,60] - [576d11df-1811-483a-a720-fe1fdeb2176a] Registry connection listener to current client:com.alibaba.nacos.client.naming.remote.gprc.redo.NamingGrpcRedoService
19:41:07.436 [main] INFO  c.a.n.c.r.client - [printIfInfoEnabled,60] - [576d11df-1811-483a-a720-fe1fdeb2176a] Register server push request handler:com.alibaba.nacos.client.naming.remote.gprc.NamingPushRequestHandler
19:41:07.437 [main] INFO  c.a.n.c.r.client - [printIfInfoEnabled,60] - [576d11df-1811-483a-a720-fe1fdeb2176a] Try to connect to server on start up, server: {serverIp = '127.0.0.1', server main port = 8848}
19:41:07.586 [main] INFO  c.a.n.c.r.client - [printIfInfoEnabled,60] - [576d11df-1811-483a-a720-fe1fdeb2176a] Success to connect to server [127.0.0.1:8848] on start up, connectionId = 1683978067457_127.0.0.1_58441
19:41:07.589 [main] INFO  c.a.n.c.r.client - [printIfInfoEnabled,60] - [576d11df-1811-483a-a720-fe1fdeb2176a] Register server push request handler:com.alibaba.nacos.common.remote.client.RpcClient$ConnectResetRequestHandler
19:41:07.589 [com.alibaba.nacos.client.remote.worker] INFO  c.a.n.c.r.client - [printIfInfoEnabled,60] - [576d11df-1811-483a-a720-fe1fdeb2176a] Notify connected event to listeners.
19:41:07.589 [main] INFO  c.a.n.c.r.client - [printIfInfoEnabled,60] - [576d11df-1811-483a-a720-fe1fdeb2176a] Register server push request handler:com.alibaba.nacos.common.remote.client.RpcClient$$Lambda$475/0x000000080101c290
19:41:07.792 [main] INFO  c.a.c.n.r.NacosServiceRegistry - [register,75] - nacos registry, DEFAULT_GROUP cms-gateway 192.168.1.9:8080 register finished
19:41:07.880 [main] INFO  c.c.g.RuoYiGatewayApplication - [logStarted,61] - Started RuoYiGatewayApplication in 11.577 seconds (JVM running for 12.701)
19:41:07.887 [main] INFO  c.a.c.n.r.NacosContextRefresher - [registerNacosListener,129] - [Nacos Config] Listening config: dataId=cms-gateway, group=DEFAULT_GROUP
19:41:07.890 [main] INFO  c.a.c.n.r.NacosContextRefresher - [registerNacosListener,129] - [Nacos Config] Listening config: dataId=cms-gateway.yml, group=DEFAULT_GROUP
19:41:07.892 [main] INFO  c.a.c.n.r.NacosContextRefresher - [registerNacosListener,129] - [Nacos Config] Listening config: dataId=cms-gateway-dev.yml, group=DEFAULT_GROUP
19:41:08.200 [nacos-grpc-client-executor-0] INFO  c.a.n.c.r.client - [printIfInfoEnabled,60] - [576d11df-1811-483a-a720-fe1fdeb2176a] Receive server push request, request = NotifySubscriberRequest, requestId = 121
19:41:08.205 [nacos-grpc-client-executor-0] INFO  c.a.n.c.r.client - [printIfInfoEnabled,60] - [576d11df-1811-483a-a720-fe1fdeb2176a] Ack server push request, request = NotifySubscriberRequest, requestId = 121
19:41:08.288 [nacos-grpc-client-executor-1] INFO  c.a.n.c.r.client - [printIfInfoEnabled,60] - [576d11df-1811-483a-a720-fe1fdeb2176a] Receive server push request, request = NotifySubscriberRequest, requestId = 123
19:41:08.289 [nacos-grpc-client-executor-1] INFO  c.a.n.c.r.client - [printIfInfoEnabled,60] - [576d11df-1811-483a-a720-fe1fdeb2176a] Ack server push request, request = NotifySubscriberRequest, requestId = 123
19:41:08.291 [nacos-grpc-client-executor-2] INFO  c.a.n.c.r.client - [printIfInfoEnabled,60] - [576d11df-1811-483a-a720-fe1fdeb2176a] Receive server push request, request = NotifySubscriberRequest, requestId = 126
19:41:08.292 [nacos-grpc-client-executor-2] INFO  c.a.n.c.r.client - [printIfInfoEnabled,60] - [576d11df-1811-483a-a720-fe1fdeb2176a] Ack server push request, request = NotifySubscriberRequest, requestId = 126
19:41:08.294 [nacos-grpc-client-executor-3] INFO  c.a.n.c.r.client - [printIfInfoEnabled,60] - [576d11df-1811-483a-a720-fe1fdeb2176a] Receive server push request, request = NotifySubscriberRequest, requestId = 124
19:41:08.294 [nacos-grpc-client-executor-3] INFO  c.a.n.c.r.client - [printIfInfoEnabled,60] - [576d11df-1811-483a-a720-fe1fdeb2176a] Ack server push request, request = NotifySubscriberRequest, requestId = 124
19:41:08.296 [nacos-grpc-client-executor-4] INFO  c.a.n.c.r.client - [printIfInfoEnabled,60] - [576d11df-1811-483a-a720-fe1fdeb2176a] Receive server push request, request = NotifySubscriberRequest, requestId = 125
19:41:08.297 [nacos-grpc-client-executor-4] INFO  c.a.n.c.r.client - [printIfInfoEnabled,60] - [576d11df-1811-483a-a720-fe1fdeb2176a] Ack server push request, request = NotifySubscriberRequest, requestId = 125
19:41:08.299 [nacos-grpc-client-executor-5] INFO  c.a.n.c.r.client - [printIfInfoEnabled,60] - [576d11df-1811-483a-a720-fe1fdeb2176a] Receive server push request, request = NotifySubscriberRequest, requestId = 122
19:41:08.299 [nacos-grpc-client-executor-5] INFO  c.a.n.c.r.client - [printIfInfoEnabled,60] - [576d11df-1811-483a-a720-fe1fdeb2176a] Ack server push request, request = NotifySubscriberRequest, requestId = 122
19:41:08.302 [nacos-grpc-client-executor-6] INFO  c.a.n.c.r.client - [printIfInfoEnabled,60] - [576d11df-1811-483a-a720-fe1fdeb2176a] Receive server push request, request = NotifySubscriberRequest, requestId = 127
19:41:08.302 [nacos-grpc-client-executor-6] INFO  c.a.n.c.r.client - [printIfInfoEnabled,60] - [576d11df-1811-483a-a720-fe1fdeb2176a] Ack server push request, request = NotifySubscriberRequest, requestId = 127
19:41:15.948 [nacos-grpc-client-executor-42] INFO  c.a.n.c.r.client - [printIfInfoEnabled,60] - [576d11df-1811-483a-a720-fe1fdeb2176a] Receive server push request, request = NotifySubscriberRequest, requestId = 128
19:41:15.950 [nacos-grpc-client-executor-42] INFO  c.a.n.c.r.client - [printIfInfoEnabled,60] - [576d11df-1811-483a-a720-fe1fdeb2176a] Ack server push request, request = NotifySubscriberRequest, requestId = 128
19:41:19.188 [nacos-grpc-client-executor-65] INFO  c.a.n.c.r.client - [printIfInfoEnabled,60] - [576d11df-1811-483a-a720-fe1fdeb2176a] Receive server push request, request = NotifySubscriberRequest, requestId = 130
19:41:19.190 [nacos-grpc-client-executor-65] INFO  c.a.n.c.r.client - [printIfInfoEnabled,60] - [576d11df-1811-483a-a720-fe1fdeb2176a] Ack server push request, request = NotifySubscriberRequest, requestId = 130
19:41:20.417 [nacos-grpc-client-executor-66] INFO  c.a.n.c.r.client - [printIfInfoEnabled,60] - [576d11df-1811-483a-a720-fe1fdeb2176a] Receive server push request, request = NotifySubscriberRequest, requestId = 139
19:41:20.418 [nacos-grpc-client-executor-66] INFO  c.a.n.c.r.client - [printIfInfoEnabled,60] - [576d11df-1811-483a-a720-fe1fdeb2176a] Ack server push request, request = NotifySubscriberRequest, requestId = 139
19:41:27.155 [nacos-grpc-client-executor-69] INFO  c.a.n.c.r.client - [printIfInfoEnabled,60] - [576d11df-1811-483a-a720-fe1fdeb2176a] Receive server push request, request = NotifySubscriberRequest, requestId = 141
19:41:27.156 [nacos-grpc-client-executor-69] INFO  c.a.n.c.r.client - [printIfInfoEnabled,60] - [576d11df-1811-483a-a720-fe1fdeb2176a] Ack server push request, request = NotifySubscriberRequest, requestId = 141
20:49:28.860 [nacos-grpc-client-executor-2157] INFO  c.a.n.c.r.client - [printIfInfoEnabled,60] - [576d11df-1811-483a-a720-fe1fdeb2176a] Receive server push request, request = NotifySubscriberRequest, requestId = 146
20:49:28.866 [nacos-grpc-client-executor-2157] INFO  c.a.n.c.r.client - [printIfInfoEnabled,60] - [576d11df-1811-483a-a720-fe1fdeb2176a] Ack server push request, request = NotifySubscriberRequest, requestId = 146
20:49:41.356 [nacos-grpc-client-executor-2164] INFO  c.a.n.c.r.client - [printIfInfoEnabled,60] - [576d11df-1811-483a-a720-fe1fdeb2176a] Receive server push request, request = NotifySubscriberRequest, requestId = 149
20:49:41.358 [nacos-grpc-client-executor-2164] INFO  c.a.n.c.r.client - [printIfInfoEnabled,60] - [576d11df-1811-483a-a720-fe1fdeb2176a] Ack server push request, request = NotifySubscriberRequest, requestId = 149
20:56:45.872 [nacos-grpc-client-executor-2352] INFO  c.a.n.c.r.client - [printIfInfoEnabled,60] - [576d11df-1811-483a-a720-fe1fdeb2176a] Receive server push request, request = NotifySubscriberRequest, requestId = 153
20:56:45.876 [nacos-grpc-client-executor-2352] INFO  c.a.n.c.r.client - [printIfInfoEnabled,60] - [576d11df-1811-483a-a720-fe1fdeb2176a] Ack server push request, request = NotifySubscriberRequest, requestId = 153
20:57:00.648 [nacos-grpc-client-executor-2356] INFO  c.a.n.c.r.client - [printIfInfoEnabled,60] - [576d11df-1811-483a-a720-fe1fdeb2176a] Receive server push request, request = NotifySubscriberRequest, requestId = 156
20:57:00.649 [nacos-grpc-client-executor-2356] INFO  c.a.n.c.r.client - [printIfInfoEnabled,60] - [576d11df-1811-483a-a720-fe1fdeb2176a] Ack server push request, request = NotifySubscriberRequest, requestId = 156
21:35:03.340 [nacos-grpc-client-executor-3448] INFO  c.a.n.c.r.client - [printIfInfoEnabled,60] - [576d11df-1811-483a-a720-fe1fdeb2176a] Receive server push request, request = NotifySubscriberRequest, requestId = 160
21:35:03.344 [nacos-grpc-client-executor-3448] INFO  c.a.n.c.r.client - [printIfInfoEnabled,60] - [576d11df-1811-483a-a720-fe1fdeb2176a] Ack server push request, request = NotifySubscriberRequest, requestId = 160
21:35:17.975 [nacos-grpc-client-executor-3462] INFO  c.a.n.c.r.client - [printIfInfoEnabled,60] - [576d11df-1811-483a-a720-fe1fdeb2176a] Receive server push request, request = NotifySubscriberRequest, requestId = 163
21:35:17.977 [nacos-grpc-client-executor-3462] INFO  c.a.n.c.r.client - [printIfInfoEnabled,60] - [576d11df-1811-483a-a720-fe1fdeb2176a] Ack server push request, request = NotifySubscriberRequest, requestId = 163
21:57:40.558 [nacos-grpc-client-executor-4103] INFO  c.a.n.c.r.client - [printIfInfoEnabled,60] - [576d11df-1811-483a-a720-fe1fdeb2176a] Receive server push request, request = NotifySubscriberRequest, requestId = 167
21:57:40.566 [nacos-grpc-client-executor-4103] INFO  c.a.n.c.r.client - [printIfInfoEnabled,60] - [576d11df-1811-483a-a720-fe1fdeb2176a] Ack server push request, request = NotifySubscriberRequest, requestId = 167
21:57:55.527 [nacos-grpc-client-executor-4106] INFO  c.a.n.c.r.client - [printIfInfoEnabled,60] - [576d11df-1811-483a-a720-fe1fdeb2176a] Receive server push request, request = NotifySubscriberRequest, requestId = 170
21:57:55.534 [nacos-grpc-client-executor-4106] INFO  c.a.n.c.r.client - [printIfInfoEnabled,60] - [576d11df-1811-483a-a720-fe1fdeb2176a] Ack server push request, request = NotifySubscriberRequest, requestId = 170
22:17:49.806 [nacos-grpc-client-executor-4674] INFO  c.a.n.c.r.client - [printIfInfoEnabled,60] - [576d11df-1811-483a-a720-fe1fdeb2176a] Receive server push request, request = NotifySubscriberRequest, requestId = 174
22:17:49.809 [nacos-grpc-client-executor-4674] INFO  c.a.n.c.r.client - [printIfInfoEnabled,60] - [576d11df-1811-483a-a720-fe1fdeb2176a] Ack server push request, request = NotifySubscriberRequest, requestId = 174
22:18:04.745 [nacos-grpc-client-executor-4677] INFO  c.a.n.c.r.client - [printIfInfoEnabled,60] - [576d11df-1811-483a-a720-fe1fdeb2176a] Receive server push request, request = NotifySubscriberRequest, requestId = 177
22:18:04.750 [nacos-grpc-client-executor-4677] INFO  c.a.n.c.r.client - [printIfInfoEnabled,60] - [576d11df-1811-483a-a720-fe1fdeb2176a] Ack server push request, request = NotifySubscriberRequest, requestId = 177
22:18:41.862 [nacos-grpc-client-executor-4703] INFO  c.a.n.c.r.client - [printIfInfoEnabled,60] - [576d11df-1811-483a-a720-fe1fdeb2176a] Receive server push request, request = NotifySubscriberRequest, requestId = 181
22:18:41.865 [nacos-grpc-client-executor-4703] INFO  c.a.n.c.r.client - [printIfInfoEnabled,60] - [576d11df-1811-483a-a720-fe1fdeb2176a] Ack server push request, request = NotifySubscriberRequest, requestId = 181
22:23:27.717 [nacos-grpc-client-executor-4851] INFO  c.a.n.c.r.client - [printIfInfoEnabled,60] - [576d11df-1811-483a-a720-fe1fdeb2176a] Receive server push request, request = NotifySubscriberRequest, requestId = 184
22:23:27.719 [nacos-grpc-client-executor-4851] INFO  c.a.n.c.r.client - [printIfInfoEnabled,60] - [576d11df-1811-483a-a720-fe1fdeb2176a] Ack server push request, request = NotifySubscriberRequest, requestId = 184
22:27:05.833 [nacos-grpc-client-executor-4954] INFO  c.a.n.c.r.client - [printIfInfoEnabled,60] - [576d11df-1811-483a-a720-fe1fdeb2176a] Receive server push request, request = NotifySubscriberRequest, requestId = 188
22:27:05.835 [nacos-grpc-client-executor-4954] INFO  c.a.n.c.r.client - [printIfInfoEnabled,60] - [576d11df-1811-483a-a720-fe1fdeb2176a] Ack server push request, request = NotifySubscriberRequest, requestId = 188
22:27:20.160 [nacos-grpc-client-executor-4970] INFO  c.a.n.c.r.client - [printIfInfoEnabled,60] - [576d11df-1811-483a-a720-fe1fdeb2176a] Receive server push request, request = NotifySubscriberRequest, requestId = 192
22:27:20.161 [nacos-grpc-client-executor-4970] INFO  c.a.n.c.r.client - [printIfInfoEnabled,60] - [576d11df-1811-483a-a720-fe1fdeb2176a] Ack server push request, request = NotifySubscriberRequest, requestId = 192
23:08:23.658 [nacos-grpc-client-executor-6225] INFO  c.a.n.c.r.client - [printIfInfoEnabled,60] - [576d11df-1811-483a-a720-fe1fdeb2176a] Receive server push request, request = NotifySubscriberRequest, requestId = 195
23:08:23.663 [nacos-grpc-client-executor-6225] INFO  c.a.n.c.r.client - [printIfInfoEnabled,60] - [576d11df-1811-483a-a720-fe1fdeb2176a] Ack server push request, request = NotifySubscriberRequest, requestId = 195
23:08:38.399 [nacos-grpc-client-executor-6235] INFO  c.a.n.c.r.client - [printIfInfoEnabled,60] - [576d11df-1811-483a-a720-fe1fdeb2176a] Receive server push request, request = NotifySubscriberRequest, requestId = 198
23:08:38.402 [nacos-grpc-client-executor-6235] INFO  c.a.n.c.r.client - [printIfInfoEnabled,60] - [576d11df-1811-483a-a720-fe1fdeb2176a] Ack server push request, request = NotifySubscriberRequest, requestId = 198
23:23:50.983 [nacos-grpc-client-executor-6703] INFO  c.a.n.c.r.client - [printIfInfoEnabled,60] - [576d11df-1811-483a-a720-fe1fdeb2176a] Receive server push request, request = NotifySubscriberRequest, requestId = 202
23:23:50.987 [nacos-grpc-client-executor-6703] INFO  c.a.n.c.r.client - [printIfInfoEnabled,60] - [576d11df-1811-483a-a720-fe1fdeb2176a] Ack server push request, request = NotifySubscriberRequest, requestId = 202
23:24:05.560 [nacos-grpc-client-executor-6706] INFO  c.a.n.c.r.client - [printIfInfoEnabled,60] - [576d11df-1811-483a-a720-fe1fdeb2176a] Receive server push request, request = NotifySubscriberRequest, requestId = 206
23:24:05.565 [nacos-grpc-client-executor-6706] INFO  c.a.n.c.r.client - [printIfInfoEnabled,60] - [576d11df-1811-483a-a720-fe1fdeb2176a] Ack server push request, request = NotifySubscriberRequest, requestId = 206
23:47:33.651 [nacos-grpc-client-executor-7365] INFO  c.a.n.c.r.client - [printIfInfoEnabled,60] - [576d11df-1811-483a-a720-fe1fdeb2176a] Receive server push request, request = NotifySubscriberRequest, requestId = 209
23:47:33.654 [nacos-grpc-client-executor-7365] INFO  c.a.n.c.r.client - [printIfInfoEnabled,60] - [576d11df-1811-483a-a720-fe1fdeb2176a] Ack server push request, request = NotifySubscriberRequest, requestId = 209
23:55:34.901 [nacos-grpc-client-executor-7604] INFO  c.a.n.c.r.client - [printIfInfoEnabled,60] - [576d11df-1811-483a-a720-fe1fdeb2176a] Receive server push request, request = NotifySubscriberRequest, requestId = 213
23:55:34.908 [nacos-grpc-client-executor-7604] INFO  c.a.n.c.r.client - [printIfInfoEnabled,60] - [576d11df-1811-483a-a720-fe1fdeb2176a] Ack server push request, request = NotifySubscriberRequest, requestId = 213
23:56:33.404 [nacos-grpc-client-executor-7630] INFO  c.a.n.c.r.client - [printIfInfoEnabled,60] - [576d11df-1811-483a-a720-fe1fdeb2176a] Receive server push request, request = NotifySubscriberRequest, requestId = 216
23:56:33.408 [nacos-grpc-client-executor-7630] INFO  c.a.n.c.r.client - [printIfInfoEnabled,60] - [576d11df-1811-483a-a720-fe1fdeb2176a] Ack server push request, request = NotifySubscriberRequest, requestId = 216
23:58:27.646 [nacos-grpc-client-executor-7686] INFO  c.a.n.c.r.client - [printIfInfoEnabled,60] - [576d11df-1811-483a-a720-fe1fdeb2176a] Receive server push request, request = NotifySubscriberRequest, requestId = 219
23:58:27.647 [nacos-grpc-client-executor-7686] INFO  c.a.n.c.r.client - [printIfInfoEnabled,60] - [576d11df-1811-483a-a720-fe1fdeb2176a] Ack server push request, request = NotifySubscriberRequest, requestId = 219
