20:37:17.315 [nacos-grpc-client-executor-58335] INFO  c.a.n.c.r.client - [printIfInfoEnabled,60] - [fd01412c-2bfd-4c85-816a-bcb3b388ec4e] Receive server push request, request = NotifySubscriberRequest, requestId = 130
20:37:17.329 [nacos-grpc-client-executor-58335] INFO  c.a.n.c.r.client - [printIfInfoEnabled,60] - [fd01412c-2bfd-4c85-816a-bcb3b388ec4e] Ack server push request, request = NotifySubscriberRequest, requestId = 130
20:38:46.593 [nacos-grpc-client-executor-58375] INFO  c.a.n.c.r.client - [printIfInfoEnabled,60] - [fd01412c-2bfd-4c85-816a-bcb3b388ec4e] Receive server push request, request = NotifySubscriberRequest, requestId = 133
20:38:46.595 [nacos-grpc-client-executor-58375] INFO  c.a.n.c.r.client - [printIfInfoEnabled,60] - [fd01412c-2bfd-4c85-816a-bcb3b388ec4e] Ack server push request, request = NotifySubscriberRequest, requestId = 133
20:39:29.211 [nacos-grpc-client-executor-58397] INFO  c.a.n.c.r.client - [printIfInfoEnabled,60] - [fd01412c-2bfd-4c85-816a-bcb3b388ec4e] Receive server push request, request = NotifySubscriberRequest, requestId = 135
20:39:29.212 [nacos-grpc-client-executor-58397] INFO  c.a.n.c.r.client - [printIfInfoEnabled,60] - [fd01412c-2bfd-4c85-816a-bcb3b388ec4e] Ack server push request, request = NotifySubscriberRequest, requestId = 135
20:39:50.444 [nacos-grpc-client-executor-58404] INFO  c.a.n.c.r.client - [printIfInfoEnabled,60] - [fd01412c-2bfd-4c85-816a-bcb3b388ec4e] Receive server push request, request = NotifySubscriberRequest, requestId = 137
20:39:50.445 [nacos-grpc-client-executor-58404] INFO  c.a.n.c.r.client - [printIfInfoEnabled,60] - [fd01412c-2bfd-4c85-816a-bcb3b388ec4e] Ack server push request, request = NotifySubscriberRequest, requestId = 137
20:39:51.973 [nacos-grpc-client-executor-58405] INFO  c.a.n.c.r.client - [printIfInfoEnabled,60] - [fd01412c-2bfd-4c85-816a-bcb3b388ec4e] Receive server push request, request = NotifySubscriberRequest, requestId = 139
20:39:51.974 [nacos-grpc-client-executor-58405] INFO  c.a.n.c.r.client - [printIfInfoEnabled,60] - [fd01412c-2bfd-4c85-816a-bcb3b388ec4e] Ack server push request, request = NotifySubscriberRequest, requestId = 139
20:39:52.397 [SpringApplicationShutdownHook] INFO  c.a.c.n.r.NacosServiceRegistry - [deregister,94] - De-registering from Nacos Server now...
20:39:52.399 [SpringApplicationShutdownHook] INFO  c.a.c.n.r.NacosServiceRegistry - [deregister,114] - De-registration finished.
20:39:52.710 [SpringApplicationShutdownHook] INFO  c.a.n.c.r.client - [shutdown,454] - Shutdown rpc client, set status to shutdown
20:39:52.710 [SpringApplicationShutdownHook] INFO  c.a.n.c.r.client - [shutdown,456] - Shutdown client event executor java.util.concurrent.ScheduledThreadPoolExecutor@1e4891d6[Running, pool size = 2, active threads = 2, queued tasks = 0, completed tasks = 0]
20:39:52.710 [SpringApplicationShutdownHook] INFO  c.a.n.c.r.client - [closeConnection,591] - Close current connection 1681559550792_127.0.0.1_55170
20:39:52.713 [nacos-grpc-client-executor-58408] INFO  c.a.n.c.r.c.g.GrpcClient - [printIfInfoEnabled,60] - [1681559550792_127.0.0.1_55170]Ignore complete event,isRunning:false,isAbandon=false
20:39:52.732 [SpringApplicationShutdownHook] INFO  c.a.n.c.r.c.g.GrpcClient - [shutdown,85] - Shutdown grpc executor java.util.concurrent.ThreadPoolExecutor@16fc8ccb[Running, pool size = 7, active threads = 0, queued tasks = 0, completed tasks = 58446]
20:40:38.378 [background-preinit] INFO  o.h.v.i.util.Version - [<clinit>,21] - HV000001: Hibernate Validator 6.2.5.Final
20:40:39.049 [main] INFO  c.a.n.c.r.client - [lambda$createClient$0,80] - [RpcClientFactory] create a new rpc client of e5699336-2fd6-44a8-9487-ccf67d836a26_config-0
20:40:39.118 [main] INFO  o.r.Reflections - [scan,232] - Reflections took 45 ms to scan 1 urls, producing 3 keys and 6 values 
20:40:39.155 [main] INFO  o.r.Reflections - [scan,232] - Reflections took 21 ms to scan 1 urls, producing 4 keys and 9 values 
20:40:39.175 [main] INFO  o.r.Reflections - [scan,232] - Reflections took 15 ms to scan 1 urls, producing 3 keys and 10 values 
20:40:39.195 [main] INFO  o.r.Reflections - [scan,232] - Reflections took 15 ms to scan 1 urls, producing 1 keys and 5 values 
20:40:39.222 [main] INFO  o.r.Reflections - [scan,232] - Reflections took 23 ms to scan 1 urls, producing 1 keys and 7 values 
20:40:39.235 [main] INFO  o.r.Reflections - [scan,232] - Reflections took 11 ms to scan 1 urls, producing 2 keys and 8 values 
20:40:39.238 [main] INFO  c.a.n.c.r.client - [printIfInfoEnabled,60] - [e5699336-2fd6-44a8-9487-ccf67d836a26_config-0] RpcClient init label, labels = {module=config, Vipserver-Tag=null, source=sdk, Amory-Tag=null, Location-Tag=null, taskId=0, AppName=unknown}
20:40:39.238 [main] INFO  c.a.n.c.r.client - [printIfInfoEnabled,60] - [e5699336-2fd6-44a8-9487-ccf67d836a26_config-0] Register server push request handler:com.alibaba.nacos.client.config.impl.ClientWorker$ConfigRpcTransportClient$$Lambda$463/0x0000000800f1c990
20:40:39.239 [main] INFO  c.a.n.c.r.client - [printIfInfoEnabled,60] - [e5699336-2fd6-44a8-9487-ccf67d836a26_config-0] Register server push request handler:com.alibaba.nacos.client.config.impl.ClientWorker$ConfigRpcTransportClient$$Lambda$464/0x0000000800f1cbb8
20:40:39.239 [main] INFO  c.a.n.c.r.client - [printIfInfoEnabled,60] - [e5699336-2fd6-44a8-9487-ccf67d836a26_config-0] Registry connection listener to current client:com.alibaba.nacos.client.config.impl.ClientWorker$ConfigRpcTransportClient$1
20:40:39.240 [main] INFO  c.a.n.c.r.client - [printIfInfoEnabled,60] - [e5699336-2fd6-44a8-9487-ccf67d836a26_config-0] RpcClient init, ServerListFactory = com.alibaba.nacos.client.config.impl.ClientWorker$ConfigRpcTransportClient$2
20:40:39.247 [main] INFO  c.a.n.c.r.client - [printIfInfoEnabled,60] - [e5699336-2fd6-44a8-9487-ccf67d836a26_config-0] Try to connect to server on start up, server: {serverIp = '127.0.0.1', server main port = 8848}
20:40:40.000 [main] INFO  c.a.n.c.r.client - [printIfInfoEnabled,60] - [e5699336-2fd6-44a8-9487-ccf67d836a26_config-0] Success to connect to server [127.0.0.1:8848] on start up, connectionId = 1681908039771_127.0.0.1_53873
20:40:40.000 [com.alibaba.nacos.client.remote.worker] INFO  c.a.n.c.r.client - [printIfInfoEnabled,60] - [e5699336-2fd6-44a8-9487-ccf67d836a26_config-0] Notify connected event to listeners.
20:40:40.001 [main] INFO  c.a.n.c.r.client - [printIfInfoEnabled,60] - [e5699336-2fd6-44a8-9487-ccf67d836a26_config-0] Register server push request handler:com.alibaba.nacos.common.remote.client.RpcClient$ConnectResetRequestHandler
20:40:40.001 [main] INFO  c.a.n.c.r.client - [printIfInfoEnabled,60] - [e5699336-2fd6-44a8-9487-ccf67d836a26_config-0] Register server push request handler:com.alibaba.nacos.common.remote.client.RpcClient$$Lambda$475/0x000000080101cba8
20:40:40.113 [main] INFO  c.c.g.RuoYiGatewayApplication - [logStartupProfileInfo,637] - The following 1 profile is active: "dev"
20:40:43.652 [main] INFO  c.a.c.s.g.s.SentinelSCGAutoConfiguration - [sentinelGatewayFilter,144] - [Sentinel SpringCloudGateway] register SentinelGatewayFilter with order: -2147483648
20:40:44.539 [main] INFO  c.a.c.s.g.s.SentinelSCGAutoConfiguration - [sentinelGatewayBlockExceptionHandler,134] - [Sentinel SpringCloudGateway] register SentinelGatewayBlockExceptionHandler
20:40:45.140 [main] INFO  c.a.n.c.r.client - [lambda$createClient$0,80] - [RpcClientFactory] create a new rpc client of 08d3d78b-8028-4702-8071-1c595e6004ff_config-0
20:40:45.140 [main] INFO  c.a.n.c.r.client - [printIfInfoEnabled,60] - [08d3d78b-8028-4702-8071-1c595e6004ff_config-0] RpcClient init label, labels = {module=config, Vipserver-Tag=null, source=sdk, Amory-Tag=null, Location-Tag=null, taskId=0, AppName=unknown}
20:40:45.141 [main] INFO  c.a.n.c.r.client - [printIfInfoEnabled,60] - [08d3d78b-8028-4702-8071-1c595e6004ff_config-0] Register server push request handler:com.alibaba.nacos.client.config.impl.ClientWorker$ConfigRpcTransportClient$$Lambda$463/0x0000000800f1c990
20:40:45.141 [main] INFO  c.a.n.c.r.client - [printIfInfoEnabled,60] - [08d3d78b-8028-4702-8071-1c595e6004ff_config-0] Register server push request handler:com.alibaba.nacos.client.config.impl.ClientWorker$ConfigRpcTransportClient$$Lambda$464/0x0000000800f1cbb8
20:40:45.141 [main] INFO  c.a.n.c.r.client - [printIfInfoEnabled,60] - [08d3d78b-8028-4702-8071-1c595e6004ff_config-0] Registry connection listener to current client:com.alibaba.nacos.client.config.impl.ClientWorker$ConfigRpcTransportClient$1
20:40:45.141 [main] INFO  c.a.n.c.r.client - [printIfInfoEnabled,60] - [08d3d78b-8028-4702-8071-1c595e6004ff_config-0] RpcClient init, ServerListFactory = com.alibaba.nacos.client.config.impl.ClientWorker$ConfigRpcTransportClient$2
20:40:45.142 [main] INFO  c.a.n.c.r.client - [printIfInfoEnabled,60] - [08d3d78b-8028-4702-8071-1c595e6004ff_config-0] Try to connect to server on start up, server: {serverIp = '127.0.0.1', server main port = 8848}
20:40:45.271 [main] INFO  c.a.n.c.r.client - [printIfInfoEnabled,60] - [08d3d78b-8028-4702-8071-1c595e6004ff_config-0] Success to connect to server [127.0.0.1:8848] on start up, connectionId = 1681908045157_127.0.0.1_53885
20:40:45.272 [main] INFO  c.a.n.c.r.client - [printIfInfoEnabled,60] - [08d3d78b-8028-4702-8071-1c595e6004ff_config-0] Register server push request handler:com.alibaba.nacos.common.remote.client.RpcClient$ConnectResetRequestHandler
20:40:45.272 [com.alibaba.nacos.client.remote.worker] INFO  c.a.n.c.r.client - [printIfInfoEnabled,60] - [08d3d78b-8028-4702-8071-1c595e6004ff_config-0] Notify connected event to listeners.
20:40:45.272 [main] INFO  c.a.n.c.r.client - [printIfInfoEnabled,60] - [08d3d78b-8028-4702-8071-1c595e6004ff_config-0] Register server push request handler:com.alibaba.nacos.common.remote.client.RpcClient$$Lambda$475/0x000000080101cba8
20:40:45.435 [main] INFO  c.a.n.c.r.client - [lambda$createClient$0,80] - [RpcClientFactory] create a new rpc client of e16b0558-b4fd-4d87-afd9-369424592518
20:40:45.435 [main] INFO  c.a.n.c.r.client - [printIfInfoEnabled,60] - [e16b0558-b4fd-4d87-afd9-369424592518] RpcClient init label, labels = {module=naming, source=sdk}
20:40:45.437 [main] INFO  c.a.n.c.r.client - [printIfInfoEnabled,60] - [e16b0558-b4fd-4d87-afd9-369424592518] RpcClient init, ServerListFactory = com.alibaba.nacos.client.naming.core.ServerListManager
20:40:45.438 [main] INFO  c.a.n.c.r.client - [printIfInfoEnabled,60] - [e16b0558-b4fd-4d87-afd9-369424592518] Registry connection listener to current client:com.alibaba.nacos.client.naming.remote.gprc.redo.NamingGrpcRedoService
20:40:45.438 [main] INFO  c.a.n.c.r.client - [printIfInfoEnabled,60] - [e16b0558-b4fd-4d87-afd9-369424592518] Register server push request handler:com.alibaba.nacos.client.naming.remote.gprc.NamingPushRequestHandler
20:40:45.439 [main] INFO  c.a.n.c.r.client - [printIfInfoEnabled,60] - [e16b0558-b4fd-4d87-afd9-369424592518] Try to connect to server on start up, server: {serverIp = '127.0.0.1', server main port = 8848}
20:40:45.585 [main] INFO  c.a.n.c.r.client - [printIfInfoEnabled,60] - [e16b0558-b4fd-4d87-afd9-369424592518] Success to connect to server [127.0.0.1:8848] on start up, connectionId = 1681908045457_127.0.0.1_53886
20:40:45.585 [main] INFO  c.a.n.c.r.client - [printIfInfoEnabled,60] - [e16b0558-b4fd-4d87-afd9-369424592518] Register server push request handler:com.alibaba.nacos.common.remote.client.RpcClient$ConnectResetRequestHandler
20:40:45.585 [com.alibaba.nacos.client.remote.worker] INFO  c.a.n.c.r.client - [printIfInfoEnabled,60] - [e16b0558-b4fd-4d87-afd9-369424592518] Notify connected event to listeners.
20:40:45.585 [main] INFO  c.a.n.c.r.client - [printIfInfoEnabled,60] - [e16b0558-b4fd-4d87-afd9-369424592518] Register server push request handler:com.alibaba.nacos.common.remote.client.RpcClient$$Lambda$475/0x000000080101cba8
20:40:45.811 [main] INFO  c.a.c.n.r.NacosServiceRegistry - [register,75] - nacos registry, DEFAULT_GROUP cms-gateway 192.168.1.9:8080 register finished
20:40:45.887 [main] INFO  c.c.g.RuoYiGatewayApplication - [logStarted,61] - Started RuoYiGatewayApplication in 8.173 seconds (JVM running for 9.238)
20:40:45.892 [main] INFO  c.a.c.n.r.NacosContextRefresher - [registerNacosListener,129] - [Nacos Config] Listening config: dataId=cms-gateway, group=DEFAULT_GROUP
20:40:45.893 [main] INFO  c.a.c.n.r.NacosContextRefresher - [registerNacosListener,129] - [Nacos Config] Listening config: dataId=cms-gateway.yml, group=DEFAULT_GROUP
20:40:45.897 [main] INFO  c.a.c.n.r.NacosContextRefresher - [registerNacosListener,129] - [Nacos Config] Listening config: dataId=cms-gateway-dev.yml, group=DEFAULT_GROUP
20:40:46.118 [nacos-grpc-client-executor-0] INFO  c.a.n.c.r.client - [printIfInfoEnabled,60] - [e16b0558-b4fd-4d87-afd9-369424592518] Receive server push request, request = NotifySubscriberRequest, requestId = 146
20:40:46.121 [nacos-grpc-client-executor-0] INFO  c.a.n.c.r.client - [printIfInfoEnabled,60] - [e16b0558-b4fd-4d87-afd9-369424592518] Ack server push request, request = NotifySubscriberRequest, requestId = 146
20:40:46.310 [nacos-grpc-client-executor-3] INFO  c.a.n.c.r.client - [printIfInfoEnabled,60] - [e16b0558-b4fd-4d87-afd9-369424592518] Receive server push request, request = NotifySubscriberRequest, requestId = 149
20:40:46.312 [nacos-grpc-client-executor-3] INFO  c.a.n.c.r.client - [printIfInfoEnabled,60] - [e16b0558-b4fd-4d87-afd9-369424592518] Ack server push request, request = NotifySubscriberRequest, requestId = 149
20:40:46.314 [nacos-grpc-client-executor-4] INFO  c.a.n.c.r.client - [printIfInfoEnabled,60] - [e16b0558-b4fd-4d87-afd9-369424592518] Receive server push request, request = NotifySubscriberRequest, requestId = 147
20:40:46.314 [nacos-grpc-client-executor-4] INFO  c.a.n.c.r.client - [printIfInfoEnabled,60] - [e16b0558-b4fd-4d87-afd9-369424592518] Ack server push request, request = NotifySubscriberRequest, requestId = 147
20:40:46.318 [nacos-grpc-client-executor-5] INFO  c.a.n.c.r.client - [printIfInfoEnabled,60] - [e16b0558-b4fd-4d87-afd9-369424592518] Receive server push request, request = NotifySubscriberRequest, requestId = 151
20:40:46.319 [nacos-grpc-client-executor-5] INFO  c.a.n.c.r.client - [printIfInfoEnabled,60] - [e16b0558-b4fd-4d87-afd9-369424592518] Ack server push request, request = NotifySubscriberRequest, requestId = 151
20:40:46.322 [nacos-grpc-client-executor-6] INFO  c.a.n.c.r.client - [printIfInfoEnabled,60] - [e16b0558-b4fd-4d87-afd9-369424592518] Receive server push request, request = NotifySubscriberRequest, requestId = 150
20:40:46.323 [nacos-grpc-client-executor-6] INFO  c.a.n.c.r.client - [printIfInfoEnabled,60] - [e16b0558-b4fd-4d87-afd9-369424592518] Ack server push request, request = NotifySubscriberRequest, requestId = 150
20:40:46.327 [nacos-grpc-client-executor-7] INFO  c.a.n.c.r.client - [printIfInfoEnabled,60] - [e16b0558-b4fd-4d87-afd9-369424592518] Receive server push request, request = NotifySubscriberRequest, requestId = 148
20:40:46.328 [nacos-grpc-client-executor-7] INFO  c.a.n.c.r.client - [printIfInfoEnabled,60] - [e16b0558-b4fd-4d87-afd9-369424592518] Ack server push request, request = NotifySubscriberRequest, requestId = 148
20:40:46.331 [nacos-grpc-client-executor-8] INFO  c.a.n.c.r.client - [printIfInfoEnabled,60] - [e16b0558-b4fd-4d87-afd9-369424592518] Receive server push request, request = NotifySubscriberRequest, requestId = 152
20:40:46.332 [nacos-grpc-client-executor-8] INFO  c.a.n.c.r.client - [printIfInfoEnabled,60] - [e16b0558-b4fd-4d87-afd9-369424592518] Ack server push request, request = NotifySubscriberRequest, requestId = 152
20:40:46.338 [nacos-grpc-client-executor-9] INFO  c.a.n.c.r.client - [printIfInfoEnabled,60] - [e16b0558-b4fd-4d87-afd9-369424592518] Receive server push request, request = NotifySubscriberRequest, requestId = 153
20:40:46.339 [nacos-grpc-client-executor-9] INFO  c.a.n.c.r.client - [printIfInfoEnabled,60] - [e16b0558-b4fd-4d87-afd9-369424592518] Ack server push request, request = NotifySubscriberRequest, requestId = 153
20:40:51.905 [nacos-grpc-client-executor-34] INFO  c.a.n.c.r.client - [printIfInfoEnabled,60] - [e16b0558-b4fd-4d87-afd9-369424592518] Receive server push request, request = NotifySubscriberRequest, requestId = 155
20:40:51.907 [nacos-grpc-client-executor-34] INFO  c.a.n.c.r.client - [printIfInfoEnabled,60] - [e16b0558-b4fd-4d87-afd9-369424592518] Ack server push request, request = NotifySubscriberRequest, requestId = 155
20:40:56.881 [nacos-grpc-client-executor-64] INFO  c.a.n.c.r.client - [printIfInfoEnabled,60] - [e16b0558-b4fd-4d87-afd9-369424592518] Receive server push request, request = NotifySubscriberRequest, requestId = 157
20:40:56.883 [nacos-grpc-client-executor-64] INFO  c.a.n.c.r.client - [printIfInfoEnabled,60] - [e16b0558-b4fd-4d87-afd9-369424592518] Ack server push request, request = NotifySubscriberRequest, requestId = 157
20:40:57.701 [nacos-grpc-client-executor-65] INFO  c.a.n.c.r.client - [printIfInfoEnabled,60] - [e16b0558-b4fd-4d87-afd9-369424592518] Receive server push request, request = NotifySubscriberRequest, requestId = 159
20:40:57.703 [nacos-grpc-client-executor-65] INFO  c.a.n.c.r.client - [printIfInfoEnabled,60] - [e16b0558-b4fd-4d87-afd9-369424592518] Ack server push request, request = NotifySubscriberRequest, requestId = 159
20:41:05.656 [nacos-grpc-client-executor-71] INFO  c.a.n.c.r.client - [printIfInfoEnabled,60] - [e16b0558-b4fd-4d87-afd9-369424592518] Receive server push request, request = NotifySubscriberRequest, requestId = 169
20:41:05.657 [nacos-grpc-client-executor-71] INFO  c.a.n.c.r.client - [printIfInfoEnabled,60] - [e16b0558-b4fd-4d87-afd9-369424592518] Ack server push request, request = NotifySubscriberRequest, requestId = 169
20:44:36.620 [nacos-grpc-client-executor-189] INFO  c.a.n.c.r.client - [printIfInfoEnabled,60] - [e16b0558-b4fd-4d87-afd9-369424592518] Receive server push request, request = NotifySubscriberRequest, requestId = 172
20:44:36.622 [nacos-grpc-client-executor-189] INFO  c.a.n.c.r.client - [printIfInfoEnabled,60] - [e16b0558-b4fd-4d87-afd9-369424592518] Ack server push request, request = NotifySubscriberRequest, requestId = 172
22:48:01.664 [background-preinit] INFO  o.h.v.i.util.Version - [<clinit>,21] - HV000001: Hibernate Validator 6.2.5.Final
22:48:02.143 [main] INFO  c.a.n.c.r.client - [lambda$createClient$0,80] - [RpcClientFactory] create a new rpc client of c73b05e6-3e3b-41c0-acf0-c3f015dde5dc_config-0
22:48:02.205 [main] INFO  o.r.Reflections - [scan,232] - Reflections took 39 ms to scan 1 urls, producing 3 keys and 6 values 
22:48:02.231 [main] INFO  o.r.Reflections - [scan,232] - Reflections took 15 ms to scan 1 urls, producing 4 keys and 9 values 
22:48:02.253 [main] INFO  o.r.Reflections - [scan,232] - Reflections took 17 ms to scan 1 urls, producing 3 keys and 10 values 
22:48:02.267 [main] INFO  o.r.Reflections - [scan,232] - Reflections took 11 ms to scan 1 urls, producing 1 keys and 5 values 
22:48:02.282 [main] INFO  o.r.Reflections - [scan,232] - Reflections took 12 ms to scan 1 urls, producing 1 keys and 7 values 
22:48:02.303 [main] INFO  o.r.Reflections - [scan,232] - Reflections took 18 ms to scan 1 urls, producing 2 keys and 8 values 
22:48:02.305 [main] INFO  c.a.n.c.r.client - [printIfInfoEnabled,60] - [c73b05e6-3e3b-41c0-acf0-c3f015dde5dc_config-0] RpcClient init label, labels = {module=config, Vipserver-Tag=null, source=sdk, Amory-Tag=null, Location-Tag=null, taskId=0, AppName=unknown}
22:48:02.305 [main] INFO  c.a.n.c.r.client - [printIfInfoEnabled,60] - [c73b05e6-3e3b-41c0-acf0-c3f015dde5dc_config-0] Register server push request handler:com.alibaba.nacos.client.config.impl.ClientWorker$ConfigRpcTransportClient$$Lambda$463/0x0000000800f3d100
22:48:02.306 [main] INFO  c.a.n.c.r.client - [printIfInfoEnabled,60] - [c73b05e6-3e3b-41c0-acf0-c3f015dde5dc_config-0] Register server push request handler:com.alibaba.nacos.client.config.impl.ClientWorker$ConfigRpcTransportClient$$Lambda$464/0x0000000800f3d328
22:48:02.306 [main] INFO  c.a.n.c.r.client - [printIfInfoEnabled,60] - [c73b05e6-3e3b-41c0-acf0-c3f015dde5dc_config-0] Registry connection listener to current client:com.alibaba.nacos.client.config.impl.ClientWorker$ConfigRpcTransportClient$1
22:48:02.307 [main] INFO  c.a.n.c.r.client - [printIfInfoEnabled,60] - [c73b05e6-3e3b-41c0-acf0-c3f015dde5dc_config-0] RpcClient init, ServerListFactory = com.alibaba.nacos.client.config.impl.ClientWorker$ConfigRpcTransportClient$2
22:48:02.314 [main] INFO  c.a.n.c.r.client - [printIfInfoEnabled,60] - [c73b05e6-3e3b-41c0-acf0-c3f015dde5dc_config-0] Try to connect to server on start up, server: {serverIp = '127.0.0.1', server main port = 8848}
22:48:02.815 [main] INFO  c.a.n.c.r.client - [printIfInfoEnabled,60] - [c73b05e6-3e3b-41c0-acf0-c3f015dde5dc_config-0] Success to connect to server [127.0.0.1:8848] on start up, connectionId = 1681915682622_127.0.0.1_49513
22:48:02.816 [com.alibaba.nacos.client.remote.worker] INFO  c.a.n.c.r.client - [printIfInfoEnabled,60] - [c73b05e6-3e3b-41c0-acf0-c3f015dde5dc_config-0] Notify connected event to listeners.
22:48:02.816 [main] INFO  c.a.n.c.r.client - [printIfInfoEnabled,60] - [c73b05e6-3e3b-41c0-acf0-c3f015dde5dc_config-0] Register server push request handler:com.alibaba.nacos.common.remote.client.RpcClient$ConnectResetRequestHandler
22:48:02.817 [main] INFO  c.a.n.c.r.client - [printIfInfoEnabled,60] - [c73b05e6-3e3b-41c0-acf0-c3f015dde5dc_config-0] Register server push request handler:com.alibaba.nacos.common.remote.client.RpcClient$$Lambda$475/0x000000080103cdb0
22:48:02.936 [main] INFO  c.c.g.RuoYiGatewayApplication - [logStartupProfileInfo,637] - The following 1 profile is active: "dev"
22:48:07.416 [main] INFO  c.a.c.s.g.s.SentinelSCGAutoConfiguration - [sentinelGatewayFilter,144] - [Sentinel SpringCloudGateway] register SentinelGatewayFilter with order: -2147483648
22:48:08.821 [main] INFO  c.a.c.s.g.s.SentinelSCGAutoConfiguration - [sentinelGatewayBlockExceptionHandler,134] - [Sentinel SpringCloudGateway] register SentinelGatewayBlockExceptionHandler
22:48:09.829 [main] INFO  c.a.n.c.r.client - [lambda$createClient$0,80] - [RpcClientFactory] create a new rpc client of 9aabb6c5-9a45-45d5-bcd3-ed74e72a2097_config-0
22:48:09.830 [main] INFO  c.a.n.c.r.client - [printIfInfoEnabled,60] - [9aabb6c5-9a45-45d5-bcd3-ed74e72a2097_config-0] RpcClient init label, labels = {module=config, Vipserver-Tag=null, source=sdk, Amory-Tag=null, Location-Tag=null, taskId=0, AppName=unknown}
22:48:09.831 [main] INFO  c.a.n.c.r.client - [printIfInfoEnabled,60] - [9aabb6c5-9a45-45d5-bcd3-ed74e72a2097_config-0] Register server push request handler:com.alibaba.nacos.client.config.impl.ClientWorker$ConfigRpcTransportClient$$Lambda$463/0x0000000800f3d100
22:48:09.831 [main] INFO  c.a.n.c.r.client - [printIfInfoEnabled,60] - [9aabb6c5-9a45-45d5-bcd3-ed74e72a2097_config-0] Register server push request handler:com.alibaba.nacos.client.config.impl.ClientWorker$ConfigRpcTransportClient$$Lambda$464/0x0000000800f3d328
22:48:09.832 [main] INFO  c.a.n.c.r.client - [printIfInfoEnabled,60] - [9aabb6c5-9a45-45d5-bcd3-ed74e72a2097_config-0] Registry connection listener to current client:com.alibaba.nacos.client.config.impl.ClientWorker$ConfigRpcTransportClient$1
22:48:09.832 [main] INFO  c.a.n.c.r.client - [printIfInfoEnabled,60] - [9aabb6c5-9a45-45d5-bcd3-ed74e72a2097_config-0] RpcClient init, ServerListFactory = com.alibaba.nacos.client.config.impl.ClientWorker$ConfigRpcTransportClient$2
22:48:09.833 [main] INFO  c.a.n.c.r.client - [printIfInfoEnabled,60] - [9aabb6c5-9a45-45d5-bcd3-ed74e72a2097_config-0] Try to connect to server on start up, server: {serverIp = '127.0.0.1', server main port = 8848}
22:48:09.968 [main] INFO  c.a.n.c.r.client - [printIfInfoEnabled,60] - [9aabb6c5-9a45-45d5-bcd3-ed74e72a2097_config-0] Success to connect to server [127.0.0.1:8848] on start up, connectionId = 1681915689852_127.0.0.1_49543
22:48:09.969 [com.alibaba.nacos.client.remote.worker] INFO  c.a.n.c.r.client - [printIfInfoEnabled,60] - [9aabb6c5-9a45-45d5-bcd3-ed74e72a2097_config-0] Notify connected event to listeners.
22:48:09.969 [main] INFO  c.a.n.c.r.client - [printIfInfoEnabled,60] - [9aabb6c5-9a45-45d5-bcd3-ed74e72a2097_config-0] Register server push request handler:com.alibaba.nacos.common.remote.client.RpcClient$ConnectResetRequestHandler
22:48:09.970 [main] INFO  c.a.n.c.r.client - [printIfInfoEnabled,60] - [9aabb6c5-9a45-45d5-bcd3-ed74e72a2097_config-0] Register server push request handler:com.alibaba.nacos.common.remote.client.RpcClient$$Lambda$475/0x000000080103cdb0
22:48:10.177 [main] INFO  c.a.n.c.r.client - [lambda$createClient$0,80] - [RpcClientFactory] create a new rpc client of c647baf3-3e60-430e-94eb-4ad8a1d9e119
22:48:10.177 [main] INFO  c.a.n.c.r.client - [printIfInfoEnabled,60] - [c647baf3-3e60-430e-94eb-4ad8a1d9e119] RpcClient init label, labels = {module=naming, source=sdk}
22:48:10.182 [main] INFO  c.a.n.c.r.client - [printIfInfoEnabled,60] - [c647baf3-3e60-430e-94eb-4ad8a1d9e119] RpcClient init, ServerListFactory = com.alibaba.nacos.client.naming.core.ServerListManager
22:48:10.182 [main] INFO  c.a.n.c.r.client - [printIfInfoEnabled,60] - [c647baf3-3e60-430e-94eb-4ad8a1d9e119] Registry connection listener to current client:com.alibaba.nacos.client.naming.remote.gprc.redo.NamingGrpcRedoService
22:48:10.184 [main] INFO  c.a.n.c.r.client - [printIfInfoEnabled,60] - [c647baf3-3e60-430e-94eb-4ad8a1d9e119] Register server push request handler:com.alibaba.nacos.client.naming.remote.gprc.NamingPushRequestHandler
22:48:10.184 [main] INFO  c.a.n.c.r.client - [printIfInfoEnabled,60] - [c647baf3-3e60-430e-94eb-4ad8a1d9e119] Try to connect to server on start up, server: {serverIp = '127.0.0.1', server main port = 8848}
22:48:10.317 [main] INFO  c.a.n.c.r.client - [printIfInfoEnabled,60] - [c647baf3-3e60-430e-94eb-4ad8a1d9e119] Success to connect to server [127.0.0.1:8848] on start up, connectionId = 1681915690200_127.0.0.1_49544
22:48:10.317 [com.alibaba.nacos.client.remote.worker] INFO  c.a.n.c.r.client - [printIfInfoEnabled,60] - [c647baf3-3e60-430e-94eb-4ad8a1d9e119] Notify connected event to listeners.
22:48:10.317 [main] INFO  c.a.n.c.r.client - [printIfInfoEnabled,60] - [c647baf3-3e60-430e-94eb-4ad8a1d9e119] Register server push request handler:com.alibaba.nacos.common.remote.client.RpcClient$ConnectResetRequestHandler
22:48:10.317 [main] INFO  c.a.n.c.r.client - [printIfInfoEnabled,60] - [c647baf3-3e60-430e-94eb-4ad8a1d9e119] Register server push request handler:com.alibaba.nacos.common.remote.client.RpcClient$$Lambda$475/0x000000080103cdb0
22:48:10.494 [main] INFO  c.a.c.n.r.NacosServiceRegistry - [register,75] - nacos registry, DEFAULT_GROUP cms-gateway 192.168.1.4:8080 register finished
22:48:10.654 [main] INFO  c.c.g.RuoYiGatewayApplication - [logStarted,61] - Started RuoYiGatewayApplication in 9.675 seconds (JVM running for 10.8)
22:48:10.669 [main] INFO  c.a.c.n.r.NacosContextRefresher - [registerNacosListener,129] - [Nacos Config] Listening config: dataId=cms-gateway, group=DEFAULT_GROUP
22:48:10.671 [main] INFO  c.a.c.n.r.NacosContextRefresher - [registerNacosListener,129] - [Nacos Config] Listening config: dataId=cms-gateway.yml, group=DEFAULT_GROUP
22:48:10.673 [main] INFO  c.a.c.n.r.NacosContextRefresher - [registerNacosListener,129] - [Nacos Config] Listening config: dataId=cms-gateway-dev.yml, group=DEFAULT_GROUP
22:48:10.894 [nacos-grpc-client-executor-43] INFO  c.a.n.c.r.client - [printIfInfoEnabled,60] - [c647baf3-3e60-430e-94eb-4ad8a1d9e119] Receive server push request, request = NotifySubscriberRequest, requestId = 3
22:48:10.894 [nacos-grpc-client-executor-43] INFO  c.a.n.c.r.client - [printIfInfoEnabled,60] - [c647baf3-3e60-430e-94eb-4ad8a1d9e119] Ack server push request, request = NotifySubscriberRequest, requestId = 3
22:48:10.988 [nacos-grpc-client-executor-44] INFO  c.a.n.c.r.client - [printIfInfoEnabled,60] - [c647baf3-3e60-430e-94eb-4ad8a1d9e119] Receive server push request, request = NotifySubscriberRequest, requestId = 5
22:48:10.988 [nacos-grpc-client-executor-44] INFO  c.a.n.c.r.client - [printIfInfoEnabled,60] - [c647baf3-3e60-430e-94eb-4ad8a1d9e119] Ack server push request, request = NotifySubscriberRequest, requestId = 5
22:48:10.994 [nacos-grpc-client-executor-45] INFO  c.a.n.c.r.client - [printIfInfoEnabled,60] - [c647baf3-3e60-430e-94eb-4ad8a1d9e119] Receive server push request, request = NotifySubscriberRequest, requestId = 4
22:48:10.994 [nacos-grpc-client-executor-45] INFO  c.a.n.c.r.client - [printIfInfoEnabled,60] - [c647baf3-3e60-430e-94eb-4ad8a1d9e119] Ack server push request, request = NotifySubscriberRequest, requestId = 4
22:48:41.124 [nacos-grpc-client-executor-91] INFO  c.a.n.c.r.client - [printIfInfoEnabled,60] - [c647baf3-3e60-430e-94eb-4ad8a1d9e119] Receive server push request, request = NotifySubscriberRequest, requestId = 18
22:48:41.125 [nacos-grpc-client-executor-91] INFO  c.a.n.c.r.client - [printIfInfoEnabled,60] - [c647baf3-3e60-430e-94eb-4ad8a1d9e119] Ack server push request, request = NotifySubscriberRequest, requestId = 18
22:48:41.126 [nacos-grpc-client-executor-92] INFO  c.a.n.c.r.client - [printIfInfoEnabled,60] - [c647baf3-3e60-430e-94eb-4ad8a1d9e119] Receive server push request, request = NotifySubscriberRequest, requestId = 16
22:48:41.127 [nacos-grpc-client-executor-92] INFO  c.a.n.c.r.client - [printIfInfoEnabled,60] - [c647baf3-3e60-430e-94eb-4ad8a1d9e119] Ack server push request, request = NotifySubscriberRequest, requestId = 16
22:48:41.130 [nacos-grpc-client-executor-93] INFO  c.a.n.c.r.client - [printIfInfoEnabled,60] - [c647baf3-3e60-430e-94eb-4ad8a1d9e119] Receive server push request, request = NotifySubscriberRequest, requestId = 17
22:48:41.131 [nacos-grpc-client-executor-93] INFO  c.a.n.c.r.client - [printIfInfoEnabled,60] - [c647baf3-3e60-430e-94eb-4ad8a1d9e119] Ack server push request, request = NotifySubscriberRequest, requestId = 17
22:48:41.134 [nacos-grpc-client-executor-94] INFO  c.a.n.c.r.client - [printIfInfoEnabled,60] - [c647baf3-3e60-430e-94eb-4ad8a1d9e119] Receive server push request, request = NotifySubscriberRequest, requestId = 19
22:48:41.135 [nacos-grpc-client-executor-94] INFO  c.a.n.c.r.client - [printIfInfoEnabled,60] - [c647baf3-3e60-430e-94eb-4ad8a1d9e119] Ack server push request, request = NotifySubscriberRequest, requestId = 19
22:48:41.139 [nacos-grpc-client-executor-95] INFO  c.a.n.c.r.client - [printIfInfoEnabled,60] - [c647baf3-3e60-430e-94eb-4ad8a1d9e119] Receive server push request, request = NotifySubscriberRequest, requestId = 20
22:48:41.140 [nacos-grpc-client-executor-95] INFO  c.a.n.c.r.client - [printIfInfoEnabled,60] - [c647baf3-3e60-430e-94eb-4ad8a1d9e119] Ack server push request, request = NotifySubscriberRequest, requestId = 20
