00:19:45.147 [nacos-grpc-client-executor-15319] INFO  c.a.n.c.r.client - [printIfInfoEnabled,60] - [75a72600-5f40-4a32-9a57-80b44f9c859a] Receive server push request, request = NotifySubscriberRequest, requestId = 371
00:19:45.161 [nacos-grpc-client-executor-15319] INFO  c.a.n.c.r.client - [printIfInfoEnabled,60] - [75a72600-5f40-4a32-9a57-80b44f9c859a] Ack server push request, request = NotifySubscriberRequest, requestId = 371
00:20:00.696 [nacos-grpc-client-executor-15334] INFO  c.a.n.c.r.client - [printIfInfoEnabled,60] - [75a72600-5f40-4a32-9a57-80b44f9c859a] Receive server push request, request = NotifySubscriberRequest, requestId = 375
00:20:00.697 [nacos-grpc-client-executor-15334] INFO  c.a.n.c.r.client - [printIfInfoEnabled,60] - [75a72600-5f40-4a32-9a57-80b44f9c859a] Ack server push request, request = NotifySubscriberRequest, requestId = 375
00:22:14.831 [nacos-grpc-client-executor-15403] INFO  c.a.n.c.r.client - [printIfInfoEnabled,60] - [75a72600-5f40-4a32-9a57-80b44f9c859a] Receive server push request, request = NotifySubscriberRequest, requestId = 380
00:22:14.834 [nacos-grpc-client-executor-15403] INFO  c.a.n.c.r.client - [printIfInfoEnabled,60] - [75a72600-5f40-4a32-9a57-80b44f9c859a] Ack server push request, request = NotifySubscriberRequest, requestId = 380
00:22:29.243 [nacos-grpc-client-executor-15417] INFO  c.a.n.c.r.client - [printIfInfoEnabled,60] - [75a72600-5f40-4a32-9a57-80b44f9c859a] Receive server push request, request = NotifySubscriberRequest, requestId = 384
00:22:29.244 [nacos-grpc-client-executor-15417] INFO  c.a.n.c.r.client - [printIfInfoEnabled,60] - [75a72600-5f40-4a32-9a57-80b44f9c859a] Ack server push request, request = NotifySubscriberRequest, requestId = 384
00:22:44.643 [nacos-grpc-client-executor-15420] INFO  c.a.n.c.r.client - [printIfInfoEnabled,60] - [75a72600-5f40-4a32-9a57-80b44f9c859a] Receive server push request, request = NotifySubscriberRequest, requestId = 387
00:22:44.646 [nacos-grpc-client-executor-15420] INFO  c.a.n.c.r.client - [printIfInfoEnabled,60] - [75a72600-5f40-4a32-9a57-80b44f9c859a] Ack server push request, request = NotifySubscriberRequest, requestId = 387
00:22:52.314 [nacos-grpc-client-executor-15423] INFO  c.a.n.c.r.client - [printIfInfoEnabled,60] - [75a72600-5f40-4a32-9a57-80b44f9c859a] Receive server push request, request = NotifySubscriberRequest, requestId = 388
00:22:52.318 [nacos-grpc-client-executor-15423] INFO  c.a.n.c.r.client - [printIfInfoEnabled,60] - [75a72600-5f40-4a32-9a57-80b44f9c859a] Ack server push request, request = NotifySubscriberRequest, requestId = 388
01:14:21.502 [nacos-grpc-client-executor-6838] INFO  c.a.n.c.r.client - [printIfInfoEnabled,60] - [efaa953a-afd3-48d3-ad45-3458b71707fa_config-0] Receive server push request, request = ConfigChangeNotifyRequest, requestId = 397
01:14:21.506 [nacos-grpc-client-executor-6838] INFO  c.a.n.c.r.client - [printIfInfoEnabled,60] - [efaa953a-afd3-48d3-ad45-3458b71707fa_config-0] Ack server push request, request = ConfigChangeNotifyRequest, requestId = 397
16:08:25.705 [nacos-grpc-client-executor-18772] INFO  c.a.n.c.r.client - [printIfInfoEnabled,60] - [75a72600-5f40-4a32-9a57-80b44f9c859a] Receive server push request, request = NotifySubscriberRequest, requestId = 398
16:08:25.742 [nacos-grpc-client-executor-18772] INFO  c.a.n.c.r.client - [printIfInfoEnabled,60] - [75a72600-5f40-4a32-9a57-80b44f9c859a] Ack server push request, request = NotifySubscriberRequest, requestId = 398
16:08:30.291 [SpringApplicationShutdownHook] INFO  c.a.c.n.r.NacosServiceRegistry - [deregister,94] - De-registering from Nacos Server now...
16:08:30.296 [SpringApplicationShutdownHook] INFO  c.a.c.n.r.NacosServiceRegistry - [deregister,114] - De-registration finished.
16:08:30.614 [SpringApplicationShutdownHook] INFO  c.a.n.c.r.client - [shutdown,454] - Shutdown rpc client, set status to shutdown
16:08:30.615 [SpringApplicationShutdownHook] INFO  c.a.n.c.r.client - [shutdown,456] - Shutdown client event executor java.util.concurrent.ScheduledThreadPoolExecutor@7c72f97a[Running, pool size = 2, active threads = 2, queued tasks = 0, completed tasks = 0]
16:08:30.617 [SpringApplicationShutdownHook] INFO  c.a.n.c.r.client - [closeConnection,591] - Close current connection 1682261559983_127.0.0.1_62046
16:08:30.621 [nacos-grpc-client-executor-18787] INFO  c.a.n.c.r.c.g.GrpcClient - [printIfInfoEnabled,60] - [1682261559983_127.0.0.1_62046]Ignore complete event,isRunning:false,isAbandon=false
16:08:30.634 [SpringApplicationShutdownHook] INFO  c.a.n.c.r.c.g.GrpcClient - [shutdown,85] - Shutdown grpc executor java.util.concurrent.ThreadPoolExecutor@613abf1e[Running, pool size = 17, active threads = 0, queued tasks = 0, completed tasks = 18788]
16:09:34.588 [background-preinit] INFO  o.h.v.i.util.Version - [<clinit>,21] - HV000001: Hibernate Validator 6.2.5.Final
16:09:35.107 [main] INFO  c.a.n.c.r.client - [lambda$createClient$0,80] - [RpcClientFactory] create a new rpc client of c2efc927-8373-41b7-a113-497786277ff4_config-0
16:09:35.148 [main] INFO  o.r.Reflections - [scan,232] - Reflections took 28 ms to scan 1 urls, producing 3 keys and 6 values 
16:09:35.172 [main] INFO  o.r.Reflections - [scan,232] - Reflections took 14 ms to scan 1 urls, producing 4 keys and 9 values 
16:09:35.186 [main] INFO  o.r.Reflections - [scan,232] - Reflections took 12 ms to scan 1 urls, producing 3 keys and 10 values 
16:09:35.200 [main] INFO  o.r.Reflections - [scan,232] - Reflections took 11 ms to scan 1 urls, producing 1 keys and 5 values 
16:09:35.213 [main] INFO  o.r.Reflections - [scan,232] - Reflections took 11 ms to scan 1 urls, producing 1 keys and 7 values 
16:09:35.226 [main] INFO  o.r.Reflections - [scan,232] - Reflections took 11 ms to scan 1 urls, producing 2 keys and 8 values 
16:09:35.229 [main] INFO  c.a.n.c.r.client - [printIfInfoEnabled,60] - [c2efc927-8373-41b7-a113-497786277ff4_config-0] RpcClient init label, labels = {module=config, Vipserver-Tag=null, source=sdk, Amory-Tag=null, Location-Tag=null, taskId=0, AppName=unknown}
16:09:35.229 [main] INFO  c.a.n.c.r.client - [printIfInfoEnabled,60] - [c2efc927-8373-41b7-a113-497786277ff4_config-0] Register server push request handler:com.alibaba.nacos.client.config.impl.ClientWorker$ConfigRpcTransportClient$$Lambda$463/0x0000000800f2c710
16:09:35.230 [main] INFO  c.a.n.c.r.client - [printIfInfoEnabled,60] - [c2efc927-8373-41b7-a113-497786277ff4_config-0] Register server push request handler:com.alibaba.nacos.client.config.impl.ClientWorker$ConfigRpcTransportClient$$Lambda$464/0x0000000800f2c938
16:09:35.230 [main] INFO  c.a.n.c.r.client - [printIfInfoEnabled,60] - [c2efc927-8373-41b7-a113-497786277ff4_config-0] Registry connection listener to current client:com.alibaba.nacos.client.config.impl.ClientWorker$ConfigRpcTransportClient$1
16:09:35.230 [main] INFO  c.a.n.c.r.client - [printIfInfoEnabled,60] - [c2efc927-8373-41b7-a113-497786277ff4_config-0] RpcClient init, ServerListFactory = com.alibaba.nacos.client.config.impl.ClientWorker$ConfigRpcTransportClient$2
16:09:35.236 [main] INFO  c.a.n.c.r.client - [printIfInfoEnabled,60] - [c2efc927-8373-41b7-a113-497786277ff4_config-0] Try to connect to server on start up, server: {serverIp = '127.0.0.1', server main port = 8848}
16:09:35.838 [main] INFO  c.a.n.c.r.client - [printIfInfoEnabled,60] - [c2efc927-8373-41b7-a113-497786277ff4_config-0] Success to connect to server [127.0.0.1:8848] on start up, connectionId = 1682410175658_127.0.0.1_50812
16:09:35.839 [com.alibaba.nacos.client.remote.worker] INFO  c.a.n.c.r.client - [printIfInfoEnabled,60] - [c2efc927-8373-41b7-a113-497786277ff4_config-0] Notify connected event to listeners.
16:09:35.840 [main] INFO  c.a.n.c.r.client - [printIfInfoEnabled,60] - [c2efc927-8373-41b7-a113-497786277ff4_config-0] Register server push request handler:com.alibaba.nacos.common.remote.client.RpcClient$ConnectResetRequestHandler
16:09:35.840 [main] INFO  c.a.n.c.r.client - [printIfInfoEnabled,60] - [c2efc927-8373-41b7-a113-497786277ff4_config-0] Register server push request handler:com.alibaba.nacos.common.remote.client.RpcClient$$Lambda$475/0x000000080102d7d8
16:09:35.914 [main] INFO  c.c.g.RuoYiGatewayApplication - [logStartupProfileInfo,637] - The following 1 profile is active: "dev"
16:09:38.173 [main] INFO  c.a.c.s.g.s.SentinelSCGAutoConfiguration - [sentinelGatewayFilter,144] - [Sentinel SpringCloudGateway] register SentinelGatewayFilter with order: -2147483648
16:09:38.687 [main] INFO  c.a.c.s.g.s.SentinelSCGAutoConfiguration - [sentinelGatewayBlockExceptionHandler,134] - [Sentinel SpringCloudGateway] register SentinelGatewayBlockExceptionHandler
16:09:39.079 [main] INFO  c.a.n.c.r.client - [lambda$createClient$0,80] - [RpcClientFactory] create a new rpc client of 2e46cd56-ef76-467c-9753-be0e580c77b5_config-0
16:09:39.079 [main] INFO  c.a.n.c.r.client - [printIfInfoEnabled,60] - [2e46cd56-ef76-467c-9753-be0e580c77b5_config-0] RpcClient init label, labels = {module=config, Vipserver-Tag=null, source=sdk, Amory-Tag=null, Location-Tag=null, taskId=0, AppName=unknown}
16:09:39.079 [main] INFO  c.a.n.c.r.client - [printIfInfoEnabled,60] - [2e46cd56-ef76-467c-9753-be0e580c77b5_config-0] Register server push request handler:com.alibaba.nacos.client.config.impl.ClientWorker$ConfigRpcTransportClient$$Lambda$463/0x0000000800f2c710
16:09:39.079 [main] INFO  c.a.n.c.r.client - [printIfInfoEnabled,60] - [2e46cd56-ef76-467c-9753-be0e580c77b5_config-0] Register server push request handler:com.alibaba.nacos.client.config.impl.ClientWorker$ConfigRpcTransportClient$$Lambda$464/0x0000000800f2c938
16:09:39.080 [main] INFO  c.a.n.c.r.client - [printIfInfoEnabled,60] - [2e46cd56-ef76-467c-9753-be0e580c77b5_config-0] Registry connection listener to current client:com.alibaba.nacos.client.config.impl.ClientWorker$ConfigRpcTransportClient$1
16:09:39.080 [main] INFO  c.a.n.c.r.client - [printIfInfoEnabled,60] - [2e46cd56-ef76-467c-9753-be0e580c77b5_config-0] RpcClient init, ServerListFactory = com.alibaba.nacos.client.config.impl.ClientWorker$ConfigRpcTransportClient$2
16:09:39.080 [main] INFO  c.a.n.c.r.client - [printIfInfoEnabled,60] - [2e46cd56-ef76-467c-9753-be0e580c77b5_config-0] Try to connect to server on start up, server: {serverIp = '127.0.0.1', server main port = 8848}
16:09:39.207 [main] INFO  c.a.n.c.r.client - [printIfInfoEnabled,60] - [2e46cd56-ef76-467c-9753-be0e580c77b5_config-0] Success to connect to server [127.0.0.1:8848] on start up, connectionId = 1682410179092_127.0.0.1_50829
16:09:39.207 [main] INFO  c.a.n.c.r.client - [printIfInfoEnabled,60] - [2e46cd56-ef76-467c-9753-be0e580c77b5_config-0] Register server push request handler:com.alibaba.nacos.common.remote.client.RpcClient$ConnectResetRequestHandler
16:09:39.207 [com.alibaba.nacos.client.remote.worker] INFO  c.a.n.c.r.client - [printIfInfoEnabled,60] - [2e46cd56-ef76-467c-9753-be0e580c77b5_config-0] Notify connected event to listeners.
16:09:39.207 [main] INFO  c.a.n.c.r.client - [printIfInfoEnabled,60] - [2e46cd56-ef76-467c-9753-be0e580c77b5_config-0] Register server push request handler:com.alibaba.nacos.common.remote.client.RpcClient$$Lambda$475/0x000000080102d7d8
16:09:39.317 [main] INFO  c.a.n.c.r.client - [lambda$createClient$0,80] - [RpcClientFactory] create a new rpc client of afb7defb-e873-4a3a-a4bc-ccd554d2c26b
16:09:39.317 [main] INFO  c.a.n.c.r.client - [printIfInfoEnabled,60] - [afb7defb-e873-4a3a-a4bc-ccd554d2c26b] RpcClient init label, labels = {module=naming, source=sdk}
16:09:39.319 [main] INFO  c.a.n.c.r.client - [printIfInfoEnabled,60] - [afb7defb-e873-4a3a-a4bc-ccd554d2c26b] RpcClient init, ServerListFactory = com.alibaba.nacos.client.naming.core.ServerListManager
16:09:39.320 [main] INFO  c.a.n.c.r.client - [printIfInfoEnabled,60] - [afb7defb-e873-4a3a-a4bc-ccd554d2c26b] Registry connection listener to current client:com.alibaba.nacos.client.naming.remote.gprc.redo.NamingGrpcRedoService
16:09:39.321 [main] INFO  c.a.n.c.r.client - [printIfInfoEnabled,60] - [afb7defb-e873-4a3a-a4bc-ccd554d2c26b] Register server push request handler:com.alibaba.nacos.client.naming.remote.gprc.NamingPushRequestHandler
16:09:39.321 [main] INFO  c.a.n.c.r.client - [printIfInfoEnabled,60] - [afb7defb-e873-4a3a-a4bc-ccd554d2c26b] Try to connect to server on start up, server: {serverIp = '127.0.0.1', server main port = 8848}
16:09:39.449 [main] INFO  c.a.n.c.r.client - [printIfInfoEnabled,60] - [afb7defb-e873-4a3a-a4bc-ccd554d2c26b] Success to connect to server [127.0.0.1:8848] on start up, connectionId = 1682410179336_127.0.0.1_50831
16:09:39.449 [main] INFO  c.a.n.c.r.client - [printIfInfoEnabled,60] - [afb7defb-e873-4a3a-a4bc-ccd554d2c26b] Register server push request handler:com.alibaba.nacos.common.remote.client.RpcClient$ConnectResetRequestHandler
16:09:39.449 [com.alibaba.nacos.client.remote.worker] INFO  c.a.n.c.r.client - [printIfInfoEnabled,60] - [afb7defb-e873-4a3a-a4bc-ccd554d2c26b] Notify connected event to listeners.
16:09:39.450 [main] INFO  c.a.n.c.r.client - [printIfInfoEnabled,60] - [afb7defb-e873-4a3a-a4bc-ccd554d2c26b] Register server push request handler:com.alibaba.nacos.common.remote.client.RpcClient$$Lambda$475/0x000000080102d7d8
16:09:39.590 [main] INFO  c.a.c.n.r.NacosServiceRegistry - [register,75] - nacos registry, DEFAULT_GROUP cms-gateway 10.110.28.53:8080 register finished
16:09:39.644 [main] INFO  c.c.g.RuoYiGatewayApplication - [logStarted,61] - Started RuoYiGatewayApplication in 5.546 seconds (JVM running for 6.33)
16:09:39.653 [main] INFO  c.a.c.n.r.NacosContextRefresher - [registerNacosListener,129] - [Nacos Config] Listening config: dataId=cms-gateway, group=DEFAULT_GROUP
16:09:39.653 [main] INFO  c.a.c.n.r.NacosContextRefresher - [registerNacosListener,129] - [Nacos Config] Listening config: dataId=cms-gateway.yml, group=DEFAULT_GROUP
16:09:39.654 [main] INFO  c.a.c.n.r.NacosContextRefresher - [registerNacosListener,129] - [Nacos Config] Listening config: dataId=cms-gateway-dev.yml, group=DEFAULT_GROUP
16:09:40.021 [nacos-grpc-client-executor-59] INFO  c.a.n.c.r.client - [printIfInfoEnabled,60] - [afb7defb-e873-4a3a-a4bc-ccd554d2c26b] Receive server push request, request = NotifySubscriberRequest, requestId = 408
16:09:40.025 [nacos-grpc-client-executor-59] INFO  c.a.n.c.r.client - [printIfInfoEnabled,60] - [afb7defb-e873-4a3a-a4bc-ccd554d2c26b] Ack server push request, request = NotifySubscriberRequest, requestId = 408
16:09:40.115 [nacos-grpc-client-executor-60] INFO  c.a.n.c.r.client - [printIfInfoEnabled,60] - [afb7defb-e873-4a3a-a4bc-ccd554d2c26b] Receive server push request, request = NotifySubscriberRequest, requestId = 410
16:09:40.115 [nacos-grpc-client-executor-60] INFO  c.a.n.c.r.client - [printIfInfoEnabled,60] - [afb7defb-e873-4a3a-a4bc-ccd554d2c26b] Ack server push request, request = NotifySubscriberRequest, requestId = 410
16:09:40.117 [nacos-grpc-client-executor-61] INFO  c.a.n.c.r.client - [printIfInfoEnabled,60] - [afb7defb-e873-4a3a-a4bc-ccd554d2c26b] Receive server push request, request = NotifySubscriberRequest, requestId = 412
16:09:40.118 [nacos-grpc-client-executor-61] INFO  c.a.n.c.r.client - [printIfInfoEnabled,60] - [afb7defb-e873-4a3a-a4bc-ccd554d2c26b] Ack server push request, request = NotifySubscriberRequest, requestId = 412
16:09:40.119 [nacos-grpc-client-executor-62] INFO  c.a.n.c.r.client - [printIfInfoEnabled,60] - [afb7defb-e873-4a3a-a4bc-ccd554d2c26b] Receive server push request, request = NotifySubscriberRequest, requestId = 411
16:09:40.120 [nacos-grpc-client-executor-62] INFO  c.a.n.c.r.client - [printIfInfoEnabled,60] - [afb7defb-e873-4a3a-a4bc-ccd554d2c26b] Ack server push request, request = NotifySubscriberRequest, requestId = 411
16:09:40.122 [nacos-grpc-client-executor-63] INFO  c.a.n.c.r.client - [printIfInfoEnabled,60] - [afb7defb-e873-4a3a-a4bc-ccd554d2c26b] Receive server push request, request = NotifySubscriberRequest, requestId = 409
16:09:40.123 [nacos-grpc-client-executor-63] INFO  c.a.n.c.r.client - [printIfInfoEnabled,60] - [afb7defb-e873-4a3a-a4bc-ccd554d2c26b] Ack server push request, request = NotifySubscriberRequest, requestId = 409
16:09:40.125 [nacos-grpc-client-executor-0] INFO  c.a.n.c.r.client - [printIfInfoEnabled,60] - [afb7defb-e873-4a3a-a4bc-ccd554d2c26b] Receive server push request, request = NotifySubscriberRequest, requestId = 413
16:09:40.125 [nacos-grpc-client-executor-0] INFO  c.a.n.c.r.client - [printIfInfoEnabled,60] - [afb7defb-e873-4a3a-a4bc-ccd554d2c26b] Ack server push request, request = NotifySubscriberRequest, requestId = 413
16:09:40.127 [nacos-grpc-client-executor-1] INFO  c.a.n.c.r.client - [printIfInfoEnabled,60] - [afb7defb-e873-4a3a-a4bc-ccd554d2c26b] Receive server push request, request = NotifySubscriberRequest, requestId = 414
16:09:40.127 [nacos-grpc-client-executor-1] INFO  c.a.n.c.r.client - [printIfInfoEnabled,60] - [afb7defb-e873-4a3a-a4bc-ccd554d2c26b] Ack server push request, request = NotifySubscriberRequest, requestId = 414
16:09:52.287 [nacos-grpc-client-executor-64] INFO  c.a.n.c.r.client - [printIfInfoEnabled,60] - [afb7defb-e873-4a3a-a4bc-ccd554d2c26b] Receive server push request, request = NotifySubscriberRequest, requestId = 416
16:09:52.289 [nacos-grpc-client-executor-64] INFO  c.a.n.c.r.client - [printIfInfoEnabled,60] - [afb7defb-e873-4a3a-a4bc-ccd554d2c26b] Ack server push request, request = NotifySubscriberRequest, requestId = 416
16:10:23.198 [nacos-grpc-client-executor-88] INFO  c.a.n.c.r.client - [printIfInfoEnabled,60] - [afb7defb-e873-4a3a-a4bc-ccd554d2c26b] Receive server push request, request = NotifySubscriberRequest, requestId = 419
16:10:23.200 [nacos-grpc-client-executor-88] INFO  c.a.n.c.r.client - [printIfInfoEnabled,60] - [afb7defb-e873-4a3a-a4bc-ccd554d2c26b] Ack server push request, request = NotifySubscriberRequest, requestId = 419
16:10:31.077 [nacos-grpc-client-executor-92] INFO  c.a.n.c.r.client - [printIfInfoEnabled,60] - [afb7defb-e873-4a3a-a4bc-ccd554d2c26b] Receive server push request, request = NotifySubscriberRequest, requestId = 429
16:10:31.081 [nacos-grpc-client-executor-92] INFO  c.a.n.c.r.client - [printIfInfoEnabled,60] - [afb7defb-e873-4a3a-a4bc-ccd554d2c26b] Ack server push request, request = NotifySubscriberRequest, requestId = 429
16:10:40.282 [nacos-grpc-client-executor-100] INFO  c.a.n.c.r.client - [printIfInfoEnabled,60] - [afb7defb-e873-4a3a-a4bc-ccd554d2c26b] Receive server push request, request = NotifySubscriberRequest, requestId = 430
16:10:40.282 [nacos-grpc-client-executor-100] INFO  c.a.n.c.r.client - [printIfInfoEnabled,60] - [afb7defb-e873-4a3a-a4bc-ccd554d2c26b] Ack server push request, request = NotifySubscriberRequest, requestId = 430
16:17:24.914 [nacos-grpc-client-executor-321] INFO  c.a.n.c.r.client - [printIfInfoEnabled,60] - [afb7defb-e873-4a3a-a4bc-ccd554d2c26b] Receive server push request, request = NotifySubscriberRequest, requestId = 434
16:17:24.917 [nacos-grpc-client-executor-321] INFO  c.a.n.c.r.client - [printIfInfoEnabled,60] - [afb7defb-e873-4a3a-a4bc-ccd554d2c26b] Ack server push request, request = NotifySubscriberRequest, requestId = 434
16:17:37.903 [nacos-grpc-client-executor-323] INFO  c.a.n.c.r.client - [printIfInfoEnabled,60] - [afb7defb-e873-4a3a-a4bc-ccd554d2c26b] Receive server push request, request = NotifySubscriberRequest, requestId = 438
16:17:37.904 [nacos-grpc-client-executor-323] INFO  c.a.n.c.r.client - [printIfInfoEnabled,60] - [afb7defb-e873-4a3a-a4bc-ccd554d2c26b] Ack server push request, request = NotifySubscriberRequest, requestId = 438
16:26:39.850 [nacos-grpc-client-executor-605] INFO  c.a.n.c.r.client - [printIfInfoEnabled,60] - [afb7defb-e873-4a3a-a4bc-ccd554d2c26b] Receive server push request, request = NotifySubscriberRequest, requestId = 441
16:26:39.856 [nacos-grpc-client-executor-605] INFO  c.a.n.c.r.client - [printIfInfoEnabled,60] - [afb7defb-e873-4a3a-a4bc-ccd554d2c26b] Ack server push request, request = NotifySubscriberRequest, requestId = 441
16:26:54.966 [nacos-grpc-client-executor-624] INFO  c.a.n.c.r.client - [printIfInfoEnabled,60] - [afb7defb-e873-4a3a-a4bc-ccd554d2c26b] Receive server push request, request = NotifySubscriberRequest, requestId = 445
16:26:54.968 [nacos-grpc-client-executor-624] INFO  c.a.n.c.r.client - [printIfInfoEnabled,60] - [afb7defb-e873-4a3a-a4bc-ccd554d2c26b] Ack server push request, request = NotifySubscriberRequest, requestId = 445
16:27:07.314 [nacos-grpc-client-executor-628] INFO  c.a.n.c.r.client - [printIfInfoEnabled,60] - [afb7defb-e873-4a3a-a4bc-ccd554d2c26b] Receive server push request, request = NotifySubscriberRequest, requestId = 447
16:27:07.318 [nacos-grpc-client-executor-628] INFO  c.a.n.c.r.client - [printIfInfoEnabled,60] - [afb7defb-e873-4a3a-a4bc-ccd554d2c26b] Ack server push request, request = NotifySubscriberRequest, requestId = 447
16:27:17.541 [nacos-grpc-client-executor-632] INFO  c.a.n.c.r.client - [printIfInfoEnabled,60] - [afb7defb-e873-4a3a-a4bc-ccd554d2c26b] Receive server push request, request = NotifySubscriberRequest, requestId = 450
16:27:17.543 [nacos-grpc-client-executor-632] INFO  c.a.n.c.r.client - [printIfInfoEnabled,60] - [afb7defb-e873-4a3a-a4bc-ccd554d2c26b] Ack server push request, request = NotifySubscriberRequest, requestId = 450
16:30:58.622 [nacos-grpc-client-executor-734] INFO  c.a.n.c.r.client - [printIfInfoEnabled,60] - [afb7defb-e873-4a3a-a4bc-ccd554d2c26b] Receive server push request, request = NotifySubscriberRequest, requestId = 455
16:30:58.625 [nacos-grpc-client-executor-734] INFO  c.a.n.c.r.client - [printIfInfoEnabled,60] - [afb7defb-e873-4a3a-a4bc-ccd554d2c26b] Ack server push request, request = NotifySubscriberRequest, requestId = 455
16:31:13.277 [nacos-grpc-client-executor-740] INFO  c.a.n.c.r.client - [printIfInfoEnabled,60] - [afb7defb-e873-4a3a-a4bc-ccd554d2c26b] Receive server push request, request = NotifySubscriberRequest, requestId = 459
16:31:13.278 [nacos-grpc-client-executor-740] INFO  c.a.n.c.r.client - [printIfInfoEnabled,60] - [afb7defb-e873-4a3a-a4bc-ccd554d2c26b] Ack server push request, request = NotifySubscriberRequest, requestId = 459
20:01:09.061 [nacos-grpc-client-executor-4746] INFO  c.a.n.c.r.client - [printIfInfoEnabled,60] - [afb7defb-e873-4a3a-a4bc-ccd554d2c26b] Receive server push request, request = NotifySubscriberRequest, requestId = 464
20:01:09.070 [nacos-grpc-client-executor-4746] INFO  c.a.n.c.r.client - [printIfInfoEnabled,60] - [afb7defb-e873-4a3a-a4bc-ccd554d2c26b] Ack server push request, request = NotifySubscriberRequest, requestId = 464
20:06:28.237 [nacos-grpc-client-executor-4902] INFO  c.a.n.c.r.client - [printIfInfoEnabled,60] - [afb7defb-e873-4a3a-a4bc-ccd554d2c26b] Receive server push request, request = NotifySubscriberRequest, requestId = 469
20:06:28.239 [nacos-grpc-client-executor-4902] INFO  c.a.n.c.r.client - [printIfInfoEnabled,60] - [afb7defb-e873-4a3a-a4bc-ccd554d2c26b] Ack server push request, request = NotifySubscriberRequest, requestId = 469
20:20:42.473 [nacos-grpc-client-executor-5293] INFO  c.a.n.c.r.client - [printIfInfoEnabled,60] - [afb7defb-e873-4a3a-a4bc-ccd554d2c26b] Receive server push request, request = NotifySubscriberRequest, requestId = 473
20:20:42.478 [nacos-grpc-client-executor-5293] INFO  c.a.n.c.r.client - [printIfInfoEnabled,60] - [afb7defb-e873-4a3a-a4bc-ccd554d2c26b] Ack server push request, request = NotifySubscriberRequest, requestId = 473
20:20:57.289 [nacos-grpc-client-executor-5299] INFO  c.a.n.c.r.client - [printIfInfoEnabled,60] - [afb7defb-e873-4a3a-a4bc-ccd554d2c26b] Receive server push request, request = NotifySubscriberRequest, requestId = 478
20:20:57.290 [nacos-grpc-client-executor-5299] INFO  c.a.n.c.r.client - [printIfInfoEnabled,60] - [afb7defb-e873-4a3a-a4bc-ccd554d2c26b] Ack server push request, request = NotifySubscriberRequest, requestId = 478
20:47:25.727 [nacos-grpc-client-executor-6056] INFO  c.a.n.c.r.client - [printIfInfoEnabled,60] - [afb7defb-e873-4a3a-a4bc-ccd554d2c26b] Receive server push request, request = NotifySubscriberRequest, requestId = 482
20:47:25.735 [nacos-grpc-client-executor-6056] INFO  c.a.n.c.r.client - [printIfInfoEnabled,60] - [afb7defb-e873-4a3a-a4bc-ccd554d2c26b] Ack server push request, request = NotifySubscriberRequest, requestId = 482
20:47:40.733 [nacos-grpc-client-executor-6060] INFO  c.a.n.c.r.client - [printIfInfoEnabled,60] - [afb7defb-e873-4a3a-a4bc-ccd554d2c26b] Receive server push request, request = NotifySubscriberRequest, requestId = 487
20:47:40.734 [nacos-grpc-client-executor-6060] INFO  c.a.n.c.r.client - [printIfInfoEnabled,60] - [afb7defb-e873-4a3a-a4bc-ccd554d2c26b] Ack server push request, request = NotifySubscriberRequest, requestId = 487
21:02:08.502 [nacos-grpc-client-executor-6454] INFO  c.a.n.c.r.client - [printIfInfoEnabled,60] - [afb7defb-e873-4a3a-a4bc-ccd554d2c26b] Receive server push request, request = NotifySubscriberRequest, requestId = 491
21:02:08.504 [nacos-grpc-client-executor-6454] INFO  c.a.n.c.r.client - [printIfInfoEnabled,60] - [afb7defb-e873-4a3a-a4bc-ccd554d2c26b] Ack server push request, request = NotifySubscriberRequest, requestId = 491
21:02:24.861 [nacos-grpc-client-executor-6472] INFO  c.a.n.c.r.client - [printIfInfoEnabled,60] - [afb7defb-e873-4a3a-a4bc-ccd554d2c26b] Receive server push request, request = NotifySubscriberRequest, requestId = 496
21:02:24.864 [nacos-grpc-client-executor-6472] INFO  c.a.n.c.r.client - [printIfInfoEnabled,60] - [afb7defb-e873-4a3a-a4bc-ccd554d2c26b] Ack server push request, request = NotifySubscriberRequest, requestId = 496
21:34:20.840 [nacos-grpc-client-executor-7342] INFO  c.a.n.c.r.client - [printIfInfoEnabled,60] - [afb7defb-e873-4a3a-a4bc-ccd554d2c26b] Receive server push request, request = NotifySubscriberRequest, requestId = 500
21:34:20.843 [nacos-grpc-client-executor-7342] INFO  c.a.n.c.r.client - [printIfInfoEnabled,60] - [afb7defb-e873-4a3a-a4bc-ccd554d2c26b] Ack server push request, request = NotifySubscriberRequest, requestId = 500
21:34:34.701 [nacos-grpc-client-executor-7345] INFO  c.a.n.c.r.client - [printIfInfoEnabled,60] - [afb7defb-e873-4a3a-a4bc-ccd554d2c26b] Receive server push request, request = NotifySubscriberRequest, requestId = 505
21:34:34.708 [nacos-grpc-client-executor-7345] INFO  c.a.n.c.r.client - [printIfInfoEnabled,60] - [afb7defb-e873-4a3a-a4bc-ccd554d2c26b] Ack server push request, request = NotifySubscriberRequest, requestId = 505
21:36:51.422 [nacos-grpc-client-executor-7411] INFO  c.a.n.c.r.client - [printIfInfoEnabled,60] - [afb7defb-e873-4a3a-a4bc-ccd554d2c26b] Receive server push request, request = NotifySubscriberRequest, requestId = 509
21:36:51.426 [nacos-grpc-client-executor-7411] INFO  c.a.n.c.r.client - [printIfInfoEnabled,60] - [afb7defb-e873-4a3a-a4bc-ccd554d2c26b] Ack server push request, request = NotifySubscriberRequest, requestId = 509
21:37:04.969 [nacos-grpc-client-executor-7414] INFO  c.a.n.c.r.client - [printIfInfoEnabled,60] - [afb7defb-e873-4a3a-a4bc-ccd554d2c26b] Receive server push request, request = NotifySubscriberRequest, requestId = 514
21:37:04.970 [nacos-grpc-client-executor-7414] INFO  c.a.n.c.r.client - [printIfInfoEnabled,60] - [afb7defb-e873-4a3a-a4bc-ccd554d2c26b] Ack server push request, request = NotifySubscriberRequest, requestId = 514
