00:48:27.144 [nacos-grpc-client-executor-12814] INFO  c.a.n.c.r.client - [printIfInfoEnabled,60] - [e6eb580d-2b86-4644-901f-0e111d970673] Receive server push request, request = NotifySubscriberRequest, requestId = 85
00:48:27.205 [nacos-grpc-client-executor-12814] INFO  c.a.n.c.r.client - [printIfInfoEnabled,60] - [e6eb580d-2b86-4644-901f-0e111d970673] Ack server push request, request = NotifySubscriberRequest, requestId = 85
00:48:41.421 [nacos-grpc-client-executor-12817] INFO  c.a.n.c.r.client - [printIfInfoEnabled,60] - [e6eb580d-2b86-4644-901f-0e111d970673] Receive server push request, request = NotifySubscriberRequest, requestId = 87
00:48:41.422 [nacos-grpc-client-executor-12817] INFO  c.a.n.c.r.client - [printIfInfoEnabled,60] - [e6eb580d-2b86-4644-901f-0e111d970673] Ack server push request, request = NotifySubscriberRequest, requestId = 87
01:21:55.878 [nacos-grpc-client-executor-13866] INFO  c.a.n.c.r.client - [printIfInfoEnabled,60] - [e6eb580d-2b86-4644-901f-0e111d970673] Receive server push request, request = NotifySubscriberRequest, requestId = 91
01:21:55.888 [nacos-grpc-client-executor-13866] INFO  c.a.n.c.r.client - [printIfInfoEnabled,60] - [e6eb580d-2b86-4644-901f-0e111d970673] Ack server push request, request = NotifySubscriberRequest, requestId = 91
01:22:09.916 [nacos-grpc-client-executor-13870] INFO  c.a.n.c.r.client - [printIfInfoEnabled,60] - [e6eb580d-2b86-4644-901f-0e111d970673] Receive server push request, request = NotifySubscriberRequest, requestId = 93
01:22:09.917 [nacos-grpc-client-executor-13870] INFO  c.a.n.c.r.client - [printIfInfoEnabled,60] - [e6eb580d-2b86-4644-901f-0e111d970673] Ack server push request, request = NotifySubscriberRequest, requestId = 93
02:36:26.592 [nacos-grpc-client-executor-16228] INFO  c.a.n.c.r.client - [printIfInfoEnabled,60] - [e6eb580d-2b86-4644-901f-0e111d970673] Receive server push request, request = NotifySubscriberRequest, requestId = 97
02:36:26.597 [nacos-grpc-client-executor-16228] INFO  c.a.n.c.r.client - [printIfInfoEnabled,60] - [e6eb580d-2b86-4644-901f-0e111d970673] Ack server push request, request = NotifySubscriberRequest, requestId = 97
02:36:39.019 [nacos-grpc-client-executor-16230] INFO  c.a.n.c.r.client - [printIfInfoEnabled,60] - [e6eb580d-2b86-4644-901f-0e111d970673] Receive server push request, request = NotifySubscriberRequest, requestId = 99
02:36:39.021 [nacos-grpc-client-executor-16230] INFO  c.a.n.c.r.client - [printIfInfoEnabled,60] - [e6eb580d-2b86-4644-901f-0e111d970673] Ack server push request, request = NotifySubscriberRequest, requestId = 99
02:45:50.925 [nacos-grpc-client-executor-16524] INFO  c.a.n.c.r.client - [printIfInfoEnabled,60] - [e6eb580d-2b86-4644-901f-0e111d970673] Receive server push request, request = NotifySubscriberRequest, requestId = 102
02:45:50.928 [nacos-grpc-client-executor-16524] INFO  c.a.n.c.r.client - [printIfInfoEnabled,60] - [e6eb580d-2b86-4644-901f-0e111d970673] Ack server push request, request = NotifySubscriberRequest, requestId = 102
02:46:04.913 [nacos-grpc-client-executor-16540] INFO  c.a.n.c.r.client - [printIfInfoEnabled,60] - [e6eb580d-2b86-4644-901f-0e111d970673] Receive server push request, request = NotifySubscriberRequest, requestId = 104
02:46:04.914 [nacos-grpc-client-executor-16540] INFO  c.a.n.c.r.client - [printIfInfoEnabled,60] - [e6eb580d-2b86-4644-901f-0e111d970673] Ack server push request, request = NotifySubscriberRequest, requestId = 104
02:48:25.665 [nacos-grpc-client-executor-16619] INFO  c.a.n.c.r.client - [printIfInfoEnabled,60] - [e6eb580d-2b86-4644-901f-0e111d970673] Receive server push request, request = NotifySubscriberRequest, requestId = 107
02:48:25.667 [nacos-grpc-client-executor-16619] INFO  c.a.n.c.r.client - [printIfInfoEnabled,60] - [e6eb580d-2b86-4644-901f-0e111d970673] Ack server push request, request = NotifySubscriberRequest, requestId = 107
02:48:38.952 [nacos-grpc-client-executor-16622] INFO  c.a.n.c.r.client - [printIfInfoEnabled,60] - [e6eb580d-2b86-4644-901f-0e111d970673] Receive server push request, request = NotifySubscriberRequest, requestId = 109
02:48:38.954 [nacos-grpc-client-executor-16622] INFO  c.a.n.c.r.client - [printIfInfoEnabled,60] - [e6eb580d-2b86-4644-901f-0e111d970673] Ack server push request, request = NotifySubscriberRequest, requestId = 109
02:50:24.916 [nacos-grpc-client-executor-16680] INFO  c.a.n.c.r.client - [printIfInfoEnabled,60] - [e6eb580d-2b86-4644-901f-0e111d970673] Receive server push request, request = NotifySubscriberRequest, requestId = 112
02:50:24.919 [nacos-grpc-client-executor-16680] INFO  c.a.n.c.r.client - [printIfInfoEnabled,60] - [e6eb580d-2b86-4644-901f-0e111d970673] Ack server push request, request = NotifySubscriberRequest, requestId = 112
02:50:26.964 [nacos-grpc-client-executor-16685] INFO  c.a.n.c.r.client - [printIfInfoEnabled,60] - [e6eb580d-2b86-4644-901f-0e111d970673] Receive server push request, request = NotifySubscriberRequest, requestId = 114
02:50:26.968 [nacos-grpc-client-executor-16685] INFO  c.a.n.c.r.client - [printIfInfoEnabled,60] - [e6eb580d-2b86-4644-901f-0e111d970673] Ack server push request, request = NotifySubscriberRequest, requestId = 114
02:50:29.318 [nacos-grpc-client-executor-16686] INFO  c.a.n.c.r.client - [printIfInfoEnabled,60] - [e6eb580d-2b86-4644-901f-0e111d970673] Receive server push request, request = NotifySubscriberRequest, requestId = 116
02:50:29.324 [nacos-grpc-client-executor-16686] INFO  c.a.n.c.r.client - [printIfInfoEnabled,60] - [e6eb580d-2b86-4644-901f-0e111d970673] Ack server push request, request = NotifySubscriberRequest, requestId = 116
02:50:29.710 [SpringApplicationShutdownHook] INFO  c.a.c.n.r.NacosServiceRegistry - [deregister,94] - De-registering from Nacos Server now...
02:50:29.715 [SpringApplicationShutdownHook] INFO  c.a.c.n.r.NacosServiceRegistry - [deregister,114] - De-registration finished.
02:50:30.023 [SpringApplicationShutdownHook] INFO  c.a.n.c.r.client - [shutdown,454] - Shutdown rpc client, set status to shutdown
02:50:30.024 [SpringApplicationShutdownHook] INFO  c.a.n.c.r.client - [shutdown,456] - Shutdown client event executor java.util.concurrent.ScheduledThreadPoolExecutor@1615b364[Running, pool size = 2, active threads = 2, queued tasks = 0, completed tasks = 0]
02:50:30.024 [SpringApplicationShutdownHook] INFO  c.a.n.c.r.client - [closeConnection,591] - Close current connection 1680937220547_127.0.0.1_52844
02:50:30.025 [nacos-grpc-client-executor-16689] INFO  c.a.n.c.r.c.g.GrpcClient - [printIfInfoEnabled,60] - [1680937220547_127.0.0.1_52844]Ignore complete event,isRunning:false,isAbandon=false
02:50:30.038 [SpringApplicationShutdownHook] INFO  c.a.n.c.r.c.g.GrpcClient - [shutdown,85] - Shutdown grpc executor java.util.concurrent.ThreadPoolExecutor@4c32f39f[Running, pool size = 12, active threads = 0, queued tasks = 0, completed tasks = 16691]
