02:22:49.774 [nacos-grpc-client-executor-5653] INFO  c.a.n.c.r.client - [printIfInfoEnabled,60] - [c647baf3-3e60-430e-94eb-4ad8a1d9e119] Receive server push request, request = NotifySubscriberRequest, requestId = 25
02:22:49.785 [nacos-grpc-client-executor-5653] INFO  c.a.n.c.r.client - [printIfInfoEnabled,60] - [c647baf3-3e60-430e-94eb-4ad8a1d9e119] Ack server push request, request = NotifySubscriberRequest, requestId = 25
02:22:50.725 [nacos-grpc-client-executor-5654] INFO  c.a.n.c.r.client - [printIfInfoEnabled,60] - [c647baf3-3e60-430e-94eb-4ad8a1d9e119] Receive server push request, request = NotifySubscriberRequest, requestId = 27
02:22:50.727 [nacos-grpc-client-executor-5654] INFO  c.a.n.c.r.client - [printIfInfoEnabled,60] - [c647baf3-3e60-430e-94eb-4ad8a1d9e119] Ack server push request, request = NotifySubscriberRequest, requestId = 27
02:22:51.041 [SpringApplicationShutdownHook] INFO  c.a.c.n.r.NacosServiceRegistry - [deregister,94] - De-registering from Nacos Server now...
02:22:51.044 [SpringApplicationShutdownHook] INFO  c.a.c.n.r.NacosServiceRegistry - [deregister,114] - De-registration finished.
02:22:51.358 [SpringApplicationShutdownHook] INFO  c.a.n.c.r.client - [shutdown,454] - Shutdown rpc client, set status to shutdown
02:22:51.358 [SpringApplicationShutdownHook] INFO  c.a.n.c.r.client - [shutdown,456] - Shutdown client event executor java.util.concurrent.ScheduledThreadPoolExecutor@6a27c538[Running, pool size = 2, active threads = 2, queued tasks = 0, completed tasks = 0]
02:22:51.358 [SpringApplicationShutdownHook] INFO  c.a.n.c.r.client - [closeConnection,591] - Close current connection 1681915690200_127.0.0.1_49544
02:22:51.359 [nacos-grpc-client-executor-5658] INFO  c.a.n.c.r.c.g.GrpcClient - [printIfInfoEnabled,60] - [1681915690200_127.0.0.1_49544]Ignore complete event,isRunning:false,isAbandon=false
02:22:51.360 [SpringApplicationShutdownHook] INFO  c.a.n.c.r.c.g.GrpcClient - [shutdown,85] - Shutdown grpc executor java.util.concurrent.ThreadPoolExecutor@76e5eb19[Running, pool size = 7, active threads = 0, queued tasks = 0, completed tasks = 5659]
19:29:19.560 [background-preinit] INFO  o.h.v.i.util.Version - [<clinit>,21] - HV000001: Hibernate Validator 6.2.5.Final
19:29:20.393 [main] INFO  c.a.n.c.r.client - [lambda$createClient$0,80] - [RpcClientFactory] create a new rpc client of 8f7d43f0-a8db-4b93-b16c-bba276b634ec_config-0
19:29:20.442 [main] INFO  o.r.Reflections - [scan,232] - Reflections took 31 ms to scan 1 urls, producing 3 keys and 6 values 
19:29:20.481 [main] INFO  o.r.Reflections - [scan,232] - Reflections took 27 ms to scan 1 urls, producing 4 keys and 9 values 
19:29:20.499 [main] INFO  o.r.Reflections - [scan,232] - Reflections took 15 ms to scan 1 urls, producing 3 keys and 10 values 
19:29:20.517 [main] INFO  o.r.Reflections - [scan,232] - Reflections took 14 ms to scan 1 urls, producing 1 keys and 5 values 
19:29:20.545 [main] INFO  o.r.Reflections - [scan,232] - Reflections took 25 ms to scan 1 urls, producing 1 keys and 7 values 
19:29:20.559 [main] INFO  o.r.Reflections - [scan,232] - Reflections took 11 ms to scan 1 urls, producing 2 keys and 8 values 
19:29:20.562 [main] INFO  c.a.n.c.r.client - [printIfInfoEnabled,60] - [8f7d43f0-a8db-4b93-b16c-bba276b634ec_config-0] RpcClient init label, labels = {module=config, Vipserver-Tag=null, source=sdk, Amory-Tag=null, Location-Tag=null, taskId=0, AppName=unknown}
19:29:20.563 [main] INFO  c.a.n.c.r.client - [printIfInfoEnabled,60] - [8f7d43f0-a8db-4b93-b16c-bba276b634ec_config-0] Register server push request handler:com.alibaba.nacos.client.config.impl.ClientWorker$ConfigRpcTransportClient$$Lambda$463/0x0000000800f1c990
19:29:20.564 [main] INFO  c.a.n.c.r.client - [printIfInfoEnabled,60] - [8f7d43f0-a8db-4b93-b16c-bba276b634ec_config-0] Register server push request handler:com.alibaba.nacos.client.config.impl.ClientWorker$ConfigRpcTransportClient$$Lambda$464/0x0000000800f1cbb8
19:29:20.565 [main] INFO  c.a.n.c.r.client - [printIfInfoEnabled,60] - [8f7d43f0-a8db-4b93-b16c-bba276b634ec_config-0] Registry connection listener to current client:com.alibaba.nacos.client.config.impl.ClientWorker$ConfigRpcTransportClient$1
19:29:20.566 [main] INFO  c.a.n.c.r.client - [printIfInfoEnabled,60] - [8f7d43f0-a8db-4b93-b16c-bba276b634ec_config-0] RpcClient init, ServerListFactory = com.alibaba.nacos.client.config.impl.ClientWorker$ConfigRpcTransportClient$2
19:29:20.575 [main] INFO  c.a.n.c.r.client - [printIfInfoEnabled,60] - [8f7d43f0-a8db-4b93-b16c-bba276b634ec_config-0] Try to connect to server on start up, server: {serverIp = '127.0.0.1', server main port = 8848}
19:29:21.204 [main] INFO  c.a.n.c.r.client - [printIfInfoEnabled,60] - [8f7d43f0-a8db-4b93-b16c-bba276b634ec_config-0] Success to connect to server [127.0.0.1:8848] on start up, connectionId = 1681990160998_127.0.0.1_52550
19:29:21.207 [main] INFO  c.a.n.c.r.client - [printIfInfoEnabled,60] - [8f7d43f0-a8db-4b93-b16c-bba276b634ec_config-0] Register server push request handler:com.alibaba.nacos.common.remote.client.RpcClient$ConnectResetRequestHandler
19:29:21.207 [com.alibaba.nacos.client.remote.worker] INFO  c.a.n.c.r.client - [printIfInfoEnabled,60] - [8f7d43f0-a8db-4b93-b16c-bba276b634ec_config-0] Notify connected event to listeners.
19:29:21.209 [main] INFO  c.a.n.c.r.client - [printIfInfoEnabled,60] - [8f7d43f0-a8db-4b93-b16c-bba276b634ec_config-0] Register server push request handler:com.alibaba.nacos.common.remote.client.RpcClient$$Lambda$475/0x000000080101cba8
19:29:21.338 [main] INFO  c.c.g.RuoYiGatewayApplication - [logStartupProfileInfo,637] - The following 1 profile is active: "dev"
19:29:24.988 [main] INFO  c.a.c.s.g.s.SentinelSCGAutoConfiguration - [sentinelGatewayFilter,144] - [Sentinel SpringCloudGateway] register SentinelGatewayFilter with order: -2147483648
19:29:25.862 [main] INFO  c.a.c.s.g.s.SentinelSCGAutoConfiguration - [sentinelGatewayBlockExceptionHandler,134] - [Sentinel SpringCloudGateway] register SentinelGatewayBlockExceptionHandler
19:29:26.502 [main] INFO  c.a.n.c.r.client - [lambda$createClient$0,80] - [RpcClientFactory] create a new rpc client of 3bad3ffb-dd59-43e4-ad46-17771b081e43_config-0
19:29:26.503 [main] INFO  c.a.n.c.r.client - [printIfInfoEnabled,60] - [3bad3ffb-dd59-43e4-ad46-17771b081e43_config-0] RpcClient init label, labels = {module=config, Vipserver-Tag=null, source=sdk, Amory-Tag=null, Location-Tag=null, taskId=0, AppName=unknown}
19:29:26.504 [main] INFO  c.a.n.c.r.client - [printIfInfoEnabled,60] - [3bad3ffb-dd59-43e4-ad46-17771b081e43_config-0] Register server push request handler:com.alibaba.nacos.client.config.impl.ClientWorker$ConfigRpcTransportClient$$Lambda$463/0x0000000800f1c990
19:29:26.504 [main] INFO  c.a.n.c.r.client - [printIfInfoEnabled,60] - [3bad3ffb-dd59-43e4-ad46-17771b081e43_config-0] Register server push request handler:com.alibaba.nacos.client.config.impl.ClientWorker$ConfigRpcTransportClient$$Lambda$464/0x0000000800f1cbb8
19:29:26.505 [main] INFO  c.a.n.c.r.client - [printIfInfoEnabled,60] - [3bad3ffb-dd59-43e4-ad46-17771b081e43_config-0] Registry connection listener to current client:com.alibaba.nacos.client.config.impl.ClientWorker$ConfigRpcTransportClient$1
19:29:26.505 [main] INFO  c.a.n.c.r.client - [printIfInfoEnabled,60] - [3bad3ffb-dd59-43e4-ad46-17771b081e43_config-0] RpcClient init, ServerListFactory = com.alibaba.nacos.client.config.impl.ClientWorker$ConfigRpcTransportClient$2
19:29:26.507 [main] INFO  c.a.n.c.r.client - [printIfInfoEnabled,60] - [3bad3ffb-dd59-43e4-ad46-17771b081e43_config-0] Try to connect to server on start up, server: {serverIp = '127.0.0.1', server main port = 8848}
19:29:26.643 [main] INFO  c.a.n.c.r.client - [printIfInfoEnabled,60] - [3bad3ffb-dd59-43e4-ad46-17771b081e43_config-0] Success to connect to server [127.0.0.1:8848] on start up, connectionId = 1681990166522_127.0.0.1_52565
19:29:26.643 [main] INFO  c.a.n.c.r.client - [printIfInfoEnabled,60] - [3bad3ffb-dd59-43e4-ad46-17771b081e43_config-0] Register server push request handler:com.alibaba.nacos.common.remote.client.RpcClient$ConnectResetRequestHandler
19:29:26.643 [com.alibaba.nacos.client.remote.worker] INFO  c.a.n.c.r.client - [printIfInfoEnabled,60] - [3bad3ffb-dd59-43e4-ad46-17771b081e43_config-0] Notify connected event to listeners.
19:29:26.643 [main] INFO  c.a.n.c.r.client - [printIfInfoEnabled,60] - [3bad3ffb-dd59-43e4-ad46-17771b081e43_config-0] Register server push request handler:com.alibaba.nacos.common.remote.client.RpcClient$$Lambda$475/0x000000080101cba8
19:29:26.767 [main] INFO  c.a.n.c.r.client - [lambda$createClient$0,80] - [RpcClientFactory] create a new rpc client of e3a5567f-75a5-43ad-9232-b29258495aa6
19:29:26.767 [main] INFO  c.a.n.c.r.client - [printIfInfoEnabled,60] - [e3a5567f-75a5-43ad-9232-b29258495aa6] RpcClient init label, labels = {module=naming, source=sdk}
19:29:26.769 [main] INFO  c.a.n.c.r.client - [printIfInfoEnabled,60] - [e3a5567f-75a5-43ad-9232-b29258495aa6] RpcClient init, ServerListFactory = com.alibaba.nacos.client.naming.core.ServerListManager
19:29:26.769 [main] INFO  c.a.n.c.r.client - [printIfInfoEnabled,60] - [e3a5567f-75a5-43ad-9232-b29258495aa6] Registry connection listener to current client:com.alibaba.nacos.client.naming.remote.gprc.redo.NamingGrpcRedoService
19:29:26.769 [main] INFO  c.a.n.c.r.client - [printIfInfoEnabled,60] - [e3a5567f-75a5-43ad-9232-b29258495aa6] Register server push request handler:com.alibaba.nacos.client.naming.remote.gprc.NamingPushRequestHandler
19:29:26.770 [main] INFO  c.a.n.c.r.client - [printIfInfoEnabled,60] - [e3a5567f-75a5-43ad-9232-b29258495aa6] Try to connect to server on start up, server: {serverIp = '127.0.0.1', server main port = 8848}
19:29:26.905 [main] INFO  c.a.n.c.r.client - [printIfInfoEnabled,60] - [e3a5567f-75a5-43ad-9232-b29258495aa6] Success to connect to server [127.0.0.1:8848] on start up, connectionId = 1681990166784_127.0.0.1_52566
19:29:26.905 [main] INFO  c.a.n.c.r.client - [printIfInfoEnabled,60] - [e3a5567f-75a5-43ad-9232-b29258495aa6] Register server push request handler:com.alibaba.nacos.common.remote.client.RpcClient$ConnectResetRequestHandler
19:29:26.905 [com.alibaba.nacos.client.remote.worker] INFO  c.a.n.c.r.client - [printIfInfoEnabled,60] - [e3a5567f-75a5-43ad-9232-b29258495aa6] Notify connected event to listeners.
19:29:26.905 [main] INFO  c.a.n.c.r.client - [printIfInfoEnabled,60] - [e3a5567f-75a5-43ad-9232-b29258495aa6] Register server push request handler:com.alibaba.nacos.common.remote.client.RpcClient$$Lambda$475/0x000000080101cba8
19:29:27.015 [main] INFO  c.a.c.n.r.NacosServiceRegistry - [register,75] - nacos registry, DEFAULT_GROUP cms-gateway 192.168.1.4:8080 register finished
19:29:27.079 [main] INFO  c.c.g.RuoYiGatewayApplication - [logStarted,61] - Started RuoYiGatewayApplication in 8.42 seconds (JVM running for 9.593)
19:29:27.100 [main] INFO  c.a.c.n.r.NacosContextRefresher - [registerNacosListener,129] - [Nacos Config] Listening config: dataId=cms-gateway, group=DEFAULT_GROUP
19:29:27.100 [main] INFO  c.a.c.n.r.NacosContextRefresher - [registerNacosListener,129] - [Nacos Config] Listening config: dataId=cms-gateway.yml, group=DEFAULT_GROUP
19:29:27.102 [main] INFO  c.a.c.n.r.NacosContextRefresher - [registerNacosListener,129] - [Nacos Config] Listening config: dataId=cms-gateway-dev.yml, group=DEFAULT_GROUP
19:29:27.457 [nacos-grpc-client-executor-37] INFO  c.a.n.c.r.client - [printIfInfoEnabled,60] - [e3a5567f-75a5-43ad-9232-b29258495aa6] Receive server push request, request = NotifySubscriberRequest, requestId = 35
19:29:27.458 [nacos-grpc-client-executor-37] INFO  c.a.n.c.r.client - [printIfInfoEnabled,60] - [e3a5567f-75a5-43ad-9232-b29258495aa6] Ack server push request, request = NotifySubscriberRequest, requestId = 35
19:29:27.545 [nacos-grpc-client-executor-38] INFO  c.a.n.c.r.client - [printIfInfoEnabled,60] - [e3a5567f-75a5-43ad-9232-b29258495aa6] Receive server push request, request = NotifySubscriberRequest, requestId = 36
19:29:27.547 [nacos-grpc-client-executor-38] INFO  c.a.n.c.r.client - [printIfInfoEnabled,60] - [e3a5567f-75a5-43ad-9232-b29258495aa6] Ack server push request, request = NotifySubscriberRequest, requestId = 36
19:29:27.550 [nacos-grpc-client-executor-39] INFO  c.a.n.c.r.client - [printIfInfoEnabled,60] - [e3a5567f-75a5-43ad-9232-b29258495aa6] Receive server push request, request = NotifySubscriberRequest, requestId = 37
19:29:27.551 [nacos-grpc-client-executor-39] INFO  c.a.n.c.r.client - [printIfInfoEnabled,60] - [e3a5567f-75a5-43ad-9232-b29258495aa6] Ack server push request, request = NotifySubscriberRequest, requestId = 37
19:29:57.655 [nacos-grpc-client-executor-69] INFO  c.a.n.c.r.client - [printIfInfoEnabled,60] - [e3a5567f-75a5-43ad-9232-b29258495aa6] Receive server push request, request = NotifySubscriberRequest, requestId = 39
19:29:57.656 [nacos-grpc-client-executor-69] INFO  c.a.n.c.r.client - [printIfInfoEnabled,60] - [e3a5567f-75a5-43ad-9232-b29258495aa6] Ack server push request, request = NotifySubscriberRequest, requestId = 39
19:30:27.677 [nacos-grpc-client-executor-99] INFO  c.a.n.c.r.client - [printIfInfoEnabled,60] - [e3a5567f-75a5-43ad-9232-b29258495aa6] Receive server push request, request = NotifySubscriberRequest, requestId = 50
19:30:27.678 [nacos-grpc-client-executor-99] INFO  c.a.n.c.r.client - [printIfInfoEnabled,60] - [e3a5567f-75a5-43ad-9232-b29258495aa6] Ack server push request, request = NotifySubscriberRequest, requestId = 50
19:30:27.680 [nacos-grpc-client-executor-100] INFO  c.a.n.c.r.client - [printIfInfoEnabled,60] - [e3a5567f-75a5-43ad-9232-b29258495aa6] Receive server push request, request = NotifySubscriberRequest, requestId = 51
19:30:27.680 [nacos-grpc-client-executor-100] INFO  c.a.n.c.r.client - [printIfInfoEnabled,60] - [e3a5567f-75a5-43ad-9232-b29258495aa6] Ack server push request, request = NotifySubscriberRequest, requestId = 51
19:30:27.682 [nacos-grpc-client-executor-101] INFO  c.a.n.c.r.client - [printIfInfoEnabled,60] - [e3a5567f-75a5-43ad-9232-b29258495aa6] Receive server push request, request = NotifySubscriberRequest, requestId = 52
19:30:27.682 [nacos-grpc-client-executor-101] INFO  c.a.n.c.r.client - [printIfInfoEnabled,60] - [e3a5567f-75a5-43ad-9232-b29258495aa6] Ack server push request, request = NotifySubscriberRequest, requestId = 52
19:30:27.684 [nacos-grpc-client-executor-102] INFO  c.a.n.c.r.client - [printIfInfoEnabled,60] - [e3a5567f-75a5-43ad-9232-b29258495aa6] Receive server push request, request = NotifySubscriberRequest, requestId = 53
19:30:27.685 [nacos-grpc-client-executor-102] INFO  c.a.n.c.r.client - [printIfInfoEnabled,60] - [e3a5567f-75a5-43ad-9232-b29258495aa6] Ack server push request, request = NotifySubscriberRequest, requestId = 53
21:14:15.526 [nacos-grpc-client-executor-3480] INFO  c.a.n.c.r.client - [printIfInfoEnabled,60] - [e3a5567f-75a5-43ad-9232-b29258495aa6] Receive server push request, request = NotifySubscriberRequest, requestId = 57
21:14:15.535 [nacos-grpc-client-executor-3480] INFO  c.a.n.c.r.client - [printIfInfoEnabled,60] - [e3a5567f-75a5-43ad-9232-b29258495aa6] Ack server push request, request = NotifySubscriberRequest, requestId = 57
21:36:34.891 [nacos-grpc-client-executor-4209] INFO  c.a.n.c.r.client - [printIfInfoEnabled,60] - [e3a5567f-75a5-43ad-9232-b29258495aa6] Receive server push request, request = NotifySubscriberRequest, requestId = 60
21:36:34.892 [nacos-grpc-client-executor-4209] INFO  c.a.n.c.r.client - [printIfInfoEnabled,60] - [e3a5567f-75a5-43ad-9232-b29258495aa6] Ack server push request, request = NotifySubscriberRequest, requestId = 60
22:08:42.994 [nacos-grpc-client-executor-5236] INFO  c.a.n.c.r.client - [printIfInfoEnabled,60] - [e3a5567f-75a5-43ad-9232-b29258495aa6] Receive server push request, request = NotifySubscriberRequest, requestId = 62
22:08:42.996 [nacos-grpc-client-executor-5236] INFO  c.a.n.c.r.client - [printIfInfoEnabled,60] - [e3a5567f-75a5-43ad-9232-b29258495aa6] Ack server push request, request = NotifySubscriberRequest, requestId = 62
22:08:57.363 [nacos-grpc-client-executor-5239] INFO  c.a.n.c.r.client - [printIfInfoEnabled,60] - [e3a5567f-75a5-43ad-9232-b29258495aa6] Receive server push request, request = NotifySubscriberRequest, requestId = 65
22:08:57.364 [nacos-grpc-client-executor-5239] INFO  c.a.n.c.r.client - [printIfInfoEnabled,60] - [e3a5567f-75a5-43ad-9232-b29258495aa6] Ack server push request, request = NotifySubscriberRequest, requestId = 65
22:16:28.351 [nacos-grpc-client-executor-5471] INFO  c.a.n.c.r.client - [printIfInfoEnabled,60] - [e3a5567f-75a5-43ad-9232-b29258495aa6] Receive server push request, request = NotifySubscriberRequest, requestId = 67
22:16:28.358 [nacos-grpc-client-executor-5471] INFO  c.a.n.c.r.client - [printIfInfoEnabled,60] - [e3a5567f-75a5-43ad-9232-b29258495aa6] Ack server push request, request = NotifySubscriberRequest, requestId = 67
22:16:40.086 [nacos-grpc-client-executor-5490] INFO  c.a.n.c.r.client - [printIfInfoEnabled,60] - [e3a5567f-75a5-43ad-9232-b29258495aa6] Receive server push request, request = NotifySubscriberRequest, requestId = 70
22:16:40.087 [nacos-grpc-client-executor-5490] INFO  c.a.n.c.r.client - [printIfInfoEnabled,60] - [e3a5567f-75a5-43ad-9232-b29258495aa6] Ack server push request, request = NotifySubscriberRequest, requestId = 70
22:30:10.365 [nacos-grpc-client-executor-5909] INFO  c.a.n.c.r.client - [printIfInfoEnabled,60] - [e3a5567f-75a5-43ad-9232-b29258495aa6] Receive server push request, request = NotifySubscriberRequest, requestId = 72
22:30:10.368 [nacos-grpc-client-executor-5909] INFO  c.a.n.c.r.client - [printIfInfoEnabled,60] - [e3a5567f-75a5-43ad-9232-b29258495aa6] Ack server push request, request = NotifySubscriberRequest, requestId = 72
22:30:23.468 [nacos-grpc-client-executor-5911] INFO  c.a.n.c.r.client - [printIfInfoEnabled,60] - [e3a5567f-75a5-43ad-9232-b29258495aa6] Receive server push request, request = NotifySubscriberRequest, requestId = 75
22:30:23.469 [nacos-grpc-client-executor-5911] INFO  c.a.n.c.r.client - [printIfInfoEnabled,60] - [e3a5567f-75a5-43ad-9232-b29258495aa6] Ack server push request, request = NotifySubscriberRequest, requestId = 75
22:31:39.165 [nacos-grpc-client-executor-5965] INFO  c.a.n.c.r.client - [printIfInfoEnabled,60] - [e3a5567f-75a5-43ad-9232-b29258495aa6] Receive server push request, request = NotifySubscriberRequest, requestId = 77
22:31:39.167 [nacos-grpc-client-executor-5965] INFO  c.a.n.c.r.client - [printIfInfoEnabled,60] - [e3a5567f-75a5-43ad-9232-b29258495aa6] Ack server push request, request = NotifySubscriberRequest, requestId = 77
22:31:51.252 [nacos-grpc-client-executor-5968] INFO  c.a.n.c.r.client - [printIfInfoEnabled,60] - [e3a5567f-75a5-43ad-9232-b29258495aa6] Receive server push request, request = NotifySubscriberRequest, requestId = 80
22:31:51.256 [nacos-grpc-client-executor-5968] INFO  c.a.n.c.r.client - [printIfInfoEnabled,60] - [e3a5567f-75a5-43ad-9232-b29258495aa6] Ack server push request, request = NotifySubscriberRequest, requestId = 80
22:38:13.732 [nacos-grpc-client-executor-6163] INFO  c.a.n.c.r.client - [printIfInfoEnabled,60] - [e3a5567f-75a5-43ad-9232-b29258495aa6] Receive server push request, request = NotifySubscriberRequest, requestId = 82
22:38:13.740 [nacos-grpc-client-executor-6163] INFO  c.a.n.c.r.client - [printIfInfoEnabled,60] - [e3a5567f-75a5-43ad-9232-b29258495aa6] Ack server push request, request = NotifySubscriberRequest, requestId = 82
22:38:25.489 [nacos-grpc-client-executor-6166] INFO  c.a.n.c.r.client - [printIfInfoEnabled,60] - [e3a5567f-75a5-43ad-9232-b29258495aa6] Receive server push request, request = NotifySubscriberRequest, requestId = 85
22:38:25.490 [nacos-grpc-client-executor-6166] INFO  c.a.n.c.r.client - [printIfInfoEnabled,60] - [e3a5567f-75a5-43ad-9232-b29258495aa6] Ack server push request, request = NotifySubscriberRequest, requestId = 85
22:41:29.566 [nacos-grpc-client-executor-6287] INFO  c.a.n.c.r.client - [printIfInfoEnabled,60] - [e3a5567f-75a5-43ad-9232-b29258495aa6] Receive server push request, request = NotifySubscriberRequest, requestId = 87
22:41:29.568 [nacos-grpc-client-executor-6287] INFO  c.a.n.c.r.client - [printIfInfoEnabled,60] - [e3a5567f-75a5-43ad-9232-b29258495aa6] Ack server push request, request = NotifySubscriberRequest, requestId = 87
22:41:41.603 [nacos-grpc-client-executor-6290] INFO  c.a.n.c.r.client - [printIfInfoEnabled,60] - [e3a5567f-75a5-43ad-9232-b29258495aa6] Receive server push request, request = NotifySubscriberRequest, requestId = 90
22:41:41.604 [nacos-grpc-client-executor-6290] INFO  c.a.n.c.r.client - [printIfInfoEnabled,60] - [e3a5567f-75a5-43ad-9232-b29258495aa6] Ack server push request, request = NotifySubscriberRequest, requestId = 90
23:02:48.833 [nacos-grpc-client-executor-6970] INFO  c.a.n.c.r.client - [printIfInfoEnabled,60] - [e3a5567f-75a5-43ad-9232-b29258495aa6] Receive server push request, request = NotifySubscriberRequest, requestId = 92
23:02:48.839 [nacos-grpc-client-executor-6970] INFO  c.a.n.c.r.client - [printIfInfoEnabled,60] - [e3a5567f-75a5-43ad-9232-b29258495aa6] Ack server push request, request = NotifySubscriberRequest, requestId = 92
23:03:02.014 [nacos-grpc-client-executor-6976] INFO  c.a.n.c.r.client - [printIfInfoEnabled,60] - [e3a5567f-75a5-43ad-9232-b29258495aa6] Receive server push request, request = NotifySubscriberRequest, requestId = 95
23:03:02.016 [nacos-grpc-client-executor-6976] INFO  c.a.n.c.r.client - [printIfInfoEnabled,60] - [e3a5567f-75a5-43ad-9232-b29258495aa6] Ack server push request, request = NotifySubscriberRequest, requestId = 95
23:12:32.698 [nacos-grpc-client-executor-7290] INFO  c.a.n.c.r.client - [printIfInfoEnabled,60] - [e3a5567f-75a5-43ad-9232-b29258495aa6] Receive server push request, request = NotifySubscriberRequest, requestId = 97
23:12:32.702 [nacos-grpc-client-executor-7290] INFO  c.a.n.c.r.client - [printIfInfoEnabled,60] - [e3a5567f-75a5-43ad-9232-b29258495aa6] Ack server push request, request = NotifySubscriberRequest, requestId = 97
23:12:47.072 [nacos-grpc-client-executor-7295] INFO  c.a.n.c.r.client - [printIfInfoEnabled,60] - [e3a5567f-75a5-43ad-9232-b29258495aa6] Receive server push request, request = NotifySubscriberRequest, requestId = 100
23:12:47.075 [nacos-grpc-client-executor-7295] INFO  c.a.n.c.r.client - [printIfInfoEnabled,60] - [e3a5567f-75a5-43ad-9232-b29258495aa6] Ack server push request, request = NotifySubscriberRequest, requestId = 100
23:28:08.858 [nacos-grpc-client-executor-7795] INFO  c.a.n.c.r.client - [printIfInfoEnabled,60] - [e3a5567f-75a5-43ad-9232-b29258495aa6] Receive server push request, request = NotifySubscriberRequest, requestId = 103
23:28:08.863 [nacos-grpc-client-executor-7795] INFO  c.a.n.c.r.client - [printIfInfoEnabled,60] - [e3a5567f-75a5-43ad-9232-b29258495aa6] Ack server push request, request = NotifySubscriberRequest, requestId = 103
23:28:23.205 [nacos-grpc-client-executor-7798] INFO  c.a.n.c.r.client - [printIfInfoEnabled,60] - [e3a5567f-75a5-43ad-9232-b29258495aa6] Receive server push request, request = NotifySubscriberRequest, requestId = 106
23:28:23.208 [nacos-grpc-client-executor-7798] INFO  c.a.n.c.r.client - [printIfInfoEnabled,60] - [e3a5567f-75a5-43ad-9232-b29258495aa6] Ack server push request, request = NotifySubscriberRequest, requestId = 106
23:33:50.166 [nacos-grpc-client-executor-7989] INFO  c.a.n.c.r.client - [printIfInfoEnabled,60] - [e3a5567f-75a5-43ad-9232-b29258495aa6] Receive server push request, request = NotifySubscriberRequest, requestId = 109
23:33:50.169 [nacos-grpc-client-executor-7989] INFO  c.a.n.c.r.client - [printIfInfoEnabled,60] - [e3a5567f-75a5-43ad-9232-b29258495aa6] Ack server push request, request = NotifySubscriberRequest, requestId = 109
23:34:04.938 [nacos-grpc-client-executor-7994] INFO  c.a.n.c.r.client - [printIfInfoEnabled,60] - [e3a5567f-75a5-43ad-9232-b29258495aa6] Receive server push request, request = NotifySubscriberRequest, requestId = 112
23:34:04.939 [nacos-grpc-client-executor-7994] INFO  c.a.n.c.r.client - [printIfInfoEnabled,60] - [e3a5567f-75a5-43ad-9232-b29258495aa6] Ack server push request, request = NotifySubscriberRequest, requestId = 112
23:36:57.581 [nacos-grpc-client-executor-8091] INFO  c.a.n.c.r.client - [printIfInfoEnabled,60] - [e3a5567f-75a5-43ad-9232-b29258495aa6] Receive server push request, request = NotifySubscriberRequest, requestId = 115
23:36:57.583 [nacos-grpc-client-executor-8091] INFO  c.a.n.c.r.client - [printIfInfoEnabled,60] - [e3a5567f-75a5-43ad-9232-b29258495aa6] Ack server push request, request = NotifySubscriberRequest, requestId = 115
23:37:09.589 [nacos-grpc-client-executor-8096] INFO  c.a.n.c.r.client - [printIfInfoEnabled,60] - [e3a5567f-75a5-43ad-9232-b29258495aa6] Receive server push request, request = NotifySubscriberRequest, requestId = 118
23:37:09.595 [nacos-grpc-client-executor-8096] INFO  c.a.n.c.r.client - [printIfInfoEnabled,60] - [e3a5567f-75a5-43ad-9232-b29258495aa6] Ack server push request, request = NotifySubscriberRequest, requestId = 118
23:38:01.493 [nacos-grpc-client-executor-8128] INFO  c.a.n.c.r.client - [printIfInfoEnabled,60] - [e3a5567f-75a5-43ad-9232-b29258495aa6] Receive server push request, request = NotifySubscriberRequest, requestId = 121
23:38:01.494 [nacos-grpc-client-executor-8128] INFO  c.a.n.c.r.client - [printIfInfoEnabled,60] - [e3a5567f-75a5-43ad-9232-b29258495aa6] Ack server push request, request = NotifySubscriberRequest, requestId = 121
23:38:13.379 [nacos-grpc-client-executor-8132] INFO  c.a.n.c.r.client - [printIfInfoEnabled,60] - [e3a5567f-75a5-43ad-9232-b29258495aa6] Receive server push request, request = NotifySubscriberRequest, requestId = 124
23:38:13.380 [nacos-grpc-client-executor-8132] INFO  c.a.n.c.r.client - [printIfInfoEnabled,60] - [e3a5567f-75a5-43ad-9232-b29258495aa6] Ack server push request, request = NotifySubscriberRequest, requestId = 124
23:39:36.370 [nacos-grpc-client-executor-8182] INFO  c.a.n.c.r.client - [printIfInfoEnabled,60] - [e3a5567f-75a5-43ad-9232-b29258495aa6] Receive server push request, request = NotifySubscriberRequest, requestId = 127
23:39:36.372 [nacos-grpc-client-executor-8182] INFO  c.a.n.c.r.client - [printIfInfoEnabled,60] - [e3a5567f-75a5-43ad-9232-b29258495aa6] Ack server push request, request = NotifySubscriberRequest, requestId = 127
23:39:57.482 [nacos-grpc-client-executor-8188] INFO  c.a.n.c.r.client - [printIfInfoEnabled,60] - [e3a5567f-75a5-43ad-9232-b29258495aa6] Receive server push request, request = NotifySubscriberRequest, requestId = 130
23:39:57.483 [nacos-grpc-client-executor-8188] INFO  c.a.n.c.r.client - [printIfInfoEnabled,60] - [e3a5567f-75a5-43ad-9232-b29258495aa6] Ack server push request, request = NotifySubscriberRequest, requestId = 130
23:43:35.074 [nacos-grpc-client-executor-8309] INFO  c.a.n.c.r.client - [printIfInfoEnabled,60] - [e3a5567f-75a5-43ad-9232-b29258495aa6] Receive server push request, request = NotifySubscriberRequest, requestId = 133
23:43:35.078 [nacos-grpc-client-executor-8309] INFO  c.a.n.c.r.client - [printIfInfoEnabled,60] - [e3a5567f-75a5-43ad-9232-b29258495aa6] Ack server push request, request = NotifySubscriberRequest, requestId = 133
23:43:46.817 [nacos-grpc-client-executor-8311] INFO  c.a.n.c.r.client - [printIfInfoEnabled,60] - [e3a5567f-75a5-43ad-9232-b29258495aa6] Receive server push request, request = NotifySubscriberRequest, requestId = 135
23:43:46.818 [nacos-grpc-client-executor-8311] INFO  c.a.n.c.r.client - [printIfInfoEnabled,60] - [e3a5567f-75a5-43ad-9232-b29258495aa6] Ack server push request, request = NotifySubscriberRequest, requestId = 135
23:45:34.175 [nacos-grpc-client-executor-8371] INFO  c.a.n.c.r.client - [printIfInfoEnabled,60] - [e3a5567f-75a5-43ad-9232-b29258495aa6] Receive server push request, request = NotifySubscriberRequest, requestId = 139
23:45:34.177 [nacos-grpc-client-executor-8371] INFO  c.a.n.c.r.client - [printIfInfoEnabled,60] - [e3a5567f-75a5-43ad-9232-b29258495aa6] Ack server push request, request = NotifySubscriberRequest, requestId = 139
23:45:45.803 [nacos-grpc-client-executor-8373] INFO  c.a.n.c.r.client - [printIfInfoEnabled,60] - [e3a5567f-75a5-43ad-9232-b29258495aa6] Receive server push request, request = NotifySubscriberRequest, requestId = 142
23:45:45.804 [nacos-grpc-client-executor-8373] INFO  c.a.n.c.r.client - [printIfInfoEnabled,60] - [e3a5567f-75a5-43ad-9232-b29258495aa6] Ack server push request, request = NotifySubscriberRequest, requestId = 142
23:46:17.904 [nacos-grpc-client-executor-8385] INFO  c.a.n.c.r.client - [printIfInfoEnabled,60] - [e3a5567f-75a5-43ad-9232-b29258495aa6] Receive server push request, request = NotifySubscriberRequest, requestId = 145
23:46:17.906 [nacos-grpc-client-executor-8385] INFO  c.a.n.c.r.client - [printIfInfoEnabled,60] - [e3a5567f-75a5-43ad-9232-b29258495aa6] Ack server push request, request = NotifySubscriberRequest, requestId = 145
23:46:29.242 [nacos-grpc-client-executor-8391] INFO  c.a.n.c.r.client - [printIfInfoEnabled,60] - [e3a5567f-75a5-43ad-9232-b29258495aa6] Receive server push request, request = NotifySubscriberRequest, requestId = 148
23:46:29.244 [nacos-grpc-client-executor-8391] INFO  c.a.n.c.r.client - [printIfInfoEnabled,60] - [e3a5567f-75a5-43ad-9232-b29258495aa6] Ack server push request, request = NotifySubscriberRequest, requestId = 148
23:47:13.739 [nacos-grpc-client-executor-8416] INFO  c.a.n.c.r.client - [printIfInfoEnabled,60] - [e3a5567f-75a5-43ad-9232-b29258495aa6] Receive server push request, request = NotifySubscriberRequest, requestId = 151
23:47:13.740 [nacos-grpc-client-executor-8416] INFO  c.a.n.c.r.client - [printIfInfoEnabled,60] - [e3a5567f-75a5-43ad-9232-b29258495aa6] Ack server push request, request = NotifySubscriberRequest, requestId = 151
23:47:25.455 [nacos-grpc-client-executor-8419] INFO  c.a.n.c.r.client - [printIfInfoEnabled,60] - [e3a5567f-75a5-43ad-9232-b29258495aa6] Receive server push request, request = NotifySubscriberRequest, requestId = 154
23:47:25.461 [nacos-grpc-client-executor-8419] INFO  c.a.n.c.r.client - [printIfInfoEnabled,60] - [e3a5567f-75a5-43ad-9232-b29258495aa6] Ack server push request, request = NotifySubscriberRequest, requestId = 154
23:47:28.735 [nacos-grpc-client-executor-8421] INFO  c.a.n.c.r.client - [printIfInfoEnabled,60] - [e3a5567f-75a5-43ad-9232-b29258495aa6] Receive server push request, request = NotifySubscriberRequest, requestId = 157
23:47:28.741 [nacos-grpc-client-executor-8421] INFO  c.a.n.c.r.client - [printIfInfoEnabled,60] - [e3a5567f-75a5-43ad-9232-b29258495aa6] Ack server push request, request = NotifySubscriberRequest, requestId = 157
23:47:39.972 [nacos-grpc-client-executor-8442] INFO  c.a.n.c.r.client - [printIfInfoEnabled,60] - [e3a5567f-75a5-43ad-9232-b29258495aa6] Receive server push request, request = NotifySubscriberRequest, requestId = 160
23:47:39.978 [nacos-grpc-client-executor-8442] INFO  c.a.n.c.r.client - [printIfInfoEnabled,60] - [e3a5567f-75a5-43ad-9232-b29258495aa6] Ack server push request, request = NotifySubscriberRequest, requestId = 160
23:50:33.991 [nacos-grpc-client-executor-8541] INFO  c.a.n.c.r.client - [printIfInfoEnabled,60] - [e3a5567f-75a5-43ad-9232-b29258495aa6] Receive server push request, request = NotifySubscriberRequest, requestId = 163
23:50:33.992 [nacos-grpc-client-executor-8541] INFO  c.a.n.c.r.client - [printIfInfoEnabled,60] - [e3a5567f-75a5-43ad-9232-b29258495aa6] Ack server push request, request = NotifySubscriberRequest, requestId = 163
23:50:46.753 [nacos-grpc-client-executor-8543] INFO  c.a.n.c.r.client - [printIfInfoEnabled,60] - [e3a5567f-75a5-43ad-9232-b29258495aa6] Receive server push request, request = NotifySubscriberRequest, requestId = 166
23:50:46.755 [nacos-grpc-client-executor-8543] INFO  c.a.n.c.r.client - [printIfInfoEnabled,60] - [e3a5567f-75a5-43ad-9232-b29258495aa6] Ack server push request, request = NotifySubscriberRequest, requestId = 166
23:55:03.914 [nacos-grpc-client-executor-8682] INFO  c.a.n.c.r.client - [printIfInfoEnabled,60] - [e3a5567f-75a5-43ad-9232-b29258495aa6] Receive server push request, request = NotifySubscriberRequest, requestId = 169
23:55:03.917 [nacos-grpc-client-executor-8682] INFO  c.a.n.c.r.client - [printIfInfoEnabled,60] - [e3a5567f-75a5-43ad-9232-b29258495aa6] Ack server push request, request = NotifySubscriberRequest, requestId = 169
23:55:15.777 [nacos-grpc-client-executor-8685] INFO  c.a.n.c.r.client - [printIfInfoEnabled,60] - [e3a5567f-75a5-43ad-9232-b29258495aa6] Receive server push request, request = NotifySubscriberRequest, requestId = 172
23:55:15.778 [nacos-grpc-client-executor-8685] INFO  c.a.n.c.r.client - [printIfInfoEnabled,60] - [e3a5567f-75a5-43ad-9232-b29258495aa6] Ack server push request, request = NotifySubscriberRequest, requestId = 172
