21:42:13.512 [nacos-grpc-client-executor-50745] INFO  c.a.n.c.r.client - [printIfInfoEnabled,60] - [30f317c0-7b9b-4295-bcec-98426f53e264] Receive server push request, request = NotifySubscriberRequest, requestId = 154
21:42:13.520 [nacos-grpc-client-executor-50745] INFO  c.a.n.c.r.client - [printIfInfoEnabled,60] - [30f317c0-7b9b-4295-bcec-98426f53e264] Ack server push request, request = NotifySubscriberRequest, requestId = 154
21:42:30.571 [nacos-grpc-client-executor-50757] INFO  c.a.n.c.r.client - [printIfInfoEnabled,60] - [30f317c0-7b9b-4295-bcec-98426f53e264] Receive server push request, request = NotifySubscriberRequest, requestId = 159
21:42:30.572 [nacos-grpc-client-executor-50757] INFO  c.a.n.c.r.client - [printIfInfoEnabled,60] - [30f317c0-7b9b-4295-bcec-98426f53e264] Ack server push request, request = NotifySubscriberRequest, requestId = 159
21:45:06.292 [nacos-grpc-client-executor-50820] INFO  c.a.n.c.r.client - [printIfInfoEnabled,60] - [30f317c0-7b9b-4295-bcec-98426f53e264] Receive server push request, request = NotifySubscriberRequest, requestId = 161
21:45:06.294 [nacos-grpc-client-executor-50820] INFO  c.a.n.c.r.client - [printIfInfoEnabled,60] - [30f317c0-7b9b-4295-bcec-98426f53e264] Ack server push request, request = NotifySubscriberRequest, requestId = 161
21:45:13.808 [nacos-grpc-client-executor-50828] INFO  c.a.n.c.r.client - [printIfInfoEnabled,60] - [30f317c0-7b9b-4295-bcec-98426f53e264] Receive server push request, request = NotifySubscriberRequest, requestId = 163
21:45:13.810 [nacos-grpc-client-executor-50828] INFO  c.a.n.c.r.client - [printIfInfoEnabled,60] - [30f317c0-7b9b-4295-bcec-98426f53e264] Ack server push request, request = NotifySubscriberRequest, requestId = 163
21:45:20.826 [SpringApplicationShutdownHook] INFO  c.a.c.n.r.NacosServiceRegistry - [deregister,94] - De-registering from Nacos Server now...
21:45:20.830 [SpringApplicationShutdownHook] INFO  c.a.c.n.r.NacosServiceRegistry - [deregister,114] - De-registration finished.
21:45:21.136 [SpringApplicationShutdownHook] INFO  c.a.n.c.r.client - [shutdown,454] - Shutdown rpc client, set status to shutdown
21:45:21.136 [SpringApplicationShutdownHook] INFO  c.a.n.c.r.client - [shutdown,456] - Shutdown client event executor java.util.concurrent.ScheduledThreadPoolExecutor@f178f18[Running, pool size = 2, active threads = 2, queued tasks = 0, completed tasks = 0]
21:45:21.136 [SpringApplicationShutdownHook] INFO  c.a.n.c.r.client - [closeConnection,591] - Close current connection 1682618620474_127.0.0.1_52603
21:45:21.138 [nacos-grpc-client-executor-50833] INFO  c.a.n.c.r.c.g.GrpcClient - [printIfInfoEnabled,60] - [1682618620474_127.0.0.1_52603]Ignore complete event,isRunning:false,isAbandon=false
21:45:21.147 [SpringApplicationShutdownHook] INFO  c.a.n.c.r.c.g.GrpcClient - [shutdown,85] - Shutdown grpc executor java.util.concurrent.ThreadPoolExecutor@6e6cb5f3[Running, pool size = 13, active threads = 0, queued tasks = 0, completed tasks = 50863]
21:45:27.079 [background-preinit] INFO  o.h.v.i.util.Version - [<clinit>,21] - HV000001: Hibernate Validator 6.2.5.Final
21:45:27.631 [main] INFO  c.a.n.c.r.client - [lambda$createClient$0,80] - [RpcClientFactory] create a new rpc client of 11abd092-8260-41a1-88af-14f4b7a71daa_config-0
21:45:27.686 [main] INFO  o.r.Reflections - [scan,232] - Reflections took 30 ms to scan 1 urls, producing 3 keys and 6 values 
21:45:27.718 [main] INFO  o.r.Reflections - [scan,232] - Reflections took 12 ms to scan 1 urls, producing 4 keys and 9 values 
21:45:27.733 [main] INFO  o.r.Reflections - [scan,232] - Reflections took 13 ms to scan 1 urls, producing 3 keys and 10 values 
21:45:27.747 [main] INFO  o.r.Reflections - [scan,232] - Reflections took 11 ms to scan 1 urls, producing 1 keys and 5 values 
21:45:27.764 [main] INFO  o.r.Reflections - [scan,232] - Reflections took 13 ms to scan 1 urls, producing 1 keys and 7 values 
21:45:27.781 [main] INFO  o.r.Reflections - [scan,232] - Reflections took 14 ms to scan 1 urls, producing 2 keys and 8 values 
21:45:27.785 [main] INFO  c.a.n.c.r.client - [printIfInfoEnabled,60] - [11abd092-8260-41a1-88af-14f4b7a71daa_config-0] RpcClient init label, labels = {module=config, Vipserver-Tag=null, source=sdk, Amory-Tag=null, Location-Tag=null, taskId=0, AppName=unknown}
21:45:27.786 [main] INFO  c.a.n.c.r.client - [printIfInfoEnabled,60] - [11abd092-8260-41a1-88af-14f4b7a71daa_config-0] Register server push request handler:com.alibaba.nacos.client.config.impl.ClientWorker$ConfigRpcTransportClient$$Lambda$463/0x0000000800f3d878
21:45:27.786 [main] INFO  c.a.n.c.r.client - [printIfInfoEnabled,60] - [11abd092-8260-41a1-88af-14f4b7a71daa_config-0] Register server push request handler:com.alibaba.nacos.client.config.impl.ClientWorker$ConfigRpcTransportClient$$Lambda$464/0x0000000800f3daa0
21:45:27.787 [main] INFO  c.a.n.c.r.client - [printIfInfoEnabled,60] - [11abd092-8260-41a1-88af-14f4b7a71daa_config-0] Registry connection listener to current client:com.alibaba.nacos.client.config.impl.ClientWorker$ConfigRpcTransportClient$1
21:45:27.787 [main] INFO  c.a.n.c.r.client - [printIfInfoEnabled,60] - [11abd092-8260-41a1-88af-14f4b7a71daa_config-0] RpcClient init, ServerListFactory = com.alibaba.nacos.client.config.impl.ClientWorker$ConfigRpcTransportClient$2
21:45:27.796 [main] INFO  c.a.n.c.r.client - [printIfInfoEnabled,60] - [11abd092-8260-41a1-88af-14f4b7a71daa_config-0] Try to connect to server on start up, server: {serverIp = '127.0.0.1', server main port = 8848}
21:45:28.466 [main] INFO  c.a.n.c.r.client - [printIfInfoEnabled,60] - [11abd092-8260-41a1-88af-14f4b7a71daa_config-0] Success to connect to server [127.0.0.1:8848] on start up, connectionId = 1683380728254_127.0.0.1_58843
21:45:28.467 [com.alibaba.nacos.client.remote.worker] INFO  c.a.n.c.r.client - [printIfInfoEnabled,60] - [11abd092-8260-41a1-88af-14f4b7a71daa_config-0] Notify connected event to listeners.
21:45:28.467 [main] INFO  c.a.n.c.r.client - [printIfInfoEnabled,60] - [11abd092-8260-41a1-88af-14f4b7a71daa_config-0] Register server push request handler:com.alibaba.nacos.common.remote.client.RpcClient$ConnectResetRequestHandler
21:45:28.467 [main] INFO  c.a.n.c.r.client - [printIfInfoEnabled,60] - [11abd092-8260-41a1-88af-14f4b7a71daa_config-0] Register server push request handler:com.alibaba.nacos.common.remote.client.RpcClient$$Lambda$475/0x000000080103d7d8
21:45:28.571 [main] INFO  c.c.g.RuoYiGatewayApplication - [logStartupProfileInfo,637] - The following 1 profile is active: "dev"
21:45:31.902 [main] INFO  c.a.c.s.g.s.SentinelSCGAutoConfiguration - [sentinelGatewayFilter,144] - [Sentinel SpringCloudGateway] register SentinelGatewayFilter with order: -2147483648
21:45:32.465 [main] INFO  c.a.c.s.g.s.SentinelSCGAutoConfiguration - [sentinelGatewayBlockExceptionHandler,134] - [Sentinel SpringCloudGateway] register SentinelGatewayBlockExceptionHandler
21:45:33.187 [main] INFO  c.a.n.c.r.client - [lambda$createClient$0,80] - [RpcClientFactory] create a new rpc client of bc94c7d0-57ad-4060-b01f-b15334a0733d_config-0
21:45:33.188 [main] INFO  c.a.n.c.r.client - [printIfInfoEnabled,60] - [bc94c7d0-57ad-4060-b01f-b15334a0733d_config-0] RpcClient init label, labels = {module=config, Vipserver-Tag=null, source=sdk, Amory-Tag=null, Location-Tag=null, taskId=0, AppName=unknown}
21:45:33.188 [main] INFO  c.a.n.c.r.client - [printIfInfoEnabled,60] - [bc94c7d0-57ad-4060-b01f-b15334a0733d_config-0] Register server push request handler:com.alibaba.nacos.client.config.impl.ClientWorker$ConfigRpcTransportClient$$Lambda$463/0x0000000800f3d878
21:45:33.189 [main] INFO  c.a.n.c.r.client - [printIfInfoEnabled,60] - [bc94c7d0-57ad-4060-b01f-b15334a0733d_config-0] Register server push request handler:com.alibaba.nacos.client.config.impl.ClientWorker$ConfigRpcTransportClient$$Lambda$464/0x0000000800f3daa0
21:45:33.189 [main] INFO  c.a.n.c.r.client - [printIfInfoEnabled,60] - [bc94c7d0-57ad-4060-b01f-b15334a0733d_config-0] Registry connection listener to current client:com.alibaba.nacos.client.config.impl.ClientWorker$ConfigRpcTransportClient$1
21:45:33.189 [main] INFO  c.a.n.c.r.client - [printIfInfoEnabled,60] - [bc94c7d0-57ad-4060-b01f-b15334a0733d_config-0] RpcClient init, ServerListFactory = com.alibaba.nacos.client.config.impl.ClientWorker$ConfigRpcTransportClient$2
21:45:33.191 [main] INFO  c.a.n.c.r.client - [printIfInfoEnabled,60] - [bc94c7d0-57ad-4060-b01f-b15334a0733d_config-0] Try to connect to server on start up, server: {serverIp = '127.0.0.1', server main port = 8848}
21:45:33.331 [main] INFO  c.a.n.c.r.client - [printIfInfoEnabled,60] - [bc94c7d0-57ad-4060-b01f-b15334a0733d_config-0] Success to connect to server [127.0.0.1:8848] on start up, connectionId = 1683380733207_127.0.0.1_58856
21:45:33.332 [main] INFO  c.a.n.c.r.client - [printIfInfoEnabled,60] - [bc94c7d0-57ad-4060-b01f-b15334a0733d_config-0] Register server push request handler:com.alibaba.nacos.common.remote.client.RpcClient$ConnectResetRequestHandler
21:45:33.332 [com.alibaba.nacos.client.remote.worker] INFO  c.a.n.c.r.client - [printIfInfoEnabled,60] - [bc94c7d0-57ad-4060-b01f-b15334a0733d_config-0] Notify connected event to listeners.
21:45:33.332 [main] INFO  c.a.n.c.r.client - [printIfInfoEnabled,60] - [bc94c7d0-57ad-4060-b01f-b15334a0733d_config-0] Register server push request handler:com.alibaba.nacos.common.remote.client.RpcClient$$Lambda$475/0x000000080103d7d8
21:45:33.481 [main] INFO  c.a.n.c.r.client - [lambda$createClient$0,80] - [RpcClientFactory] create a new rpc client of 8f8bf2c1-a3a4-4772-8170-7789536ac890
21:45:33.482 [main] INFO  c.a.n.c.r.client - [printIfInfoEnabled,60] - [8f8bf2c1-a3a4-4772-8170-7789536ac890] RpcClient init label, labels = {module=naming, source=sdk}
21:45:33.483 [main] INFO  c.a.n.c.r.client - [printIfInfoEnabled,60] - [8f8bf2c1-a3a4-4772-8170-7789536ac890] RpcClient init, ServerListFactory = com.alibaba.nacos.client.naming.core.ServerListManager
21:45:33.484 [main] INFO  c.a.n.c.r.client - [printIfInfoEnabled,60] - [8f8bf2c1-a3a4-4772-8170-7789536ac890] Registry connection listener to current client:com.alibaba.nacos.client.naming.remote.gprc.redo.NamingGrpcRedoService
21:45:33.484 [main] INFO  c.a.n.c.r.client - [printIfInfoEnabled,60] - [8f8bf2c1-a3a4-4772-8170-7789536ac890] Register server push request handler:com.alibaba.nacos.client.naming.remote.gprc.NamingPushRequestHandler
21:45:33.485 [main] INFO  c.a.n.c.r.client - [printIfInfoEnabled,60] - [8f8bf2c1-a3a4-4772-8170-7789536ac890] Try to connect to server on start up, server: {serverIp = '127.0.0.1', server main port = 8848}
21:45:33.622 [main] INFO  c.a.n.c.r.client - [printIfInfoEnabled,60] - [8f8bf2c1-a3a4-4772-8170-7789536ac890] Success to connect to server [127.0.0.1:8848] on start up, connectionId = 1683380733500_127.0.0.1_58859
21:45:33.623 [com.alibaba.nacos.client.remote.worker] INFO  c.a.n.c.r.client - [printIfInfoEnabled,60] - [8f8bf2c1-a3a4-4772-8170-7789536ac890] Notify connected event to listeners.
21:45:33.623 [main] INFO  c.a.n.c.r.client - [printIfInfoEnabled,60] - [8f8bf2c1-a3a4-4772-8170-7789536ac890] Register server push request handler:com.alibaba.nacos.common.remote.client.RpcClient$ConnectResetRequestHandler
21:45:33.623 [main] INFO  c.a.n.c.r.client - [printIfInfoEnabled,60] - [8f8bf2c1-a3a4-4772-8170-7789536ac890] Register server push request handler:com.alibaba.nacos.common.remote.client.RpcClient$$Lambda$475/0x000000080103d7d8
21:45:33.830 [main] INFO  c.a.c.n.r.NacosServiceRegistry - [register,75] - nacos registry, DEFAULT_GROUP cms-gateway 192.168.1.3:8080 register finished
21:45:33.903 [main] INFO  c.c.g.RuoYiGatewayApplication - [logStarted,61] - Started RuoYiGatewayApplication in 7.367 seconds (JVM running for 8.446)
21:45:33.909 [main] INFO  c.a.c.n.r.NacosContextRefresher - [registerNacosListener,129] - [Nacos Config] Listening config: dataId=cms-gateway, group=DEFAULT_GROUP
21:45:33.909 [main] INFO  c.a.c.n.r.NacosContextRefresher - [registerNacosListener,129] - [Nacos Config] Listening config: dataId=cms-gateway.yml, group=DEFAULT_GROUP
21:45:33.912 [main] INFO  c.a.c.n.r.NacosContextRefresher - [registerNacosListener,129] - [Nacos Config] Listening config: dataId=cms-gateway-dev.yml, group=DEFAULT_GROUP
21:45:34.211 [nacos-grpc-client-executor-53] INFO  c.a.n.c.r.client - [printIfInfoEnabled,60] - [8f8bf2c1-a3a4-4772-8170-7789536ac890] Receive server push request, request = NotifySubscriberRequest, requestId = 172
21:45:34.223 [nacos-grpc-client-executor-53] INFO  c.a.n.c.r.client - [printIfInfoEnabled,60] - [8f8bf2c1-a3a4-4772-8170-7789536ac890] Ack server push request, request = NotifySubscriberRequest, requestId = 172
21:45:34.384 [nacos-grpc-client-executor-54] INFO  c.a.n.c.r.client - [printIfInfoEnabled,60] - [8f8bf2c1-a3a4-4772-8170-7789536ac890] Receive server push request, request = NotifySubscriberRequest, requestId = 175
21:45:34.384 [nacos-grpc-client-executor-54] INFO  c.a.n.c.r.client - [printIfInfoEnabled,60] - [8f8bf2c1-a3a4-4772-8170-7789536ac890] Ack server push request, request = NotifySubscriberRequest, requestId = 175
21:45:34.387 [nacos-grpc-client-executor-55] INFO  c.a.n.c.r.client - [printIfInfoEnabled,60] - [8f8bf2c1-a3a4-4772-8170-7789536ac890] Receive server push request, request = NotifySubscriberRequest, requestId = 174
21:45:34.387 [nacos-grpc-client-executor-55] INFO  c.a.n.c.r.client - [printIfInfoEnabled,60] - [8f8bf2c1-a3a4-4772-8170-7789536ac890] Ack server push request, request = NotifySubscriberRequest, requestId = 174
21:45:34.390 [nacos-grpc-client-executor-56] INFO  c.a.n.c.r.client - [printIfInfoEnabled,60] - [8f8bf2c1-a3a4-4772-8170-7789536ac890] Receive server push request, request = NotifySubscriberRequest, requestId = 176
21:45:34.391 [nacos-grpc-client-executor-56] INFO  c.a.n.c.r.client - [printIfInfoEnabled,60] - [8f8bf2c1-a3a4-4772-8170-7789536ac890] Ack server push request, request = NotifySubscriberRequest, requestId = 176
21:45:34.393 [nacos-grpc-client-executor-57] INFO  c.a.n.c.r.client - [printIfInfoEnabled,60] - [8f8bf2c1-a3a4-4772-8170-7789536ac890] Receive server push request, request = NotifySubscriberRequest, requestId = 173
21:45:34.394 [nacos-grpc-client-executor-57] INFO  c.a.n.c.r.client - [printIfInfoEnabled,60] - [8f8bf2c1-a3a4-4772-8170-7789536ac890] Ack server push request, request = NotifySubscriberRequest, requestId = 173
21:45:34.399 [nacos-grpc-client-executor-58] INFO  c.a.n.c.r.client - [printIfInfoEnabled,60] - [8f8bf2c1-a3a4-4772-8170-7789536ac890] Receive server push request, request = NotifySubscriberRequest, requestId = 177
21:45:34.399 [nacos-grpc-client-executor-58] INFO  c.a.n.c.r.client - [printIfInfoEnabled,60] - [8f8bf2c1-a3a4-4772-8170-7789536ac890] Ack server push request, request = NotifySubscriberRequest, requestId = 177
21:45:34.402 [nacos-grpc-client-executor-59] INFO  c.a.n.c.r.client - [printIfInfoEnabled,60] - [8f8bf2c1-a3a4-4772-8170-7789536ac890] Receive server push request, request = NotifySubscriberRequest, requestId = 178
21:45:34.402 [nacos-grpc-client-executor-59] INFO  c.a.n.c.r.client - [printIfInfoEnabled,60] - [8f8bf2c1-a3a4-4772-8170-7789536ac890] Ack server push request, request = NotifySubscriberRequest, requestId = 178
21:45:37.115 [nacos-grpc-client-executor-20] INFO  c.a.n.c.r.client - [printIfInfoEnabled,60] - [8f8bf2c1-a3a4-4772-8170-7789536ac890] Receive server push request, request = NotifySubscriberRequest, requestId = 180
21:45:37.116 [nacos-grpc-client-executor-20] INFO  c.a.n.c.r.client - [printIfInfoEnabled,60] - [8f8bf2c1-a3a4-4772-8170-7789536ac890] Ack server push request, request = NotifySubscriberRequest, requestId = 180
21:45:44.025 [nacos-grpc-client-executor-64] INFO  c.a.n.c.r.client - [printIfInfoEnabled,60] - [8f8bf2c1-a3a4-4772-8170-7789536ac890] Receive server push request, request = NotifySubscriberRequest, requestId = 183
21:45:44.027 [nacos-grpc-client-executor-64] INFO  c.a.n.c.r.client - [printIfInfoEnabled,60] - [8f8bf2c1-a3a4-4772-8170-7789536ac890] Ack server push request, request = NotifySubscriberRequest, requestId = 183
21:45:46.156 [nacos-grpc-client-executor-65] INFO  c.a.n.c.r.client - [printIfInfoEnabled,60] - [8f8bf2c1-a3a4-4772-8170-7789536ac890] Receive server push request, request = NotifySubscriberRequest, requestId = 184
21:45:46.158 [nacos-grpc-client-executor-65] INFO  c.a.n.c.r.client - [printIfInfoEnabled,60] - [8f8bf2c1-a3a4-4772-8170-7789536ac890] Ack server push request, request = NotifySubscriberRequest, requestId = 184
21:45:51.909 [nacos-grpc-client-executor-66] INFO  c.a.n.c.r.client - [printIfInfoEnabled,60] - [8f8bf2c1-a3a4-4772-8170-7789536ac890] Receive server push request, request = NotifySubscriberRequest, requestId = 186
21:45:51.911 [nacos-grpc-client-executor-66] INFO  c.a.n.c.r.client - [printIfInfoEnabled,60] - [8f8bf2c1-a3a4-4772-8170-7789536ac890] Ack server push request, request = NotifySubscriberRequest, requestId = 186
21:45:52.727 [nacos-grpc-client-executor-67] INFO  c.a.n.c.r.client - [printIfInfoEnabled,60] - [8f8bf2c1-a3a4-4772-8170-7789536ac890] Receive server push request, request = NotifySubscriberRequest, requestId = 187
21:45:52.728 [nacos-grpc-client-executor-67] INFO  c.a.n.c.r.client - [printIfInfoEnabled,60] - [8f8bf2c1-a3a4-4772-8170-7789536ac890] Ack server push request, request = NotifySubscriberRequest, requestId = 187
21:45:56.605 [nacos-grpc-client-executor-68] INFO  c.a.n.c.r.client - [printIfInfoEnabled,60] - [8f8bf2c1-a3a4-4772-8170-7789536ac890] Receive server push request, request = NotifySubscriberRequest, requestId = 189
21:45:56.606 [nacos-grpc-client-executor-68] INFO  c.a.n.c.r.client - [printIfInfoEnabled,60] - [8f8bf2c1-a3a4-4772-8170-7789536ac890] Ack server push request, request = NotifySubscriberRequest, requestId = 189
21:46:06.285 [nacos-grpc-client-executor-76] INFO  c.a.n.c.r.client - [printIfInfoEnabled,60] - [8f8bf2c1-a3a4-4772-8170-7789536ac890] Receive server push request, request = NotifySubscriberRequest, requestId = 198
21:46:06.287 [nacos-grpc-client-executor-76] INFO  c.a.n.c.r.client - [printIfInfoEnabled,60] - [8f8bf2c1-a3a4-4772-8170-7789536ac890] Ack server push request, request = NotifySubscriberRequest, requestId = 198
22:18:02.580 [nacos-grpc-client-executor-1048] INFO  c.a.n.c.r.client - [printIfInfoEnabled,60] - [8f8bf2c1-a3a4-4772-8170-7789536ac890] Receive server push request, request = NotifySubscriberRequest, requestId = 201
22:18:02.582 [nacos-grpc-client-executor-1048] INFO  c.a.n.c.r.client - [printIfInfoEnabled,60] - [8f8bf2c1-a3a4-4772-8170-7789536ac890] Ack server push request, request = NotifySubscriberRequest, requestId = 201
22:18:17.654 [nacos-grpc-client-executor-1055] INFO  c.a.n.c.r.client - [printIfInfoEnabled,60] - [8f8bf2c1-a3a4-4772-8170-7789536ac890] Receive server push request, request = NotifySubscriberRequest, requestId = 204
22:18:17.660 [nacos-grpc-client-executor-1055] INFO  c.a.n.c.r.client - [printIfInfoEnabled,60] - [8f8bf2c1-a3a4-4772-8170-7789536ac890] Ack server push request, request = NotifySubscriberRequest, requestId = 204
22:23:51.599 [nacos-grpc-client-executor-1228] INFO  c.a.n.c.r.client - [printIfInfoEnabled,60] - [8f8bf2c1-a3a4-4772-8170-7789536ac890] Receive server push request, request = NotifySubscriberRequest, requestId = 206
22:23:51.602 [nacos-grpc-client-executor-1228] INFO  c.a.n.c.r.client - [printIfInfoEnabled,60] - [8f8bf2c1-a3a4-4772-8170-7789536ac890] Ack server push request, request = NotifySubscriberRequest, requestId = 206
22:24:06.465 [nacos-grpc-client-executor-1233] INFO  c.a.n.c.r.client - [printIfInfoEnabled,60] - [8f8bf2c1-a3a4-4772-8170-7789536ac890] Receive server push request, request = NotifySubscriberRequest, requestId = 209
22:24:06.467 [nacos-grpc-client-executor-1233] INFO  c.a.n.c.r.client - [printIfInfoEnabled,60] - [8f8bf2c1-a3a4-4772-8170-7789536ac890] Ack server push request, request = NotifySubscriberRequest, requestId = 209
22:24:07.284 [nacos-grpc-client-executor-1234] INFO  c.a.n.c.r.client - [printIfInfoEnabled,60] - [8f8bf2c1-a3a4-4772-8170-7789536ac890] Receive server push request, request = NotifySubscriberRequest, requestId = 212
22:24:07.285 [nacos-grpc-client-executor-1234] INFO  c.a.n.c.r.client - [printIfInfoEnabled,60] - [8f8bf2c1-a3a4-4772-8170-7789536ac890] Ack server push request, request = NotifySubscriberRequest, requestId = 212
22:24:16.572 [nacos-grpc-client-executor-1236] INFO  c.a.n.c.r.client - [printIfInfoEnabled,60] - [8f8bf2c1-a3a4-4772-8170-7789536ac890] Receive server push request, request = NotifySubscriberRequest, requestId = 216
22:24:16.573 [nacos-grpc-client-executor-1236] INFO  c.a.n.c.r.client - [printIfInfoEnabled,60] - [8f8bf2c1-a3a4-4772-8170-7789536ac890] Ack server push request, request = NotifySubscriberRequest, requestId = 216
