01:13:06.609 [nacos-grpc-client-executor-21607] INFO  c.a.n.c.r.client - [printIfInfoEnabled,60] - [ee01473a-dd0e-478f-9d47-75a681e3aee5] Receive server push request, request = NotifySubscriberRequest, requestId = 835
01:13:06.657 [nacos-grpc-client-executor-21607] INFO  c.a.n.c.r.client - [printIfInfoEnabled,60] - [ee01473a-dd0e-478f-9d47-75a681e3aee5] Ack server push request, request = NotifySubscriberRequest, requestId = 835
01:13:22.513 [nacos-grpc-client-executor-21613] INFO  c.a.n.c.r.client - [printIfInfoEnabled,60] - [ee01473a-dd0e-478f-9d47-75a681e3aee5] Receive server push request, request = NotifySubscriberRequest, requestId = 840
01:13:22.514 [nacos-grpc-client-executor-21613] INFO  c.a.n.c.r.client - [printIfInfoEnabled,60] - [ee01473a-dd0e-478f-9d47-75a681e3aee5] Ack server push request, request = NotifySubscriberRequest, requestId = 840
01:14:31.863 [nacos-grpc-client-executor-21644] INFO  c.a.n.c.r.client - [printIfInfoEnabled,60] - [ee01473a-dd0e-478f-9d47-75a681e3aee5] Receive server push request, request = NotifySubscriberRequest, requestId = 844
01:14:31.866 [nacos-grpc-client-executor-21644] INFO  c.a.n.c.r.client - [printIfInfoEnabled,60] - [ee01473a-dd0e-478f-9d47-75a681e3aee5] Ack server push request, request = NotifySubscriberRequest, requestId = 844
01:14:45.847 [nacos-grpc-client-executor-21654] INFO  c.a.n.c.r.client - [printIfInfoEnabled,60] - [ee01473a-dd0e-478f-9d47-75a681e3aee5] Receive server push request, request = NotifySubscriberRequest, requestId = 849
01:14:45.848 [nacos-grpc-client-executor-21654] INFO  c.a.n.c.r.client - [printIfInfoEnabled,60] - [ee01473a-dd0e-478f-9d47-75a681e3aee5] Ack server push request, request = NotifySubscriberRequest, requestId = 849
01:18:43.953 [nacos-grpc-client-executor-21768] INFO  c.a.n.c.r.client - [printIfInfoEnabled,60] - [ee01473a-dd0e-478f-9d47-75a681e3aee5] Receive server push request, request = NotifySubscriberRequest, requestId = 853
01:18:43.957 [nacos-grpc-client-executor-21768] INFO  c.a.n.c.r.client - [printIfInfoEnabled,60] - [ee01473a-dd0e-478f-9d47-75a681e3aee5] Ack server push request, request = NotifySubscriberRequest, requestId = 853
01:18:59.015 [nacos-grpc-client-executor-21771] INFO  c.a.n.c.r.client - [printIfInfoEnabled,60] - [ee01473a-dd0e-478f-9d47-75a681e3aee5] Receive server push request, request = NotifySubscriberRequest, requestId = 857
01:18:59.017 [nacos-grpc-client-executor-21771] INFO  c.a.n.c.r.client - [printIfInfoEnabled,60] - [ee01473a-dd0e-478f-9d47-75a681e3aee5] Ack server push request, request = NotifySubscriberRequest, requestId = 857
01:41:44.021 [nacos-grpc-client-executor-22412] INFO  c.a.n.c.r.client - [printIfInfoEnabled,60] - [ee01473a-dd0e-478f-9d47-75a681e3aee5] Receive server push request, request = NotifySubscriberRequest, requestId = 862
01:41:44.028 [nacos-grpc-client-executor-22412] INFO  c.a.n.c.r.client - [printIfInfoEnabled,60] - [ee01473a-dd0e-478f-9d47-75a681e3aee5] Ack server push request, request = NotifySubscriberRequest, requestId = 862
01:41:58.767 [nacos-grpc-client-executor-22415] INFO  c.a.n.c.r.client - [printIfInfoEnabled,60] - [ee01473a-dd0e-478f-9d47-75a681e3aee5] Receive server push request, request = NotifySubscriberRequest, requestId = 867
01:41:58.768 [nacos-grpc-client-executor-22415] INFO  c.a.n.c.r.client - [printIfInfoEnabled,60] - [ee01473a-dd0e-478f-9d47-75a681e3aee5] Ack server push request, request = NotifySubscriberRequest, requestId = 867
22:03:08.053 [nacos-grpc-client-executor-23379] INFO  c.a.n.c.r.client - [printIfInfoEnabled,60] - [ee01473a-dd0e-478f-9d47-75a681e3aee5] Receive server push request, request = NotifySubscriberRequest, requestId = 871
22:03:08.055 [nacos-grpc-client-executor-23379] INFO  c.a.n.c.r.client - [printIfInfoEnabled,60] - [ee01473a-dd0e-478f-9d47-75a681e3aee5] Ack server push request, request = NotifySubscriberRequest, requestId = 871
22:03:22.456 [nacos-grpc-client-executor-23382] INFO  c.a.n.c.r.client - [printIfInfoEnabled,60] - [ee01473a-dd0e-478f-9d47-75a681e3aee5] Receive server push request, request = NotifySubscriberRequest, requestId = 876
22:03:22.459 [nacos-grpc-client-executor-23382] INFO  c.a.n.c.r.client - [printIfInfoEnabled,60] - [ee01473a-dd0e-478f-9d47-75a681e3aee5] Ack server push request, request = NotifySubscriberRequest, requestId = 876
22:04:04.329 [nacos-grpc-client-executor-23409] INFO  c.a.n.c.r.client - [printIfInfoEnabled,60] - [ee01473a-dd0e-478f-9d47-75a681e3aee5] Receive server push request, request = NotifySubscriberRequest, requestId = 878
22:04:04.331 [nacos-grpc-client-executor-23409] INFO  c.a.n.c.r.client - [printIfInfoEnabled,60] - [ee01473a-dd0e-478f-9d47-75a681e3aee5] Ack server push request, request = NotifySubscriberRequest, requestId = 878
22:04:04.431 [nacos-grpc-client-executor-23410] INFO  c.a.n.c.r.client - [printIfInfoEnabled,60] - [ee01473a-dd0e-478f-9d47-75a681e3aee5] Receive server push request, request = NotifySubscriberRequest, requestId = 880
22:04:04.433 [nacos-grpc-client-executor-23410] INFO  c.a.n.c.r.client - [printIfInfoEnabled,60] - [ee01473a-dd0e-478f-9d47-75a681e3aee5] Ack server push request, request = NotifySubscriberRequest, requestId = 880
22:04:04.536 [nacos-grpc-client-executor-23411] INFO  c.a.n.c.r.client - [printIfInfoEnabled,60] - [ee01473a-dd0e-478f-9d47-75a681e3aee5] Receive server push request, request = NotifySubscriberRequest, requestId = 882
22:04:04.539 [nacos-grpc-client-executor-23411] INFO  c.a.n.c.r.client - [printIfInfoEnabled,60] - [ee01473a-dd0e-478f-9d47-75a681e3aee5] Ack server push request, request = NotifySubscriberRequest, requestId = 882
22:04:04.738 [nacos-grpc-client-executor-23412] INFO  c.a.n.c.r.client - [printIfInfoEnabled,60] - [ee01473a-dd0e-478f-9d47-75a681e3aee5] Receive server push request, request = NotifySubscriberRequest, requestId = 884
22:04:04.740 [nacos-grpc-client-executor-23412] INFO  c.a.n.c.r.client - [printIfInfoEnabled,60] - [ee01473a-dd0e-478f-9d47-75a681e3aee5] Ack server push request, request = NotifySubscriberRequest, requestId = 884
22:04:04.941 [nacos-grpc-client-executor-23413] INFO  c.a.n.c.r.client - [printIfInfoEnabled,60] - [ee01473a-dd0e-478f-9d47-75a681e3aee5] Receive server push request, request = NotifySubscriberRequest, requestId = 886
22:04:04.942 [nacos-grpc-client-executor-23413] INFO  c.a.n.c.r.client - [printIfInfoEnabled,60] - [ee01473a-dd0e-478f-9d47-75a681e3aee5] Ack server push request, request = NotifySubscriberRequest, requestId = 886
22:04:05.707 [SpringApplicationShutdownHook] INFO  c.a.c.n.r.NacosServiceRegistry - [deregister,94] - De-registering from Nacos Server now...
22:04:05.713 [SpringApplicationShutdownHook] INFO  c.a.c.n.r.NacosServiceRegistry - [deregister,114] - De-registration finished.
22:04:06.026 [SpringApplicationShutdownHook] INFO  c.a.n.c.r.client - [shutdown,454] - Shutdown rpc client, set status to shutdown
22:04:06.026 [SpringApplicationShutdownHook] INFO  c.a.n.c.r.client - [shutdown,456] - Shutdown client event executor java.util.concurrent.ScheduledThreadPoolExecutor@22753f7e[Running, pool size = 2, active threads = 2, queued tasks = 0, completed tasks = 0]
22:04:06.027 [SpringApplicationShutdownHook] INFO  c.a.n.c.r.client - [closeConnection,591] - Close current connection 1684084374034_127.0.0.1_51915
22:04:06.030 [nacos-grpc-client-executor-23416] INFO  c.a.n.c.r.c.g.GrpcClient - [printIfInfoEnabled,60] - [1684084374034_127.0.0.1_51915]Ignore complete event,isRunning:false,isAbandon=false
22:04:06.039 [SpringApplicationShutdownHook] INFO  c.a.n.c.r.c.g.GrpcClient - [shutdown,85] - Shutdown grpc executor java.util.concurrent.ThreadPoolExecutor@195aa799[Running, pool size = 18, active threads = 0, queued tasks = 0, completed tasks = 23453]
22:04:19.771 [background-preinit] INFO  o.h.v.i.util.Version - [<clinit>,21] - HV000001: Hibernate Validator 6.2.5.Final
22:04:21.147 [main] INFO  c.a.n.c.r.client - [lambda$createClient$0,80] - [RpcClientFactory] create a new rpc client of 4b2b6971-868a-4532-bc21-02f8ff9e6119_config-0
22:04:21.223 [main] INFO  o.r.Reflections - [scan,232] - Reflections took 46 ms to scan 1 urls, producing 3 keys and 6 values 
22:04:21.273 [main] INFO  o.r.Reflections - [scan,232] - Reflections took 25 ms to scan 1 urls, producing 4 keys and 9 values 
22:04:21.301 [main] INFO  o.r.Reflections - [scan,232] - Reflections took 23 ms to scan 1 urls, producing 3 keys and 10 values 
22:04:21.328 [main] INFO  o.r.Reflections - [scan,232] - Reflections took 22 ms to scan 1 urls, producing 1 keys and 5 values 
22:04:21.367 [main] INFO  o.r.Reflections - [scan,232] - Reflections took 33 ms to scan 1 urls, producing 1 keys and 7 values 
22:04:21.395 [main] INFO  o.r.Reflections - [scan,232] - Reflections took 22 ms to scan 1 urls, producing 2 keys and 8 values 
22:04:21.403 [main] INFO  c.a.n.c.r.client - [printIfInfoEnabled,60] - [4b2b6971-868a-4532-bc21-02f8ff9e6119_config-0] RpcClient init label, labels = {module=config, Vipserver-Tag=null, source=sdk, Amory-Tag=null, Location-Tag=null, taskId=0, AppName=unknown}
22:04:21.404 [main] INFO  c.a.n.c.r.client - [printIfInfoEnabled,60] - [4b2b6971-868a-4532-bc21-02f8ff9e6119_config-0] Register server push request handler:com.alibaba.nacos.client.config.impl.ClientWorker$ConfigRpcTransportClient$$Lambda$463/0x0000000800f1b940
22:04:21.405 [main] INFO  c.a.n.c.r.client - [printIfInfoEnabled,60] - [4b2b6971-868a-4532-bc21-02f8ff9e6119_config-0] Register server push request handler:com.alibaba.nacos.client.config.impl.ClientWorker$ConfigRpcTransportClient$$Lambda$464/0x0000000800f1bb68
22:04:21.406 [main] INFO  c.a.n.c.r.client - [printIfInfoEnabled,60] - [4b2b6971-868a-4532-bc21-02f8ff9e6119_config-0] Registry connection listener to current client:com.alibaba.nacos.client.config.impl.ClientWorker$ConfigRpcTransportClient$1
22:04:21.408 [main] INFO  c.a.n.c.r.client - [printIfInfoEnabled,60] - [4b2b6971-868a-4532-bc21-02f8ff9e6119_config-0] RpcClient init, ServerListFactory = com.alibaba.nacos.client.config.impl.ClientWorker$ConfigRpcTransportClient$2
22:04:21.432 [main] INFO  c.a.n.c.r.client - [printIfInfoEnabled,60] - [4b2b6971-868a-4532-bc21-02f8ff9e6119_config-0] Try to connect to server on start up, server: {serverIp = '127.0.0.1', server main port = 8848}
22:04:22.457 [main] INFO  c.a.n.c.r.client - [printIfInfoEnabled,60] - [4b2b6971-868a-4532-bc21-02f8ff9e6119_config-0] Success to connect to server [127.0.0.1:8848] on start up, connectionId = 1684245862172_127.0.0.1_60958
22:04:22.458 [com.alibaba.nacos.client.remote.worker] INFO  c.a.n.c.r.client - [printIfInfoEnabled,60] - [4b2b6971-868a-4532-bc21-02f8ff9e6119_config-0] Notify connected event to listeners.
22:04:22.458 [main] INFO  c.a.n.c.r.client - [printIfInfoEnabled,60] - [4b2b6971-868a-4532-bc21-02f8ff9e6119_config-0] Register server push request handler:com.alibaba.nacos.common.remote.client.RpcClient$ConnectResetRequestHandler
22:04:22.459 [main] INFO  c.a.n.c.r.client - [printIfInfoEnabled,60] - [4b2b6971-868a-4532-bc21-02f8ff9e6119_config-0] Register server push request handler:com.alibaba.nacos.common.remote.client.RpcClient$$Lambda$475/0x000000080101c290
22:04:22.575 [main] INFO  c.c.g.RuoYiGatewayApplication - [logStartupProfileInfo,637] - The following 1 profile is active: "dev"
22:04:28.200 [main] INFO  c.a.c.s.g.s.SentinelSCGAutoConfiguration - [sentinelGatewayFilter,144] - [Sentinel SpringCloudGateway] register SentinelGatewayFilter with order: -2147483648
22:04:29.658 [main] INFO  c.a.c.s.g.s.SentinelSCGAutoConfiguration - [sentinelGatewayBlockExceptionHandler,134] - [Sentinel SpringCloudGateway] register SentinelGatewayBlockExceptionHandler
22:04:30.514 [main] INFO  c.a.n.c.r.client - [lambda$createClient$0,80] - [RpcClientFactory] create a new rpc client of d3317650-386a-401d-8d67-6abb09ad326c_config-0
22:04:30.515 [main] INFO  c.a.n.c.r.client - [printIfInfoEnabled,60] - [d3317650-386a-401d-8d67-6abb09ad326c_config-0] RpcClient init label, labels = {module=config, Vipserver-Tag=null, source=sdk, Amory-Tag=null, Location-Tag=null, taskId=0, AppName=unknown}
22:04:30.516 [main] INFO  c.a.n.c.r.client - [printIfInfoEnabled,60] - [d3317650-386a-401d-8d67-6abb09ad326c_config-0] Register server push request handler:com.alibaba.nacos.client.config.impl.ClientWorker$ConfigRpcTransportClient$$Lambda$463/0x0000000800f1b940
22:04:30.516 [main] INFO  c.a.n.c.r.client - [printIfInfoEnabled,60] - [d3317650-386a-401d-8d67-6abb09ad326c_config-0] Register server push request handler:com.alibaba.nacos.client.config.impl.ClientWorker$ConfigRpcTransportClient$$Lambda$464/0x0000000800f1bb68
22:04:30.517 [main] INFO  c.a.n.c.r.client - [printIfInfoEnabled,60] - [d3317650-386a-401d-8d67-6abb09ad326c_config-0] Registry connection listener to current client:com.alibaba.nacos.client.config.impl.ClientWorker$ConfigRpcTransportClient$1
22:04:30.517 [main] INFO  c.a.n.c.r.client - [printIfInfoEnabled,60] - [d3317650-386a-401d-8d67-6abb09ad326c_config-0] RpcClient init, ServerListFactory = com.alibaba.nacos.client.config.impl.ClientWorker$ConfigRpcTransportClient$2
22:04:30.518 [main] INFO  c.a.n.c.r.client - [printIfInfoEnabled,60] - [d3317650-386a-401d-8d67-6abb09ad326c_config-0] Try to connect to server on start up, server: {serverIp = '127.0.0.1', server main port = 8848}
22:04:30.663 [main] INFO  c.a.n.c.r.client - [printIfInfoEnabled,60] - [d3317650-386a-401d-8d67-6abb09ad326c_config-0] Success to connect to server [127.0.0.1:8848] on start up, connectionId = 1684245870538_127.0.0.1_60997
22:04:30.663 [main] INFO  c.a.n.c.r.client - [printIfInfoEnabled,60] - [d3317650-386a-401d-8d67-6abb09ad326c_config-0] Register server push request handler:com.alibaba.nacos.common.remote.client.RpcClient$ConnectResetRequestHandler
22:04:30.663 [com.alibaba.nacos.client.remote.worker] INFO  c.a.n.c.r.client - [printIfInfoEnabled,60] - [d3317650-386a-401d-8d67-6abb09ad326c_config-0] Notify connected event to listeners.
22:04:30.663 [main] INFO  c.a.n.c.r.client - [printIfInfoEnabled,60] - [d3317650-386a-401d-8d67-6abb09ad326c_config-0] Register server push request handler:com.alibaba.nacos.common.remote.client.RpcClient$$Lambda$475/0x000000080101c290
22:04:30.883 [main] INFO  c.a.n.c.r.client - [lambda$createClient$0,80] - [RpcClientFactory] create a new rpc client of 6a69ae67-8064-41f5-9623-9c2a498ef4ec
22:04:30.886 [main] INFO  c.a.n.c.r.client - [printIfInfoEnabled,60] - [6a69ae67-8064-41f5-9623-9c2a498ef4ec] RpcClient init label, labels = {module=naming, source=sdk}
22:04:30.890 [main] INFO  c.a.n.c.r.client - [printIfInfoEnabled,60] - [6a69ae67-8064-41f5-9623-9c2a498ef4ec] RpcClient init, ServerListFactory = com.alibaba.nacos.client.naming.core.ServerListManager
22:04:30.892 [main] INFO  c.a.n.c.r.client - [printIfInfoEnabled,60] - [6a69ae67-8064-41f5-9623-9c2a498ef4ec] Registry connection listener to current client:com.alibaba.nacos.client.naming.remote.gprc.redo.NamingGrpcRedoService
22:04:30.894 [main] INFO  c.a.n.c.r.client - [printIfInfoEnabled,60] - [6a69ae67-8064-41f5-9623-9c2a498ef4ec] Register server push request handler:com.alibaba.nacos.client.naming.remote.gprc.NamingPushRequestHandler
22:04:30.896 [main] INFO  c.a.n.c.r.client - [printIfInfoEnabled,60] - [6a69ae67-8064-41f5-9623-9c2a498ef4ec] Try to connect to server on start up, server: {serverIp = '127.0.0.1', server main port = 8848}
22:04:31.064 [main] INFO  c.a.n.c.r.client - [printIfInfoEnabled,60] - [6a69ae67-8064-41f5-9623-9c2a498ef4ec] Success to connect to server [127.0.0.1:8848] on start up, connectionId = 1684245870928_127.0.0.1_60998
22:04:31.064 [main] INFO  c.a.n.c.r.client - [printIfInfoEnabled,60] - [6a69ae67-8064-41f5-9623-9c2a498ef4ec] Register server push request handler:com.alibaba.nacos.common.remote.client.RpcClient$ConnectResetRequestHandler
22:04:31.065 [com.alibaba.nacos.client.remote.worker] INFO  c.a.n.c.r.client - [printIfInfoEnabled,60] - [6a69ae67-8064-41f5-9623-9c2a498ef4ec] Notify connected event to listeners.
22:04:31.065 [main] INFO  c.a.n.c.r.client - [printIfInfoEnabled,60] - [6a69ae67-8064-41f5-9623-9c2a498ef4ec] Register server push request handler:com.alibaba.nacos.common.remote.client.RpcClient$$Lambda$475/0x000000080101c290
22:04:31.348 [main] INFO  c.a.c.n.r.NacosServiceRegistry - [register,75] - nacos registry, DEFAULT_GROUP cms-gateway 192.168.1.3:8080 register finished
22:04:31.551 [main] INFO  c.c.g.RuoYiGatewayApplication - [logStarted,61] - Started RuoYiGatewayApplication in 13.281 seconds (JVM running for 14.708)
22:04:31.562 [main] INFO  c.a.c.n.r.NacosContextRefresher - [registerNacosListener,129] - [Nacos Config] Listening config: dataId=cms-gateway, group=DEFAULT_GROUP
22:04:31.563 [main] INFO  c.a.c.n.r.NacosContextRefresher - [registerNacosListener,129] - [Nacos Config] Listening config: dataId=cms-gateway.yml, group=DEFAULT_GROUP
22:04:31.563 [main] INFO  c.a.c.n.r.NacosContextRefresher - [registerNacosListener,129] - [Nacos Config] Listening config: dataId=cms-gateway-dev.yml, group=DEFAULT_GROUP
22:04:31.678 [nacos-grpc-client-executor-36] INFO  c.a.n.c.r.client - [printIfInfoEnabled,60] - [6a69ae67-8064-41f5-9623-9c2a498ef4ec] Receive server push request, request = NotifySubscriberRequest, requestId = 890
22:04:31.681 [nacos-grpc-client-executor-36] INFO  c.a.n.c.r.client - [printIfInfoEnabled,60] - [6a69ae67-8064-41f5-9623-9c2a498ef4ec] Ack server push request, request = NotifySubscriberRequest, requestId = 890
22:04:31.763 [nacos-grpc-client-executor-37] INFO  c.a.n.c.r.client - [printIfInfoEnabled,60] - [6a69ae67-8064-41f5-9623-9c2a498ef4ec] Receive server push request, request = NotifySubscriberRequest, requestId = 894
22:04:31.766 [nacos-grpc-client-executor-37] INFO  c.a.n.c.r.client - [printIfInfoEnabled,60] - [6a69ae67-8064-41f5-9623-9c2a498ef4ec] Ack server push request, request = NotifySubscriberRequest, requestId = 894
22:04:31.768 [nacos-grpc-client-executor-38] INFO  c.a.n.c.r.client - [printIfInfoEnabled,60] - [6a69ae67-8064-41f5-9623-9c2a498ef4ec] Receive server push request, request = NotifySubscriberRequest, requestId = 893
22:04:31.769 [nacos-grpc-client-executor-38] INFO  c.a.n.c.r.client - [printIfInfoEnabled,60] - [6a69ae67-8064-41f5-9623-9c2a498ef4ec] Ack server push request, request = NotifySubscriberRequest, requestId = 893
22:04:31.771 [nacos-grpc-client-executor-39] INFO  c.a.n.c.r.client - [printIfInfoEnabled,60] - [6a69ae67-8064-41f5-9623-9c2a498ef4ec] Receive server push request, request = NotifySubscriberRequest, requestId = 891
22:04:31.772 [nacos-grpc-client-executor-39] INFO  c.a.n.c.r.client - [printIfInfoEnabled,60] - [6a69ae67-8064-41f5-9623-9c2a498ef4ec] Ack server push request, request = NotifySubscriberRequest, requestId = 891
22:04:31.774 [nacos-grpc-client-executor-42] INFO  c.a.n.c.r.client - [printIfInfoEnabled,60] - [6a69ae67-8064-41f5-9623-9c2a498ef4ec] Receive server push request, request = NotifySubscriberRequest, requestId = 892
22:04:31.774 [nacos-grpc-client-executor-42] INFO  c.a.n.c.r.client - [printIfInfoEnabled,60] - [6a69ae67-8064-41f5-9623-9c2a498ef4ec] Ack server push request, request = NotifySubscriberRequest, requestId = 892
22:04:31.777 [nacos-grpc-client-executor-43] INFO  c.a.n.c.r.client - [printIfInfoEnabled,60] - [6a69ae67-8064-41f5-9623-9c2a498ef4ec] Receive server push request, request = NotifySubscriberRequest, requestId = 895
22:04:31.777 [nacos-grpc-client-executor-43] INFO  c.a.n.c.r.client - [printIfInfoEnabled,60] - [6a69ae67-8064-41f5-9623-9c2a498ef4ec] Ack server push request, request = NotifySubscriberRequest, requestId = 895
22:04:31.867 [nacos-grpc-client-executor-44] INFO  c.a.n.c.r.client - [printIfInfoEnabled,60] - [6a69ae67-8064-41f5-9623-9c2a498ef4ec] Receive server push request, request = NotifySubscriberRequest, requestId = 896
22:04:31.868 [nacos-grpc-client-executor-44] INFO  c.a.n.c.r.client - [printIfInfoEnabled,60] - [6a69ae67-8064-41f5-9623-9c2a498ef4ec] Ack server push request, request = NotifySubscriberRequest, requestId = 896
22:04:39.921 [nacos-grpc-client-executor-13] INFO  c.a.n.c.r.client - [printIfInfoEnabled,60] - [6a69ae67-8064-41f5-9623-9c2a498ef4ec] Receive server push request, request = NotifySubscriberRequest, requestId = 897
22:04:39.923 [nacos-grpc-client-executor-13] INFO  c.a.n.c.r.client - [printIfInfoEnabled,60] - [6a69ae67-8064-41f5-9623-9c2a498ef4ec] Ack server push request, request = NotifySubscriberRequest, requestId = 897
22:04:42.886 [nacos-grpc-client-executor-65] INFO  c.a.n.c.r.client - [printIfInfoEnabled,60] - [6a69ae67-8064-41f5-9623-9c2a498ef4ec] Receive server push request, request = NotifySubscriberRequest, requestId = 899
22:04:42.893 [nacos-grpc-client-executor-65] INFO  c.a.n.c.r.client - [printIfInfoEnabled,60] - [6a69ae67-8064-41f5-9623-9c2a498ef4ec] Ack server push request, request = NotifySubscriberRequest, requestId = 899
22:04:44.309 [nacos-grpc-client-executor-66] INFO  c.a.n.c.r.client - [printIfInfoEnabled,60] - [6a69ae67-8064-41f5-9623-9c2a498ef4ec] Receive server push request, request = NotifySubscriberRequest, requestId = 908
22:04:44.310 [nacos-grpc-client-executor-66] INFO  c.a.n.c.r.client - [printIfInfoEnabled,60] - [6a69ae67-8064-41f5-9623-9c2a498ef4ec] Ack server push request, request = NotifySubscriberRequest, requestId = 908
22:04:50.133 [nacos-grpc-client-executor-69] INFO  c.a.n.c.r.client - [printIfInfoEnabled,60] - [6a69ae67-8064-41f5-9623-9c2a498ef4ec] Receive server push request, request = NotifySubscriberRequest, requestId = 911
22:04:50.136 [nacos-grpc-client-executor-69] INFO  c.a.n.c.r.client - [printIfInfoEnabled,60] - [6a69ae67-8064-41f5-9623-9c2a498ef4ec] Ack server push request, request = NotifySubscriberRequest, requestId = 911
22:06:35.121 [nacos-grpc-client-executor-132] INFO  c.a.n.c.r.client - [printIfInfoEnabled,60] - [6a69ae67-8064-41f5-9623-9c2a498ef4ec] Receive server push request, request = NotifySubscriberRequest, requestId = 914
22:06:35.123 [nacos-grpc-client-executor-132] INFO  c.a.n.c.r.client - [printIfInfoEnabled,60] - [6a69ae67-8064-41f5-9623-9c2a498ef4ec] Ack server push request, request = NotifySubscriberRequest, requestId = 914
22:06:49.667 [nacos-grpc-client-executor-142] INFO  c.a.n.c.r.client - [printIfInfoEnabled,60] - [6a69ae67-8064-41f5-9623-9c2a498ef4ec] Receive server push request, request = NotifySubscriberRequest, requestId = 917
22:06:49.670 [nacos-grpc-client-executor-142] INFO  c.a.n.c.r.client - [printIfInfoEnabled,60] - [6a69ae67-8064-41f5-9623-9c2a498ef4ec] Ack server push request, request = NotifySubscriberRequest, requestId = 917
22:11:25.303 [nacos-grpc-client-executor-287] INFO  c.a.n.c.r.client - [printIfInfoEnabled,60] - [6a69ae67-8064-41f5-9623-9c2a498ef4ec] Receive server push request, request = NotifySubscriberRequest, requestId = 921
22:11:25.308 [nacos-grpc-client-executor-287] INFO  c.a.n.c.r.client - [printIfInfoEnabled,60] - [6a69ae67-8064-41f5-9623-9c2a498ef4ec] Ack server push request, request = NotifySubscriberRequest, requestId = 921
22:11:41.176 [nacos-grpc-client-executor-302] INFO  c.a.n.c.r.client - [printIfInfoEnabled,60] - [6a69ae67-8064-41f5-9623-9c2a498ef4ec] Receive server push request, request = NotifySubscriberRequest, requestId = 924
22:11:41.187 [nacos-grpc-client-executor-302] INFO  c.a.n.c.r.client - [printIfInfoEnabled,60] - [6a69ae67-8064-41f5-9623-9c2a498ef4ec] Ack server push request, request = NotifySubscriberRequest, requestId = 924
22:14:04.733 [nacos-grpc-client-executor-392] INFO  c.a.n.c.r.client - [printIfInfoEnabled,60] - [6a69ae67-8064-41f5-9623-9c2a498ef4ec] Receive server push request, request = NotifySubscriberRequest, requestId = 928
22:14:04.735 [nacos-grpc-client-executor-392] INFO  c.a.n.c.r.client - [printIfInfoEnabled,60] - [6a69ae67-8064-41f5-9623-9c2a498ef4ec] Ack server push request, request = NotifySubscriberRequest, requestId = 928
22:14:19.562 [nacos-grpc-client-executor-396] INFO  c.a.n.c.r.client - [printIfInfoEnabled,60] - [6a69ae67-8064-41f5-9623-9c2a498ef4ec] Receive server push request, request = NotifySubscriberRequest, requestId = 931
22:14:19.563 [nacos-grpc-client-executor-396] INFO  c.a.n.c.r.client - [printIfInfoEnabled,60] - [6a69ae67-8064-41f5-9623-9c2a498ef4ec] Ack server push request, request = NotifySubscriberRequest, requestId = 931
22:16:01.615 [nacos-grpc-client-executor-456] INFO  c.a.n.c.r.client - [printIfInfoEnabled,60] - [6a69ae67-8064-41f5-9623-9c2a498ef4ec] Receive server push request, request = NotifySubscriberRequest, requestId = 935
22:16:01.619 [nacos-grpc-client-executor-456] INFO  c.a.n.c.r.client - [printIfInfoEnabled,60] - [6a69ae67-8064-41f5-9623-9c2a498ef4ec] Ack server push request, request = NotifySubscriberRequest, requestId = 935
22:16:17.687 [nacos-grpc-client-executor-461] INFO  c.a.n.c.r.client - [printIfInfoEnabled,60] - [6a69ae67-8064-41f5-9623-9c2a498ef4ec] Receive server push request, request = NotifySubscriberRequest, requestId = 938
22:16:17.690 [nacos-grpc-client-executor-461] INFO  c.a.n.c.r.client - [printIfInfoEnabled,60] - [6a69ae67-8064-41f5-9623-9c2a498ef4ec] Ack server push request, request = NotifySubscriberRequest, requestId = 938
