00:01:17.041 [nacos-grpc-client-executor-7765] INFO  c.a.n.c.r.client - [printIfInfoEnabled,60] - [576d11df-1811-483a-a720-fe1fdeb2176a] Receive server push request, request = NotifySubscriberRequest, requestId = 223
00:01:17.066 [nacos-grpc-client-executor-7765] INFO  c.a.n.c.r.client - [printIfInfoEnabled,60] - [576d11df-1811-483a-a720-fe1fdeb2176a] Ack server push request, request = NotifySubscriberRequest, requestId = 223
00:01:30.887 [nacos-grpc-client-executor-7774] INFO  c.a.n.c.r.client - [printIfInfoEnabled,60] - [576d11df-1811-483a-a720-fe1fdeb2176a] Receive server push request, request = NotifySubscriberRequest, requestId = 226
00:01:30.888 [nacos-grpc-client-executor-7774] INFO  c.a.n.c.r.client - [printIfInfoEnabled,60] - [576d11df-1811-483a-a720-fe1fdeb2176a] Ack server push request, request = NotifySubscriberRequest, requestId = 226
00:01:57.324 [nacos-grpc-client-executor-7782] INFO  c.a.n.c.r.client - [printIfInfoEnabled,60] - [576d11df-1811-483a-a720-fe1fdeb2176a] Receive server push request, request = NotifySubscriberRequest, requestId = 230
00:01:57.331 [nacos-grpc-client-executor-7782] INFO  c.a.n.c.r.client - [printIfInfoEnabled,60] - [576d11df-1811-483a-a720-fe1fdeb2176a] Ack server push request, request = NotifySubscriberRequest, requestId = 230
00:02:10.354 [nacos-grpc-client-executor-7797] INFO  c.a.n.c.r.client - [printIfInfoEnabled,60] - [576d11df-1811-483a-a720-fe1fdeb2176a] Receive server push request, request = NotifySubscriberRequest, requestId = 233
00:02:10.355 [nacos-grpc-client-executor-7797] INFO  c.a.n.c.r.client - [printIfInfoEnabled,60] - [576d11df-1811-483a-a720-fe1fdeb2176a] Ack server push request, request = NotifySubscriberRequest, requestId = 233
00:03:14.021 [nacos-grpc-client-executor-7827] INFO  c.a.n.c.r.client - [printIfInfoEnabled,60] - [576d11df-1811-483a-a720-fe1fdeb2176a] Receive server push request, request = NotifySubscriberRequest, requestId = 237
00:03:14.024 [nacos-grpc-client-executor-7827] INFO  c.a.n.c.r.client - [printIfInfoEnabled,60] - [576d11df-1811-483a-a720-fe1fdeb2176a] Ack server push request, request = NotifySubscriberRequest, requestId = 237
00:03:28.860 [nacos-grpc-client-executor-7836] INFO  c.a.n.c.r.client - [printIfInfoEnabled,60] - [576d11df-1811-483a-a720-fe1fdeb2176a] Receive server push request, request = NotifySubscriberRequest, requestId = 240
00:03:28.862 [nacos-grpc-client-executor-7836] INFO  c.a.n.c.r.client - [printIfInfoEnabled,60] - [576d11df-1811-483a-a720-fe1fdeb2176a] Ack server push request, request = NotifySubscriberRequest, requestId = 240
00:08:05.095 [nacos-grpc-client-executor-7956] INFO  c.a.n.c.r.client - [printIfInfoEnabled,60] - [576d11df-1811-483a-a720-fe1fdeb2176a] Receive server push request, request = NotifySubscriberRequest, requestId = 244
00:08:05.098 [nacos-grpc-client-executor-7956] INFO  c.a.n.c.r.client - [printIfInfoEnabled,60] - [576d11df-1811-483a-a720-fe1fdeb2176a] Ack server push request, request = NotifySubscriberRequest, requestId = 244
00:10:24.825 [nacos-grpc-client-executor-8031] INFO  c.a.n.c.r.client - [printIfInfoEnabled,60] - [576d11df-1811-483a-a720-fe1fdeb2176a] Receive server push request, request = NotifySubscriberRequest, requestId = 247
00:10:24.832 [nacos-grpc-client-executor-8031] INFO  c.a.n.c.r.client - [printIfInfoEnabled,60] - [576d11df-1811-483a-a720-fe1fdeb2176a] Ack server push request, request = NotifySubscriberRequest, requestId = 247
00:15:53.327 [nacos-grpc-client-executor-8184] INFO  c.a.n.c.r.client - [printIfInfoEnabled,60] - [576d11df-1811-483a-a720-fe1fdeb2176a] Receive server push request, request = NotifySubscriberRequest, requestId = 251
00:15:53.330 [nacos-grpc-client-executor-8184] INFO  c.a.n.c.r.client - [printIfInfoEnabled,60] - [576d11df-1811-483a-a720-fe1fdeb2176a] Ack server push request, request = NotifySubscriberRequest, requestId = 251
00:16:06.526 [nacos-grpc-client-executor-8187] INFO  c.a.n.c.r.client - [printIfInfoEnabled,60] - [576d11df-1811-483a-a720-fe1fdeb2176a] Receive server push request, request = NotifySubscriberRequest, requestId = 254
00:16:06.527 [nacos-grpc-client-executor-8187] INFO  c.a.n.c.r.client - [printIfInfoEnabled,60] - [576d11df-1811-483a-a720-fe1fdeb2176a] Ack server push request, request = NotifySubscriberRequest, requestId = 254
00:21:20.789 [nacos-grpc-client-executor-8341] INFO  c.a.n.c.r.client - [printIfInfoEnabled,60] - [576d11df-1811-483a-a720-fe1fdeb2176a] Receive server push request, request = NotifySubscriberRequest, requestId = 258
00:21:20.792 [nacos-grpc-client-executor-8341] INFO  c.a.n.c.r.client - [printIfInfoEnabled,60] - [576d11df-1811-483a-a720-fe1fdeb2176a] Ack server push request, request = NotifySubscriberRequest, requestId = 258
00:21:33.932 [nacos-grpc-client-executor-8350] INFO  c.a.n.c.r.client - [printIfInfoEnabled,60] - [576d11df-1811-483a-a720-fe1fdeb2176a] Receive server push request, request = NotifySubscriberRequest, requestId = 262
00:21:33.935 [nacos-grpc-client-executor-8350] INFO  c.a.n.c.r.client - [printIfInfoEnabled,60] - [576d11df-1811-483a-a720-fe1fdeb2176a] Ack server push request, request = NotifySubscriberRequest, requestId = 262
00:22:08.953 [nacos-grpc-client-executor-8359] INFO  c.a.n.c.r.client - [printIfInfoEnabled,60] - [576d11df-1811-483a-a720-fe1fdeb2176a] Receive server push request, request = NotifySubscriberRequest, requestId = 265
00:22:08.957 [nacos-grpc-client-executor-8359] INFO  c.a.n.c.r.client - [printIfInfoEnabled,60] - [576d11df-1811-483a-a720-fe1fdeb2176a] Ack server push request, request = NotifySubscriberRequest, requestId = 265
00:22:22.068 [nacos-grpc-client-executor-8377] INFO  c.a.n.c.r.client - [printIfInfoEnabled,60] - [576d11df-1811-483a-a720-fe1fdeb2176a] Receive server push request, request = NotifySubscriberRequest, requestId = 269
00:22:22.069 [nacos-grpc-client-executor-8377] INFO  c.a.n.c.r.client - [printIfInfoEnabled,60] - [576d11df-1811-483a-a720-fe1fdeb2176a] Ack server push request, request = NotifySubscriberRequest, requestId = 269
00:22:52.461 [nacos-grpc-client-executor-8391] INFO  c.a.n.c.r.client - [printIfInfoEnabled,60] - [576d11df-1811-483a-a720-fe1fdeb2176a] Receive server push request, request = NotifySubscriberRequest, requestId = 272
00:22:52.464 [nacos-grpc-client-executor-8391] INFO  c.a.n.c.r.client - [printIfInfoEnabled,60] - [576d11df-1811-483a-a720-fe1fdeb2176a] Ack server push request, request = NotifySubscriberRequest, requestId = 272
00:26:30.989 [nacos-grpc-client-executor-8503] INFO  c.a.n.c.r.client - [printIfInfoEnabled,60] - [576d11df-1811-483a-a720-fe1fdeb2176a] Receive server push request, request = NotifySubscriberRequest, requestId = 275
00:26:30.990 [nacos-grpc-client-executor-8503] INFO  c.a.n.c.r.client - [printIfInfoEnabled,60] - [576d11df-1811-483a-a720-fe1fdeb2176a] Ack server push request, request = NotifySubscriberRequest, requestId = 275
00:36:22.492 [nacos-grpc-client-executor-8799] INFO  c.a.n.c.r.client - [printIfInfoEnabled,60] - [576d11df-1811-483a-a720-fe1fdeb2176a] Receive server push request, request = NotifySubscriberRequest, requestId = 279
00:36:22.496 [nacos-grpc-client-executor-8799] INFO  c.a.n.c.r.client - [printIfInfoEnabled,60] - [576d11df-1811-483a-a720-fe1fdeb2176a] Ack server push request, request = NotifySubscriberRequest, requestId = 279
00:36:34.922 [nacos-grpc-client-executor-8807] INFO  c.a.n.c.r.client - [printIfInfoEnabled,60] - [576d11df-1811-483a-a720-fe1fdeb2176a] Receive server push request, request = NotifySubscriberRequest, requestId = 282
00:36:34.923 [nacos-grpc-client-executor-8807] INFO  c.a.n.c.r.client - [printIfInfoEnabled,60] - [576d11df-1811-483a-a720-fe1fdeb2176a] Ack server push request, request = NotifySubscriberRequest, requestId = 282
01:02:13.986 [nacos-grpc-client-executor-9567] INFO  c.a.n.c.r.client - [printIfInfoEnabled,60] - [576d11df-1811-483a-a720-fe1fdeb2176a] Receive server push request, request = NotifySubscriberRequest, requestId = 286
01:02:13.990 [nacos-grpc-client-executor-9567] INFO  c.a.n.c.r.client - [printIfInfoEnabled,60] - [576d11df-1811-483a-a720-fe1fdeb2176a] Ack server push request, request = NotifySubscriberRequest, requestId = 286
01:02:28.618 [nacos-grpc-client-executor-9576] INFO  c.a.n.c.r.client - [printIfInfoEnabled,60] - [576d11df-1811-483a-a720-fe1fdeb2176a] Receive server push request, request = NotifySubscriberRequest, requestId = 289
01:02:28.624 [nacos-grpc-client-executor-9576] INFO  c.a.n.c.r.client - [printIfInfoEnabled,60] - [576d11df-1811-483a-a720-fe1fdeb2176a] Ack server push request, request = NotifySubscriberRequest, requestId = 289
01:06:28.657 [nacos-grpc-client-executor-9689] INFO  c.a.n.c.r.client - [printIfInfoEnabled,60] - [576d11df-1811-483a-a720-fe1fdeb2176a] Receive server push request, request = NotifySubscriberRequest, requestId = 293
01:06:28.659 [nacos-grpc-client-executor-9689] INFO  c.a.n.c.r.client - [printIfInfoEnabled,60] - [576d11df-1811-483a-a720-fe1fdeb2176a] Ack server push request, request = NotifySubscriberRequest, requestId = 293
01:06:43.925 [nacos-grpc-client-executor-9697] INFO  c.a.n.c.r.client - [printIfInfoEnabled,60] - [576d11df-1811-483a-a720-fe1fdeb2176a] Receive server push request, request = NotifySubscriberRequest, requestId = 296
01:06:43.926 [nacos-grpc-client-executor-9697] INFO  c.a.n.c.r.client - [printIfInfoEnabled,60] - [576d11df-1811-483a-a720-fe1fdeb2176a] Ack server push request, request = NotifySubscriberRequest, requestId = 296
01:07:42.456 [nacos-grpc-client-executor-9727] INFO  c.a.n.c.r.client - [printIfInfoEnabled,60] - [576d11df-1811-483a-a720-fe1fdeb2176a] Receive server push request, request = NotifySubscriberRequest, requestId = 300
01:07:42.462 [nacos-grpc-client-executor-9727] INFO  c.a.n.c.r.client - [printIfInfoEnabled,60] - [576d11df-1811-483a-a720-fe1fdeb2176a] Ack server push request, request = NotifySubscriberRequest, requestId = 300
01:07:57.624 [nacos-grpc-client-executor-9732] INFO  c.a.n.c.r.client - [printIfInfoEnabled,60] - [576d11df-1811-483a-a720-fe1fdeb2176a] Receive server push request, request = NotifySubscriberRequest, requestId = 303
01:07:57.624 [nacos-grpc-client-executor-9732] INFO  c.a.n.c.r.client - [printIfInfoEnabled,60] - [576d11df-1811-483a-a720-fe1fdeb2176a] Ack server push request, request = NotifySubscriberRequest, requestId = 303
01:11:39.340 [nacos-grpc-client-executor-9837] INFO  c.a.n.c.r.client - [printIfInfoEnabled,60] - [576d11df-1811-483a-a720-fe1fdeb2176a] Receive server push request, request = NotifySubscriberRequest, requestId = 307
01:11:39.342 [nacos-grpc-client-executor-9837] INFO  c.a.n.c.r.client - [printIfInfoEnabled,60] - [576d11df-1811-483a-a720-fe1fdeb2176a] Ack server push request, request = NotifySubscriberRequest, requestId = 307
01:11:55.187 [nacos-grpc-client-executor-9845] INFO  c.a.n.c.r.client - [printIfInfoEnabled,60] - [576d11df-1811-483a-a720-fe1fdeb2176a] Receive server push request, request = NotifySubscriberRequest, requestId = 310
01:11:55.187 [nacos-grpc-client-executor-9845] INFO  c.a.n.c.r.client - [printIfInfoEnabled,60] - [576d11df-1811-483a-a720-fe1fdeb2176a] Ack server push request, request = NotifySubscriberRequest, requestId = 310
01:11:57.663 [nacos-grpc-client-executor-9846] INFO  c.a.n.c.r.client - [printIfInfoEnabled,60] - [576d11df-1811-483a-a720-fe1fdeb2176a] Receive server push request, request = NotifySubscriberRequest, requestId = 314
01:11:57.670 [nacos-grpc-client-executor-9846] INFO  c.a.n.c.r.client - [printIfInfoEnabled,60] - [576d11df-1811-483a-a720-fe1fdeb2176a] Ack server push request, request = NotifySubscriberRequest, requestId = 314
01:12:12.027 [nacos-grpc-client-executor-9860] INFO  c.a.n.c.r.client - [printIfInfoEnabled,60] - [576d11df-1811-483a-a720-fe1fdeb2176a] Receive server push request, request = NotifySubscriberRequest, requestId = 318
01:12:12.027 [nacos-grpc-client-executor-9860] INFO  c.a.n.c.r.client - [printIfInfoEnabled,60] - [576d11df-1811-483a-a720-fe1fdeb2176a] Ack server push request, request = NotifySubscriberRequest, requestId = 318
01:12:45.878 [nacos-grpc-client-executor-9874] INFO  c.a.n.c.r.client - [printIfInfoEnabled,60] - [576d11df-1811-483a-a720-fe1fdeb2176a] Receive server push request, request = NotifySubscriberRequest, requestId = 322
01:12:45.885 [nacos-grpc-client-executor-9874] INFO  c.a.n.c.r.client - [printIfInfoEnabled,60] - [576d11df-1811-483a-a720-fe1fdeb2176a] Ack server push request, request = NotifySubscriberRequest, requestId = 322
01:12:58.900 [nacos-grpc-client-executor-9878] INFO  c.a.n.c.r.client - [printIfInfoEnabled,60] - [576d11df-1811-483a-a720-fe1fdeb2176a] Receive server push request, request = NotifySubscriberRequest, requestId = 325
01:12:58.906 [nacos-grpc-client-executor-9878] INFO  c.a.n.c.r.client - [printIfInfoEnabled,60] - [576d11df-1811-483a-a720-fe1fdeb2176a] Ack server push request, request = NotifySubscriberRequest, requestId = 325
01:14:42.163 [nacos-grpc-client-executor-9927] INFO  c.a.n.c.r.client - [printIfInfoEnabled,60] - [576d11df-1811-483a-a720-fe1fdeb2176a] Receive server push request, request = NotifySubscriberRequest, requestId = 329
01:14:42.166 [nacos-grpc-client-executor-9927] INFO  c.a.n.c.r.client - [printIfInfoEnabled,60] - [576d11df-1811-483a-a720-fe1fdeb2176a] Ack server push request, request = NotifySubscriberRequest, requestId = 329
01:14:54.973 [nacos-grpc-client-executor-9930] INFO  c.a.n.c.r.client - [printIfInfoEnabled,60] - [576d11df-1811-483a-a720-fe1fdeb2176a] Receive server push request, request = NotifySubscriberRequest, requestId = 332
01:14:54.979 [nacos-grpc-client-executor-9930] INFO  c.a.n.c.r.client - [printIfInfoEnabled,60] - [576d11df-1811-483a-a720-fe1fdeb2176a] Ack server push request, request = NotifySubscriberRequest, requestId = 332
01:17:09.797 [nacos-grpc-client-executor-9983] INFO  c.a.n.c.r.client - [printIfInfoEnabled,60] - [576d11df-1811-483a-a720-fe1fdeb2176a] Receive server push request, request = NotifySubscriberRequest, requestId = 336
01:17:09.801 [nacos-grpc-client-executor-9983] INFO  c.a.n.c.r.client - [printIfInfoEnabled,60] - [576d11df-1811-483a-a720-fe1fdeb2176a] Ack server push request, request = NotifySubscriberRequest, requestId = 336
01:17:22.710 [nacos-grpc-client-executor-9996] INFO  c.a.n.c.r.client - [printIfInfoEnabled,60] - [576d11df-1811-483a-a720-fe1fdeb2176a] Receive server push request, request = NotifySubscriberRequest, requestId = 339
01:17:22.712 [nacos-grpc-client-executor-9996] INFO  c.a.n.c.r.client - [printIfInfoEnabled,60] - [576d11df-1811-483a-a720-fe1fdeb2176a] Ack server push request, request = NotifySubscriberRequest, requestId = 339
01:18:47.744 [nacos-grpc-client-executor-10036] INFO  c.a.n.c.r.client - [printIfInfoEnabled,60] - [576d11df-1811-483a-a720-fe1fdeb2176a] Receive server push request, request = NotifySubscriberRequest, requestId = 343
01:18:47.746 [nacos-grpc-client-executor-10036] INFO  c.a.n.c.r.client - [printIfInfoEnabled,60] - [576d11df-1811-483a-a720-fe1fdeb2176a] Ack server push request, request = NotifySubscriberRequest, requestId = 343
01:19:01.439 [nacos-grpc-client-executor-10040] INFO  c.a.n.c.r.client - [printIfInfoEnabled,60] - [576d11df-1811-483a-a720-fe1fdeb2176a] Receive server push request, request = NotifySubscriberRequest, requestId = 346
01:19:01.442 [nacos-grpc-client-executor-10040] INFO  c.a.n.c.r.client - [printIfInfoEnabled,60] - [576d11df-1811-483a-a720-fe1fdeb2176a] Ack server push request, request = NotifySubscriberRequest, requestId = 346
01:50:35.827 [nacos-grpc-client-executor-11004] INFO  c.a.n.c.r.client - [printIfInfoEnabled,60] - [576d11df-1811-483a-a720-fe1fdeb2176a] Receive server push request, request = NotifySubscriberRequest, requestId = 350
01:50:35.833 [nacos-grpc-client-executor-11004] INFO  c.a.n.c.r.client - [printIfInfoEnabled,60] - [576d11df-1811-483a-a720-fe1fdeb2176a] Ack server push request, request = NotifySubscriberRequest, requestId = 350
01:50:51.399 [nacos-grpc-client-executor-11010] INFO  c.a.n.c.r.client - [printIfInfoEnabled,60] - [576d11df-1811-483a-a720-fe1fdeb2176a] Receive server push request, request = NotifySubscriberRequest, requestId = 353
01:50:51.405 [nacos-grpc-client-executor-11010] INFO  c.a.n.c.r.client - [printIfInfoEnabled,60] - [576d11df-1811-483a-a720-fe1fdeb2176a] Ack server push request, request = NotifySubscriberRequest, requestId = 353
01:50:53.759 [nacos-grpc-client-executor-11011] INFO  c.a.n.c.r.client - [printIfInfoEnabled,60] - [576d11df-1811-483a-a720-fe1fdeb2176a] Receive server push request, request = NotifySubscriberRequest, requestId = 357
01:50:53.760 [nacos-grpc-client-executor-11011] INFO  c.a.n.c.r.client - [printIfInfoEnabled,60] - [576d11df-1811-483a-a720-fe1fdeb2176a] Ack server push request, request = NotifySubscriberRequest, requestId = 357
01:51:07.677 [nacos-grpc-client-executor-11014] INFO  c.a.n.c.r.client - [printIfInfoEnabled,60] - [576d11df-1811-483a-a720-fe1fdeb2176a] Receive server push request, request = NotifySubscriberRequest, requestId = 362
01:51:07.678 [nacos-grpc-client-executor-11014] INFO  c.a.n.c.r.client - [printIfInfoEnabled,60] - [576d11df-1811-483a-a720-fe1fdeb2176a] Ack server push request, request = NotifySubscriberRequest, requestId = 362
01:51:46.240 [nacos-grpc-client-executor-11038] INFO  c.a.n.c.r.client - [printIfInfoEnabled,60] - [576d11df-1811-483a-a720-fe1fdeb2176a] Receive server push request, request = NotifySubscriberRequest, requestId = 365
01:51:46.245 [nacos-grpc-client-executor-11038] INFO  c.a.n.c.r.client - [printIfInfoEnabled,60] - [576d11df-1811-483a-a720-fe1fdeb2176a] Ack server push request, request = NotifySubscriberRequest, requestId = 365
01:52:00.470 [nacos-grpc-client-executor-11042] INFO  c.a.n.c.r.client - [printIfInfoEnabled,60] - [576d11df-1811-483a-a720-fe1fdeb2176a] Receive server push request, request = NotifySubscriberRequest, requestId = 368
01:52:00.471 [nacos-grpc-client-executor-11042] INFO  c.a.n.c.r.client - [printIfInfoEnabled,60] - [576d11df-1811-483a-a720-fe1fdeb2176a] Ack server push request, request = NotifySubscriberRequest, requestId = 368
01:53:06.298 [nacos-grpc-client-executor-11071] INFO  c.a.n.c.r.client - [printIfInfoEnabled,60] - [576d11df-1811-483a-a720-fe1fdeb2176a] Receive server push request, request = NotifySubscriberRequest, requestId = 372
01:53:06.298 [nacos-grpc-client-executor-11071] INFO  c.a.n.c.r.client - [printIfInfoEnabled,60] - [576d11df-1811-483a-a720-fe1fdeb2176a] Ack server push request, request = NotifySubscriberRequest, requestId = 372
01:53:20.765 [nacos-grpc-client-executor-11083] INFO  c.a.n.c.r.client - [printIfInfoEnabled,60] - [576d11df-1811-483a-a720-fe1fdeb2176a] Receive server push request, request = NotifySubscriberRequest, requestId = 375
01:53:20.765 [nacos-grpc-client-executor-11083] INFO  c.a.n.c.r.client - [printIfInfoEnabled,60] - [576d11df-1811-483a-a720-fe1fdeb2176a] Ack server push request, request = NotifySubscriberRequest, requestId = 375
02:06:56.955 [nacos-grpc-client-executor-4923] INFO  c.a.n.c.r.client - [printIfInfoEnabled,60] - [e8e713a0-0ff9-4f45-9c13-7b440e739cb6_config-0] Receive server push request, request = ConfigChangeNotifyRequest, requestId = 378
02:06:56.966 [nacos-grpc-client-executor-4923] INFO  c.a.n.c.r.client - [printIfInfoEnabled,60] - [e8e713a0-0ff9-4f45-9c13-7b440e739cb6_config-0] Ack server push request, request = ConfigChangeNotifyRequest, requestId = 378
02:35:11.083 [nacos-grpc-client-executor-12266] INFO  c.a.n.c.r.client - [printIfInfoEnabled,60] - [576d11df-1811-483a-a720-fe1fdeb2176a] Receive server push request, request = NotifySubscriberRequest, requestId = 380
02:35:11.087 [nacos-grpc-client-executor-12266] INFO  c.a.n.c.r.client - [printIfInfoEnabled,60] - [576d11df-1811-483a-a720-fe1fdeb2176a] Ack server push request, request = NotifySubscriberRequest, requestId = 380
02:35:26.041 [nacos-grpc-client-executor-12280] INFO  c.a.n.c.r.client - [printIfInfoEnabled,60] - [576d11df-1811-483a-a720-fe1fdeb2176a] Receive server push request, request = NotifySubscriberRequest, requestId = 383
02:35:26.047 [nacos-grpc-client-executor-12280] INFO  c.a.n.c.r.client - [printIfInfoEnabled,60] - [576d11df-1811-483a-a720-fe1fdeb2176a] Ack server push request, request = NotifySubscriberRequest, requestId = 383
03:07:01.147 [nacos-grpc-client-executor-13211] INFO  c.a.n.c.r.client - [printIfInfoEnabled,60] - [576d11df-1811-483a-a720-fe1fdeb2176a] Receive server push request, request = NotifySubscriberRequest, requestId = 387
03:07:01.151 [nacos-grpc-client-executor-13211] INFO  c.a.n.c.r.client - [printIfInfoEnabled,60] - [576d11df-1811-483a-a720-fe1fdeb2176a] Ack server push request, request = NotifySubscriberRequest, requestId = 387
03:07:16.288 [nacos-grpc-client-executor-13223] INFO  c.a.n.c.r.client - [printIfInfoEnabled,60] - [576d11df-1811-483a-a720-fe1fdeb2176a] Receive server push request, request = NotifySubscriberRequest, requestId = 391
03:07:16.291 [nacos-grpc-client-executor-13223] INFO  c.a.n.c.r.client - [printIfInfoEnabled,60] - [576d11df-1811-483a-a720-fe1fdeb2176a] Ack server push request, request = NotifySubscriberRequest, requestId = 391
06:06:25.832 [nacos-grpc-client-executor-17073] INFO  c.a.n.c.r.client - [printIfInfoEnabled,60] - [576d11df-1811-483a-a720-fe1fdeb2176a] Receive server push request, request = NotifySubscriberRequest, requestId = 394
06:06:25.836 [nacos-grpc-client-executor-17073] INFO  c.a.n.c.r.client - [printIfInfoEnabled,60] - [576d11df-1811-483a-a720-fe1fdeb2176a] Ack server push request, request = NotifySubscriberRequest, requestId = 394
06:06:38.343 [nacos-grpc-client-executor-17078] INFO  c.a.n.c.r.client - [printIfInfoEnabled,60] - [576d11df-1811-483a-a720-fe1fdeb2176a] Receive server push request, request = NotifySubscriberRequest, requestId = 397
06:06:38.344 [nacos-grpc-client-executor-17078] INFO  c.a.n.c.r.client - [printIfInfoEnabled,60] - [576d11df-1811-483a-a720-fe1fdeb2176a] Ack server push request, request = NotifySubscriberRequest, requestId = 397
06:29:09.942 [SpringApplicationShutdownHook] INFO  c.a.c.n.r.NacosServiceRegistry - [deregister,94] - De-registering from Nacos Server now...
06:29:09.947 [SpringApplicationShutdownHook] INFO  c.a.c.n.r.NacosServiceRegistry - [deregister,114] - De-registration finished.
06:29:10.266 [SpringApplicationShutdownHook] INFO  c.a.n.c.r.client - [shutdown,454] - Shutdown rpc client, set status to shutdown
06:29:10.267 [SpringApplicationShutdownHook] INFO  c.a.n.c.r.client - [shutdown,456] - Shutdown client event executor java.util.concurrent.ScheduledThreadPoolExecutor@651397cf[Running, pool size = 2, active threads = 2, queued tasks = 0, completed tasks = 0]
06:29:10.267 [SpringApplicationShutdownHook] INFO  c.a.n.c.r.client - [closeConnection,591] - Close current connection 1683978067457_127.0.0.1_58441
06:29:10.269 [nacos-grpc-client-executor-17763] INFO  c.a.n.c.r.c.g.GrpcClient - [printIfInfoEnabled,60] - [1683978067457_127.0.0.1_58441]Ignore complete event,isRunning:false,isAbandon=false
06:29:10.284 [SpringApplicationShutdownHook] INFO  c.a.n.c.r.c.g.GrpcClient - [shutdown,85] - Shutdown grpc executor java.util.concurrent.ThreadPoolExecutor@755aea73[Running, pool size = 14, active threads = 0, queued tasks = 0, completed tasks = 17807]
06:29:28.375 [background-preinit] INFO  o.h.v.i.util.Version - [<clinit>,21] - HV000001: Hibernate Validator 6.2.5.Final
06:29:29.310 [main] INFO  c.a.n.c.r.client - [lambda$createClient$0,80] - [RpcClientFactory] create a new rpc client of c798e55c-f6f0-415c-96e7-6720edb2fae0_config-0
06:29:29.383 [main] INFO  o.r.Reflections - [scan,232] - Reflections took 49 ms to scan 1 urls, producing 3 keys and 6 values 
06:29:29.425 [main] INFO  o.r.Reflections - [scan,232] - Reflections took 27 ms to scan 1 urls, producing 4 keys and 9 values 
06:29:29.458 [main] INFO  o.r.Reflections - [scan,232] - Reflections took 28 ms to scan 1 urls, producing 3 keys and 10 values 
06:29:29.488 [main] INFO  o.r.Reflections - [scan,232] - Reflections took 21 ms to scan 1 urls, producing 1 keys and 5 values 
06:29:29.530 [main] INFO  o.r.Reflections - [scan,232] - Reflections took 39 ms to scan 1 urls, producing 1 keys and 7 values 
06:29:29.554 [main] INFO  o.r.Reflections - [scan,232] - Reflections took 18 ms to scan 1 urls, producing 2 keys and 8 values 
06:29:29.559 [main] INFO  c.a.n.c.r.client - [printIfInfoEnabled,60] - [c798e55c-f6f0-415c-96e7-6720edb2fae0_config-0] RpcClient init label, labels = {module=config, Vipserver-Tag=null, source=sdk, Amory-Tag=null, Location-Tag=null, taskId=0, AppName=unknown}
06:29:29.561 [main] INFO  c.a.n.c.r.client - [printIfInfoEnabled,60] - [c798e55c-f6f0-415c-96e7-6720edb2fae0_config-0] Register server push request handler:com.alibaba.nacos.client.config.impl.ClientWorker$ConfigRpcTransportClient$$Lambda$463/0x0000000800f1b940
06:29:29.563 [main] INFO  c.a.n.c.r.client - [printIfInfoEnabled,60] - [c798e55c-f6f0-415c-96e7-6720edb2fae0_config-0] Register server push request handler:com.alibaba.nacos.client.config.impl.ClientWorker$ConfigRpcTransportClient$$Lambda$464/0x0000000800f1bb68
06:29:29.564 [main] INFO  c.a.n.c.r.client - [printIfInfoEnabled,60] - [c798e55c-f6f0-415c-96e7-6720edb2fae0_config-0] Registry connection listener to current client:com.alibaba.nacos.client.config.impl.ClientWorker$ConfigRpcTransportClient$1
06:29:29.565 [main] INFO  c.a.n.c.r.client - [printIfInfoEnabled,60] - [c798e55c-f6f0-415c-96e7-6720edb2fae0_config-0] RpcClient init, ServerListFactory = com.alibaba.nacos.client.config.impl.ClientWorker$ConfigRpcTransportClient$2
06:29:29.582 [main] INFO  c.a.n.c.r.client - [printIfInfoEnabled,60] - [c798e55c-f6f0-415c-96e7-6720edb2fae0_config-0] Try to connect to server on start up, server: {serverIp = '127.0.0.1', server main port = 8848}
06:29:30.445 [main] INFO  c.a.n.c.r.client - [printIfInfoEnabled,60] - [c798e55c-f6f0-415c-96e7-6720edb2fae0_config-0] Success to connect to server [127.0.0.1:8848] on start up, connectionId = 1684016970222_127.0.0.1_52487
06:29:30.446 [com.alibaba.nacos.client.remote.worker] INFO  c.a.n.c.r.client - [printIfInfoEnabled,60] - [c798e55c-f6f0-415c-96e7-6720edb2fae0_config-0] Notify connected event to listeners.
06:29:30.446 [main] INFO  c.a.n.c.r.client - [printIfInfoEnabled,60] - [c798e55c-f6f0-415c-96e7-6720edb2fae0_config-0] Register server push request handler:com.alibaba.nacos.common.remote.client.RpcClient$ConnectResetRequestHandler
06:29:30.447 [main] INFO  c.a.n.c.r.client - [printIfInfoEnabled,60] - [c798e55c-f6f0-415c-96e7-6720edb2fae0_config-0] Register server push request handler:com.alibaba.nacos.common.remote.client.RpcClient$$Lambda$475/0x000000080101c290
06:29:30.591 [main] INFO  c.c.g.RuoYiGatewayApplication - [logStartupProfileInfo,637] - The following 1 profile is active: "dev"
06:29:36.246 [main] INFO  c.a.c.s.g.s.SentinelSCGAutoConfiguration - [sentinelGatewayFilter,144] - [Sentinel SpringCloudGateway] register SentinelGatewayFilter with order: -2147483648
06:29:37.549 [main] INFO  c.a.c.s.g.s.SentinelSCGAutoConfiguration - [sentinelGatewayBlockExceptionHandler,134] - [Sentinel SpringCloudGateway] register SentinelGatewayBlockExceptionHandler
06:29:38.431 [main] INFO  c.a.n.c.r.client - [lambda$createClient$0,80] - [RpcClientFactory] create a new rpc client of 71c6ffdd-0188-4ffe-a855-b1b021d1efbb_config-0
06:29:38.432 [main] INFO  c.a.n.c.r.client - [printIfInfoEnabled,60] - [71c6ffdd-0188-4ffe-a855-b1b021d1efbb_config-0] RpcClient init label, labels = {module=config, Vipserver-Tag=null, source=sdk, Amory-Tag=null, Location-Tag=null, taskId=0, AppName=unknown}
06:29:38.432 [main] INFO  c.a.n.c.r.client - [printIfInfoEnabled,60] - [71c6ffdd-0188-4ffe-a855-b1b021d1efbb_config-0] Register server push request handler:com.alibaba.nacos.client.config.impl.ClientWorker$ConfigRpcTransportClient$$Lambda$463/0x0000000800f1b940
06:29:38.434 [main] INFO  c.a.n.c.r.client - [printIfInfoEnabled,60] - [71c6ffdd-0188-4ffe-a855-b1b021d1efbb_config-0] Register server push request handler:com.alibaba.nacos.client.config.impl.ClientWorker$ConfigRpcTransportClient$$Lambda$464/0x0000000800f1bb68
06:29:38.434 [main] INFO  c.a.n.c.r.client - [printIfInfoEnabled,60] - [71c6ffdd-0188-4ffe-a855-b1b021d1efbb_config-0] Registry connection listener to current client:com.alibaba.nacos.client.config.impl.ClientWorker$ConfigRpcTransportClient$1
06:29:38.434 [main] INFO  c.a.n.c.r.client - [printIfInfoEnabled,60] - [71c6ffdd-0188-4ffe-a855-b1b021d1efbb_config-0] RpcClient init, ServerListFactory = com.alibaba.nacos.client.config.impl.ClientWorker$ConfigRpcTransportClient$2
06:29:38.436 [main] INFO  c.a.n.c.r.client - [printIfInfoEnabled,60] - [71c6ffdd-0188-4ffe-a855-b1b021d1efbb_config-0] Try to connect to server on start up, server: {serverIp = '127.0.0.1', server main port = 8848}
06:29:38.593 [main] INFO  c.a.n.c.r.client - [printIfInfoEnabled,60] - [71c6ffdd-0188-4ffe-a855-b1b021d1efbb_config-0] Success to connect to server [127.0.0.1:8848] on start up, connectionId = 1684016978465_127.0.0.1_52509
06:29:38.594 [main] INFO  c.a.n.c.r.client - [printIfInfoEnabled,60] - [71c6ffdd-0188-4ffe-a855-b1b021d1efbb_config-0] Register server push request handler:com.alibaba.nacos.common.remote.client.RpcClient$ConnectResetRequestHandler
06:29:38.594 [com.alibaba.nacos.client.remote.worker] INFO  c.a.n.c.r.client - [printIfInfoEnabled,60] - [71c6ffdd-0188-4ffe-a855-b1b021d1efbb_config-0] Notify connected event to listeners.
06:29:38.594 [main] INFO  c.a.n.c.r.client - [printIfInfoEnabled,60] - [71c6ffdd-0188-4ffe-a855-b1b021d1efbb_config-0] Register server push request handler:com.alibaba.nacos.common.remote.client.RpcClient$$Lambda$475/0x000000080101c290
06:29:38.825 [main] INFO  c.a.n.c.r.client - [lambda$createClient$0,80] - [RpcClientFactory] create a new rpc client of 6a06976e-c179-4d73-87fa-6db1948f6f73
06:29:38.826 [main] INFO  c.a.n.c.r.client - [printIfInfoEnabled,60] - [6a06976e-c179-4d73-87fa-6db1948f6f73] RpcClient init label, labels = {module=naming, source=sdk}
06:29:38.830 [main] INFO  c.a.n.c.r.client - [printIfInfoEnabled,60] - [6a06976e-c179-4d73-87fa-6db1948f6f73] RpcClient init, ServerListFactory = com.alibaba.nacos.client.naming.core.ServerListManager
06:29:38.830 [main] INFO  c.a.n.c.r.client - [printIfInfoEnabled,60] - [6a06976e-c179-4d73-87fa-6db1948f6f73] Registry connection listener to current client:com.alibaba.nacos.client.naming.remote.gprc.redo.NamingGrpcRedoService
06:29:38.831 [main] INFO  c.a.n.c.r.client - [printIfInfoEnabled,60] - [6a06976e-c179-4d73-87fa-6db1948f6f73] Register server push request handler:com.alibaba.nacos.client.naming.remote.gprc.NamingPushRequestHandler
06:29:38.833 [main] INFO  c.a.n.c.r.client - [printIfInfoEnabled,60] - [6a06976e-c179-4d73-87fa-6db1948f6f73] Try to connect to server on start up, server: {serverIp = '127.0.0.1', server main port = 8848}
06:29:38.993 [main] INFO  c.a.n.c.r.client - [printIfInfoEnabled,60] - [6a06976e-c179-4d73-87fa-6db1948f6f73] Success to connect to server [127.0.0.1:8848] on start up, connectionId = 1684016978867_127.0.0.1_52510
06:29:38.994 [main] INFO  c.a.n.c.r.client - [printIfInfoEnabled,60] - [6a06976e-c179-4d73-87fa-6db1948f6f73] Register server push request handler:com.alibaba.nacos.common.remote.client.RpcClient$ConnectResetRequestHandler
06:29:38.994 [com.alibaba.nacos.client.remote.worker] INFO  c.a.n.c.r.client - [printIfInfoEnabled,60] - [6a06976e-c179-4d73-87fa-6db1948f6f73] Notify connected event to listeners.
06:29:38.994 [main] INFO  c.a.n.c.r.client - [printIfInfoEnabled,60] - [6a06976e-c179-4d73-87fa-6db1948f6f73] Register server push request handler:com.alibaba.nacos.common.remote.client.RpcClient$$Lambda$475/0x000000080101c290
06:29:39.232 [main] INFO  c.a.c.n.r.NacosServiceRegistry - [register,75] - nacos registry, DEFAULT_GROUP cms-gateway 192.168.1.9:8080 register finished
06:29:39.358 [main] INFO  c.c.g.RuoYiGatewayApplication - [logStarted,61] - Started RuoYiGatewayApplication in 11.808 seconds (JVM running for 13.42)
06:29:39.364 [main] INFO  c.a.c.n.r.NacosContextRefresher - [registerNacosListener,129] - [Nacos Config] Listening config: dataId=cms-gateway, group=DEFAULT_GROUP
06:29:39.365 [main] INFO  c.a.c.n.r.NacosContextRefresher - [registerNacosListener,129] - [Nacos Config] Listening config: dataId=cms-gateway.yml, group=DEFAULT_GROUP
06:29:39.365 [main] INFO  c.a.c.n.r.NacosContextRefresher - [registerNacosListener,129] - [Nacos Config] Listening config: dataId=cms-gateway-dev.yml, group=DEFAULT_GROUP
06:29:39.581 [nacos-grpc-client-executor-63] INFO  c.a.n.c.r.client - [printIfInfoEnabled,60] - [6a06976e-c179-4d73-87fa-6db1948f6f73] Receive server push request, request = NotifySubscriberRequest, requestId = 409
06:29:39.588 [nacos-grpc-client-executor-63] INFO  c.a.n.c.r.client - [printIfInfoEnabled,60] - [6a06976e-c179-4d73-87fa-6db1948f6f73] Ack server push request, request = NotifySubscriberRequest, requestId = 409
06:29:39.766 [nacos-grpc-client-executor-2] INFO  c.a.n.c.r.client - [printIfInfoEnabled,60] - [6a06976e-c179-4d73-87fa-6db1948f6f73] Receive server push request, request = NotifySubscriberRequest, requestId = 410
06:29:39.767 [nacos-grpc-client-executor-2] INFO  c.a.n.c.r.client - [printIfInfoEnabled,60] - [6a06976e-c179-4d73-87fa-6db1948f6f73] Ack server push request, request = NotifySubscriberRequest, requestId = 410
06:29:39.769 [nacos-grpc-client-executor-3] INFO  c.a.n.c.r.client - [printIfInfoEnabled,60] - [6a06976e-c179-4d73-87fa-6db1948f6f73] Receive server push request, request = NotifySubscriberRequest, requestId = 411
06:29:39.770 [nacos-grpc-client-executor-3] INFO  c.a.n.c.r.client - [printIfInfoEnabled,60] - [6a06976e-c179-4d73-87fa-6db1948f6f73] Ack server push request, request = NotifySubscriberRequest, requestId = 411
06:29:39.772 [nacos-grpc-client-executor-4] INFO  c.a.n.c.r.client - [printIfInfoEnabled,60] - [6a06976e-c179-4d73-87fa-6db1948f6f73] Receive server push request, request = NotifySubscriberRequest, requestId = 414
06:29:39.773 [nacos-grpc-client-executor-4] INFO  c.a.n.c.r.client - [printIfInfoEnabled,60] - [6a06976e-c179-4d73-87fa-6db1948f6f73] Ack server push request, request = NotifySubscriberRequest, requestId = 414
06:29:39.775 [nacos-grpc-client-executor-5] INFO  c.a.n.c.r.client - [printIfInfoEnabled,60] - [6a06976e-c179-4d73-87fa-6db1948f6f73] Receive server push request, request = NotifySubscriberRequest, requestId = 413
06:29:39.776 [nacos-grpc-client-executor-5] INFO  c.a.n.c.r.client - [printIfInfoEnabled,60] - [6a06976e-c179-4d73-87fa-6db1948f6f73] Ack server push request, request = NotifySubscriberRequest, requestId = 413
06:29:39.778 [nacos-grpc-client-executor-6] INFO  c.a.n.c.r.client - [printIfInfoEnabled,60] - [6a06976e-c179-4d73-87fa-6db1948f6f73] Receive server push request, request = NotifySubscriberRequest, requestId = 412
06:29:39.779 [nacos-grpc-client-executor-6] INFO  c.a.n.c.r.client - [printIfInfoEnabled,60] - [6a06976e-c179-4d73-87fa-6db1948f6f73] Ack server push request, request = NotifySubscriberRequest, requestId = 412
06:29:39.781 [nacos-grpc-client-executor-7] INFO  c.a.n.c.r.client - [printIfInfoEnabled,60] - [6a06976e-c179-4d73-87fa-6db1948f6f73] Receive server push request, request = NotifySubscriberRequest, requestId = 415
06:29:39.782 [nacos-grpc-client-executor-7] INFO  c.a.n.c.r.client - [printIfInfoEnabled,60] - [6a06976e-c179-4d73-87fa-6db1948f6f73] Ack server push request, request = NotifySubscriberRequest, requestId = 415
06:29:45.773 [nacos-grpc-client-executor-28] INFO  c.a.n.c.r.client - [printIfInfoEnabled,60] - [6a06976e-c179-4d73-87fa-6db1948f6f73] Receive server push request, request = NotifySubscriberRequest, requestId = 416
06:29:45.775 [nacos-grpc-client-executor-28] INFO  c.a.n.c.r.client - [printIfInfoEnabled,60] - [6a06976e-c179-4d73-87fa-6db1948f6f73] Ack server push request, request = NotifySubscriberRequest, requestId = 416
06:29:47.909 [nacos-grpc-client-executor-36] INFO  c.a.n.c.r.client - [printIfInfoEnabled,60] - [6a06976e-c179-4d73-87fa-6db1948f6f73] Receive server push request, request = NotifySubscriberRequest, requestId = 418
06:29:47.913 [nacos-grpc-client-executor-36] INFO  c.a.n.c.r.client - [printIfInfoEnabled,60] - [6a06976e-c179-4d73-87fa-6db1948f6f73] Ack server push request, request = NotifySubscriberRequest, requestId = 418
06:29:49.132 [nacos-grpc-client-executor-37] INFO  c.a.n.c.r.client - [printIfInfoEnabled,60] - [6a06976e-c179-4d73-87fa-6db1948f6f73] Receive server push request, request = NotifySubscriberRequest, requestId = 426
06:29:49.134 [nacos-grpc-client-executor-37] INFO  c.a.n.c.r.client - [printIfInfoEnabled,60] - [6a06976e-c179-4d73-87fa-6db1948f6f73] Ack server push request, request = NotifySubscriberRequest, requestId = 426
22:50:52.664 [SpringApplicationShutdownHook] INFO  c.a.c.n.r.NacosServiceRegistry - [deregister,94] - De-registering from Nacos Server now...
22:50:52.676 [SpringApplicationShutdownHook] INFO  c.a.c.n.r.NacosServiceRegistry - [deregister,114] - De-registration finished.
22:50:52.990 [SpringApplicationShutdownHook] INFO  c.a.n.c.r.client - [shutdown,454] - Shutdown rpc client, set status to shutdown
22:50:52.990 [SpringApplicationShutdownHook] INFO  c.a.n.c.r.client - [shutdown,456] - Shutdown client event executor java.util.concurrent.ScheduledThreadPoolExecutor@64db40c7[Running, pool size = 2, active threads = 2, queued tasks = 0, completed tasks = 0]
22:50:52.990 [SpringApplicationShutdownHook] INFO  c.a.n.c.r.client - [closeConnection,591] - Close current connection 1684016978867_127.0.0.1_52510
22:50:52.992 [nacos-grpc-client-executor-6062] INFO  c.a.n.c.r.c.g.GrpcClient - [printIfInfoEnabled,60] - [1684016978867_127.0.0.1_52510]Ignore complete event,isRunning:false,isAbandon=false
22:50:52.998 [SpringApplicationShutdownHook] INFO  c.a.n.c.r.c.g.GrpcClient - [shutdown,85] - Shutdown grpc executor java.util.concurrent.ThreadPoolExecutor@2f904907[Running, pool size = 5, active threads = 0, queued tasks = 0, completed tasks = 6101]
22:51:08.580 [background-preinit] INFO  o.h.v.i.util.Version - [<clinit>,21] - HV000001: Hibernate Validator 6.2.5.Final
22:51:09.314 [main] INFO  c.a.n.c.r.client - [lambda$createClient$0,80] - [RpcClientFactory] create a new rpc client of a29bb283-922d-4fd3-b89b-c089b23507e5_config-0
22:51:09.390 [main] INFO  o.r.Reflections - [scan,232] - Reflections took 52 ms to scan 1 urls, producing 3 keys and 6 values 
22:51:09.427 [main] INFO  o.r.Reflections - [scan,232] - Reflections took 19 ms to scan 1 urls, producing 4 keys and 9 values 
22:51:09.447 [main] INFO  o.r.Reflections - [scan,232] - Reflections took 18 ms to scan 1 urls, producing 3 keys and 10 values 
22:51:09.480 [main] INFO  o.r.Reflections - [scan,232] - Reflections took 29 ms to scan 1 urls, producing 1 keys and 5 values 
22:51:09.498 [main] INFO  o.r.Reflections - [scan,232] - Reflections took 14 ms to scan 1 urls, producing 1 keys and 7 values 
22:51:09.516 [main] INFO  o.r.Reflections - [scan,232] - Reflections took 14 ms to scan 1 urls, producing 2 keys and 8 values 
22:51:09.520 [main] INFO  c.a.n.c.r.client - [printIfInfoEnabled,60] - [a29bb283-922d-4fd3-b89b-c089b23507e5_config-0] RpcClient init label, labels = {module=config, Vipserver-Tag=null, source=sdk, Amory-Tag=null, Location-Tag=null, taskId=0, AppName=unknown}
22:51:09.521 [main] INFO  c.a.n.c.r.client - [printIfInfoEnabled,60] - [a29bb283-922d-4fd3-b89b-c089b23507e5_config-0] Register server push request handler:com.alibaba.nacos.client.config.impl.ClientWorker$ConfigRpcTransportClient$$Lambda$463/0x0000000800f2c990
22:51:09.522 [main] INFO  c.a.n.c.r.client - [printIfInfoEnabled,60] - [a29bb283-922d-4fd3-b89b-c089b23507e5_config-0] Register server push request handler:com.alibaba.nacos.client.config.impl.ClientWorker$ConfigRpcTransportClient$$Lambda$464/0x0000000800f2cbb8
22:51:09.523 [main] INFO  c.a.n.c.r.client - [printIfInfoEnabled,60] - [a29bb283-922d-4fd3-b89b-c089b23507e5_config-0] Registry connection listener to current client:com.alibaba.nacos.client.config.impl.ClientWorker$ConfigRpcTransportClient$1
22:51:09.524 [main] INFO  c.a.n.c.r.client - [printIfInfoEnabled,60] - [a29bb283-922d-4fd3-b89b-c089b23507e5_config-0] RpcClient init, ServerListFactory = com.alibaba.nacos.client.config.impl.ClientWorker$ConfigRpcTransportClient$2
22:51:09.536 [main] INFO  c.a.n.c.r.client - [printIfInfoEnabled,60] - [a29bb283-922d-4fd3-b89b-c089b23507e5_config-0] Try to connect to server on start up, server: {serverIp = '127.0.0.1', server main port = 8848}
22:51:10.344 [main] INFO  c.a.n.c.r.client - [printIfInfoEnabled,60] - [a29bb283-922d-4fd3-b89b-c089b23507e5_config-0] Success to connect to server [127.0.0.1:8848] on start up, connectionId = 1684075870132_127.0.0.1_61308
22:51:10.346 [com.alibaba.nacos.client.remote.worker] INFO  c.a.n.c.r.client - [printIfInfoEnabled,60] - [a29bb283-922d-4fd3-b89b-c089b23507e5_config-0] Notify connected event to listeners.
22:51:10.346 [main] INFO  c.a.n.c.r.client - [printIfInfoEnabled,60] - [a29bb283-922d-4fd3-b89b-c089b23507e5_config-0] Register server push request handler:com.alibaba.nacos.common.remote.client.RpcClient$ConnectResetRequestHandler
22:51:10.347 [main] INFO  c.a.n.c.r.client - [printIfInfoEnabled,60] - [a29bb283-922d-4fd3-b89b-c089b23507e5_config-0] Register server push request handler:com.alibaba.nacos.common.remote.client.RpcClient$$Lambda$475/0x000000080102d7d8
22:51:10.472 [main] INFO  c.c.g.RuoYiGatewayApplication - [logStartupProfileInfo,637] - The following 1 profile is active: "dev"
22:51:16.521 [main] INFO  c.a.c.s.g.s.SentinelSCGAutoConfiguration - [sentinelGatewayFilter,144] - [Sentinel SpringCloudGateway] register SentinelGatewayFilter with order: -2147483648
22:51:18.135 [main] INFO  c.a.c.s.g.s.SentinelSCGAutoConfiguration - [sentinelGatewayBlockExceptionHandler,134] - [Sentinel SpringCloudGateway] register SentinelGatewayBlockExceptionHandler
22:51:18.910 [main] INFO  c.a.n.c.r.client - [lambda$createClient$0,80] - [RpcClientFactory] create a new rpc client of 8e444070-6395-4653-83ea-a138a66f22f9_config-0
22:51:18.910 [main] INFO  c.a.n.c.r.client - [printIfInfoEnabled,60] - [8e444070-6395-4653-83ea-a138a66f22f9_config-0] RpcClient init label, labels = {module=config, Vipserver-Tag=null, source=sdk, Amory-Tag=null, Location-Tag=null, taskId=0, AppName=unknown}
22:51:18.910 [main] INFO  c.a.n.c.r.client - [printIfInfoEnabled,60] - [8e444070-6395-4653-83ea-a138a66f22f9_config-0] Register server push request handler:com.alibaba.nacos.client.config.impl.ClientWorker$ConfigRpcTransportClient$$Lambda$463/0x0000000800f2c990
22:51:18.911 [main] INFO  c.a.n.c.r.client - [printIfInfoEnabled,60] - [8e444070-6395-4653-83ea-a138a66f22f9_config-0] Register server push request handler:com.alibaba.nacos.client.config.impl.ClientWorker$ConfigRpcTransportClient$$Lambda$464/0x0000000800f2cbb8
22:51:18.911 [main] INFO  c.a.n.c.r.client - [printIfInfoEnabled,60] - [8e444070-6395-4653-83ea-a138a66f22f9_config-0] Registry connection listener to current client:com.alibaba.nacos.client.config.impl.ClientWorker$ConfigRpcTransportClient$1
22:51:18.911 [main] INFO  c.a.n.c.r.client - [printIfInfoEnabled,60] - [8e444070-6395-4653-83ea-a138a66f22f9_config-0] RpcClient init, ServerListFactory = com.alibaba.nacos.client.config.impl.ClientWorker$ConfigRpcTransportClient$2
22:51:18.913 [main] INFO  c.a.n.c.r.client - [printIfInfoEnabled,60] - [8e444070-6395-4653-83ea-a138a66f22f9_config-0] Try to connect to server on start up, server: {serverIp = '127.0.0.1', server main port = 8848}
22:51:19.072 [main] INFO  c.a.n.c.r.client - [printIfInfoEnabled,60] - [8e444070-6395-4653-83ea-a138a66f22f9_config-0] Success to connect to server [127.0.0.1:8848] on start up, connectionId = 1684075878940_127.0.0.1_61335
22:51:19.073 [com.alibaba.nacos.client.remote.worker] INFO  c.a.n.c.r.client - [printIfInfoEnabled,60] - [8e444070-6395-4653-83ea-a138a66f22f9_config-0] Notify connected event to listeners.
22:51:19.074 [main] INFO  c.a.n.c.r.client - [printIfInfoEnabled,60] - [8e444070-6395-4653-83ea-a138a66f22f9_config-0] Register server push request handler:com.alibaba.nacos.common.remote.client.RpcClient$ConnectResetRequestHandler
22:51:19.074 [main] INFO  c.a.n.c.r.client - [printIfInfoEnabled,60] - [8e444070-6395-4653-83ea-a138a66f22f9_config-0] Register server push request handler:com.alibaba.nacos.common.remote.client.RpcClient$$Lambda$475/0x000000080102d7d8
22:51:19.316 [main] INFO  c.a.n.c.r.client - [lambda$createClient$0,80] - [RpcClientFactory] create a new rpc client of edf4dd2c-f7ea-40c9-b3ad-1a332aa89ff4
22:51:19.317 [main] INFO  c.a.n.c.r.client - [printIfInfoEnabled,60] - [edf4dd2c-f7ea-40c9-b3ad-1a332aa89ff4] RpcClient init label, labels = {module=naming, source=sdk}
22:51:19.321 [main] INFO  c.a.n.c.r.client - [printIfInfoEnabled,60] - [edf4dd2c-f7ea-40c9-b3ad-1a332aa89ff4] RpcClient init, ServerListFactory = com.alibaba.nacos.client.naming.core.ServerListManager
22:51:19.322 [main] INFO  c.a.n.c.r.client - [printIfInfoEnabled,60] - [edf4dd2c-f7ea-40c9-b3ad-1a332aa89ff4] Registry connection listener to current client:com.alibaba.nacos.client.naming.remote.gprc.redo.NamingGrpcRedoService
22:51:19.323 [main] INFO  c.a.n.c.r.client - [printIfInfoEnabled,60] - [edf4dd2c-f7ea-40c9-b3ad-1a332aa89ff4] Register server push request handler:com.alibaba.nacos.client.naming.remote.gprc.NamingPushRequestHandler
22:51:19.324 [main] INFO  c.a.n.c.r.client - [printIfInfoEnabled,60] - [edf4dd2c-f7ea-40c9-b3ad-1a332aa89ff4] Try to connect to server on start up, server: {serverIp = '127.0.0.1', server main port = 8848}
22:51:19.492 [main] INFO  c.a.n.c.r.client - [printIfInfoEnabled,60] - [edf4dd2c-f7ea-40c9-b3ad-1a332aa89ff4] Success to connect to server [127.0.0.1:8848] on start up, connectionId = 1684075879353_127.0.0.1_61337
22:51:19.493 [main] INFO  c.a.n.c.r.client - [printIfInfoEnabled,60] - [edf4dd2c-f7ea-40c9-b3ad-1a332aa89ff4] Register server push request handler:com.alibaba.nacos.common.remote.client.RpcClient$ConnectResetRequestHandler
22:51:19.493 [com.alibaba.nacos.client.remote.worker] INFO  c.a.n.c.r.client - [printIfInfoEnabled,60] - [edf4dd2c-f7ea-40c9-b3ad-1a332aa89ff4] Notify connected event to listeners.
22:51:19.493 [main] INFO  c.a.n.c.r.client - [printIfInfoEnabled,60] - [edf4dd2c-f7ea-40c9-b3ad-1a332aa89ff4] Register server push request handler:com.alibaba.nacos.common.remote.client.RpcClient$$Lambda$475/0x000000080102d7d8
22:51:19.718 [main] INFO  c.a.c.n.r.NacosServiceRegistry - [register,75] - nacos registry, DEFAULT_GROUP cms-gateway 192.168.1.9:8080 register finished
22:51:19.796 [main] INFO  c.c.g.RuoYiGatewayApplication - [logStarted,61] - Started RuoYiGatewayApplication in 11.986 seconds (JVM running for 12.975)
22:51:19.803 [main] INFO  c.a.c.n.r.NacosContextRefresher - [registerNacosListener,129] - [Nacos Config] Listening config: dataId=cms-gateway, group=DEFAULT_GROUP
22:51:19.804 [main] INFO  c.a.c.n.r.NacosContextRefresher - [registerNacosListener,129] - [Nacos Config] Listening config: dataId=cms-gateway.yml, group=DEFAULT_GROUP
22:51:19.810 [main] INFO  c.a.c.n.r.NacosContextRefresher - [registerNacosListener,129] - [Nacos Config] Listening config: dataId=cms-gateway-dev.yml, group=DEFAULT_GROUP
22:51:20.051 [nacos-grpc-client-executor-0] INFO  c.a.n.c.r.client - [printIfInfoEnabled,60] - [edf4dd2c-f7ea-40c9-b3ad-1a332aa89ff4] Receive server push request, request = NotifySubscriberRequest, requestId = 439
22:51:20.060 [nacos-grpc-client-executor-0] INFO  c.a.n.c.r.client - [printIfInfoEnabled,60] - [edf4dd2c-f7ea-40c9-b3ad-1a332aa89ff4] Ack server push request, request = NotifySubscriberRequest, requestId = 439
22:51:20.244 [nacos-grpc-client-executor-1] INFO  c.a.n.c.r.client - [printIfInfoEnabled,60] - [edf4dd2c-f7ea-40c9-b3ad-1a332aa89ff4] Receive server push request, request = NotifySubscriberRequest, requestId = 441
22:51:20.245 [nacos-grpc-client-executor-1] INFO  c.a.n.c.r.client - [printIfInfoEnabled,60] - [edf4dd2c-f7ea-40c9-b3ad-1a332aa89ff4] Ack server push request, request = NotifySubscriberRequest, requestId = 441
22:51:20.253 [nacos-grpc-client-executor-2] INFO  c.a.n.c.r.client - [printIfInfoEnabled,60] - [edf4dd2c-f7ea-40c9-b3ad-1a332aa89ff4] Receive server push request, request = NotifySubscriberRequest, requestId = 444
22:51:20.253 [nacos-grpc-client-executor-2] INFO  c.a.n.c.r.client - [printIfInfoEnabled,60] - [edf4dd2c-f7ea-40c9-b3ad-1a332aa89ff4] Ack server push request, request = NotifySubscriberRequest, requestId = 444
22:51:20.255 [nacos-grpc-client-executor-3] INFO  c.a.n.c.r.client - [printIfInfoEnabled,60] - [edf4dd2c-f7ea-40c9-b3ad-1a332aa89ff4] Receive server push request, request = NotifySubscriberRequest, requestId = 445
22:51:20.256 [nacos-grpc-client-executor-3] INFO  c.a.n.c.r.client - [printIfInfoEnabled,60] - [edf4dd2c-f7ea-40c9-b3ad-1a332aa89ff4] Ack server push request, request = NotifySubscriberRequest, requestId = 445
22:51:20.258 [nacos-grpc-client-executor-4] INFO  c.a.n.c.r.client - [printIfInfoEnabled,60] - [edf4dd2c-f7ea-40c9-b3ad-1a332aa89ff4] Receive server push request, request = NotifySubscriberRequest, requestId = 442
22:51:20.259 [nacos-grpc-client-executor-4] INFO  c.a.n.c.r.client - [printIfInfoEnabled,60] - [edf4dd2c-f7ea-40c9-b3ad-1a332aa89ff4] Ack server push request, request = NotifySubscriberRequest, requestId = 442
22:51:20.261 [nacos-grpc-client-executor-5] INFO  c.a.n.c.r.client - [printIfInfoEnabled,60] - [edf4dd2c-f7ea-40c9-b3ad-1a332aa89ff4] Receive server push request, request = NotifySubscriberRequest, requestId = 440
22:51:20.262 [nacos-grpc-client-executor-5] INFO  c.a.n.c.r.client - [printIfInfoEnabled,60] - [edf4dd2c-f7ea-40c9-b3ad-1a332aa89ff4] Ack server push request, request = NotifySubscriberRequest, requestId = 440
22:51:20.264 [nacos-grpc-client-executor-6] INFO  c.a.n.c.r.client - [printIfInfoEnabled,60] - [edf4dd2c-f7ea-40c9-b3ad-1a332aa89ff4] Receive server push request, request = NotifySubscriberRequest, requestId = 443
22:51:20.265 [nacos-grpc-client-executor-6] INFO  c.a.n.c.r.client - [printIfInfoEnabled,60] - [edf4dd2c-f7ea-40c9-b3ad-1a332aa89ff4] Ack server push request, request = NotifySubscriberRequest, requestId = 443
22:51:27.480 [nacos-grpc-client-executor-41] INFO  c.a.n.c.r.client - [printIfInfoEnabled,60] - [edf4dd2c-f7ea-40c9-b3ad-1a332aa89ff4] Receive server push request, request = NotifySubscriberRequest, requestId = 446
22:51:27.482 [nacos-grpc-client-executor-41] INFO  c.a.n.c.r.client - [printIfInfoEnabled,60] - [edf4dd2c-f7ea-40c9-b3ad-1a332aa89ff4] Ack server push request, request = NotifySubscriberRequest, requestId = 446
22:51:29.632 [nacos-grpc-client-executor-42] INFO  c.a.n.c.r.client - [printIfInfoEnabled,60] - [edf4dd2c-f7ea-40c9-b3ad-1a332aa89ff4] Receive server push request, request = NotifySubscriberRequest, requestId = 448
22:51:29.634 [nacos-grpc-client-executor-42] INFO  c.a.n.c.r.client - [printIfInfoEnabled,60] - [edf4dd2c-f7ea-40c9-b3ad-1a332aa89ff4] Ack server push request, request = NotifySubscriberRequest, requestId = 448
22:51:31.682 [nacos-grpc-client-executor-66] INFO  c.a.n.c.r.client - [printIfInfoEnabled,60] - [edf4dd2c-f7ea-40c9-b3ad-1a332aa89ff4] Receive server push request, request = NotifySubscriberRequest, requestId = 456
22:51:31.684 [nacos-grpc-client-executor-66] INFO  c.a.n.c.r.client - [printIfInfoEnabled,60] - [edf4dd2c-f7ea-40c9-b3ad-1a332aa89ff4] Ack server push request, request = NotifySubscriberRequest, requestId = 456
22:53:39.114 [SpringApplicationShutdownHook] INFO  c.a.c.n.r.NacosServiceRegistry - [deregister,94] - De-registering from Nacos Server now...
22:53:39.121 [SpringApplicationShutdownHook] INFO  c.a.c.n.r.NacosServiceRegistry - [deregister,114] - De-registration finished.
22:53:39.436 [SpringApplicationShutdownHook] INFO  c.a.n.c.r.client - [shutdown,454] - Shutdown rpc client, set status to shutdown
22:53:39.436 [SpringApplicationShutdownHook] INFO  c.a.n.c.r.client - [shutdown,456] - Shutdown client event executor java.util.concurrent.ScheduledThreadPoolExecutor@114f3d9[Running, pool size = 2, active threads = 2, queued tasks = 0, completed tasks = 0]
22:53:39.436 [SpringApplicationShutdownHook] INFO  c.a.n.c.r.client - [closeConnection,591] - Close current connection 1684075879353_127.0.0.1_61337
22:53:39.439 [nacos-grpc-client-executor-137] INFO  c.a.n.c.r.c.g.GrpcClient - [printIfInfoEnabled,60] - [1684075879353_127.0.0.1_61337]Ignore complete event,isRunning:false,isAbandon=false
22:53:39.444 [SpringApplicationShutdownHook] INFO  c.a.n.c.r.c.g.GrpcClient - [shutdown,85] - Shutdown grpc executor java.util.concurrent.ThreadPoolExecutor@6270449d[Running, pool size = 8, active threads = 0, queued tasks = 0, completed tasks = 181]
22:53:55.566 [background-preinit] INFO  o.h.v.i.util.Version - [<clinit>,21] - HV000001: Hibernate Validator 6.2.5.Final
22:53:56.277 [main] INFO  c.a.n.c.r.client - [lambda$createClient$0,80] - [RpcClientFactory] create a new rpc client of a46baddb-0f7a-43f7-86e8-87d4f6e4250a_config-0
22:53:56.332 [main] INFO  o.r.Reflections - [scan,232] - Reflections took 36 ms to scan 1 urls, producing 3 keys and 6 values 
22:53:56.367 [main] INFO  o.r.Reflections - [scan,232] - Reflections took 21 ms to scan 1 urls, producing 4 keys and 9 values 
22:53:56.388 [main] INFO  o.r.Reflections - [scan,232] - Reflections took 17 ms to scan 1 urls, producing 3 keys and 10 values 
22:53:56.422 [main] INFO  o.r.Reflections - [scan,232] - Reflections took 27 ms to scan 1 urls, producing 1 keys and 5 values 
22:53:56.441 [main] INFO  o.r.Reflections - [scan,232] - Reflections took 15 ms to scan 1 urls, producing 1 keys and 7 values 
22:53:56.454 [main] INFO  o.r.Reflections - [scan,232] - Reflections took 11 ms to scan 1 urls, producing 2 keys and 8 values 
22:53:56.458 [main] INFO  c.a.n.c.r.client - [printIfInfoEnabled,60] - [a46baddb-0f7a-43f7-86e8-87d4f6e4250a_config-0] RpcClient init label, labels = {module=config, Vipserver-Tag=null, source=sdk, Amory-Tag=null, Location-Tag=null, taskId=0, AppName=unknown}
22:53:56.459 [main] INFO  c.a.n.c.r.client - [printIfInfoEnabled,60] - [a46baddb-0f7a-43f7-86e8-87d4f6e4250a_config-0] Register server push request handler:com.alibaba.nacos.client.config.impl.ClientWorker$ConfigRpcTransportClient$$Lambda$463/0x0000000800f3cc28
22:53:56.460 [main] INFO  c.a.n.c.r.client - [printIfInfoEnabled,60] - [a46baddb-0f7a-43f7-86e8-87d4f6e4250a_config-0] Register server push request handler:com.alibaba.nacos.client.config.impl.ClientWorker$ConfigRpcTransportClient$$Lambda$464/0x0000000800f3ce50
22:53:56.461 [main] INFO  c.a.n.c.r.client - [printIfInfoEnabled,60] - [a46baddb-0f7a-43f7-86e8-87d4f6e4250a_config-0] Registry connection listener to current client:com.alibaba.nacos.client.config.impl.ClientWorker$ConfigRpcTransportClient$1
22:53:56.462 [main] INFO  c.a.n.c.r.client - [printIfInfoEnabled,60] - [a46baddb-0f7a-43f7-86e8-87d4f6e4250a_config-0] RpcClient init, ServerListFactory = com.alibaba.nacos.client.config.impl.ClientWorker$ConfigRpcTransportClient$2
22:53:56.472 [main] INFO  c.a.n.c.r.client - [printIfInfoEnabled,60] - [a46baddb-0f7a-43f7-86e8-87d4f6e4250a_config-0] Try to connect to server on start up, server: {serverIp = '127.0.0.1', server main port = 8848}
22:53:57.261 [main] INFO  c.a.n.c.r.client - [printIfInfoEnabled,60] - [a46baddb-0f7a-43f7-86e8-87d4f6e4250a_config-0] Success to connect to server [127.0.0.1:8848] on start up, connectionId = 1684076037053_127.0.0.1_61740
22:53:57.262 [com.alibaba.nacos.client.remote.worker] INFO  c.a.n.c.r.client - [printIfInfoEnabled,60] - [a46baddb-0f7a-43f7-86e8-87d4f6e4250a_config-0] Notify connected event to listeners.
22:53:57.262 [main] INFO  c.a.n.c.r.client - [printIfInfoEnabled,60] - [a46baddb-0f7a-43f7-86e8-87d4f6e4250a_config-0] Register server push request handler:com.alibaba.nacos.common.remote.client.RpcClient$ConnectResetRequestHandler
22:53:57.262 [main] INFO  c.a.n.c.r.client - [printIfInfoEnabled,60] - [a46baddb-0f7a-43f7-86e8-87d4f6e4250a_config-0] Register server push request handler:com.alibaba.nacos.common.remote.client.RpcClient$$Lambda$475/0x000000080103d7d8
22:53:57.385 [main] INFO  c.c.g.RuoYiGatewayApplication - [logStartupProfileInfo,637] - The following 1 profile is active: "dev"
22:54:03.830 [main] INFO  c.a.c.s.g.s.SentinelSCGAutoConfiguration - [sentinelGatewayFilter,144] - [Sentinel SpringCloudGateway] register SentinelGatewayFilter with order: -2147483648
22:54:05.274 [main] INFO  c.a.c.s.g.s.SentinelSCGAutoConfiguration - [sentinelGatewayBlockExceptionHandler,134] - [Sentinel SpringCloudGateway] register SentinelGatewayBlockExceptionHandler
22:54:06.208 [main] INFO  c.a.n.c.r.client - [lambda$createClient$0,80] - [RpcClientFactory] create a new rpc client of da1ae496-3015-4e93-a99b-b132bc7d2a9e_config-0
22:54:06.209 [main] INFO  c.a.n.c.r.client - [printIfInfoEnabled,60] - [da1ae496-3015-4e93-a99b-b132bc7d2a9e_config-0] RpcClient init label, labels = {module=config, Vipserver-Tag=null, source=sdk, Amory-Tag=null, Location-Tag=null, taskId=0, AppName=unknown}
22:54:06.211 [main] INFO  c.a.n.c.r.client - [printIfInfoEnabled,60] - [da1ae496-3015-4e93-a99b-b132bc7d2a9e_config-0] Register server push request handler:com.alibaba.nacos.client.config.impl.ClientWorker$ConfigRpcTransportClient$$Lambda$463/0x0000000800f3cc28
22:54:06.212 [main] INFO  c.a.n.c.r.client - [printIfInfoEnabled,60] - [da1ae496-3015-4e93-a99b-b132bc7d2a9e_config-0] Register server push request handler:com.alibaba.nacos.client.config.impl.ClientWorker$ConfigRpcTransportClient$$Lambda$464/0x0000000800f3ce50
22:54:06.214 [main] INFO  c.a.n.c.r.client - [printIfInfoEnabled,60] - [da1ae496-3015-4e93-a99b-b132bc7d2a9e_config-0] Registry connection listener to current client:com.alibaba.nacos.client.config.impl.ClientWorker$ConfigRpcTransportClient$1
22:54:06.215 [main] INFO  c.a.n.c.r.client - [printIfInfoEnabled,60] - [da1ae496-3015-4e93-a99b-b132bc7d2a9e_config-0] RpcClient init, ServerListFactory = com.alibaba.nacos.client.config.impl.ClientWorker$ConfigRpcTransportClient$2
22:54:06.221 [main] INFO  c.a.n.c.r.client - [printIfInfoEnabled,60] - [da1ae496-3015-4e93-a99b-b132bc7d2a9e_config-0] Try to connect to server on start up, server: {serverIp = '127.0.0.1', server main port = 8848}
22:54:06.393 [main] INFO  c.a.n.c.r.client - [printIfInfoEnabled,60] - [da1ae496-3015-4e93-a99b-b132bc7d2a9e_config-0] Success to connect to server [127.0.0.1:8848] on start up, connectionId = 1684076046261_127.0.0.1_61769
22:54:06.393 [com.alibaba.nacos.client.remote.worker] INFO  c.a.n.c.r.client - [printIfInfoEnabled,60] - [da1ae496-3015-4e93-a99b-b132bc7d2a9e_config-0] Notify connected event to listeners.
22:54:06.394 [main] INFO  c.a.n.c.r.client - [printIfInfoEnabled,60] - [da1ae496-3015-4e93-a99b-b132bc7d2a9e_config-0] Register server push request handler:com.alibaba.nacos.common.remote.client.RpcClient$ConnectResetRequestHandler
22:54:06.394 [main] INFO  c.a.n.c.r.client - [printIfInfoEnabled,60] - [da1ae496-3015-4e93-a99b-b132bc7d2a9e_config-0] Register server push request handler:com.alibaba.nacos.common.remote.client.RpcClient$$Lambda$475/0x000000080103d7d8
22:54:06.654 [main] INFO  c.a.n.c.r.client - [lambda$createClient$0,80] - [RpcClientFactory] create a new rpc client of beb70382-f8c3-4492-a79a-0449fbe747dd
22:54:06.654 [main] INFO  c.a.n.c.r.client - [printIfInfoEnabled,60] - [beb70382-f8c3-4492-a79a-0449fbe747dd] RpcClient init label, labels = {module=naming, source=sdk}
22:54:06.656 [main] INFO  c.a.n.c.r.client - [printIfInfoEnabled,60] - [beb70382-f8c3-4492-a79a-0449fbe747dd] RpcClient init, ServerListFactory = com.alibaba.nacos.client.naming.core.ServerListManager
22:54:06.656 [main] INFO  c.a.n.c.r.client - [printIfInfoEnabled,60] - [beb70382-f8c3-4492-a79a-0449fbe747dd] Registry connection listener to current client:com.alibaba.nacos.client.naming.remote.gprc.redo.NamingGrpcRedoService
22:54:06.657 [main] INFO  c.a.n.c.r.client - [printIfInfoEnabled,60] - [beb70382-f8c3-4492-a79a-0449fbe747dd] Register server push request handler:com.alibaba.nacos.client.naming.remote.gprc.NamingPushRequestHandler
22:54:06.657 [main] INFO  c.a.n.c.r.client - [printIfInfoEnabled,60] - [beb70382-f8c3-4492-a79a-0449fbe747dd] Try to connect to server on start up, server: {serverIp = '127.0.0.1', server main port = 8848}
22:54:06.813 [main] INFO  c.a.n.c.r.client - [printIfInfoEnabled,60] - [beb70382-f8c3-4492-a79a-0449fbe747dd] Success to connect to server [127.0.0.1:8848] on start up, connectionId = 1684076046682_127.0.0.1_61770
22:54:06.814 [com.alibaba.nacos.client.remote.worker] INFO  c.a.n.c.r.client - [printIfInfoEnabled,60] - [beb70382-f8c3-4492-a79a-0449fbe747dd] Notify connected event to listeners.
22:54:06.814 [main] INFO  c.a.n.c.r.client - [printIfInfoEnabled,60] - [beb70382-f8c3-4492-a79a-0449fbe747dd] Register server push request handler:com.alibaba.nacos.common.remote.client.RpcClient$ConnectResetRequestHandler
22:54:06.814 [main] INFO  c.a.n.c.r.client - [printIfInfoEnabled,60] - [beb70382-f8c3-4492-a79a-0449fbe747dd] Register server push request handler:com.alibaba.nacos.common.remote.client.RpcClient$$Lambda$475/0x000000080103d7d8
22:54:07.093 [main] INFO  c.a.c.n.r.NacosServiceRegistry - [register,75] - nacos registry, DEFAULT_GROUP cms-gateway 192.168.1.9:8080 register finished
22:54:07.193 [main] INFO  c.c.g.RuoYiGatewayApplication - [logStarted,61] - Started RuoYiGatewayApplication in 12.471 seconds (JVM running for 13.537)
22:54:07.201 [main] INFO  c.a.c.n.r.NacosContextRefresher - [registerNacosListener,129] - [Nacos Config] Listening config: dataId=cms-gateway, group=DEFAULT_GROUP
22:54:07.202 [main] INFO  c.a.c.n.r.NacosContextRefresher - [registerNacosListener,129] - [Nacos Config] Listening config: dataId=cms-gateway.yml, group=DEFAULT_GROUP
22:54:07.203 [main] INFO  c.a.c.n.r.NacosContextRefresher - [registerNacosListener,129] - [Nacos Config] Listening config: dataId=cms-gateway-dev.yml, group=DEFAULT_GROUP
22:54:07.415 [nacos-grpc-client-executor-63] INFO  c.a.n.c.r.client - [printIfInfoEnabled,60] - [beb70382-f8c3-4492-a79a-0449fbe747dd] Receive server push request, request = NotifySubscriberRequest, requestId = 468
22:54:07.426 [nacos-grpc-client-executor-63] INFO  c.a.n.c.r.client - [printIfInfoEnabled,60] - [beb70382-f8c3-4492-a79a-0449fbe747dd] Ack server push request, request = NotifySubscriberRequest, requestId = 468
22:54:07.600 [nacos-grpc-client-executor-2] INFO  c.a.n.c.r.client - [printIfInfoEnabled,60] - [beb70382-f8c3-4492-a79a-0449fbe747dd] Receive server push request, request = NotifySubscriberRequest, requestId = 470
22:54:07.601 [nacos-grpc-client-executor-2] INFO  c.a.n.c.r.client - [printIfInfoEnabled,60] - [beb70382-f8c3-4492-a79a-0449fbe747dd] Ack server push request, request = NotifySubscriberRequest, requestId = 470
22:54:07.603 [nacos-grpc-client-executor-3] INFO  c.a.n.c.r.client - [printIfInfoEnabled,60] - [beb70382-f8c3-4492-a79a-0449fbe747dd] Receive server push request, request = NotifySubscriberRequest, requestId = 473
22:54:07.604 [nacos-grpc-client-executor-3] INFO  c.a.n.c.r.client - [printIfInfoEnabled,60] - [beb70382-f8c3-4492-a79a-0449fbe747dd] Ack server push request, request = NotifySubscriberRequest, requestId = 473
22:54:07.613 [nacos-grpc-client-executor-4] INFO  c.a.n.c.r.client - [printIfInfoEnabled,60] - [beb70382-f8c3-4492-a79a-0449fbe747dd] Receive server push request, request = NotifySubscriberRequest, requestId = 472
22:54:07.613 [nacos-grpc-client-executor-4] INFO  c.a.n.c.r.client - [printIfInfoEnabled,60] - [beb70382-f8c3-4492-a79a-0449fbe747dd] Ack server push request, request = NotifySubscriberRequest, requestId = 472
22:54:07.615 [nacos-grpc-client-executor-5] INFO  c.a.n.c.r.client - [printIfInfoEnabled,60] - [beb70382-f8c3-4492-a79a-0449fbe747dd] Receive server push request, request = NotifySubscriberRequest, requestId = 471
22:54:07.616 [nacos-grpc-client-executor-5] INFO  c.a.n.c.r.client - [printIfInfoEnabled,60] - [beb70382-f8c3-4492-a79a-0449fbe747dd] Ack server push request, request = NotifySubscriberRequest, requestId = 471
22:54:07.618 [nacos-grpc-client-executor-6] INFO  c.a.n.c.r.client - [printIfInfoEnabled,60] - [beb70382-f8c3-4492-a79a-0449fbe747dd] Receive server push request, request = NotifySubscriberRequest, requestId = 469
22:54:07.619 [nacos-grpc-client-executor-6] INFO  c.a.n.c.r.client - [printIfInfoEnabled,60] - [beb70382-f8c3-4492-a79a-0449fbe747dd] Ack server push request, request = NotifySubscriberRequest, requestId = 469
22:54:07.620 [nacos-grpc-client-executor-7] INFO  c.a.n.c.r.client - [printIfInfoEnabled,60] - [beb70382-f8c3-4492-a79a-0449fbe747dd] Receive server push request, request = NotifySubscriberRequest, requestId = 474
22:54:07.621 [nacos-grpc-client-executor-7] INFO  c.a.n.c.r.client - [printIfInfoEnabled,60] - [beb70382-f8c3-4492-a79a-0449fbe747dd] Ack server push request, request = NotifySubscriberRequest, requestId = 474
22:54:13.118 [nacos-grpc-client-executor-36] INFO  c.a.n.c.r.client - [printIfInfoEnabled,60] - [beb70382-f8c3-4492-a79a-0449fbe747dd] Receive server push request, request = NotifySubscriberRequest, requestId = 475
22:54:13.120 [nacos-grpc-client-executor-36] INFO  c.a.n.c.r.client - [printIfInfoEnabled,60] - [beb70382-f8c3-4492-a79a-0449fbe747dd] Ack server push request, request = NotifySubscriberRequest, requestId = 475
22:54:15.166 [nacos-grpc-client-executor-43] INFO  c.a.n.c.r.client - [printIfInfoEnabled,60] - [beb70382-f8c3-4492-a79a-0449fbe747dd] Receive server push request, request = NotifySubscriberRequest, requestId = 478
22:54:15.167 [nacos-grpc-client-executor-43] INFO  c.a.n.c.r.client - [printIfInfoEnabled,60] - [beb70382-f8c3-4492-a79a-0449fbe747dd] Ack server push request, request = NotifySubscriberRequest, requestId = 478
22:54:16.289 [nacos-grpc-client-executor-44] INFO  c.a.n.c.r.client - [printIfInfoEnabled,60] - [beb70382-f8c3-4492-a79a-0449fbe747dd] Receive server push request, request = NotifySubscriberRequest, requestId = 487
22:54:16.291 [nacos-grpc-client-executor-44] INFO  c.a.n.c.r.client - [printIfInfoEnabled,60] - [beb70382-f8c3-4492-a79a-0449fbe747dd] Ack server push request, request = NotifySubscriberRequest, requestId = 487
