08:56:47.499 [nacos-grpc-client-executor-13027] INFO  c.a.n.c.r.client - [printIfInfoEnabled,60] - [afb7defb-e873-4a3a-a4bc-ccd554d2c26b] Receive server push request, request = NotifySubscriberRequest, requestId = 517
08:56:47.503 [nacos-grpc-client-executor-13027] INFO  c.a.n.c.r.client - [printIfInfoEnabled,60] - [afb7defb-e873-4a3a-a4bc-ccd554d2c26b] Ack server push request, request = NotifySubscriberRequest, requestId = 517
08:56:47.506 [nacos-grpc-client-executor-13028] INFO  c.a.n.c.r.client - [printIfInfoEnabled,60] - [afb7defb-e873-4a3a-a4bc-ccd554d2c26b] Receive server push request, request = NotifySubscriberRequest, requestId = 518
08:56:47.509 [nacos-grpc-client-executor-13028] INFO  c.a.n.c.r.client - [printIfInfoEnabled,60] - [afb7defb-e873-4a3a-a4bc-ccd554d2c26b] Ack server push request, request = NotifySubscriberRequest, requestId = 518
08:56:47.511 [nacos-grpc-client-executor-13029] INFO  c.a.n.c.r.client - [printIfInfoEnabled,60] - [afb7defb-e873-4a3a-a4bc-ccd554d2c26b] Receive server push request, request = NotifySubscriberRequest, requestId = 520
08:56:47.514 [nacos-grpc-client-executor-13029] INFO  c.a.n.c.r.client - [printIfInfoEnabled,60] - [afb7defb-e873-4a3a-a4bc-ccd554d2c26b] Ack server push request, request = NotifySubscriberRequest, requestId = 520
08:56:47.677 [nacos-grpc-client-executor-13030] INFO  c.a.n.c.r.client - [printIfInfoEnabled,60] - [afb7defb-e873-4a3a-a4bc-ccd554d2c26b] Receive server push request, request = NotifySubscriberRequest, requestId = 522
08:56:47.678 [nacos-grpc-client-executor-13030] INFO  c.a.n.c.r.client - [printIfInfoEnabled,60] - [afb7defb-e873-4a3a-a4bc-ccd554d2c26b] Ack server push request, request = NotifySubscriberRequest, requestId = 522
08:56:47.780 [nacos-grpc-client-executor-13031] INFO  c.a.n.c.r.client - [printIfInfoEnabled,60] - [afb7defb-e873-4a3a-a4bc-ccd554d2c26b] Receive server push request, request = NotifySubscriberRequest, requestId = 524
08:56:47.784 [nacos-grpc-client-executor-13031] INFO  c.a.n.c.r.client - [printIfInfoEnabled,60] - [afb7defb-e873-4a3a-a4bc-ccd554d2c26b] Ack server push request, request = NotifySubscriberRequest, requestId = 524
08:56:48.775 [SpringApplicationShutdownHook] INFO  c.a.c.n.r.NacosServiceRegistry - [deregister,94] - De-registering from Nacos Server now...
08:56:48.779 [SpringApplicationShutdownHook] INFO  c.a.c.n.r.NacosServiceRegistry - [deregister,114] - De-registration finished.
08:56:49.091 [SpringApplicationShutdownHook] INFO  c.a.n.c.r.client - [shutdown,454] - Shutdown rpc client, set status to shutdown
08:56:49.092 [SpringApplicationShutdownHook] INFO  c.a.n.c.r.client - [shutdown,456] - Shutdown client event executor java.util.concurrent.ScheduledThreadPoolExecutor@23aba771[Running, pool size = 2, active threads = 2, queued tasks = 0, completed tasks = 0]
08:56:49.092 [SpringApplicationShutdownHook] INFO  c.a.n.c.r.client - [closeConnection,591] - Close current connection 1682410179336_127.0.0.1_50831
08:56:49.094 [nacos-grpc-client-executor-13034] INFO  c.a.n.c.r.c.g.GrpcClient - [printIfInfoEnabled,60] - [1682410179336_127.0.0.1_50831]Ignore complete event,isRunning:false,isAbandon=false
08:56:49.103 [SpringApplicationShutdownHook] INFO  c.a.n.c.r.c.g.GrpcClient - [shutdown,85] - Shutdown grpc executor java.util.concurrent.ThreadPoolExecutor@19d9acab[Running, pool size = 10, active threads = 0, queued tasks = 0, completed tasks = 13073]
08:57:16.486 [background-preinit] INFO  o.h.v.i.util.Version - [<clinit>,21] - HV000001: Hibernate Validator 6.2.5.Final
08:57:17.173 [main] INFO  c.a.n.c.r.client - [lambda$createClient$0,80] - [RpcClientFactory] create a new rpc client of 9f363a99-65d5-499f-905b-c6769aacb559_config-0
08:57:17.267 [main] INFO  o.r.Reflections - [scan,232] - Reflections took 45 ms to scan 1 urls, producing 3 keys and 6 values 
08:57:17.309 [main] INFO  o.r.Reflections - [scan,232] - Reflections took 25 ms to scan 1 urls, producing 4 keys and 9 values 
08:57:17.336 [main] INFO  o.r.Reflections - [scan,232] - Reflections took 23 ms to scan 1 urls, producing 3 keys and 10 values 
08:57:17.363 [main] INFO  o.r.Reflections - [scan,232] - Reflections took 21 ms to scan 1 urls, producing 1 keys and 5 values 
08:57:17.388 [main] INFO  o.r.Reflections - [scan,232] - Reflections took 23 ms to scan 1 urls, producing 1 keys and 7 values 
08:57:17.402 [main] INFO  o.r.Reflections - [scan,232] - Reflections took 10 ms to scan 1 urls, producing 2 keys and 8 values 
08:57:17.405 [main] INFO  c.a.n.c.r.client - [printIfInfoEnabled,60] - [9f363a99-65d5-499f-905b-c6769aacb559_config-0] RpcClient init label, labels = {module=config, Vipserver-Tag=null, source=sdk, Amory-Tag=null, Location-Tag=null, taskId=0, AppName=unknown}
08:57:17.405 [main] INFO  c.a.n.c.r.client - [printIfInfoEnabled,60] - [9f363a99-65d5-499f-905b-c6769aacb559_config-0] Register server push request handler:com.alibaba.nacos.client.config.impl.ClientWorker$ConfigRpcTransportClient$$Lambda$463/0x0000000800f3d388
08:57:17.406 [main] INFO  c.a.n.c.r.client - [printIfInfoEnabled,60] - [9f363a99-65d5-499f-905b-c6769aacb559_config-0] Register server push request handler:com.alibaba.nacos.client.config.impl.ClientWorker$ConfigRpcTransportClient$$Lambda$464/0x0000000800f3d5b0
08:57:17.406 [main] INFO  c.a.n.c.r.client - [printIfInfoEnabled,60] - [9f363a99-65d5-499f-905b-c6769aacb559_config-0] Registry connection listener to current client:com.alibaba.nacos.client.config.impl.ClientWorker$ConfigRpcTransportClient$1
08:57:17.407 [main] INFO  c.a.n.c.r.client - [printIfInfoEnabled,60] - [9f363a99-65d5-499f-905b-c6769aacb559_config-0] RpcClient init, ServerListFactory = com.alibaba.nacos.client.config.impl.ClientWorker$ConfigRpcTransportClient$2
08:57:17.415 [main] INFO  c.a.n.c.r.client - [printIfInfoEnabled,60] - [9f363a99-65d5-499f-905b-c6769aacb559_config-0] Try to connect to server on start up, server: {serverIp = '127.0.0.1', server main port = 8848}
08:57:18.081 [main] INFO  c.a.n.c.r.client - [printIfInfoEnabled,60] - [9f363a99-65d5-499f-905b-c6769aacb559_config-0] Success to connect to server [127.0.0.1:8848] on start up, connectionId = 1682470637875_127.0.0.1_62518
08:57:18.082 [com.alibaba.nacos.client.remote.worker] INFO  c.a.n.c.r.client - [printIfInfoEnabled,60] - [9f363a99-65d5-499f-905b-c6769aacb559_config-0] Notify connected event to listeners.
08:57:18.083 [main] INFO  c.a.n.c.r.client - [printIfInfoEnabled,60] - [9f363a99-65d5-499f-905b-c6769aacb559_config-0] Register server push request handler:com.alibaba.nacos.common.remote.client.RpcClient$ConnectResetRequestHandler
08:57:18.083 [main] INFO  c.a.n.c.r.client - [printIfInfoEnabled,60] - [9f363a99-65d5-499f-905b-c6769aacb559_config-0] Register server push request handler:com.alibaba.nacos.common.remote.client.RpcClient$$Lambda$475/0x000000080103e0e8
08:57:18.155 [main] INFO  c.c.g.RuoYiGatewayApplication - [logStartupProfileInfo,637] - The following 1 profile is active: "dev"
08:57:21.707 [main] INFO  c.a.c.s.g.s.SentinelSCGAutoConfiguration - [sentinelGatewayFilter,144] - [Sentinel SpringCloudGateway] register SentinelGatewayFilter with order: -2147483648
08:57:22.618 [main] INFO  c.a.c.s.g.s.SentinelSCGAutoConfiguration - [sentinelGatewayBlockExceptionHandler,134] - [Sentinel SpringCloudGateway] register SentinelGatewayBlockExceptionHandler
08:57:23.129 [main] INFO  c.a.n.c.r.client - [lambda$createClient$0,80] - [RpcClientFactory] create a new rpc client of f0f0e7dc-0599-4db0-a1ab-e2ffad81e1c5_config-0
08:57:23.130 [main] INFO  c.a.n.c.r.client - [printIfInfoEnabled,60] - [f0f0e7dc-0599-4db0-a1ab-e2ffad81e1c5_config-0] RpcClient init label, labels = {module=config, Vipserver-Tag=null, source=sdk, Amory-Tag=null, Location-Tag=null, taskId=0, AppName=unknown}
08:57:23.130 [main] INFO  c.a.n.c.r.client - [printIfInfoEnabled,60] - [f0f0e7dc-0599-4db0-a1ab-e2ffad81e1c5_config-0] Register server push request handler:com.alibaba.nacos.client.config.impl.ClientWorker$ConfigRpcTransportClient$$Lambda$463/0x0000000800f3d388
08:57:23.130 [main] INFO  c.a.n.c.r.client - [printIfInfoEnabled,60] - [f0f0e7dc-0599-4db0-a1ab-e2ffad81e1c5_config-0] Register server push request handler:com.alibaba.nacos.client.config.impl.ClientWorker$ConfigRpcTransportClient$$Lambda$464/0x0000000800f3d5b0
08:57:23.131 [main] INFO  c.a.n.c.r.client - [printIfInfoEnabled,60] - [f0f0e7dc-0599-4db0-a1ab-e2ffad81e1c5_config-0] Registry connection listener to current client:com.alibaba.nacos.client.config.impl.ClientWorker$ConfigRpcTransportClient$1
08:57:23.131 [main] INFO  c.a.n.c.r.client - [printIfInfoEnabled,60] - [f0f0e7dc-0599-4db0-a1ab-e2ffad81e1c5_config-0] RpcClient init, ServerListFactory = com.alibaba.nacos.client.config.impl.ClientWorker$ConfigRpcTransportClient$2
08:57:23.132 [main] INFO  c.a.n.c.r.client - [printIfInfoEnabled,60] - [f0f0e7dc-0599-4db0-a1ab-e2ffad81e1c5_config-0] Try to connect to server on start up, server: {serverIp = '127.0.0.1', server main port = 8848}
08:57:23.293 [main] INFO  c.a.n.c.r.client - [printIfInfoEnabled,60] - [f0f0e7dc-0599-4db0-a1ab-e2ffad81e1c5_config-0] Success to connect to server [127.0.0.1:8848] on start up, connectionId = 1682470643164_127.0.0.1_62540
08:57:23.294 [main] INFO  c.a.n.c.r.client - [printIfInfoEnabled,60] - [f0f0e7dc-0599-4db0-a1ab-e2ffad81e1c5_config-0] Register server push request handler:com.alibaba.nacos.common.remote.client.RpcClient$ConnectResetRequestHandler
08:57:23.294 [com.alibaba.nacos.client.remote.worker] INFO  c.a.n.c.r.client - [printIfInfoEnabled,60] - [f0f0e7dc-0599-4db0-a1ab-e2ffad81e1c5_config-0] Notify connected event to listeners.
08:57:23.295 [main] INFO  c.a.n.c.r.client - [printIfInfoEnabled,60] - [f0f0e7dc-0599-4db0-a1ab-e2ffad81e1c5_config-0] Register server push request handler:com.alibaba.nacos.common.remote.client.RpcClient$$Lambda$475/0x000000080103e0e8
08:57:23.539 [main] INFO  c.a.n.c.r.client - [lambda$createClient$0,80] - [RpcClientFactory] create a new rpc client of cd418c72-f775-4444-927b-a60e58c90411
08:57:23.539 [main] INFO  c.a.n.c.r.client - [printIfInfoEnabled,60] - [cd418c72-f775-4444-927b-a60e58c90411] RpcClient init label, labels = {module=naming, source=sdk}
08:57:23.541 [main] INFO  c.a.n.c.r.client - [printIfInfoEnabled,60] - [cd418c72-f775-4444-927b-a60e58c90411] RpcClient init, ServerListFactory = com.alibaba.nacos.client.naming.core.ServerListManager
08:57:23.541 [main] INFO  c.a.n.c.r.client - [printIfInfoEnabled,60] - [cd418c72-f775-4444-927b-a60e58c90411] Registry connection listener to current client:com.alibaba.nacos.client.naming.remote.gprc.redo.NamingGrpcRedoService
08:57:23.541 [main] INFO  c.a.n.c.r.client - [printIfInfoEnabled,60] - [cd418c72-f775-4444-927b-a60e58c90411] Register server push request handler:com.alibaba.nacos.client.naming.remote.gprc.NamingPushRequestHandler
08:57:23.542 [main] INFO  c.a.n.c.r.client - [printIfInfoEnabled,60] - [cd418c72-f775-4444-927b-a60e58c90411] Try to connect to server on start up, server: {serverIp = '127.0.0.1', server main port = 8848}
08:57:23.680 [main] INFO  c.a.n.c.r.client - [printIfInfoEnabled,60] - [cd418c72-f775-4444-927b-a60e58c90411] Success to connect to server [127.0.0.1:8848] on start up, connectionId = 1682470643556_127.0.0.1_62541
08:57:23.680 [main] INFO  c.a.n.c.r.client - [printIfInfoEnabled,60] - [cd418c72-f775-4444-927b-a60e58c90411] Register server push request handler:com.alibaba.nacos.common.remote.client.RpcClient$ConnectResetRequestHandler
08:57:23.680 [com.alibaba.nacos.client.remote.worker] INFO  c.a.n.c.r.client - [printIfInfoEnabled,60] - [cd418c72-f775-4444-927b-a60e58c90411] Notify connected event to listeners.
08:57:23.680 [main] INFO  c.a.n.c.r.client - [printIfInfoEnabled,60] - [cd418c72-f775-4444-927b-a60e58c90411] Register server push request handler:com.alibaba.nacos.common.remote.client.RpcClient$$Lambda$475/0x000000080103e0e8
08:57:23.807 [main] INFO  c.a.c.n.r.NacosServiceRegistry - [register,75] - nacos registry, DEFAULT_GROUP cms-gateway 172.20.10.2:8080 register finished
08:57:23.870 [main] INFO  c.c.g.RuoYiGatewayApplication - [logStarted,61] - Started RuoYiGatewayApplication in 8.279 seconds (JVM running for 9.565)
08:57:23.876 [main] INFO  c.a.c.n.r.NacosContextRefresher - [registerNacosListener,129] - [Nacos Config] Listening config: dataId=cms-gateway, group=DEFAULT_GROUP
08:57:23.876 [main] INFO  c.a.c.n.r.NacosContextRefresher - [registerNacosListener,129] - [Nacos Config] Listening config: dataId=cms-gateway.yml, group=DEFAULT_GROUP
08:57:23.877 [main] INFO  c.a.c.n.r.NacosContextRefresher - [registerNacosListener,129] - [Nacos Config] Listening config: dataId=cms-gateway-dev.yml, group=DEFAULT_GROUP
08:57:24.226 [nacos-grpc-client-executor-57] INFO  c.a.n.c.r.client - [printIfInfoEnabled,60] - [cd418c72-f775-4444-927b-a60e58c90411] Receive server push request, request = NotifySubscriberRequest, requestId = 527
08:57:24.230 [nacos-grpc-client-executor-57] INFO  c.a.n.c.r.client - [printIfInfoEnabled,60] - [cd418c72-f775-4444-927b-a60e58c90411] Ack server push request, request = NotifySubscriberRequest, requestId = 527
08:57:24.303 [nacos-grpc-client-executor-58] INFO  c.a.n.c.r.client - [printIfInfoEnabled,60] - [cd418c72-f775-4444-927b-a60e58c90411] Receive server push request, request = NotifySubscriberRequest, requestId = 528
08:57:24.304 [nacos-grpc-client-executor-58] INFO  c.a.n.c.r.client - [printIfInfoEnabled,60] - [cd418c72-f775-4444-927b-a60e58c90411] Ack server push request, request = NotifySubscriberRequest, requestId = 528
08:57:24.306 [nacos-grpc-client-executor-59] INFO  c.a.n.c.r.client - [printIfInfoEnabled,60] - [cd418c72-f775-4444-927b-a60e58c90411] Receive server push request, request = NotifySubscriberRequest, requestId = 529
08:57:24.306 [nacos-grpc-client-executor-59] INFO  c.a.n.c.r.client - [printIfInfoEnabled,60] - [cd418c72-f775-4444-927b-a60e58c90411] Ack server push request, request = NotifySubscriberRequest, requestId = 529
08:57:24.308 [nacos-grpc-client-executor-60] INFO  c.a.n.c.r.client - [printIfInfoEnabled,60] - [cd418c72-f775-4444-927b-a60e58c90411] Receive server push request, request = NotifySubscriberRequest, requestId = 532
08:57:24.308 [nacos-grpc-client-executor-60] INFO  c.a.n.c.r.client - [printIfInfoEnabled,60] - [cd418c72-f775-4444-927b-a60e58c90411] Ack server push request, request = NotifySubscriberRequest, requestId = 532
08:57:24.310 [nacos-grpc-client-executor-61] INFO  c.a.n.c.r.client - [printIfInfoEnabled,60] - [cd418c72-f775-4444-927b-a60e58c90411] Receive server push request, request = NotifySubscriberRequest, requestId = 530
08:57:24.311 [nacos-grpc-client-executor-61] INFO  c.a.n.c.r.client - [printIfInfoEnabled,60] - [cd418c72-f775-4444-927b-a60e58c90411] Ack server push request, request = NotifySubscriberRequest, requestId = 530
08:57:24.313 [nacos-grpc-client-executor-62] INFO  c.a.n.c.r.client - [printIfInfoEnabled,60] - [cd418c72-f775-4444-927b-a60e58c90411] Receive server push request, request = NotifySubscriberRequest, requestId = 531
08:57:24.313 [nacos-grpc-client-executor-62] INFO  c.a.n.c.r.client - [printIfInfoEnabled,60] - [cd418c72-f775-4444-927b-a60e58c90411] Ack server push request, request = NotifySubscriberRequest, requestId = 531
08:57:24.315 [nacos-grpc-client-executor-63] INFO  c.a.n.c.r.client - [printIfInfoEnabled,60] - [cd418c72-f775-4444-927b-a60e58c90411] Receive server push request, request = NotifySubscriberRequest, requestId = 533
08:57:24.316 [nacos-grpc-client-executor-63] INFO  c.a.n.c.r.client - [printIfInfoEnabled,60] - [cd418c72-f775-4444-927b-a60e58c90411] Ack server push request, request = NotifySubscriberRequest, requestId = 533
08:57:29.303 [nacos-grpc-client-executor-28] INFO  c.a.n.c.r.client - [printIfInfoEnabled,60] - [cd418c72-f775-4444-927b-a60e58c90411] Receive server push request, request = NotifySubscriberRequest, requestId = 534
08:57:29.309 [nacos-grpc-client-executor-28] INFO  c.a.n.c.r.client - [printIfInfoEnabled,60] - [cd418c72-f775-4444-927b-a60e58c90411] Ack server push request, request = NotifySubscriberRequest, requestId = 534
08:57:49.310 [nacos-grpc-client-executor-79] INFO  c.a.n.c.r.client - [printIfInfoEnabled,60] - [cd418c72-f775-4444-927b-a60e58c90411] Receive server push request, request = NotifySubscriberRequest, requestId = 538
08:57:49.312 [nacos-grpc-client-executor-79] INFO  c.a.n.c.r.client - [printIfInfoEnabled,60] - [cd418c72-f775-4444-927b-a60e58c90411] Ack server push request, request = NotifySubscriberRequest, requestId = 538
08:57:49.315 [nacos-grpc-client-executor-80] INFO  c.a.n.c.r.client - [printIfInfoEnabled,60] - [cd418c72-f775-4444-927b-a60e58c90411] Receive server push request, request = NotifySubscriberRequest, requestId = 539
08:57:49.316 [nacos-grpc-client-executor-80] INFO  c.a.n.c.r.client - [printIfInfoEnabled,60] - [cd418c72-f775-4444-927b-a60e58c90411] Ack server push request, request = NotifySubscriberRequest, requestId = 539
08:57:57.300 [nacos-grpc-client-executor-89] INFO  c.a.n.c.r.client - [printIfInfoEnabled,60] - [cd418c72-f775-4444-927b-a60e58c90411] Receive server push request, request = NotifySubscriberRequest, requestId = 548
08:57:57.302 [nacos-grpc-client-executor-89] INFO  c.a.n.c.r.client - [printIfInfoEnabled,60] - [cd418c72-f775-4444-927b-a60e58c90411] Ack server push request, request = NotifySubscriberRequest, requestId = 548
09:12:15.934 [nacos-grpc-client-executor-507] INFO  c.a.n.c.r.client - [printIfInfoEnabled,60] - [cd418c72-f775-4444-927b-a60e58c90411] Receive server push request, request = NotifySubscriberRequest, requestId = 551
09:12:15.939 [nacos-grpc-client-executor-507] INFO  c.a.n.c.r.client - [printIfInfoEnabled,60] - [cd418c72-f775-4444-927b-a60e58c90411] Ack server push request, request = NotifySubscriberRequest, requestId = 551
09:14:32.908 [nacos-grpc-client-executor-573] INFO  c.a.n.c.r.client - [printIfInfoEnabled,60] - [cd418c72-f775-4444-927b-a60e58c90411] Receive server push request, request = NotifySubscriberRequest, requestId = 554
09:14:32.916 [nacos-grpc-client-executor-573] INFO  c.a.n.c.r.client - [printIfInfoEnabled,60] - [cd418c72-f775-4444-927b-a60e58c90411] Ack server push request, request = NotifySubscriberRequest, requestId = 554
09:14:45.488 [nacos-grpc-client-executor-576] INFO  c.a.n.c.r.client - [printIfInfoEnabled,60] - [cd418c72-f775-4444-927b-a60e58c90411] Receive server push request, request = NotifySubscriberRequest, requestId = 556
09:14:45.490 [nacos-grpc-client-executor-576] INFO  c.a.n.c.r.client - [printIfInfoEnabled,60] - [cd418c72-f775-4444-927b-a60e58c90411] Ack server push request, request = NotifySubscriberRequest, requestId = 556
09:15:14.943 [nacos-grpc-client-executor-590] INFO  c.a.n.c.r.client - [printIfInfoEnabled,60] - [cd418c72-f775-4444-927b-a60e58c90411] Receive server push request, request = NotifySubscriberRequest, requestId = 559
09:15:14.945 [nacos-grpc-client-executor-590] INFO  c.a.n.c.r.client - [printIfInfoEnabled,60] - [cd418c72-f775-4444-927b-a60e58c90411] Ack server push request, request = NotifySubscriberRequest, requestId = 559
09:15:28.492 [nacos-grpc-client-executor-600] INFO  c.a.n.c.r.client - [printIfInfoEnabled,60] - [cd418c72-f775-4444-927b-a60e58c90411] Receive server push request, request = NotifySubscriberRequest, requestId = 562
09:15:28.493 [nacos-grpc-client-executor-600] INFO  c.a.n.c.r.client - [printIfInfoEnabled,60] - [cd418c72-f775-4444-927b-a60e58c90411] Ack server push request, request = NotifySubscriberRequest, requestId = 562
09:15:41.525 [SpringApplicationShutdownHook] INFO  c.a.c.n.r.NacosServiceRegistry - [deregister,94] - De-registering from Nacos Server now...
09:15:41.528 [SpringApplicationShutdownHook] INFO  c.a.c.n.r.NacosServiceRegistry - [deregister,114] - De-registration finished.
09:15:41.848 [SpringApplicationShutdownHook] INFO  c.a.n.c.r.client - [shutdown,454] - Shutdown rpc client, set status to shutdown
09:15:41.848 [SpringApplicationShutdownHook] INFO  c.a.n.c.r.client - [shutdown,456] - Shutdown client event executor java.util.concurrent.ScheduledThreadPoolExecutor@527d67ea[Running, pool size = 2, active threads = 2, queued tasks = 0, completed tasks = 0]
09:15:41.848 [SpringApplicationShutdownHook] INFO  c.a.n.c.r.client - [closeConnection,591] - Close current connection 1682470643556_127.0.0.1_62541
09:15:41.850 [nacos-grpc-client-executor-606] INFO  c.a.n.c.r.c.g.GrpcClient - [printIfInfoEnabled,60] - [1682470643556_127.0.0.1_62541]Ignore complete event,isRunning:false,isAbandon=false
09:15:41.857 [SpringApplicationShutdownHook] INFO  c.a.n.c.r.c.g.GrpcClient - [shutdown,85] - Shutdown grpc executor java.util.concurrent.ThreadPoolExecutor@10100833[Running, pool size = 4, active threads = 0, queued tasks = 0, completed tasks = 646]
09:15:47.592 [background-preinit] INFO  o.h.v.i.util.Version - [<clinit>,21] - HV000001: Hibernate Validator 6.2.5.Final
09:15:48.181 [main] INFO  c.a.n.c.r.client - [lambda$createClient$0,80] - [RpcClientFactory] create a new rpc client of af3f3c5a-6171-4e52-af15-d0dc09c1a368_config-0
09:15:48.229 [main] INFO  o.r.Reflections - [scan,232] - Reflections took 28 ms to scan 1 urls, producing 3 keys and 6 values 
09:15:48.260 [main] INFO  o.r.Reflections - [scan,232] - Reflections took 13 ms to scan 1 urls, producing 4 keys and 9 values 
09:15:48.275 [main] INFO  o.r.Reflections - [scan,232] - Reflections took 12 ms to scan 1 urls, producing 3 keys and 10 values 
09:15:48.289 [main] INFO  o.r.Reflections - [scan,232] - Reflections took 11 ms to scan 1 urls, producing 1 keys and 5 values 
09:15:48.303 [main] INFO  o.r.Reflections - [scan,232] - Reflections took 11 ms to scan 1 urls, producing 1 keys and 7 values 
09:15:48.320 [main] INFO  o.r.Reflections - [scan,232] - Reflections took 15 ms to scan 1 urls, producing 2 keys and 8 values 
09:15:48.323 [main] INFO  c.a.n.c.r.client - [printIfInfoEnabled,60] - [af3f3c5a-6171-4e52-af15-d0dc09c1a368_config-0] RpcClient init label, labels = {module=config, Vipserver-Tag=null, source=sdk, Amory-Tag=null, Location-Tag=null, taskId=0, AppName=unknown}
09:15:48.323 [main] INFO  c.a.n.c.r.client - [printIfInfoEnabled,60] - [af3f3c5a-6171-4e52-af15-d0dc09c1a368_config-0] Register server push request handler:com.alibaba.nacos.client.config.impl.ClientWorker$ConfigRpcTransportClient$$Lambda$463/0x0000000800f2cea8
09:15:48.324 [main] INFO  c.a.n.c.r.client - [printIfInfoEnabled,60] - [af3f3c5a-6171-4e52-af15-d0dc09c1a368_config-0] Register server push request handler:com.alibaba.nacos.client.config.impl.ClientWorker$ConfigRpcTransportClient$$Lambda$464/0x0000000800f2d0d0
09:15:48.324 [main] INFO  c.a.n.c.r.client - [printIfInfoEnabled,60] - [af3f3c5a-6171-4e52-af15-d0dc09c1a368_config-0] Registry connection listener to current client:com.alibaba.nacos.client.config.impl.ClientWorker$ConfigRpcTransportClient$1
09:15:48.324 [main] INFO  c.a.n.c.r.client - [printIfInfoEnabled,60] - [af3f3c5a-6171-4e52-af15-d0dc09c1a368_config-0] RpcClient init, ServerListFactory = com.alibaba.nacos.client.config.impl.ClientWorker$ConfigRpcTransportClient$2
09:15:48.332 [main] INFO  c.a.n.c.r.client - [printIfInfoEnabled,60] - [af3f3c5a-6171-4e52-af15-d0dc09c1a368_config-0] Try to connect to server on start up, server: {serverIp = '127.0.0.1', server main port = 8848}
09:15:48.910 [main] INFO  c.a.n.c.r.client - [printIfInfoEnabled,60] - [af3f3c5a-6171-4e52-af15-d0dc09c1a368_config-0] Success to connect to server [127.0.0.1:8848] on start up, connectionId = 1682471748723_127.0.0.1_64148
09:15:48.911 [com.alibaba.nacos.client.remote.worker] INFO  c.a.n.c.r.client - [printIfInfoEnabled,60] - [af3f3c5a-6171-4e52-af15-d0dc09c1a368_config-0] Notify connected event to listeners.
09:15:48.911 [main] INFO  c.a.n.c.r.client - [printIfInfoEnabled,60] - [af3f3c5a-6171-4e52-af15-d0dc09c1a368_config-0] Register server push request handler:com.alibaba.nacos.common.remote.client.RpcClient$ConnectResetRequestHandler
09:15:48.912 [main] INFO  c.a.n.c.r.client - [printIfInfoEnabled,60] - [af3f3c5a-6171-4e52-af15-d0dc09c1a368_config-0] Register server push request handler:com.alibaba.nacos.common.remote.client.RpcClient$$Lambda$475/0x000000080102d7d8
09:15:48.995 [main] INFO  c.c.g.RuoYiGatewayApplication - [logStartupProfileInfo,637] - The following 1 profile is active: "dev"
09:15:51.310 [main] INFO  c.a.c.s.g.s.SentinelSCGAutoConfiguration - [sentinelGatewayFilter,144] - [Sentinel SpringCloudGateway] register SentinelGatewayFilter with order: -2147483648
09:15:51.800 [main] INFO  c.a.c.s.g.s.SentinelSCGAutoConfiguration - [sentinelGatewayBlockExceptionHandler,134] - [Sentinel SpringCloudGateway] register SentinelGatewayBlockExceptionHandler
09:15:52.223 [main] INFO  c.a.n.c.r.client - [lambda$createClient$0,80] - [RpcClientFactory] create a new rpc client of baddc443-ea8d-4e21-bd13-c6e3ddc34cec_config-0
09:15:52.223 [main] INFO  c.a.n.c.r.client - [printIfInfoEnabled,60] - [baddc443-ea8d-4e21-bd13-c6e3ddc34cec_config-0] RpcClient init label, labels = {module=config, Vipserver-Tag=null, source=sdk, Amory-Tag=null, Location-Tag=null, taskId=0, AppName=unknown}
09:15:52.223 [main] INFO  c.a.n.c.r.client - [printIfInfoEnabled,60] - [baddc443-ea8d-4e21-bd13-c6e3ddc34cec_config-0] Register server push request handler:com.alibaba.nacos.client.config.impl.ClientWorker$ConfigRpcTransportClient$$Lambda$463/0x0000000800f2cea8
09:15:52.223 [main] INFO  c.a.n.c.r.client - [printIfInfoEnabled,60] - [baddc443-ea8d-4e21-bd13-c6e3ddc34cec_config-0] Register server push request handler:com.alibaba.nacos.client.config.impl.ClientWorker$ConfigRpcTransportClient$$Lambda$464/0x0000000800f2d0d0
09:15:52.224 [main] INFO  c.a.n.c.r.client - [printIfInfoEnabled,60] - [baddc443-ea8d-4e21-bd13-c6e3ddc34cec_config-0] Registry connection listener to current client:com.alibaba.nacos.client.config.impl.ClientWorker$ConfigRpcTransportClient$1
09:15:52.224 [main] INFO  c.a.n.c.r.client - [printIfInfoEnabled,60] - [baddc443-ea8d-4e21-bd13-c6e3ddc34cec_config-0] RpcClient init, ServerListFactory = com.alibaba.nacos.client.config.impl.ClientWorker$ConfigRpcTransportClient$2
09:15:52.224 [main] INFO  c.a.n.c.r.client - [printIfInfoEnabled,60] - [baddc443-ea8d-4e21-bd13-c6e3ddc34cec_config-0] Try to connect to server on start up, server: {serverIp = '127.0.0.1', server main port = 8848}
09:15:52.352 [main] INFO  c.a.n.c.r.client - [printIfInfoEnabled,60] - [baddc443-ea8d-4e21-bd13-c6e3ddc34cec_config-0] Success to connect to server [127.0.0.1:8848] on start up, connectionId = 1682471752237_127.0.0.1_64151
09:15:52.353 [main] INFO  c.a.n.c.r.client - [printIfInfoEnabled,60] - [baddc443-ea8d-4e21-bd13-c6e3ddc34cec_config-0] Register server push request handler:com.alibaba.nacos.common.remote.client.RpcClient$ConnectResetRequestHandler
09:15:52.353 [com.alibaba.nacos.client.remote.worker] INFO  c.a.n.c.r.client - [printIfInfoEnabled,60] - [baddc443-ea8d-4e21-bd13-c6e3ddc34cec_config-0] Notify connected event to listeners.
09:15:52.353 [main] INFO  c.a.n.c.r.client - [printIfInfoEnabled,60] - [baddc443-ea8d-4e21-bd13-c6e3ddc34cec_config-0] Register server push request handler:com.alibaba.nacos.common.remote.client.RpcClient$$Lambda$475/0x000000080102d7d8
09:15:52.466 [main] INFO  c.a.n.c.r.client - [lambda$createClient$0,80] - [RpcClientFactory] create a new rpc client of 2c7cddff-0216-4107-b38d-cfbbfec27ae3
09:15:52.466 [main] INFO  c.a.n.c.r.client - [printIfInfoEnabled,60] - [2c7cddff-0216-4107-b38d-cfbbfec27ae3] RpcClient init label, labels = {module=naming, source=sdk}
09:15:52.469 [main] INFO  c.a.n.c.r.client - [printIfInfoEnabled,60] - [2c7cddff-0216-4107-b38d-cfbbfec27ae3] RpcClient init, ServerListFactory = com.alibaba.nacos.client.naming.core.ServerListManager
09:15:52.469 [main] INFO  c.a.n.c.r.client - [printIfInfoEnabled,60] - [2c7cddff-0216-4107-b38d-cfbbfec27ae3] Registry connection listener to current client:com.alibaba.nacos.client.naming.remote.gprc.redo.NamingGrpcRedoService
09:15:52.469 [main] INFO  c.a.n.c.r.client - [printIfInfoEnabled,60] - [2c7cddff-0216-4107-b38d-cfbbfec27ae3] Register server push request handler:com.alibaba.nacos.client.naming.remote.gprc.NamingPushRequestHandler
09:15:52.471 [main] INFO  c.a.n.c.r.client - [printIfInfoEnabled,60] - [2c7cddff-0216-4107-b38d-cfbbfec27ae3] Try to connect to server on start up, server: {serverIp = '127.0.0.1', server main port = 8848}
09:15:52.644 [main] INFO  c.a.n.c.r.client - [printIfInfoEnabled,60] - [2c7cddff-0216-4107-b38d-cfbbfec27ae3] Success to connect to server [127.0.0.1:8848] on start up, connectionId = 1682471752521_127.0.0.1_64152
09:15:52.644 [main] INFO  c.a.n.c.r.client - [printIfInfoEnabled,60] - [2c7cddff-0216-4107-b38d-cfbbfec27ae3] Register server push request handler:com.alibaba.nacos.common.remote.client.RpcClient$ConnectResetRequestHandler
09:15:52.644 [com.alibaba.nacos.client.remote.worker] INFO  c.a.n.c.r.client - [printIfInfoEnabled,60] - [2c7cddff-0216-4107-b38d-cfbbfec27ae3] Notify connected event to listeners.
09:15:52.644 [main] INFO  c.a.n.c.r.client - [printIfInfoEnabled,60] - [2c7cddff-0216-4107-b38d-cfbbfec27ae3] Register server push request handler:com.alibaba.nacos.common.remote.client.RpcClient$$Lambda$475/0x000000080102d7d8
09:15:52.764 [main] INFO  c.a.c.n.r.NacosServiceRegistry - [register,75] - nacos registry, DEFAULT_GROUP cms-gateway 172.20.10.2:8080 register finished
09:15:52.802 [main] INFO  c.c.g.RuoYiGatewayApplication - [logStarted,61] - Started RuoYiGatewayApplication in 5.638 seconds (JVM running for 6.383)
09:15:52.807 [main] INFO  c.a.c.n.r.NacosContextRefresher - [registerNacosListener,129] - [Nacos Config] Listening config: dataId=cms-gateway, group=DEFAULT_GROUP
09:15:52.808 [main] INFO  c.a.c.n.r.NacosContextRefresher - [registerNacosListener,129] - [Nacos Config] Listening config: dataId=cms-gateway.yml, group=DEFAULT_GROUP
09:15:52.808 [main] INFO  c.a.c.n.r.NacosContextRefresher - [registerNacosListener,129] - [Nacos Config] Listening config: dataId=cms-gateway-dev.yml, group=DEFAULT_GROUP
09:15:53.261 [nacos-grpc-client-executor-51] INFO  c.a.n.c.r.client - [printIfInfoEnabled,60] - [2c7cddff-0216-4107-b38d-cfbbfec27ae3] Receive server push request, request = NotifySubscriberRequest, requestId = 567
09:15:53.264 [nacos-grpc-client-executor-51] INFO  c.a.n.c.r.client - [printIfInfoEnabled,60] - [2c7cddff-0216-4107-b38d-cfbbfec27ae3] Ack server push request, request = NotifySubscriberRequest, requestId = 567
09:15:53.267 [nacos-grpc-client-executor-52] INFO  c.a.n.c.r.client - [printIfInfoEnabled,60] - [2c7cddff-0216-4107-b38d-cfbbfec27ae3] Receive server push request, request = NotifySubscriberRequest, requestId = 569
09:15:53.268 [nacos-grpc-client-executor-52] INFO  c.a.n.c.r.client - [printIfInfoEnabled,60] - [2c7cddff-0216-4107-b38d-cfbbfec27ae3] Ack server push request, request = NotifySubscriberRequest, requestId = 569
09:15:53.270 [nacos-grpc-client-executor-53] INFO  c.a.n.c.r.client - [printIfInfoEnabled,60] - [2c7cddff-0216-4107-b38d-cfbbfec27ae3] Receive server push request, request = NotifySubscriberRequest, requestId = 570
09:15:53.271 [nacos-grpc-client-executor-53] INFO  c.a.n.c.r.client - [printIfInfoEnabled,60] - [2c7cddff-0216-4107-b38d-cfbbfec27ae3] Ack server push request, request = NotifySubscriberRequest, requestId = 570
09:15:53.347 [nacos-grpc-client-executor-54] INFO  c.a.n.c.r.client - [printIfInfoEnabled,60] - [2c7cddff-0216-4107-b38d-cfbbfec27ae3] Receive server push request, request = NotifySubscriberRequest, requestId = 572
09:15:53.348 [nacos-grpc-client-executor-54] INFO  c.a.n.c.r.client - [printIfInfoEnabled,60] - [2c7cddff-0216-4107-b38d-cfbbfec27ae3] Ack server push request, request = NotifySubscriberRequest, requestId = 572
09:15:53.350 [nacos-grpc-client-executor-55] INFO  c.a.n.c.r.client - [printIfInfoEnabled,60] - [2c7cddff-0216-4107-b38d-cfbbfec27ae3] Receive server push request, request = NotifySubscriberRequest, requestId = 573
09:15:53.351 [nacos-grpc-client-executor-55] INFO  c.a.n.c.r.client - [printIfInfoEnabled,60] - [2c7cddff-0216-4107-b38d-cfbbfec27ae3] Ack server push request, request = NotifySubscriberRequest, requestId = 573
09:15:53.353 [nacos-grpc-client-executor-56] INFO  c.a.n.c.r.client - [printIfInfoEnabled,60] - [2c7cddff-0216-4107-b38d-cfbbfec27ae3] Receive server push request, request = NotifySubscriberRequest, requestId = 571
09:15:53.353 [nacos-grpc-client-executor-56] INFO  c.a.n.c.r.client - [printIfInfoEnabled,60] - [2c7cddff-0216-4107-b38d-cfbbfec27ae3] Ack server push request, request = NotifySubscriberRequest, requestId = 571
09:15:53.355 [nacos-grpc-client-executor-57] INFO  c.a.n.c.r.client - [printIfInfoEnabled,60] - [2c7cddff-0216-4107-b38d-cfbbfec27ae3] Receive server push request, request = NotifySubscriberRequest, requestId = 574
09:15:53.355 [nacos-grpc-client-executor-57] INFO  c.a.n.c.r.client - [printIfInfoEnabled,60] - [2c7cddff-0216-4107-b38d-cfbbfec27ae3] Ack server push request, request = NotifySubscriberRequest, requestId = 574
09:15:56.011 [nacos-grpc-client-executor-10] INFO  c.a.n.c.r.client - [printIfInfoEnabled,60] - [2c7cddff-0216-4107-b38d-cfbbfec27ae3] Receive server push request, request = NotifySubscriberRequest, requestId = 575
09:15:56.013 [nacos-grpc-client-executor-10] INFO  c.a.n.c.r.client - [printIfInfoEnabled,60] - [2c7cddff-0216-4107-b38d-cfbbfec27ae3] Ack server push request, request = NotifySubscriberRequest, requestId = 575
09:16:10.078 [nacos-grpc-client-executor-66] INFO  c.a.n.c.r.client - [printIfInfoEnabled,60] - [2c7cddff-0216-4107-b38d-cfbbfec27ae3] Receive server push request, request = NotifySubscriberRequest, requestId = 577
09:16:10.079 [nacos-grpc-client-executor-66] INFO  c.a.n.c.r.client - [printIfInfoEnabled,60] - [2c7cddff-0216-4107-b38d-cfbbfec27ae3] Ack server push request, request = NotifySubscriberRequest, requestId = 577
09:16:15.097 [nacos-grpc-client-executor-67] INFO  c.a.n.c.r.client - [printIfInfoEnabled,60] - [2c7cddff-0216-4107-b38d-cfbbfec27ae3] Receive server push request, request = NotifySubscriberRequest, requestId = 579
09:16:15.099 [nacos-grpc-client-executor-67] INFO  c.a.n.c.r.client - [printIfInfoEnabled,60] - [2c7cddff-0216-4107-b38d-cfbbfec27ae3] Ack server push request, request = NotifySubscriberRequest, requestId = 579
09:16:19.531 [nacos-grpc-client-executor-70] INFO  c.a.n.c.r.client - [printIfInfoEnabled,60] - [2c7cddff-0216-4107-b38d-cfbbfec27ae3] Receive server push request, request = NotifySubscriberRequest, requestId = 582
09:16:19.532 [nacos-grpc-client-executor-70] INFO  c.a.n.c.r.client - [printIfInfoEnabled,60] - [2c7cddff-0216-4107-b38d-cfbbfec27ae3] Ack server push request, request = NotifySubscriberRequest, requestId = 582
09:16:39.264 [SpringApplicationShutdownHook] INFO  c.a.c.n.r.NacosServiceRegistry - [deregister,94] - De-registering from Nacos Server now...
09:16:39.267 [SpringApplicationShutdownHook] INFO  c.a.c.n.r.NacosServiceRegistry - [deregister,114] - De-registration finished.
09:16:39.589 [SpringApplicationShutdownHook] INFO  c.a.n.c.r.client - [shutdown,454] - Shutdown rpc client, set status to shutdown
09:16:39.589 [SpringApplicationShutdownHook] INFO  c.a.n.c.r.client - [shutdown,456] - Shutdown client event executor java.util.concurrent.ScheduledThreadPoolExecutor@65429525[Running, pool size = 2, active threads = 2, queued tasks = 0, completed tasks = 0]
09:16:39.589 [SpringApplicationShutdownHook] INFO  c.a.n.c.r.client - [closeConnection,591] - Close current connection 1682471752521_127.0.0.1_64152
09:16:39.593 [nacos-grpc-client-executor-84] INFO  c.a.n.c.r.c.g.GrpcClient - [printIfInfoEnabled,60] - [1682471752521_127.0.0.1_64152]Ignore complete event,isRunning:false,isAbandon=false
09:16:39.595 [SpringApplicationShutdownHook] INFO  c.a.n.c.r.c.g.GrpcClient - [shutdown,85] - Shutdown grpc executor java.util.concurrent.ThreadPoolExecutor@79f67014[Running, pool size = 7, active threads = 0, queued tasks = 0, completed tasks = 100]
09:18:11.717 [background-preinit] INFO  o.h.v.i.util.Version - [<clinit>,21] - HV000001: Hibernate Validator 6.2.5.Final
09:18:12.186 [main] INFO  c.a.n.c.r.client - [lambda$createClient$0,80] - [RpcClientFactory] create a new rpc client of 3d6d7fbe-591c-4218-9e48-f8612a8e2926_config-0
09:18:12.232 [main] INFO  o.r.Reflections - [scan,232] - Reflections took 30 ms to scan 1 urls, producing 3 keys and 6 values 
09:18:12.259 [main] INFO  o.r.Reflections - [scan,232] - Reflections took 16 ms to scan 1 urls, producing 4 keys and 9 values 
09:18:12.274 [main] INFO  o.r.Reflections - [scan,232] - Reflections took 12 ms to scan 1 urls, producing 3 keys and 10 values 
09:18:12.291 [main] INFO  o.r.Reflections - [scan,232] - Reflections took 13 ms to scan 1 urls, producing 1 keys and 5 values 
09:18:12.308 [main] INFO  o.r.Reflections - [scan,232] - Reflections took 14 ms to scan 1 urls, producing 1 keys and 7 values 
09:18:12.326 [main] INFO  o.r.Reflections - [scan,232] - Reflections took 13 ms to scan 1 urls, producing 2 keys and 8 values 
09:18:12.329 [main] INFO  c.a.n.c.r.client - [printIfInfoEnabled,60] - [3d6d7fbe-591c-4218-9e48-f8612a8e2926_config-0] RpcClient init label, labels = {module=config, Vipserver-Tag=null, source=sdk, Amory-Tag=null, Location-Tag=null, taskId=0, AppName=unknown}
09:18:12.329 [main] INFO  c.a.n.c.r.client - [printIfInfoEnabled,60] - [3d6d7fbe-591c-4218-9e48-f8612a8e2926_config-0] Register server push request handler:com.alibaba.nacos.client.config.impl.ClientWorker$ConfigRpcTransportClient$$Lambda$463/0x0000000800f2c710
09:18:12.330 [main] INFO  c.a.n.c.r.client - [printIfInfoEnabled,60] - [3d6d7fbe-591c-4218-9e48-f8612a8e2926_config-0] Register server push request handler:com.alibaba.nacos.client.config.impl.ClientWorker$ConfigRpcTransportClient$$Lambda$464/0x0000000800f2c938
09:18:12.330 [main] INFO  c.a.n.c.r.client - [printIfInfoEnabled,60] - [3d6d7fbe-591c-4218-9e48-f8612a8e2926_config-0] Registry connection listener to current client:com.alibaba.nacos.client.config.impl.ClientWorker$ConfigRpcTransportClient$1
09:18:12.331 [main] INFO  c.a.n.c.r.client - [printIfInfoEnabled,60] - [3d6d7fbe-591c-4218-9e48-f8612a8e2926_config-0] RpcClient init, ServerListFactory = com.alibaba.nacos.client.config.impl.ClientWorker$ConfigRpcTransportClient$2
09:18:12.338 [main] INFO  c.a.n.c.r.client - [printIfInfoEnabled,60] - [3d6d7fbe-591c-4218-9e48-f8612a8e2926_config-0] Try to connect to server on start up, server: {serverIp = '127.0.0.1', server main port = 8848}
09:18:12.818 [main] INFO  c.a.n.c.r.client - [printIfInfoEnabled,60] - [3d6d7fbe-591c-4218-9e48-f8612a8e2926_config-0] Success to connect to server [127.0.0.1:8848] on start up, connectionId = 1682471892635_127.0.0.1_64361
09:18:12.819 [com.alibaba.nacos.client.remote.worker] INFO  c.a.n.c.r.client - [printIfInfoEnabled,60] - [3d6d7fbe-591c-4218-9e48-f8612a8e2926_config-0] Notify connected event to listeners.
09:18:12.820 [main] INFO  c.a.n.c.r.client - [printIfInfoEnabled,60] - [3d6d7fbe-591c-4218-9e48-f8612a8e2926_config-0] Register server push request handler:com.alibaba.nacos.common.remote.client.RpcClient$ConnectResetRequestHandler
09:18:12.820 [main] INFO  c.a.n.c.r.client - [printIfInfoEnabled,60] - [3d6d7fbe-591c-4218-9e48-f8612a8e2926_config-0] Register server push request handler:com.alibaba.nacos.common.remote.client.RpcClient$$Lambda$475/0x000000080102d7d8
09:18:12.898 [main] INFO  c.c.g.RuoYiGatewayApplication - [logStartupProfileInfo,637] - The following 1 profile is active: "dev"
09:18:16.343 [main] INFO  c.a.c.s.g.s.SentinelSCGAutoConfiguration - [sentinelGatewayFilter,144] - [Sentinel SpringCloudGateway] register SentinelGatewayFilter with order: -2147483648
09:18:16.883 [main] INFO  c.a.c.s.g.s.SentinelSCGAutoConfiguration - [sentinelGatewayBlockExceptionHandler,134] - [Sentinel SpringCloudGateway] register SentinelGatewayBlockExceptionHandler
09:18:17.232 [main] INFO  c.a.n.c.r.client - [lambda$createClient$0,80] - [RpcClientFactory] create a new rpc client of e3144e21-b54c-4d02-bbab-b0916a8e7f1b_config-0
09:18:17.232 [main] INFO  c.a.n.c.r.client - [printIfInfoEnabled,60] - [e3144e21-b54c-4d02-bbab-b0916a8e7f1b_config-0] RpcClient init label, labels = {module=config, Vipserver-Tag=null, source=sdk, Amory-Tag=null, Location-Tag=null, taskId=0, AppName=unknown}
09:18:17.232 [main] INFO  c.a.n.c.r.client - [printIfInfoEnabled,60] - [e3144e21-b54c-4d02-bbab-b0916a8e7f1b_config-0] Register server push request handler:com.alibaba.nacos.client.config.impl.ClientWorker$ConfigRpcTransportClient$$Lambda$463/0x0000000800f2c710
09:18:17.232 [main] INFO  c.a.n.c.r.client - [printIfInfoEnabled,60] - [e3144e21-b54c-4d02-bbab-b0916a8e7f1b_config-0] Register server push request handler:com.alibaba.nacos.client.config.impl.ClientWorker$ConfigRpcTransportClient$$Lambda$464/0x0000000800f2c938
09:18:17.232 [main] INFO  c.a.n.c.r.client - [printIfInfoEnabled,60] - [e3144e21-b54c-4d02-bbab-b0916a8e7f1b_config-0] Registry connection listener to current client:com.alibaba.nacos.client.config.impl.ClientWorker$ConfigRpcTransportClient$1
09:18:17.233 [main] INFO  c.a.n.c.r.client - [printIfInfoEnabled,60] - [e3144e21-b54c-4d02-bbab-b0916a8e7f1b_config-0] RpcClient init, ServerListFactory = com.alibaba.nacos.client.config.impl.ClientWorker$ConfigRpcTransportClient$2
09:18:17.233 [main] INFO  c.a.n.c.r.client - [printIfInfoEnabled,60] - [e3144e21-b54c-4d02-bbab-b0916a8e7f1b_config-0] Try to connect to server on start up, server: {serverIp = '127.0.0.1', server main port = 8848}
09:18:17.363 [main] INFO  c.a.n.c.r.client - [printIfInfoEnabled,60] - [e3144e21-b54c-4d02-bbab-b0916a8e7f1b_config-0] Success to connect to server [127.0.0.1:8848] on start up, connectionId = 1682471897245_127.0.0.1_64371
09:18:17.364 [com.alibaba.nacos.client.remote.worker] INFO  c.a.n.c.r.client - [printIfInfoEnabled,60] - [e3144e21-b54c-4d02-bbab-b0916a8e7f1b_config-0] Notify connected event to listeners.
09:18:17.364 [main] INFO  c.a.n.c.r.client - [printIfInfoEnabled,60] - [e3144e21-b54c-4d02-bbab-b0916a8e7f1b_config-0] Register server push request handler:com.alibaba.nacos.common.remote.client.RpcClient$ConnectResetRequestHandler
09:18:17.364 [main] INFO  c.a.n.c.r.client - [printIfInfoEnabled,60] - [e3144e21-b54c-4d02-bbab-b0916a8e7f1b_config-0] Register server push request handler:com.alibaba.nacos.common.remote.client.RpcClient$$Lambda$475/0x000000080102d7d8
09:18:17.448 [main] INFO  c.a.n.c.r.client - [lambda$createClient$0,80] - [RpcClientFactory] create a new rpc client of e934c65b-5a60-4f50-892c-b78f2675b2c4
09:18:17.448 [main] INFO  c.a.n.c.r.client - [printIfInfoEnabled,60] - [e934c65b-5a60-4f50-892c-b78f2675b2c4] RpcClient init label, labels = {module=naming, source=sdk}
09:18:17.449 [main] INFO  c.a.n.c.r.client - [printIfInfoEnabled,60] - [e934c65b-5a60-4f50-892c-b78f2675b2c4] RpcClient init, ServerListFactory = com.alibaba.nacos.client.naming.core.ServerListManager
09:18:17.449 [main] INFO  c.a.n.c.r.client - [printIfInfoEnabled,60] - [e934c65b-5a60-4f50-892c-b78f2675b2c4] Registry connection listener to current client:com.alibaba.nacos.client.naming.remote.gprc.redo.NamingGrpcRedoService
09:18:17.450 [main] INFO  c.a.n.c.r.client - [printIfInfoEnabled,60] - [e934c65b-5a60-4f50-892c-b78f2675b2c4] Register server push request handler:com.alibaba.nacos.client.naming.remote.gprc.NamingPushRequestHandler
09:18:17.450 [main] INFO  c.a.n.c.r.client - [printIfInfoEnabled,60] - [e934c65b-5a60-4f50-892c-b78f2675b2c4] Try to connect to server on start up, server: {serverIp = '127.0.0.1', server main port = 8848}
09:18:17.580 [main] INFO  c.a.n.c.r.client - [printIfInfoEnabled,60] - [e934c65b-5a60-4f50-892c-b78f2675b2c4] Success to connect to server [127.0.0.1:8848] on start up, connectionId = 1682471897462_127.0.0.1_64372
09:18:17.580 [com.alibaba.nacos.client.remote.worker] INFO  c.a.n.c.r.client - [printIfInfoEnabled,60] - [e934c65b-5a60-4f50-892c-b78f2675b2c4] Notify connected event to listeners.
09:18:17.580 [main] INFO  c.a.n.c.r.client - [printIfInfoEnabled,60] - [e934c65b-5a60-4f50-892c-b78f2675b2c4] Register server push request handler:com.alibaba.nacos.common.remote.client.RpcClient$ConnectResetRequestHandler
09:18:17.580 [main] INFO  c.a.n.c.r.client - [printIfInfoEnabled,60] - [e934c65b-5a60-4f50-892c-b78f2675b2c4] Register server push request handler:com.alibaba.nacos.common.remote.client.RpcClient$$Lambda$475/0x000000080102d7d8
09:18:17.708 [main] INFO  c.a.c.n.r.NacosServiceRegistry - [register,75] - nacos registry, DEFAULT_GROUP cms-gateway 172.20.10.2:8080 register finished
09:18:17.757 [main] INFO  c.c.g.RuoYiGatewayApplication - [logStarted,61] - Started RuoYiGatewayApplication in 6.561 seconds (JVM running for 7.392)
09:18:17.764 [main] INFO  c.a.c.n.r.NacosContextRefresher - [registerNacosListener,129] - [Nacos Config] Listening config: dataId=cms-gateway, group=DEFAULT_GROUP
09:18:17.765 [main] INFO  c.a.c.n.r.NacosContextRefresher - [registerNacosListener,129] - [Nacos Config] Listening config: dataId=cms-gateway.yml, group=DEFAULT_GROUP
09:18:17.766 [main] INFO  c.a.c.n.r.NacosContextRefresher - [registerNacosListener,129] - [Nacos Config] Listening config: dataId=cms-gateway-dev.yml, group=DEFAULT_GROUP
09:18:18.139 [nacos-grpc-client-executor-56] INFO  c.a.n.c.r.client - [printIfInfoEnabled,60] - [e934c65b-5a60-4f50-892c-b78f2675b2c4] Receive server push request, request = NotifySubscriberRequest, requestId = 594
09:18:18.142 [nacos-grpc-client-executor-56] INFO  c.a.n.c.r.client - [printIfInfoEnabled,60] - [e934c65b-5a60-4f50-892c-b78f2675b2c4] Ack server push request, request = NotifySubscriberRequest, requestId = 594
09:18:18.259 [nacos-grpc-client-executor-57] INFO  c.a.n.c.r.client - [printIfInfoEnabled,60] - [e934c65b-5a60-4f50-892c-b78f2675b2c4] Receive server push request, request = NotifySubscriberRequest, requestId = 598
09:18:18.260 [nacos-grpc-client-executor-57] INFO  c.a.n.c.r.client - [printIfInfoEnabled,60] - [e934c65b-5a60-4f50-892c-b78f2675b2c4] Ack server push request, request = NotifySubscriberRequest, requestId = 598
09:18:18.365 [nacos-grpc-client-executor-58] INFO  c.a.n.c.r.client - [printIfInfoEnabled,60] - [e934c65b-5a60-4f50-892c-b78f2675b2c4] Receive server push request, request = NotifySubscriberRequest, requestId = 595
09:18:18.366 [nacos-grpc-client-executor-58] INFO  c.a.n.c.r.client - [printIfInfoEnabled,60] - [e934c65b-5a60-4f50-892c-b78f2675b2c4] Ack server push request, request = NotifySubscriberRequest, requestId = 595
09:18:18.369 [nacos-grpc-client-executor-59] INFO  c.a.n.c.r.client - [printIfInfoEnabled,60] - [e934c65b-5a60-4f50-892c-b78f2675b2c4] Receive server push request, request = NotifySubscriberRequest, requestId = 600
09:18:18.369 [nacos-grpc-client-executor-59] INFO  c.a.n.c.r.client - [printIfInfoEnabled,60] - [e934c65b-5a60-4f50-892c-b78f2675b2c4] Ack server push request, request = NotifySubscriberRequest, requestId = 600
09:18:18.372 [nacos-grpc-client-executor-60] INFO  c.a.n.c.r.client - [printIfInfoEnabled,60] - [e934c65b-5a60-4f50-892c-b78f2675b2c4] Receive server push request, request = NotifySubscriberRequest, requestId = 596
09:18:18.373 [nacos-grpc-client-executor-60] INFO  c.a.n.c.r.client - [printIfInfoEnabled,60] - [e934c65b-5a60-4f50-892c-b78f2675b2c4] Ack server push request, request = NotifySubscriberRequest, requestId = 596
09:18:18.376 [nacos-grpc-client-executor-61] INFO  c.a.n.c.r.client - [printIfInfoEnabled,60] - [e934c65b-5a60-4f50-892c-b78f2675b2c4] Receive server push request, request = NotifySubscriberRequest, requestId = 597
09:18:18.376 [nacos-grpc-client-executor-61] INFO  c.a.n.c.r.client - [printIfInfoEnabled,60] - [e934c65b-5a60-4f50-892c-b78f2675b2c4] Ack server push request, request = NotifySubscriberRequest, requestId = 597
09:18:18.379 [nacos-grpc-client-executor-62] INFO  c.a.n.c.r.client - [printIfInfoEnabled,60] - [e934c65b-5a60-4f50-892c-b78f2675b2c4] Receive server push request, request = NotifySubscriberRequest, requestId = 599
09:18:18.380 [nacos-grpc-client-executor-62] INFO  c.a.n.c.r.client - [printIfInfoEnabled,60] - [e934c65b-5a60-4f50-892c-b78f2675b2c4] Ack server push request, request = NotifySubscriberRequest, requestId = 599
09:18:25.000 [nacos-grpc-client-executor-36] INFO  c.a.n.c.r.client - [printIfInfoEnabled,60] - [e934c65b-5a60-4f50-892c-b78f2675b2c4] Receive server push request, request = NotifySubscriberRequest, requestId = 601
09:18:25.001 [nacos-grpc-client-executor-36] INFO  c.a.n.c.r.client - [printIfInfoEnabled,60] - [e934c65b-5a60-4f50-892c-b78f2675b2c4] Ack server push request, request = NotifySubscriberRequest, requestId = 601
09:18:34.916 [nacos-grpc-client-executor-72] INFO  c.a.n.c.r.client - [printIfInfoEnabled,60] - [e934c65b-5a60-4f50-892c-b78f2675b2c4] Receive server push request, request = NotifySubscriberRequest, requestId = 603
09:18:34.918 [nacos-grpc-client-executor-72] INFO  c.a.n.c.r.client - [printIfInfoEnabled,60] - [e934c65b-5a60-4f50-892c-b78f2675b2c4] Ack server push request, request = NotifySubscriberRequest, requestId = 603
09:18:40.934 [nacos-grpc-client-executor-75] INFO  c.a.n.c.r.client - [printIfInfoEnabled,60] - [e934c65b-5a60-4f50-892c-b78f2675b2c4] Receive server push request, request = NotifySubscriberRequest, requestId = 607
09:18:40.939 [nacos-grpc-client-executor-75] INFO  c.a.n.c.r.client - [printIfInfoEnabled,60] - [e934c65b-5a60-4f50-892c-b78f2675b2c4] Ack server push request, request = NotifySubscriberRequest, requestId = 607
09:18:42.886 [nacos-grpc-client-executor-76] INFO  c.a.n.c.r.client - [printIfInfoEnabled,60] - [e934c65b-5a60-4f50-892c-b78f2675b2c4] Receive server push request, request = NotifySubscriberRequest, requestId = 612
09:18:42.889 [nacos-grpc-client-executor-76] INFO  c.a.n.c.r.client - [printIfInfoEnabled,60] - [e934c65b-5a60-4f50-892c-b78f2675b2c4] Ack server push request, request = NotifySubscriberRequest, requestId = 612
09:27:14.178 [SpringApplicationShutdownHook] INFO  c.a.c.n.r.NacosServiceRegistry - [deregister,94] - De-registering from Nacos Server now...
09:27:14.182 [SpringApplicationShutdownHook] INFO  c.a.c.n.r.NacosServiceRegistry - [deregister,114] - De-registration finished.
09:27:14.502 [SpringApplicationShutdownHook] INFO  c.a.n.c.r.client - [shutdown,454] - Shutdown rpc client, set status to shutdown
09:27:14.502 [SpringApplicationShutdownHook] INFO  c.a.n.c.r.client - [shutdown,456] - Shutdown client event executor java.util.concurrent.ScheduledThreadPoolExecutor@452251dd[Running, pool size = 2, active threads = 2, queued tasks = 0, completed tasks = 0]
09:27:14.502 [SpringApplicationShutdownHook] INFO  c.a.n.c.r.client - [closeConnection,591] - Close current connection 1682471897462_127.0.0.1_64372
09:27:14.503 [nacos-grpc-client-executor-330] INFO  c.a.n.c.r.c.g.GrpcClient - [printIfInfoEnabled,60] - [1682471897462_127.0.0.1_64372]Ignore complete event,isRunning:false,isAbandon=false
09:27:14.507 [SpringApplicationShutdownHook] INFO  c.a.n.c.r.c.g.GrpcClient - [shutdown,85] - Shutdown grpc executor java.util.concurrent.ThreadPoolExecutor@704226e3[Running, pool size = 5, active threads = 0, queued tasks = 0, completed tasks = 368]
09:47:27.090 [background-preinit] INFO  o.h.v.i.util.Version - [<clinit>,21] - HV000001: Hibernate Validator 6.2.5.Final
09:47:27.609 [main] INFO  c.a.n.c.r.client - [lambda$createClient$0,80] - [RpcClientFactory] create a new rpc client of bf6b4695-9f39-4535-a4ed-d51bc1154c3a_config-0
09:47:27.648 [main] INFO  o.r.Reflections - [scan,232] - Reflections took 27 ms to scan 1 urls, producing 3 keys and 6 values 
09:47:27.673 [main] INFO  o.r.Reflections - [scan,232] - Reflections took 14 ms to scan 1 urls, producing 4 keys and 9 values 
09:47:27.688 [main] INFO  o.r.Reflections - [scan,232] - Reflections took 12 ms to scan 1 urls, producing 3 keys and 10 values 
09:47:27.704 [main] INFO  o.r.Reflections - [scan,232] - Reflections took 13 ms to scan 1 urls, producing 1 keys and 5 values 
09:47:27.723 [main] INFO  o.r.Reflections - [scan,232] - Reflections took 16 ms to scan 1 urls, producing 1 keys and 7 values 
09:47:27.738 [main] INFO  o.r.Reflections - [scan,232] - Reflections took 13 ms to scan 1 urls, producing 2 keys and 8 values 
09:47:27.741 [main] INFO  c.a.n.c.r.client - [printIfInfoEnabled,60] - [bf6b4695-9f39-4535-a4ed-d51bc1154c3a_config-0] RpcClient init label, labels = {module=config, Vipserver-Tag=null, source=sdk, Amory-Tag=null, Location-Tag=null, taskId=0, AppName=unknown}
09:47:27.742 [main] INFO  c.a.n.c.r.client - [printIfInfoEnabled,60] - [bf6b4695-9f39-4535-a4ed-d51bc1154c3a_config-0] Register server push request handler:com.alibaba.nacos.client.config.impl.ClientWorker$ConfigRpcTransportClient$$Lambda$463/0x0000000800f1c260
09:47:27.742 [main] INFO  c.a.n.c.r.client - [printIfInfoEnabled,60] - [bf6b4695-9f39-4535-a4ed-d51bc1154c3a_config-0] Register server push request handler:com.alibaba.nacos.client.config.impl.ClientWorker$ConfigRpcTransportClient$$Lambda$464/0x0000000800f1c488
09:47:27.743 [main] INFO  c.a.n.c.r.client - [printIfInfoEnabled,60] - [bf6b4695-9f39-4535-a4ed-d51bc1154c3a_config-0] Registry connection listener to current client:com.alibaba.nacos.client.config.impl.ClientWorker$ConfigRpcTransportClient$1
09:47:27.743 [main] INFO  c.a.n.c.r.client - [printIfInfoEnabled,60] - [bf6b4695-9f39-4535-a4ed-d51bc1154c3a_config-0] RpcClient init, ServerListFactory = com.alibaba.nacos.client.config.impl.ClientWorker$ConfigRpcTransportClient$2
09:47:27.750 [main] INFO  c.a.n.c.r.client - [printIfInfoEnabled,60] - [bf6b4695-9f39-4535-a4ed-d51bc1154c3a_config-0] Try to connect to server on start up, server: {serverIp = '127.0.0.1', server main port = 8848}
09:47:28.394 [main] INFO  c.a.n.c.r.client - [printIfInfoEnabled,60] - [bf6b4695-9f39-4535-a4ed-d51bc1154c3a_config-0] Success to connect to server [127.0.0.1:8848] on start up, connectionId = 1682473648152_127.0.0.1_49362
09:47:28.395 [com.alibaba.nacos.client.remote.worker] INFO  c.a.n.c.r.client - [printIfInfoEnabled,60] - [bf6b4695-9f39-4535-a4ed-d51bc1154c3a_config-0] Notify connected event to listeners.
09:47:28.395 [main] INFO  c.a.n.c.r.client - [printIfInfoEnabled,60] - [bf6b4695-9f39-4535-a4ed-d51bc1154c3a_config-0] Register server push request handler:com.alibaba.nacos.common.remote.client.RpcClient$ConnectResetRequestHandler
09:47:28.396 [main] INFO  c.a.n.c.r.client - [printIfInfoEnabled,60] - [bf6b4695-9f39-4535-a4ed-d51bc1154c3a_config-0] Register server push request handler:com.alibaba.nacos.common.remote.client.RpcClient$$Lambda$475/0x000000080101d428
09:47:28.492 [main] INFO  c.c.g.RuoYiGatewayApplication - [logStartupProfileInfo,637] - The following 1 profile is active: "dev"
09:47:32.177 [main] INFO  c.a.c.s.g.s.SentinelSCGAutoConfiguration - [sentinelGatewayFilter,144] - [Sentinel SpringCloudGateway] register SentinelGatewayFilter with order: -2147483648
09:47:33.147 [main] INFO  c.a.c.s.g.s.SentinelSCGAutoConfiguration - [sentinelGatewayBlockExceptionHandler,134] - [Sentinel SpringCloudGateway] register SentinelGatewayBlockExceptionHandler
09:47:33.834 [main] INFO  c.a.n.c.r.client - [lambda$createClient$0,80] - [RpcClientFactory] create a new rpc client of bfd2c027-9f31-4454-9efb-cf614d82145d_config-0
09:47:33.834 [main] INFO  c.a.n.c.r.client - [printIfInfoEnabled,60] - [bfd2c027-9f31-4454-9efb-cf614d82145d_config-0] RpcClient init label, labels = {module=config, Vipserver-Tag=null, source=sdk, Amory-Tag=null, Location-Tag=null, taskId=0, AppName=unknown}
09:47:33.834 [main] INFO  c.a.n.c.r.client - [printIfInfoEnabled,60] - [bfd2c027-9f31-4454-9efb-cf614d82145d_config-0] Register server push request handler:com.alibaba.nacos.client.config.impl.ClientWorker$ConfigRpcTransportClient$$Lambda$463/0x0000000800f1c260
09:47:33.835 [main] INFO  c.a.n.c.r.client - [printIfInfoEnabled,60] - [bfd2c027-9f31-4454-9efb-cf614d82145d_config-0] Register server push request handler:com.alibaba.nacos.client.config.impl.ClientWorker$ConfigRpcTransportClient$$Lambda$464/0x0000000800f1c488
09:47:33.835 [main] INFO  c.a.n.c.r.client - [printIfInfoEnabled,60] - [bfd2c027-9f31-4454-9efb-cf614d82145d_config-0] Registry connection listener to current client:com.alibaba.nacos.client.config.impl.ClientWorker$ConfigRpcTransportClient$1
09:47:33.835 [main] INFO  c.a.n.c.r.client - [printIfInfoEnabled,60] - [bfd2c027-9f31-4454-9efb-cf614d82145d_config-0] RpcClient init, ServerListFactory = com.alibaba.nacos.client.config.impl.ClientWorker$ConfigRpcTransportClient$2
09:47:33.836 [main] INFO  c.a.n.c.r.client - [printIfInfoEnabled,60] - [bfd2c027-9f31-4454-9efb-cf614d82145d_config-0] Try to connect to server on start up, server: {serverIp = '127.0.0.1', server main port = 8848}
09:47:33.976 [main] INFO  c.a.n.c.r.client - [printIfInfoEnabled,60] - [bfd2c027-9f31-4454-9efb-cf614d82145d_config-0] Success to connect to server [127.0.0.1:8848] on start up, connectionId = 1682473653851_127.0.0.1_49377
09:47:33.978 [main] INFO  c.a.n.c.r.client - [printIfInfoEnabled,60] - [bfd2c027-9f31-4454-9efb-cf614d82145d_config-0] Register server push request handler:com.alibaba.nacos.common.remote.client.RpcClient$ConnectResetRequestHandler
09:47:33.979 [main] INFO  c.a.n.c.r.client - [printIfInfoEnabled,60] - [bfd2c027-9f31-4454-9efb-cf614d82145d_config-0] Register server push request handler:com.alibaba.nacos.common.remote.client.RpcClient$$Lambda$475/0x000000080101d428
09:47:33.982 [com.alibaba.nacos.client.remote.worker] INFO  c.a.n.c.r.client - [printIfInfoEnabled,60] - [bfd2c027-9f31-4454-9efb-cf614d82145d_config-0] Notify connected event to listeners.
09:47:34.238 [main] INFO  c.a.n.c.r.client - [lambda$createClient$0,80] - [RpcClientFactory] create a new rpc client of 82005f9e-110a-4e9f-89a8-a98845cf9b0a
09:47:34.240 [main] INFO  c.a.n.c.r.client - [printIfInfoEnabled,60] - [82005f9e-110a-4e9f-89a8-a98845cf9b0a] RpcClient init label, labels = {module=naming, source=sdk}
09:47:34.242 [main] INFO  c.a.n.c.r.client - [printIfInfoEnabled,60] - [82005f9e-110a-4e9f-89a8-a98845cf9b0a] RpcClient init, ServerListFactory = com.alibaba.nacos.client.naming.core.ServerListManager
09:47:34.243 [main] INFO  c.a.n.c.r.client - [printIfInfoEnabled,60] - [82005f9e-110a-4e9f-89a8-a98845cf9b0a] Registry connection listener to current client:com.alibaba.nacos.client.naming.remote.gprc.redo.NamingGrpcRedoService
09:47:34.243 [main] INFO  c.a.n.c.r.client - [printIfInfoEnabled,60] - [82005f9e-110a-4e9f-89a8-a98845cf9b0a] Register server push request handler:com.alibaba.nacos.client.naming.remote.gprc.NamingPushRequestHandler
09:47:34.244 [main] INFO  c.a.n.c.r.client - [printIfInfoEnabled,60] - [82005f9e-110a-4e9f-89a8-a98845cf9b0a] Try to connect to server on start up, server: {serverIp = '127.0.0.1', server main port = 8848}
09:47:34.383 [main] INFO  c.a.n.c.r.client - [printIfInfoEnabled,60] - [82005f9e-110a-4e9f-89a8-a98845cf9b0a] Success to connect to server [127.0.0.1:8848] on start up, connectionId = 1682473654259_127.0.0.1_49383
09:47:34.384 [com.alibaba.nacos.client.remote.worker] INFO  c.a.n.c.r.client - [printIfInfoEnabled,60] - [82005f9e-110a-4e9f-89a8-a98845cf9b0a] Notify connected event to listeners.
09:47:34.384 [main] INFO  c.a.n.c.r.client - [printIfInfoEnabled,60] - [82005f9e-110a-4e9f-89a8-a98845cf9b0a] Register server push request handler:com.alibaba.nacos.common.remote.client.RpcClient$ConnectResetRequestHandler
09:47:34.385 [main] INFO  c.a.n.c.r.client - [printIfInfoEnabled,60] - [82005f9e-110a-4e9f-89a8-a98845cf9b0a] Register server push request handler:com.alibaba.nacos.common.remote.client.RpcClient$$Lambda$475/0x000000080101d428
09:47:34.535 [main] INFO  c.a.c.n.r.NacosServiceRegistry - [register,75] - nacos registry, DEFAULT_GROUP cms-gateway 10.110.168.163:8080 register finished
09:47:34.653 [main] INFO  c.c.g.RuoYiGatewayApplication - [logStarted,61] - Started RuoYiGatewayApplication in 8.442 seconds (JVM running for 9.649)
09:47:34.659 [main] INFO  c.a.c.n.r.NacosContextRefresher - [registerNacosListener,129] - [Nacos Config] Listening config: dataId=cms-gateway, group=DEFAULT_GROUP
09:47:34.659 [main] INFO  c.a.c.n.r.NacosContextRefresher - [registerNacosListener,129] - [Nacos Config] Listening config: dataId=cms-gateway.yml, group=DEFAULT_GROUP
09:47:34.660 [main] INFO  c.a.c.n.r.NacosContextRefresher - [registerNacosListener,129] - [Nacos Config] Listening config: dataId=cms-gateway-dev.yml, group=DEFAULT_GROUP
09:47:35.010 [nacos-grpc-client-executor-43] INFO  c.a.n.c.r.client - [printIfInfoEnabled,60] - [82005f9e-110a-4e9f-89a8-a98845cf9b0a] Receive server push request, request = NotifySubscriberRequest, requestId = 2
09:47:35.012 [nacos-grpc-client-executor-43] INFO  c.a.n.c.r.client - [printIfInfoEnabled,60] - [82005f9e-110a-4e9f-89a8-a98845cf9b0a] Ack server push request, request = NotifySubscriberRequest, requestId = 2
09:47:35.096 [nacos-grpc-client-executor-44] INFO  c.a.n.c.r.client - [printIfInfoEnabled,60] - [82005f9e-110a-4e9f-89a8-a98845cf9b0a] Receive server push request, request = NotifySubscriberRequest, requestId = 3
09:47:35.097 [nacos-grpc-client-executor-44] INFO  c.a.n.c.r.client - [printIfInfoEnabled,60] - [82005f9e-110a-4e9f-89a8-a98845cf9b0a] Ack server push request, request = NotifySubscriberRequest, requestId = 3
09:48:05.196 [nacos-grpc-client-executor-84] INFO  c.a.n.c.r.client - [printIfInfoEnabled,60] - [82005f9e-110a-4e9f-89a8-a98845cf9b0a] Receive server push request, request = NotifySubscriberRequest, requestId = 12
09:48:05.197 [nacos-grpc-client-executor-84] INFO  c.a.n.c.r.client - [printIfInfoEnabled,60] - [82005f9e-110a-4e9f-89a8-a98845cf9b0a] Ack server push request, request = NotifySubscriberRequest, requestId = 12
09:48:05.212 [nacos-grpc-client-executor-85] INFO  c.a.n.c.r.client - [printIfInfoEnabled,60] - [82005f9e-110a-4e9f-89a8-a98845cf9b0a] Receive server push request, request = NotifySubscriberRequest, requestId = 13
09:48:05.213 [nacos-grpc-client-executor-85] INFO  c.a.n.c.r.client - [printIfInfoEnabled,60] - [82005f9e-110a-4e9f-89a8-a98845cf9b0a] Ack server push request, request = NotifySubscriberRequest, requestId = 13
09:48:05.220 [nacos-grpc-client-executor-86] INFO  c.a.n.c.r.client - [printIfInfoEnabled,60] - [82005f9e-110a-4e9f-89a8-a98845cf9b0a] Receive server push request, request = NotifySubscriberRequest, requestId = 11
09:48:05.221 [nacos-grpc-client-executor-86] INFO  c.a.n.c.r.client - [printIfInfoEnabled,60] - [82005f9e-110a-4e9f-89a8-a98845cf9b0a] Ack server push request, request = NotifySubscriberRequest, requestId = 11
09:48:05.230 [nacos-grpc-client-executor-87] INFO  c.a.n.c.r.client - [printIfInfoEnabled,60] - [82005f9e-110a-4e9f-89a8-a98845cf9b0a] Receive server push request, request = NotifySubscriberRequest, requestId = 14
09:48:05.231 [nacos-grpc-client-executor-87] INFO  c.a.n.c.r.client - [printIfInfoEnabled,60] - [82005f9e-110a-4e9f-89a8-a98845cf9b0a] Ack server push request, request = NotifySubscriberRequest, requestId = 14
09:48:35.218 [nacos-grpc-client-executor-113] INFO  c.a.n.c.r.client - [printIfInfoEnabled,60] - [82005f9e-110a-4e9f-89a8-a98845cf9b0a] Receive server push request, request = NotifySubscriberRequest, requestId = 19
09:48:35.219 [nacos-grpc-client-executor-113] INFO  c.a.n.c.r.client - [printIfInfoEnabled,60] - [82005f9e-110a-4e9f-89a8-a98845cf9b0a] Ack server push request, request = NotifySubscriberRequest, requestId = 19
09:49:58.007 [nacos-grpc-client-executor-165] INFO  c.a.n.c.r.client - [printIfInfoEnabled,60] - [82005f9e-110a-4e9f-89a8-a98845cf9b0a] Receive server push request, request = NotifySubscriberRequest, requestId = 23
09:49:58.010 [nacos-grpc-client-executor-165] INFO  c.a.n.c.r.client - [printIfInfoEnabled,60] - [82005f9e-110a-4e9f-89a8-a98845cf9b0a] Ack server push request, request = NotifySubscriberRequest, requestId = 23
09:50:11.877 [nacos-grpc-client-executor-179] INFO  c.a.n.c.r.client - [printIfInfoEnabled,60] - [82005f9e-110a-4e9f-89a8-a98845cf9b0a] Receive server push request, request = NotifySubscriberRequest, requestId = 26
09:50:11.878 [nacos-grpc-client-executor-179] INFO  c.a.n.c.r.client - [printIfInfoEnabled,60] - [82005f9e-110a-4e9f-89a8-a98845cf9b0a] Ack server push request, request = NotifySubscriberRequest, requestId = 26
