19:16:52.761 [nacos-grpc-client-executor-21137] INFO  c.a.n.c.r.client - [printIfInfoEnabled,60] - [e3a5567f-75a5-43ad-9232-b29258495aa6] Receive server push request, request = NotifySubscriberRequest, requestId = 193
19:16:52.768 [nacos-grpc-client-executor-21137] INFO  c.a.n.c.r.client - [printIfInfoEnabled,60] - [e3a5567f-75a5-43ad-9232-b29258495aa6] Ack server push request, request = NotifySubscriberRequest, requestId = 193
19:17:08.453 [nacos-grpc-client-executor-21148] INFO  c.a.n.c.r.client - [printIfInfoEnabled,60] - [e3a5567f-75a5-43ad-9232-b29258495aa6] Receive server push request, request = NotifySubscriberRequest, requestId = 195
19:17:08.454 [nacos-grpc-client-executor-21148] INFO  c.a.n.c.r.client - [printIfInfoEnabled,60] - [e3a5567f-75a5-43ad-9232-b29258495aa6] Ack server push request, request = NotifySubscriberRequest, requestId = 195
19:18:30.167 [nacos-grpc-client-executor-21186] INFO  c.a.n.c.r.client - [printIfInfoEnabled,60] - [e3a5567f-75a5-43ad-9232-b29258495aa6] Receive server push request, request = NotifySubscriberRequest, requestId = 198
19:18:30.169 [nacos-grpc-client-executor-21186] INFO  c.a.n.c.r.client - [printIfInfoEnabled,60] - [e3a5567f-75a5-43ad-9232-b29258495aa6] Ack server push request, request = NotifySubscriberRequest, requestId = 198
19:18:48.263 [nacos-grpc-client-executor-21191] INFO  c.a.n.c.r.client - [printIfInfoEnabled,60] - [e3a5567f-75a5-43ad-9232-b29258495aa6] Receive server push request, request = NotifySubscriberRequest, requestId = 201
19:18:48.264 [nacos-grpc-client-executor-21191] INFO  c.a.n.c.r.client - [printIfInfoEnabled,60] - [e3a5567f-75a5-43ad-9232-b29258495aa6] Ack server push request, request = NotifySubscriberRequest, requestId = 201
19:19:03.743 [SpringApplicationShutdownHook] INFO  c.a.c.n.r.NacosServiceRegistry - [deregister,94] - De-registering from Nacos Server now...
19:19:03.752 [SpringApplicationShutdownHook] INFO  c.a.c.n.r.NacosServiceRegistry - [deregister,114] - De-registration finished.
19:19:04.079 [SpringApplicationShutdownHook] INFO  c.a.n.c.r.client - [shutdown,454] - Shutdown rpc client, set status to shutdown
19:19:04.080 [SpringApplicationShutdownHook] INFO  c.a.n.c.r.client - [shutdown,456] - Shutdown client event executor java.util.concurrent.ScheduledThreadPoolExecutor@7887378a[Running, pool size = 2, active threads = 2, queued tasks = 0, completed tasks = 0]
19:19:04.085 [SpringApplicationShutdownHook] INFO  c.a.n.c.r.client - [closeConnection,591] - Close current connection 1681990166784_127.0.0.1_52566
19:19:04.102 [nacos-grpc-client-executor-21213] INFO  c.a.n.c.r.c.g.GrpcClient - [printIfInfoEnabled,60] - [1681990166784_127.0.0.1_52566]Ignore complete event,isRunning:false,isAbandon=false
19:19:04.141 [SpringApplicationShutdownHook] INFO  c.a.n.c.r.c.g.GrpcClient - [shutdown,85] - Shutdown grpc executor java.util.concurrent.ThreadPoolExecutor@37af26a2[Running, pool size = 5, active threads = 0, queued tasks = 0, completed tasks = 21214]
19:19:22.307 [background-preinit] INFO  o.h.v.i.util.Version - [<clinit>,21] - HV000001: Hibernate Validator 6.2.5.Final
19:19:22.812 [main] INFO  c.a.n.c.r.client - [lambda$createClient$0,80] - [RpcClientFactory] create a new rpc client of 8dda8be1-4aee-4ad6-9309-aed077eb4927_config-0
19:19:22.853 [main] INFO  o.r.Reflections - [scan,232] - Reflections took 27 ms to scan 1 urls, producing 3 keys and 6 values 
19:19:22.888 [main] INFO  o.r.Reflections - [scan,232] - Reflections took 16 ms to scan 1 urls, producing 4 keys and 9 values 
19:19:22.902 [main] INFO  o.r.Reflections - [scan,232] - Reflections took 12 ms to scan 1 urls, producing 3 keys and 10 values 
19:19:22.917 [main] INFO  o.r.Reflections - [scan,232] - Reflections took 11 ms to scan 1 urls, producing 1 keys and 5 values 
19:19:22.932 [main] INFO  o.r.Reflections - [scan,232] - Reflections took 12 ms to scan 1 urls, producing 1 keys and 7 values 
19:19:22.953 [main] INFO  o.r.Reflections - [scan,232] - Reflections took 19 ms to scan 1 urls, producing 2 keys and 8 values 
19:19:22.956 [main] INFO  c.a.n.c.r.client - [printIfInfoEnabled,60] - [8dda8be1-4aee-4ad6-9309-aed077eb4927_config-0] RpcClient init label, labels = {module=config, Vipserver-Tag=null, source=sdk, Amory-Tag=null, Location-Tag=null, taskId=0, AppName=unknown}
19:19:22.957 [main] INFO  c.a.n.c.r.client - [printIfInfoEnabled,60] - [8dda8be1-4aee-4ad6-9309-aed077eb4927_config-0] Register server push request handler:com.alibaba.nacos.client.config.impl.ClientWorker$ConfigRpcTransportClient$$Lambda$463/0x0000000800f2c990
19:19:22.957 [main] INFO  c.a.n.c.r.client - [printIfInfoEnabled,60] - [8dda8be1-4aee-4ad6-9309-aed077eb4927_config-0] Register server push request handler:com.alibaba.nacos.client.config.impl.ClientWorker$ConfigRpcTransportClient$$Lambda$464/0x0000000800f2cbb8
19:19:22.958 [main] INFO  c.a.n.c.r.client - [printIfInfoEnabled,60] - [8dda8be1-4aee-4ad6-9309-aed077eb4927_config-0] Registry connection listener to current client:com.alibaba.nacos.client.config.impl.ClientWorker$ConfigRpcTransportClient$1
19:19:22.959 [main] INFO  c.a.n.c.r.client - [printIfInfoEnabled,60] - [8dda8be1-4aee-4ad6-9309-aed077eb4927_config-0] RpcClient init, ServerListFactory = com.alibaba.nacos.client.config.impl.ClientWorker$ConfigRpcTransportClient$2
19:19:22.965 [main] INFO  c.a.n.c.r.client - [printIfInfoEnabled,60] - [8dda8be1-4aee-4ad6-9309-aed077eb4927_config-0] Try to connect to server on start up, server: {serverIp = '127.0.0.1', server main port = 8848}
19:19:23.516 [main] INFO  c.a.n.c.r.client - [printIfInfoEnabled,60] - [8dda8be1-4aee-4ad6-9309-aed077eb4927_config-0] Success to connect to server [127.0.0.1:8848] on start up, connectionId = 1682162363338_127.0.0.1_55873
19:19:23.518 [com.alibaba.nacos.client.remote.worker] INFO  c.a.n.c.r.client - [printIfInfoEnabled,60] - [8dda8be1-4aee-4ad6-9309-aed077eb4927_config-0] Notify connected event to listeners.
19:19:23.518 [main] INFO  c.a.n.c.r.client - [printIfInfoEnabled,60] - [8dda8be1-4aee-4ad6-9309-aed077eb4927_config-0] Register server push request handler:com.alibaba.nacos.common.remote.client.RpcClient$ConnectResetRequestHandler
19:19:23.519 [main] INFO  c.a.n.c.r.client - [printIfInfoEnabled,60] - [8dda8be1-4aee-4ad6-9309-aed077eb4927_config-0] Register server push request handler:com.alibaba.nacos.common.remote.client.RpcClient$$Lambda$475/0x000000080102d7d8
19:19:23.627 [main] INFO  c.c.g.RuoYiGatewayApplication - [logStartupProfileInfo,637] - The following 1 profile is active: "dev"
19:19:27.345 [main] INFO  c.a.c.s.g.s.SentinelSCGAutoConfiguration - [sentinelGatewayFilter,144] - [Sentinel SpringCloudGateway] register SentinelGatewayFilter with order: -2147483648
19:19:28.125 [main] INFO  c.a.c.s.g.s.SentinelSCGAutoConfiguration - [sentinelGatewayBlockExceptionHandler,134] - [Sentinel SpringCloudGateway] register SentinelGatewayBlockExceptionHandler
19:19:28.545 [main] INFO  c.a.n.c.r.client - [lambda$createClient$0,80] - [RpcClientFactory] create a new rpc client of 7ee5e857-3e87-4482-bb3f-d737ec32ac74_config-0
19:19:28.545 [main] INFO  c.a.n.c.r.client - [printIfInfoEnabled,60] - [7ee5e857-3e87-4482-bb3f-d737ec32ac74_config-0] RpcClient init label, labels = {module=config, Vipserver-Tag=null, source=sdk, Amory-Tag=null, Location-Tag=null, taskId=0, AppName=unknown}
19:19:28.546 [main] INFO  c.a.n.c.r.client - [printIfInfoEnabled,60] - [7ee5e857-3e87-4482-bb3f-d737ec32ac74_config-0] Register server push request handler:com.alibaba.nacos.client.config.impl.ClientWorker$ConfigRpcTransportClient$$Lambda$463/0x0000000800f2c990
19:19:28.546 [main] INFO  c.a.n.c.r.client - [printIfInfoEnabled,60] - [7ee5e857-3e87-4482-bb3f-d737ec32ac74_config-0] Register server push request handler:com.alibaba.nacos.client.config.impl.ClientWorker$ConfigRpcTransportClient$$Lambda$464/0x0000000800f2cbb8
19:19:28.546 [main] INFO  c.a.n.c.r.client - [printIfInfoEnabled,60] - [7ee5e857-3e87-4482-bb3f-d737ec32ac74_config-0] Registry connection listener to current client:com.alibaba.nacos.client.config.impl.ClientWorker$ConfigRpcTransportClient$1
19:19:28.546 [main] INFO  c.a.n.c.r.client - [printIfInfoEnabled,60] - [7ee5e857-3e87-4482-bb3f-d737ec32ac74_config-0] RpcClient init, ServerListFactory = com.alibaba.nacos.client.config.impl.ClientWorker$ConfigRpcTransportClient$2
19:19:28.547 [main] INFO  c.a.n.c.r.client - [printIfInfoEnabled,60] - [7ee5e857-3e87-4482-bb3f-d737ec32ac74_config-0] Try to connect to server on start up, server: {serverIp = '127.0.0.1', server main port = 8848}
19:19:28.678 [main] INFO  c.a.n.c.r.client - [printIfInfoEnabled,60] - [7ee5e857-3e87-4482-bb3f-d737ec32ac74_config-0] Success to connect to server [127.0.0.1:8848] on start up, connectionId = 1682162368560_127.0.0.1_55887
19:19:28.678 [main] INFO  c.a.n.c.r.client - [printIfInfoEnabled,60] - [7ee5e857-3e87-4482-bb3f-d737ec32ac74_config-0] Register server push request handler:com.alibaba.nacos.common.remote.client.RpcClient$ConnectResetRequestHandler
19:19:28.679 [com.alibaba.nacos.client.remote.worker] INFO  c.a.n.c.r.client - [printIfInfoEnabled,60] - [7ee5e857-3e87-4482-bb3f-d737ec32ac74_config-0] Notify connected event to listeners.
19:19:28.679 [main] INFO  c.a.n.c.r.client - [printIfInfoEnabled,60] - [7ee5e857-3e87-4482-bb3f-d737ec32ac74_config-0] Register server push request handler:com.alibaba.nacos.common.remote.client.RpcClient$$Lambda$475/0x000000080102d7d8
19:19:28.793 [main] INFO  c.a.n.c.r.client - [lambda$createClient$0,80] - [RpcClientFactory] create a new rpc client of fb8aeea2-9a70-442b-8fd8-371cfdc51a4b
19:19:28.793 [main] INFO  c.a.n.c.r.client - [printIfInfoEnabled,60] - [fb8aeea2-9a70-442b-8fd8-371cfdc51a4b] RpcClient init label, labels = {module=naming, source=sdk}
19:19:28.794 [main] INFO  c.a.n.c.r.client - [printIfInfoEnabled,60] - [fb8aeea2-9a70-442b-8fd8-371cfdc51a4b] RpcClient init, ServerListFactory = com.alibaba.nacos.client.naming.core.ServerListManager
19:19:28.795 [main] INFO  c.a.n.c.r.client - [printIfInfoEnabled,60] - [fb8aeea2-9a70-442b-8fd8-371cfdc51a4b] Registry connection listener to current client:com.alibaba.nacos.client.naming.remote.gprc.redo.NamingGrpcRedoService
19:19:28.795 [main] INFO  c.a.n.c.r.client - [printIfInfoEnabled,60] - [fb8aeea2-9a70-442b-8fd8-371cfdc51a4b] Register server push request handler:com.alibaba.nacos.client.naming.remote.gprc.NamingPushRequestHandler
19:19:28.796 [main] INFO  c.a.n.c.r.client - [printIfInfoEnabled,60] - [fb8aeea2-9a70-442b-8fd8-371cfdc51a4b] Try to connect to server on start up, server: {serverIp = '127.0.0.1', server main port = 8848}
19:19:28.952 [main] INFO  c.a.n.c.r.client - [printIfInfoEnabled,60] - [fb8aeea2-9a70-442b-8fd8-371cfdc51a4b] Success to connect to server [127.0.0.1:8848] on start up, connectionId = 1682162368835_127.0.0.1_55888
19:19:28.952 [com.alibaba.nacos.client.remote.worker] INFO  c.a.n.c.r.client - [printIfInfoEnabled,60] - [fb8aeea2-9a70-442b-8fd8-371cfdc51a4b] Notify connected event to listeners.
19:19:28.952 [main] INFO  c.a.n.c.r.client - [printIfInfoEnabled,60] - [fb8aeea2-9a70-442b-8fd8-371cfdc51a4b] Register server push request handler:com.alibaba.nacos.common.remote.client.RpcClient$ConnectResetRequestHandler
19:19:28.953 [main] INFO  c.a.n.c.r.client - [printIfInfoEnabled,60] - [fb8aeea2-9a70-442b-8fd8-371cfdc51a4b] Register server push request handler:com.alibaba.nacos.common.remote.client.RpcClient$$Lambda$475/0x000000080102d7d8
19:19:29.188 [main] INFO  c.a.c.n.r.NacosServiceRegistry - [register,75] - nacos registry, DEFAULT_GROUP cms-gateway 192.168.1.9:8080 register finished
19:19:29.263 [main] INFO  c.c.g.RuoYiGatewayApplication - [logStarted,61] - Started RuoYiGatewayApplication in 7.659 seconds (JVM running for 8.567)
19:19:29.282 [main] INFO  c.a.c.n.r.NacosContextRefresher - [registerNacosListener,129] - [Nacos Config] Listening config: dataId=cms-gateway, group=DEFAULT_GROUP
19:19:29.282 [main] INFO  c.a.c.n.r.NacosContextRefresher - [registerNacosListener,129] - [Nacos Config] Listening config: dataId=cms-gateway.yml, group=DEFAULT_GROUP
19:19:29.283 [main] INFO  c.a.c.n.r.NacosContextRefresher - [registerNacosListener,129] - [Nacos Config] Listening config: dataId=cms-gateway-dev.yml, group=DEFAULT_GROUP
19:19:29.576 [nacos-grpc-client-executor-60] INFO  c.a.n.c.r.client - [printIfInfoEnabled,60] - [fb8aeea2-9a70-442b-8fd8-371cfdc51a4b] Receive server push request, request = NotifySubscriberRequest, requestId = 211
19:19:29.580 [nacos-grpc-client-executor-60] INFO  c.a.n.c.r.client - [printIfInfoEnabled,60] - [fb8aeea2-9a70-442b-8fd8-371cfdc51a4b] Ack server push request, request = NotifySubscriberRequest, requestId = 211
19:19:29.646 [nacos-grpc-client-executor-61] INFO  c.a.n.c.r.client - [printIfInfoEnabled,60] - [fb8aeea2-9a70-442b-8fd8-371cfdc51a4b] Receive server push request, request = NotifySubscriberRequest, requestId = 214
19:19:29.646 [nacos-grpc-client-executor-61] INFO  c.a.n.c.r.client - [printIfInfoEnabled,60] - [fb8aeea2-9a70-442b-8fd8-371cfdc51a4b] Ack server push request, request = NotifySubscriberRequest, requestId = 214
19:19:29.653 [nacos-grpc-client-executor-62] INFO  c.a.n.c.r.client - [printIfInfoEnabled,60] - [fb8aeea2-9a70-442b-8fd8-371cfdc51a4b] Receive server push request, request = NotifySubscriberRequest, requestId = 213
19:19:29.654 [nacos-grpc-client-executor-62] INFO  c.a.n.c.r.client - [printIfInfoEnabled,60] - [fb8aeea2-9a70-442b-8fd8-371cfdc51a4b] Ack server push request, request = NotifySubscriberRequest, requestId = 213
19:19:29.659 [nacos-grpc-client-executor-63] INFO  c.a.n.c.r.client - [printIfInfoEnabled,60] - [fb8aeea2-9a70-442b-8fd8-371cfdc51a4b] Receive server push request, request = NotifySubscriberRequest, requestId = 215
19:19:29.660 [nacos-grpc-client-executor-63] INFO  c.a.n.c.r.client - [printIfInfoEnabled,60] - [fb8aeea2-9a70-442b-8fd8-371cfdc51a4b] Ack server push request, request = NotifySubscriberRequest, requestId = 215
19:19:29.663 [nacos-grpc-client-executor-0] INFO  c.a.n.c.r.client - [printIfInfoEnabled,60] - [fb8aeea2-9a70-442b-8fd8-371cfdc51a4b] Receive server push request, request = NotifySubscriberRequest, requestId = 212
19:19:29.663 [nacos-grpc-client-executor-0] INFO  c.a.n.c.r.client - [printIfInfoEnabled,60] - [fb8aeea2-9a70-442b-8fd8-371cfdc51a4b] Ack server push request, request = NotifySubscriberRequest, requestId = 212
19:19:29.665 [nacos-grpc-client-executor-1] INFO  c.a.n.c.r.client - [printIfInfoEnabled,60] - [fb8aeea2-9a70-442b-8fd8-371cfdc51a4b] Receive server push request, request = NotifySubscriberRequest, requestId = 216
19:19:29.666 [nacos-grpc-client-executor-1] INFO  c.a.n.c.r.client - [printIfInfoEnabled,60] - [fb8aeea2-9a70-442b-8fd8-371cfdc51a4b] Ack server push request, request = NotifySubscriberRequest, requestId = 216
19:19:29.749 [nacos-grpc-client-executor-2] INFO  c.a.n.c.r.client - [printIfInfoEnabled,60] - [fb8aeea2-9a70-442b-8fd8-371cfdc51a4b] Receive server push request, request = NotifySubscriberRequest, requestId = 217
19:19:29.750 [nacos-grpc-client-executor-2] INFO  c.a.n.c.r.client - [printIfInfoEnabled,60] - [fb8aeea2-9a70-442b-8fd8-371cfdc51a4b] Ack server push request, request = NotifySubscriberRequest, requestId = 217
19:19:29.755 [nacos-grpc-client-executor-3] INFO  c.a.n.c.r.client - [printIfInfoEnabled,60] - [fb8aeea2-9a70-442b-8fd8-371cfdc51a4b] Receive server push request, request = NotifySubscriberRequest, requestId = 218
19:19:29.757 [nacos-grpc-client-executor-3] INFO  c.a.n.c.r.client - [printIfInfoEnabled,60] - [fb8aeea2-9a70-442b-8fd8-371cfdc51a4b] Ack server push request, request = NotifySubscriberRequest, requestId = 218
19:19:42.036 [nacos-grpc-client-executor-64] INFO  c.a.n.c.r.client - [printIfInfoEnabled,60] - [fb8aeea2-9a70-442b-8fd8-371cfdc51a4b] Receive server push request, request = NotifySubscriberRequest, requestId = 219
19:19:42.039 [nacos-grpc-client-executor-64] INFO  c.a.n.c.r.client - [printIfInfoEnabled,60] - [fb8aeea2-9a70-442b-8fd8-371cfdc51a4b] Ack server push request, request = NotifySubscriberRequest, requestId = 219
19:19:48.340 [nacos-grpc-client-executor-73] INFO  c.a.n.c.r.client - [printIfInfoEnabled,60] - [fb8aeea2-9a70-442b-8fd8-371cfdc51a4b] Receive server push request, request = NotifySubscriberRequest, requestId = 222
19:19:48.342 [nacos-grpc-client-executor-73] INFO  c.a.n.c.r.client - [printIfInfoEnabled,60] - [fb8aeea2-9a70-442b-8fd8-371cfdc51a4b] Ack server push request, request = NotifySubscriberRequest, requestId = 222
19:19:51.414 [nacos-grpc-client-executor-74] INFO  c.a.n.c.r.client - [printIfInfoEnabled,60] - [fb8aeea2-9a70-442b-8fd8-371cfdc51a4b] Receive server push request, request = NotifySubscriberRequest, requestId = 224
19:19:51.415 [nacos-grpc-client-executor-74] INFO  c.a.n.c.r.client - [printIfInfoEnabled,60] - [fb8aeea2-9a70-442b-8fd8-371cfdc51a4b] Ack server push request, request = NotifySubscriberRequest, requestId = 224
19:19:52.833 [nacos-grpc-client-executor-77] INFO  c.a.n.c.r.client - [printIfInfoEnabled,60] - [fb8aeea2-9a70-442b-8fd8-371cfdc51a4b] Receive server push request, request = NotifySubscriberRequest, requestId = 234
19:19:52.836 [nacos-grpc-client-executor-77] INFO  c.a.n.c.r.client - [printIfInfoEnabled,60] - [fb8aeea2-9a70-442b-8fd8-371cfdc51a4b] Ack server push request, request = NotifySubscriberRequest, requestId = 234
19:19:58.550 [nacos-grpc-client-executor-78] INFO  c.a.n.c.r.client - [printIfInfoEnabled,60] - [fb8aeea2-9a70-442b-8fd8-371cfdc51a4b] Receive server push request, request = NotifySubscriberRequest, requestId = 237
19:19:58.552 [nacos-grpc-client-executor-78] INFO  c.a.n.c.r.client - [printIfInfoEnabled,60] - [fb8aeea2-9a70-442b-8fd8-371cfdc51a4b] Ack server push request, request = NotifySubscriberRequest, requestId = 237
