18:30:05.256 [background-preinit] INFO  o.h.v.i.util.Version - [<clinit>,21] - HV000001: Hibernate Validator 6.2.5.Final
18:30:05.817 [main] INFO  c.a.n.c.r.client - [lambda$createClient$0,80] - [RpcClientFactory] create a new rpc client of 85e2670b-cf03-4986-b7c0-6f4688c46137_config-0
18:30:05.870 [main] INFO  o.r.Reflections - [scan,232] - Reflections took 28 ms to scan 1 urls, producing 3 keys and 6 values 
18:30:05.911 [main] INFO  o.r.Reflections - [scan,232] - Reflections took 22 ms to scan 1 urls, producing 4 keys and 9 values 
18:30:05.928 [main] INFO  o.r.Reflections - [scan,232] - Reflections took 13 ms to scan 1 urls, producing 3 keys and 10 values 
18:30:05.944 [main] INFO  o.r.Reflections - [scan,232] - Reflections took 12 ms to scan 1 urls, producing 1 keys and 5 values 
18:30:05.968 [main] INFO  o.r.Reflections - [scan,232] - Reflections took 22 ms to scan 1 urls, producing 1 keys and 7 values 
18:30:05.980 [main] INFO  o.r.Reflections - [scan,232] - Reflections took 9 ms to scan 1 urls, producing 2 keys and 8 values 
18:30:05.982 [main] INFO  c.a.n.c.r.client - [printIfInfoEnabled,60] - [85e2670b-cf03-4986-b7c0-6f4688c46137_config-0] RpcClient init label, labels = {module=config, Vipserver-Tag=null, source=sdk, Amory-Tag=null, Location-Tag=null, taskId=0, AppName=unknown}
18:30:05.983 [main] INFO  c.a.n.c.r.client - [printIfInfoEnabled,60] - [85e2670b-cf03-4986-b7c0-6f4688c46137_config-0] Register server push request handler:com.alibaba.nacos.client.config.impl.ClientWorker$ConfigRpcTransportClient$$Lambda$463/0x0000000800f3d388
18:30:05.983 [main] INFO  c.a.n.c.r.client - [printIfInfoEnabled,60] - [85e2670b-cf03-4986-b7c0-6f4688c46137_config-0] Register server push request handler:com.alibaba.nacos.client.config.impl.ClientWorker$ConfigRpcTransportClient$$Lambda$464/0x0000000800f3d5b0
18:30:05.984 [main] INFO  c.a.n.c.r.client - [printIfInfoEnabled,60] - [85e2670b-cf03-4986-b7c0-6f4688c46137_config-0] Registry connection listener to current client:com.alibaba.nacos.client.config.impl.ClientWorker$ConfigRpcTransportClient$1
18:30:05.984 [main] INFO  c.a.n.c.r.client - [printIfInfoEnabled,60] - [85e2670b-cf03-4986-b7c0-6f4688c46137_config-0] RpcClient init, ServerListFactory = com.alibaba.nacos.client.config.impl.ClientWorker$ConfigRpcTransportClient$2
18:30:05.991 [main] INFO  c.a.n.c.r.client - [printIfInfoEnabled,60] - [85e2670b-cf03-4986-b7c0-6f4688c46137_config-0] Try to connect to server on start up, server: {serverIp = '127.0.0.1', server main port = 8848}
18:30:06.889 [main] INFO  c.a.n.c.r.client - [printIfInfoEnabled,60] - [85e2670b-cf03-4986-b7c0-6f4688c46137_config-0] Success to connect to server [127.0.0.1:8848] on start up, connectionId = 1706178606664_127.0.0.1_57395
18:30:06.890 [main] INFO  c.a.n.c.r.client - [printIfInfoEnabled,60] - [85e2670b-cf03-4986-b7c0-6f4688c46137_config-0] Register server push request handler:com.alibaba.nacos.common.remote.client.RpcClient$ConnectResetRequestHandler
18:30:06.891 [com.alibaba.nacos.client.remote.worker] INFO  c.a.n.c.r.client - [printIfInfoEnabled,60] - [85e2670b-cf03-4986-b7c0-6f4688c46137_config-0] Notify connected event to listeners.
18:30:06.892 [main] INFO  c.a.n.c.r.client - [printIfInfoEnabled,60] - [85e2670b-cf03-4986-b7c0-6f4688c46137_config-0] Register server push request handler:com.alibaba.nacos.common.remote.client.RpcClient$$Lambda$475/0x000000080103d8c0
18:30:06.976 [main] INFO  c.c.g.CMSGatewayApplication - [logStartupProfileInfo,637] - The following 1 profile is active: "dev"
18:30:10.135 [main] INFO  c.a.c.s.g.s.SentinelSCGAutoConfiguration - [sentinelGatewayFilter,144] - [Sentinel SpringCloudGateway] register SentinelGatewayFilter with order: -2147483648
18:30:10.939 [main] INFO  c.a.c.s.g.s.SentinelSCGAutoConfiguration - [sentinelGatewayBlockExceptionHandler,134] - [Sentinel SpringCloudGateway] register SentinelGatewayBlockExceptionHandler
18:30:11.654 [main] INFO  c.a.n.c.r.client - [lambda$createClient$0,80] - [RpcClientFactory] create a new rpc client of 6a7b5612-c14c-4437-bba8-b1c66383a4c2_config-0
18:30:11.654 [main] INFO  c.a.n.c.r.client - [printIfInfoEnabled,60] - [6a7b5612-c14c-4437-bba8-b1c66383a4c2_config-0] RpcClient init label, labels = {module=config, Vipserver-Tag=null, source=sdk, Amory-Tag=null, Location-Tag=null, taskId=0, AppName=unknown}
18:30:11.655 [main] INFO  c.a.n.c.r.client - [printIfInfoEnabled,60] - [6a7b5612-c14c-4437-bba8-b1c66383a4c2_config-0] Register server push request handler:com.alibaba.nacos.client.config.impl.ClientWorker$ConfigRpcTransportClient$$Lambda$463/0x0000000800f3d388
18:30:11.655 [main] INFO  c.a.n.c.r.client - [printIfInfoEnabled,60] - [6a7b5612-c14c-4437-bba8-b1c66383a4c2_config-0] Register server push request handler:com.alibaba.nacos.client.config.impl.ClientWorker$ConfigRpcTransportClient$$Lambda$464/0x0000000800f3d5b0
18:30:11.655 [main] INFO  c.a.n.c.r.client - [printIfInfoEnabled,60] - [6a7b5612-c14c-4437-bba8-b1c66383a4c2_config-0] Registry connection listener to current client:com.alibaba.nacos.client.config.impl.ClientWorker$ConfigRpcTransportClient$1
18:30:11.655 [main] INFO  c.a.n.c.r.client - [printIfInfoEnabled,60] - [6a7b5612-c14c-4437-bba8-b1c66383a4c2_config-0] RpcClient init, ServerListFactory = com.alibaba.nacos.client.config.impl.ClientWorker$ConfigRpcTransportClient$2
18:30:11.655 [main] INFO  c.a.n.c.r.client - [printIfInfoEnabled,60] - [6a7b5612-c14c-4437-bba8-b1c66383a4c2_config-0] Try to connect to server on start up, server: {serverIp = '127.0.0.1', server main port = 8848}
18:30:11.793 [main] INFO  c.a.n.c.r.client - [printIfInfoEnabled,60] - [6a7b5612-c14c-4437-bba8-b1c66383a4c2_config-0] Success to connect to server [127.0.0.1:8848] on start up, connectionId = 1706178611676_127.0.0.1_57401
18:30:11.793 [main] INFO  c.a.n.c.r.client - [printIfInfoEnabled,60] - [6a7b5612-c14c-4437-bba8-b1c66383a4c2_config-0] Register server push request handler:com.alibaba.nacos.common.remote.client.RpcClient$ConnectResetRequestHandler
18:30:11.794 [com.alibaba.nacos.client.remote.worker] INFO  c.a.n.c.r.client - [printIfInfoEnabled,60] - [6a7b5612-c14c-4437-bba8-b1c66383a4c2_config-0] Notify connected event to listeners.
18:30:11.794 [main] INFO  c.a.n.c.r.client - [printIfInfoEnabled,60] - [6a7b5612-c14c-4437-bba8-b1c66383a4c2_config-0] Register server push request handler:com.alibaba.nacos.common.remote.client.RpcClient$$Lambda$475/0x000000080103d8c0
18:30:11.925 [main] INFO  c.a.n.c.r.client - [lambda$createClient$0,80] - [RpcClientFactory] create a new rpc client of 6277330d-ff6c-49a0-b070-977b1eedbc44
18:30:11.925 [main] INFO  c.a.n.c.r.client - [printIfInfoEnabled,60] - [6277330d-ff6c-49a0-b070-977b1eedbc44] RpcClient init label, labels = {module=naming, source=sdk}
18:30:11.926 [main] INFO  c.a.n.c.r.client - [printIfInfoEnabled,60] - [6277330d-ff6c-49a0-b070-977b1eedbc44] RpcClient init, ServerListFactory = com.alibaba.nacos.client.naming.core.ServerListManager
18:30:11.927 [main] INFO  c.a.n.c.r.client - [printIfInfoEnabled,60] - [6277330d-ff6c-49a0-b070-977b1eedbc44] Registry connection listener to current client:com.alibaba.nacos.client.naming.remote.gprc.redo.NamingGrpcRedoService
18:30:11.927 [main] INFO  c.a.n.c.r.client - [printIfInfoEnabled,60] - [6277330d-ff6c-49a0-b070-977b1eedbc44] Register server push request handler:com.alibaba.nacos.client.naming.remote.gprc.NamingPushRequestHandler
18:30:11.928 [main] INFO  c.a.n.c.r.client - [printIfInfoEnabled,60] - [6277330d-ff6c-49a0-b070-977b1eedbc44] Try to connect to server on start up, server: {serverIp = '127.0.0.1', server main port = 8848}
18:30:12.057 [main] INFO  c.a.n.c.r.client - [printIfInfoEnabled,60] - [6277330d-ff6c-49a0-b070-977b1eedbc44] Success to connect to server [127.0.0.1:8848] on start up, connectionId = 1706178611942_127.0.0.1_57402
18:30:12.058 [main] INFO  c.a.n.c.r.client - [printIfInfoEnabled,60] - [6277330d-ff6c-49a0-b070-977b1eedbc44] Register server push request handler:com.alibaba.nacos.common.remote.client.RpcClient$ConnectResetRequestHandler
18:30:12.058 [com.alibaba.nacos.client.remote.worker] INFO  c.a.n.c.r.client - [printIfInfoEnabled,60] - [6277330d-ff6c-49a0-b070-977b1eedbc44] Notify connected event to listeners.
18:30:12.058 [main] INFO  c.a.n.c.r.client - [printIfInfoEnabled,60] - [6277330d-ff6c-49a0-b070-977b1eedbc44] Register server push request handler:com.alibaba.nacos.common.remote.client.RpcClient$$Lambda$475/0x000000080103d8c0
18:30:12.173 [main] INFO  c.a.c.n.r.NacosServiceRegistry - [register,75] - nacos registry, DEFAULT_GROUP cms-gateway 192.168.1.3:8080 register finished
18:30:12.272 [main] INFO  c.c.g.CMSGatewayApplication - [logStarted,61] - Started CMSGatewayApplication in 7.584 seconds (JVM running for 8.483)
18:30:12.276 [main] INFO  c.a.c.n.r.NacosContextRefresher - [registerNacosListener,129] - [Nacos Config] Listening config: dataId=cms-gateway, group=DEFAULT_GROUP
18:30:12.277 [main] INFO  c.a.c.n.r.NacosContextRefresher - [registerNacosListener,129] - [Nacos Config] Listening config: dataId=cms-gateway.yml, group=DEFAULT_GROUP
18:30:12.277 [main] INFO  c.a.c.n.r.NacosContextRefresher - [registerNacosListener,129] - [Nacos Config] Listening config: dataId=cms-gateway-dev.yml, group=DEFAULT_GROUP
18:30:12.585 [nacos-grpc-client-executor-42] INFO  c.a.n.c.r.client - [printIfInfoEnabled,60] - [6277330d-ff6c-49a0-b070-977b1eedbc44] Receive server push request, request = NotifySubscriberRequest, requestId = 3
18:30:12.585 [nacos-grpc-client-executor-42] INFO  c.a.n.c.r.client - [printIfInfoEnabled,60] - [6277330d-ff6c-49a0-b070-977b1eedbc44] Ack server push request, request = NotifySubscriberRequest, requestId = 3
18:30:12.798 [nacos-grpc-client-executor-43] INFO  c.a.n.c.r.client - [printIfInfoEnabled,60] - [6277330d-ff6c-49a0-b070-977b1eedbc44] Receive server push request, request = NotifySubscriberRequest, requestId = 5
18:30:12.807 [nacos-grpc-client-executor-43] INFO  c.a.n.c.r.client - [printIfInfoEnabled,60] - [6277330d-ff6c-49a0-b070-977b1eedbc44] Ack server push request, request = NotifySubscriberRequest, requestId = 5
18:30:12.816 [nacos-grpc-client-executor-44] INFO  c.a.n.c.r.client - [printIfInfoEnabled,60] - [6277330d-ff6c-49a0-b070-977b1eedbc44] Receive server push request, request = NotifySubscriberRequest, requestId = 4
18:30:12.817 [nacos-grpc-client-executor-44] INFO  c.a.n.c.r.client - [printIfInfoEnabled,60] - [6277330d-ff6c-49a0-b070-977b1eedbc44] Ack server push request, request = NotifySubscriberRequest, requestId = 4
18:30:42.872 [nacos-grpc-client-executor-83] INFO  c.a.n.c.r.client - [printIfInfoEnabled,60] - [6277330d-ff6c-49a0-b070-977b1eedbc44] Receive server push request, request = NotifySubscriberRequest, requestId = 13
18:30:42.873 [nacos-grpc-client-executor-83] INFO  c.a.n.c.r.client - [printIfInfoEnabled,60] - [6277330d-ff6c-49a0-b070-977b1eedbc44] Ack server push request, request = NotifySubscriberRequest, requestId = 13
18:30:42.875 [nacos-grpc-client-executor-84] INFO  c.a.n.c.r.client - [printIfInfoEnabled,60] - [6277330d-ff6c-49a0-b070-977b1eedbc44] Receive server push request, request = NotifySubscriberRequest, requestId = 14
18:30:42.876 [nacos-grpc-client-executor-84] INFO  c.a.n.c.r.client - [printIfInfoEnabled,60] - [6277330d-ff6c-49a0-b070-977b1eedbc44] Ack server push request, request = NotifySubscriberRequest, requestId = 14
18:30:42.879 [nacos-grpc-client-executor-85] INFO  c.a.n.c.r.client - [printIfInfoEnabled,60] - [6277330d-ff6c-49a0-b070-977b1eedbc44] Receive server push request, request = NotifySubscriberRequest, requestId = 15
18:30:42.880 [nacos-grpc-client-executor-85] INFO  c.a.n.c.r.client - [printIfInfoEnabled,60] - [6277330d-ff6c-49a0-b070-977b1eedbc44] Ack server push request, request = NotifySubscriberRequest, requestId = 15
23:27:10.085 [nacos-grpc-client-executor-1679] INFO  c.a.n.c.r.client - [printIfInfoEnabled,60] - [6277330d-ff6c-49a0-b070-977b1eedbc44] Receive server push request, request = NotifySubscriberRequest, requestId = 18
23:27:10.098 [nacos-grpc-client-executor-1679] INFO  c.a.n.c.r.client - [printIfInfoEnabled,60] - [6277330d-ff6c-49a0-b070-977b1eedbc44] Ack server push request, request = NotifySubscriberRequest, requestId = 18
23:27:10.258 [nacos-grpc-client-executor-1680] INFO  c.a.n.c.r.client - [printIfInfoEnabled,60] - [6277330d-ff6c-49a0-b070-977b1eedbc44] Receive server push request, request = NotifySubscriberRequest, requestId = 20
23:27:10.260 [nacos-grpc-client-executor-1680] INFO  c.a.n.c.r.client - [printIfInfoEnabled,60] - [6277330d-ff6c-49a0-b070-977b1eedbc44] Ack server push request, request = NotifySubscriberRequest, requestId = 20
23:27:10.658 [nacos-grpc-client-executor-1681] INFO  c.a.n.c.r.client - [printIfInfoEnabled,60] - [6277330d-ff6c-49a0-b070-977b1eedbc44] Receive server push request, request = NotifySubscriberRequest, requestId = 22
23:27:10.660 [nacos-grpc-client-executor-1681] INFO  c.a.n.c.r.client - [printIfInfoEnabled,60] - [6277330d-ff6c-49a0-b070-977b1eedbc44] Ack server push request, request = NotifySubscriberRequest, requestId = 22
23:27:11.070 [nacos-grpc-client-executor-1682] INFO  c.a.n.c.r.client - [printIfInfoEnabled,60] - [6277330d-ff6c-49a0-b070-977b1eedbc44] Receive server push request, request = NotifySubscriberRequest, requestId = 24
23:27:11.073 [nacos-grpc-client-executor-1682] INFO  c.a.n.c.r.client - [printIfInfoEnabled,60] - [6277330d-ff6c-49a0-b070-977b1eedbc44] Ack server push request, request = NotifySubscriberRequest, requestId = 24
23:27:12.503 [nacos-grpc-client-executor-1683] INFO  c.a.n.c.r.client - [printIfInfoEnabled,60] - [6277330d-ff6c-49a0-b070-977b1eedbc44] Receive server push request, request = NotifySubscriberRequest, requestId = 26
23:27:12.504 [nacos-grpc-client-executor-1683] INFO  c.a.n.c.r.client - [printIfInfoEnabled,60] - [6277330d-ff6c-49a0-b070-977b1eedbc44] Ack server push request, request = NotifySubscriberRequest, requestId = 26
23:27:12.577 [SpringApplicationShutdownHook] INFO  c.a.c.n.r.NacosServiceRegistry - [deregister,94] - De-registering from Nacos Server now...
23:27:12.582 [SpringApplicationShutdownHook] INFO  c.a.c.n.r.NacosServiceRegistry - [deregister,114] - De-registration finished.
23:27:12.893 [SpringApplicationShutdownHook] INFO  c.a.n.c.r.client - [shutdown,454] - Shutdown rpc client, set status to shutdown
23:27:12.894 [SpringApplicationShutdownHook] INFO  c.a.n.c.r.client - [shutdown,456] - Shutdown client event executor java.util.concurrent.ScheduledThreadPoolExecutor@33c30f94[Running, pool size = 2, active threads = 2, queued tasks = 0, completed tasks = 0]
23:27:12.894 [SpringApplicationShutdownHook] INFO  c.a.n.c.r.client - [closeConnection,591] - Close current connection 1706178611942_127.0.0.1_57402
23:27:12.898 [nacos-grpc-client-executor-1687] INFO  c.a.n.c.r.c.g.GrpcClient - [printIfInfoEnabled,60] - [1706178611942_127.0.0.1_57402]Ignore complete event,isRunning:false,isAbandon=false
23:27:12.907 [SpringApplicationShutdownHook] INFO  c.a.n.c.r.c.g.GrpcClient - [shutdown,85] - Shutdown grpc executor java.util.concurrent.ThreadPoolExecutor@7c0876b3[Running, pool size = 10, active threads = 0, queued tasks = 0, completed tasks = 1688]
23:27:31.357 [background-preinit] INFO  o.h.v.i.util.Version - [<clinit>,21] - HV000001: Hibernate Validator 6.2.5.Final
23:27:32.047 [main] INFO  c.a.n.c.r.client - [lambda$createClient$0,80] - [RpcClientFactory] create a new rpc client of 99cecde0-ec05-4189-a732-af98de25bda1_config-0
23:27:32.100 [main] INFO  o.r.Reflections - [scan,232] - Reflections took 32 ms to scan 1 urls, producing 3 keys and 6 values 
23:27:32.142 [main] INFO  o.r.Reflections - [scan,232] - Reflections took 21 ms to scan 1 urls, producing 4 keys and 9 values 
23:27:32.164 [main] INFO  o.r.Reflections - [scan,232] - Reflections took 19 ms to scan 1 urls, producing 3 keys and 10 values 
23:27:32.192 [main] INFO  o.r.Reflections - [scan,232] - Reflections took 20 ms to scan 1 urls, producing 1 keys and 5 values 
23:27:32.221 [main] INFO  o.r.Reflections - [scan,232] - Reflections took 26 ms to scan 1 urls, producing 1 keys and 7 values 
23:27:32.237 [main] INFO  o.r.Reflections - [scan,232] - Reflections took 13 ms to scan 1 urls, producing 2 keys and 8 values 
23:27:32.242 [main] INFO  c.a.n.c.r.client - [printIfInfoEnabled,60] - [99cecde0-ec05-4189-a732-af98de25bda1_config-0] RpcClient init label, labels = {module=config, Vipserver-Tag=null, source=sdk, Amory-Tag=null, Location-Tag=null, taskId=0, AppName=unknown}
23:27:32.243 [main] INFO  c.a.n.c.r.client - [printIfInfoEnabled,60] - [99cecde0-ec05-4189-a732-af98de25bda1_config-0] Register server push request handler:com.alibaba.nacos.client.config.impl.ClientWorker$ConfigRpcTransportClient$$Lambda$463/0x0000000800f1b940
23:27:32.244 [main] INFO  c.a.n.c.r.client - [printIfInfoEnabled,60] - [99cecde0-ec05-4189-a732-af98de25bda1_config-0] Register server push request handler:com.alibaba.nacos.client.config.impl.ClientWorker$ConfigRpcTransportClient$$Lambda$464/0x0000000800f1bb68
23:27:32.245 [main] INFO  c.a.n.c.r.client - [printIfInfoEnabled,60] - [99cecde0-ec05-4189-a732-af98de25bda1_config-0] Registry connection listener to current client:com.alibaba.nacos.client.config.impl.ClientWorker$ConfigRpcTransportClient$1
23:27:32.246 [main] INFO  c.a.n.c.r.client - [printIfInfoEnabled,60] - [99cecde0-ec05-4189-a732-af98de25bda1_config-0] RpcClient init, ServerListFactory = com.alibaba.nacos.client.config.impl.ClientWorker$ConfigRpcTransportClient$2
23:27:32.262 [main] INFO  c.a.n.c.r.client - [printIfInfoEnabled,60] - [99cecde0-ec05-4189-a732-af98de25bda1_config-0] Try to connect to server on start up, server: {serverIp = '127.0.0.1', server main port = 8848}
23:27:33.002 [main] INFO  c.a.n.c.r.client - [printIfInfoEnabled,60] - [99cecde0-ec05-4189-a732-af98de25bda1_config-0] Success to connect to server [127.0.0.1:8848] on start up, connectionId = 1706196452770_127.0.0.1_60424
23:27:33.005 [com.alibaba.nacos.client.remote.worker] INFO  c.a.n.c.r.client - [printIfInfoEnabled,60] - [99cecde0-ec05-4189-a732-af98de25bda1_config-0] Notify connected event to listeners.
23:27:33.005 [main] INFO  c.a.n.c.r.client - [printIfInfoEnabled,60] - [99cecde0-ec05-4189-a732-af98de25bda1_config-0] Register server push request handler:com.alibaba.nacos.common.remote.client.RpcClient$ConnectResetRequestHandler
23:27:33.007 [main] INFO  c.a.n.c.r.client - [printIfInfoEnabled,60] - [99cecde0-ec05-4189-a732-af98de25bda1_config-0] Register server push request handler:com.alibaba.nacos.common.remote.client.RpcClient$$Lambda$475/0x000000080101c290
23:27:33.132 [main] INFO  c.c.g.CMSGatewayApplication - [logStartupProfileInfo,637] - The following 1 profile is active: "dev"
23:27:37.695 [main] INFO  c.a.c.s.g.s.SentinelSCGAutoConfiguration - [sentinelGatewayFilter,144] - [Sentinel SpringCloudGateway] register SentinelGatewayFilter with order: -2147483648
23:27:38.442 [main] INFO  c.a.c.s.g.s.SentinelSCGAutoConfiguration - [sentinelGatewayBlockExceptionHandler,134] - [Sentinel SpringCloudGateway] register SentinelGatewayBlockExceptionHandler
23:27:38.856 [main] INFO  c.a.n.c.r.client - [lambda$createClient$0,80] - [RpcClientFactory] create a new rpc client of 2bac269b-8160-4de9-90b0-5d2a6750e0ce_config-0
23:27:38.857 [main] INFO  c.a.n.c.r.client - [printIfInfoEnabled,60] - [2bac269b-8160-4de9-90b0-5d2a6750e0ce_config-0] RpcClient init label, labels = {module=config, Vipserver-Tag=null, source=sdk, Amory-Tag=null, Location-Tag=null, taskId=0, AppName=unknown}
23:27:38.857 [main] INFO  c.a.n.c.r.client - [printIfInfoEnabled,60] - [2bac269b-8160-4de9-90b0-5d2a6750e0ce_config-0] Register server push request handler:com.alibaba.nacos.client.config.impl.ClientWorker$ConfigRpcTransportClient$$Lambda$463/0x0000000800f1b940
23:27:38.857 [main] INFO  c.a.n.c.r.client - [printIfInfoEnabled,60] - [2bac269b-8160-4de9-90b0-5d2a6750e0ce_config-0] Register server push request handler:com.alibaba.nacos.client.config.impl.ClientWorker$ConfigRpcTransportClient$$Lambda$464/0x0000000800f1bb68
23:27:38.857 [main] INFO  c.a.n.c.r.client - [printIfInfoEnabled,60] - [2bac269b-8160-4de9-90b0-5d2a6750e0ce_config-0] Registry connection listener to current client:com.alibaba.nacos.client.config.impl.ClientWorker$ConfigRpcTransportClient$1
23:27:38.857 [main] INFO  c.a.n.c.r.client - [printIfInfoEnabled,60] - [2bac269b-8160-4de9-90b0-5d2a6750e0ce_config-0] RpcClient init, ServerListFactory = com.alibaba.nacos.client.config.impl.ClientWorker$ConfigRpcTransportClient$2
23:27:38.858 [main] INFO  c.a.n.c.r.client - [printIfInfoEnabled,60] - [2bac269b-8160-4de9-90b0-5d2a6750e0ce_config-0] Try to connect to server on start up, server: {serverIp = '127.0.0.1', server main port = 8848}
23:27:38.983 [main] INFO  c.a.n.c.r.client - [printIfInfoEnabled,60] - [2bac269b-8160-4de9-90b0-5d2a6750e0ce_config-0] Success to connect to server [127.0.0.1:8848] on start up, connectionId = 1706196458870_127.0.0.1_60438
23:27:38.983 [main] INFO  c.a.n.c.r.client - [printIfInfoEnabled,60] - [2bac269b-8160-4de9-90b0-5d2a6750e0ce_config-0] Register server push request handler:com.alibaba.nacos.common.remote.client.RpcClient$ConnectResetRequestHandler
23:27:38.983 [com.alibaba.nacos.client.remote.worker] INFO  c.a.n.c.r.client - [printIfInfoEnabled,60] - [2bac269b-8160-4de9-90b0-5d2a6750e0ce_config-0] Notify connected event to listeners.
23:27:38.983 [main] INFO  c.a.n.c.r.client - [printIfInfoEnabled,60] - [2bac269b-8160-4de9-90b0-5d2a6750e0ce_config-0] Register server push request handler:com.alibaba.nacos.common.remote.client.RpcClient$$Lambda$475/0x000000080101c290
23:27:39.082 [main] INFO  c.a.n.c.r.client - [lambda$createClient$0,80] - [RpcClientFactory] create a new rpc client of f9e2b7d8-df4a-4168-a295-4e6d5ecafd71
23:27:39.082 [main] INFO  c.a.n.c.r.client - [printIfInfoEnabled,60] - [f9e2b7d8-df4a-4168-a295-4e6d5ecafd71] RpcClient init label, labels = {module=naming, source=sdk}
23:27:39.084 [main] INFO  c.a.n.c.r.client - [printIfInfoEnabled,60] - [f9e2b7d8-df4a-4168-a295-4e6d5ecafd71] RpcClient init, ServerListFactory = com.alibaba.nacos.client.naming.core.ServerListManager
23:27:39.084 [main] INFO  c.a.n.c.r.client - [printIfInfoEnabled,60] - [f9e2b7d8-df4a-4168-a295-4e6d5ecafd71] Registry connection listener to current client:com.alibaba.nacos.client.naming.remote.gprc.redo.NamingGrpcRedoService
23:27:39.084 [main] INFO  c.a.n.c.r.client - [printIfInfoEnabled,60] - [f9e2b7d8-df4a-4168-a295-4e6d5ecafd71] Register server push request handler:com.alibaba.nacos.client.naming.remote.gprc.NamingPushRequestHandler
23:27:39.085 [main] INFO  c.a.n.c.r.client - [printIfInfoEnabled,60] - [f9e2b7d8-df4a-4168-a295-4e6d5ecafd71] Try to connect to server on start up, server: {serverIp = '127.0.0.1', server main port = 8848}
23:27:39.214 [main] INFO  c.a.n.c.r.client - [printIfInfoEnabled,60] - [f9e2b7d8-df4a-4168-a295-4e6d5ecafd71] Success to connect to server [127.0.0.1:8848] on start up, connectionId = 1706196459098_127.0.0.1_60440
23:27:39.214 [main] INFO  c.a.n.c.r.client - [printIfInfoEnabled,60] - [f9e2b7d8-df4a-4168-a295-4e6d5ecafd71] Register server push request handler:com.alibaba.nacos.common.remote.client.RpcClient$ConnectResetRequestHandler
23:27:39.214 [com.alibaba.nacos.client.remote.worker] INFO  c.a.n.c.r.client - [printIfInfoEnabled,60] - [f9e2b7d8-df4a-4168-a295-4e6d5ecafd71] Notify connected event to listeners.
23:27:39.215 [main] INFO  c.a.n.c.r.client - [printIfInfoEnabled,60] - [f9e2b7d8-df4a-4168-a295-4e6d5ecafd71] Register server push request handler:com.alibaba.nacos.common.remote.client.RpcClient$$Lambda$475/0x000000080101c290
23:27:39.379 [main] INFO  c.a.c.n.r.NacosServiceRegistry - [register,75] - nacos registry, DEFAULT_GROUP cms-gateway 172.20.10.2:8080 register finished
23:27:39.428 [main] INFO  c.c.g.CMSGatewayApplication - [logStarted,61] - Started CMSGatewayApplication in 8.898 seconds (JVM running for 10.043)
23:27:39.433 [main] INFO  c.a.c.n.r.NacosContextRefresher - [registerNacosListener,129] - [Nacos Config] Listening config: dataId=cms-gateway, group=DEFAULT_GROUP
23:27:39.433 [main] INFO  c.a.c.n.r.NacosContextRefresher - [registerNacosListener,129] - [Nacos Config] Listening config: dataId=cms-gateway.yml, group=DEFAULT_GROUP
23:27:39.434 [main] INFO  c.a.c.n.r.NacosContextRefresher - [registerNacosListener,129] - [Nacos Config] Listening config: dataId=cms-gateway-dev.yml, group=DEFAULT_GROUP
23:27:39.776 [nacos-grpc-client-executor-48] INFO  c.a.n.c.r.client - [printIfInfoEnabled,60] - [f9e2b7d8-df4a-4168-a295-4e6d5ecafd71] Receive server push request, request = NotifySubscriberRequest, requestId = 36
23:27:39.782 [nacos-grpc-client-executor-48] INFO  c.a.n.c.r.client - [printIfInfoEnabled,60] - [f9e2b7d8-df4a-4168-a295-4e6d5ecafd71] Ack server push request, request = NotifySubscriberRequest, requestId = 36
23:27:39.786 [nacos-grpc-client-executor-49] INFO  c.a.n.c.r.client - [printIfInfoEnabled,60] - [f9e2b7d8-df4a-4168-a295-4e6d5ecafd71] Receive server push request, request = NotifySubscriberRequest, requestId = 37
23:27:39.787 [nacos-grpc-client-executor-49] INFO  c.a.n.c.r.client - [printIfInfoEnabled,60] - [f9e2b7d8-df4a-4168-a295-4e6d5ecafd71] Ack server push request, request = NotifySubscriberRequest, requestId = 37
23:27:39.875 [nacos-grpc-client-executor-50] INFO  c.a.n.c.r.client - [printIfInfoEnabled,60] - [f9e2b7d8-df4a-4168-a295-4e6d5ecafd71] Receive server push request, request = NotifySubscriberRequest, requestId = 43
23:27:39.878 [nacos-grpc-client-executor-50] INFO  c.a.n.c.r.client - [printIfInfoEnabled,60] - [f9e2b7d8-df4a-4168-a295-4e6d5ecafd71] Ack server push request, request = NotifySubscriberRequest, requestId = 43
23:27:39.881 [nacos-grpc-client-executor-51] INFO  c.a.n.c.r.client - [printIfInfoEnabled,60] - [f9e2b7d8-df4a-4168-a295-4e6d5ecafd71] Receive server push request, request = NotifySubscriberRequest, requestId = 44
23:27:39.882 [nacos-grpc-client-executor-51] INFO  c.a.n.c.r.client - [printIfInfoEnabled,60] - [f9e2b7d8-df4a-4168-a295-4e6d5ecafd71] Ack server push request, request = NotifySubscriberRequest, requestId = 44
23:27:39.887 [nacos-grpc-client-executor-52] INFO  c.a.n.c.r.client - [printIfInfoEnabled,60] - [f9e2b7d8-df4a-4168-a295-4e6d5ecafd71] Receive server push request, request = NotifySubscriberRequest, requestId = 42
23:27:39.888 [nacos-grpc-client-executor-52] INFO  c.a.n.c.r.client - [printIfInfoEnabled,60] - [f9e2b7d8-df4a-4168-a295-4e6d5ecafd71] Ack server push request, request = NotifySubscriberRequest, requestId = 42
23:27:39.894 [nacos-grpc-client-executor-53] INFO  c.a.n.c.r.client - [printIfInfoEnabled,60] - [f9e2b7d8-df4a-4168-a295-4e6d5ecafd71] Receive server push request, request = NotifySubscriberRequest, requestId = 41
23:27:39.895 [nacos-grpc-client-executor-53] INFO  c.a.n.c.r.client - [printIfInfoEnabled,60] - [f9e2b7d8-df4a-4168-a295-4e6d5ecafd71] Ack server push request, request = NotifySubscriberRequest, requestId = 41
23:27:44.963 [nacos-grpc-client-executor-10] INFO  c.a.n.c.r.client - [printIfInfoEnabled,60] - [f9e2b7d8-df4a-4168-a295-4e6d5ecafd71] Receive server push request, request = NotifySubscriberRequest, requestId = 45
23:27:44.966 [nacos-grpc-client-executor-10] INFO  c.a.n.c.r.client - [printIfInfoEnabled,60] - [f9e2b7d8-df4a-4168-a295-4e6d5ecafd71] Ack server push request, request = NotifySubscriberRequest, requestId = 45
