18:37:49.062 [background-preinit] INFO  o.h.v.i.util.Version - [<clinit>,21] - HV000001: Hibernate Validator 6.2.5.Final
18:37:49.547 [main] INFO  c.a.n.c.r.client - [lambda$createClient$0,80] - [RpcClientFactory] create a new rpc client of 3f2be41d-d5a3-4fd4-ac9f-200df88af41f_config-0
18:37:49.617 [main] INFO  o.r.Reflections - [scan,232] - Reflections took 39 ms to scan 1 urls, producing 3 keys and 6 values 
18:37:49.676 [main] INFO  o.r.Reflections - [scan,232] - Reflections took 29 ms to scan 1 urls, producing 4 keys and 9 values 
18:37:49.707 [main] INFO  o.r.Reflections - [scan,232] - Reflections took 25 ms to scan 1 urls, producing 3 keys and 10 values 
18:37:49.734 [main] INFO  o.r.Reflections - [scan,232] - Reflections took 20 ms to scan 1 urls, producing 1 keys and 5 values 
18:37:49.766 [main] INFO  o.r.Reflections - [scan,232] - Reflections took 30 ms to scan 1 urls, producing 1 keys and 7 values 
18:37:49.782 [main] INFO  o.r.Reflections - [scan,232] - Reflections took 13 ms to scan 1 urls, producing 2 keys and 8 values 
18:37:49.787 [main] INFO  c.a.n.c.r.client - [printIfInfoEnabled,60] - [3f2be41d-d5a3-4fd4-ac9f-200df88af41f_config-0] RpcClient init label, labels = {module=config, Vipserver-Tag=null, source=sdk, Amory-Tag=null, Location-Tag=null, taskId=0, AppName=unknown}
18:37:49.788 [main] INFO  c.a.n.c.r.client - [printIfInfoEnabled,60] - [3f2be41d-d5a3-4fd4-ac9f-200df88af41f_config-0] Register server push request handler:com.alibaba.nacos.client.config.impl.ClientWorker$ConfigRpcTransportClient$$Lambda$463/0x0000000800f1c710
18:37:49.789 [main] INFO  c.a.n.c.r.client - [printIfInfoEnabled,60] - [3f2be41d-d5a3-4fd4-ac9f-200df88af41f_config-0] Register server push request handler:com.alibaba.nacos.client.config.impl.ClientWorker$ConfigRpcTransportClient$$Lambda$464/0x0000000800f1c938
18:37:49.790 [main] INFO  c.a.n.c.r.client - [printIfInfoEnabled,60] - [3f2be41d-d5a3-4fd4-ac9f-200df88af41f_config-0] Registry connection listener to current client:com.alibaba.nacos.client.config.impl.ClientWorker$ConfigRpcTransportClient$1
18:37:49.794 [main] INFO  c.a.n.c.r.client - [printIfInfoEnabled,60] - [3f2be41d-d5a3-4fd4-ac9f-200df88af41f_config-0] RpcClient init, ServerListFactory = com.alibaba.nacos.client.config.impl.ClientWorker$ConfigRpcTransportClient$2
18:37:49.810 [main] INFO  c.a.n.c.r.client - [printIfInfoEnabled,60] - [3f2be41d-d5a3-4fd4-ac9f-200df88af41f_config-0] Try to connect to server on start up, server: {serverIp = '127.0.0.1', server main port = 8848}
18:37:50.621 [main] INFO  c.a.n.c.r.client - [printIfInfoEnabled,60] - [3f2be41d-d5a3-4fd4-ac9f-200df88af41f_config-0] Success to connect to server [127.0.0.1:8848] on start up, connectionId = 1681555070407_127.0.0.1_52637
18:37:50.622 [com.alibaba.nacos.client.remote.worker] INFO  c.a.n.c.r.client - [printIfInfoEnabled,60] - [3f2be41d-d5a3-4fd4-ac9f-200df88af41f_config-0] Notify connected event to listeners.
18:37:50.622 [main] INFO  c.a.n.c.r.client - [printIfInfoEnabled,60] - [3f2be41d-d5a3-4fd4-ac9f-200df88af41f_config-0] Register server push request handler:com.alibaba.nacos.common.remote.client.RpcClient$ConnectResetRequestHandler
18:37:50.623 [main] INFO  c.a.n.c.r.client - [printIfInfoEnabled,60] - [3f2be41d-d5a3-4fd4-ac9f-200df88af41f_config-0] Register server push request handler:com.alibaba.nacos.common.remote.client.RpcClient$$Lambda$475/0x000000080101c290
18:37:50.764 [main] INFO  c.c.g.RuoYiGatewayApplication - [logStartupProfileInfo,637] - The following 1 profile is active: "dev"
18:37:55.286 [main] INFO  c.a.c.s.g.s.SentinelSCGAutoConfiguration - [sentinelGatewayFilter,144] - [Sentinel SpringCloudGateway] register SentinelGatewayFilter with order: -2147483648
18:37:56.486 [main] INFO  c.a.c.s.g.s.SentinelSCGAutoConfiguration - [sentinelGatewayBlockExceptionHandler,134] - [Sentinel SpringCloudGateway] register SentinelGatewayBlockExceptionHandler
18:37:57.629 [main] INFO  c.a.n.c.r.client - [lambda$createClient$0,80] - [RpcClientFactory] create a new rpc client of e0cbd036-23d2-4bca-9c97-cbf9f01a6a8e_config-0
18:37:57.629 [main] INFO  c.a.n.c.r.client - [printIfInfoEnabled,60] - [e0cbd036-23d2-4bca-9c97-cbf9f01a6a8e_config-0] RpcClient init label, labels = {module=config, Vipserver-Tag=null, source=sdk, Amory-Tag=null, Location-Tag=null, taskId=0, AppName=unknown}
18:37:57.630 [main] INFO  c.a.n.c.r.client - [printIfInfoEnabled,60] - [e0cbd036-23d2-4bca-9c97-cbf9f01a6a8e_config-0] Register server push request handler:com.alibaba.nacos.client.config.impl.ClientWorker$ConfigRpcTransportClient$$Lambda$463/0x0000000800f1c710
18:37:57.630 [main] INFO  c.a.n.c.r.client - [printIfInfoEnabled,60] - [e0cbd036-23d2-4bca-9c97-cbf9f01a6a8e_config-0] Register server push request handler:com.alibaba.nacos.client.config.impl.ClientWorker$ConfigRpcTransportClient$$Lambda$464/0x0000000800f1c938
18:37:57.630 [main] INFO  c.a.n.c.r.client - [printIfInfoEnabled,60] - [e0cbd036-23d2-4bca-9c97-cbf9f01a6a8e_config-0] Registry connection listener to current client:com.alibaba.nacos.client.config.impl.ClientWorker$ConfigRpcTransportClient$1
18:37:57.630 [main] INFO  c.a.n.c.r.client - [printIfInfoEnabled,60] - [e0cbd036-23d2-4bca-9c97-cbf9f01a6a8e_config-0] RpcClient init, ServerListFactory = com.alibaba.nacos.client.config.impl.ClientWorker$ConfigRpcTransportClient$2
18:37:57.631 [main] INFO  c.a.n.c.r.client - [printIfInfoEnabled,60] - [e0cbd036-23d2-4bca-9c97-cbf9f01a6a8e_config-0] Try to connect to server on start up, server: {serverIp = '127.0.0.1', server main port = 8848}
18:37:57.777 [main] INFO  c.a.n.c.r.client - [printIfInfoEnabled,60] - [e0cbd036-23d2-4bca-9c97-cbf9f01a6a8e_config-0] Success to connect to server [127.0.0.1:8848] on start up, connectionId = 1681555077650_127.0.0.1_52662
18:37:57.778 [main] INFO  c.a.n.c.r.client - [printIfInfoEnabled,60] - [e0cbd036-23d2-4bca-9c97-cbf9f01a6a8e_config-0] Register server push request handler:com.alibaba.nacos.common.remote.client.RpcClient$ConnectResetRequestHandler
18:37:57.779 [com.alibaba.nacos.client.remote.worker] INFO  c.a.n.c.r.client - [printIfInfoEnabled,60] - [e0cbd036-23d2-4bca-9c97-cbf9f01a6a8e_config-0] Notify connected event to listeners.
18:37:57.780 [main] INFO  c.a.n.c.r.client - [printIfInfoEnabled,60] - [e0cbd036-23d2-4bca-9c97-cbf9f01a6a8e_config-0] Register server push request handler:com.alibaba.nacos.common.remote.client.RpcClient$$Lambda$475/0x000000080101c290
18:37:57.959 [main] INFO  c.a.n.c.r.client - [lambda$createClient$0,80] - [RpcClientFactory] create a new rpc client of 99d19209-acfb-4dd9-b3c2-b662db50cbe3
18:37:57.959 [main] INFO  c.a.n.c.r.client - [printIfInfoEnabled,60] - [99d19209-acfb-4dd9-b3c2-b662db50cbe3] RpcClient init label, labels = {module=naming, source=sdk}
18:37:57.961 [main] INFO  c.a.n.c.r.client - [printIfInfoEnabled,60] - [99d19209-acfb-4dd9-b3c2-b662db50cbe3] RpcClient init, ServerListFactory = com.alibaba.nacos.client.naming.core.ServerListManager
18:37:57.962 [main] INFO  c.a.n.c.r.client - [printIfInfoEnabled,60] - [99d19209-acfb-4dd9-b3c2-b662db50cbe3] Registry connection listener to current client:com.alibaba.nacos.client.naming.remote.gprc.redo.NamingGrpcRedoService
18:37:57.962 [main] INFO  c.a.n.c.r.client - [printIfInfoEnabled,60] - [99d19209-acfb-4dd9-b3c2-b662db50cbe3] Register server push request handler:com.alibaba.nacos.client.naming.remote.gprc.NamingPushRequestHandler
18:37:57.964 [main] INFO  c.a.n.c.r.client - [printIfInfoEnabled,60] - [99d19209-acfb-4dd9-b3c2-b662db50cbe3] Try to connect to server on start up, server: {serverIp = '127.0.0.1', server main port = 8848}
18:37:58.150 [main] INFO  c.a.n.c.r.client - [printIfInfoEnabled,60] - [99d19209-acfb-4dd9-b3c2-b662db50cbe3] Success to connect to server [127.0.0.1:8848] on start up, connectionId = 1681555078011_127.0.0.1_52664
18:37:58.150 [com.alibaba.nacos.client.remote.worker] INFO  c.a.n.c.r.client - [printIfInfoEnabled,60] - [99d19209-acfb-4dd9-b3c2-b662db50cbe3] Notify connected event to listeners.
18:37:58.150 [main] INFO  c.a.n.c.r.client - [printIfInfoEnabled,60] - [99d19209-acfb-4dd9-b3c2-b662db50cbe3] Register server push request handler:com.alibaba.nacos.common.remote.client.RpcClient$ConnectResetRequestHandler
18:37:58.151 [main] INFO  c.a.n.c.r.client - [printIfInfoEnabled,60] - [99d19209-acfb-4dd9-b3c2-b662db50cbe3] Register server push request handler:com.alibaba.nacos.common.remote.client.RpcClient$$Lambda$475/0x000000080101c290
18:37:58.515 [main] INFO  c.a.c.n.r.NacosServiceRegistry - [register,75] - nacos registry, DEFAULT_GROUP cms-gateway 192.168.1.3:8080 register finished
18:37:58.637 [main] INFO  c.c.g.RuoYiGatewayApplication - [logStarted,61] - Started RuoYiGatewayApplication in 10.201 seconds (JVM running for 11.501)
18:37:58.644 [main] INFO  c.a.c.n.r.NacosContextRefresher - [registerNacosListener,129] - [Nacos Config] Listening config: dataId=cms-gateway, group=DEFAULT_GROUP
18:37:58.644 [main] INFO  c.a.c.n.r.NacosContextRefresher - [registerNacosListener,129] - [Nacos Config] Listening config: dataId=cms-gateway.yml, group=DEFAULT_GROUP
18:37:58.645 [main] INFO  c.a.c.n.r.NacosContextRefresher - [registerNacosListener,129] - [Nacos Config] Listening config: dataId=cms-gateway-dev.yml, group=DEFAULT_GROUP
18:37:58.755 [nacos-grpc-client-executor-47] INFO  c.a.n.c.r.client - [printIfInfoEnabled,60] - [99d19209-acfb-4dd9-b3c2-b662db50cbe3] Receive server push request, request = NotifySubscriberRequest, requestId = 4
18:37:58.756 [nacos-grpc-client-executor-47] INFO  c.a.n.c.r.client - [printIfInfoEnabled,60] - [99d19209-acfb-4dd9-b3c2-b662db50cbe3] Ack server push request, request = NotifySubscriberRequest, requestId = 4
18:37:59.047 [nacos-grpc-client-executor-50] INFO  c.a.n.c.r.client - [printIfInfoEnabled,60] - [99d19209-acfb-4dd9-b3c2-b662db50cbe3] Receive server push request, request = NotifySubscriberRequest, requestId = 6
18:37:59.053 [nacos-grpc-client-executor-50] INFO  c.a.n.c.r.client - [printIfInfoEnabled,60] - [99d19209-acfb-4dd9-b3c2-b662db50cbe3] Ack server push request, request = NotifySubscriberRequest, requestId = 6
18:37:59.069 [nacos-grpc-client-executor-51] INFO  c.a.n.c.r.client - [printIfInfoEnabled,60] - [99d19209-acfb-4dd9-b3c2-b662db50cbe3] Receive server push request, request = NotifySubscriberRequest, requestId = 5
18:37:59.070 [nacos-grpc-client-executor-51] INFO  c.a.n.c.r.client - [printIfInfoEnabled,60] - [99d19209-acfb-4dd9-b3c2-b662db50cbe3] Ack server push request, request = NotifySubscriberRequest, requestId = 5
18:38:29.096 [nacos-grpc-client-executor-89] INFO  c.a.n.c.r.client - [printIfInfoEnabled,60] - [99d19209-acfb-4dd9-b3c2-b662db50cbe3] Receive server push request, request = NotifySubscriberRequest, requestId = 16
18:38:29.103 [nacos-grpc-client-executor-89] INFO  c.a.n.c.r.client - [printIfInfoEnabled,60] - [99d19209-acfb-4dd9-b3c2-b662db50cbe3] Ack server push request, request = NotifySubscriberRequest, requestId = 16
18:38:29.105 [nacos-grpc-client-executor-90] INFO  c.a.n.c.r.client - [printIfInfoEnabled,60] - [99d19209-acfb-4dd9-b3c2-b662db50cbe3] Receive server push request, request = NotifySubscriberRequest, requestId = 15
18:38:29.106 [nacos-grpc-client-executor-90] INFO  c.a.n.c.r.client - [printIfInfoEnabled,60] - [99d19209-acfb-4dd9-b3c2-b662db50cbe3] Ack server push request, request = NotifySubscriberRequest, requestId = 15
18:38:29.108 [nacos-grpc-client-executor-91] INFO  c.a.n.c.r.client - [printIfInfoEnabled,60] - [99d19209-acfb-4dd9-b3c2-b662db50cbe3] Receive server push request, request = NotifySubscriberRequest, requestId = 18
18:38:29.108 [nacos-grpc-client-executor-91] INFO  c.a.n.c.r.client - [printIfInfoEnabled,60] - [99d19209-acfb-4dd9-b3c2-b662db50cbe3] Ack server push request, request = NotifySubscriberRequest, requestId = 18
18:38:29.110 [nacos-grpc-client-executor-92] INFO  c.a.n.c.r.client - [printIfInfoEnabled,60] - [99d19209-acfb-4dd9-b3c2-b662db50cbe3] Receive server push request, request = NotifySubscriberRequest, requestId = 17
18:38:29.111 [nacos-grpc-client-executor-92] INFO  c.a.n.c.r.client - [printIfInfoEnabled,60] - [99d19209-acfb-4dd9-b3c2-b662db50cbe3] Ack server push request, request = NotifySubscriberRequest, requestId = 17
19:48:29.670 [nacos-grpc-client-executor-2219] INFO  c.a.n.c.r.client - [printIfInfoEnabled,60] - [99d19209-acfb-4dd9-b3c2-b662db50cbe3] Receive server push request, request = NotifySubscriberRequest, requestId = 24
19:48:29.671 [nacos-grpc-client-executor-2219] INFO  c.a.n.c.r.client - [printIfInfoEnabled,60] - [99d19209-acfb-4dd9-b3c2-b662db50cbe3] Ack server push request, request = NotifySubscriberRequest, requestId = 24
19:49:14.497 [nacos-grpc-client-executor-2245] INFO  c.a.n.c.r.client - [printIfInfoEnabled,60] - [99d19209-acfb-4dd9-b3c2-b662db50cbe3] Receive server push request, request = NotifySubscriberRequest, requestId = 28
19:49:14.499 [nacos-grpc-client-executor-2245] INFO  c.a.n.c.r.client - [printIfInfoEnabled,60] - [99d19209-acfb-4dd9-b3c2-b662db50cbe3] Ack server push request, request = NotifySubscriberRequest, requestId = 28
19:49:26.928 [nacos-grpc-client-executor-2248] INFO  c.a.n.c.r.client - [printIfInfoEnabled,60] - [99d19209-acfb-4dd9-b3c2-b662db50cbe3] Receive server push request, request = NotifySubscriberRequest, requestId = 32
19:49:26.935 [nacos-grpc-client-executor-2248] INFO  c.a.n.c.r.client - [printIfInfoEnabled,60] - [99d19209-acfb-4dd9-b3c2-b662db50cbe3] Ack server push request, request = NotifySubscriberRequest, requestId = 32
19:49:30.321 [nacos-grpc-client-executor-2259] INFO  c.a.n.c.r.client - [printIfInfoEnabled,60] - [99d19209-acfb-4dd9-b3c2-b662db50cbe3] Receive server push request, request = NotifySubscriberRequest, requestId = 35
19:49:30.324 [nacos-grpc-client-executor-2259] INFO  c.a.n.c.r.client - [printIfInfoEnabled,60] - [99d19209-acfb-4dd9-b3c2-b662db50cbe3] Ack server push request, request = NotifySubscriberRequest, requestId = 35
19:49:41.129 [nacos-grpc-client-executor-2262] INFO  c.a.n.c.r.client - [printIfInfoEnabled,60] - [99d19209-acfb-4dd9-b3c2-b662db50cbe3] Receive server push request, request = NotifySubscriberRequest, requestId = 38
19:49:41.130 [nacos-grpc-client-executor-2262] INFO  c.a.n.c.r.client - [printIfInfoEnabled,60] - [99d19209-acfb-4dd9-b3c2-b662db50cbe3] Ack server push request, request = NotifySubscriberRequest, requestId = 38
19:51:53.411 [SpringApplicationShutdownHook] INFO  c.a.c.n.r.NacosServiceRegistry - [deregister,94] - De-registering from Nacos Server now...
19:51:53.413 [SpringApplicationShutdownHook] INFO  c.a.c.n.r.NacosServiceRegistry - [deregister,114] - De-registration finished.
19:51:53.723 [SpringApplicationShutdownHook] INFO  c.a.n.c.r.client - [shutdown,454] - Shutdown rpc client, set status to shutdown
19:51:53.724 [SpringApplicationShutdownHook] INFO  c.a.n.c.r.client - [shutdown,456] - Shutdown client event executor java.util.concurrent.ScheduledThreadPoolExecutor@ee7649[Running, pool size = 2, active threads = 2, queued tasks = 0, completed tasks = 0]
19:51:53.724 [SpringApplicationShutdownHook] INFO  c.a.n.c.r.client - [closeConnection,591] - Close current connection 1681555078011_127.0.0.1_52664
19:51:53.725 [nacos-grpc-client-executor-2334] INFO  c.a.n.c.r.c.g.GrpcClient - [printIfInfoEnabled,60] - [1681555078011_127.0.0.1_52664]Ignore complete event,isRunning:false,isAbandon=false
19:51:53.728 [SpringApplicationShutdownHook] INFO  c.a.n.c.r.c.g.GrpcClient - [shutdown,85] - Shutdown grpc executor java.util.concurrent.ThreadPoolExecutor@7732d1a1[Running, pool size = 6, active threads = 0, queued tasks = 0, completed tasks = 2335]
19:52:24.166 [background-preinit] INFO  o.h.v.i.util.Version - [<clinit>,21] - HV000001: Hibernate Validator 6.2.5.Final
19:52:24.878 [main] INFO  c.a.n.c.r.client - [lambda$createClient$0,80] - [RpcClientFactory] create a new rpc client of dd393228-1753-428d-a2bc-a9b5169b4d7e_config-0
19:52:24.937 [main] INFO  o.r.Reflections - [scan,232] - Reflections took 36 ms to scan 1 urls, producing 3 keys and 6 values 
19:52:24.967 [main] INFO  o.r.Reflections - [scan,232] - Reflections took 18 ms to scan 1 urls, producing 4 keys and 9 values 
19:52:24.987 [main] INFO  o.r.Reflections - [scan,232] - Reflections took 16 ms to scan 1 urls, producing 3 keys and 10 values 
19:52:25.009 [main] INFO  o.r.Reflections - [scan,232] - Reflections took 17 ms to scan 1 urls, producing 1 keys and 5 values 
19:52:25.032 [main] INFO  o.r.Reflections - [scan,232] - Reflections took 20 ms to scan 1 urls, producing 1 keys and 7 values 
19:52:25.043 [main] INFO  o.r.Reflections - [scan,232] - Reflections took 9 ms to scan 1 urls, producing 2 keys and 8 values 
19:52:25.049 [main] INFO  c.a.n.c.r.client - [printIfInfoEnabled,60] - [dd393228-1753-428d-a2bc-a9b5169b4d7e_config-0] RpcClient init label, labels = {module=config, Vipserver-Tag=null, source=sdk, Amory-Tag=null, Location-Tag=null, taskId=0, AppName=unknown}
19:52:25.050 [main] INFO  c.a.n.c.r.client - [printIfInfoEnabled,60] - [dd393228-1753-428d-a2bc-a9b5169b4d7e_config-0] Register server push request handler:com.alibaba.nacos.client.config.impl.ClientWorker$ConfigRpcTransportClient$$Lambda$463/0x0000000800f1cc28
19:52:25.050 [main] INFO  c.a.n.c.r.client - [printIfInfoEnabled,60] - [dd393228-1753-428d-a2bc-a9b5169b4d7e_config-0] Register server push request handler:com.alibaba.nacos.client.config.impl.ClientWorker$ConfigRpcTransportClient$$Lambda$464/0x0000000800f1ce50
19:52:25.051 [main] INFO  c.a.n.c.r.client - [printIfInfoEnabled,60] - [dd393228-1753-428d-a2bc-a9b5169b4d7e_config-0] Registry connection listener to current client:com.alibaba.nacos.client.config.impl.ClientWorker$ConfigRpcTransportClient$1
19:52:25.052 [main] INFO  c.a.n.c.r.client - [printIfInfoEnabled,60] - [dd393228-1753-428d-a2bc-a9b5169b4d7e_config-0] RpcClient init, ServerListFactory = com.alibaba.nacos.client.config.impl.ClientWorker$ConfigRpcTransportClient$2
19:52:25.061 [main] INFO  c.a.n.c.r.client - [printIfInfoEnabled,60] - [dd393228-1753-428d-a2bc-a9b5169b4d7e_config-0] Try to connect to server on start up, server: {serverIp = '127.0.0.1', server main port = 8848}
19:52:25.651 [main] INFO  c.a.n.c.r.client - [printIfInfoEnabled,60] - [dd393228-1753-428d-a2bc-a9b5169b4d7e_config-0] Success to connect to server [127.0.0.1:8848] on start up, connectionId = 1681559545472_127.0.0.1_55157
19:52:25.651 [com.alibaba.nacos.client.remote.worker] INFO  c.a.n.c.r.client - [printIfInfoEnabled,60] - [dd393228-1753-428d-a2bc-a9b5169b4d7e_config-0] Notify connected event to listeners.
19:52:25.652 [main] INFO  c.a.n.c.r.client - [printIfInfoEnabled,60] - [dd393228-1753-428d-a2bc-a9b5169b4d7e_config-0] Register server push request handler:com.alibaba.nacos.common.remote.client.RpcClient$ConnectResetRequestHandler
19:52:25.652 [main] INFO  c.a.n.c.r.client - [printIfInfoEnabled,60] - [dd393228-1753-428d-a2bc-a9b5169b4d7e_config-0] Register server push request handler:com.alibaba.nacos.common.remote.client.RpcClient$$Lambda$475/0x000000080101cba8
19:52:25.717 [main] INFO  c.c.g.RuoYiGatewayApplication - [logStartupProfileInfo,637] - The following 1 profile is active: "dev"
19:52:29.417 [main] INFO  c.a.c.s.g.s.SentinelSCGAutoConfiguration - [sentinelGatewayFilter,144] - [Sentinel SpringCloudGateway] register SentinelGatewayFilter with order: -2147483648
19:52:29.950 [main] INFO  c.a.c.s.g.s.SentinelSCGAutoConfiguration - [sentinelGatewayBlockExceptionHandler,134] - [Sentinel SpringCloudGateway] register SentinelGatewayBlockExceptionHandler
19:52:30.432 [main] INFO  c.a.n.c.r.client - [lambda$createClient$0,80] - [RpcClientFactory] create a new rpc client of e003888c-bfa4-4ecb-888c-9af17f85f943_config-0
19:52:30.433 [main] INFO  c.a.n.c.r.client - [printIfInfoEnabled,60] - [e003888c-bfa4-4ecb-888c-9af17f85f943_config-0] RpcClient init label, labels = {module=config, Vipserver-Tag=null, source=sdk, Amory-Tag=null, Location-Tag=null, taskId=0, AppName=unknown}
19:52:30.433 [main] INFO  c.a.n.c.r.client - [printIfInfoEnabled,60] - [e003888c-bfa4-4ecb-888c-9af17f85f943_config-0] Register server push request handler:com.alibaba.nacos.client.config.impl.ClientWorker$ConfigRpcTransportClient$$Lambda$463/0x0000000800f1cc28
19:52:30.433 [main] INFO  c.a.n.c.r.client - [printIfInfoEnabled,60] - [e003888c-bfa4-4ecb-888c-9af17f85f943_config-0] Register server push request handler:com.alibaba.nacos.client.config.impl.ClientWorker$ConfigRpcTransportClient$$Lambda$464/0x0000000800f1ce50
19:52:30.434 [main] INFO  c.a.n.c.r.client - [printIfInfoEnabled,60] - [e003888c-bfa4-4ecb-888c-9af17f85f943_config-0] Registry connection listener to current client:com.alibaba.nacos.client.config.impl.ClientWorker$ConfigRpcTransportClient$1
19:52:30.434 [main] INFO  c.a.n.c.r.client - [printIfInfoEnabled,60] - [e003888c-bfa4-4ecb-888c-9af17f85f943_config-0] RpcClient init, ServerListFactory = com.alibaba.nacos.client.config.impl.ClientWorker$ConfigRpcTransportClient$2
19:52:30.435 [main] INFO  c.a.n.c.r.client - [printIfInfoEnabled,60] - [e003888c-bfa4-4ecb-888c-9af17f85f943_config-0] Try to connect to server on start up, server: {serverIp = '127.0.0.1', server main port = 8848}
19:52:30.574 [main] INFO  c.a.n.c.r.client - [printIfInfoEnabled,60] - [e003888c-bfa4-4ecb-888c-9af17f85f943_config-0] Success to connect to server [127.0.0.1:8848] on start up, connectionId = 1681559550451_127.0.0.1_55168
19:52:30.574 [main] INFO  c.a.n.c.r.client - [printIfInfoEnabled,60] - [e003888c-bfa4-4ecb-888c-9af17f85f943_config-0] Register server push request handler:com.alibaba.nacos.common.remote.client.RpcClient$ConnectResetRequestHandler
19:52:30.575 [com.alibaba.nacos.client.remote.worker] INFO  c.a.n.c.r.client - [printIfInfoEnabled,60] - [e003888c-bfa4-4ecb-888c-9af17f85f943_config-0] Notify connected event to listeners.
19:52:30.575 [main] INFO  c.a.n.c.r.client - [printIfInfoEnabled,60] - [e003888c-bfa4-4ecb-888c-9af17f85f943_config-0] Register server push request handler:com.alibaba.nacos.common.remote.client.RpcClient$$Lambda$475/0x000000080101cba8
19:52:30.766 [main] INFO  c.a.n.c.r.client - [lambda$createClient$0,80] - [RpcClientFactory] create a new rpc client of fd01412c-2bfd-4c85-816a-bcb3b388ec4e
19:52:30.766 [main] INFO  c.a.n.c.r.client - [printIfInfoEnabled,60] - [fd01412c-2bfd-4c85-816a-bcb3b388ec4e] RpcClient init label, labels = {module=naming, source=sdk}
19:52:30.770 [main] INFO  c.a.n.c.r.client - [printIfInfoEnabled,60] - [fd01412c-2bfd-4c85-816a-bcb3b388ec4e] RpcClient init, ServerListFactory = com.alibaba.nacos.client.naming.core.ServerListManager
19:52:30.771 [main] INFO  c.a.n.c.r.client - [printIfInfoEnabled,60] - [fd01412c-2bfd-4c85-816a-bcb3b388ec4e] Registry connection listener to current client:com.alibaba.nacos.client.naming.remote.gprc.redo.NamingGrpcRedoService
19:52:30.772 [main] INFO  c.a.n.c.r.client - [printIfInfoEnabled,60] - [fd01412c-2bfd-4c85-816a-bcb3b388ec4e] Register server push request handler:com.alibaba.nacos.client.naming.remote.gprc.NamingPushRequestHandler
19:52:30.773 [main] INFO  c.a.n.c.r.client - [printIfInfoEnabled,60] - [fd01412c-2bfd-4c85-816a-bcb3b388ec4e] Try to connect to server on start up, server: {serverIp = '127.0.0.1', server main port = 8848}
19:52:30.924 [main] INFO  c.a.n.c.r.client - [printIfInfoEnabled,60] - [fd01412c-2bfd-4c85-816a-bcb3b388ec4e] Success to connect to server [127.0.0.1:8848] on start up, connectionId = 1681559550792_127.0.0.1_55170
19:52:30.925 [com.alibaba.nacos.client.remote.worker] INFO  c.a.n.c.r.client - [printIfInfoEnabled,60] - [fd01412c-2bfd-4c85-816a-bcb3b388ec4e] Notify connected event to listeners.
19:52:30.925 [main] INFO  c.a.n.c.r.client - [printIfInfoEnabled,60] - [fd01412c-2bfd-4c85-816a-bcb3b388ec4e] Register server push request handler:com.alibaba.nacos.common.remote.client.RpcClient$ConnectResetRequestHandler
19:52:30.926 [main] INFO  c.a.n.c.r.client - [printIfInfoEnabled,60] - [fd01412c-2bfd-4c85-816a-bcb3b388ec4e] Register server push request handler:com.alibaba.nacos.common.remote.client.RpcClient$$Lambda$475/0x000000080101cba8
19:52:31.130 [main] INFO  c.a.c.n.r.NacosServiceRegistry - [register,75] - nacos registry, DEFAULT_GROUP cms-gateway 192.168.1.3:8080 register finished
19:52:31.205 [main] INFO  c.c.g.RuoYiGatewayApplication - [logStarted,61] - Started RuoYiGatewayApplication in 7.734 seconds (JVM running for 9.014)
19:52:31.213 [main] INFO  c.a.c.n.r.NacosContextRefresher - [registerNacosListener,129] - [Nacos Config] Listening config: dataId=cms-gateway, group=DEFAULT_GROUP
19:52:31.214 [main] INFO  c.a.c.n.r.NacosContextRefresher - [registerNacosListener,129] - [Nacos Config] Listening config: dataId=cms-gateway.yml, group=DEFAULT_GROUP
19:52:31.215 [main] INFO  c.a.c.n.r.NacosContextRefresher - [registerNacosListener,129] - [Nacos Config] Listening config: dataId=cms-gateway-dev.yml, group=DEFAULT_GROUP
19:52:31.483 [nacos-grpc-client-executor-56] INFO  c.a.n.c.r.client - [printIfInfoEnabled,60] - [fd01412c-2bfd-4c85-816a-bcb3b388ec4e] Receive server push request, request = NotifySubscriberRequest, requestId = 50
19:52:31.488 [nacos-grpc-client-executor-56] INFO  c.a.n.c.r.client - [printIfInfoEnabled,60] - [fd01412c-2bfd-4c85-816a-bcb3b388ec4e] Ack server push request, request = NotifySubscriberRequest, requestId = 50
19:52:31.673 [nacos-grpc-client-executor-59] INFO  c.a.n.c.r.client - [printIfInfoEnabled,60] - [fd01412c-2bfd-4c85-816a-bcb3b388ec4e] Receive server push request, request = NotifySubscriberRequest, requestId = 53
19:52:31.675 [nacos-grpc-client-executor-59] INFO  c.a.n.c.r.client - [printIfInfoEnabled,60] - [fd01412c-2bfd-4c85-816a-bcb3b388ec4e] Ack server push request, request = NotifySubscriberRequest, requestId = 53
19:52:31.681 [nacos-grpc-client-executor-60] INFO  c.a.n.c.r.client - [printIfInfoEnabled,60] - [fd01412c-2bfd-4c85-816a-bcb3b388ec4e] Receive server push request, request = NotifySubscriberRequest, requestId = 55
19:52:31.681 [nacos-grpc-client-executor-60] INFO  c.a.n.c.r.client - [printIfInfoEnabled,60] - [fd01412c-2bfd-4c85-816a-bcb3b388ec4e] Ack server push request, request = NotifySubscriberRequest, requestId = 55
19:52:31.686 [nacos-grpc-client-executor-61] INFO  c.a.n.c.r.client - [printIfInfoEnabled,60] - [fd01412c-2bfd-4c85-816a-bcb3b388ec4e] Receive server push request, request = NotifySubscriberRequest, requestId = 54
19:52:31.686 [nacos-grpc-client-executor-61] INFO  c.a.n.c.r.client - [printIfInfoEnabled,60] - [fd01412c-2bfd-4c85-816a-bcb3b388ec4e] Ack server push request, request = NotifySubscriberRequest, requestId = 54
19:52:31.689 [nacos-grpc-client-executor-62] INFO  c.a.n.c.r.client - [printIfInfoEnabled,60] - [fd01412c-2bfd-4c85-816a-bcb3b388ec4e] Receive server push request, request = NotifySubscriberRequest, requestId = 51
19:52:31.690 [nacos-grpc-client-executor-62] INFO  c.a.n.c.r.client - [printIfInfoEnabled,60] - [fd01412c-2bfd-4c85-816a-bcb3b388ec4e] Ack server push request, request = NotifySubscriberRequest, requestId = 51
19:52:31.695 [nacos-grpc-client-executor-63] INFO  c.a.n.c.r.client - [printIfInfoEnabled,60] - [fd01412c-2bfd-4c85-816a-bcb3b388ec4e] Receive server push request, request = NotifySubscriberRequest, requestId = 52
19:52:31.697 [nacos-grpc-client-executor-63] INFO  c.a.n.c.r.client - [printIfInfoEnabled,60] - [fd01412c-2bfd-4c85-816a-bcb3b388ec4e] Ack server push request, request = NotifySubscriberRequest, requestId = 52
19:52:31.701 [nacos-grpc-client-executor-0] INFO  c.a.n.c.r.client - [printIfInfoEnabled,60] - [fd01412c-2bfd-4c85-816a-bcb3b388ec4e] Receive server push request, request = NotifySubscriberRequest, requestId = 56
19:52:31.702 [nacos-grpc-client-executor-0] INFO  c.a.n.c.r.client - [printIfInfoEnabled,60] - [fd01412c-2bfd-4c85-816a-bcb3b388ec4e] Ack server push request, request = NotifySubscriberRequest, requestId = 56
19:52:31.707 [nacos-grpc-client-executor-1] INFO  c.a.n.c.r.client - [printIfInfoEnabled,60] - [fd01412c-2bfd-4c85-816a-bcb3b388ec4e] Receive server push request, request = NotifySubscriberRequest, requestId = 57
19:52:31.708 [nacos-grpc-client-executor-1] INFO  c.a.n.c.r.client - [printIfInfoEnabled,60] - [fd01412c-2bfd-4c85-816a-bcb3b388ec4e] Ack server push request, request = NotifySubscriberRequest, requestId = 57
19:52:39.862 [nacos-grpc-client-executor-36] INFO  c.a.n.c.r.client - [printIfInfoEnabled,60] - [fd01412c-2bfd-4c85-816a-bcb3b388ec4e] Receive server push request, request = NotifySubscriberRequest, requestId = 59
19:52:39.864 [nacos-grpc-client-executor-36] INFO  c.a.n.c.r.client - [printIfInfoEnabled,60] - [fd01412c-2bfd-4c85-816a-bcb3b388ec4e] Ack server push request, request = NotifySubscriberRequest, requestId = 59
19:52:45.639 [nacos-grpc-client-executor-66] INFO  c.a.n.c.r.client - [printIfInfoEnabled,60] - [fd01412c-2bfd-4c85-816a-bcb3b388ec4e] Receive server push request, request = NotifySubscriberRequest, requestId = 60
19:52:45.641 [nacos-grpc-client-executor-66] INFO  c.a.n.c.r.client - [printIfInfoEnabled,60] - [fd01412c-2bfd-4c85-816a-bcb3b388ec4e] Ack server push request, request = NotifySubscriberRequest, requestId = 60
19:52:46.553 [nacos-grpc-client-executor-71] INFO  c.a.n.c.r.client - [printIfInfoEnabled,60] - [fd01412c-2bfd-4c85-816a-bcb3b388ec4e] Receive server push request, request = NotifySubscriberRequest, requestId = 70
19:52:46.554 [nacos-grpc-client-executor-71] INFO  c.a.n.c.r.client - [printIfInfoEnabled,60] - [fd01412c-2bfd-4c85-816a-bcb3b388ec4e] Ack server push request, request = NotifySubscriberRequest, requestId = 70
19:52:54.687 [nacos-grpc-client-executor-72] INFO  c.a.n.c.r.client - [printIfInfoEnabled,60] - [fd01412c-2bfd-4c85-816a-bcb3b388ec4e] Receive server push request, request = NotifySubscriberRequest, requestId = 73
19:52:54.688 [nacos-grpc-client-executor-72] INFO  c.a.n.c.r.client - [printIfInfoEnabled,60] - [fd01412c-2bfd-4c85-816a-bcb3b388ec4e] Ack server push request, request = NotifySubscriberRequest, requestId = 73
19:58:40.289 [nacos-grpc-client-executor-98] INFO  c.a.n.c.r.client - [printIfInfoEnabled,60] - [dd393228-1753-428d-a2bc-a9b5169b4d7e_config-0] Receive server push request, request = ConfigChangeNotifyRequest, requestId = 77
19:58:40.290 [nacos-grpc-client-executor-98] INFO  c.a.n.c.r.client - [printIfInfoEnabled,60] - [dd393228-1753-428d-a2bc-a9b5169b4d7e_config-0] Ack server push request, request = ConfigChangeNotifyRequest, requestId = 77
19:58:49.718 [nacos-grpc-client-executor-273] INFO  c.a.n.c.r.client - [printIfInfoEnabled,60] - [fd01412c-2bfd-4c85-816a-bcb3b388ec4e] Receive server push request, request = NotifySubscriberRequest, requestId = 78
19:58:49.720 [nacos-grpc-client-executor-273] INFO  c.a.n.c.r.client - [printIfInfoEnabled,60] - [fd01412c-2bfd-4c85-816a-bcb3b388ec4e] Ack server push request, request = NotifySubscriberRequest, requestId = 78
19:59:02.487 [nacos-grpc-client-executor-285] INFO  c.a.n.c.r.client - [printIfInfoEnabled,60] - [fd01412c-2bfd-4c85-816a-bcb3b388ec4e] Receive server push request, request = NotifySubscriberRequest, requestId = 81
19:59:02.494 [nacos-grpc-client-executor-285] INFO  c.a.n.c.r.client - [printIfInfoEnabled,60] - [fd01412c-2bfd-4c85-816a-bcb3b388ec4e] Ack server push request, request = NotifySubscriberRequest, requestId = 81
21:27:38.323 [nacos-grpc-client-executor-3110] INFO  c.a.n.c.r.client - [printIfInfoEnabled,60] - [fd01412c-2bfd-4c85-816a-bcb3b388ec4e] Receive server push request, request = NotifySubscriberRequest, requestId = 84
21:27:38.328 [nacos-grpc-client-executor-3110] INFO  c.a.n.c.r.client - [printIfInfoEnabled,60] - [fd01412c-2bfd-4c85-816a-bcb3b388ec4e] Ack server push request, request = NotifySubscriberRequest, requestId = 84
21:27:51.336 [nacos-grpc-client-executor-3115] INFO  c.a.n.c.r.client - [printIfInfoEnabled,60] - [fd01412c-2bfd-4c85-816a-bcb3b388ec4e] Receive server push request, request = NotifySubscriberRequest, requestId = 86
21:27:51.337 [nacos-grpc-client-executor-3115] INFO  c.a.n.c.r.client - [printIfInfoEnabled,60] - [fd01412c-2bfd-4c85-816a-bcb3b388ec4e] Ack server push request, request = NotifySubscriberRequest, requestId = 86
21:35:37.750 [nacos-grpc-client-executor-3361] INFO  c.a.n.c.r.client - [printIfInfoEnabled,60] - [fd01412c-2bfd-4c85-816a-bcb3b388ec4e] Receive server push request, request = NotifySubscriberRequest, requestId = 90
21:35:37.755 [nacos-grpc-client-executor-3361] INFO  c.a.n.c.r.client - [printIfInfoEnabled,60] - [fd01412c-2bfd-4c85-816a-bcb3b388ec4e] Ack server push request, request = NotifySubscriberRequest, requestId = 90
21:44:55.053 [nacos-grpc-client-executor-3658] INFO  c.a.n.c.r.client - [printIfInfoEnabled,60] - [fd01412c-2bfd-4c85-816a-bcb3b388ec4e] Receive server push request, request = NotifySubscriberRequest, requestId = 93
21:44:55.055 [nacos-grpc-client-executor-3658] INFO  c.a.n.c.r.client - [printIfInfoEnabled,60] - [fd01412c-2bfd-4c85-816a-bcb3b388ec4e] Ack server push request, request = NotifySubscriberRequest, requestId = 93
23:04:38.734 [nacos-grpc-client-executor-6068] INFO  c.a.n.c.r.client - [printIfInfoEnabled,60] - [fd01412c-2bfd-4c85-816a-bcb3b388ec4e] Receive server push request, request = NotifySubscriberRequest, requestId = 95
23:04:38.737 [nacos-grpc-client-executor-6068] INFO  c.a.n.c.r.client - [printIfInfoEnabled,60] - [fd01412c-2bfd-4c85-816a-bcb3b388ec4e] Ack server push request, request = NotifySubscriberRequest, requestId = 95
23:04:52.206 [nacos-grpc-client-executor-6073] INFO  c.a.n.c.r.client - [printIfInfoEnabled,60] - [fd01412c-2bfd-4c85-816a-bcb3b388ec4e] Receive server push request, request = NotifySubscriberRequest, requestId = 98
23:04:52.207 [nacos-grpc-client-executor-6073] INFO  c.a.n.c.r.client - [printIfInfoEnabled,60] - [fd01412c-2bfd-4c85-816a-bcb3b388ec4e] Ack server push request, request = NotifySubscriberRequest, requestId = 98
23:34:56.100 [nacos-grpc-client-executor-7049] INFO  c.a.n.c.r.client - [printIfInfoEnabled,60] - [fd01412c-2bfd-4c85-816a-bcb3b388ec4e] Receive server push request, request = NotifySubscriberRequest, requestId = 101
23:34:56.103 [nacos-grpc-client-executor-7049] INFO  c.a.n.c.r.client - [printIfInfoEnabled,60] - [fd01412c-2bfd-4c85-816a-bcb3b388ec4e] Ack server push request, request = NotifySubscriberRequest, requestId = 101
23:35:09.798 [nacos-grpc-client-executor-7060] INFO  c.a.n.c.r.client - [printIfInfoEnabled,60] - [fd01412c-2bfd-4c85-816a-bcb3b388ec4e] Receive server push request, request = NotifySubscriberRequest, requestId = 104
23:35:09.800 [nacos-grpc-client-executor-7060] INFO  c.a.n.c.r.client - [printIfInfoEnabled,60] - [fd01412c-2bfd-4c85-816a-bcb3b388ec4e] Ack server push request, request = NotifySubscriberRequest, requestId = 104
