02:03:08.432 [nacos-grpc-client-executor-3693] INFO  c.a.n.c.r.client - [printIfInfoEnabled,60] - [82005f9e-110a-4e9f-89a8-a98845cf9b0a] Receive server push request, request = NotifySubscriberRequest, requestId = 30
02:03:08.440 [nacos-grpc-client-executor-3693] INFO  c.a.n.c.r.client - [printIfInfoEnabled,60] - [82005f9e-110a-4e9f-89a8-a98845cf9b0a] Ack server push request, request = NotifySubscriberRequest, requestId = 30
02:03:08.498 [nacos-grpc-client-executor-3694] INFO  c.a.n.c.r.client - [printIfInfoEnabled,60] - [82005f9e-110a-4e9f-89a8-a98845cf9b0a] Receive server push request, request = NotifySubscriberRequest, requestId = 32
02:03:08.501 [nacos-grpc-client-executor-3694] INFO  c.a.n.c.r.client - [printIfInfoEnabled,60] - [82005f9e-110a-4e9f-89a8-a98845cf9b0a] Ack server push request, request = NotifySubscriberRequest, requestId = 32
02:03:08.600 [nacos-grpc-client-executor-3695] INFO  c.a.n.c.r.client - [printIfInfoEnabled,60] - [82005f9e-110a-4e9f-89a8-a98845cf9b0a] Receive server push request, request = NotifySubscriberRequest, requestId = 34
02:03:08.601 [nacos-grpc-client-executor-3695] INFO  c.a.n.c.r.client - [printIfInfoEnabled,60] - [82005f9e-110a-4e9f-89a8-a98845cf9b0a] Ack server push request, request = NotifySubscriberRequest, requestId = 34
02:03:08.700 [nacos-grpc-client-executor-3696] INFO  c.a.n.c.r.client - [printIfInfoEnabled,60] - [82005f9e-110a-4e9f-89a8-a98845cf9b0a] Receive server push request, request = NotifySubscriberRequest, requestId = 36
02:03:08.702 [nacos-grpc-client-executor-3696] INFO  c.a.n.c.r.client - [printIfInfoEnabled,60] - [82005f9e-110a-4e9f-89a8-a98845cf9b0a] Ack server push request, request = NotifySubscriberRequest, requestId = 36
02:03:08.907 [nacos-grpc-client-executor-3697] INFO  c.a.n.c.r.client - [printIfInfoEnabled,60] - [82005f9e-110a-4e9f-89a8-a98845cf9b0a] Receive server push request, request = NotifySubscriberRequest, requestId = 38
02:03:08.909 [nacos-grpc-client-executor-3697] INFO  c.a.n.c.r.client - [printIfInfoEnabled,60] - [82005f9e-110a-4e9f-89a8-a98845cf9b0a] Ack server push request, request = NotifySubscriberRequest, requestId = 38
02:03:10.635 [nacos-grpc-client-executor-3698] INFO  c.a.n.c.r.client - [printIfInfoEnabled,60] - [82005f9e-110a-4e9f-89a8-a98845cf9b0a] Receive server push request, request = NotifySubscriberRequest, requestId = 39
02:03:10.637 [nacos-grpc-client-executor-3698] INFO  c.a.n.c.r.client - [printIfInfoEnabled,60] - [82005f9e-110a-4e9f-89a8-a98845cf9b0a] Ack server push request, request = NotifySubscriberRequest, requestId = 39
02:03:10.831 [SpringApplicationShutdownHook] INFO  c.a.c.n.r.NacosServiceRegistry - [deregister,94] - De-registering from Nacos Server now...
02:03:10.841 [SpringApplicationShutdownHook] INFO  c.a.c.n.r.NacosServiceRegistry - [deregister,114] - De-registration finished.
02:03:11.155 [SpringApplicationShutdownHook] INFO  c.a.n.c.r.client - [shutdown,454] - Shutdown rpc client, set status to shutdown
02:03:11.155 [SpringApplicationShutdownHook] INFO  c.a.n.c.r.client - [shutdown,456] - Shutdown client event executor java.util.concurrent.ScheduledThreadPoolExecutor@1d24d10f[Running, pool size = 2, active threads = 2, queued tasks = 0, completed tasks = 0]
02:03:11.156 [SpringApplicationShutdownHook] INFO  c.a.n.c.r.client - [closeConnection,591] - Close current connection 1682473654259_127.0.0.1_49383
02:03:11.158 [nacos-grpc-client-executor-3701] INFO  c.a.n.c.r.c.g.GrpcClient - [printIfInfoEnabled,60] - [1682473654259_127.0.0.1_49383]Ignore complete event,isRunning:false,isAbandon=false
02:03:11.163 [SpringApplicationShutdownHook] INFO  c.a.n.c.r.c.g.GrpcClient - [shutdown,85] - Shutdown grpc executor java.util.concurrent.ThreadPoolExecutor@5892dfaa[Running, pool size = 10, active threads = 0, queued tasks = 0, completed tasks = 3702]
02:03:33.410 [background-preinit] INFO  o.h.v.i.util.Version - [<clinit>,21] - HV000001: Hibernate Validator 6.2.5.Final
02:03:33.981 [main] INFO  c.a.n.c.r.client - [lambda$createClient$0,80] - [RpcClientFactory] create a new rpc client of 9ceffc14-4745-4a41-afa8-4c5c22ff79ab_config-0
02:03:34.023 [main] INFO  o.r.Reflections - [scan,232] - Reflections took 27 ms to scan 1 urls, producing 3 keys and 6 values 
02:03:34.055 [main] INFO  o.r.Reflections - [scan,232] - Reflections took 17 ms to scan 1 urls, producing 4 keys and 9 values 
02:03:34.071 [main] INFO  o.r.Reflections - [scan,232] - Reflections took 12 ms to scan 1 urls, producing 3 keys and 10 values 
02:03:34.087 [main] INFO  o.r.Reflections - [scan,232] - Reflections took 12 ms to scan 1 urls, producing 1 keys and 5 values 
02:03:34.103 [main] INFO  o.r.Reflections - [scan,232] - Reflections took 14 ms to scan 1 urls, producing 1 keys and 7 values 
02:03:34.118 [main] INFO  o.r.Reflections - [scan,232] - Reflections took 13 ms to scan 1 urls, producing 2 keys and 8 values 
02:03:34.125 [main] INFO  c.a.n.c.r.client - [printIfInfoEnabled,60] - [9ceffc14-4745-4a41-afa8-4c5c22ff79ab_config-0] RpcClient init label, labels = {module=config, Vipserver-Tag=null, source=sdk, Amory-Tag=null, Location-Tag=null, taskId=0, AppName=unknown}
02:03:34.126 [main] INFO  c.a.n.c.r.client - [printIfInfoEnabled,60] - [9ceffc14-4745-4a41-afa8-4c5c22ff79ab_config-0] Register server push request handler:com.alibaba.nacos.client.config.impl.ClientWorker$ConfigRpcTransportClient$$Lambda$463/0x0000000800f1c990
02:03:34.127 [main] INFO  c.a.n.c.r.client - [printIfInfoEnabled,60] - [9ceffc14-4745-4a41-afa8-4c5c22ff79ab_config-0] Register server push request handler:com.alibaba.nacos.client.config.impl.ClientWorker$ConfigRpcTransportClient$$Lambda$464/0x0000000800f1cbb8
02:03:34.127 [main] INFO  c.a.n.c.r.client - [printIfInfoEnabled,60] - [9ceffc14-4745-4a41-afa8-4c5c22ff79ab_config-0] Registry connection listener to current client:com.alibaba.nacos.client.config.impl.ClientWorker$ConfigRpcTransportClient$1
02:03:34.128 [main] INFO  c.a.n.c.r.client - [printIfInfoEnabled,60] - [9ceffc14-4745-4a41-afa8-4c5c22ff79ab_config-0] RpcClient init, ServerListFactory = com.alibaba.nacos.client.config.impl.ClientWorker$ConfigRpcTransportClient$2
02:03:34.145 [main] INFO  c.a.n.c.r.client - [printIfInfoEnabled,60] - [9ceffc14-4745-4a41-afa8-4c5c22ff79ab_config-0] Try to connect to server on start up, server: {serverIp = '127.0.0.1', server main port = 8848}
02:03:34.862 [main] INFO  c.a.n.c.r.client - [printIfInfoEnabled,60] - [9ceffc14-4745-4a41-afa8-4c5c22ff79ab_config-0] Success to connect to server [127.0.0.1:8848] on start up, connectionId = 1682618614631_127.0.0.1_52579
02:03:34.863 [com.alibaba.nacos.client.remote.worker] INFO  c.a.n.c.r.client - [printIfInfoEnabled,60] - [9ceffc14-4745-4a41-afa8-4c5c22ff79ab_config-0] Notify connected event to listeners.
02:03:34.863 [main] INFO  c.a.n.c.r.client - [printIfInfoEnabled,60] - [9ceffc14-4745-4a41-afa8-4c5c22ff79ab_config-0] Register server push request handler:com.alibaba.nacos.common.remote.client.RpcClient$ConnectResetRequestHandler
02:03:34.864 [main] INFO  c.a.n.c.r.client - [printIfInfoEnabled,60] - [9ceffc14-4745-4a41-afa8-4c5c22ff79ab_config-0] Register server push request handler:com.alibaba.nacos.common.remote.client.RpcClient$$Lambda$475/0x000000080101cba8
02:03:34.991 [main] INFO  c.c.g.RuoYiGatewayApplication - [logStartupProfileInfo,637] - The following 1 profile is active: "dev"
02:03:38.942 [main] INFO  c.a.c.s.g.s.SentinelSCGAutoConfiguration - [sentinelGatewayFilter,144] - [Sentinel SpringCloudGateway] register SentinelGatewayFilter with order: -2147483648
02:03:39.524 [main] INFO  c.a.c.s.g.s.SentinelSCGAutoConfiguration - [sentinelGatewayBlockExceptionHandler,134] - [Sentinel SpringCloudGateway] register SentinelGatewayBlockExceptionHandler
02:03:40.162 [main] INFO  c.a.n.c.r.client - [lambda$createClient$0,80] - [RpcClientFactory] create a new rpc client of a9d0d488-a11e-4e1d-b079-baf6154b8ee2_config-0
02:03:40.163 [main] INFO  c.a.n.c.r.client - [printIfInfoEnabled,60] - [a9d0d488-a11e-4e1d-b079-baf6154b8ee2_config-0] RpcClient init label, labels = {module=config, Vipserver-Tag=null, source=sdk, Amory-Tag=null, Location-Tag=null, taskId=0, AppName=unknown}
02:03:40.164 [main] INFO  c.a.n.c.r.client - [printIfInfoEnabled,60] - [a9d0d488-a11e-4e1d-b079-baf6154b8ee2_config-0] Register server push request handler:com.alibaba.nacos.client.config.impl.ClientWorker$ConfigRpcTransportClient$$Lambda$463/0x0000000800f1c990
02:03:40.164 [main] INFO  c.a.n.c.r.client - [printIfInfoEnabled,60] - [a9d0d488-a11e-4e1d-b079-baf6154b8ee2_config-0] Register server push request handler:com.alibaba.nacos.client.config.impl.ClientWorker$ConfigRpcTransportClient$$Lambda$464/0x0000000800f1cbb8
02:03:40.164 [main] INFO  c.a.n.c.r.client - [printIfInfoEnabled,60] - [a9d0d488-a11e-4e1d-b079-baf6154b8ee2_config-0] Registry connection listener to current client:com.alibaba.nacos.client.config.impl.ClientWorker$ConfigRpcTransportClient$1
02:03:40.164 [main] INFO  c.a.n.c.r.client - [printIfInfoEnabled,60] - [a9d0d488-a11e-4e1d-b079-baf6154b8ee2_config-0] RpcClient init, ServerListFactory = com.alibaba.nacos.client.config.impl.ClientWorker$ConfigRpcTransportClient$2
02:03:40.165 [main] INFO  c.a.n.c.r.client - [printIfInfoEnabled,60] - [a9d0d488-a11e-4e1d-b079-baf6154b8ee2_config-0] Try to connect to server on start up, server: {serverIp = '127.0.0.1', server main port = 8848}
02:03:40.297 [main] INFO  c.a.n.c.r.client - [printIfInfoEnabled,60] - [a9d0d488-a11e-4e1d-b079-baf6154b8ee2_config-0] Success to connect to server [127.0.0.1:8848] on start up, connectionId = 1682618620182_127.0.0.1_52602
02:03:40.297 [main] INFO  c.a.n.c.r.client - [printIfInfoEnabled,60] - [a9d0d488-a11e-4e1d-b079-baf6154b8ee2_config-0] Register server push request handler:com.alibaba.nacos.common.remote.client.RpcClient$ConnectResetRequestHandler
02:03:40.298 [com.alibaba.nacos.client.remote.worker] INFO  c.a.n.c.r.client - [printIfInfoEnabled,60] - [a9d0d488-a11e-4e1d-b079-baf6154b8ee2_config-0] Notify connected event to listeners.
02:03:40.298 [main] INFO  c.a.n.c.r.client - [printIfInfoEnabled,60] - [a9d0d488-a11e-4e1d-b079-baf6154b8ee2_config-0] Register server push request handler:com.alibaba.nacos.common.remote.client.RpcClient$$Lambda$475/0x000000080101cba8
02:03:40.456 [main] INFO  c.a.n.c.r.client - [lambda$createClient$0,80] - [RpcClientFactory] create a new rpc client of 30f317c0-7b9b-4295-bcec-98426f53e264
02:03:40.457 [main] INFO  c.a.n.c.r.client - [printIfInfoEnabled,60] - [30f317c0-7b9b-4295-bcec-98426f53e264] RpcClient init label, labels = {module=naming, source=sdk}
02:03:40.458 [main] INFO  c.a.n.c.r.client - [printIfInfoEnabled,60] - [30f317c0-7b9b-4295-bcec-98426f53e264] RpcClient init, ServerListFactory = com.alibaba.nacos.client.naming.core.ServerListManager
02:03:40.459 [main] INFO  c.a.n.c.r.client - [printIfInfoEnabled,60] - [30f317c0-7b9b-4295-bcec-98426f53e264] Registry connection listener to current client:com.alibaba.nacos.client.naming.remote.gprc.redo.NamingGrpcRedoService
02:03:40.459 [main] INFO  c.a.n.c.r.client - [printIfInfoEnabled,60] - [30f317c0-7b9b-4295-bcec-98426f53e264] Register server push request handler:com.alibaba.nacos.client.naming.remote.gprc.NamingPushRequestHandler
02:03:40.460 [main] INFO  c.a.n.c.r.client - [printIfInfoEnabled,60] - [30f317c0-7b9b-4295-bcec-98426f53e264] Try to connect to server on start up, server: {serverIp = '127.0.0.1', server main port = 8848}
02:03:40.592 [main] INFO  c.a.n.c.r.client - [printIfInfoEnabled,60] - [30f317c0-7b9b-4295-bcec-98426f53e264] Success to connect to server [127.0.0.1:8848] on start up, connectionId = 1682618620474_127.0.0.1_52603
02:03:40.592 [main] INFO  c.a.n.c.r.client - [printIfInfoEnabled,60] - [30f317c0-7b9b-4295-bcec-98426f53e264] Register server push request handler:com.alibaba.nacos.common.remote.client.RpcClient$ConnectResetRequestHandler
02:03:40.592 [com.alibaba.nacos.client.remote.worker] INFO  c.a.n.c.r.client - [printIfInfoEnabled,60] - [30f317c0-7b9b-4295-bcec-98426f53e264] Notify connected event to listeners.
02:03:40.592 [main] INFO  c.a.n.c.r.client - [printIfInfoEnabled,60] - [30f317c0-7b9b-4295-bcec-98426f53e264] Register server push request handler:com.alibaba.nacos.common.remote.client.RpcClient$$Lambda$475/0x000000080101cba8
02:03:40.746 [main] INFO  c.a.c.n.r.NacosServiceRegistry - [register,75] - nacos registry, DEFAULT_GROUP cms-gateway 192.168.1.6:8080 register finished
02:03:40.812 [main] INFO  c.c.g.RuoYiGatewayApplication - [logStarted,61] - Started RuoYiGatewayApplication in 8.169 seconds (JVM running for 9.543)
02:03:40.817 [main] INFO  c.a.c.n.r.NacosContextRefresher - [registerNacosListener,129] - [Nacos Config] Listening config: dataId=cms-gateway, group=DEFAULT_GROUP
02:03:40.818 [main] INFO  c.a.c.n.r.NacosContextRefresher - [registerNacosListener,129] - [Nacos Config] Listening config: dataId=cms-gateway.yml, group=DEFAULT_GROUP
02:03:40.819 [main] INFO  c.a.c.n.r.NacosContextRefresher - [registerNacosListener,129] - [Nacos Config] Listening config: dataId=cms-gateway-dev.yml, group=DEFAULT_GROUP
02:03:41.221 [nacos-grpc-client-executor-57] INFO  c.a.n.c.r.client - [printIfInfoEnabled,60] - [30f317c0-7b9b-4295-bcec-98426f53e264] Receive server push request, request = NotifySubscriberRequest, requestId = 43
02:03:41.229 [nacos-grpc-client-executor-57] INFO  c.a.n.c.r.client - [printIfInfoEnabled,60] - [30f317c0-7b9b-4295-bcec-98426f53e264] Ack server push request, request = NotifySubscriberRequest, requestId = 43
02:03:41.293 [nacos-grpc-client-executor-58] INFO  c.a.n.c.r.client - [printIfInfoEnabled,60] - [30f317c0-7b9b-4295-bcec-98426f53e264] Receive server push request, request = NotifySubscriberRequest, requestId = 46
02:03:41.294 [nacos-grpc-client-executor-58] INFO  c.a.n.c.r.client - [printIfInfoEnabled,60] - [30f317c0-7b9b-4295-bcec-98426f53e264] Ack server push request, request = NotifySubscriberRequest, requestId = 46
02:03:41.297 [nacos-grpc-client-executor-59] INFO  c.a.n.c.r.client - [printIfInfoEnabled,60] - [30f317c0-7b9b-4295-bcec-98426f53e264] Receive server push request, request = NotifySubscriberRequest, requestId = 48
02:03:41.298 [nacos-grpc-client-executor-59] INFO  c.a.n.c.r.client - [printIfInfoEnabled,60] - [30f317c0-7b9b-4295-bcec-98426f53e264] Ack server push request, request = NotifySubscriberRequest, requestId = 48
02:03:41.300 [nacos-grpc-client-executor-60] INFO  c.a.n.c.r.client - [printIfInfoEnabled,60] - [30f317c0-7b9b-4295-bcec-98426f53e264] Receive server push request, request = NotifySubscriberRequest, requestId = 47
02:03:41.301 [nacos-grpc-client-executor-60] INFO  c.a.n.c.r.client - [printIfInfoEnabled,60] - [30f317c0-7b9b-4295-bcec-98426f53e264] Ack server push request, request = NotifySubscriberRequest, requestId = 47
02:03:41.302 [nacos-grpc-client-executor-61] INFO  c.a.n.c.r.client - [printIfInfoEnabled,60] - [30f317c0-7b9b-4295-bcec-98426f53e264] Receive server push request, request = NotifySubscriberRequest, requestId = 45
02:03:41.304 [nacos-grpc-client-executor-61] INFO  c.a.n.c.r.client - [printIfInfoEnabled,60] - [30f317c0-7b9b-4295-bcec-98426f53e264] Ack server push request, request = NotifySubscriberRequest, requestId = 45
02:03:41.306 [nacos-grpc-client-executor-62] INFO  c.a.n.c.r.client - [printIfInfoEnabled,60] - [30f317c0-7b9b-4295-bcec-98426f53e264] Receive server push request, request = NotifySubscriberRequest, requestId = 44
02:03:41.307 [nacos-grpc-client-executor-62] INFO  c.a.n.c.r.client - [printIfInfoEnabled,60] - [30f317c0-7b9b-4295-bcec-98426f53e264] Ack server push request, request = NotifySubscriberRequest, requestId = 44
02:03:41.310 [nacos-grpc-client-executor-63] INFO  c.a.n.c.r.client - [printIfInfoEnabled,60] - [30f317c0-7b9b-4295-bcec-98426f53e264] Receive server push request, request = NotifySubscriberRequest, requestId = 49
02:03:41.310 [nacos-grpc-client-executor-63] INFO  c.a.n.c.r.client - [printIfInfoEnabled,60] - [30f317c0-7b9b-4295-bcec-98426f53e264] Ack server push request, request = NotifySubscriberRequest, requestId = 49
02:03:47.503 [nacos-grpc-client-executor-24] INFO  c.a.n.c.r.client - [printIfInfoEnabled,60] - [30f317c0-7b9b-4295-bcec-98426f53e264] Receive server push request, request = NotifySubscriberRequest, requestId = 51
02:03:47.504 [nacos-grpc-client-executor-24] INFO  c.a.n.c.r.client - [printIfInfoEnabled,60] - [30f317c0-7b9b-4295-bcec-98426f53e264] Ack server push request, request = NotifySubscriberRequest, requestId = 51
02:03:51.572 [nacos-grpc-client-executor-65] INFO  c.a.n.c.r.client - [printIfInfoEnabled,60] - [30f317c0-7b9b-4295-bcec-98426f53e264] Receive server push request, request = NotifySubscriberRequest, requestId = 54
02:03:51.574 [nacos-grpc-client-executor-65] INFO  c.a.n.c.r.client - [printIfInfoEnabled,60] - [30f317c0-7b9b-4295-bcec-98426f53e264] Ack server push request, request = NotifySubscriberRequest, requestId = 54
02:03:51.578 [nacos-grpc-client-executor-66] INFO  c.a.n.c.r.client - [printIfInfoEnabled,60] - [30f317c0-7b9b-4295-bcec-98426f53e264] Receive server push request, request = NotifySubscriberRequest, requestId = 56
02:03:51.580 [nacos-grpc-client-executor-66] INFO  c.a.n.c.r.client - [printIfInfoEnabled,60] - [30f317c0-7b9b-4295-bcec-98426f53e264] Ack server push request, request = NotifySubscriberRequest, requestId = 56
