00:56:27.130 [nacos-grpc-client-executor-5699] INFO  c.a.n.c.r.client - [printIfInfoEnabled,60] - [8f8bf2c1-a3a4-4772-8170-7789536ac890] Receive server push request, request = NotifySubscriberRequest, requestId = 218
00:56:27.143 [nacos-grpc-client-executor-5699] INFO  c.a.n.c.r.client - [printIfInfoEnabled,60] - [8f8bf2c1-a3a4-4772-8170-7789536ac890] Ack server push request, request = NotifySubscriberRequest, requestId = 218
00:56:41.430 [nacos-grpc-client-executor-5717] INFO  c.a.n.c.r.client - [printIfInfoEnabled,60] - [8f8bf2c1-a3a4-4772-8170-7789536ac890] Receive server push request, request = NotifySubscriberRequest, requestId = 222
00:56:41.431 [nacos-grpc-client-executor-5717] INFO  c.a.n.c.r.client - [printIfInfoEnabled,60] - [8f8bf2c1-a3a4-4772-8170-7789536ac890] Ack server push request, request = NotifySubscriberRequest, requestId = 222
00:58:21.192 [nacos-grpc-client-executor-5755] INFO  c.a.n.c.r.client - [printIfInfoEnabled,60] - [8f8bf2c1-a3a4-4772-8170-7789536ac890] Receive server push request, request = NotifySubscriberRequest, requestId = 225
00:58:21.195 [nacos-grpc-client-executor-5755] INFO  c.a.n.c.r.client - [printIfInfoEnabled,60] - [8f8bf2c1-a3a4-4772-8170-7789536ac890] Ack server push request, request = NotifySubscriberRequest, requestId = 225
00:58:36.031 [nacos-grpc-client-executor-5764] INFO  c.a.n.c.r.client - [printIfInfoEnabled,60] - [8f8bf2c1-a3a4-4772-8170-7789536ac890] Receive server push request, request = NotifySubscriberRequest, requestId = 229
00:58:36.032 [nacos-grpc-client-executor-5764] INFO  c.a.n.c.r.client - [printIfInfoEnabled,60] - [8f8bf2c1-a3a4-4772-8170-7789536ac890] Ack server push request, request = NotifySubscriberRequest, requestId = 229
01:00:58.482 [nacos-grpc-client-executor-5830] INFO  c.a.n.c.r.client - [printIfInfoEnabled,60] - [8f8bf2c1-a3a4-4772-8170-7789536ac890] Receive server push request, request = NotifySubscriberRequest, requestId = 232
01:00:58.490 [nacos-grpc-client-executor-5830] INFO  c.a.n.c.r.client - [printIfInfoEnabled,60] - [8f8bf2c1-a3a4-4772-8170-7789536ac890] Ack server push request, request = NotifySubscriberRequest, requestId = 232
01:01:12.055 [nacos-grpc-client-executor-5834] INFO  c.a.n.c.r.client - [printIfInfoEnabled,60] - [8f8bf2c1-a3a4-4772-8170-7789536ac890] Receive server push request, request = NotifySubscriberRequest, requestId = 236
01:01:12.056 [nacos-grpc-client-executor-5834] INFO  c.a.n.c.r.client - [printIfInfoEnabled,60] - [8f8bf2c1-a3a4-4772-8170-7789536ac890] Ack server push request, request = NotifySubscriberRequest, requestId = 236
01:07:29.197 [nacos-grpc-client-executor-6006] INFO  c.a.n.c.r.client - [printIfInfoEnabled,60] - [8f8bf2c1-a3a4-4772-8170-7789536ac890] Receive server push request, request = NotifySubscriberRequest, requestId = 239
01:07:29.206 [nacos-grpc-client-executor-6006] INFO  c.a.n.c.r.client - [printIfInfoEnabled,60] - [8f8bf2c1-a3a4-4772-8170-7789536ac890] Ack server push request, request = NotifySubscriberRequest, requestId = 239
01:07:43.845 [nacos-grpc-client-executor-6023] INFO  c.a.n.c.r.client - [printIfInfoEnabled,60] - [8f8bf2c1-a3a4-4772-8170-7789536ac890] Receive server push request, request = NotifySubscriberRequest, requestId = 243
01:07:43.852 [nacos-grpc-client-executor-6023] INFO  c.a.n.c.r.client - [printIfInfoEnabled,60] - [8f8bf2c1-a3a4-4772-8170-7789536ac890] Ack server push request, request = NotifySubscriberRequest, requestId = 243
01:08:48.412 [nacos-grpc-client-executor-6052] INFO  c.a.n.c.r.client - [printIfInfoEnabled,60] - [8f8bf2c1-a3a4-4772-8170-7789536ac890] Receive server push request, request = NotifySubscriberRequest, requestId = 246
01:08:48.417 [nacos-grpc-client-executor-6052] INFO  c.a.n.c.r.client - [printIfInfoEnabled,60] - [8f8bf2c1-a3a4-4772-8170-7789536ac890] Ack server push request, request = NotifySubscriberRequest, requestId = 246
01:09:02.512 [nacos-grpc-client-executor-6055] INFO  c.a.n.c.r.client - [printIfInfoEnabled,60] - [8f8bf2c1-a3a4-4772-8170-7789536ac890] Receive server push request, request = NotifySubscriberRequest, requestId = 250
01:09:02.513 [nacos-grpc-client-executor-6055] INFO  c.a.n.c.r.client - [printIfInfoEnabled,60] - [8f8bf2c1-a3a4-4772-8170-7789536ac890] Ack server push request, request = NotifySubscriberRequest, requestId = 250
01:12:45.035 [nacos-grpc-client-executor-6157] INFO  c.a.n.c.r.client - [printIfInfoEnabled,60] - [8f8bf2c1-a3a4-4772-8170-7789536ac890] Receive server push request, request = NotifySubscriberRequest, requestId = 253
01:12:45.040 [nacos-grpc-client-executor-6157] INFO  c.a.n.c.r.client - [printIfInfoEnabled,60] - [8f8bf2c1-a3a4-4772-8170-7789536ac890] Ack server push request, request = NotifySubscriberRequest, requestId = 253
01:12:59.056 [nacos-grpc-client-executor-6161] INFO  c.a.n.c.r.client - [printIfInfoEnabled,60] - [8f8bf2c1-a3a4-4772-8170-7789536ac890] Receive server push request, request = NotifySubscriberRequest, requestId = 257
01:12:59.057 [nacos-grpc-client-executor-6161] INFO  c.a.n.c.r.client - [printIfInfoEnabled,60] - [8f8bf2c1-a3a4-4772-8170-7789536ac890] Ack server push request, request = NotifySubscriberRequest, requestId = 257
01:22:37.900 [nacos-grpc-client-executor-6422] INFO  c.a.n.c.r.client - [printIfInfoEnabled,60] - [8f8bf2c1-a3a4-4772-8170-7789536ac890] Receive server push request, request = NotifySubscriberRequest, requestId = 260
01:22:37.905 [nacos-grpc-client-executor-6422] INFO  c.a.n.c.r.client - [printIfInfoEnabled,60] - [8f8bf2c1-a3a4-4772-8170-7789536ac890] Ack server push request, request = NotifySubscriberRequest, requestId = 260
01:22:51.993 [nacos-grpc-client-executor-6428] INFO  c.a.n.c.r.client - [printIfInfoEnabled,60] - [8f8bf2c1-a3a4-4772-8170-7789536ac890] Receive server push request, request = NotifySubscriberRequest, requestId = 264
01:22:51.995 [nacos-grpc-client-executor-6428] INFO  c.a.n.c.r.client - [printIfInfoEnabled,60] - [8f8bf2c1-a3a4-4772-8170-7789536ac890] Ack server push request, request = NotifySubscriberRequest, requestId = 264
01:29:46.548 [nacos-grpc-client-executor-6634] INFO  c.a.n.c.r.client - [printIfInfoEnabled,60] - [8f8bf2c1-a3a4-4772-8170-7789536ac890] Receive server push request, request = NotifySubscriberRequest, requestId = 267
01:29:46.549 [nacos-grpc-client-executor-6634] INFO  c.a.n.c.r.client - [printIfInfoEnabled,60] - [8f8bf2c1-a3a4-4772-8170-7789536ac890] Ack server push request, request = NotifySubscriberRequest, requestId = 267
01:30:00.349 [nacos-grpc-client-executor-6639] INFO  c.a.n.c.r.client - [printIfInfoEnabled,60] - [8f8bf2c1-a3a4-4772-8170-7789536ac890] Receive server push request, request = NotifySubscriberRequest, requestId = 271
01:30:00.353 [nacos-grpc-client-executor-6639] INFO  c.a.n.c.r.client - [printIfInfoEnabled,60] - [8f8bf2c1-a3a4-4772-8170-7789536ac890] Ack server push request, request = NotifySubscriberRequest, requestId = 271
01:43:54.122 [nacos-grpc-client-executor-7017] INFO  c.a.n.c.r.client - [printIfInfoEnabled,60] - [8f8bf2c1-a3a4-4772-8170-7789536ac890] Receive server push request, request = NotifySubscriberRequest, requestId = 274
01:43:54.124 [nacos-grpc-client-executor-7017] INFO  c.a.n.c.r.client - [printIfInfoEnabled,60] - [8f8bf2c1-a3a4-4772-8170-7789536ac890] Ack server push request, request = NotifySubscriberRequest, requestId = 274
01:44:09.757 [nacos-grpc-client-executor-7024] INFO  c.a.n.c.r.client - [printIfInfoEnabled,60] - [8f8bf2c1-a3a4-4772-8170-7789536ac890] Receive server push request, request = NotifySubscriberRequest, requestId = 278
01:44:09.760 [nacos-grpc-client-executor-7024] INFO  c.a.n.c.r.client - [printIfInfoEnabled,60] - [8f8bf2c1-a3a4-4772-8170-7789536ac890] Ack server push request, request = NotifySubscriberRequest, requestId = 278
02:01:19.139 [nacos-grpc-client-executor-7506] INFO  c.a.n.c.r.client - [printIfInfoEnabled,60] - [8f8bf2c1-a3a4-4772-8170-7789536ac890] Receive server push request, request = NotifySubscriberRequest, requestId = 281
02:01:19.146 [nacos-grpc-client-executor-7506] INFO  c.a.n.c.r.client - [printIfInfoEnabled,60] - [8f8bf2c1-a3a4-4772-8170-7789536ac890] Ack server push request, request = NotifySubscriberRequest, requestId = 281
02:01:33.835 [nacos-grpc-client-executor-7509] INFO  c.a.n.c.r.client - [printIfInfoEnabled,60] - [8f8bf2c1-a3a4-4772-8170-7789536ac890] Receive server push request, request = NotifySubscriberRequest, requestId = 285
02:01:33.838 [nacos-grpc-client-executor-7509] INFO  c.a.n.c.r.client - [printIfInfoEnabled,60] - [8f8bf2c1-a3a4-4772-8170-7789536ac890] Ack server push request, request = NotifySubscriberRequest, requestId = 285
02:04:14.335 [nacos-grpc-client-executor-7592] INFO  c.a.n.c.r.client - [printIfInfoEnabled,60] - [8f8bf2c1-a3a4-4772-8170-7789536ac890] Receive server push request, request = NotifySubscriberRequest, requestId = 288
02:04:14.339 [nacos-grpc-client-executor-7592] INFO  c.a.n.c.r.client - [printIfInfoEnabled,60] - [8f8bf2c1-a3a4-4772-8170-7789536ac890] Ack server push request, request = NotifySubscriberRequest, requestId = 288
02:04:28.560 [nacos-grpc-client-executor-7596] INFO  c.a.n.c.r.client - [printIfInfoEnabled,60] - [8f8bf2c1-a3a4-4772-8170-7789536ac890] Receive server push request, request = NotifySubscriberRequest, requestId = 292
02:04:28.566 [nacos-grpc-client-executor-7596] INFO  c.a.n.c.r.client - [printIfInfoEnabled,60] - [8f8bf2c1-a3a4-4772-8170-7789536ac890] Ack server push request, request = NotifySubscriberRequest, requestId = 292
02:04:45.487 [nacos-grpc-client-executor-7613] INFO  c.a.n.c.r.client - [printIfInfoEnabled,60] - [8f8bf2c1-a3a4-4772-8170-7789536ac890] Receive server push request, request = NotifySubscriberRequest, requestId = 295
02:04:45.488 [nacos-grpc-client-executor-7613] INFO  c.a.n.c.r.client - [printIfInfoEnabled,60] - [8f8bf2c1-a3a4-4772-8170-7789536ac890] Ack server push request, request = NotifySubscriberRequest, requestId = 295
02:04:51.080 [nacos-grpc-client-executor-7615] INFO  c.a.n.c.r.client - [printIfInfoEnabled,60] - [8f8bf2c1-a3a4-4772-8170-7789536ac890] Receive server push request, request = NotifySubscriberRequest, requestId = 297
02:04:51.081 [nacos-grpc-client-executor-7615] INFO  c.a.n.c.r.client - [printIfInfoEnabled,60] - [8f8bf2c1-a3a4-4772-8170-7789536ac890] Ack server push request, request = NotifySubscriberRequest, requestId = 297
02:04:56.316 [nacos-grpc-client-executor-7616] INFO  c.a.n.c.r.client - [printIfInfoEnabled,60] - [8f8bf2c1-a3a4-4772-8170-7789536ac890] Receive server push request, request = NotifySubscriberRequest, requestId = 300
02:04:56.320 [nacos-grpc-client-executor-7616] INFO  c.a.n.c.r.client - [printIfInfoEnabled,60] - [8f8bf2c1-a3a4-4772-8170-7789536ac890] Ack server push request, request = NotifySubscriberRequest, requestId = 300
02:04:56.455 [SpringApplicationShutdownHook] INFO  c.a.c.n.r.NacosServiceRegistry - [deregister,94] - De-registering from Nacos Server now...
02:04:56.460 [SpringApplicationShutdownHook] INFO  c.a.c.n.r.NacosServiceRegistry - [deregister,114] - De-registration finished.
02:04:56.769 [SpringApplicationShutdownHook] INFO  c.a.n.c.r.client - [shutdown,454] - Shutdown rpc client, set status to shutdown
02:04:56.769 [SpringApplicationShutdownHook] INFO  c.a.n.c.r.client - [shutdown,456] - Shutdown client event executor java.util.concurrent.ScheduledThreadPoolExecutor@2dba53a5[Running, pool size = 2, active threads = 2, queued tasks = 0, completed tasks = 0]
02:04:56.770 [SpringApplicationShutdownHook] INFO  c.a.n.c.r.client - [closeConnection,591] - Close current connection 1683380733500_127.0.0.1_58859
02:04:56.772 [nacos-grpc-client-executor-7620] INFO  c.a.n.c.r.c.g.GrpcClient - [printIfInfoEnabled,60] - [1683380733500_127.0.0.1_58859]Ignore complete event,isRunning:false,isAbandon=false
02:04:56.782 [SpringApplicationShutdownHook] INFO  c.a.n.c.r.c.g.GrpcClient - [shutdown,85] - Shutdown grpc executor java.util.concurrent.ThreadPoolExecutor@26ab670b[Running, pool size = 7, active threads = 0, queued tasks = 0, completed tasks = 7644]
02:05:02.786 [background-preinit] INFO  o.h.v.i.util.Version - [<clinit>,21] - HV000001: Hibernate Validator 6.2.5.Final
02:05:03.363 [main] INFO  c.a.n.c.r.client - [lambda$createClient$0,80] - [RpcClientFactory] create a new rpc client of c6726284-f1ba-4646-a5cf-f37df8290d78_config-0
02:05:03.424 [main] INFO  o.r.Reflections - [scan,232] - Reflections took 30 ms to scan 1 urls, producing 3 keys and 6 values 
02:05:03.456 [main] INFO  o.r.Reflections - [scan,232] - Reflections took 14 ms to scan 1 urls, producing 4 keys and 9 values 
02:05:03.469 [main] INFO  o.r.Reflections - [scan,232] - Reflections took 11 ms to scan 1 urls, producing 3 keys and 10 values 
02:05:03.486 [main] INFO  o.r.Reflections - [scan,232] - Reflections took 12 ms to scan 1 urls, producing 1 keys and 5 values 
02:05:03.500 [main] INFO  o.r.Reflections - [scan,232] - Reflections took 12 ms to scan 1 urls, producing 1 keys and 7 values 
02:05:03.516 [main] INFO  o.r.Reflections - [scan,232] - Reflections took 12 ms to scan 1 urls, producing 2 keys and 8 values 
02:05:03.520 [main] INFO  c.a.n.c.r.client - [printIfInfoEnabled,60] - [c6726284-f1ba-4646-a5cf-f37df8290d78_config-0] RpcClient init label, labels = {module=config, Vipserver-Tag=null, source=sdk, Amory-Tag=null, Location-Tag=null, taskId=0, AppName=unknown}
02:05:03.520 [main] INFO  c.a.n.c.r.client - [printIfInfoEnabled,60] - [c6726284-f1ba-4646-a5cf-f37df8290d78_config-0] Register server push request handler:com.alibaba.nacos.client.config.impl.ClientWorker$ConfigRpcTransportClient$$Lambda$463/0x0000000800f2c990
02:05:03.521 [main] INFO  c.a.n.c.r.client - [printIfInfoEnabled,60] - [c6726284-f1ba-4646-a5cf-f37df8290d78_config-0] Register server push request handler:com.alibaba.nacos.client.config.impl.ClientWorker$ConfigRpcTransportClient$$Lambda$464/0x0000000800f2cbb8
02:05:03.521 [main] INFO  c.a.n.c.r.client - [printIfInfoEnabled,60] - [c6726284-f1ba-4646-a5cf-f37df8290d78_config-0] Registry connection listener to current client:com.alibaba.nacos.client.config.impl.ClientWorker$ConfigRpcTransportClient$1
02:05:03.522 [main] INFO  c.a.n.c.r.client - [printIfInfoEnabled,60] - [c6726284-f1ba-4646-a5cf-f37df8290d78_config-0] RpcClient init, ServerListFactory = com.alibaba.nacos.client.config.impl.ClientWorker$ConfigRpcTransportClient$2
02:05:03.539 [main] INFO  c.a.n.c.r.client - [printIfInfoEnabled,60] - [c6726284-f1ba-4646-a5cf-f37df8290d78_config-0] Try to connect to server on start up, server: {serverIp = '127.0.0.1', server main port = 8848}
02:05:04.125 [main] INFO  c.a.n.c.r.client - [printIfInfoEnabled,60] - [c6726284-f1ba-4646-a5cf-f37df8290d78_config-0] Success to connect to server [127.0.0.1:8848] on start up, connectionId = 1683396303932_127.0.0.1_64984
02:05:04.127 [com.alibaba.nacos.client.remote.worker] INFO  c.a.n.c.r.client - [printIfInfoEnabled,60] - [c6726284-f1ba-4646-a5cf-f37df8290d78_config-0] Notify connected event to listeners.
02:05:04.127 [main] INFO  c.a.n.c.r.client - [printIfInfoEnabled,60] - [c6726284-f1ba-4646-a5cf-f37df8290d78_config-0] Register server push request handler:com.alibaba.nacos.common.remote.client.RpcClient$ConnectResetRequestHandler
02:05:04.127 [main] INFO  c.a.n.c.r.client - [printIfInfoEnabled,60] - [c6726284-f1ba-4646-a5cf-f37df8290d78_config-0] Register server push request handler:com.alibaba.nacos.common.remote.client.RpcClient$$Lambda$475/0x000000080102d7d8
02:05:04.205 [main] INFO  c.c.g.RuoYiGatewayApplication - [logStartupProfileInfo,637] - The following 1 profile is active: "dev"
02:05:07.066 [main] INFO  c.a.c.s.g.s.SentinelSCGAutoConfiguration - [sentinelGatewayFilter,144] - [Sentinel SpringCloudGateway] register SentinelGatewayFilter with order: -2147483648
02:05:08.023 [main] INFO  c.a.c.s.g.s.SentinelSCGAutoConfiguration - [sentinelGatewayBlockExceptionHandler,134] - [Sentinel SpringCloudGateway] register SentinelGatewayBlockExceptionHandler
02:05:08.817 [main] INFO  c.a.n.c.r.client - [lambda$createClient$0,80] - [RpcClientFactory] create a new rpc client of 17c4f019-6ce7-4293-9c29-d95e27b8b44f_config-0
02:05:08.818 [main] INFO  c.a.n.c.r.client - [printIfInfoEnabled,60] - [17c4f019-6ce7-4293-9c29-d95e27b8b44f_config-0] RpcClient init label, labels = {module=config, Vipserver-Tag=null, source=sdk, Amory-Tag=null, Location-Tag=null, taskId=0, AppName=unknown}
02:05:08.818 [main] INFO  c.a.n.c.r.client - [printIfInfoEnabled,60] - [17c4f019-6ce7-4293-9c29-d95e27b8b44f_config-0] Register server push request handler:com.alibaba.nacos.client.config.impl.ClientWorker$ConfigRpcTransportClient$$Lambda$463/0x0000000800f2c990
02:05:08.818 [main] INFO  c.a.n.c.r.client - [printIfInfoEnabled,60] - [17c4f019-6ce7-4293-9c29-d95e27b8b44f_config-0] Register server push request handler:com.alibaba.nacos.client.config.impl.ClientWorker$ConfigRpcTransportClient$$Lambda$464/0x0000000800f2cbb8
02:05:08.818 [main] INFO  c.a.n.c.r.client - [printIfInfoEnabled,60] - [17c4f019-6ce7-4293-9c29-d95e27b8b44f_config-0] Registry connection listener to current client:com.alibaba.nacos.client.config.impl.ClientWorker$ConfigRpcTransportClient$1
02:05:08.818 [main] INFO  c.a.n.c.r.client - [printIfInfoEnabled,60] - [17c4f019-6ce7-4293-9c29-d95e27b8b44f_config-0] RpcClient init, ServerListFactory = com.alibaba.nacos.client.config.impl.ClientWorker$ConfigRpcTransportClient$2
02:05:08.819 [main] INFO  c.a.n.c.r.client - [printIfInfoEnabled,60] - [17c4f019-6ce7-4293-9c29-d95e27b8b44f_config-0] Try to connect to server on start up, server: {serverIp = '127.0.0.1', server main port = 8848}
02:05:08.959 [main] INFO  c.a.n.c.r.client - [printIfInfoEnabled,60] - [17c4f019-6ce7-4293-9c29-d95e27b8b44f_config-0] Success to connect to server [127.0.0.1:8848] on start up, connectionId = 1683396308838_127.0.0.1_65001
02:05:08.959 [com.alibaba.nacos.client.remote.worker] INFO  c.a.n.c.r.client - [printIfInfoEnabled,60] - [17c4f019-6ce7-4293-9c29-d95e27b8b44f_config-0] Notify connected event to listeners.
02:05:08.960 [main] INFO  c.a.n.c.r.client - [printIfInfoEnabled,60] - [17c4f019-6ce7-4293-9c29-d95e27b8b44f_config-0] Register server push request handler:com.alibaba.nacos.common.remote.client.RpcClient$ConnectResetRequestHandler
02:05:08.960 [main] INFO  c.a.n.c.r.client - [printIfInfoEnabled,60] - [17c4f019-6ce7-4293-9c29-d95e27b8b44f_config-0] Register server push request handler:com.alibaba.nacos.common.remote.client.RpcClient$$Lambda$475/0x000000080102d7d8
02:05:09.154 [main] INFO  c.a.n.c.r.client - [lambda$createClient$0,80] - [RpcClientFactory] create a new rpc client of e5fd1a46-4a07-4ca9-a3c8-338aedc5c87c
02:05:09.154 [main] INFO  c.a.n.c.r.client - [printIfInfoEnabled,60] - [e5fd1a46-4a07-4ca9-a3c8-338aedc5c87c] RpcClient init label, labels = {module=naming, source=sdk}
02:05:09.156 [main] INFO  c.a.n.c.r.client - [printIfInfoEnabled,60] - [e5fd1a46-4a07-4ca9-a3c8-338aedc5c87c] RpcClient init, ServerListFactory = com.alibaba.nacos.client.naming.core.ServerListManager
02:05:09.157 [main] INFO  c.a.n.c.r.client - [printIfInfoEnabled,60] - [e5fd1a46-4a07-4ca9-a3c8-338aedc5c87c] Registry connection listener to current client:com.alibaba.nacos.client.naming.remote.gprc.redo.NamingGrpcRedoService
02:05:09.158 [main] INFO  c.a.n.c.r.client - [printIfInfoEnabled,60] - [e5fd1a46-4a07-4ca9-a3c8-338aedc5c87c] Register server push request handler:com.alibaba.nacos.client.naming.remote.gprc.NamingPushRequestHandler
02:05:09.160 [main] INFO  c.a.n.c.r.client - [printIfInfoEnabled,60] - [e5fd1a46-4a07-4ca9-a3c8-338aedc5c87c] Try to connect to server on start up, server: {serverIp = '127.0.0.1', server main port = 8848}
02:05:09.318 [main] INFO  c.a.n.c.r.client - [printIfInfoEnabled,60] - [e5fd1a46-4a07-4ca9-a3c8-338aedc5c87c] Success to connect to server [127.0.0.1:8848] on start up, connectionId = 1683396309186_127.0.0.1_65004
02:05:09.318 [main] INFO  c.a.n.c.r.client - [printIfInfoEnabled,60] - [e5fd1a46-4a07-4ca9-a3c8-338aedc5c87c] Register server push request handler:com.alibaba.nacos.common.remote.client.RpcClient$ConnectResetRequestHandler
02:05:09.318 [com.alibaba.nacos.client.remote.worker] INFO  c.a.n.c.r.client - [printIfInfoEnabled,60] - [e5fd1a46-4a07-4ca9-a3c8-338aedc5c87c] Notify connected event to listeners.
02:05:09.318 [main] INFO  c.a.n.c.r.client - [printIfInfoEnabled,60] - [e5fd1a46-4a07-4ca9-a3c8-338aedc5c87c] Register server push request handler:com.alibaba.nacos.common.remote.client.RpcClient$$Lambda$475/0x000000080102d7d8
02:05:09.593 [main] INFO  c.a.c.n.r.NacosServiceRegistry - [register,75] - nacos registry, DEFAULT_GROUP cms-gateway 192.168.1.3:8080 register finished
02:05:09.670 [main] INFO  c.c.g.RuoYiGatewayApplication - [logStarted,61] - Started RuoYiGatewayApplication in 7.515 seconds (JVM running for 8.534)
02:05:09.676 [main] INFO  c.a.c.n.r.NacosContextRefresher - [registerNacosListener,129] - [Nacos Config] Listening config: dataId=cms-gateway, group=DEFAULT_GROUP
02:05:09.677 [main] INFO  c.a.c.n.r.NacosContextRefresher - [registerNacosListener,129] - [Nacos Config] Listening config: dataId=cms-gateway.yml, group=DEFAULT_GROUP
02:05:09.678 [main] INFO  c.a.c.n.r.NacosContextRefresher - [registerNacosListener,129] - [Nacos Config] Listening config: dataId=cms-gateway-dev.yml, group=DEFAULT_GROUP
02:05:09.900 [nacos-grpc-client-executor-55] INFO  c.a.n.c.r.client - [printIfInfoEnabled,60] - [e5fd1a46-4a07-4ca9-a3c8-338aedc5c87c] Receive server push request, request = NotifySubscriberRequest, requestId = 305
02:05:09.904 [nacos-grpc-client-executor-55] INFO  c.a.n.c.r.client - [printIfInfoEnabled,60] - [e5fd1a46-4a07-4ca9-a3c8-338aedc5c87c] Ack server push request, request = NotifySubscriberRequest, requestId = 305
02:05:10.128 [nacos-grpc-client-executor-56] INFO  c.a.n.c.r.client - [printIfInfoEnabled,60] - [e5fd1a46-4a07-4ca9-a3c8-338aedc5c87c] Receive server push request, request = NotifySubscriberRequest, requestId = 309
02:05:10.129 [nacos-grpc-client-executor-56] INFO  c.a.n.c.r.client - [printIfInfoEnabled,60] - [e5fd1a46-4a07-4ca9-a3c8-338aedc5c87c] Ack server push request, request = NotifySubscriberRequest, requestId = 309
02:05:10.161 [nacos-grpc-client-executor-57] INFO  c.a.n.c.r.client - [printIfInfoEnabled,60] - [e5fd1a46-4a07-4ca9-a3c8-338aedc5c87c] Receive server push request, request = NotifySubscriberRequest, requestId = 308
02:05:10.162 [nacos-grpc-client-executor-57] INFO  c.a.n.c.r.client - [printIfInfoEnabled,60] - [e5fd1a46-4a07-4ca9-a3c8-338aedc5c87c] Ack server push request, request = NotifySubscriberRequest, requestId = 308
02:05:10.199 [nacos-grpc-client-executor-58] INFO  c.a.n.c.r.client - [printIfInfoEnabled,60] - [e5fd1a46-4a07-4ca9-a3c8-338aedc5c87c] Receive server push request, request = NotifySubscriberRequest, requestId = 307
02:05:10.200 [nacos-grpc-client-executor-58] INFO  c.a.n.c.r.client - [printIfInfoEnabled,60] - [e5fd1a46-4a07-4ca9-a3c8-338aedc5c87c] Ack server push request, request = NotifySubscriberRequest, requestId = 307
02:05:10.208 [nacos-grpc-client-executor-59] INFO  c.a.n.c.r.client - [printIfInfoEnabled,60] - [e5fd1a46-4a07-4ca9-a3c8-338aedc5c87c] Receive server push request, request = NotifySubscriberRequest, requestId = 310
02:05:10.209 [nacos-grpc-client-executor-59] INFO  c.a.n.c.r.client - [printIfInfoEnabled,60] - [e5fd1a46-4a07-4ca9-a3c8-338aedc5c87c] Ack server push request, request = NotifySubscriberRequest, requestId = 310
02:05:10.215 [nacos-grpc-client-executor-60] INFO  c.a.n.c.r.client - [printIfInfoEnabled,60] - [e5fd1a46-4a07-4ca9-a3c8-338aedc5c87c] Receive server push request, request = NotifySubscriberRequest, requestId = 311
02:05:10.215 [nacos-grpc-client-executor-60] INFO  c.a.n.c.r.client - [printIfInfoEnabled,60] - [e5fd1a46-4a07-4ca9-a3c8-338aedc5c87c] Ack server push request, request = NotifySubscriberRequest, requestId = 311
02:05:10.220 [nacos-grpc-client-executor-61] INFO  c.a.n.c.r.client - [printIfInfoEnabled,60] - [e5fd1a46-4a07-4ca9-a3c8-338aedc5c87c] Receive server push request, request = NotifySubscriberRequest, requestId = 312
02:05:10.221 [nacos-grpc-client-executor-61] INFO  c.a.n.c.r.client - [printIfInfoEnabled,60] - [e5fd1a46-4a07-4ca9-a3c8-338aedc5c87c] Ack server push request, request = NotifySubscriberRequest, requestId = 312
02:05:12.012 [nacos-grpc-client-executor-17] INFO  c.a.n.c.r.client - [printIfInfoEnabled,60] - [e5fd1a46-4a07-4ca9-a3c8-338aedc5c87c] Receive server push request, request = NotifySubscriberRequest, requestId = 313
02:05:12.013 [nacos-grpc-client-executor-17] INFO  c.a.n.c.r.client - [printIfInfoEnabled,60] - [e5fd1a46-4a07-4ca9-a3c8-338aedc5c87c] Ack server push request, request = NotifySubscriberRequest, requestId = 313
02:05:19.446 [nacos-grpc-client-executor-22] INFO  c.a.n.c.r.client - [printIfInfoEnabled,60] - [e5fd1a46-4a07-4ca9-a3c8-338aedc5c87c] Receive server push request, request = NotifySubscriberRequest, requestId = 315
02:05:19.448 [nacos-grpc-client-executor-22] INFO  c.a.n.c.r.client - [printIfInfoEnabled,60] - [e5fd1a46-4a07-4ca9-a3c8-338aedc5c87c] Ack server push request, request = NotifySubscriberRequest, requestId = 315
02:05:23.216 [nacos-grpc-client-executor-64] INFO  c.a.n.c.r.client - [printIfInfoEnabled,60] - [e5fd1a46-4a07-4ca9-a3c8-338aedc5c87c] Receive server push request, request = NotifySubscriberRequest, requestId = 319
02:05:23.218 [nacos-grpc-client-executor-64] INFO  c.a.n.c.r.client - [printIfInfoEnabled,60] - [e5fd1a46-4a07-4ca9-a3c8-338aedc5c87c] Ack server push request, request = NotifySubscriberRequest, requestId = 319
02:07:26.323 [nacos-grpc-client-executor-136] INFO  c.a.n.c.r.client - [printIfInfoEnabled,60] - [e5fd1a46-4a07-4ca9-a3c8-338aedc5c87c] Receive server push request, request = NotifySubscriberRequest, requestId = 323
02:07:26.326 [nacos-grpc-client-executor-136] INFO  c.a.n.c.r.client - [printIfInfoEnabled,60] - [e5fd1a46-4a07-4ca9-a3c8-338aedc5c87c] Ack server push request, request = NotifySubscriberRequest, requestId = 323
02:07:39.219 [nacos-grpc-client-executor-138] INFO  c.a.n.c.r.client - [printIfInfoEnabled,60] - [e5fd1a46-4a07-4ca9-a3c8-338aedc5c87c] Receive server push request, request = NotifySubscriberRequest, requestId = 327
02:07:39.224 [nacos-grpc-client-executor-138] INFO  c.a.n.c.r.client - [printIfInfoEnabled,60] - [e5fd1a46-4a07-4ca9-a3c8-338aedc5c87c] Ack server push request, request = NotifySubscriberRequest, requestId = 327
02:08:24.297 [nacos-grpc-client-executor-164] INFO  c.a.n.c.r.client - [printIfInfoEnabled,60] - [e5fd1a46-4a07-4ca9-a3c8-338aedc5c87c] Receive server push request, request = NotifySubscriberRequest, requestId = 330
02:08:24.300 [nacos-grpc-client-executor-164] INFO  c.a.n.c.r.client - [printIfInfoEnabled,60] - [e5fd1a46-4a07-4ca9-a3c8-338aedc5c87c] Ack server push request, request = NotifySubscriberRequest, requestId = 330
02:08:37.177 [nacos-grpc-client-executor-168] INFO  c.a.n.c.r.client - [printIfInfoEnabled,60] - [e5fd1a46-4a07-4ca9-a3c8-338aedc5c87c] Receive server push request, request = NotifySubscriberRequest, requestId = 334
02:08:37.179 [nacos-grpc-client-executor-168] INFO  c.a.n.c.r.client - [printIfInfoEnabled,60] - [e5fd1a46-4a07-4ca9-a3c8-338aedc5c87c] Ack server push request, request = NotifySubscriberRequest, requestId = 334
02:08:52.262 [nacos-grpc-client-executor-174] INFO  c.a.n.c.r.client - [printIfInfoEnabled,60] - [e5fd1a46-4a07-4ca9-a3c8-338aedc5c87c] Receive server push request, request = NotifySubscriberRequest, requestId = 337
02:08:52.269 [nacos-grpc-client-executor-174] INFO  c.a.n.c.r.client - [printIfInfoEnabled,60] - [e5fd1a46-4a07-4ca9-a3c8-338aedc5c87c] Ack server push request, request = NotifySubscriberRequest, requestId = 337
02:09:06.099 [nacos-grpc-client-executor-178] INFO  c.a.n.c.r.client - [printIfInfoEnabled,60] - [e5fd1a46-4a07-4ca9-a3c8-338aedc5c87c] Receive server push request, request = NotifySubscriberRequest, requestId = 341
02:09:06.104 [nacos-grpc-client-executor-178] INFO  c.a.n.c.r.client - [printIfInfoEnabled,60] - [e5fd1a46-4a07-4ca9-a3c8-338aedc5c87c] Ack server push request, request = NotifySubscriberRequest, requestId = 341
02:09:17.873 [nacos-grpc-client-executor-192] INFO  c.a.n.c.r.client - [printIfInfoEnabled,60] - [e5fd1a46-4a07-4ca9-a3c8-338aedc5c87c] Receive server push request, request = NotifySubscriberRequest, requestId = 344
02:09:17.874 [nacos-grpc-client-executor-192] INFO  c.a.n.c.r.client - [printIfInfoEnabled,60] - [e5fd1a46-4a07-4ca9-a3c8-338aedc5c87c] Ack server push request, request = NotifySubscriberRequest, requestId = 344
02:09:30.683 [nacos-grpc-client-executor-196] INFO  c.a.n.c.r.client - [printIfInfoEnabled,60] - [e5fd1a46-4a07-4ca9-a3c8-338aedc5c87c] Receive server push request, request = NotifySubscriberRequest, requestId = 348
02:09:30.689 [nacos-grpc-client-executor-196] INFO  c.a.n.c.r.client - [printIfInfoEnabled,60] - [e5fd1a46-4a07-4ca9-a3c8-338aedc5c87c] Ack server push request, request = NotifySubscriberRequest, requestId = 348
02:10:00.892 [nacos-grpc-client-executor-207] INFO  c.a.n.c.r.client - [printIfInfoEnabled,60] - [e5fd1a46-4a07-4ca9-a3c8-338aedc5c87c] Receive server push request, request = NotifySubscriberRequest, requestId = 351
02:10:00.899 [nacos-grpc-client-executor-207] INFO  c.a.n.c.r.client - [printIfInfoEnabled,60] - [e5fd1a46-4a07-4ca9-a3c8-338aedc5c87c] Ack server push request, request = NotifySubscriberRequest, requestId = 351
02:10:13.853 [nacos-grpc-client-executor-225] INFO  c.a.n.c.r.client - [printIfInfoEnabled,60] - [e5fd1a46-4a07-4ca9-a3c8-338aedc5c87c] Receive server push request, request = NotifySubscriberRequest, requestId = 355
02:10:13.854 [nacos-grpc-client-executor-225] INFO  c.a.n.c.r.client - [printIfInfoEnabled,60] - [e5fd1a46-4a07-4ca9-a3c8-338aedc5c87c] Ack server push request, request = NotifySubscriberRequest, requestId = 355
02:11:17.208 [nacos-grpc-client-executor-256] INFO  c.a.n.c.r.client - [printIfInfoEnabled,60] - [e5fd1a46-4a07-4ca9-a3c8-338aedc5c87c] Receive server push request, request = NotifySubscriberRequest, requestId = 358
02:11:17.210 [nacos-grpc-client-executor-256] INFO  c.a.n.c.r.client - [printIfInfoEnabled,60] - [e5fd1a46-4a07-4ca9-a3c8-338aedc5c87c] Ack server push request, request = NotifySubscriberRequest, requestId = 358
02:11:32.693 [nacos-grpc-client-executor-260] INFO  c.a.n.c.r.client - [printIfInfoEnabled,60] - [e5fd1a46-4a07-4ca9-a3c8-338aedc5c87c] Receive server push request, request = NotifySubscriberRequest, requestId = 362
02:11:32.700 [nacos-grpc-client-executor-260] INFO  c.a.n.c.r.client - [printIfInfoEnabled,60] - [e5fd1a46-4a07-4ca9-a3c8-338aedc5c87c] Ack server push request, request = NotifySubscriberRequest, requestId = 362
02:16:01.080 [nacos-grpc-client-executor-376] INFO  c.a.n.c.r.client - [printIfInfoEnabled,60] - [e5fd1a46-4a07-4ca9-a3c8-338aedc5c87c] Receive server push request, request = NotifySubscriberRequest, requestId = 365
02:16:01.086 [nacos-grpc-client-executor-376] INFO  c.a.n.c.r.client - [printIfInfoEnabled,60] - [e5fd1a46-4a07-4ca9-a3c8-338aedc5c87c] Ack server push request, request = NotifySubscriberRequest, requestId = 365
02:16:13.736 [nacos-grpc-client-executor-393] INFO  c.a.n.c.r.client - [printIfInfoEnabled,60] - [e5fd1a46-4a07-4ca9-a3c8-338aedc5c87c] Receive server push request, request = NotifySubscriberRequest, requestId = 368
02:16:13.742 [nacos-grpc-client-executor-393] INFO  c.a.n.c.r.client - [printIfInfoEnabled,60] - [e5fd1a46-4a07-4ca9-a3c8-338aedc5c87c] Ack server push request, request = NotifySubscriberRequest, requestId = 368
02:21:35.149 [nacos-grpc-client-executor-539] INFO  c.a.n.c.r.client - [printIfInfoEnabled,60] - [e5fd1a46-4a07-4ca9-a3c8-338aedc5c87c] Receive server push request, request = NotifySubscriberRequest, requestId = 372
02:21:35.153 [nacos-grpc-client-executor-539] INFO  c.a.n.c.r.client - [printIfInfoEnabled,60] - [e5fd1a46-4a07-4ca9-a3c8-338aedc5c87c] Ack server push request, request = NotifySubscriberRequest, requestId = 372
02:21:49.358 [nacos-grpc-client-executor-544] INFO  c.a.n.c.r.client - [printIfInfoEnabled,60] - [e5fd1a46-4a07-4ca9-a3c8-338aedc5c87c] Receive server push request, request = NotifySubscriberRequest, requestId = 375
02:21:49.359 [nacos-grpc-client-executor-544] INFO  c.a.n.c.r.client - [printIfInfoEnabled,60] - [e5fd1a46-4a07-4ca9-a3c8-338aedc5c87c] Ack server push request, request = NotifySubscriberRequest, requestId = 375
02:22:42.004 [nacos-grpc-client-executor-569] INFO  c.a.n.c.r.client - [printIfInfoEnabled,60] - [e5fd1a46-4a07-4ca9-a3c8-338aedc5c87c] Receive server push request, request = NotifySubscriberRequest, requestId = 379
02:22:42.005 [nacos-grpc-client-executor-569] INFO  c.a.n.c.r.client - [printIfInfoEnabled,60] - [e5fd1a46-4a07-4ca9-a3c8-338aedc5c87c] Ack server push request, request = NotifySubscriberRequest, requestId = 379
02:22:54.887 [nacos-grpc-client-executor-571] INFO  c.a.n.c.r.client - [printIfInfoEnabled,60] - [e5fd1a46-4a07-4ca9-a3c8-338aedc5c87c] Receive server push request, request = NotifySubscriberRequest, requestId = 383
02:22:54.888 [nacos-grpc-client-executor-571] INFO  c.a.n.c.r.client - [printIfInfoEnabled,60] - [e5fd1a46-4a07-4ca9-a3c8-338aedc5c87c] Ack server push request, request = NotifySubscriberRequest, requestId = 383
02:24:53.072 [nacos-grpc-client-executor-629] INFO  c.a.n.c.r.client - [printIfInfoEnabled,60] - [e5fd1a46-4a07-4ca9-a3c8-338aedc5c87c] Receive server push request, request = NotifySubscriberRequest, requestId = 386
02:24:53.074 [nacos-grpc-client-executor-629] INFO  c.a.n.c.r.client - [printIfInfoEnabled,60] - [e5fd1a46-4a07-4ca9-a3c8-338aedc5c87c] Ack server push request, request = NotifySubscriberRequest, requestId = 386
02:25:06.371 [nacos-grpc-client-executor-635] INFO  c.a.n.c.r.client - [printIfInfoEnabled,60] - [e5fd1a46-4a07-4ca9-a3c8-338aedc5c87c] Receive server push request, request = NotifySubscriberRequest, requestId = 389
02:25:06.372 [nacos-grpc-client-executor-635] INFO  c.a.n.c.r.client - [printIfInfoEnabled,60] - [e5fd1a46-4a07-4ca9-a3c8-338aedc5c87c] Ack server push request, request = NotifySubscriberRequest, requestId = 389
21:59:58.587 [nacos-grpc-client-executor-7034] INFO  c.a.n.c.r.client - [printIfInfoEnabled,60] - [e5fd1a46-4a07-4ca9-a3c8-338aedc5c87c] Receive server push request, request = NotifySubscriberRequest, requestId = 393
21:59:58.591 [nacos-grpc-client-executor-7034] INFO  c.a.n.c.r.client - [printIfInfoEnabled,60] - [e5fd1a46-4a07-4ca9-a3c8-338aedc5c87c] Ack server push request, request = NotifySubscriberRequest, requestId = 393
22:04:26.766 [nacos-grpc-client-executor-7157] INFO  c.a.n.c.r.client - [printIfInfoEnabled,60] - [e5fd1a46-4a07-4ca9-a3c8-338aedc5c87c] Receive server push request, request = NotifySubscriberRequest, requestId = 397
22:04:26.772 [nacos-grpc-client-executor-7157] INFO  c.a.n.c.r.client - [printIfInfoEnabled,60] - [e5fd1a46-4a07-4ca9-a3c8-338aedc5c87c] Ack server push request, request = NotifySubscriberRequest, requestId = 397
23:41:39.081 [nacos-grpc-client-executor-9804] INFO  c.a.n.c.r.client - [printIfInfoEnabled,60] - [e5fd1a46-4a07-4ca9-a3c8-338aedc5c87c] Receive server push request, request = NotifySubscriberRequest, requestId = 400
23:41:39.086 [nacos-grpc-client-executor-9804] INFO  c.a.n.c.r.client - [printIfInfoEnabled,60] - [e5fd1a46-4a07-4ca9-a3c8-338aedc5c87c] Ack server push request, request = NotifySubscriberRequest, requestId = 400
23:41:52.471 [nacos-grpc-client-executor-9820] INFO  c.a.n.c.r.client - [printIfInfoEnabled,60] - [e5fd1a46-4a07-4ca9-a3c8-338aedc5c87c] Receive server push request, request = NotifySubscriberRequest, requestId = 404
23:41:52.473 [nacos-grpc-client-executor-9820] INFO  c.a.n.c.r.client - [printIfInfoEnabled,60] - [e5fd1a46-4a07-4ca9-a3c8-338aedc5c87c] Ack server push request, request = NotifySubscriberRequest, requestId = 404
23:43:34.715 [nacos-grpc-client-executor-9858] INFO  c.a.n.c.r.client - [printIfInfoEnabled,60] - [e5fd1a46-4a07-4ca9-a3c8-338aedc5c87c] Receive server push request, request = NotifySubscriberRequest, requestId = 407
23:43:34.717 [nacos-grpc-client-executor-9858] INFO  c.a.n.c.r.client - [printIfInfoEnabled,60] - [e5fd1a46-4a07-4ca9-a3c8-338aedc5c87c] Ack server push request, request = NotifySubscriberRequest, requestId = 407
23:43:48.480 [nacos-grpc-client-executor-9862] INFO  c.a.n.c.r.client - [printIfInfoEnabled,60] - [e5fd1a46-4a07-4ca9-a3c8-338aedc5c87c] Receive server push request, request = NotifySubscriberRequest, requestId = 410
23:43:48.486 [nacos-grpc-client-executor-9862] INFO  c.a.n.c.r.client - [printIfInfoEnabled,60] - [e5fd1a46-4a07-4ca9-a3c8-338aedc5c87c] Ack server push request, request = NotifySubscriberRequest, requestId = 410
23:48:50.150 [nacos-grpc-client-executor-10006] INFO  c.a.n.c.r.client - [printIfInfoEnabled,60] - [e5fd1a46-4a07-4ca9-a3c8-338aedc5c87c] Receive server push request, request = NotifySubscriberRequest, requestId = 414
23:48:50.154 [nacos-grpc-client-executor-10006] INFO  c.a.n.c.r.client - [printIfInfoEnabled,60] - [e5fd1a46-4a07-4ca9-a3c8-338aedc5c87c] Ack server push request, request = NotifySubscriberRequest, requestId = 414
23:49:04.555 [nacos-grpc-client-executor-10024] INFO  c.a.n.c.r.client - [printIfInfoEnabled,60] - [e5fd1a46-4a07-4ca9-a3c8-338aedc5c87c] Receive server push request, request = NotifySubscriberRequest, requestId = 418
23:49:04.556 [nacos-grpc-client-executor-10024] INFO  c.a.n.c.r.client - [printIfInfoEnabled,60] - [e5fd1a46-4a07-4ca9-a3c8-338aedc5c87c] Ack server push request, request = NotifySubscriberRequest, requestId = 418
23:52:51.770 [nacos-grpc-client-executor-10134] INFO  c.a.n.c.r.client - [printIfInfoEnabled,60] - [e5fd1a46-4a07-4ca9-a3c8-338aedc5c87c] Receive server push request, request = NotifySubscriberRequest, requestId = 421
23:52:51.777 [nacos-grpc-client-executor-10134] INFO  c.a.n.c.r.client - [printIfInfoEnabled,60] - [e5fd1a46-4a07-4ca9-a3c8-338aedc5c87c] Ack server push request, request = NotifySubscriberRequest, requestId = 421
23:57:11.393 [nacos-grpc-client-executor-10246] INFO  c.a.n.c.r.client - [printIfInfoEnabled,60] - [e5fd1a46-4a07-4ca9-a3c8-338aedc5c87c] Receive server push request, request = NotifySubscriberRequest, requestId = 424
23:57:11.394 [nacos-grpc-client-executor-10246] INFO  c.a.n.c.r.client - [printIfInfoEnabled,60] - [e5fd1a46-4a07-4ca9-a3c8-338aedc5c87c] Ack server push request, request = NotifySubscriberRequest, requestId = 424
23:58:45.161 [nacos-grpc-client-executor-10278] INFO  c.a.n.c.r.client - [printIfInfoEnabled,60] - [e5fd1a46-4a07-4ca9-a3c8-338aedc5c87c] Receive server push request, request = NotifySubscriberRequest, requestId = 428
23:58:45.165 [nacos-grpc-client-executor-10278] INFO  c.a.n.c.r.client - [printIfInfoEnabled,60] - [e5fd1a46-4a07-4ca9-a3c8-338aedc5c87c] Ack server push request, request = NotifySubscriberRequest, requestId = 428
23:58:58.478 [nacos-grpc-client-executor-10293] INFO  c.a.n.c.r.client - [printIfInfoEnabled,60] - [e5fd1a46-4a07-4ca9-a3c8-338aedc5c87c] Receive server push request, request = NotifySubscriberRequest, requestId = 432
23:58:58.479 [nacos-grpc-client-executor-10293] INFO  c.a.n.c.r.client - [printIfInfoEnabled,60] - [e5fd1a46-4a07-4ca9-a3c8-338aedc5c87c] Ack server push request, request = NotifySubscriberRequest, requestId = 432
23:59:58.988 [nacos-grpc-client-executor-10318] INFO  c.a.n.c.r.client - [printIfInfoEnabled,60] - [e5fd1a46-4a07-4ca9-a3c8-338aedc5c87c] Receive server push request, request = NotifySubscriberRequest, requestId = 435
23:59:58.995 [nacos-grpc-client-executor-10318] INFO  c.a.n.c.r.client - [printIfInfoEnabled,60] - [e5fd1a46-4a07-4ca9-a3c8-338aedc5c87c] Ack server push request, request = NotifySubscriberRequest, requestId = 435
