08:52:50.943 [nacos-grpc-client-executor-2150] INFO  c.a.n.c.r.client - [printIfInfoEnabled,60] - [1d856070-19df-4f99-9c64-f01e56ae966c] Receive server push request, request = NotifySubscriberRequest, requestId = 89
08:52:50.948 [nacos-grpc-client-executor-2150] INFO  c.a.n.c.r.client - [printIfInfoEnabled,60] - [1d856070-19df-4f99-9c64-f01e56ae966c] Ack server push request, request = NotifySubscriberRequest, requestId = 89
08:52:57.571 [nacos-grpc-client-executor-2151] INFO  c.a.n.c.r.client - [printIfInfoEnabled,60] - [1d856070-19df-4f99-9c64-f01e56ae966c] Receive server push request, request = NotifySubscriberRequest, requestId = 90
08:52:57.572 [nacos-grpc-client-executor-2151] INFO  c.a.n.c.r.client - [printIfInfoEnabled,60] - [1d856070-19df-4f99-9c64-f01e56ae966c] Ack server push request, request = NotifySubscriberRequest, requestId = 90
08:53:18.499 [nacos-grpc-client-executor-2163] INFO  c.a.n.c.r.client - [printIfInfoEnabled,60] - [1d856070-19df-4f99-9c64-f01e56ae966c] Receive server push request, request = NotifySubscriberRequest, requestId = 97
08:53:18.501 [nacos-grpc-client-executor-2163] INFO  c.a.n.c.r.client - [printIfInfoEnabled,60] - [1d856070-19df-4f99-9c64-f01e56ae966c] Ack server push request, request = NotifySubscriberRequest, requestId = 97
08:53:27.885 [SpringApplicationShutdownHook] INFO  c.a.c.n.r.NacosServiceRegistry - [deregister,94] - De-registering from Nacos Server now...
08:53:27.888 [SpringApplicationShutdownHook] INFO  c.a.c.n.r.NacosServiceRegistry - [deregister,114] - De-registration finished.
08:53:28.197 [SpringApplicationShutdownHook] INFO  c.a.n.c.r.client - [shutdown,454] - Shutdown rpc client, set status to shutdown
08:53:28.197 [SpringApplicationShutdownHook] INFO  c.a.n.c.r.client - [shutdown,456] - Shutdown client event executor java.util.concurrent.ScheduledThreadPoolExecutor@587b0696[Running, pool size = 2, active threads = 2, queued tasks = 0, completed tasks = 0]
08:53:28.198 [SpringApplicationShutdownHook] INFO  c.a.n.c.r.client - [closeConnection,591] - Close current connection 1685635068406_127.0.0.1_64799
08:53:28.199 [nacos-grpc-client-executor-2168] INFO  c.a.n.c.r.c.g.GrpcClient - [printIfInfoEnabled,60] - [1685635068406_127.0.0.1_64799]Ignore complete event,isRunning:false,isAbandon=false
08:53:28.206 [SpringApplicationShutdownHook] INFO  c.a.n.c.r.c.g.GrpcClient - [shutdown,85] - Shutdown grpc executor java.util.concurrent.ThreadPoolExecutor@3269fe71[Running, pool size = 6, active threads = 0, queued tasks = 0, completed tasks = 2187]
08:53:32.334 [background-preinit] INFO  o.h.v.i.util.Version - [<clinit>,21] - HV000001: Hibernate Validator 6.2.5.Final
08:53:32.718 [main] INFO  c.a.n.c.r.client - [lambda$createClient$0,80] - [RpcClientFactory] create a new rpc client of 3ea29a01-d7de-4961-bce8-ce1580cb2ae9_config-0
08:53:32.752 [main] INFO  o.r.Reflections - [scan,232] - Reflections took 22 ms to scan 1 urls, producing 3 keys and 6 values 
08:53:32.774 [main] INFO  o.r.Reflections - [scan,232] - Reflections took 12 ms to scan 1 urls, producing 4 keys and 9 values 
08:53:32.787 [main] INFO  o.r.Reflections - [scan,232] - Reflections took 10 ms to scan 1 urls, producing 3 keys and 10 values 
08:53:32.802 [main] INFO  o.r.Reflections - [scan,232] - Reflections took 12 ms to scan 1 urls, producing 1 keys and 5 values 
08:53:32.815 [main] INFO  o.r.Reflections - [scan,232] - Reflections took 11 ms to scan 1 urls, producing 1 keys and 7 values 
08:53:32.828 [main] INFO  o.r.Reflections - [scan,232] - Reflections took 11 ms to scan 1 urls, producing 2 keys and 8 values 
08:53:32.838 [main] INFO  c.a.n.c.r.client - [printIfInfoEnabled,60] - [3ea29a01-d7de-4961-bce8-ce1580cb2ae9_config-0] RpcClient init label, labels = {module=config, Vipserver-Tag=null, source=sdk, Amory-Tag=null, Location-Tag=null, taskId=0, AppName=unknown}
08:53:32.838 [main] INFO  c.a.n.c.r.client - [printIfInfoEnabled,60] - [3ea29a01-d7de-4961-bce8-ce1580cb2ae9_config-0] Register server push request handler:com.alibaba.nacos.client.config.impl.ClientWorker$ConfigRpcTransportClient$$Lambda$463/0x0000000800f3f008
08:53:32.839 [main] INFO  c.a.n.c.r.client - [printIfInfoEnabled,60] - [3ea29a01-d7de-4961-bce8-ce1580cb2ae9_config-0] Register server push request handler:com.alibaba.nacos.client.config.impl.ClientWorker$ConfigRpcTransportClient$$Lambda$464/0x0000000800f3f230
08:53:32.839 [main] INFO  c.a.n.c.r.client - [printIfInfoEnabled,60] - [3ea29a01-d7de-4961-bce8-ce1580cb2ae9_config-0] Registry connection listener to current client:com.alibaba.nacos.client.config.impl.ClientWorker$ConfigRpcTransportClient$1
08:53:32.840 [main] INFO  c.a.n.c.r.client - [printIfInfoEnabled,60] - [3ea29a01-d7de-4961-bce8-ce1580cb2ae9_config-0] RpcClient init, ServerListFactory = com.alibaba.nacos.client.config.impl.ClientWorker$ConfigRpcTransportClient$2
08:53:32.845 [main] INFO  c.a.n.c.r.client - [printIfInfoEnabled,60] - [3ea29a01-d7de-4961-bce8-ce1580cb2ae9_config-0] Try to connect to server on start up, server: {serverIp = '127.0.0.1', server main port = 8848}
08:53:33.333 [main] INFO  c.a.n.c.r.client - [printIfInfoEnabled,60] - [3ea29a01-d7de-4961-bce8-ce1580cb2ae9_config-0] Success to connect to server [127.0.0.1:8848] on start up, connectionId = 1685667213158_127.0.0.1_51538
08:53:33.334 [com.alibaba.nacos.client.remote.worker] INFO  c.a.n.c.r.client - [printIfInfoEnabled,60] - [3ea29a01-d7de-4961-bce8-ce1580cb2ae9_config-0] Notify connected event to listeners.
08:53:33.334 [main] INFO  c.a.n.c.r.client - [printIfInfoEnabled,60] - [3ea29a01-d7de-4961-bce8-ce1580cb2ae9_config-0] Register server push request handler:com.alibaba.nacos.common.remote.client.RpcClient$ConnectResetRequestHandler
08:53:33.335 [main] INFO  c.a.n.c.r.client - [printIfInfoEnabled,60] - [3ea29a01-d7de-4961-bce8-ce1580cb2ae9_config-0] Register server push request handler:com.alibaba.nacos.common.remote.client.RpcClient$$Lambda$475/0x0000000801040450
08:53:33.398 [main] INFO  c.c.g.CMSGatewayApplication - [logStartupProfileInfo,637] - The following 1 profile is active: "dev"
08:53:35.687 [main] INFO  c.a.c.s.g.s.SentinelSCGAutoConfiguration - [sentinelGatewayFilter,144] - [Sentinel SpringCloudGateway] register SentinelGatewayFilter with order: -2147483648
08:53:36.160 [main] INFO  c.a.c.s.g.s.SentinelSCGAutoConfiguration - [sentinelGatewayBlockExceptionHandler,134] - [Sentinel SpringCloudGateway] register SentinelGatewayBlockExceptionHandler
08:53:36.543 [main] INFO  c.a.n.c.r.client - [lambda$createClient$0,80] - [RpcClientFactory] create a new rpc client of f5fa976f-e822-45b0-8169-a757fe230049_config-0
08:53:36.543 [main] INFO  c.a.n.c.r.client - [printIfInfoEnabled,60] - [f5fa976f-e822-45b0-8169-a757fe230049_config-0] RpcClient init label, labels = {module=config, Vipserver-Tag=null, source=sdk, Amory-Tag=null, Location-Tag=null, taskId=0, AppName=unknown}
08:53:36.543 [main] INFO  c.a.n.c.r.client - [printIfInfoEnabled,60] - [f5fa976f-e822-45b0-8169-a757fe230049_config-0] Register server push request handler:com.alibaba.nacos.client.config.impl.ClientWorker$ConfigRpcTransportClient$$Lambda$463/0x0000000800f3f008
08:53:36.543 [main] INFO  c.a.n.c.r.client - [printIfInfoEnabled,60] - [f5fa976f-e822-45b0-8169-a757fe230049_config-0] Register server push request handler:com.alibaba.nacos.client.config.impl.ClientWorker$ConfigRpcTransportClient$$Lambda$464/0x0000000800f3f230
08:53:36.544 [main] INFO  c.a.n.c.r.client - [printIfInfoEnabled,60] - [f5fa976f-e822-45b0-8169-a757fe230049_config-0] Registry connection listener to current client:com.alibaba.nacos.client.config.impl.ClientWorker$ConfigRpcTransportClient$1
08:53:36.544 [main] INFO  c.a.n.c.r.client - [printIfInfoEnabled,60] - [f5fa976f-e822-45b0-8169-a757fe230049_config-0] RpcClient init, ServerListFactory = com.alibaba.nacos.client.config.impl.ClientWorker$ConfigRpcTransportClient$2
08:53:36.544 [main] INFO  c.a.n.c.r.client - [printIfInfoEnabled,60] - [f5fa976f-e822-45b0-8169-a757fe230049_config-0] Try to connect to server on start up, server: {serverIp = '127.0.0.1', server main port = 8848}
08:53:36.670 [main] INFO  c.a.n.c.r.client - [printIfInfoEnabled,60] - [f5fa976f-e822-45b0-8169-a757fe230049_config-0] Success to connect to server [127.0.0.1:8848] on start up, connectionId = 1685667216556_127.0.0.1_51540
08:53:36.670 [main] INFO  c.a.n.c.r.client - [printIfInfoEnabled,60] - [f5fa976f-e822-45b0-8169-a757fe230049_config-0] Register server push request handler:com.alibaba.nacos.common.remote.client.RpcClient$ConnectResetRequestHandler
08:53:36.670 [com.alibaba.nacos.client.remote.worker] INFO  c.a.n.c.r.client - [printIfInfoEnabled,60] - [f5fa976f-e822-45b0-8169-a757fe230049_config-0] Notify connected event to listeners.
08:53:36.670 [main] INFO  c.a.n.c.r.client - [printIfInfoEnabled,60] - [f5fa976f-e822-45b0-8169-a757fe230049_config-0] Register server push request handler:com.alibaba.nacos.common.remote.client.RpcClient$$Lambda$475/0x0000000801040450
08:53:36.815 [main] INFO  c.a.n.c.r.client - [lambda$createClient$0,80] - [RpcClientFactory] create a new rpc client of 7559b12d-5b25-47cf-b782-d8f6fb437d5a
08:53:36.816 [main] INFO  c.a.n.c.r.client - [printIfInfoEnabled,60] - [7559b12d-5b25-47cf-b782-d8f6fb437d5a] RpcClient init label, labels = {module=naming, source=sdk}
08:53:36.819 [main] INFO  c.a.n.c.r.client - [printIfInfoEnabled,60] - [7559b12d-5b25-47cf-b782-d8f6fb437d5a] RpcClient init, ServerListFactory = com.alibaba.nacos.client.naming.core.ServerListManager
08:53:36.819 [main] INFO  c.a.n.c.r.client - [printIfInfoEnabled,60] - [7559b12d-5b25-47cf-b782-d8f6fb437d5a] Registry connection listener to current client:com.alibaba.nacos.client.naming.remote.gprc.redo.NamingGrpcRedoService
08:53:36.819 [main] INFO  c.a.n.c.r.client - [printIfInfoEnabled,60] - [7559b12d-5b25-47cf-b782-d8f6fb437d5a] Register server push request handler:com.alibaba.nacos.client.naming.remote.gprc.NamingPushRequestHandler
08:53:36.820 [main] INFO  c.a.n.c.r.client - [printIfInfoEnabled,60] - [7559b12d-5b25-47cf-b782-d8f6fb437d5a] Try to connect to server on start up, server: {serverIp = '127.0.0.1', server main port = 8848}
08:53:36.954 [main] INFO  c.a.n.c.r.client - [printIfInfoEnabled,60] - [7559b12d-5b25-47cf-b782-d8f6fb437d5a] Success to connect to server [127.0.0.1:8848] on start up, connectionId = 1685667216838_127.0.0.1_51545
08:53:36.954 [main] INFO  c.a.n.c.r.client - [printIfInfoEnabled,60] - [7559b12d-5b25-47cf-b782-d8f6fb437d5a] Register server push request handler:com.alibaba.nacos.common.remote.client.RpcClient$ConnectResetRequestHandler
08:53:36.954 [com.alibaba.nacos.client.remote.worker] INFO  c.a.n.c.r.client - [printIfInfoEnabled,60] - [7559b12d-5b25-47cf-b782-d8f6fb437d5a] Notify connected event to listeners.
08:53:36.954 [main] INFO  c.a.n.c.r.client - [printIfInfoEnabled,60] - [7559b12d-5b25-47cf-b782-d8f6fb437d5a] Register server push request handler:com.alibaba.nacos.common.remote.client.RpcClient$$Lambda$475/0x0000000801040450
08:53:37.085 [main] INFO  c.a.c.n.r.NacosServiceRegistry - [register,75] - nacos registry, DEFAULT_GROUP cms-gateway 10.110.169.44:8080 register finished
08:53:37.171 [main] INFO  c.c.g.CMSGatewayApplication - [logStarted,61] - Started CMSGatewayApplication in 5.643 seconds (JVM running for 6.823)
08:53:37.176 [main] INFO  c.a.c.n.r.NacosContextRefresher - [registerNacosListener,129] - [Nacos Config] Listening config: dataId=cms-gateway, group=DEFAULT_GROUP
08:53:37.177 [main] INFO  c.a.c.n.r.NacosContextRefresher - [registerNacosListener,129] - [Nacos Config] Listening config: dataId=cms-gateway.yml, group=DEFAULT_GROUP
08:53:37.178 [main] INFO  c.a.c.n.r.NacosContextRefresher - [registerNacosListener,129] - [Nacos Config] Listening config: dataId=cms-gateway-dev.yml, group=DEFAULT_GROUP
08:53:37.543 [nacos-grpc-client-executor-58] INFO  c.a.n.c.r.client - [printIfInfoEnabled,60] - [7559b12d-5b25-47cf-b782-d8f6fb437d5a] Receive server push request, request = NotifySubscriberRequest, requestId = 104
08:53:37.544 [nacos-grpc-client-executor-58] INFO  c.a.n.c.r.client - [printIfInfoEnabled,60] - [7559b12d-5b25-47cf-b782-d8f6fb437d5a] Ack server push request, request = NotifySubscriberRequest, requestId = 104
08:53:37.637 [nacos-grpc-client-executor-59] INFO  c.a.n.c.r.client - [printIfInfoEnabled,60] - [7559b12d-5b25-47cf-b782-d8f6fb437d5a] Receive server push request, request = NotifySubscriberRequest, requestId = 106
08:53:37.638 [nacos-grpc-client-executor-59] INFO  c.a.n.c.r.client - [printIfInfoEnabled,60] - [7559b12d-5b25-47cf-b782-d8f6fb437d5a] Ack server push request, request = NotifySubscriberRequest, requestId = 106
08:53:37.640 [nacos-grpc-client-executor-60] INFO  c.a.n.c.r.client - [printIfInfoEnabled,60] - [7559b12d-5b25-47cf-b782-d8f6fb437d5a] Receive server push request, request = NotifySubscriberRequest, requestId = 107
08:53:37.642 [nacos-grpc-client-executor-60] INFO  c.a.n.c.r.client - [printIfInfoEnabled,60] - [7559b12d-5b25-47cf-b782-d8f6fb437d5a] Ack server push request, request = NotifySubscriberRequest, requestId = 107
08:53:37.644 [nacos-grpc-client-executor-61] INFO  c.a.n.c.r.client - [printIfInfoEnabled,60] - [7559b12d-5b25-47cf-b782-d8f6fb437d5a] Receive server push request, request = NotifySubscriberRequest, requestId = 110
08:53:37.644 [nacos-grpc-client-executor-61] INFO  c.a.n.c.r.client - [printIfInfoEnabled,60] - [7559b12d-5b25-47cf-b782-d8f6fb437d5a] Ack server push request, request = NotifySubscriberRequest, requestId = 110
08:53:37.646 [nacos-grpc-client-executor-62] INFO  c.a.n.c.r.client - [printIfInfoEnabled,60] - [7559b12d-5b25-47cf-b782-d8f6fb437d5a] Receive server push request, request = NotifySubscriberRequest, requestId = 108
08:53:37.646 [nacos-grpc-client-executor-62] INFO  c.a.n.c.r.client - [printIfInfoEnabled,60] - [7559b12d-5b25-47cf-b782-d8f6fb437d5a] Ack server push request, request = NotifySubscriberRequest, requestId = 108
08:53:37.649 [nacos-grpc-client-executor-63] INFO  c.a.n.c.r.client - [printIfInfoEnabled,60] - [7559b12d-5b25-47cf-b782-d8f6fb437d5a] Receive server push request, request = NotifySubscriberRequest, requestId = 109
08:53:37.649 [nacos-grpc-client-executor-63] INFO  c.a.n.c.r.client - [printIfInfoEnabled,60] - [7559b12d-5b25-47cf-b782-d8f6fb437d5a] Ack server push request, request = NotifySubscriberRequest, requestId = 109
08:54:05.683 [nacos-grpc-client-executor-70] INFO  c.a.n.c.r.client - [printIfInfoEnabled,60] - [7559b12d-5b25-47cf-b782-d8f6fb437d5a] Receive server push request, request = NotifySubscriberRequest, requestId = 111
08:54:05.685 [nacos-grpc-client-executor-70] INFO  c.a.n.c.r.client - [printIfInfoEnabled,60] - [7559b12d-5b25-47cf-b782-d8f6fb437d5a] Ack server push request, request = NotifySubscriberRequest, requestId = 111
08:54:14.067 [nacos-grpc-client-executor-75] INFO  c.a.n.c.r.client - [printIfInfoEnabled,60] - [7559b12d-5b25-47cf-b782-d8f6fb437d5a] Receive server push request, request = NotifySubscriberRequest, requestId = 113
08:54:14.073 [nacos-grpc-client-executor-75] INFO  c.a.n.c.r.client - [printIfInfoEnabled,60] - [7559b12d-5b25-47cf-b782-d8f6fb437d5a] Ack server push request, request = NotifySubscriberRequest, requestId = 113
08:54:51.309 [background-preinit] INFO  o.h.v.i.util.Version - [<clinit>,21] - HV000001: Hibernate Validator 6.2.5.Final
08:54:52.181 [main] INFO  c.a.n.c.r.client - [lambda$createClient$0,80] - [RpcClientFactory] create a new rpc client of 7e251512-5a96-485c-9698-638b3245956c_config-0
08:54:52.251 [main] INFO  o.r.Reflections - [scan,232] - Reflections took 44 ms to scan 1 urls, producing 3 keys and 6 values 
08:54:52.302 [main] INFO  o.r.Reflections - [scan,232] - Reflections took 33 ms to scan 1 urls, producing 4 keys and 9 values 
08:54:52.342 [main] INFO  o.r.Reflections - [scan,232] - Reflections took 36 ms to scan 1 urls, producing 3 keys and 10 values 
08:54:52.386 [main] INFO  o.r.Reflections - [scan,232] - Reflections took 40 ms to scan 1 urls, producing 1 keys and 5 values 
08:54:52.411 [main] INFO  o.r.Reflections - [scan,232] - Reflections took 18 ms to scan 1 urls, producing 1 keys and 7 values 
08:54:52.431 [main] INFO  o.r.Reflections - [scan,232] - Reflections took 17 ms to scan 1 urls, producing 2 keys and 8 values 
08:54:52.436 [main] INFO  c.a.n.c.r.client - [printIfInfoEnabled,60] - [7e251512-5a96-485c-9698-638b3245956c_config-0] RpcClient init label, labels = {module=config, Vipserver-Tag=null, source=sdk, Amory-Tag=null, Location-Tag=null, taskId=0, AppName=unknown}
08:54:52.437 [main] INFO  c.a.n.c.r.client - [printIfInfoEnabled,60] - [7e251512-5a96-485c-9698-638b3245956c_config-0] Register server push request handler:com.alibaba.nacos.client.config.impl.ClientWorker$ConfigRpcTransportClient$$Lambda$463/0x0000000800f1cc28
08:54:52.437 [main] INFO  c.a.n.c.r.client - [printIfInfoEnabled,60] - [7e251512-5a96-485c-9698-638b3245956c_config-0] Register server push request handler:com.alibaba.nacos.client.config.impl.ClientWorker$ConfigRpcTransportClient$$Lambda$464/0x0000000800f1ce50
08:54:52.438 [main] INFO  c.a.n.c.r.client - [printIfInfoEnabled,60] - [7e251512-5a96-485c-9698-638b3245956c_config-0] Registry connection listener to current client:com.alibaba.nacos.client.config.impl.ClientWorker$ConfigRpcTransportClient$1
08:54:52.440 [main] INFO  c.a.n.c.r.client - [printIfInfoEnabled,60] - [7e251512-5a96-485c-9698-638b3245956c_config-0] RpcClient init, ServerListFactory = com.alibaba.nacos.client.config.impl.ClientWorker$ConfigRpcTransportClient$2
08:54:52.455 [main] INFO  c.a.n.c.r.client - [printIfInfoEnabled,60] - [7e251512-5a96-485c-9698-638b3245956c_config-0] Try to connect to server on start up, server: {serverIp = '127.0.0.1', server main port = 8848}
08:54:53.182 [main] INFO  c.a.n.c.r.client - [printIfInfoEnabled,60] - [7e251512-5a96-485c-9698-638b3245956c_config-0] Success to connect to server [127.0.0.1:8848] on start up, connectionId = 1685667292968_127.0.0.1_51681
08:54:53.183 [com.alibaba.nacos.client.remote.worker] INFO  c.a.n.c.r.client - [printIfInfoEnabled,60] - [7e251512-5a96-485c-9698-638b3245956c_config-0] Notify connected event to listeners.
08:54:53.183 [main] INFO  c.a.n.c.r.client - [printIfInfoEnabled,60] - [7e251512-5a96-485c-9698-638b3245956c_config-0] Register server push request handler:com.alibaba.nacos.common.remote.client.RpcClient$ConnectResetRequestHandler
08:54:53.184 [main] INFO  c.a.n.c.r.client - [printIfInfoEnabled,60] - [7e251512-5a96-485c-9698-638b3245956c_config-0] Register server push request handler:com.alibaba.nacos.common.remote.client.RpcClient$$Lambda$475/0x000000080101cdb0
08:54:53.301 [main] INFO  c.c.g.CMSGatewayApplication - [logStartupProfileInfo,637] - The following 1 profile is active: "dev"
08:54:58.188 [main] INFO  c.a.c.s.g.s.SentinelSCGAutoConfiguration - [sentinelGatewayFilter,144] - [Sentinel SpringCloudGateway] register SentinelGatewayFilter with order: -2147483648
08:54:59.427 [main] INFO  c.a.c.s.g.s.SentinelSCGAutoConfiguration - [sentinelGatewayBlockExceptionHandler,134] - [Sentinel SpringCloudGateway] register SentinelGatewayBlockExceptionHandler
08:55:00.138 [main] INFO  c.a.n.c.r.client - [lambda$createClient$0,80] - [RpcClientFactory] create a new rpc client of cdd46fa5-90fb-4dac-9119-2d34176ee4a9_config-0
08:55:00.139 [main] INFO  c.a.n.c.r.client - [printIfInfoEnabled,60] - [cdd46fa5-90fb-4dac-9119-2d34176ee4a9_config-0] RpcClient init label, labels = {module=config, Vipserver-Tag=null, source=sdk, Amory-Tag=null, Location-Tag=null, taskId=0, AppName=unknown}
08:55:00.140 [main] INFO  c.a.n.c.r.client - [printIfInfoEnabled,60] - [cdd46fa5-90fb-4dac-9119-2d34176ee4a9_config-0] Register server push request handler:com.alibaba.nacos.client.config.impl.ClientWorker$ConfigRpcTransportClient$$Lambda$463/0x0000000800f1cc28
08:55:00.140 [main] INFO  c.a.n.c.r.client - [printIfInfoEnabled,60] - [cdd46fa5-90fb-4dac-9119-2d34176ee4a9_config-0] Register server push request handler:com.alibaba.nacos.client.config.impl.ClientWorker$ConfigRpcTransportClient$$Lambda$464/0x0000000800f1ce50
08:55:00.141 [main] INFO  c.a.n.c.r.client - [printIfInfoEnabled,60] - [cdd46fa5-90fb-4dac-9119-2d34176ee4a9_config-0] Registry connection listener to current client:com.alibaba.nacos.client.config.impl.ClientWorker$ConfigRpcTransportClient$1
08:55:00.141 [main] INFO  c.a.n.c.r.client - [printIfInfoEnabled,60] - [cdd46fa5-90fb-4dac-9119-2d34176ee4a9_config-0] RpcClient init, ServerListFactory = com.alibaba.nacos.client.config.impl.ClientWorker$ConfigRpcTransportClient$2
08:55:00.142 [main] INFO  c.a.n.c.r.client - [printIfInfoEnabled,60] - [cdd46fa5-90fb-4dac-9119-2d34176ee4a9_config-0] Try to connect to server on start up, server: {serverIp = '127.0.0.1', server main port = 8848}
08:55:00.293 [main] INFO  c.a.n.c.r.client - [printIfInfoEnabled,60] - [cdd46fa5-90fb-4dac-9119-2d34176ee4a9_config-0] Success to connect to server [127.0.0.1:8848] on start up, connectionId = 1685667300163_127.0.0.1_51693
08:55:00.293 [main] INFO  c.a.n.c.r.client - [printIfInfoEnabled,60] - [cdd46fa5-90fb-4dac-9119-2d34176ee4a9_config-0] Register server push request handler:com.alibaba.nacos.common.remote.client.RpcClient$ConnectResetRequestHandler
08:55:00.293 [com.alibaba.nacos.client.remote.worker] INFO  c.a.n.c.r.client - [printIfInfoEnabled,60] - [cdd46fa5-90fb-4dac-9119-2d34176ee4a9_config-0] Notify connected event to listeners.
08:55:00.293 [main] INFO  c.a.n.c.r.client - [printIfInfoEnabled,60] - [cdd46fa5-90fb-4dac-9119-2d34176ee4a9_config-0] Register server push request handler:com.alibaba.nacos.common.remote.client.RpcClient$$Lambda$475/0x000000080101cdb0
08:55:00.451 [main] INFO  c.a.n.c.r.client - [lambda$createClient$0,80] - [RpcClientFactory] create a new rpc client of 93b0779b-7636-49b1-899d-f7f9bce857af
08:55:00.451 [main] INFO  c.a.n.c.r.client - [printIfInfoEnabled,60] - [93b0779b-7636-49b1-899d-f7f9bce857af] RpcClient init label, labels = {module=naming, source=sdk}
08:55:00.453 [main] INFO  c.a.n.c.r.client - [printIfInfoEnabled,60] - [93b0779b-7636-49b1-899d-f7f9bce857af] RpcClient init, ServerListFactory = com.alibaba.nacos.client.naming.core.ServerListManager
08:55:00.454 [main] INFO  c.a.n.c.r.client - [printIfInfoEnabled,60] - [93b0779b-7636-49b1-899d-f7f9bce857af] Registry connection listener to current client:com.alibaba.nacos.client.naming.remote.gprc.redo.NamingGrpcRedoService
08:55:00.454 [main] INFO  c.a.n.c.r.client - [printIfInfoEnabled,60] - [93b0779b-7636-49b1-899d-f7f9bce857af] Register server push request handler:com.alibaba.nacos.client.naming.remote.gprc.NamingPushRequestHandler
08:55:00.455 [main] INFO  c.a.n.c.r.client - [printIfInfoEnabled,60] - [93b0779b-7636-49b1-899d-f7f9bce857af] Try to connect to server on start up, server: {serverIp = '127.0.0.1', server main port = 8848}
08:55:00.588 [main] INFO  c.a.n.c.r.client - [printIfInfoEnabled,60] - [93b0779b-7636-49b1-899d-f7f9bce857af] Success to connect to server [127.0.0.1:8848] on start up, connectionId = 1685667300471_127.0.0.1_51695
08:55:00.589 [com.alibaba.nacos.client.remote.worker] INFO  c.a.n.c.r.client - [printIfInfoEnabled,60] - [93b0779b-7636-49b1-899d-f7f9bce857af] Notify connected event to listeners.
08:55:00.589 [main] INFO  c.a.n.c.r.client - [printIfInfoEnabled,60] - [93b0779b-7636-49b1-899d-f7f9bce857af] Register server push request handler:com.alibaba.nacos.common.remote.client.RpcClient$ConnectResetRequestHandler
08:55:00.589 [main] INFO  c.a.n.c.r.client - [printIfInfoEnabled,60] - [93b0779b-7636-49b1-899d-f7f9bce857af] Register server push request handler:com.alibaba.nacos.common.remote.client.RpcClient$$Lambda$475/0x000000080101cdb0
08:55:00.789 [main] INFO  c.a.c.n.r.NacosServiceRegistry - [register,75] - nacos registry, DEFAULT_GROUP cms-gateway 10.110.169.44:8080 register finished
08:55:00.851 [main] INFO  c.c.g.CMSGatewayApplication - [logStarted,61] - Started CMSGatewayApplication in 11.011 seconds (JVM running for 12.311)
08:55:00.858 [main] INFO  c.a.c.n.r.NacosContextRefresher - [registerNacosListener,129] - [Nacos Config] Listening config: dataId=cms-gateway, group=DEFAULT_GROUP
08:55:00.859 [main] INFO  c.a.c.n.r.NacosContextRefresher - [registerNacosListener,129] - [Nacos Config] Listening config: dataId=cms-gateway.yml, group=DEFAULT_GROUP
08:55:00.859 [main] INFO  c.a.c.n.r.NacosContextRefresher - [registerNacosListener,129] - [Nacos Config] Listening config: dataId=cms-gateway-dev.yml, group=DEFAULT_GROUP
08:55:01.164 [nacos-grpc-client-executor-60] INFO  c.a.n.c.r.client - [printIfInfoEnabled,60] - [93b0779b-7636-49b1-899d-f7f9bce857af] Receive server push request, request = NotifySubscriberRequest, requestId = 121
08:55:01.169 [nacos-grpc-client-executor-60] INFO  c.a.n.c.r.client - [printIfInfoEnabled,60] - [93b0779b-7636-49b1-899d-f7f9bce857af] Ack server push request, request = NotifySubscriberRequest, requestId = 121
08:55:01.264 [nacos-grpc-client-executor-63] INFO  c.a.n.c.r.client - [printIfInfoEnabled,60] - [93b0779b-7636-49b1-899d-f7f9bce857af] Receive server push request, request = NotifySubscriberRequest, requestId = 123
08:55:01.265 [nacos-grpc-client-executor-63] INFO  c.a.n.c.r.client - [printIfInfoEnabled,60] - [93b0779b-7636-49b1-899d-f7f9bce857af] Ack server push request, request = NotifySubscriberRequest, requestId = 123
08:55:01.272 [nacos-grpc-client-executor-0] INFO  c.a.n.c.r.client - [printIfInfoEnabled,60] - [93b0779b-7636-49b1-899d-f7f9bce857af] Receive server push request, request = NotifySubscriberRequest, requestId = 122
08:55:01.275 [nacos-grpc-client-executor-0] INFO  c.a.n.c.r.client - [printIfInfoEnabled,60] - [93b0779b-7636-49b1-899d-f7f9bce857af] Ack server push request, request = NotifySubscriberRequest, requestId = 122
08:55:01.279 [nacos-grpc-client-executor-1] INFO  c.a.n.c.r.client - [printIfInfoEnabled,60] - [93b0779b-7636-49b1-899d-f7f9bce857af] Receive server push request, request = NotifySubscriberRequest, requestId = 125
08:55:01.279 [nacos-grpc-client-executor-1] INFO  c.a.n.c.r.client - [printIfInfoEnabled,60] - [93b0779b-7636-49b1-899d-f7f9bce857af] Ack server push request, request = NotifySubscriberRequest, requestId = 125
08:55:01.282 [nacos-grpc-client-executor-2] INFO  c.a.n.c.r.client - [printIfInfoEnabled,60] - [93b0779b-7636-49b1-899d-f7f9bce857af] Receive server push request, request = NotifySubscriberRequest, requestId = 124
08:55:01.282 [nacos-grpc-client-executor-2] INFO  c.a.n.c.r.client - [printIfInfoEnabled,60] - [93b0779b-7636-49b1-899d-f7f9bce857af] Ack server push request, request = NotifySubscriberRequest, requestId = 124
08:55:01.284 [nacos-grpc-client-executor-3] INFO  c.a.n.c.r.client - [printIfInfoEnabled,60] - [93b0779b-7636-49b1-899d-f7f9bce857af] Receive server push request, request = NotifySubscriberRequest, requestId = 126
08:55:01.285 [nacos-grpc-client-executor-3] INFO  c.a.n.c.r.client - [printIfInfoEnabled,60] - [93b0779b-7636-49b1-899d-f7f9bce857af] Ack server push request, request = NotifySubscriberRequest, requestId = 126
08:55:04.933 [nacos-grpc-client-executor-24] INFO  c.a.n.c.r.client - [printIfInfoEnabled,60] - [93b0779b-7636-49b1-899d-f7f9bce857af] Receive server push request, request = NotifySubscriberRequest, requestId = 128
08:55:04.935 [nacos-grpc-client-executor-24] INFO  c.a.n.c.r.client - [printIfInfoEnabled,60] - [93b0779b-7636-49b1-899d-f7f9bce857af] Ack server push request, request = NotifySubscriberRequest, requestId = 128
08:55:08.738 [nacos-grpc-client-executor-33] INFO  c.a.n.c.r.client - [printIfInfoEnabled,60] - [93b0779b-7636-49b1-899d-f7f9bce857af] Receive server push request, request = NotifySubscriberRequest, requestId = 130
08:55:08.740 [nacos-grpc-client-executor-33] INFO  c.a.n.c.r.client - [printIfInfoEnabled,60] - [93b0779b-7636-49b1-899d-f7f9bce857af] Ack server push request, request = NotifySubscriberRequest, requestId = 130
08:55:13.946 [nacos-grpc-client-executor-65] INFO  c.a.n.c.r.client - [printIfInfoEnabled,60] - [93b0779b-7636-49b1-899d-f7f9bce857af] Receive server push request, request = NotifySubscriberRequest, requestId = 132
08:55:13.951 [nacos-grpc-client-executor-65] INFO  c.a.n.c.r.client - [printIfInfoEnabled,60] - [93b0779b-7636-49b1-899d-f7f9bce857af] Ack server push request, request = NotifySubscriberRequest, requestId = 132
08:55:15.069 [nacos-grpc-client-executor-66] INFO  c.a.n.c.r.client - [printIfInfoEnabled,60] - [93b0779b-7636-49b1-899d-f7f9bce857af] Receive server push request, request = NotifySubscriberRequest, requestId = 139
08:55:15.070 [nacos-grpc-client-executor-66] INFO  c.a.n.c.r.client - [printIfInfoEnabled,60] - [93b0779b-7636-49b1-899d-f7f9bce857af] Ack server push request, request = NotifySubscriberRequest, requestId = 139
08:55:20.086 [nacos-grpc-client-executor-68] INFO  c.a.n.c.r.client - [printIfInfoEnabled,60] - [93b0779b-7636-49b1-899d-f7f9bce857af] Receive server push request, request = NotifySubscriberRequest, requestId = 142
08:55:20.087 [nacos-grpc-client-executor-68] INFO  c.a.n.c.r.client - [printIfInfoEnabled,60] - [93b0779b-7636-49b1-899d-f7f9bce857af] Ack server push request, request = NotifySubscriberRequest, requestId = 142
09:00:03.690 [nacos-grpc-client-executor-208] INFO  c.a.n.c.r.client - [printIfInfoEnabled,60] - [93b0779b-7636-49b1-899d-f7f9bce857af] Receive server push request, request = NotifySubscriberRequest, requestId = 146
09:00:03.695 [nacos-grpc-client-executor-208] INFO  c.a.n.c.r.client - [printIfInfoEnabled,60] - [93b0779b-7636-49b1-899d-f7f9bce857af] Ack server push request, request = NotifySubscriberRequest, requestId = 146
09:00:17.571 [nacos-grpc-client-executor-216] INFO  c.a.n.c.r.client - [printIfInfoEnabled,60] - [93b0779b-7636-49b1-899d-f7f9bce857af] Receive server push request, request = NotifySubscriberRequest, requestId = 150
09:00:17.572 [nacos-grpc-client-executor-216] INFO  c.a.n.c.r.client - [printIfInfoEnabled,60] - [93b0779b-7636-49b1-899d-f7f9bce857af] Ack server push request, request = NotifySubscriberRequest, requestId = 150
