23:31:17.668 [nacos-grpc-client-executor-1516] INFO  c.a.n.c.r.client - [printIfInfoEnabled,60] - [93b0779b-7636-49b1-899d-f7f9bce857af] Receive server push request, request = NotifySubscriberRequest, requestId = 152
23:31:17.671 [nacos-grpc-client-executor-1516] INFO  c.a.n.c.r.client - [printIfInfoEnabled,60] - [93b0779b-7636-49b1-899d-f7f9bce857af] Ack server push request, request = NotifySubscriberRequest, requestId = 152
23:31:17.672 [nacos-grpc-client-executor-1517] INFO  c.a.n.c.r.client - [printIfInfoEnabled,60] - [93b0779b-7636-49b1-899d-f7f9bce857af] Receive server push request, request = NotifySubscriberRequest, requestId = 153
23:31:17.673 [nacos-grpc-client-executor-1517] INFO  c.a.n.c.r.client - [printIfInfoEnabled,60] - [93b0779b-7636-49b1-899d-f7f9bce857af] Ack server push request, request = NotifySubscriberRequest, requestId = 153
23:31:17.972 [nacos-grpc-client-executor-1518] INFO  c.a.n.c.r.client - [printIfInfoEnabled,60] - [93b0779b-7636-49b1-899d-f7f9bce857af] Receive server push request, request = NotifySubscriberRequest, requestId = 156
23:31:17.973 [nacos-grpc-client-executor-1518] INFO  c.a.n.c.r.client - [printIfInfoEnabled,60] - [93b0779b-7636-49b1-899d-f7f9bce857af] Ack server push request, request = NotifySubscriberRequest, requestId = 156
23:31:18.173 [nacos-grpc-client-executor-1519] INFO  c.a.n.c.r.client - [printIfInfoEnabled,60] - [93b0779b-7636-49b1-899d-f7f9bce857af] Receive server push request, request = NotifySubscriberRequest, requestId = 158
23:31:18.176 [nacos-grpc-client-executor-1519] INFO  c.a.n.c.r.client - [printIfInfoEnabled,60] - [93b0779b-7636-49b1-899d-f7f9bce857af] Ack server push request, request = NotifySubscriberRequest, requestId = 158
23:31:20.107 [nacos-grpc-client-executor-1523] INFO  c.a.n.c.r.client - [printIfInfoEnabled,60] - [93b0779b-7636-49b1-899d-f7f9bce857af] Receive server push request, request = NotifySubscriberRequest, requestId = 160
23:31:20.108 [nacos-grpc-client-executor-1523] INFO  c.a.n.c.r.client - [printIfInfoEnabled,60] - [93b0779b-7636-49b1-899d-f7f9bce857af] Ack server push request, request = NotifySubscriberRequest, requestId = 160
23:31:20.297 [SpringApplicationShutdownHook] INFO  c.a.c.n.r.NacosServiceRegistry - [deregister,94] - De-registering from Nacos Server now...
23:31:20.302 [SpringApplicationShutdownHook] INFO  c.a.c.n.r.NacosServiceRegistry - [deregister,114] - De-registration finished.
23:31:20.617 [SpringApplicationShutdownHook] INFO  c.a.n.c.r.client - [shutdown,454] - Shutdown rpc client, set status to shutdown
23:31:20.618 [SpringApplicationShutdownHook] INFO  c.a.n.c.r.client - [shutdown,456] - Shutdown client event executor java.util.concurrent.ScheduledThreadPoolExecutor@52b3f505[Running, pool size = 2, active threads = 2, queued tasks = 0, completed tasks = 0]
23:31:20.621 [SpringApplicationShutdownHook] INFO  c.a.n.c.r.client - [closeConnection,591] - Close current connection 1685667300471_127.0.0.1_51695
23:31:20.624 [nacos-grpc-client-executor-1527] INFO  c.a.n.c.r.c.g.GrpcClient - [printIfInfoEnabled,60] - [1685667300471_127.0.0.1_51695]Ignore complete event,isRunning:false,isAbandon=false
23:31:20.627 [SpringApplicationShutdownHook] INFO  c.a.n.c.r.c.g.GrpcClient - [shutdown,85] - Shutdown grpc executor java.util.concurrent.ThreadPoolExecutor@27e28d4f[Running, pool size = 14, active threads = 0, queued tasks = 0, completed tasks = 1562]
23:31:30.539 [background-preinit] INFO  o.h.v.i.util.Version - [<clinit>,21] - HV000001: Hibernate Validator 6.2.5.Final
23:31:31.217 [main] INFO  c.a.n.c.r.client - [lambda$createClient$0,80] - [RpcClientFactory] create a new rpc client of 3533ac7d-b2a6-4c71-b59e-eb69cf21348b_config-0
23:31:31.273 [main] INFO  o.r.Reflections - [scan,232] - Reflections took 35 ms to scan 1 urls, producing 3 keys and 6 values 
23:31:31.310 [main] INFO  o.r.Reflections - [scan,232] - Reflections took 21 ms to scan 1 urls, producing 4 keys and 9 values 
23:31:31.334 [main] INFO  o.r.Reflections - [scan,232] - Reflections took 18 ms to scan 1 urls, producing 3 keys and 10 values 
23:31:31.354 [main] INFO  o.r.Reflections - [scan,232] - Reflections took 15 ms to scan 1 urls, producing 1 keys and 5 values 
23:31:31.386 [main] INFO  o.r.Reflections - [scan,232] - Reflections took 29 ms to scan 1 urls, producing 1 keys and 7 values 
23:31:31.402 [main] INFO  o.r.Reflections - [scan,232] - Reflections took 13 ms to scan 1 urls, producing 2 keys and 8 values 
23:31:31.406 [main] INFO  c.a.n.c.r.client - [printIfInfoEnabled,60] - [3533ac7d-b2a6-4c71-b59e-eb69cf21348b_config-0] RpcClient init label, labels = {module=config, Vipserver-Tag=null, source=sdk, Amory-Tag=null, Location-Tag=null, taskId=0, AppName=unknown}
23:31:31.408 [main] INFO  c.a.n.c.r.client - [printIfInfoEnabled,60] - [3533ac7d-b2a6-4c71-b59e-eb69cf21348b_config-0] Register server push request handler:com.alibaba.nacos.client.config.impl.ClientWorker$ConfigRpcTransportClient$$Lambda$463/0x0000000800f1cc28
23:31:31.409 [main] INFO  c.a.n.c.r.client - [printIfInfoEnabled,60] - [3533ac7d-b2a6-4c71-b59e-eb69cf21348b_config-0] Register server push request handler:com.alibaba.nacos.client.config.impl.ClientWorker$ConfigRpcTransportClient$$Lambda$464/0x0000000800f1ce50
23:31:31.410 [main] INFO  c.a.n.c.r.client - [printIfInfoEnabled,60] - [3533ac7d-b2a6-4c71-b59e-eb69cf21348b_config-0] Registry connection listener to current client:com.alibaba.nacos.client.config.impl.ClientWorker$ConfigRpcTransportClient$1
23:31:31.411 [main] INFO  c.a.n.c.r.client - [printIfInfoEnabled,60] - [3533ac7d-b2a6-4c71-b59e-eb69cf21348b_config-0] RpcClient init, ServerListFactory = com.alibaba.nacos.client.config.impl.ClientWorker$ConfigRpcTransportClient$2
23:31:31.421 [main] INFO  c.a.n.c.r.client - [printIfInfoEnabled,60] - [3533ac7d-b2a6-4c71-b59e-eb69cf21348b_config-0] Try to connect to server on start up, server: {serverIp = '127.0.0.1', server main port = 8848}
23:31:32.202 [main] INFO  c.a.n.c.r.client - [printIfInfoEnabled,60] - [3533ac7d-b2a6-4c71-b59e-eb69cf21348b_config-0] Success to connect to server [127.0.0.1:8848] on start up, connectionId = 1685806291960_127.0.0.1_54699
23:31:32.203 [com.alibaba.nacos.client.remote.worker] INFO  c.a.n.c.r.client - [printIfInfoEnabled,60] - [3533ac7d-b2a6-4c71-b59e-eb69cf21348b_config-0] Notify connected event to listeners.
23:31:32.203 [main] INFO  c.a.n.c.r.client - [printIfInfoEnabled,60] - [3533ac7d-b2a6-4c71-b59e-eb69cf21348b_config-0] Register server push request handler:com.alibaba.nacos.common.remote.client.RpcClient$ConnectResetRequestHandler
23:31:32.204 [main] INFO  c.a.n.c.r.client - [printIfInfoEnabled,60] - [3533ac7d-b2a6-4c71-b59e-eb69cf21348b_config-0] Register server push request handler:com.alibaba.nacos.common.remote.client.RpcClient$$Lambda$475/0x000000080101cba8
23:31:32.312 [main] INFO  c.c.g.CMSGatewayApplication - [logStartupProfileInfo,637] - The following 1 profile is active: "dev"
23:31:37.608 [main] INFO  c.a.c.s.g.s.SentinelSCGAutoConfiguration - [sentinelGatewayFilter,144] - [Sentinel SpringCloudGateway] register SentinelGatewayFilter with order: -2147483648
23:31:38.696 [main] INFO  c.a.c.s.g.s.SentinelSCGAutoConfiguration - [sentinelGatewayBlockExceptionHandler,134] - [Sentinel SpringCloudGateway] register SentinelGatewayBlockExceptionHandler
23:31:39.375 [main] INFO  c.a.n.c.r.client - [lambda$createClient$0,80] - [RpcClientFactory] create a new rpc client of 4784f69a-f98a-40b2-af03-39bf7bbc4893_config-0
23:31:39.375 [main] INFO  c.a.n.c.r.client - [printIfInfoEnabled,60] - [4784f69a-f98a-40b2-af03-39bf7bbc4893_config-0] RpcClient init label, labels = {module=config, Vipserver-Tag=null, source=sdk, Amory-Tag=null, Location-Tag=null, taskId=0, AppName=unknown}
23:31:39.376 [main] INFO  c.a.n.c.r.client - [printIfInfoEnabled,60] - [4784f69a-f98a-40b2-af03-39bf7bbc4893_config-0] Register server push request handler:com.alibaba.nacos.client.config.impl.ClientWorker$ConfigRpcTransportClient$$Lambda$463/0x0000000800f1cc28
23:31:39.376 [main] INFO  c.a.n.c.r.client - [printIfInfoEnabled,60] - [4784f69a-f98a-40b2-af03-39bf7bbc4893_config-0] Register server push request handler:com.alibaba.nacos.client.config.impl.ClientWorker$ConfigRpcTransportClient$$Lambda$464/0x0000000800f1ce50
23:31:39.376 [main] INFO  c.a.n.c.r.client - [printIfInfoEnabled,60] - [4784f69a-f98a-40b2-af03-39bf7bbc4893_config-0] Registry connection listener to current client:com.alibaba.nacos.client.config.impl.ClientWorker$ConfigRpcTransportClient$1
23:31:39.400 [main] INFO  c.a.n.c.r.client - [printIfInfoEnabled,60] - [4784f69a-f98a-40b2-af03-39bf7bbc4893_config-0] RpcClient init, ServerListFactory = com.alibaba.nacos.client.config.impl.ClientWorker$ConfigRpcTransportClient$2
23:31:39.401 [main] INFO  c.a.n.c.r.client - [printIfInfoEnabled,60] - [4784f69a-f98a-40b2-af03-39bf7bbc4893_config-0] Try to connect to server on start up, server: {serverIp = '127.0.0.1', server main port = 8848}
23:31:39.534 [main] INFO  c.a.n.c.r.client - [printIfInfoEnabled,60] - [4784f69a-f98a-40b2-af03-39bf7bbc4893_config-0] Success to connect to server [127.0.0.1:8848] on start up, connectionId = 1685806299417_127.0.0.1_54728
23:31:39.535 [main] INFO  c.a.n.c.r.client - [printIfInfoEnabled,60] - [4784f69a-f98a-40b2-af03-39bf7bbc4893_config-0] Register server push request handler:com.alibaba.nacos.common.remote.client.RpcClient$ConnectResetRequestHandler
23:31:39.535 [main] INFO  c.a.n.c.r.client - [printIfInfoEnabled,60] - [4784f69a-f98a-40b2-af03-39bf7bbc4893_config-0] Register server push request handler:com.alibaba.nacos.common.remote.client.RpcClient$$Lambda$475/0x000000080101cba8
23:31:39.536 [com.alibaba.nacos.client.remote.worker] INFO  c.a.n.c.r.client - [printIfInfoEnabled,60] - [4784f69a-f98a-40b2-af03-39bf7bbc4893_config-0] Notify connected event to listeners.
23:31:39.698 [main] INFO  c.a.n.c.r.client - [lambda$createClient$0,80] - [RpcClientFactory] create a new rpc client of b941caba-8425-451a-903c-d1b9792311cb
23:31:39.699 [main] INFO  c.a.n.c.r.client - [printIfInfoEnabled,60] - [b941caba-8425-451a-903c-d1b9792311cb] RpcClient init label, labels = {module=naming, source=sdk}
23:31:39.704 [main] INFO  c.a.n.c.r.client - [printIfInfoEnabled,60] - [b941caba-8425-451a-903c-d1b9792311cb] RpcClient init, ServerListFactory = com.alibaba.nacos.client.naming.core.ServerListManager
23:31:39.705 [main] INFO  c.a.n.c.r.client - [printIfInfoEnabled,60] - [b941caba-8425-451a-903c-d1b9792311cb] Registry connection listener to current client:com.alibaba.nacos.client.naming.remote.gprc.redo.NamingGrpcRedoService
23:31:39.706 [main] INFO  c.a.n.c.r.client - [printIfInfoEnabled,60] - [b941caba-8425-451a-903c-d1b9792311cb] Register server push request handler:com.alibaba.nacos.client.naming.remote.gprc.NamingPushRequestHandler
23:31:39.708 [main] INFO  c.a.n.c.r.client - [printIfInfoEnabled,60] - [b941caba-8425-451a-903c-d1b9792311cb] Try to connect to server on start up, server: {serverIp = '127.0.0.1', server main port = 8848}
23:31:39.862 [main] INFO  c.a.n.c.r.client - [printIfInfoEnabled,60] - [b941caba-8425-451a-903c-d1b9792311cb] Success to connect to server [127.0.0.1:8848] on start up, connectionId = 1685806299733_127.0.0.1_54731
23:31:39.862 [main] INFO  c.a.n.c.r.client - [printIfInfoEnabled,60] - [b941caba-8425-451a-903c-d1b9792311cb] Register server push request handler:com.alibaba.nacos.common.remote.client.RpcClient$ConnectResetRequestHandler
23:31:39.862 [com.alibaba.nacos.client.remote.worker] INFO  c.a.n.c.r.client - [printIfInfoEnabled,60] - [b941caba-8425-451a-903c-d1b9792311cb] Notify connected event to listeners.
23:31:39.863 [main] INFO  c.a.n.c.r.client - [printIfInfoEnabled,60] - [b941caba-8425-451a-903c-d1b9792311cb] Register server push request handler:com.alibaba.nacos.common.remote.client.RpcClient$$Lambda$475/0x000000080101cba8
23:31:40.035 [main] INFO  c.a.c.n.r.NacosServiceRegistry - [register,75] - nacos registry, DEFAULT_GROUP cms-gateway 192.168.1.3:8080 register finished
23:31:40.117 [main] INFO  c.c.g.CMSGatewayApplication - [logStarted,61] - Started CMSGatewayApplication in 10.34 seconds (JVM running for 11.481)
23:31:40.128 [main] INFO  c.a.c.n.r.NacosContextRefresher - [registerNacosListener,129] - [Nacos Config] Listening config: dataId=cms-gateway, group=DEFAULT_GROUP
23:31:40.128 [main] INFO  c.a.c.n.r.NacosContextRefresher - [registerNacosListener,129] - [Nacos Config] Listening config: dataId=cms-gateway.yml, group=DEFAULT_GROUP
23:31:40.129 [main] INFO  c.a.c.n.r.NacosContextRefresher - [registerNacosListener,129] - [Nacos Config] Listening config: dataId=cms-gateway-dev.yml, group=DEFAULT_GROUP
23:31:40.478 [nacos-grpc-client-executor-52] INFO  c.a.n.c.r.client - [printIfInfoEnabled,60] - [b941caba-8425-451a-903c-d1b9792311cb] Receive server push request, request = NotifySubscriberRequest, requestId = 162
23:31:40.480 [nacos-grpc-client-executor-52] INFO  c.a.n.c.r.client - [printIfInfoEnabled,60] - [b941caba-8425-451a-903c-d1b9792311cb] Ack server push request, request = NotifySubscriberRequest, requestId = 162
23:31:40.564 [nacos-grpc-client-executor-53] INFO  c.a.n.c.r.client - [printIfInfoEnabled,60] - [b941caba-8425-451a-903c-d1b9792311cb] Receive server push request, request = NotifySubscriberRequest, requestId = 166
23:31:40.565 [nacos-grpc-client-executor-53] INFO  c.a.n.c.r.client - [printIfInfoEnabled,60] - [b941caba-8425-451a-903c-d1b9792311cb] Ack server push request, request = NotifySubscriberRequest, requestId = 166
23:31:40.570 [nacos-grpc-client-executor-54] INFO  c.a.n.c.r.client - [printIfInfoEnabled,60] - [b941caba-8425-451a-903c-d1b9792311cb] Receive server push request, request = NotifySubscriberRequest, requestId = 164
23:31:40.573 [nacos-grpc-client-executor-54] INFO  c.a.n.c.r.client - [printIfInfoEnabled,60] - [b941caba-8425-451a-903c-d1b9792311cb] Ack server push request, request = NotifySubscriberRequest, requestId = 164
23:31:40.576 [nacos-grpc-client-executor-55] INFO  c.a.n.c.r.client - [printIfInfoEnabled,60] - [b941caba-8425-451a-903c-d1b9792311cb] Receive server push request, request = NotifySubscriberRequest, requestId = 168
23:31:40.578 [nacos-grpc-client-executor-55] INFO  c.a.n.c.r.client - [printIfInfoEnabled,60] - [b941caba-8425-451a-903c-d1b9792311cb] Ack server push request, request = NotifySubscriberRequest, requestId = 168
23:31:40.580 [nacos-grpc-client-executor-56] INFO  c.a.n.c.r.client - [printIfInfoEnabled,60] - [b941caba-8425-451a-903c-d1b9792311cb] Receive server push request, request = NotifySubscriberRequest, requestId = 163
23:31:40.581 [nacos-grpc-client-executor-56] INFO  c.a.n.c.r.client - [printIfInfoEnabled,60] - [b941caba-8425-451a-903c-d1b9792311cb] Ack server push request, request = NotifySubscriberRequest, requestId = 163
23:31:40.585 [nacos-grpc-client-executor-57] INFO  c.a.n.c.r.client - [printIfInfoEnabled,60] - [b941caba-8425-451a-903c-d1b9792311cb] Receive server push request, request = NotifySubscriberRequest, requestId = 165
23:31:40.586 [nacos-grpc-client-executor-57] INFO  c.a.n.c.r.client - [printIfInfoEnabled,60] - [b941caba-8425-451a-903c-d1b9792311cb] Ack server push request, request = NotifySubscriberRequest, requestId = 165
23:31:42.692 [nacos-grpc-client-executor-15] INFO  c.a.n.c.r.client - [printIfInfoEnabled,60] - [b941caba-8425-451a-903c-d1b9792311cb] Receive server push request, request = NotifySubscriberRequest, requestId = 171
23:31:42.694 [nacos-grpc-client-executor-15] INFO  c.a.n.c.r.client - [printIfInfoEnabled,60] - [b941caba-8425-451a-903c-d1b9792311cb] Ack server push request, request = NotifySubscriberRequest, requestId = 171
23:31:47.372 [nacos-grpc-client-executor-22] INFO  c.a.n.c.r.client - [printIfInfoEnabled,60] - [b941caba-8425-451a-903c-d1b9792311cb] Receive server push request, request = NotifySubscriberRequest, requestId = 177
23:31:47.375 [nacos-grpc-client-executor-22] INFO  c.a.n.c.r.client - [printIfInfoEnabled,60] - [b941caba-8425-451a-903c-d1b9792311cb] Ack server push request, request = NotifySubscriberRequest, requestId = 177
23:31:50.020 [nacos-grpc-client-executor-64] INFO  c.a.n.c.r.client - [printIfInfoEnabled,60] - [b941caba-8425-451a-903c-d1b9792311cb] Receive server push request, request = NotifySubscriberRequest, requestId = 181
23:31:50.022 [nacos-grpc-client-executor-64] INFO  c.a.n.c.r.client - [printIfInfoEnabled,60] - [b941caba-8425-451a-903c-d1b9792311cb] Ack server push request, request = NotifySubscriberRequest, requestId = 181
