18:59:42.152 [nacos-grpc-client-executor-15292] INFO  c.a.n.c.r.client - [printIfInfoEnabled,60] - [36f1df06-dab9-4d23-a2c1-b77afbe32f96] Receive server push request, request = NotifySubscriberRequest, requestId = 686
18:59:42.171 [nacos-grpc-client-executor-15292] INFO  c.a.n.c.r.client - [printIfInfoEnabled,60] - [36f1df06-dab9-4d23-a2c1-b77afbe32f96] Ack server push request, request = NotifySubscriberRequest, requestId = 686
19:00:01.175 [nacos-grpc-client-executor-15299] INFO  c.a.n.c.r.client - [printIfInfoEnabled,60] - [36f1df06-dab9-4d23-a2c1-b77afbe32f96] Receive server push request, request = NotifySubscriberRequest, requestId = 689
19:00:01.177 [nacos-grpc-client-executor-15299] INFO  c.a.n.c.r.client - [printIfInfoEnabled,60] - [36f1df06-dab9-4d23-a2c1-b77afbe32f96] Ack server push request, request = NotifySubscriberRequest, requestId = 689
19:00:02.205 [nacos-grpc-client-executor-15304] INFO  c.a.n.c.r.client - [printIfInfoEnabled,60] - [36f1df06-dab9-4d23-a2c1-b77afbe32f96] Receive server push request, request = NotifySubscriberRequest, requestId = 693
19:00:02.206 [nacos-grpc-client-executor-15304] INFO  c.a.n.c.r.client - [printIfInfoEnabled,60] - [36f1df06-dab9-4d23-a2c1-b77afbe32f96] Ack server push request, request = NotifySubscriberRequest, requestId = 693
19:00:08.938 [SpringApplicationShutdownHook] INFO  c.a.c.n.r.NacosServiceRegistry - [deregister,94] - De-registering from Nacos Server now...
19:00:08.942 [SpringApplicationShutdownHook] INFO  c.a.c.n.r.NacosServiceRegistry - [deregister,114] - De-registration finished.
19:00:09.253 [SpringApplicationShutdownHook] INFO  c.a.n.c.r.client - [shutdown,454] - Shutdown rpc client, set status to shutdown
19:00:09.254 [SpringApplicationShutdownHook] INFO  c.a.n.c.r.client - [shutdown,456] - Shutdown client event executor java.util.concurrent.ScheduledThreadPoolExecutor@6178bb96[Running, pool size = 2, active threads = 2, queued tasks = 0, completed tasks = 0]
19:00:09.254 [SpringApplicationShutdownHook] INFO  c.a.n.c.r.client - [closeConnection,591] - Close current connection 1683500178697_127.0.0.1_57752
19:00:09.277 [nacos-grpc-client-executor-15307] INFO  c.a.n.c.r.c.g.GrpcClient - [printIfInfoEnabled,60] - [1683500178697_127.0.0.1_57752]Ignore complete event,isRunning:false,isAbandon=false
19:00:09.285 [SpringApplicationShutdownHook] INFO  c.a.n.c.r.c.g.GrpcClient - [shutdown,85] - Shutdown grpc executor java.util.concurrent.ThreadPoolExecutor@2eee20b2[Running, pool size = 10, active threads = 0, queued tasks = 0, completed tasks = 15346]
19:00:15.815 [background-preinit] INFO  o.h.v.i.util.Version - [<clinit>,21] - HV000001: Hibernate Validator 6.2.5.Final
19:00:16.355 [main] INFO  c.a.n.c.r.client - [lambda$createClient$0,80] - [RpcClientFactory] create a new rpc client of a31b5129-2cf2-4e9f-944a-b71984cb89b0_config-0
19:00:16.422 [main] INFO  o.r.Reflections - [scan,232] - Reflections took 33 ms to scan 1 urls, producing 3 keys and 6 values 
19:00:16.453 [main] INFO  o.r.Reflections - [scan,232] - Reflections took 13 ms to scan 1 urls, producing 4 keys and 9 values 
19:00:16.467 [main] INFO  o.r.Reflections - [scan,232] - Reflections took 12 ms to scan 1 urls, producing 3 keys and 10 values 
19:00:16.481 [main] INFO  o.r.Reflections - [scan,232] - Reflections took 11 ms to scan 1 urls, producing 1 keys and 5 values 
19:00:16.504 [main] INFO  o.r.Reflections - [scan,232] - Reflections took 18 ms to scan 1 urls, producing 1 keys and 7 values 
19:00:16.523 [main] INFO  o.r.Reflections - [scan,232] - Reflections took 15 ms to scan 1 urls, producing 2 keys and 8 values 
19:00:16.525 [main] INFO  c.a.n.c.r.client - [printIfInfoEnabled,60] - [a31b5129-2cf2-4e9f-944a-b71984cb89b0_config-0] RpcClient init label, labels = {module=config, Vipserver-Tag=null, source=sdk, Amory-Tag=null, Location-Tag=null, taskId=0, AppName=unknown}
19:00:16.526 [main] INFO  c.a.n.c.r.client - [printIfInfoEnabled,60] - [a31b5129-2cf2-4e9f-944a-b71984cb89b0_config-0] Register server push request handler:com.alibaba.nacos.client.config.impl.ClientWorker$ConfigRpcTransportClient$$Lambda$463/0x0000000800f2cc28
19:00:16.526 [main] INFO  c.a.n.c.r.client - [printIfInfoEnabled,60] - [a31b5129-2cf2-4e9f-944a-b71984cb89b0_config-0] Register server push request handler:com.alibaba.nacos.client.config.impl.ClientWorker$ConfigRpcTransportClient$$Lambda$464/0x0000000800f2ce50
19:00:16.527 [main] INFO  c.a.n.c.r.client - [printIfInfoEnabled,60] - [a31b5129-2cf2-4e9f-944a-b71984cb89b0_config-0] Registry connection listener to current client:com.alibaba.nacos.client.config.impl.ClientWorker$ConfigRpcTransportClient$1
19:00:16.527 [main] INFO  c.a.n.c.r.client - [printIfInfoEnabled,60] - [a31b5129-2cf2-4e9f-944a-b71984cb89b0_config-0] RpcClient init, ServerListFactory = com.alibaba.nacos.client.config.impl.ClientWorker$ConfigRpcTransportClient$2
19:00:16.539 [main] INFO  c.a.n.c.r.client - [printIfInfoEnabled,60] - [a31b5129-2cf2-4e9f-944a-b71984cb89b0_config-0] Try to connect to server on start up, server: {serverIp = '127.0.0.1', server main port = 8848}
19:00:17.318 [main] INFO  c.a.n.c.r.client - [printIfInfoEnabled,60] - [a31b5129-2cf2-4e9f-944a-b71984cb89b0_config-0] Success to connect to server [127.0.0.1:8848] on start up, connectionId = 1683630017090_127.0.0.1_51955
19:00:17.319 [com.alibaba.nacos.client.remote.worker] INFO  c.a.n.c.r.client - [printIfInfoEnabled,60] - [a31b5129-2cf2-4e9f-944a-b71984cb89b0_config-0] Notify connected event to listeners.
19:00:17.319 [main] INFO  c.a.n.c.r.client - [printIfInfoEnabled,60] - [a31b5129-2cf2-4e9f-944a-b71984cb89b0_config-0] Register server push request handler:com.alibaba.nacos.common.remote.client.RpcClient$ConnectResetRequestHandler
19:00:17.320 [main] INFO  c.a.n.c.r.client - [printIfInfoEnabled,60] - [a31b5129-2cf2-4e9f-944a-b71984cb89b0_config-0] Register server push request handler:com.alibaba.nacos.common.remote.client.RpcClient$$Lambda$475/0x000000080102d7d8
19:00:17.416 [main] INFO  c.c.g.RuoYiGatewayApplication - [logStartupProfileInfo,637] - The following 1 profile is active: "dev"
19:00:20.393 [main] INFO  c.a.c.s.g.s.SentinelSCGAutoConfiguration - [sentinelGatewayFilter,144] - [Sentinel SpringCloudGateway] register SentinelGatewayFilter with order: -2147483648
19:00:20.885 [main] INFO  c.a.c.s.g.s.SentinelSCGAutoConfiguration - [sentinelGatewayBlockExceptionHandler,134] - [Sentinel SpringCloudGateway] register SentinelGatewayBlockExceptionHandler
19:00:21.302 [main] INFO  c.a.n.c.r.client - [lambda$createClient$0,80] - [RpcClientFactory] create a new rpc client of 82a9b15b-452f-414d-a8ec-c3fa6aaef2b8_config-0
19:00:21.303 [main] INFO  c.a.n.c.r.client - [printIfInfoEnabled,60] - [82a9b15b-452f-414d-a8ec-c3fa6aaef2b8_config-0] RpcClient init label, labels = {module=config, Vipserver-Tag=null, source=sdk, Amory-Tag=null, Location-Tag=null, taskId=0, AppName=unknown}
19:00:21.303 [main] INFO  c.a.n.c.r.client - [printIfInfoEnabled,60] - [82a9b15b-452f-414d-a8ec-c3fa6aaef2b8_config-0] Register server push request handler:com.alibaba.nacos.client.config.impl.ClientWorker$ConfigRpcTransportClient$$Lambda$463/0x0000000800f2cc28
19:00:21.303 [main] INFO  c.a.n.c.r.client - [printIfInfoEnabled,60] - [82a9b15b-452f-414d-a8ec-c3fa6aaef2b8_config-0] Register server push request handler:com.alibaba.nacos.client.config.impl.ClientWorker$ConfigRpcTransportClient$$Lambda$464/0x0000000800f2ce50
19:00:21.303 [main] INFO  c.a.n.c.r.client - [printIfInfoEnabled,60] - [82a9b15b-452f-414d-a8ec-c3fa6aaef2b8_config-0] Registry connection listener to current client:com.alibaba.nacos.client.config.impl.ClientWorker$ConfigRpcTransportClient$1
19:00:21.303 [main] INFO  c.a.n.c.r.client - [printIfInfoEnabled,60] - [82a9b15b-452f-414d-a8ec-c3fa6aaef2b8_config-0] RpcClient init, ServerListFactory = com.alibaba.nacos.client.config.impl.ClientWorker$ConfigRpcTransportClient$2
19:00:21.304 [main] INFO  c.a.n.c.r.client - [printIfInfoEnabled,60] - [82a9b15b-452f-414d-a8ec-c3fa6aaef2b8_config-0] Try to connect to server on start up, server: {serverIp = '127.0.0.1', server main port = 8848}
19:00:21.439 [main] INFO  c.a.n.c.r.client - [printIfInfoEnabled,60] - [82a9b15b-452f-414d-a8ec-c3fa6aaef2b8_config-0] Success to connect to server [127.0.0.1:8848] on start up, connectionId = 1683630021320_127.0.0.1_52015
19:00:21.439 [main] INFO  c.a.n.c.r.client - [printIfInfoEnabled,60] - [82a9b15b-452f-414d-a8ec-c3fa6aaef2b8_config-0] Register server push request handler:com.alibaba.nacos.common.remote.client.RpcClient$ConnectResetRequestHandler
19:00:21.439 [com.alibaba.nacos.client.remote.worker] INFO  c.a.n.c.r.client - [printIfInfoEnabled,60] - [82a9b15b-452f-414d-a8ec-c3fa6aaef2b8_config-0] Notify connected event to listeners.
19:00:21.440 [main] INFO  c.a.n.c.r.client - [printIfInfoEnabled,60] - [82a9b15b-452f-414d-a8ec-c3fa6aaef2b8_config-0] Register server push request handler:com.alibaba.nacos.common.remote.client.RpcClient$$Lambda$475/0x000000080102d7d8
19:00:21.559 [main] INFO  c.a.n.c.r.client - [lambda$createClient$0,80] - [RpcClientFactory] create a new rpc client of aeeb6bc6-151e-467a-913a-909371bb862b
19:00:21.559 [main] INFO  c.a.n.c.r.client - [printIfInfoEnabled,60] - [aeeb6bc6-151e-467a-913a-909371bb862b] RpcClient init label, labels = {module=naming, source=sdk}
19:00:21.561 [main] INFO  c.a.n.c.r.client - [printIfInfoEnabled,60] - [aeeb6bc6-151e-467a-913a-909371bb862b] RpcClient init, ServerListFactory = com.alibaba.nacos.client.naming.core.ServerListManager
19:00:21.561 [main] INFO  c.a.n.c.r.client - [printIfInfoEnabled,60] - [aeeb6bc6-151e-467a-913a-909371bb862b] Registry connection listener to current client:com.alibaba.nacos.client.naming.remote.gprc.redo.NamingGrpcRedoService
19:00:21.562 [main] INFO  c.a.n.c.r.client - [printIfInfoEnabled,60] - [aeeb6bc6-151e-467a-913a-909371bb862b] Register server push request handler:com.alibaba.nacos.client.naming.remote.gprc.NamingPushRequestHandler
19:00:21.562 [main] INFO  c.a.n.c.r.client - [printIfInfoEnabled,60] - [aeeb6bc6-151e-467a-913a-909371bb862b] Try to connect to server on start up, server: {serverIp = '127.0.0.1', server main port = 8848}
19:00:21.705 [main] INFO  c.a.n.c.r.client - [printIfInfoEnabled,60] - [aeeb6bc6-151e-467a-913a-909371bb862b] Success to connect to server [127.0.0.1:8848] on start up, connectionId = 1683630021578_127.0.0.1_52019
19:00:21.705 [main] INFO  c.a.n.c.r.client - [printIfInfoEnabled,60] - [aeeb6bc6-151e-467a-913a-909371bb862b] Register server push request handler:com.alibaba.nacos.common.remote.client.RpcClient$ConnectResetRequestHandler
19:00:21.705 [com.alibaba.nacos.client.remote.worker] INFO  c.a.n.c.r.client - [printIfInfoEnabled,60] - [aeeb6bc6-151e-467a-913a-909371bb862b] Notify connected event to listeners.
19:00:21.705 [main] INFO  c.a.n.c.r.client - [printIfInfoEnabled,60] - [aeeb6bc6-151e-467a-913a-909371bb862b] Register server push request handler:com.alibaba.nacos.common.remote.client.RpcClient$$Lambda$475/0x000000080102d7d8
19:00:21.841 [main] INFO  c.a.c.n.r.NacosServiceRegistry - [register,75] - nacos registry, DEFAULT_GROUP cms-gateway 192.168.1.9:8080 register finished
19:00:21.918 [main] INFO  c.c.g.RuoYiGatewayApplication - [logStarted,61] - Started RuoYiGatewayApplication in 6.91 seconds (JVM running for 7.901)
19:00:21.925 [nacos-grpc-client-executor-39] INFO  c.a.n.c.r.client - [printIfInfoEnabled,60] - [aeeb6bc6-151e-467a-913a-909371bb862b] Receive server push request, request = NotifySubscriberRequest, requestId = 701
19:00:21.927 [nacos-grpc-client-executor-39] INFO  c.a.n.c.r.client - [printIfInfoEnabled,60] - [aeeb6bc6-151e-467a-913a-909371bb862b] Ack server push request, request = NotifySubscriberRequest, requestId = 701
19:00:21.926 [main] INFO  c.a.c.n.r.NacosContextRefresher - [registerNacosListener,129] - [Nacos Config] Listening config: dataId=cms-gateway, group=DEFAULT_GROUP
19:00:21.930 [main] INFO  c.a.c.n.r.NacosContextRefresher - [registerNacosListener,129] - [Nacos Config] Listening config: dataId=cms-gateway.yml, group=DEFAULT_GROUP
19:00:21.931 [main] INFO  c.a.c.n.r.NacosContextRefresher - [registerNacosListener,129] - [Nacos Config] Listening config: dataId=cms-gateway-dev.yml, group=DEFAULT_GROUP
19:00:22.274 [nacos-grpc-client-executor-47] INFO  c.a.n.c.r.client - [printIfInfoEnabled,60] - [aeeb6bc6-151e-467a-913a-909371bb862b] Receive server push request, request = NotifySubscriberRequest, requestId = 703
19:00:22.278 [nacos-grpc-client-executor-47] INFO  c.a.n.c.r.client - [printIfInfoEnabled,60] - [aeeb6bc6-151e-467a-913a-909371bb862b] Ack server push request, request = NotifySubscriberRequest, requestId = 703
19:00:22.374 [nacos-grpc-client-executor-48] INFO  c.a.n.c.r.client - [printIfInfoEnabled,60] - [aeeb6bc6-151e-467a-913a-909371bb862b] Receive server push request, request = NotifySubscriberRequest, requestId = 704
19:00:22.375 [nacos-grpc-client-executor-48] INFO  c.a.n.c.r.client - [printIfInfoEnabled,60] - [aeeb6bc6-151e-467a-913a-909371bb862b] Ack server push request, request = NotifySubscriberRequest, requestId = 704
19:00:22.377 [nacos-grpc-client-executor-49] INFO  c.a.n.c.r.client - [printIfInfoEnabled,60] - [aeeb6bc6-151e-467a-913a-909371bb862b] Receive server push request, request = NotifySubscriberRequest, requestId = 706
19:00:22.377 [nacos-grpc-client-executor-49] INFO  c.a.n.c.r.client - [printIfInfoEnabled,60] - [aeeb6bc6-151e-467a-913a-909371bb862b] Ack server push request, request = NotifySubscriberRequest, requestId = 706
19:00:22.380 [nacos-grpc-client-executor-50] INFO  c.a.n.c.r.client - [printIfInfoEnabled,60] - [aeeb6bc6-151e-467a-913a-909371bb862b] Receive server push request, request = NotifySubscriberRequest, requestId = 707
19:00:22.380 [nacos-grpc-client-executor-50] INFO  c.a.n.c.r.client - [printIfInfoEnabled,60] - [aeeb6bc6-151e-467a-913a-909371bb862b] Ack server push request, request = NotifySubscriberRequest, requestId = 707
19:00:22.382 [nacos-grpc-client-executor-51] INFO  c.a.n.c.r.client - [printIfInfoEnabled,60] - [aeeb6bc6-151e-467a-913a-909371bb862b] Receive server push request, request = NotifySubscriberRequest, requestId = 705
19:00:22.383 [nacos-grpc-client-executor-51] INFO  c.a.n.c.r.client - [printIfInfoEnabled,60] - [aeeb6bc6-151e-467a-913a-909371bb862b] Ack server push request, request = NotifySubscriberRequest, requestId = 705
19:00:22.387 [nacos-grpc-client-executor-52] INFO  c.a.n.c.r.client - [printIfInfoEnabled,60] - [aeeb6bc6-151e-467a-913a-909371bb862b] Receive server push request, request = NotifySubscriberRequest, requestId = 708
19:00:22.388 [nacos-grpc-client-executor-52] INFO  c.a.n.c.r.client - [printIfInfoEnabled,60] - [aeeb6bc6-151e-467a-913a-909371bb862b] Ack server push request, request = NotifySubscriberRequest, requestId = 708
19:00:22.882 [nacos-grpc-client-executor-7] INFO  c.a.n.c.r.client - [printIfInfoEnabled,60] - [aeeb6bc6-151e-467a-913a-909371bb862b] Receive server push request, request = NotifySubscriberRequest, requestId = 709
19:00:22.883 [nacos-grpc-client-executor-7] INFO  c.a.n.c.r.client - [printIfInfoEnabled,60] - [aeeb6bc6-151e-467a-913a-909371bb862b] Ack server push request, request = NotifySubscriberRequest, requestId = 709
19:00:33.845 [nacos-grpc-client-executor-64] INFO  c.a.n.c.r.client - [printIfInfoEnabled,60] - [aeeb6bc6-151e-467a-913a-909371bb862b] Receive server push request, request = NotifySubscriberRequest, requestId = 712
19:00:33.847 [nacos-grpc-client-executor-64] INFO  c.a.n.c.r.client - [printIfInfoEnabled,60] - [aeeb6bc6-151e-467a-913a-909371bb862b] Ack server push request, request = NotifySubscriberRequest, requestId = 712
23:14:37.849 [nacos-grpc-client-executor-1090] INFO  c.a.n.c.r.client - [printIfInfoEnabled,60] - [aeeb6bc6-151e-467a-913a-909371bb862b] Receive server push request, request = NotifySubscriberRequest, requestId = 714
23:14:37.851 [nacos-grpc-client-executor-1090] INFO  c.a.n.c.r.client - [printIfInfoEnabled,60] - [aeeb6bc6-151e-467a-913a-909371bb862b] Ack server push request, request = NotifySubscriberRequest, requestId = 714
23:14:39.782 [nacos-grpc-client-executor-1091] INFO  c.a.n.c.r.client - [printIfInfoEnabled,60] - [aeeb6bc6-151e-467a-913a-909371bb862b] Receive server push request, request = NotifySubscriberRequest, requestId = 716
23:14:39.783 [nacos-grpc-client-executor-1091] INFO  c.a.n.c.r.client - [printIfInfoEnabled,60] - [aeeb6bc6-151e-467a-913a-909371bb862b] Ack server push request, request = NotifySubscriberRequest, requestId = 716
23:14:53.853 [nacos-grpc-client-executor-1111] INFO  c.a.n.c.r.client - [printIfInfoEnabled,60] - [aeeb6bc6-151e-467a-913a-909371bb862b] Receive server push request, request = NotifySubscriberRequest, requestId = 719
23:14:53.854 [nacos-grpc-client-executor-1111] INFO  c.a.n.c.r.client - [printIfInfoEnabled,60] - [aeeb6bc6-151e-467a-913a-909371bb862b] Ack server push request, request = NotifySubscriberRequest, requestId = 719
23:14:53.953 [nacos-grpc-client-executor-1112] INFO  c.a.n.c.r.client - [printIfInfoEnabled,60] - [aeeb6bc6-151e-467a-913a-909371bb862b] Receive server push request, request = NotifySubscriberRequest, requestId = 721
23:14:53.955 [nacos-grpc-client-executor-1112] INFO  c.a.n.c.r.client - [printIfInfoEnabled,60] - [aeeb6bc6-151e-467a-913a-909371bb862b] Ack server push request, request = NotifySubscriberRequest, requestId = 721
23:14:55.700 [nacos-grpc-client-executor-1115] INFO  c.a.n.c.r.client - [printIfInfoEnabled,60] - [aeeb6bc6-151e-467a-913a-909371bb862b] Receive server push request, request = NotifySubscriberRequest, requestId = 723
23:14:55.701 [nacos-grpc-client-executor-1115] INFO  c.a.n.c.r.client - [printIfInfoEnabled,60] - [aeeb6bc6-151e-467a-913a-909371bb862b] Ack server push request, request = NotifySubscriberRequest, requestId = 723
23:14:56.411 [nacos-grpc-client-executor-1116] INFO  c.a.n.c.r.client - [printIfInfoEnabled,60] - [aeeb6bc6-151e-467a-913a-909371bb862b] Receive server push request, request = NotifySubscriberRequest, requestId = 726
23:14:56.414 [nacos-grpc-client-executor-1116] INFO  c.a.n.c.r.client - [printIfInfoEnabled,60] - [aeeb6bc6-151e-467a-913a-909371bb862b] Ack server push request, request = NotifySubscriberRequest, requestId = 726
23:15:07.651 [nacos-grpc-client-executor-1119] INFO  c.a.n.c.r.client - [printIfInfoEnabled,60] - [aeeb6bc6-151e-467a-913a-909371bb862b] Receive server push request, request = NotifySubscriberRequest, requestId = 727
23:15:07.653 [nacos-grpc-client-executor-1119] INFO  c.a.n.c.r.client - [printIfInfoEnabled,60] - [aeeb6bc6-151e-467a-913a-909371bb862b] Ack server push request, request = NotifySubscriberRequest, requestId = 727
23:15:07.752 [nacos-grpc-client-executor-1120] INFO  c.a.n.c.r.client - [printIfInfoEnabled,60] - [aeeb6bc6-151e-467a-913a-909371bb862b] Receive server push request, request = NotifySubscriberRequest, requestId = 728
23:15:07.753 [nacos-grpc-client-executor-1120] INFO  c.a.n.c.r.client - [printIfInfoEnabled,60] - [aeeb6bc6-151e-467a-913a-909371bb862b] Ack server push request, request = NotifySubscriberRequest, requestId = 728
23:15:08.062 [nacos-grpc-client-executor-1121] INFO  c.a.n.c.r.client - [printIfInfoEnabled,60] - [aeeb6bc6-151e-467a-913a-909371bb862b] Receive server push request, request = NotifySubscriberRequest, requestId = 729
23:15:08.063 [nacos-grpc-client-executor-1121] INFO  c.a.n.c.r.client - [printIfInfoEnabled,60] - [aeeb6bc6-151e-467a-913a-909371bb862b] Ack server push request, request = NotifySubscriberRequest, requestId = 729
23:15:11.635 [nacos-grpc-client-executor-1126] INFO  c.a.n.c.r.client - [printIfInfoEnabled,60] - [aeeb6bc6-151e-467a-913a-909371bb862b] Receive server push request, request = NotifySubscriberRequest, requestId = 732
23:15:11.636 [nacos-grpc-client-executor-1126] INFO  c.a.n.c.r.client - [printIfInfoEnabled,60] - [aeeb6bc6-151e-467a-913a-909371bb862b] Ack server push request, request = NotifySubscriberRequest, requestId = 732
23:15:16.955 [nacos-grpc-client-executor-1129] INFO  c.a.n.c.r.client - [printIfInfoEnabled,60] - [aeeb6bc6-151e-467a-913a-909371bb862b] Receive server push request, request = NotifySubscriberRequest, requestId = 734
23:15:16.956 [nacos-grpc-client-executor-1129] INFO  c.a.n.c.r.client - [printIfInfoEnabled,60] - [aeeb6bc6-151e-467a-913a-909371bb862b] Ack server push request, request = NotifySubscriberRequest, requestId = 734
23:15:23.632 [nacos-grpc-client-executor-1130] INFO  c.a.n.c.r.client - [printIfInfoEnabled,60] - [aeeb6bc6-151e-467a-913a-909371bb862b] Receive server push request, request = NotifySubscriberRequest, requestId = 741
23:15:23.633 [nacos-grpc-client-executor-1130] INFO  c.a.n.c.r.client - [printIfInfoEnabled,60] - [aeeb6bc6-151e-467a-913a-909371bb862b] Ack server push request, request = NotifySubscriberRequest, requestId = 741
23:31:00.592 [nacos-grpc-client-executor-1600] INFO  c.a.n.c.r.client - [printIfInfoEnabled,60] - [aeeb6bc6-151e-467a-913a-909371bb862b] Receive server push request, request = NotifySubscriberRequest, requestId = 747
23:31:00.598 [nacos-grpc-client-executor-1600] INFO  c.a.n.c.r.client - [printIfInfoEnabled,60] - [aeeb6bc6-151e-467a-913a-909371bb862b] Ack server push request, request = NotifySubscriberRequest, requestId = 747
23:31:14.991 [nacos-grpc-client-executor-1606] INFO  c.a.n.c.r.client - [printIfInfoEnabled,60] - [aeeb6bc6-151e-467a-913a-909371bb862b] Receive server push request, request = NotifySubscriberRequest, requestId = 751
23:31:14.998 [nacos-grpc-client-executor-1606] INFO  c.a.n.c.r.client - [printIfInfoEnabled,60] - [aeeb6bc6-151e-467a-913a-909371bb862b] Ack server push request, request = NotifySubscriberRequest, requestId = 751
23:32:34.365 [nacos-grpc-client-executor-1640] INFO  c.a.n.c.r.client - [printIfInfoEnabled,60] - [aeeb6bc6-151e-467a-913a-909371bb862b] Receive server push request, request = NotifySubscriberRequest, requestId = 755
23:32:34.372 [nacos-grpc-client-executor-1640] INFO  c.a.n.c.r.client - [printIfInfoEnabled,60] - [aeeb6bc6-151e-467a-913a-909371bb862b] Ack server push request, request = NotifySubscriberRequest, requestId = 755
23:32:35.697 [nacos-grpc-client-executor-1641] INFO  c.a.n.c.r.client - [printIfInfoEnabled,60] - [aeeb6bc6-151e-467a-913a-909371bb862b] Receive server push request, request = NotifySubscriberRequest, requestId = 756
23:32:35.700 [nacos-grpc-client-executor-1641] INFO  c.a.n.c.r.client - [printIfInfoEnabled,60] - [aeeb6bc6-151e-467a-913a-909371bb862b] Ack server push request, request = NotifySubscriberRequest, requestId = 756
23:32:43.545 [SpringApplicationShutdownHook] INFO  c.a.c.n.r.NacosServiceRegistry - [deregister,94] - De-registering from Nacos Server now...
23:32:43.547 [SpringApplicationShutdownHook] INFO  c.a.c.n.r.NacosServiceRegistry - [deregister,114] - De-registration finished.
23:32:43.858 [SpringApplicationShutdownHook] INFO  c.a.n.c.r.client - [shutdown,454] - Shutdown rpc client, set status to shutdown
23:32:43.858 [SpringApplicationShutdownHook] INFO  c.a.n.c.r.client - [shutdown,456] - Shutdown client event executor java.util.concurrent.ScheduledThreadPoolExecutor@1aabfea6[Running, pool size = 2, active threads = 2, queued tasks = 0, completed tasks = 0]
23:32:43.859 [SpringApplicationShutdownHook] INFO  c.a.n.c.r.client - [closeConnection,591] - Close current connection 1683630021578_127.0.0.1_52019
23:32:43.861 [nacos-grpc-client-executor-1659] INFO  c.a.n.c.r.c.g.GrpcClient - [printIfInfoEnabled,60] - [1683630021578_127.0.0.1_52019]Ignore complete event,isRunning:false,isAbandon=false
23:32:43.865 [SpringApplicationShutdownHook] INFO  c.a.n.c.r.c.g.GrpcClient - [shutdown,85] - Shutdown grpc executor java.util.concurrent.ThreadPoolExecutor@2bb97a80[Running, pool size = 20, active threads = 0, queued tasks = 0, completed tasks = 1669]
23:32:49.851 [background-preinit] INFO  o.h.v.i.util.Version - [<clinit>,21] - HV000001: Hibernate Validator 6.2.5.Final
23:32:50.340 [main] INFO  c.a.n.c.r.client - [lambda$createClient$0,80] - [RpcClientFactory] create a new rpc client of 116846d2-77c1-40d6-ba31-c3c6796e46f4_config-0
23:32:50.383 [main] INFO  o.r.Reflections - [scan,232] - Reflections took 27 ms to scan 1 urls, producing 3 keys and 6 values 
23:32:50.413 [main] INFO  o.r.Reflections - [scan,232] - Reflections took 15 ms to scan 1 urls, producing 4 keys and 9 values 
23:32:50.431 [main] INFO  o.r.Reflections - [scan,232] - Reflections took 15 ms to scan 1 urls, producing 3 keys and 10 values 
23:32:50.453 [main] INFO  o.r.Reflections - [scan,232] - Reflections took 16 ms to scan 1 urls, producing 1 keys and 5 values 
23:32:50.469 [main] INFO  o.r.Reflections - [scan,232] - Reflections took 14 ms to scan 1 urls, producing 1 keys and 7 values 
23:32:50.485 [main] INFO  o.r.Reflections - [scan,232] - Reflections took 12 ms to scan 1 urls, producing 2 keys and 8 values 
23:32:50.488 [main] INFO  c.a.n.c.r.client - [printIfInfoEnabled,60] - [116846d2-77c1-40d6-ba31-c3c6796e46f4_config-0] RpcClient init label, labels = {module=config, Vipserver-Tag=null, source=sdk, Amory-Tag=null, Location-Tag=null, taskId=0, AppName=unknown}
23:32:50.489 [main] INFO  c.a.n.c.r.client - [printIfInfoEnabled,60] - [116846d2-77c1-40d6-ba31-c3c6796e46f4_config-0] Register server push request handler:com.alibaba.nacos.client.config.impl.ClientWorker$ConfigRpcTransportClient$$Lambda$463/0x0000000800f4d388
23:32:50.489 [main] INFO  c.a.n.c.r.client - [printIfInfoEnabled,60] - [116846d2-77c1-40d6-ba31-c3c6796e46f4_config-0] Register server push request handler:com.alibaba.nacos.client.config.impl.ClientWorker$ConfigRpcTransportClient$$Lambda$464/0x0000000800f4d5b0
23:32:50.490 [main] INFO  c.a.n.c.r.client - [printIfInfoEnabled,60] - [116846d2-77c1-40d6-ba31-c3c6796e46f4_config-0] Registry connection listener to current client:com.alibaba.nacos.client.config.impl.ClientWorker$ConfigRpcTransportClient$1
23:32:50.491 [main] INFO  c.a.n.c.r.client - [printIfInfoEnabled,60] - [116846d2-77c1-40d6-ba31-c3c6796e46f4_config-0] RpcClient init, ServerListFactory = com.alibaba.nacos.client.config.impl.ClientWorker$ConfigRpcTransportClient$2
23:32:50.498 [main] INFO  c.a.n.c.r.client - [printIfInfoEnabled,60] - [116846d2-77c1-40d6-ba31-c3c6796e46f4_config-0] Try to connect to server on start up, server: {serverIp = '127.0.0.1', server main port = 8848}
23:32:51.290 [main] INFO  c.a.n.c.r.client - [printIfInfoEnabled,60] - [116846d2-77c1-40d6-ba31-c3c6796e46f4_config-0] Success to connect to server [127.0.0.1:8848] on start up, connectionId = 1683646371017_127.0.0.1_58348
23:32:51.308 [com.alibaba.nacos.client.remote.worker] INFO  c.a.n.c.r.client - [printIfInfoEnabled,60] - [116846d2-77c1-40d6-ba31-c3c6796e46f4_config-0] Notify connected event to listeners.
23:32:51.308 [main] INFO  c.a.n.c.r.client - [printIfInfoEnabled,60] - [116846d2-77c1-40d6-ba31-c3c6796e46f4_config-0] Register server push request handler:com.alibaba.nacos.common.remote.client.RpcClient$ConnectResetRequestHandler
23:32:51.310 [main] INFO  c.a.n.c.r.client - [printIfInfoEnabled,60] - [116846d2-77c1-40d6-ba31-c3c6796e46f4_config-0] Register server push request handler:com.alibaba.nacos.common.remote.client.RpcClient$$Lambda$475/0x000000080104f268
23:32:51.422 [main] INFO  c.c.g.RuoYiGatewayApplication - [logStartupProfileInfo,637] - The following 1 profile is active: "dev"
23:32:54.426 [main] INFO  c.a.c.s.g.s.SentinelSCGAutoConfiguration - [sentinelGatewayFilter,144] - [Sentinel SpringCloudGateway] register SentinelGatewayFilter with order: -2147483648
23:32:54.918 [main] INFO  c.a.c.s.g.s.SentinelSCGAutoConfiguration - [sentinelGatewayBlockExceptionHandler,134] - [Sentinel SpringCloudGateway] register SentinelGatewayBlockExceptionHandler
23:32:55.294 [main] INFO  c.a.n.c.r.client - [lambda$createClient$0,80] - [RpcClientFactory] create a new rpc client of 3123f2a4-5a74-4097-82b0-ec8c2454adf4_config-0
23:32:55.295 [main] INFO  c.a.n.c.r.client - [printIfInfoEnabled,60] - [3123f2a4-5a74-4097-82b0-ec8c2454adf4_config-0] RpcClient init label, labels = {module=config, Vipserver-Tag=null, source=sdk, Amory-Tag=null, Location-Tag=null, taskId=0, AppName=unknown}
23:32:55.295 [main] INFO  c.a.n.c.r.client - [printIfInfoEnabled,60] - [3123f2a4-5a74-4097-82b0-ec8c2454adf4_config-0] Register server push request handler:com.alibaba.nacos.client.config.impl.ClientWorker$ConfigRpcTransportClient$$Lambda$463/0x0000000800f4d388
23:32:55.295 [main] INFO  c.a.n.c.r.client - [printIfInfoEnabled,60] - [3123f2a4-5a74-4097-82b0-ec8c2454adf4_config-0] Register server push request handler:com.alibaba.nacos.client.config.impl.ClientWorker$ConfigRpcTransportClient$$Lambda$464/0x0000000800f4d5b0
23:32:55.296 [main] INFO  c.a.n.c.r.client - [printIfInfoEnabled,60] - [3123f2a4-5a74-4097-82b0-ec8c2454adf4_config-0] Registry connection listener to current client:com.alibaba.nacos.client.config.impl.ClientWorker$ConfigRpcTransportClient$1
23:32:55.296 [main] INFO  c.a.n.c.r.client - [printIfInfoEnabled,60] - [3123f2a4-5a74-4097-82b0-ec8c2454adf4_config-0] RpcClient init, ServerListFactory = com.alibaba.nacos.client.config.impl.ClientWorker$ConfigRpcTransportClient$2
23:32:55.297 [main] INFO  c.a.n.c.r.client - [printIfInfoEnabled,60] - [3123f2a4-5a74-4097-82b0-ec8c2454adf4_config-0] Try to connect to server on start up, server: {serverIp = '127.0.0.1', server main port = 8848}
23:32:55.427 [main] INFO  c.a.n.c.r.client - [printIfInfoEnabled,60] - [3123f2a4-5a74-4097-82b0-ec8c2454adf4_config-0] Success to connect to server [127.0.0.1:8848] on start up, connectionId = 1683646375310_127.0.0.1_58405
23:32:55.427 [main] INFO  c.a.n.c.r.client - [printIfInfoEnabled,60] - [3123f2a4-5a74-4097-82b0-ec8c2454adf4_config-0] Register server push request handler:com.alibaba.nacos.common.remote.client.RpcClient$ConnectResetRequestHandler
23:32:55.427 [com.alibaba.nacos.client.remote.worker] INFO  c.a.n.c.r.client - [printIfInfoEnabled,60] - [3123f2a4-5a74-4097-82b0-ec8c2454adf4_config-0] Notify connected event to listeners.
23:32:55.428 [main] INFO  c.a.n.c.r.client - [printIfInfoEnabled,60] - [3123f2a4-5a74-4097-82b0-ec8c2454adf4_config-0] Register server push request handler:com.alibaba.nacos.common.remote.client.RpcClient$$Lambda$475/0x000000080104f268
23:32:55.538 [main] INFO  c.a.n.c.r.client - [lambda$createClient$0,80] - [RpcClientFactory] create a new rpc client of 0b282176-71fa-49e9-b245-b9815d4b25ef
23:32:55.538 [main] INFO  c.a.n.c.r.client - [printIfInfoEnabled,60] - [0b282176-71fa-49e9-b245-b9815d4b25ef] RpcClient init label, labels = {module=naming, source=sdk}
23:32:55.540 [main] INFO  c.a.n.c.r.client - [printIfInfoEnabled,60] - [0b282176-71fa-49e9-b245-b9815d4b25ef] RpcClient init, ServerListFactory = com.alibaba.nacos.client.naming.core.ServerListManager
23:32:55.540 [main] INFO  c.a.n.c.r.client - [printIfInfoEnabled,60] - [0b282176-71fa-49e9-b245-b9815d4b25ef] Registry connection listener to current client:com.alibaba.nacos.client.naming.remote.gprc.redo.NamingGrpcRedoService
23:32:55.541 [main] INFO  c.a.n.c.r.client - [printIfInfoEnabled,60] - [0b282176-71fa-49e9-b245-b9815d4b25ef] Register server push request handler:com.alibaba.nacos.client.naming.remote.gprc.NamingPushRequestHandler
23:32:55.542 [main] INFO  c.a.n.c.r.client - [printIfInfoEnabled,60] - [0b282176-71fa-49e9-b245-b9815d4b25ef] Try to connect to server on start up, server: {serverIp = '127.0.0.1', server main port = 8848}
23:32:55.677 [main] INFO  c.a.n.c.r.client - [printIfInfoEnabled,60] - [0b282176-71fa-49e9-b245-b9815d4b25ef] Success to connect to server [127.0.0.1:8848] on start up, connectionId = 1683646375558_127.0.0.1_58408
23:32:55.677 [main] INFO  c.a.n.c.r.client - [printIfInfoEnabled,60] - [0b282176-71fa-49e9-b245-b9815d4b25ef] Register server push request handler:com.alibaba.nacos.common.remote.client.RpcClient$ConnectResetRequestHandler
23:32:55.678 [com.alibaba.nacos.client.remote.worker] INFO  c.a.n.c.r.client - [printIfInfoEnabled,60] - [0b282176-71fa-49e9-b245-b9815d4b25ef] Notify connected event to listeners.
23:32:55.678 [main] INFO  c.a.n.c.r.client - [printIfInfoEnabled,60] - [0b282176-71fa-49e9-b245-b9815d4b25ef] Register server push request handler:com.alibaba.nacos.common.remote.client.RpcClient$$Lambda$475/0x000000080104f268
23:32:55.830 [main] INFO  c.a.c.n.r.NacosServiceRegistry - [register,75] - nacos registry, DEFAULT_GROUP cms-gateway 192.168.1.9:8080 register finished
23:32:55.924 [main] INFO  c.c.g.RuoYiGatewayApplication - [logStarted,61] - Started RuoYiGatewayApplication in 6.753 seconds (JVM running for 7.771)
23:32:55.929 [main] INFO  c.a.c.n.r.NacosContextRefresher - [registerNacosListener,129] - [Nacos Config] Listening config: dataId=cms-gateway, group=DEFAULT_GROUP
23:32:55.930 [main] INFO  c.a.c.n.r.NacosContextRefresher - [registerNacosListener,129] - [Nacos Config] Listening config: dataId=cms-gateway.yml, group=DEFAULT_GROUP
23:32:55.930 [main] INFO  c.a.c.n.r.NacosContextRefresher - [registerNacosListener,129] - [Nacos Config] Listening config: dataId=cms-gateway-dev.yml, group=DEFAULT_GROUP
23:32:56.256 [nacos-grpc-client-executor-60] INFO  c.a.n.c.r.client - [printIfInfoEnabled,60] - [0b282176-71fa-49e9-b245-b9815d4b25ef] Receive server push request, request = NotifySubscriberRequest, requestId = 767
23:32:56.258 [nacos-grpc-client-executor-60] INFO  c.a.n.c.r.client - [printIfInfoEnabled,60] - [0b282176-71fa-49e9-b245-b9815d4b25ef] Ack server push request, request = NotifySubscriberRequest, requestId = 767
23:32:56.344 [nacos-grpc-client-executor-61] INFO  c.a.n.c.r.client - [printIfInfoEnabled,60] - [0b282176-71fa-49e9-b245-b9815d4b25ef] Receive server push request, request = NotifySubscriberRequest, requestId = 770
23:32:56.345 [nacos-grpc-client-executor-61] INFO  c.a.n.c.r.client - [printIfInfoEnabled,60] - [0b282176-71fa-49e9-b245-b9815d4b25ef] Ack server push request, request = NotifySubscriberRequest, requestId = 770
23:32:56.347 [nacos-grpc-client-executor-62] INFO  c.a.n.c.r.client - [printIfInfoEnabled,60] - [0b282176-71fa-49e9-b245-b9815d4b25ef] Receive server push request, request = NotifySubscriberRequest, requestId = 769
23:32:56.348 [nacos-grpc-client-executor-62] INFO  c.a.n.c.r.client - [printIfInfoEnabled,60] - [0b282176-71fa-49e9-b245-b9815d4b25ef] Ack server push request, request = NotifySubscriberRequest, requestId = 769
23:32:56.349 [nacos-grpc-client-executor-63] INFO  c.a.n.c.r.client - [printIfInfoEnabled,60] - [0b282176-71fa-49e9-b245-b9815d4b25ef] Receive server push request, request = NotifySubscriberRequest, requestId = 768
23:32:56.350 [nacos-grpc-client-executor-63] INFO  c.a.n.c.r.client - [printIfInfoEnabled,60] - [0b282176-71fa-49e9-b245-b9815d4b25ef] Ack server push request, request = NotifySubscriberRequest, requestId = 768
23:32:56.351 [nacos-grpc-client-executor-0] INFO  c.a.n.c.r.client - [printIfInfoEnabled,60] - [0b282176-71fa-49e9-b245-b9815d4b25ef] Receive server push request, request = NotifySubscriberRequest, requestId = 771
23:32:56.351 [nacos-grpc-client-executor-0] INFO  c.a.n.c.r.client - [printIfInfoEnabled,60] - [0b282176-71fa-49e9-b245-b9815d4b25ef] Ack server push request, request = NotifySubscriberRequest, requestId = 771
23:32:56.444 [nacos-grpc-client-executor-1] INFO  c.a.n.c.r.client - [printIfInfoEnabled,60] - [0b282176-71fa-49e9-b245-b9815d4b25ef] Receive server push request, request = NotifySubscriberRequest, requestId = 772
23:32:56.445 [nacos-grpc-client-executor-1] INFO  c.a.n.c.r.client - [printIfInfoEnabled,60] - [0b282176-71fa-49e9-b245-b9815d4b25ef] Ack server push request, request = NotifySubscriberRequest, requestId = 772
23:32:56.447 [nacos-grpc-client-executor-2] INFO  c.a.n.c.r.client - [printIfInfoEnabled,60] - [0b282176-71fa-49e9-b245-b9815d4b25ef] Receive server push request, request = NotifySubscriberRequest, requestId = 773
23:32:56.448 [nacos-grpc-client-executor-2] INFO  c.a.n.c.r.client - [printIfInfoEnabled,60] - [0b282176-71fa-49e9-b245-b9815d4b25ef] Ack server push request, request = NotifySubscriberRequest, requestId = 773
