20:52:01.395 [nacos-grpc-client-executor-16240] INFO  c.a.n.c.r.client - [printIfInfoEnabled,60] - [fb8aeea2-9a70-442b-8fd8-371cfdc51a4b] Receive server push request, request = NotifySubscriberRequest, requestId = 241
20:52:01.426 [nacos-grpc-client-executor-16240] INFO  c.a.n.c.r.client - [printIfInfoEnabled,60] - [fb8aeea2-9a70-442b-8fd8-371cfdc51a4b] Ack server push request, request = NotifySubscriberRequest, requestId = 241
20:52:20.339 [nacos-grpc-client-executor-16253] INFO  c.a.n.c.r.client - [printIfInfoEnabled,60] - [fb8aeea2-9a70-442b-8fd8-371cfdc51a4b] Receive server push request, request = NotifySubscriberRequest, requestId = 245
20:52:20.340 [nacos-grpc-client-executor-16253] INFO  c.a.n.c.r.client - [printIfInfoEnabled,60] - [fb8aeea2-9a70-442b-8fd8-371cfdc51a4b] Ack server push request, request = NotifySubscriberRequest, requestId = 245
21:08:28.481 [nacos-grpc-client-executor-16756] INFO  c.a.n.c.r.client - [printIfInfoEnabled,60] - [fb8aeea2-9a70-442b-8fd8-371cfdc51a4b] Receive server push request, request = NotifySubscriberRequest, requestId = 250
21:08:28.485 [nacos-grpc-client-executor-16756] INFO  c.a.n.c.r.client - [printIfInfoEnabled,60] - [fb8aeea2-9a70-442b-8fd8-371cfdc51a4b] Ack server push request, request = NotifySubscriberRequest, requestId = 250
21:17:41.137 [nacos-grpc-client-executor-17051] INFO  c.a.n.c.r.client - [printIfInfoEnabled,60] - [fb8aeea2-9a70-442b-8fd8-371cfdc51a4b] Receive server push request, request = NotifySubscriberRequest, requestId = 255
21:17:41.151 [nacos-grpc-client-executor-17051] INFO  c.a.n.c.r.client - [printIfInfoEnabled,60] - [fb8aeea2-9a70-442b-8fd8-371cfdc51a4b] Ack server push request, request = NotifySubscriberRequest, requestId = 255
22:36:06.568 [nacos-grpc-client-executor-19393] INFO  c.a.n.c.r.client - [printIfInfoEnabled,60] - [fb8aeea2-9a70-442b-8fd8-371cfdc51a4b] Receive server push request, request = NotifySubscriberRequest, requestId = 259
22:36:06.581 [nacos-grpc-client-executor-19393] INFO  c.a.n.c.r.client - [printIfInfoEnabled,60] - [fb8aeea2-9a70-442b-8fd8-371cfdc51a4b] Ack server push request, request = NotifySubscriberRequest, requestId = 259
22:36:20.357 [nacos-grpc-client-executor-19406] INFO  c.a.n.c.r.client - [printIfInfoEnabled,60] - [fb8aeea2-9a70-442b-8fd8-371cfdc51a4b] Receive server push request, request = NotifySubscriberRequest, requestId = 264
22:36:20.358 [nacos-grpc-client-executor-19406] INFO  c.a.n.c.r.client - [printIfInfoEnabled,60] - [fb8aeea2-9a70-442b-8fd8-371cfdc51a4b] Ack server push request, request = NotifySubscriberRequest, requestId = 264
22:36:25.902 [nacos-grpc-client-executor-19408] INFO  c.a.n.c.r.client - [printIfInfoEnabled,60] - [fb8aeea2-9a70-442b-8fd8-371cfdc51a4b] Receive server push request, request = NotifySubscriberRequest, requestId = 268
22:36:25.905 [nacos-grpc-client-executor-19408] INFO  c.a.n.c.r.client - [printIfInfoEnabled,60] - [fb8aeea2-9a70-442b-8fd8-371cfdc51a4b] Ack server push request, request = NotifySubscriberRequest, requestId = 268
22:46:33.266 [SpringApplicationShutdownHook] INFO  c.a.c.n.r.NacosServiceRegistry - [deregister,94] - De-registering from Nacos Server now...
22:46:33.276 [SpringApplicationShutdownHook] INFO  c.a.c.n.r.NacosServiceRegistry - [deregister,114] - De-registration finished.
22:46:33.595 [SpringApplicationShutdownHook] INFO  c.a.n.c.r.client - [shutdown,454] - Shutdown rpc client, set status to shutdown
22:46:33.597 [SpringApplicationShutdownHook] INFO  c.a.n.c.r.client - [shutdown,456] - Shutdown client event executor java.util.concurrent.ScheduledThreadPoolExecutor@64ea0a6e[Running, pool size = 2, active threads = 2, queued tasks = 0, completed tasks = 0]
22:46:33.598 [SpringApplicationShutdownHook] INFO  c.a.n.c.r.client - [closeConnection,591] - Close current connection 1682162368835_127.0.0.1_55888
22:46:33.610 [nacos-grpc-client-executor-19711] INFO  c.a.n.c.r.c.g.GrpcClient - [printIfInfoEnabled,60] - [1682162368835_127.0.0.1_55888]Ignore complete event,isRunning:false,isAbandon=false
22:46:33.665 [SpringApplicationShutdownHook] INFO  c.a.n.c.r.c.g.GrpcClient - [shutdown,85] - Shutdown grpc executor java.util.concurrent.ThreadPoolExecutor@56884662[Running, pool size = 6, active threads = 0, queued tasks = 0, completed tasks = 19752]
22:52:32.348 [background-preinit] INFO  o.h.v.i.util.Version - [<clinit>,21] - HV000001: Hibernate Validator 6.2.5.Final
22:52:32.879 [main] INFO  c.a.n.c.r.client - [lambda$createClient$0,80] - [RpcClientFactory] create a new rpc client of efaa953a-afd3-48d3-ad45-3458b71707fa_config-0
22:52:32.924 [main] INFO  o.r.Reflections - [scan,232] - Reflections took 24 ms to scan 1 urls, producing 3 keys and 6 values 
22:52:32.951 [main] INFO  o.r.Reflections - [scan,232] - Reflections took 12 ms to scan 1 urls, producing 4 keys and 9 values 
22:52:32.971 [main] INFO  o.r.Reflections - [scan,232] - Reflections took 18 ms to scan 1 urls, producing 3 keys and 10 values 
22:52:32.987 [main] INFO  o.r.Reflections - [scan,232] - Reflections took 13 ms to scan 1 urls, producing 1 keys and 5 values 
22:52:33.006 [main] INFO  o.r.Reflections - [scan,232] - Reflections took 17 ms to scan 1 urls, producing 1 keys and 7 values 
22:52:33.025 [main] INFO  o.r.Reflections - [scan,232] - Reflections took 15 ms to scan 1 urls, producing 2 keys and 8 values 
22:52:33.030 [main] INFO  c.a.n.c.r.client - [printIfInfoEnabled,60] - [efaa953a-afd3-48d3-ad45-3458b71707fa_config-0] RpcClient init label, labels = {module=config, Vipserver-Tag=null, source=sdk, Amory-Tag=null, Location-Tag=null, taskId=0, AppName=unknown}
22:52:33.031 [main] INFO  c.a.n.c.r.client - [printIfInfoEnabled,60] - [efaa953a-afd3-48d3-ad45-3458b71707fa_config-0] Register server push request handler:com.alibaba.nacos.client.config.impl.ClientWorker$ConfigRpcTransportClient$$Lambda$463/0x0000000800f3c990
22:52:33.032 [main] INFO  c.a.n.c.r.client - [printIfInfoEnabled,60] - [efaa953a-afd3-48d3-ad45-3458b71707fa_config-0] Register server push request handler:com.alibaba.nacos.client.config.impl.ClientWorker$ConfigRpcTransportClient$$Lambda$464/0x0000000800f3cbb8
22:52:33.033 [main] INFO  c.a.n.c.r.client - [printIfInfoEnabled,60] - [efaa953a-afd3-48d3-ad45-3458b71707fa_config-0] Registry connection listener to current client:com.alibaba.nacos.client.config.impl.ClientWorker$ConfigRpcTransportClient$1
22:52:33.034 [main] INFO  c.a.n.c.r.client - [printIfInfoEnabled,60] - [efaa953a-afd3-48d3-ad45-3458b71707fa_config-0] RpcClient init, ServerListFactory = com.alibaba.nacos.client.config.impl.ClientWorker$ConfigRpcTransportClient$2
22:52:33.061 [main] INFO  c.a.n.c.r.client - [printIfInfoEnabled,60] - [efaa953a-afd3-48d3-ad45-3458b71707fa_config-0] Try to connect to server on start up, server: {serverIp = '127.0.0.1', server main port = 8848}
22:52:33.902 [main] INFO  c.a.n.c.r.client - [printIfInfoEnabled,60] - [efaa953a-afd3-48d3-ad45-3458b71707fa_config-0] Success to connect to server [127.0.0.1:8848] on start up, connectionId = 1682261553679_127.0.0.1_62032
22:52:33.903 [com.alibaba.nacos.client.remote.worker] INFO  c.a.n.c.r.client - [printIfInfoEnabled,60] - [efaa953a-afd3-48d3-ad45-3458b71707fa_config-0] Notify connected event to listeners.
22:52:33.903 [main] INFO  c.a.n.c.r.client - [printIfInfoEnabled,60] - [efaa953a-afd3-48d3-ad45-3458b71707fa_config-0] Register server push request handler:com.alibaba.nacos.common.remote.client.RpcClient$ConnectResetRequestHandler
22:52:33.903 [main] INFO  c.a.n.c.r.client - [printIfInfoEnabled,60] - [efaa953a-afd3-48d3-ad45-3458b71707fa_config-0] Register server push request handler:com.alibaba.nacos.common.remote.client.RpcClient$$Lambda$475/0x000000080103e7b0
22:52:34.014 [main] INFO  c.c.g.RuoYiGatewayApplication - [logStartupProfileInfo,637] - The following 1 profile is active: "dev"
22:52:38.150 [main] INFO  c.a.c.s.g.s.SentinelSCGAutoConfiguration - [sentinelGatewayFilter,144] - [Sentinel SpringCloudGateway] register SentinelGatewayFilter with order: -2147483648
22:52:38.919 [main] INFO  c.a.c.s.g.s.SentinelSCGAutoConfiguration - [sentinelGatewayBlockExceptionHandler,134] - [Sentinel SpringCloudGateway] register SentinelGatewayBlockExceptionHandler
22:52:39.660 [main] INFO  c.a.n.c.r.client - [lambda$createClient$0,80] - [RpcClientFactory] create a new rpc client of f03cc7d6-7d35-45c9-b1fc-39be2587a84c_config-0
22:52:39.661 [main] INFO  c.a.n.c.r.client - [printIfInfoEnabled,60] - [f03cc7d6-7d35-45c9-b1fc-39be2587a84c_config-0] RpcClient init label, labels = {module=config, Vipserver-Tag=null, source=sdk, Amory-Tag=null, Location-Tag=null, taskId=0, AppName=unknown}
22:52:39.661 [main] INFO  c.a.n.c.r.client - [printIfInfoEnabled,60] - [f03cc7d6-7d35-45c9-b1fc-39be2587a84c_config-0] Register server push request handler:com.alibaba.nacos.client.config.impl.ClientWorker$ConfigRpcTransportClient$$Lambda$463/0x0000000800f3c990
22:52:39.661 [main] INFO  c.a.n.c.r.client - [printIfInfoEnabled,60] - [f03cc7d6-7d35-45c9-b1fc-39be2587a84c_config-0] Register server push request handler:com.alibaba.nacos.client.config.impl.ClientWorker$ConfigRpcTransportClient$$Lambda$464/0x0000000800f3cbb8
22:52:39.662 [main] INFO  c.a.n.c.r.client - [printIfInfoEnabled,60] - [f03cc7d6-7d35-45c9-b1fc-39be2587a84c_config-0] Registry connection listener to current client:com.alibaba.nacos.client.config.impl.ClientWorker$ConfigRpcTransportClient$1
22:52:39.662 [main] INFO  c.a.n.c.r.client - [printIfInfoEnabled,60] - [f03cc7d6-7d35-45c9-b1fc-39be2587a84c_config-0] RpcClient init, ServerListFactory = com.alibaba.nacos.client.config.impl.ClientWorker$ConfigRpcTransportClient$2
22:52:39.663 [main] INFO  c.a.n.c.r.client - [printIfInfoEnabled,60] - [f03cc7d6-7d35-45c9-b1fc-39be2587a84c_config-0] Try to connect to server on start up, server: {serverIp = '127.0.0.1', server main port = 8848}
22:52:39.822 [main] INFO  c.a.n.c.r.client - [printIfInfoEnabled,60] - [f03cc7d6-7d35-45c9-b1fc-39be2587a84c_config-0] Success to connect to server [127.0.0.1:8848] on start up, connectionId = 1682261559691_127.0.0.1_62045
22:52:39.823 [main] INFO  c.a.n.c.r.client - [printIfInfoEnabled,60] - [f03cc7d6-7d35-45c9-b1fc-39be2587a84c_config-0] Register server push request handler:com.alibaba.nacos.common.remote.client.RpcClient$ConnectResetRequestHandler
22:52:39.823 [com.alibaba.nacos.client.remote.worker] INFO  c.a.n.c.r.client - [printIfInfoEnabled,60] - [f03cc7d6-7d35-45c9-b1fc-39be2587a84c_config-0] Notify connected event to listeners.
22:52:39.823 [main] INFO  c.a.n.c.r.client - [printIfInfoEnabled,60] - [f03cc7d6-7d35-45c9-b1fc-39be2587a84c_config-0] Register server push request handler:com.alibaba.nacos.common.remote.client.RpcClient$$Lambda$475/0x000000080103e7b0
22:52:39.960 [main] INFO  c.a.n.c.r.client - [lambda$createClient$0,80] - [RpcClientFactory] create a new rpc client of 75a72600-5f40-4a32-9a57-80b44f9c859a
22:52:39.960 [main] INFO  c.a.n.c.r.client - [printIfInfoEnabled,60] - [75a72600-5f40-4a32-9a57-80b44f9c859a] RpcClient init label, labels = {module=naming, source=sdk}
22:52:39.963 [main] INFO  c.a.n.c.r.client - [printIfInfoEnabled,60] - [75a72600-5f40-4a32-9a57-80b44f9c859a] RpcClient init, ServerListFactory = com.alibaba.nacos.client.naming.core.ServerListManager
22:52:39.963 [main] INFO  c.a.n.c.r.client - [printIfInfoEnabled,60] - [75a72600-5f40-4a32-9a57-80b44f9c859a] Registry connection listener to current client:com.alibaba.nacos.client.naming.remote.gprc.redo.NamingGrpcRedoService
22:52:39.964 [main] INFO  c.a.n.c.r.client - [printIfInfoEnabled,60] - [75a72600-5f40-4a32-9a57-80b44f9c859a] Register server push request handler:com.alibaba.nacos.client.naming.remote.gprc.NamingPushRequestHandler
22:52:39.965 [main] INFO  c.a.n.c.r.client - [printIfInfoEnabled,60] - [75a72600-5f40-4a32-9a57-80b44f9c859a] Try to connect to server on start up, server: {serverIp = '127.0.0.1', server main port = 8848}
22:52:40.108 [main] INFO  c.a.n.c.r.client - [printIfInfoEnabled,60] - [75a72600-5f40-4a32-9a57-80b44f9c859a] Success to connect to server [127.0.0.1:8848] on start up, connectionId = 1682261559983_127.0.0.1_62046
22:52:40.108 [main] INFO  c.a.n.c.r.client - [printIfInfoEnabled,60] - [75a72600-5f40-4a32-9a57-80b44f9c859a] Register server push request handler:com.alibaba.nacos.common.remote.client.RpcClient$ConnectResetRequestHandler
22:52:40.108 [com.alibaba.nacos.client.remote.worker] INFO  c.a.n.c.r.client - [printIfInfoEnabled,60] - [75a72600-5f40-4a32-9a57-80b44f9c859a] Notify connected event to listeners.
22:52:40.109 [main] INFO  c.a.n.c.r.client - [printIfInfoEnabled,60] - [75a72600-5f40-4a32-9a57-80b44f9c859a] Register server push request handler:com.alibaba.nacos.common.remote.client.RpcClient$$Lambda$475/0x000000080103e7b0
22:52:40.337 [main] INFO  c.a.c.n.r.NacosServiceRegistry - [register,75] - nacos registry, DEFAULT_GROUP cms-gateway 192.168.1.9:8080 register finished
22:52:40.446 [main] INFO  c.c.g.RuoYiGatewayApplication - [logStarted,61] - Started RuoYiGatewayApplication in 8.718 seconds (JVM running for 9.954)
22:52:40.455 [main] INFO  c.a.c.n.r.NacosContextRefresher - [registerNacosListener,129] - [Nacos Config] Listening config: dataId=cms-gateway, group=DEFAULT_GROUP
22:52:40.469 [main] INFO  c.a.c.n.r.NacosContextRefresher - [registerNacosListener,129] - [Nacos Config] Listening config: dataId=cms-gateway.yml, group=DEFAULT_GROUP
22:52:40.471 [main] INFO  c.a.c.n.r.NacosContextRefresher - [registerNacosListener,129] - [Nacos Config] Listening config: dataId=cms-gateway-dev.yml, group=DEFAULT_GROUP
22:52:40.653 [nacos-grpc-client-executor-46] INFO  c.a.n.c.r.client - [printIfInfoEnabled,60] - [75a72600-5f40-4a32-9a57-80b44f9c859a] Receive server push request, request = NotifySubscriberRequest, requestId = 279
22:52:40.654 [nacos-grpc-client-executor-46] INFO  c.a.n.c.r.client - [printIfInfoEnabled,60] - [75a72600-5f40-4a32-9a57-80b44f9c859a] Ack server push request, request = NotifySubscriberRequest, requestId = 279
22:52:40.844 [nacos-grpc-client-executor-47] INFO  c.a.n.c.r.client - [printIfInfoEnabled,60] - [75a72600-5f40-4a32-9a57-80b44f9c859a] Receive server push request, request = NotifySubscriberRequest, requestId = 282
22:52:40.845 [nacos-grpc-client-executor-47] INFO  c.a.n.c.r.client - [printIfInfoEnabled,60] - [75a72600-5f40-4a32-9a57-80b44f9c859a] Ack server push request, request = NotifySubscriberRequest, requestId = 282
22:52:40.852 [nacos-grpc-client-executor-48] INFO  c.a.n.c.r.client - [printIfInfoEnabled,60] - [75a72600-5f40-4a32-9a57-80b44f9c859a] Receive server push request, request = NotifySubscriberRequest, requestId = 281
22:52:40.853 [nacos-grpc-client-executor-48] INFO  c.a.n.c.r.client - [printIfInfoEnabled,60] - [75a72600-5f40-4a32-9a57-80b44f9c859a] Ack server push request, request = NotifySubscriberRequest, requestId = 281
22:52:40.861 [nacos-grpc-client-executor-49] INFO  c.a.n.c.r.client - [printIfInfoEnabled,60] - [75a72600-5f40-4a32-9a57-80b44f9c859a] Receive server push request, request = NotifySubscriberRequest, requestId = 280
22:52:40.862 [nacos-grpc-client-executor-49] INFO  c.a.n.c.r.client - [printIfInfoEnabled,60] - [75a72600-5f40-4a32-9a57-80b44f9c859a] Ack server push request, request = NotifySubscriberRequest, requestId = 280
22:53:10.937 [nacos-grpc-client-executor-88] INFO  c.a.n.c.r.client - [printIfInfoEnabled,60] - [75a72600-5f40-4a32-9a57-80b44f9c859a] Receive server push request, request = NotifySubscriberRequest, requestId = 292
22:53:10.941 [nacos-grpc-client-executor-88] INFO  c.a.n.c.r.client - [printIfInfoEnabled,60] - [75a72600-5f40-4a32-9a57-80b44f9c859a] Ack server push request, request = NotifySubscriberRequest, requestId = 292
22:53:10.944 [nacos-grpc-client-executor-89] INFO  c.a.n.c.r.client - [printIfInfoEnabled,60] - [75a72600-5f40-4a32-9a57-80b44f9c859a] Receive server push request, request = NotifySubscriberRequest, requestId = 295
22:53:10.944 [nacos-grpc-client-executor-89] INFO  c.a.n.c.r.client - [printIfInfoEnabled,60] - [75a72600-5f40-4a32-9a57-80b44f9c859a] Ack server push request, request = NotifySubscriberRequest, requestId = 295
22:53:10.946 [nacos-grpc-client-executor-90] INFO  c.a.n.c.r.client - [printIfInfoEnabled,60] - [75a72600-5f40-4a32-9a57-80b44f9c859a] Receive server push request, request = NotifySubscriberRequest, requestId = 293
22:53:10.947 [nacos-grpc-client-executor-90] INFO  c.a.n.c.r.client - [printIfInfoEnabled,60] - [75a72600-5f40-4a32-9a57-80b44f9c859a] Ack server push request, request = NotifySubscriberRequest, requestId = 293
22:53:10.950 [nacos-grpc-client-executor-91] INFO  c.a.n.c.r.client - [printIfInfoEnabled,60] - [75a72600-5f40-4a32-9a57-80b44f9c859a] Receive server push request, request = NotifySubscriberRequest, requestId = 294
22:53:10.951 [nacos-grpc-client-executor-91] INFO  c.a.n.c.r.client - [printIfInfoEnabled,60] - [75a72600-5f40-4a32-9a57-80b44f9c859a] Ack server push request, request = NotifySubscriberRequest, requestId = 294
23:42:32.082 [nacos-grpc-client-executor-1723] INFO  c.a.n.c.r.client - [printIfInfoEnabled,60] - [75a72600-5f40-4a32-9a57-80b44f9c859a] Receive server push request, request = NotifySubscriberRequest, requestId = 299
23:42:32.086 [nacos-grpc-client-executor-1723] INFO  c.a.n.c.r.client - [printIfInfoEnabled,60] - [75a72600-5f40-4a32-9a57-80b44f9c859a] Ack server push request, request = NotifySubscriberRequest, requestId = 299
23:42:43.004 [nacos-grpc-client-executor-1737] INFO  c.a.n.c.r.client - [printIfInfoEnabled,60] - [75a72600-5f40-4a32-9a57-80b44f9c859a] Receive server push request, request = NotifySubscriberRequest, requestId = 301
23:42:43.007 [nacos-grpc-client-executor-1737] INFO  c.a.n.c.r.client - [printIfInfoEnabled,60] - [75a72600-5f40-4a32-9a57-80b44f9c859a] Ack server push request, request = NotifySubscriberRequest, requestId = 301
23:42:48.637 [nacos-grpc-client-executor-1739] INFO  c.a.n.c.r.client - [printIfInfoEnabled,60] - [75a72600-5f40-4a32-9a57-80b44f9c859a] Receive server push request, request = NotifySubscriberRequest, requestId = 303
23:42:48.639 [nacos-grpc-client-executor-1739] INFO  c.a.n.c.r.client - [printIfInfoEnabled,60] - [75a72600-5f40-4a32-9a57-80b44f9c859a] Ack server push request, request = NotifySubscriberRequest, requestId = 303
23:43:57.231 [nacos-grpc-client-executor-1775] INFO  c.a.n.c.r.client - [printIfInfoEnabled,60] - [75a72600-5f40-4a32-9a57-80b44f9c859a] Receive server push request, request = NotifySubscriberRequest, requestId = 307
23:43:57.232 [nacos-grpc-client-executor-1775] INFO  c.a.n.c.r.client - [printIfInfoEnabled,60] - [75a72600-5f40-4a32-9a57-80b44f9c859a] Ack server push request, request = NotifySubscriberRequest, requestId = 307
