00:00:12.949 [nacos-grpc-client-executor-10322] INFO  c.a.n.c.r.client - [printIfInfoEnabled,60] - [e5fd1a46-4a07-4ca9-a3c8-338aedc5c87c] Receive server push request, request = NotifySubscriberRequest, requestId = 438
00:00:12.961 [nacos-grpc-client-executor-10322] INFO  c.a.n.c.r.client - [printIfInfoEnabled,60] - [e5fd1a46-4a07-4ca9-a3c8-338aedc5c87c] Ack server push request, request = NotifySubscriberRequest, requestId = 438
00:34:01.326 [nacos-grpc-client-executor-11261] INFO  c.a.n.c.r.client - [printIfInfoEnabled,60] - [e5fd1a46-4a07-4ca9-a3c8-338aedc5c87c] Receive server push request, request = NotifySubscriberRequest, requestId = 442
00:34:01.328 [nacos-grpc-client-executor-11261] INFO  c.a.n.c.r.client - [printIfInfoEnabled,60] - [e5fd1a46-4a07-4ca9-a3c8-338aedc5c87c] Ack server push request, request = NotifySubscriberRequest, requestId = 442
00:34:42.135 [nacos-grpc-client-executor-11274] INFO  c.a.n.c.r.client - [printIfInfoEnabled,60] - [e5fd1a46-4a07-4ca9-a3c8-338aedc5c87c] Receive server push request, request = NotifySubscriberRequest, requestId = 445
00:34:42.136 [nacos-grpc-client-executor-11274] INFO  c.a.n.c.r.client - [printIfInfoEnabled,60] - [e5fd1a46-4a07-4ca9-a3c8-338aedc5c87c] Ack server push request, request = NotifySubscriberRequest, requestId = 445
02:30:12.363 [nacos-grpc-client-executor-14415] INFO  c.a.n.c.r.client - [printIfInfoEnabled,60] - [e5fd1a46-4a07-4ca9-a3c8-338aedc5c87c] Receive server push request, request = NotifySubscriberRequest, requestId = 450
02:30:12.369 [nacos-grpc-client-executor-14415] INFO  c.a.n.c.r.client - [printIfInfoEnabled,60] - [e5fd1a46-4a07-4ca9-a3c8-338aedc5c87c] Ack server push request, request = NotifySubscriberRequest, requestId = 450
02:30:26.302 [nacos-grpc-client-executor-14420] INFO  c.a.n.c.r.client - [printIfInfoEnabled,60] - [e5fd1a46-4a07-4ca9-a3c8-338aedc5c87c] Receive server push request, request = NotifySubscriberRequest, requestId = 454
02:30:26.309 [nacos-grpc-client-executor-14420] INFO  c.a.n.c.r.client - [printIfInfoEnabled,60] - [e5fd1a46-4a07-4ca9-a3c8-338aedc5c87c] Ack server push request, request = NotifySubscriberRequest, requestId = 454
02:40:55.444 [nacos-grpc-client-executor-14718] INFO  c.a.n.c.r.client - [printIfInfoEnabled,60] - [e5fd1a46-4a07-4ca9-a3c8-338aedc5c87c] Receive server push request, request = NotifySubscriberRequest, requestId = 459
02:40:55.448 [nacos-grpc-client-executor-14718] INFO  c.a.n.c.r.client - [printIfInfoEnabled,60] - [e5fd1a46-4a07-4ca9-a3c8-338aedc5c87c] Ack server push request, request = NotifySubscriberRequest, requestId = 459
02:41:08.642 [nacos-grpc-client-executor-14722] INFO  c.a.n.c.r.client - [printIfInfoEnabled,60] - [e5fd1a46-4a07-4ca9-a3c8-338aedc5c87c] Receive server push request, request = NotifySubscriberRequest, requestId = 464
02:41:08.643 [nacos-grpc-client-executor-14722] INFO  c.a.n.c.r.client - [printIfInfoEnabled,60] - [e5fd1a46-4a07-4ca9-a3c8-338aedc5c87c] Ack server push request, request = NotifySubscriberRequest, requestId = 464
03:43:19.144 [nacos-grpc-client-executor-16453] INFO  c.a.n.c.r.client - [printIfInfoEnabled,60] - [e5fd1a46-4a07-4ca9-a3c8-338aedc5c87c] Receive server push request, request = NotifySubscriberRequest, requestId = 468
03:43:19.153 [nacos-grpc-client-executor-16453] INFO  c.a.n.c.r.client - [printIfInfoEnabled,60] - [e5fd1a46-4a07-4ca9-a3c8-338aedc5c87c] Ack server push request, request = NotifySubscriberRequest, requestId = 468
03:43:33.151 [nacos-grpc-client-executor-16460] INFO  c.a.n.c.r.client - [printIfInfoEnabled,60] - [e5fd1a46-4a07-4ca9-a3c8-338aedc5c87c] Receive server push request, request = NotifySubscriberRequest, requestId = 472
03:43:33.152 [nacos-grpc-client-executor-16460] INFO  c.a.n.c.r.client - [printIfInfoEnabled,60] - [e5fd1a46-4a07-4ca9-a3c8-338aedc5c87c] Ack server push request, request = NotifySubscriberRequest, requestId = 472
04:30:24.363 [nacos-grpc-client-executor-17799] INFO  c.a.n.c.r.client - [printIfInfoEnabled,60] - [e5fd1a46-4a07-4ca9-a3c8-338aedc5c87c] Receive server push request, request = NotifySubscriberRequest, requestId = 477
04:30:24.368 [nacos-grpc-client-executor-17799] INFO  c.a.n.c.r.client - [printIfInfoEnabled,60] - [e5fd1a46-4a07-4ca9-a3c8-338aedc5c87c] Ack server push request, request = NotifySubscriberRequest, requestId = 477
04:30:38.259 [nacos-grpc-client-executor-17805] INFO  c.a.n.c.r.client - [printIfInfoEnabled,60] - [e5fd1a46-4a07-4ca9-a3c8-338aedc5c87c] Receive server push request, request = NotifySubscriberRequest, requestId = 482
04:30:38.267 [nacos-grpc-client-executor-17805] INFO  c.a.n.c.r.client - [printIfInfoEnabled,60] - [e5fd1a46-4a07-4ca9-a3c8-338aedc5c87c] Ack server push request, request = NotifySubscriberRequest, requestId = 482
04:33:30.335 [nacos-grpc-client-executor-17885] INFO  c.a.n.c.r.client - [printIfInfoEnabled,60] - [e5fd1a46-4a07-4ca9-a3c8-338aedc5c87c] Receive server push request, request = NotifySubscriberRequest, requestId = 486
04:33:30.342 [nacos-grpc-client-executor-17885] INFO  c.a.n.c.r.client - [printIfInfoEnabled,60] - [e5fd1a46-4a07-4ca9-a3c8-338aedc5c87c] Ack server push request, request = NotifySubscriberRequest, requestId = 486
04:33:45.124 [nacos-grpc-client-executor-17888] INFO  c.a.n.c.r.client - [printIfInfoEnabled,60] - [e5fd1a46-4a07-4ca9-a3c8-338aedc5c87c] Receive server push request, request = NotifySubscriberRequest, requestId = 490
04:33:45.125 [nacos-grpc-client-executor-17888] INFO  c.a.n.c.r.client - [printIfInfoEnabled,60] - [e5fd1a46-4a07-4ca9-a3c8-338aedc5c87c] Ack server push request, request = NotifySubscriberRequest, requestId = 490
04:35:25.011 [nacos-grpc-client-executor-17940] INFO  c.a.n.c.r.client - [printIfInfoEnabled,60] - [e5fd1a46-4a07-4ca9-a3c8-338aedc5c87c] Receive server push request, request = NotifySubscriberRequest, requestId = 495
04:35:25.012 [nacos-grpc-client-executor-17940] INFO  c.a.n.c.r.client - [printIfInfoEnabled,60] - [e5fd1a46-4a07-4ca9-a3c8-338aedc5c87c] Ack server push request, request = NotifySubscriberRequest, requestId = 495
04:35:40.843 [nacos-grpc-client-executor-17945] INFO  c.a.n.c.r.client - [printIfInfoEnabled,60] - [e5fd1a46-4a07-4ca9-a3c8-338aedc5c87c] Receive server push request, request = NotifySubscriberRequest, requestId = 499
04:35:40.844 [nacos-grpc-client-executor-17945] INFO  c.a.n.c.r.client - [printIfInfoEnabled,60] - [e5fd1a46-4a07-4ca9-a3c8-338aedc5c87c] Ack server push request, request = NotifySubscriberRequest, requestId = 499
04:39:42.419 [nacos-grpc-client-executor-18058] INFO  c.a.n.c.r.client - [printIfInfoEnabled,60] - [e5fd1a46-4a07-4ca9-a3c8-338aedc5c87c] Receive server push request, request = NotifySubscriberRequest, requestId = 504
04:39:42.423 [nacos-grpc-client-executor-18058] INFO  c.a.n.c.r.client - [printIfInfoEnabled,60] - [e5fd1a46-4a07-4ca9-a3c8-338aedc5c87c] Ack server push request, request = NotifySubscriberRequest, requestId = 504
04:39:56.938 [nacos-grpc-client-executor-18075] INFO  c.a.n.c.r.client - [printIfInfoEnabled,60] - [e5fd1a46-4a07-4ca9-a3c8-338aedc5c87c] Receive server push request, request = NotifySubscriberRequest, requestId = 509
04:39:56.939 [nacos-grpc-client-executor-18075] INFO  c.a.n.c.r.client - [printIfInfoEnabled,60] - [e5fd1a46-4a07-4ca9-a3c8-338aedc5c87c] Ack server push request, request = NotifySubscriberRequest, requestId = 509
05:08:57.732 [nacos-grpc-client-executor-18884] INFO  c.a.n.c.r.client - [printIfInfoEnabled,60] - [e5fd1a46-4a07-4ca9-a3c8-338aedc5c87c] Receive server push request, request = NotifySubscriberRequest, requestId = 513
05:08:57.737 [nacos-grpc-client-executor-18884] INFO  c.a.n.c.r.client - [printIfInfoEnabled,60] - [e5fd1a46-4a07-4ca9-a3c8-338aedc5c87c] Ack server push request, request = NotifySubscriberRequest, requestId = 513
05:09:57.769 [nacos-grpc-client-executor-18915] INFO  c.a.n.c.r.client - [printIfInfoEnabled,60] - [e5fd1a46-4a07-4ca9-a3c8-338aedc5c87c] Receive server push request, request = NotifySubscriberRequest, requestId = 517
05:09:57.776 [nacos-grpc-client-executor-18915] INFO  c.a.n.c.r.client - [printIfInfoEnabled,60] - [e5fd1a46-4a07-4ca9-a3c8-338aedc5c87c] Ack server push request, request = NotifySubscriberRequest, requestId = 517
05:11:03.965 [nacos-grpc-client-executor-18945] INFO  c.a.n.c.r.client - [printIfInfoEnabled,60] - [e5fd1a46-4a07-4ca9-a3c8-338aedc5c87c] Receive server push request, request = NotifySubscriberRequest, requestId = 522
05:11:03.972 [nacos-grpc-client-executor-18945] INFO  c.a.n.c.r.client - [printIfInfoEnabled,60] - [e5fd1a46-4a07-4ca9-a3c8-338aedc5c87c] Ack server push request, request = NotifySubscriberRequest, requestId = 522
05:11:17.874 [nacos-grpc-client-executor-18948] INFO  c.a.n.c.r.client - [printIfInfoEnabled,60] - [e5fd1a46-4a07-4ca9-a3c8-338aedc5c87c] Receive server push request, request = NotifySubscriberRequest, requestId = 527
05:11:17.875 [nacos-grpc-client-executor-18948] INFO  c.a.n.c.r.client - [printIfInfoEnabled,60] - [e5fd1a46-4a07-4ca9-a3c8-338aedc5c87c] Ack server push request, request = NotifySubscriberRequest, requestId = 527
05:14:36.516 [nacos-grpc-client-executor-19037] INFO  c.a.n.c.r.client - [printIfInfoEnabled,60] - [e5fd1a46-4a07-4ca9-a3c8-338aedc5c87c] Receive server push request, request = NotifySubscriberRequest, requestId = 531
05:14:36.519 [nacos-grpc-client-executor-19037] INFO  c.a.n.c.r.client - [printIfInfoEnabled,60] - [e5fd1a46-4a07-4ca9-a3c8-338aedc5c87c] Ack server push request, request = NotifySubscriberRequest, requestId = 531
05:14:50.182 [nacos-grpc-client-executor-19040] INFO  c.a.n.c.r.client - [printIfInfoEnabled,60] - [e5fd1a46-4a07-4ca9-a3c8-338aedc5c87c] Receive server push request, request = NotifySubscriberRequest, requestId = 535
05:14:50.184 [nacos-grpc-client-executor-19040] INFO  c.a.n.c.r.client - [printIfInfoEnabled,60] - [e5fd1a46-4a07-4ca9-a3c8-338aedc5c87c] Ack server push request, request = NotifySubscriberRequest, requestId = 535
05:23:27.937 [nacos-grpc-client-executor-19285] INFO  c.a.n.c.r.client - [printIfInfoEnabled,60] - [e5fd1a46-4a07-4ca9-a3c8-338aedc5c87c] Receive server push request, request = NotifySubscriberRequest, requestId = 540
05:23:27.951 [nacos-grpc-client-executor-19285] INFO  c.a.n.c.r.client - [printIfInfoEnabled,60] - [e5fd1a46-4a07-4ca9-a3c8-338aedc5c87c] Ack server push request, request = NotifySubscriberRequest, requestId = 540
05:23:42.201 [nacos-grpc-client-executor-19288] INFO  c.a.n.c.r.client - [printIfInfoEnabled,60] - [e5fd1a46-4a07-4ca9-a3c8-338aedc5c87c] Receive server push request, request = NotifySubscriberRequest, requestId = 544
05:23:42.208 [nacos-grpc-client-executor-19288] INFO  c.a.n.c.r.client - [printIfInfoEnabled,60] - [e5fd1a46-4a07-4ca9-a3c8-338aedc5c87c] Ack server push request, request = NotifySubscriberRequest, requestId = 544
05:42:18.488 [nacos-grpc-client-executor-19828] INFO  c.a.n.c.r.client - [printIfInfoEnabled,60] - [e5fd1a46-4a07-4ca9-a3c8-338aedc5c87c] Receive server push request, request = NotifySubscriberRequest, requestId = 549
05:42:18.492 [nacos-grpc-client-executor-19828] INFO  c.a.n.c.r.client - [printIfInfoEnabled,60] - [e5fd1a46-4a07-4ca9-a3c8-338aedc5c87c] Ack server push request, request = NotifySubscriberRequest, requestId = 549
05:42:33.135 [nacos-grpc-client-executor-19834] INFO  c.a.n.c.r.client - [printIfInfoEnabled,60] - [e5fd1a46-4a07-4ca9-a3c8-338aedc5c87c] Receive server push request, request = NotifySubscriberRequest, requestId = 554
05:42:33.136 [nacos-grpc-client-executor-19834] INFO  c.a.n.c.r.client - [printIfInfoEnabled,60] - [e5fd1a46-4a07-4ca9-a3c8-338aedc5c87c] Ack server push request, request = NotifySubscriberRequest, requestId = 554
05:45:10.128 [nacos-grpc-client-executor-19905] INFO  c.a.n.c.r.client - [printIfInfoEnabled,60] - [e5fd1a46-4a07-4ca9-a3c8-338aedc5c87c] Receive server push request, request = NotifySubscriberRequest, requestId = 558
05:45:10.130 [nacos-grpc-client-executor-19905] INFO  c.a.n.c.r.client - [printIfInfoEnabled,60] - [e5fd1a46-4a07-4ca9-a3c8-338aedc5c87c] Ack server push request, request = NotifySubscriberRequest, requestId = 558
05:45:23.163 [nacos-grpc-client-executor-19907] INFO  c.a.n.c.r.client - [printIfInfoEnabled,60] - [e5fd1a46-4a07-4ca9-a3c8-338aedc5c87c] Receive server push request, request = NotifySubscriberRequest, requestId = 562
05:45:23.165 [nacos-grpc-client-executor-19907] INFO  c.a.n.c.r.client - [printIfInfoEnabled,60] - [e5fd1a46-4a07-4ca9-a3c8-338aedc5c87c] Ack server push request, request = NotifySubscriberRequest, requestId = 562
06:01:17.698 [nacos-grpc-client-executor-20328] INFO  c.a.n.c.r.client - [printIfInfoEnabled,60] - [e5fd1a46-4a07-4ca9-a3c8-338aedc5c87c] Receive server push request, request = NotifySubscriberRequest, requestId = 567
06:01:17.703 [nacos-grpc-client-executor-20328] INFO  c.a.n.c.r.client - [printIfInfoEnabled,60] - [e5fd1a46-4a07-4ca9-a3c8-338aedc5c87c] Ack server push request, request = NotifySubscriberRequest, requestId = 567
06:01:31.607 [nacos-grpc-client-executor-20333] INFO  c.a.n.c.r.client - [printIfInfoEnabled,60] - [e5fd1a46-4a07-4ca9-a3c8-338aedc5c87c] Receive server push request, request = NotifySubscriberRequest, requestId = 572
06:01:31.609 [nacos-grpc-client-executor-20333] INFO  c.a.n.c.r.client - [printIfInfoEnabled,60] - [e5fd1a46-4a07-4ca9-a3c8-338aedc5c87c] Ack server push request, request = NotifySubscriberRequest, requestId = 572
06:03:05.568 [nacos-grpc-client-executor-20373] INFO  c.a.n.c.r.client - [printIfInfoEnabled,60] - [e5fd1a46-4a07-4ca9-a3c8-338aedc5c87c] Receive server push request, request = NotifySubscriberRequest, requestId = 575
06:03:05.570 [nacos-grpc-client-executor-20373] INFO  c.a.n.c.r.client - [printIfInfoEnabled,60] - [e5fd1a46-4a07-4ca9-a3c8-338aedc5c87c] Ack server push request, request = NotifySubscriberRequest, requestId = 575
06:03:07.315 [nacos-grpc-client-executor-20374] INFO  c.a.n.c.r.client - [printIfInfoEnabled,60] - [e5fd1a46-4a07-4ca9-a3c8-338aedc5c87c] Receive server push request, request = NotifySubscriberRequest, requestId = 577
06:03:07.316 [nacos-grpc-client-executor-20374] INFO  c.a.n.c.r.client - [printIfInfoEnabled,60] - [e5fd1a46-4a07-4ca9-a3c8-338aedc5c87c] Ack server push request, request = NotifySubscriberRequest, requestId = 577
06:03:15.792 [SpringApplicationShutdownHook] INFO  c.a.c.n.r.NacosServiceRegistry - [deregister,94] - De-registering from Nacos Server now...
06:03:15.798 [SpringApplicationShutdownHook] INFO  c.a.c.n.r.NacosServiceRegistry - [deregister,114] - De-registration finished.
06:03:16.117 [SpringApplicationShutdownHook] INFO  c.a.n.c.r.client - [shutdown,454] - Shutdown rpc client, set status to shutdown
06:03:16.119 [SpringApplicationShutdownHook] INFO  c.a.n.c.r.client - [shutdown,456] - Shutdown client event executor java.util.concurrent.ScheduledThreadPoolExecutor@31893eea[Running, pool size = 2, active threads = 2, queued tasks = 0, completed tasks = 0]
06:03:16.119 [SpringApplicationShutdownHook] INFO  c.a.n.c.r.client - [closeConnection,591] - Close current connection 1683396309186_127.0.0.1_65004
06:03:16.126 [nacos-grpc-client-executor-20382] INFO  c.a.n.c.r.c.g.GrpcClient - [printIfInfoEnabled,60] - [1683396309186_127.0.0.1_65004]Ignore complete event,isRunning:false,isAbandon=false
06:03:16.146 [SpringApplicationShutdownHook] INFO  c.a.n.c.r.c.g.GrpcClient - [shutdown,85] - Shutdown grpc executor java.util.concurrent.ThreadPoolExecutor@49868fca[Running, pool size = 9, active threads = 0, queued tasks = 0, completed tasks = 20406]
06:03:22.108 [background-preinit] INFO  o.h.v.i.util.Version - [<clinit>,21] - HV000001: Hibernate Validator 6.2.5.Final
06:03:22.614 [main] INFO  c.a.n.c.r.client - [lambda$createClient$0,80] - [RpcClientFactory] create a new rpc client of aeb44c38-db74-4145-ba84-aa7fb5cac935_config-0
06:03:22.663 [main] INFO  o.r.Reflections - [scan,232] - Reflections took 28 ms to scan 1 urls, producing 3 keys and 6 values 
06:03:22.694 [main] INFO  o.r.Reflections - [scan,232] - Reflections took 14 ms to scan 1 urls, producing 4 keys and 9 values 
06:03:22.708 [main] INFO  o.r.Reflections - [scan,232] - Reflections took 11 ms to scan 1 urls, producing 3 keys and 10 values 
06:03:22.722 [main] INFO  o.r.Reflections - [scan,232] - Reflections took 11 ms to scan 1 urls, producing 1 keys and 5 values 
06:03:22.736 [main] INFO  o.r.Reflections - [scan,232] - Reflections took 11 ms to scan 1 urls, producing 1 keys and 7 values 
06:03:22.749 [main] INFO  o.r.Reflections - [scan,232] - Reflections took 11 ms to scan 1 urls, producing 2 keys and 8 values 
06:03:22.752 [main] INFO  c.a.n.c.r.client - [printIfInfoEnabled,60] - [aeb44c38-db74-4145-ba84-aa7fb5cac935_config-0] RpcClient init label, labels = {module=config, Vipserver-Tag=null, source=sdk, Amory-Tag=null, Location-Tag=null, taskId=0, AppName=unknown}
06:03:22.752 [main] INFO  c.a.n.c.r.client - [printIfInfoEnabled,60] - [aeb44c38-db74-4145-ba84-aa7fb5cac935_config-0] Register server push request handler:com.alibaba.nacos.client.config.impl.ClientWorker$ConfigRpcTransportClient$$Lambda$463/0x0000000800f2c008
06:03:22.752 [main] INFO  c.a.n.c.r.client - [printIfInfoEnabled,60] - [aeb44c38-db74-4145-ba84-aa7fb5cac935_config-0] Register server push request handler:com.alibaba.nacos.client.config.impl.ClientWorker$ConfigRpcTransportClient$$Lambda$464/0x0000000800f2c230
06:03:22.753 [main] INFO  c.a.n.c.r.client - [printIfInfoEnabled,60] - [aeb44c38-db74-4145-ba84-aa7fb5cac935_config-0] Registry connection listener to current client:com.alibaba.nacos.client.config.impl.ClientWorker$ConfigRpcTransportClient$1
06:03:22.753 [main] INFO  c.a.n.c.r.client - [printIfInfoEnabled,60] - [aeb44c38-db74-4145-ba84-aa7fb5cac935_config-0] RpcClient init, ServerListFactory = com.alibaba.nacos.client.config.impl.ClientWorker$ConfigRpcTransportClient$2
06:03:22.760 [main] INFO  c.a.n.c.r.client - [printIfInfoEnabled,60] - [aeb44c38-db74-4145-ba84-aa7fb5cac935_config-0] Try to connect to server on start up, server: {serverIp = '127.0.0.1', server main port = 8848}
06:03:23.356 [main] INFO  c.a.n.c.r.client - [printIfInfoEnabled,60] - [aeb44c38-db74-4145-ba84-aa7fb5cac935_config-0] Success to connect to server [127.0.0.1:8848] on start up, connectionId = 1683497003167_127.0.0.1_53432
06:03:23.357 [com.alibaba.nacos.client.remote.worker] INFO  c.a.n.c.r.client - [printIfInfoEnabled,60] - [aeb44c38-db74-4145-ba84-aa7fb5cac935_config-0] Notify connected event to listeners.
06:03:23.358 [main] INFO  c.a.n.c.r.client - [printIfInfoEnabled,60] - [aeb44c38-db74-4145-ba84-aa7fb5cac935_config-0] Register server push request handler:com.alibaba.nacos.common.remote.client.RpcClient$ConnectResetRequestHandler
06:03:23.359 [main] INFO  c.a.n.c.r.client - [printIfInfoEnabled,60] - [aeb44c38-db74-4145-ba84-aa7fb5cac935_config-0] Register server push request handler:com.alibaba.nacos.common.remote.client.RpcClient$$Lambda$475/0x000000080102c290
06:03:23.455 [main] INFO  c.c.g.RuoYiGatewayApplication - [logStartupProfileInfo,637] - The following 1 profile is active: "dev"
06:03:26.007 [main] INFO  c.a.c.s.g.s.SentinelSCGAutoConfiguration - [sentinelGatewayFilter,144] - [Sentinel SpringCloudGateway] register SentinelGatewayFilter with order: -2147483648
06:03:26.591 [main] INFO  c.a.c.s.g.s.SentinelSCGAutoConfiguration - [sentinelGatewayBlockExceptionHandler,134] - [Sentinel SpringCloudGateway] register SentinelGatewayBlockExceptionHandler
06:03:27.489 [main] INFO  c.a.n.c.r.client - [lambda$createClient$0,80] - [RpcClientFactory] create a new rpc client of d85e3b16-03de-4f7f-998e-7b1fdccaa246_config-0
06:03:27.490 [main] INFO  c.a.n.c.r.client - [printIfInfoEnabled,60] - [d85e3b16-03de-4f7f-998e-7b1fdccaa246_config-0] RpcClient init label, labels = {module=config, Vipserver-Tag=null, source=sdk, Amory-Tag=null, Location-Tag=null, taskId=0, AppName=unknown}
06:03:27.490 [main] INFO  c.a.n.c.r.client - [printIfInfoEnabled,60] - [d85e3b16-03de-4f7f-998e-7b1fdccaa246_config-0] Register server push request handler:com.alibaba.nacos.client.config.impl.ClientWorker$ConfigRpcTransportClient$$Lambda$463/0x0000000800f2c008
06:03:27.490 [main] INFO  c.a.n.c.r.client - [printIfInfoEnabled,60] - [d85e3b16-03de-4f7f-998e-7b1fdccaa246_config-0] Register server push request handler:com.alibaba.nacos.client.config.impl.ClientWorker$ConfigRpcTransportClient$$Lambda$464/0x0000000800f2c230
06:03:27.490 [main] INFO  c.a.n.c.r.client - [printIfInfoEnabled,60] - [d85e3b16-03de-4f7f-998e-7b1fdccaa246_config-0] Registry connection listener to current client:com.alibaba.nacos.client.config.impl.ClientWorker$ConfigRpcTransportClient$1
06:03:27.490 [main] INFO  c.a.n.c.r.client - [printIfInfoEnabled,60] - [d85e3b16-03de-4f7f-998e-7b1fdccaa246_config-0] RpcClient init, ServerListFactory = com.alibaba.nacos.client.config.impl.ClientWorker$ConfigRpcTransportClient$2
06:03:27.491 [main] INFO  c.a.n.c.r.client - [printIfInfoEnabled,60] - [d85e3b16-03de-4f7f-998e-7b1fdccaa246_config-0] Try to connect to server on start up, server: {serverIp = '127.0.0.1', server main port = 8848}
06:03:27.619 [main] INFO  c.a.n.c.r.client - [printIfInfoEnabled,60] - [d85e3b16-03de-4f7f-998e-7b1fdccaa246_config-0] Success to connect to server [127.0.0.1:8848] on start up, connectionId = 1683497007504_127.0.0.1_53492
06:03:27.619 [com.alibaba.nacos.client.remote.worker] INFO  c.a.n.c.r.client - [printIfInfoEnabled,60] - [d85e3b16-03de-4f7f-998e-7b1fdccaa246_config-0] Notify connected event to listeners.
06:03:27.619 [main] INFO  c.a.n.c.r.client - [printIfInfoEnabled,60] - [d85e3b16-03de-4f7f-998e-7b1fdccaa246_config-0] Register server push request handler:com.alibaba.nacos.common.remote.client.RpcClient$ConnectResetRequestHandler
06:03:27.620 [main] INFO  c.a.n.c.r.client - [printIfInfoEnabled,60] - [d85e3b16-03de-4f7f-998e-7b1fdccaa246_config-0] Register server push request handler:com.alibaba.nacos.common.remote.client.RpcClient$$Lambda$475/0x000000080102c290
06:03:27.756 [main] INFO  c.a.n.c.r.client - [lambda$createClient$0,80] - [RpcClientFactory] create a new rpc client of 419da3a2-c380-483c-ba72-277e1a9e4934
06:03:27.757 [main] INFO  c.a.n.c.r.client - [printIfInfoEnabled,60] - [419da3a2-c380-483c-ba72-277e1a9e4934] RpcClient init label, labels = {module=naming, source=sdk}
06:03:27.759 [main] INFO  c.a.n.c.r.client - [printIfInfoEnabled,60] - [419da3a2-c380-483c-ba72-277e1a9e4934] RpcClient init, ServerListFactory = com.alibaba.nacos.client.naming.core.ServerListManager
06:03:27.759 [main] INFO  c.a.n.c.r.client - [printIfInfoEnabled,60] - [419da3a2-c380-483c-ba72-277e1a9e4934] Registry connection listener to current client:com.alibaba.nacos.client.naming.remote.gprc.redo.NamingGrpcRedoService
06:03:27.759 [main] INFO  c.a.n.c.r.client - [printIfInfoEnabled,60] - [419da3a2-c380-483c-ba72-277e1a9e4934] Register server push request handler:com.alibaba.nacos.client.naming.remote.gprc.NamingPushRequestHandler
06:03:27.760 [main] INFO  c.a.n.c.r.client - [printIfInfoEnabled,60] - [419da3a2-c380-483c-ba72-277e1a9e4934] Try to connect to server on start up, server: {serverIp = '127.0.0.1', server main port = 8848}
06:03:27.887 [main] INFO  c.a.n.c.r.client - [printIfInfoEnabled,60] - [419da3a2-c380-483c-ba72-277e1a9e4934] Success to connect to server [127.0.0.1:8848] on start up, connectionId = 1683497007773_127.0.0.1_53496
06:03:27.887 [main] INFO  c.a.n.c.r.client - [printIfInfoEnabled,60] - [419da3a2-c380-483c-ba72-277e1a9e4934] Register server push request handler:com.alibaba.nacos.common.remote.client.RpcClient$ConnectResetRequestHandler
06:03:27.887 [com.alibaba.nacos.client.remote.worker] INFO  c.a.n.c.r.client - [printIfInfoEnabled,60] - [419da3a2-c380-483c-ba72-277e1a9e4934] Notify connected event to listeners.
06:03:27.887 [main] INFO  c.a.n.c.r.client - [printIfInfoEnabled,60] - [419da3a2-c380-483c-ba72-277e1a9e4934] Register server push request handler:com.alibaba.nacos.common.remote.client.RpcClient$$Lambda$475/0x000000080102c290
06:03:28.119 [main] INFO  c.a.c.n.r.NacosServiceRegistry - [register,75] - nacos registry, DEFAULT_GROUP cms-gateway 192.168.1.3:8080 register finished
06:03:28.183 [main] INFO  c.c.g.RuoYiGatewayApplication - [logStarted,61] - Started RuoYiGatewayApplication in 6.717 seconds (JVM running for 7.672)
06:03:28.189 [main] INFO  c.a.c.n.r.NacosContextRefresher - [registerNacosListener,129] - [Nacos Config] Listening config: dataId=cms-gateway, group=DEFAULT_GROUP
06:03:28.189 [main] INFO  c.a.c.n.r.NacosContextRefresher - [registerNacosListener,129] - [Nacos Config] Listening config: dataId=cms-gateway.yml, group=DEFAULT_GROUP
06:03:28.195 [main] INFO  c.a.c.n.r.NacosContextRefresher - [registerNacosListener,129] - [Nacos Config] Listening config: dataId=cms-gateway-dev.yml, group=DEFAULT_GROUP
06:03:28.519 [nacos-grpc-client-executor-50] INFO  c.a.n.c.r.client - [printIfInfoEnabled,60] - [419da3a2-c380-483c-ba72-277e1a9e4934] Receive server push request, request = NotifySubscriberRequest, requestId = 586
06:03:28.526 [nacos-grpc-client-executor-50] INFO  c.a.n.c.r.client - [printIfInfoEnabled,60] - [419da3a2-c380-483c-ba72-277e1a9e4934] Ack server push request, request = NotifySubscriberRequest, requestId = 586
06:03:28.627 [nacos-grpc-client-executor-51] INFO  c.a.n.c.r.client - [printIfInfoEnabled,60] - [419da3a2-c380-483c-ba72-277e1a9e4934] Receive server push request, request = NotifySubscriberRequest, requestId = 588
06:03:28.628 [nacos-grpc-client-executor-51] INFO  c.a.n.c.r.client - [printIfInfoEnabled,60] - [419da3a2-c380-483c-ba72-277e1a9e4934] Ack server push request, request = NotifySubscriberRequest, requestId = 588
06:03:28.631 [nacos-grpc-client-executor-52] INFO  c.a.n.c.r.client - [printIfInfoEnabled,60] - [419da3a2-c380-483c-ba72-277e1a9e4934] Receive server push request, request = NotifySubscriberRequest, requestId = 587
06:03:28.632 [nacos-grpc-client-executor-52] INFO  c.a.n.c.r.client - [printIfInfoEnabled,60] - [419da3a2-c380-483c-ba72-277e1a9e4934] Ack server push request, request = NotifySubscriberRequest, requestId = 587
06:03:28.634 [nacos-grpc-client-executor-53] INFO  c.a.n.c.r.client - [printIfInfoEnabled,60] - [419da3a2-c380-483c-ba72-277e1a9e4934] Receive server push request, request = NotifySubscriberRequest, requestId = 589
06:03:28.635 [nacos-grpc-client-executor-53] INFO  c.a.n.c.r.client - [printIfInfoEnabled,60] - [419da3a2-c380-483c-ba72-277e1a9e4934] Ack server push request, request = NotifySubscriberRequest, requestId = 589
06:03:28.637 [nacos-grpc-client-executor-54] INFO  c.a.n.c.r.client - [printIfInfoEnabled,60] - [419da3a2-c380-483c-ba72-277e1a9e4934] Receive server push request, request = NotifySubscriberRequest, requestId = 591
06:03:28.637 [nacos-grpc-client-executor-54] INFO  c.a.n.c.r.client - [printIfInfoEnabled,60] - [419da3a2-c380-483c-ba72-277e1a9e4934] Ack server push request, request = NotifySubscriberRequest, requestId = 591
06:03:28.640 [nacos-grpc-client-executor-57] INFO  c.a.n.c.r.client - [printIfInfoEnabled,60] - [419da3a2-c380-483c-ba72-277e1a9e4934] Receive server push request, request = NotifySubscriberRequest, requestId = 592
06:03:28.640 [nacos-grpc-client-executor-57] INFO  c.a.n.c.r.client - [printIfInfoEnabled,60] - [419da3a2-c380-483c-ba72-277e1a9e4934] Ack server push request, request = NotifySubscriberRequest, requestId = 592
06:03:28.645 [nacos-grpc-client-executor-58] INFO  c.a.n.c.r.client - [printIfInfoEnabled,60] - [419da3a2-c380-483c-ba72-277e1a9e4934] Receive server push request, request = NotifySubscriberRequest, requestId = 590
06:03:28.645 [nacos-grpc-client-executor-58] INFO  c.a.n.c.r.client - [printIfInfoEnabled,60] - [419da3a2-c380-483c-ba72-277e1a9e4934] Ack server push request, request = NotifySubscriberRequest, requestId = 590
06:03:34.629 [nacos-grpc-client-executor-14] INFO  c.a.n.c.r.client - [printIfInfoEnabled,60] - [419da3a2-c380-483c-ba72-277e1a9e4934] Receive server push request, request = NotifySubscriberRequest, requestId = 594
06:03:34.631 [nacos-grpc-client-executor-14] INFO  c.a.n.c.r.client - [printIfInfoEnabled,60] - [419da3a2-c380-483c-ba72-277e1a9e4934] Ack server push request, request = NotifySubscriberRequest, requestId = 594
06:03:40.153 [nacos-grpc-client-executor-64] INFO  c.a.n.c.r.client - [printIfInfoEnabled,60] - [419da3a2-c380-483c-ba72-277e1a9e4934] Receive server push request, request = NotifySubscriberRequest, requestId = 596
06:03:40.156 [nacos-grpc-client-executor-64] INFO  c.a.n.c.r.client - [printIfInfoEnabled,60] - [419da3a2-c380-483c-ba72-277e1a9e4934] Ack server push request, request = NotifySubscriberRequest, requestId = 596
06:03:42.503 [nacos-grpc-client-executor-65] INFO  c.a.n.c.r.client - [printIfInfoEnabled,60] - [419da3a2-c380-483c-ba72-277e1a9e4934] Receive server push request, request = NotifySubscriberRequest, requestId = 599
06:03:42.504 [nacos-grpc-client-executor-65] INFO  c.a.n.c.r.client - [printIfInfoEnabled,60] - [419da3a2-c380-483c-ba72-277e1a9e4934] Ack server push request, request = NotifySubscriberRequest, requestId = 599
06:03:48.030 [nacos-grpc-client-executor-68] INFO  c.a.n.c.r.client - [printIfInfoEnabled,60] - [419da3a2-c380-483c-ba72-277e1a9e4934] Receive server push request, request = NotifySubscriberRequest, requestId = 602
06:03:48.033 [nacos-grpc-client-executor-68] INFO  c.a.n.c.r.client - [printIfInfoEnabled,60] - [419da3a2-c380-483c-ba72-277e1a9e4934] Ack server push request, request = NotifySubscriberRequest, requestId = 602
06:03:54.921 [nacos-grpc-client-executor-69] INFO  c.a.n.c.r.client - [printIfInfoEnabled,60] - [419da3a2-c380-483c-ba72-277e1a9e4934] Receive server push request, request = NotifySubscriberRequest, requestId = 605
06:03:54.928 [nacos-grpc-client-executor-69] INFO  c.a.n.c.r.client - [printIfInfoEnabled,60] - [419da3a2-c380-483c-ba72-277e1a9e4934] Ack server push request, request = NotifySubscriberRequest, requestId = 605
06:07:12.399 [nacos-grpc-client-executor-165] INFO  c.a.n.c.r.client - [printIfInfoEnabled,60] - [419da3a2-c380-483c-ba72-277e1a9e4934] Receive server push request, request = NotifySubscriberRequest, requestId = 607
06:07:12.406 [nacos-grpc-client-executor-165] INFO  c.a.n.c.r.client - [printIfInfoEnabled,60] - [419da3a2-c380-483c-ba72-277e1a9e4934] Ack server push request, request = NotifySubscriberRequest, requestId = 607
06:07:28.706 [nacos-grpc-client-executor-174] INFO  c.a.n.c.r.client - [printIfInfoEnabled,60] - [419da3a2-c380-483c-ba72-277e1a9e4934] Receive server push request, request = NotifySubscriberRequest, requestId = 610
06:07:28.712 [nacos-grpc-client-executor-174] INFO  c.a.n.c.r.client - [printIfInfoEnabled,60] - [419da3a2-c380-483c-ba72-277e1a9e4934] Ack server push request, request = NotifySubscriberRequest, requestId = 610
06:49:29.143 [nacos-grpc-client-executor-1364] INFO  c.a.n.c.r.client - [printIfInfoEnabled,60] - [419da3a2-c380-483c-ba72-277e1a9e4934] Receive server push request, request = NotifySubscriberRequest, requestId = 612
06:49:29.148 [nacos-grpc-client-executor-1364] INFO  c.a.n.c.r.client - [printIfInfoEnabled,60] - [419da3a2-c380-483c-ba72-277e1a9e4934] Ack server push request, request = NotifySubscriberRequest, requestId = 612
06:49:42.632 [nacos-grpc-client-executor-1380] INFO  c.a.n.c.r.client - [printIfInfoEnabled,60] - [419da3a2-c380-483c-ba72-277e1a9e4934] Receive server push request, request = NotifySubscriberRequest, requestId = 615
06:49:42.633 [nacos-grpc-client-executor-1380] INFO  c.a.n.c.r.client - [printIfInfoEnabled,60] - [419da3a2-c380-483c-ba72-277e1a9e4934] Ack server push request, request = NotifySubscriberRequest, requestId = 615
06:55:09.541 [nacos-grpc-client-executor-1526] INFO  c.a.n.c.r.client - [printIfInfoEnabled,60] - [419da3a2-c380-483c-ba72-277e1a9e4934] Receive server push request, request = NotifySubscriberRequest, requestId = 617
06:55:09.543 [nacos-grpc-client-executor-1526] INFO  c.a.n.c.r.client - [printIfInfoEnabled,60] - [419da3a2-c380-483c-ba72-277e1a9e4934] Ack server push request, request = NotifySubscriberRequest, requestId = 617
06:55:22.887 [nacos-grpc-client-executor-1529] INFO  c.a.n.c.r.client - [printIfInfoEnabled,60] - [419da3a2-c380-483c-ba72-277e1a9e4934] Receive server push request, request = NotifySubscriberRequest, requestId = 620
06:55:22.889 [nacos-grpc-client-executor-1529] INFO  c.a.n.c.r.client - [printIfInfoEnabled,60] - [419da3a2-c380-483c-ba72-277e1a9e4934] Ack server push request, request = NotifySubscriberRequest, requestId = 620
06:55:53.782 [SpringApplicationShutdownHook] INFO  c.a.c.n.r.NacosServiceRegistry - [deregister,94] - De-registering from Nacos Server now...
06:55:53.785 [SpringApplicationShutdownHook] INFO  c.a.c.n.r.NacosServiceRegistry - [deregister,114] - De-registration finished.
06:55:54.101 [SpringApplicationShutdownHook] INFO  c.a.n.c.r.client - [shutdown,454] - Shutdown rpc client, set status to shutdown
06:55:54.102 [SpringApplicationShutdownHook] INFO  c.a.n.c.r.client - [shutdown,456] - Shutdown client event executor java.util.concurrent.ScheduledThreadPoolExecutor@796fe93[Running, pool size = 2, active threads = 2, queued tasks = 0, completed tasks = 0]
06:55:54.102 [SpringApplicationShutdownHook] INFO  c.a.n.c.r.client - [closeConnection,591] - Close current connection 1683497007773_127.0.0.1_53496
06:55:54.104 [nacos-grpc-client-executor-1549] INFO  c.a.n.c.r.c.g.GrpcClient - [printIfInfoEnabled,60] - [1683497007773_127.0.0.1_53496]Ignore complete event,isRunning:false,isAbandon=false
06:55:54.112 [SpringApplicationShutdownHook] INFO  c.a.n.c.r.c.g.GrpcClient - [shutdown,85] - Shutdown grpc executor java.util.concurrent.ThreadPoolExecutor@5137bac8[Running, pool size = 4, active threads = 0, queued tasks = 0, completed tasks = 1566]
06:56:08.956 [background-preinit] INFO  o.h.v.i.util.Version - [<clinit>,21] - HV000001: Hibernate Validator 6.2.5.Final
06:56:09.653 [main] INFO  c.a.n.c.r.client - [lambda$createClient$0,80] - [RpcClientFactory] create a new rpc client of 9ab48db9-3a8d-4c8f-b4ae-b18651b53272_config-0
06:56:09.705 [main] INFO  o.r.Reflections - [scan,232] - Reflections took 33 ms to scan 1 urls, producing 3 keys and 6 values 
06:56:09.740 [main] INFO  o.r.Reflections - [scan,232] - Reflections took 16 ms to scan 1 urls, producing 4 keys and 9 values 
06:56:09.761 [main] INFO  o.r.Reflections - [scan,232] - Reflections took 18 ms to scan 1 urls, producing 3 keys and 10 values 
06:56:09.808 [main] INFO  o.r.Reflections - [scan,232] - Reflections took 42 ms to scan 1 urls, producing 1 keys and 5 values 
06:56:09.826 [main] INFO  o.r.Reflections - [scan,232] - Reflections took 15 ms to scan 1 urls, producing 1 keys and 7 values 
06:56:09.862 [main] INFO  o.r.Reflections - [scan,232] - Reflections took 28 ms to scan 1 urls, producing 2 keys and 8 values 
06:56:09.874 [main] INFO  c.a.n.c.r.client - [printIfInfoEnabled,60] - [9ab48db9-3a8d-4c8f-b4ae-b18651b53272_config-0] RpcClient init label, labels = {module=config, Vipserver-Tag=null, source=sdk, Amory-Tag=null, Location-Tag=null, taskId=0, AppName=unknown}
06:56:09.875 [main] INFO  c.a.n.c.r.client - [printIfInfoEnabled,60] - [9ab48db9-3a8d-4c8f-b4ae-b18651b53272_config-0] Register server push request handler:com.alibaba.nacos.client.config.impl.ClientWorker$ConfigRpcTransportClient$$Lambda$463/0x0000000800f3c990
06:56:09.876 [main] INFO  c.a.n.c.r.client - [printIfInfoEnabled,60] - [9ab48db9-3a8d-4c8f-b4ae-b18651b53272_config-0] Register server push request handler:com.alibaba.nacos.client.config.impl.ClientWorker$ConfigRpcTransportClient$$Lambda$464/0x0000000800f3cbb8
06:56:09.876 [main] INFO  c.a.n.c.r.client - [printIfInfoEnabled,60] - [9ab48db9-3a8d-4c8f-b4ae-b18651b53272_config-0] Registry connection listener to current client:com.alibaba.nacos.client.config.impl.ClientWorker$ConfigRpcTransportClient$1
06:56:09.877 [main] INFO  c.a.n.c.r.client - [printIfInfoEnabled,60] - [9ab48db9-3a8d-4c8f-b4ae-b18651b53272_config-0] RpcClient init, ServerListFactory = com.alibaba.nacos.client.config.impl.ClientWorker$ConfigRpcTransportClient$2
06:56:09.896 [main] INFO  c.a.n.c.r.client - [printIfInfoEnabled,60] - [9ab48db9-3a8d-4c8f-b4ae-b18651b53272_config-0] Try to connect to server on start up, server: {serverIp = '127.0.0.1', server main port = 8848}
06:56:10.643 [main] INFO  c.a.n.c.r.client - [printIfInfoEnabled,60] - [9ab48db9-3a8d-4c8f-b4ae-b18651b53272_config-0] Success to connect to server [127.0.0.1:8848] on start up, connectionId = 1683500170434_127.0.0.1_57633
06:56:10.644 [com.alibaba.nacos.client.remote.worker] INFO  c.a.n.c.r.client - [printIfInfoEnabled,60] - [9ab48db9-3a8d-4c8f-b4ae-b18651b53272_config-0] Notify connected event to listeners.
06:56:10.645 [main] INFO  c.a.n.c.r.client - [printIfInfoEnabled,60] - [9ab48db9-3a8d-4c8f-b4ae-b18651b53272_config-0] Register server push request handler:com.alibaba.nacos.common.remote.client.RpcClient$ConnectResetRequestHandler
06:56:10.645 [main] INFO  c.a.n.c.r.client - [printIfInfoEnabled,60] - [9ab48db9-3a8d-4c8f-b4ae-b18651b53272_config-0] Register server push request handler:com.alibaba.nacos.common.remote.client.RpcClient$$Lambda$475/0x000000080103d7d8
06:56:10.762 [main] INFO  c.c.g.RuoYiGatewayApplication - [logStartupProfileInfo,637] - The following 1 profile is active: "dev"
06:56:15.917 [main] INFO  c.a.c.s.g.s.SentinelSCGAutoConfiguration - [sentinelGatewayFilter,144] - [Sentinel SpringCloudGateway] register SentinelGatewayFilter with order: -2147483648
06:56:17.460 [main] INFO  c.a.c.s.g.s.SentinelSCGAutoConfiguration - [sentinelGatewayBlockExceptionHandler,134] - [Sentinel SpringCloudGateway] register SentinelGatewayBlockExceptionHandler
06:56:18.347 [main] INFO  c.a.n.c.r.client - [lambda$createClient$0,80] - [RpcClientFactory] create a new rpc client of f5898d86-d02e-4aef-be3e-68704da41233_config-0
06:56:18.347 [main] INFO  c.a.n.c.r.client - [printIfInfoEnabled,60] - [f5898d86-d02e-4aef-be3e-68704da41233_config-0] RpcClient init label, labels = {module=config, Vipserver-Tag=null, source=sdk, Amory-Tag=null, Location-Tag=null, taskId=0, AppName=unknown}
06:56:18.347 [main] INFO  c.a.n.c.r.client - [printIfInfoEnabled,60] - [f5898d86-d02e-4aef-be3e-68704da41233_config-0] Register server push request handler:com.alibaba.nacos.client.config.impl.ClientWorker$ConfigRpcTransportClient$$Lambda$463/0x0000000800f3c990
06:56:18.347 [main] INFO  c.a.n.c.r.client - [printIfInfoEnabled,60] - [f5898d86-d02e-4aef-be3e-68704da41233_config-0] Register server push request handler:com.alibaba.nacos.client.config.impl.ClientWorker$ConfigRpcTransportClient$$Lambda$464/0x0000000800f3cbb8
06:56:18.348 [main] INFO  c.a.n.c.r.client - [printIfInfoEnabled,60] - [f5898d86-d02e-4aef-be3e-68704da41233_config-0] Registry connection listener to current client:com.alibaba.nacos.client.config.impl.ClientWorker$ConfigRpcTransportClient$1
06:56:18.348 [main] INFO  c.a.n.c.r.client - [printIfInfoEnabled,60] - [f5898d86-d02e-4aef-be3e-68704da41233_config-0] RpcClient init, ServerListFactory = com.alibaba.nacos.client.config.impl.ClientWorker$ConfigRpcTransportClient$2
06:56:18.349 [main] INFO  c.a.n.c.r.client - [printIfInfoEnabled,60] - [f5898d86-d02e-4aef-be3e-68704da41233_config-0] Try to connect to server on start up, server: {serverIp = '127.0.0.1', server main port = 8848}
06:56:18.515 [main] INFO  c.a.n.c.r.client - [printIfInfoEnabled,60] - [f5898d86-d02e-4aef-be3e-68704da41233_config-0] Success to connect to server [127.0.0.1:8848] on start up, connectionId = 1683500178375_127.0.0.1_57747
06:56:18.515 [main] INFO  c.a.n.c.r.client - [printIfInfoEnabled,60] - [f5898d86-d02e-4aef-be3e-68704da41233_config-0] Register server push request handler:com.alibaba.nacos.common.remote.client.RpcClient$ConnectResetRequestHandler
06:56:18.515 [main] INFO  c.a.n.c.r.client - [printIfInfoEnabled,60] - [f5898d86-d02e-4aef-be3e-68704da41233_config-0] Register server push request handler:com.alibaba.nacos.common.remote.client.RpcClient$$Lambda$475/0x000000080103d7d8
06:56:18.516 [com.alibaba.nacos.client.remote.worker] INFO  c.a.n.c.r.client - [printIfInfoEnabled,60] - [f5898d86-d02e-4aef-be3e-68704da41233_config-0] Notify connected event to listeners.
06:56:18.677 [main] INFO  c.a.n.c.r.client - [lambda$createClient$0,80] - [RpcClientFactory] create a new rpc client of 36f1df06-dab9-4d23-a2c1-b77afbe32f96
06:56:18.677 [main] INFO  c.a.n.c.r.client - [printIfInfoEnabled,60] - [36f1df06-dab9-4d23-a2c1-b77afbe32f96] RpcClient init label, labels = {module=naming, source=sdk}
06:56:18.679 [main] INFO  c.a.n.c.r.client - [printIfInfoEnabled,60] - [36f1df06-dab9-4d23-a2c1-b77afbe32f96] RpcClient init, ServerListFactory = com.alibaba.nacos.client.naming.core.ServerListManager
06:56:18.679 [main] INFO  c.a.n.c.r.client - [printIfInfoEnabled,60] - [36f1df06-dab9-4d23-a2c1-b77afbe32f96] Registry connection listener to current client:com.alibaba.nacos.client.naming.remote.gprc.redo.NamingGrpcRedoService
06:56:18.680 [main] INFO  c.a.n.c.r.client - [printIfInfoEnabled,60] - [36f1df06-dab9-4d23-a2c1-b77afbe32f96] Register server push request handler:com.alibaba.nacos.client.naming.remote.gprc.NamingPushRequestHandler
06:56:18.680 [main] INFO  c.a.n.c.r.client - [printIfInfoEnabled,60] - [36f1df06-dab9-4d23-a2c1-b77afbe32f96] Try to connect to server on start up, server: {serverIp = '127.0.0.1', server main port = 8848}
06:56:18.821 [main] INFO  c.a.n.c.r.client - [printIfInfoEnabled,60] - [36f1df06-dab9-4d23-a2c1-b77afbe32f96] Success to connect to server [127.0.0.1:8848] on start up, connectionId = 1683500178697_127.0.0.1_57752
06:56:18.821 [com.alibaba.nacos.client.remote.worker] INFO  c.a.n.c.r.client - [printIfInfoEnabled,60] - [36f1df06-dab9-4d23-a2c1-b77afbe32f96] Notify connected event to listeners.
06:56:18.821 [main] INFO  c.a.n.c.r.client - [printIfInfoEnabled,60] - [36f1df06-dab9-4d23-a2c1-b77afbe32f96] Register server push request handler:com.alibaba.nacos.common.remote.client.RpcClient$ConnectResetRequestHandler
06:56:18.821 [main] INFO  c.a.n.c.r.client - [printIfInfoEnabled,60] - [36f1df06-dab9-4d23-a2c1-b77afbe32f96] Register server push request handler:com.alibaba.nacos.common.remote.client.RpcClient$$Lambda$475/0x000000080103d7d8
06:56:19.078 [main] INFO  c.a.c.n.r.NacosServiceRegistry - [register,75] - nacos registry, DEFAULT_GROUP cms-gateway 192.168.1.3:8080 register finished
06:56:19.197 [main] INFO  c.c.g.RuoYiGatewayApplication - [logStarted,61] - Started RuoYiGatewayApplication in 11.083 seconds (JVM running for 12.17)
06:56:19.204 [main] INFO  c.a.c.n.r.NacosContextRefresher - [registerNacosListener,129] - [Nacos Config] Listening config: dataId=cms-gateway, group=DEFAULT_GROUP
06:56:19.211 [main] INFO  c.a.c.n.r.NacosContextRefresher - [registerNacosListener,129] - [Nacos Config] Listening config: dataId=cms-gateway.yml, group=DEFAULT_GROUP
06:56:19.215 [main] INFO  c.a.c.n.r.NacosContextRefresher - [registerNacosListener,129] - [Nacos Config] Listening config: dataId=cms-gateway-dev.yml, group=DEFAULT_GROUP
06:56:19.423 [nacos-grpc-client-executor-62] INFO  c.a.n.c.r.client - [printIfInfoEnabled,60] - [36f1df06-dab9-4d23-a2c1-b77afbe32f96] Receive server push request, request = NotifySubscriberRequest, requestId = 630
06:56:19.430 [nacos-grpc-client-executor-62] INFO  c.a.n.c.r.client - [printIfInfoEnabled,60] - [36f1df06-dab9-4d23-a2c1-b77afbe32f96] Ack server push request, request = NotifySubscriberRequest, requestId = 630
06:56:19.500 [nacos-grpc-client-executor-63] INFO  c.a.n.c.r.client - [printIfInfoEnabled,60] - [36f1df06-dab9-4d23-a2c1-b77afbe32f96] Receive server push request, request = NotifySubscriberRequest, requestId = 633
06:56:19.501 [nacos-grpc-client-executor-63] INFO  c.a.n.c.r.client - [printIfInfoEnabled,60] - [36f1df06-dab9-4d23-a2c1-b77afbe32f96] Ack server push request, request = NotifySubscriberRequest, requestId = 633
06:56:19.503 [nacos-grpc-client-executor-0] INFO  c.a.n.c.r.client - [printIfInfoEnabled,60] - [36f1df06-dab9-4d23-a2c1-b77afbe32f96] Receive server push request, request = NotifySubscriberRequest, requestId = 631
06:56:19.503 [nacos-grpc-client-executor-0] INFO  c.a.n.c.r.client - [printIfInfoEnabled,60] - [36f1df06-dab9-4d23-a2c1-b77afbe32f96] Ack server push request, request = NotifySubscriberRequest, requestId = 631
06:56:19.505 [nacos-grpc-client-executor-1] INFO  c.a.n.c.r.client - [printIfInfoEnabled,60] - [36f1df06-dab9-4d23-a2c1-b77afbe32f96] Receive server push request, request = NotifySubscriberRequest, requestId = 632
06:56:19.505 [nacos-grpc-client-executor-1] INFO  c.a.n.c.r.client - [printIfInfoEnabled,60] - [36f1df06-dab9-4d23-a2c1-b77afbe32f96] Ack server push request, request = NotifySubscriberRequest, requestId = 632
06:56:19.507 [nacos-grpc-client-executor-2] INFO  c.a.n.c.r.client - [printIfInfoEnabled,60] - [36f1df06-dab9-4d23-a2c1-b77afbe32f96] Receive server push request, request = NotifySubscriberRequest, requestId = 634
06:56:19.508 [nacos-grpc-client-executor-2] INFO  c.a.n.c.r.client - [printIfInfoEnabled,60] - [36f1df06-dab9-4d23-a2c1-b77afbe32f96] Ack server push request, request = NotifySubscriberRequest, requestId = 634
06:56:19.604 [nacos-grpc-client-executor-3] INFO  c.a.n.c.r.client - [printIfInfoEnabled,60] - [36f1df06-dab9-4d23-a2c1-b77afbe32f96] Receive server push request, request = NotifySubscriberRequest, requestId = 636
06:56:19.604 [nacos-grpc-client-executor-3] INFO  c.a.n.c.r.client - [printIfInfoEnabled,60] - [36f1df06-dab9-4d23-a2c1-b77afbe32f96] Ack server push request, request = NotifySubscriberRequest, requestId = 636
06:56:19.607 [nacos-grpc-client-executor-4] INFO  c.a.n.c.r.client - [printIfInfoEnabled,60] - [36f1df06-dab9-4d23-a2c1-b77afbe32f96] Receive server push request, request = NotifySubscriberRequest, requestId = 635
06:56:19.607 [nacos-grpc-client-executor-4] INFO  c.a.n.c.r.client - [printIfInfoEnabled,60] - [36f1df06-dab9-4d23-a2c1-b77afbe32f96] Ack server push request, request = NotifySubscriberRequest, requestId = 635
06:56:25.016 [nacos-grpc-client-executor-31] INFO  c.a.n.c.r.client - [printIfInfoEnabled,60] - [36f1df06-dab9-4d23-a2c1-b77afbe32f96] Receive server push request, request = NotifySubscriberRequest, requestId = 637
06:56:25.017 [nacos-grpc-client-executor-31] INFO  c.a.n.c.r.client - [printIfInfoEnabled,60] - [36f1df06-dab9-4d23-a2c1-b77afbe32f96] Ack server push request, request = NotifySubscriberRequest, requestId = 637
06:56:27.280 [nacos-grpc-client-executor-34] INFO  c.a.n.c.r.client - [printIfInfoEnabled,60] - [36f1df06-dab9-4d23-a2c1-b77afbe32f96] Receive server push request, request = NotifySubscriberRequest, requestId = 639
06:56:27.282 [nacos-grpc-client-executor-34] INFO  c.a.n.c.r.client - [printIfInfoEnabled,60] - [36f1df06-dab9-4d23-a2c1-b77afbe32f96] Ack server push request, request = NotifySubscriberRequest, requestId = 639
06:56:29.017 [nacos-grpc-client-executor-37] INFO  c.a.n.c.r.client - [printIfInfoEnabled,60] - [36f1df06-dab9-4d23-a2c1-b77afbe32f96] Receive server push request, request = NotifySubscriberRequest, requestId = 648
06:56:29.018 [nacos-grpc-client-executor-37] INFO  c.a.n.c.r.client - [printIfInfoEnabled,60] - [36f1df06-dab9-4d23-a2c1-b77afbe32f96] Ack server push request, request = NotifySubscriberRequest, requestId = 648
07:00:34.190 [nacos-grpc-client-executor-204] INFO  c.a.n.c.r.client - [printIfInfoEnabled,60] - [36f1df06-dab9-4d23-a2c1-b77afbe32f96] Receive server push request, request = NotifySubscriberRequest, requestId = 650
07:00:34.198 [nacos-grpc-client-executor-204] INFO  c.a.n.c.r.client - [printIfInfoEnabled,60] - [36f1df06-dab9-4d23-a2c1-b77afbe32f96] Ack server push request, request = NotifySubscriberRequest, requestId = 650
07:00:34.600 [nacos-grpc-client-executor-205] INFO  c.a.n.c.r.client - [printIfInfoEnabled,60] - [36f1df06-dab9-4d23-a2c1-b77afbe32f96] Receive server push request, request = NotifySubscriberRequest, requestId = 651
07:00:34.607 [nacos-grpc-client-executor-205] INFO  c.a.n.c.r.client - [printIfInfoEnabled,60] - [36f1df06-dab9-4d23-a2c1-b77afbe32f96] Ack server push request, request = NotifySubscriberRequest, requestId = 651
07:00:43.284 [nacos-grpc-client-executor-207] INFO  c.a.n.c.r.client - [printIfInfoEnabled,60] - [36f1df06-dab9-4d23-a2c1-b77afbe32f96] Receive server push request, request = NotifySubscriberRequest, requestId = 652
07:00:43.288 [nacos-grpc-client-executor-207] INFO  c.a.n.c.r.client - [printIfInfoEnabled,60] - [36f1df06-dab9-4d23-a2c1-b77afbe32f96] Ack server push request, request = NotifySubscriberRequest, requestId = 652
07:00:49.868 [nacos-grpc-client-executor-212] INFO  c.a.n.c.r.client - [printIfInfoEnabled,60] - [36f1df06-dab9-4d23-a2c1-b77afbe32f96] Receive server push request, request = NotifySubscriberRequest, requestId = 661
07:00:49.871 [nacos-grpc-client-executor-212] INFO  c.a.n.c.r.client - [printIfInfoEnabled,60] - [36f1df06-dab9-4d23-a2c1-b77afbe32f96] Ack server push request, request = NotifySubscriberRequest, requestId = 661
07:51:49.559 [nacos-grpc-client-executor-1651] INFO  c.a.n.c.r.client - [printIfInfoEnabled,60] - [36f1df06-dab9-4d23-a2c1-b77afbe32f96] Receive server push request, request = NotifySubscriberRequest, requestId = 663
07:51:49.564 [nacos-grpc-client-executor-1651] INFO  c.a.n.c.r.client - [printIfInfoEnabled,60] - [36f1df06-dab9-4d23-a2c1-b77afbe32f96] Ack server push request, request = NotifySubscriberRequest, requestId = 663
07:52:04.318 [nacos-grpc-client-executor-1655] INFO  c.a.n.c.r.client - [printIfInfoEnabled,60] - [36f1df06-dab9-4d23-a2c1-b77afbe32f96] Receive server push request, request = NotifySubscriberRequest, requestId = 666
07:52:04.319 [nacos-grpc-client-executor-1655] INFO  c.a.n.c.r.client - [printIfInfoEnabled,60] - [36f1df06-dab9-4d23-a2c1-b77afbe32f96] Ack server push request, request = NotifySubscriberRequest, requestId = 666
07:53:26.956 [nacos-grpc-client-executor-1703] INFO  c.a.n.c.r.client - [printIfInfoEnabled,60] - [36f1df06-dab9-4d23-a2c1-b77afbe32f96] Receive server push request, request = NotifySubscriberRequest, requestId = 668
07:53:26.961 [nacos-grpc-client-executor-1703] INFO  c.a.n.c.r.client - [printIfInfoEnabled,60] - [36f1df06-dab9-4d23-a2c1-b77afbe32f96] Ack server push request, request = NotifySubscriberRequest, requestId = 668
07:53:40.102 [nacos-grpc-client-executor-1707] INFO  c.a.n.c.r.client - [printIfInfoEnabled,60] - [36f1df06-dab9-4d23-a2c1-b77afbe32f96] Receive server push request, request = NotifySubscriberRequest, requestId = 671
07:53:40.103 [nacos-grpc-client-executor-1707] INFO  c.a.n.c.r.client - [printIfInfoEnabled,60] - [36f1df06-dab9-4d23-a2c1-b77afbe32f96] Ack server push request, request = NotifySubscriberRequest, requestId = 671
08:12:08.686 [nacos-grpc-client-executor-2238] INFO  c.a.n.c.r.client - [printIfInfoEnabled,60] - [36f1df06-dab9-4d23-a2c1-b77afbe32f96] Receive server push request, request = NotifySubscriberRequest, requestId = 673
08:12:08.689 [nacos-grpc-client-executor-2238] INFO  c.a.n.c.r.client - [printIfInfoEnabled,60] - [36f1df06-dab9-4d23-a2c1-b77afbe32f96] Ack server push request, request = NotifySubscriberRequest, requestId = 673
08:12:23.408 [nacos-grpc-client-executor-2251] INFO  c.a.n.c.r.client - [printIfInfoEnabled,60] - [36f1df06-dab9-4d23-a2c1-b77afbe32f96] Receive server push request, request = NotifySubscriberRequest, requestId = 675
08:12:23.413 [nacos-grpc-client-executor-2251] INFO  c.a.n.c.r.client - [printIfInfoEnabled,60] - [36f1df06-dab9-4d23-a2c1-b77afbe32f96] Ack server push request, request = NotifySubscriberRequest, requestId = 675
08:25:06.178 [nacos-grpc-client-executor-2610] INFO  c.a.n.c.r.client - [printIfInfoEnabled,60] - [36f1df06-dab9-4d23-a2c1-b77afbe32f96] Receive server push request, request = NotifySubscriberRequest, requestId = 678
08:25:06.181 [nacos-grpc-client-executor-2610] INFO  c.a.n.c.r.client - [printIfInfoEnabled,60] - [36f1df06-dab9-4d23-a2c1-b77afbe32f96] Ack server push request, request = NotifySubscriberRequest, requestId = 678
08:25:22.238 [nacos-grpc-client-executor-2623] INFO  c.a.n.c.r.client - [printIfInfoEnabled,60] - [36f1df06-dab9-4d23-a2c1-b77afbe32f96] Receive server push request, request = NotifySubscriberRequest, requestId = 681
08:25:22.244 [nacos-grpc-client-executor-2623] INFO  c.a.n.c.r.client - [printIfInfoEnabled,60] - [36f1df06-dab9-4d23-a2c1-b77afbe32f96] Ack server push request, request = NotifySubscriberRequest, requestId = 681
