17:41:53.779 [SpringApplicationShutdownHook] INFO  c.a.c.n.r.NacosServiceRegistry - [deregister,94] - De-registering from Nacos Server now...
17:41:53.783 [SpringApplicationShutdownHook] INFO  c.a.c.n.r.NacosServiceRegistry - [deregister,114] - De-registration finished.
17:41:54.094 [SpringApplicationShutdownHook] INFO  c.a.n.c.r.client - [shutdown,454] - Shutdown rpc client, set status to shutdown
17:41:54.096 [SpringApplicationShutdownHook] INFO  c.a.n.c.r.client - [shutdown,456] - Shutdown client event executor java.util.concurrent.ScheduledThreadPoolExecutor@6060629e[Running, pool size = 2, active threads = 2, queued tasks = 0, completed tasks = 0]
17:41:54.098 [SpringApplicationShutdownHook] INFO  c.a.n.c.r.client - [closeConnection,591] - Close current connection 1684943106794_127.0.0.1_62347
17:41:54.105 [nacos-grpc-client-executor-5974] INFO  c.a.n.c.r.c.g.GrpcClient - [printIfInfoEnabled,60] - [1684943106794_127.0.0.1_62347]Ignore complete event,isRunning:false,isAbandon=false
17:41:54.124 [SpringApplicationShutdownHook] INFO  c.a.n.c.r.c.g.GrpcClient - [shutdown,85] - Shutdown grpc executor java.util.concurrent.ThreadPoolExecutor@41892b75[Running, pool size = 5, active threads = 0, queued tasks = 0, completed tasks = 5990]
17:42:10.925 [background-preinit] INFO  o.h.v.i.util.Version - [<clinit>,21] - HV000001: Hibernate Validator 6.2.5.Final
17:42:11.575 [main] INFO  c.a.n.c.r.client - [lambda$createClient$0,80] - [RpcClientFactory] create a new rpc client of e0c9d994-3524-4f4a-9454-68d76ffbe172_config-0
17:42:11.627 [main] INFO  o.r.Reflections - [scan,232] - Reflections took 35 ms to scan 1 urls, producing 3 keys and 6 values 
17:42:11.663 [main] INFO  o.r.Reflections - [scan,232] - Reflections took 20 ms to scan 1 urls, producing 4 keys and 9 values 
17:42:11.682 [main] INFO  o.r.Reflections - [scan,232] - Reflections took 16 ms to scan 1 urls, producing 3 keys and 10 values 
17:42:11.703 [main] INFO  o.r.Reflections - [scan,232] - Reflections took 16 ms to scan 1 urls, producing 1 keys and 5 values 
17:42:11.725 [main] INFO  o.r.Reflections - [scan,232] - Reflections took 19 ms to scan 1 urls, producing 1 keys and 7 values 
17:42:11.746 [main] INFO  o.r.Reflections - [scan,232] - Reflections took 18 ms to scan 1 urls, producing 2 keys and 8 values 
17:42:11.749 [main] INFO  c.a.n.c.r.client - [printIfInfoEnabled,60] - [e0c9d994-3524-4f4a-9454-68d76ffbe172_config-0] RpcClient init label, labels = {module=config, Vipserver-Tag=null, source=sdk, Amory-Tag=null, Location-Tag=null, taskId=0, AppName=unknown}
17:42:11.750 [main] INFO  c.a.n.c.r.client - [printIfInfoEnabled,60] - [e0c9d994-3524-4f4a-9454-68d76ffbe172_config-0] Register server push request handler:com.alibaba.nacos.client.config.impl.ClientWorker$ConfigRpcTransportClient$$Lambda$463/0x0000000800f1cc28
17:42:11.750 [main] INFO  c.a.n.c.r.client - [printIfInfoEnabled,60] - [e0c9d994-3524-4f4a-9454-68d76ffbe172_config-0] Register server push request handler:com.alibaba.nacos.client.config.impl.ClientWorker$ConfigRpcTransportClient$$Lambda$464/0x0000000800f1ce50
17:42:11.751 [main] INFO  c.a.n.c.r.client - [printIfInfoEnabled,60] - [e0c9d994-3524-4f4a-9454-68d76ffbe172_config-0] Registry connection listener to current client:com.alibaba.nacos.client.config.impl.ClientWorker$ConfigRpcTransportClient$1
17:42:11.751 [main] INFO  c.a.n.c.r.client - [printIfInfoEnabled,60] - [e0c9d994-3524-4f4a-9454-68d76ffbe172_config-0] RpcClient init, ServerListFactory = com.alibaba.nacos.client.config.impl.ClientWorker$ConfigRpcTransportClient$2
17:42:11.758 [main] INFO  c.a.n.c.r.client - [printIfInfoEnabled,60] - [e0c9d994-3524-4f4a-9454-68d76ffbe172_config-0] Try to connect to server on start up, server: {serverIp = '127.0.0.1', server main port = 8848}
17:42:12.459 [main] INFO  c.a.n.c.r.client - [printIfInfoEnabled,60] - [e0c9d994-3524-4f4a-9454-68d76ffbe172_config-0] Success to connect to server [127.0.0.1:8848] on start up, connectionId = 1685007732222_127.0.0.1_52201
17:42:12.460 [com.alibaba.nacos.client.remote.worker] INFO  c.a.n.c.r.client - [printIfInfoEnabled,60] - [e0c9d994-3524-4f4a-9454-68d76ffbe172_config-0] Notify connected event to listeners.
17:42:12.460 [main] INFO  c.a.n.c.r.client - [printIfInfoEnabled,60] - [e0c9d994-3524-4f4a-9454-68d76ffbe172_config-0] Register server push request handler:com.alibaba.nacos.common.remote.client.RpcClient$ConnectResetRequestHandler
17:42:12.461 [main] INFO  c.a.n.c.r.client - [printIfInfoEnabled,60] - [e0c9d994-3524-4f4a-9454-68d76ffbe172_config-0] Register server push request handler:com.alibaba.nacos.common.remote.client.RpcClient$$Lambda$475/0x000000080101cba8
17:42:12.615 [main] INFO  c.c.g.RuoYiGatewayApplication - [logStartupProfileInfo,637] - The following 1 profile is active: "dev"
17:42:18.881 [main] INFO  c.a.c.s.g.s.SentinelSCGAutoConfiguration - [sentinelGatewayFilter,144] - [Sentinel SpringCloudGateway] register SentinelGatewayFilter with order: -2147483648
17:42:19.641 [main] INFO  c.a.c.s.g.s.SentinelSCGAutoConfiguration - [sentinelGatewayBlockExceptionHandler,134] - [Sentinel SpringCloudGateway] register SentinelGatewayBlockExceptionHandler
17:42:20.215 [main] INFO  c.a.n.c.r.client - [lambda$createClient$0,80] - [RpcClientFactory] create a new rpc client of 9779d4af-0bfe-428b-9a3c-0a34352941e8_config-0
17:42:20.216 [main] INFO  c.a.n.c.r.client - [printIfInfoEnabled,60] - [9779d4af-0bfe-428b-9a3c-0a34352941e8_config-0] RpcClient init label, labels = {module=config, Vipserver-Tag=null, source=sdk, Amory-Tag=null, Location-Tag=null, taskId=0, AppName=unknown}
17:42:20.216 [main] INFO  c.a.n.c.r.client - [printIfInfoEnabled,60] - [9779d4af-0bfe-428b-9a3c-0a34352941e8_config-0] Register server push request handler:com.alibaba.nacos.client.config.impl.ClientWorker$ConfigRpcTransportClient$$Lambda$463/0x0000000800f1cc28
17:42:20.216 [main] INFO  c.a.n.c.r.client - [printIfInfoEnabled,60] - [9779d4af-0bfe-428b-9a3c-0a34352941e8_config-0] Register server push request handler:com.alibaba.nacos.client.config.impl.ClientWorker$ConfigRpcTransportClient$$Lambda$464/0x0000000800f1ce50
17:42:20.216 [main] INFO  c.a.n.c.r.client - [printIfInfoEnabled,60] - [9779d4af-0bfe-428b-9a3c-0a34352941e8_config-0] Registry connection listener to current client:com.alibaba.nacos.client.config.impl.ClientWorker$ConfigRpcTransportClient$1
17:42:20.216 [main] INFO  c.a.n.c.r.client - [printIfInfoEnabled,60] - [9779d4af-0bfe-428b-9a3c-0a34352941e8_config-0] RpcClient init, ServerListFactory = com.alibaba.nacos.client.config.impl.ClientWorker$ConfigRpcTransportClient$2
17:42:20.217 [main] INFO  c.a.n.c.r.client - [printIfInfoEnabled,60] - [9779d4af-0bfe-428b-9a3c-0a34352941e8_config-0] Try to connect to server on start up, server: {serverIp = '127.0.0.1', server main port = 8848}
17:42:20.353 [main] INFO  c.a.n.c.r.client - [printIfInfoEnabled,60] - [9779d4af-0bfe-428b-9a3c-0a34352941e8_config-0] Success to connect to server [127.0.0.1:8848] on start up, connectionId = 1685007740238_127.0.0.1_52234
17:42:20.354 [com.alibaba.nacos.client.remote.worker] INFO  c.a.n.c.r.client - [printIfInfoEnabled,60] - [9779d4af-0bfe-428b-9a3c-0a34352941e8_config-0] Notify connected event to listeners.
17:42:20.354 [main] INFO  c.a.n.c.r.client - [printIfInfoEnabled,60] - [9779d4af-0bfe-428b-9a3c-0a34352941e8_config-0] Register server push request handler:com.alibaba.nacos.common.remote.client.RpcClient$ConnectResetRequestHandler
17:42:20.355 [main] INFO  c.a.n.c.r.client - [printIfInfoEnabled,60] - [9779d4af-0bfe-428b-9a3c-0a34352941e8_config-0] Register server push request handler:com.alibaba.nacos.common.remote.client.RpcClient$$Lambda$475/0x000000080101cba8
17:42:20.493 [main] INFO  c.a.n.c.r.client - [lambda$createClient$0,80] - [RpcClientFactory] create a new rpc client of e8b69e46-eb38-4979-8e39-b334527bfff7
17:42:20.493 [main] INFO  c.a.n.c.r.client - [printIfInfoEnabled,60] - [e8b69e46-eb38-4979-8e39-b334527bfff7] RpcClient init label, labels = {module=naming, source=sdk}
17:42:20.495 [main] INFO  c.a.n.c.r.client - [printIfInfoEnabled,60] - [e8b69e46-eb38-4979-8e39-b334527bfff7] RpcClient init, ServerListFactory = com.alibaba.nacos.client.naming.core.ServerListManager
17:42:20.496 [main] INFO  c.a.n.c.r.client - [printIfInfoEnabled,60] - [e8b69e46-eb38-4979-8e39-b334527bfff7] Registry connection listener to current client:com.alibaba.nacos.client.naming.remote.gprc.redo.NamingGrpcRedoService
17:42:20.497 [main] INFO  c.a.n.c.r.client - [printIfInfoEnabled,60] - [e8b69e46-eb38-4979-8e39-b334527bfff7] Register server push request handler:com.alibaba.nacos.client.naming.remote.gprc.NamingPushRequestHandler
17:42:20.499 [main] INFO  c.a.n.c.r.client - [printIfInfoEnabled,60] - [e8b69e46-eb38-4979-8e39-b334527bfff7] Try to connect to server on start up, server: {serverIp = '127.0.0.1', server main port = 8848}
17:42:20.641 [main] INFO  c.a.n.c.r.client - [printIfInfoEnabled,60] - [e8b69e46-eb38-4979-8e39-b334527bfff7] Success to connect to server [127.0.0.1:8848] on start up, connectionId = 1685007740516_127.0.0.1_52236
17:42:20.641 [main] INFO  c.a.n.c.r.client - [printIfInfoEnabled,60] - [e8b69e46-eb38-4979-8e39-b334527bfff7] Register server push request handler:com.alibaba.nacos.common.remote.client.RpcClient$ConnectResetRequestHandler
17:42:20.641 [main] INFO  c.a.n.c.r.client - [printIfInfoEnabled,60] - [e8b69e46-eb38-4979-8e39-b334527bfff7] Register server push request handler:com.alibaba.nacos.common.remote.client.RpcClient$$Lambda$475/0x000000080101cba8
17:42:20.641 [com.alibaba.nacos.client.remote.worker] INFO  c.a.n.c.r.client - [printIfInfoEnabled,60] - [e8b69e46-eb38-4979-8e39-b334527bfff7] Notify connected event to listeners.
17:42:20.918 [main] INFO  c.a.c.n.r.NacosServiceRegistry - [register,75] - nacos registry, DEFAULT_GROUP cms-gateway 192.168.1.4:8080 register finished
17:42:20.979 [main] INFO  c.c.g.RuoYiGatewayApplication - [logStarted,61] - Started RuoYiGatewayApplication in 10.821 seconds (JVM running for 12.372)
17:42:20.985 [main] INFO  c.a.c.n.r.NacosContextRefresher - [registerNacosListener,129] - [Nacos Config] Listening config: dataId=cms-gateway, group=DEFAULT_GROUP
17:42:20.985 [main] INFO  c.a.c.n.r.NacosContextRefresher - [registerNacosListener,129] - [Nacos Config] Listening config: dataId=cms-gateway.yml, group=DEFAULT_GROUP
17:42:20.986 [main] INFO  c.a.c.n.r.NacosContextRefresher - [registerNacosListener,129] - [Nacos Config] Listening config: dataId=cms-gateway-dev.yml, group=DEFAULT_GROUP
17:42:21.022 [nacos-grpc-client-executor-52] INFO  c.a.n.c.r.client - [printIfInfoEnabled,60] - [e8b69e46-eb38-4979-8e39-b334527bfff7] Receive server push request, request = NotifySubscriberRequest, requestId = 145
17:42:21.025 [nacos-grpc-client-executor-52] INFO  c.a.n.c.r.client - [printIfInfoEnabled,60] - [e8b69e46-eb38-4979-8e39-b334527bfff7] Ack server push request, request = NotifySubscriberRequest, requestId = 145
17:42:21.221 [nacos-grpc-client-executor-53] INFO  c.a.n.c.r.client - [printIfInfoEnabled,60] - [e8b69e46-eb38-4979-8e39-b334527bfff7] Receive server push request, request = NotifySubscriberRequest, requestId = 146
17:42:21.223 [nacos-grpc-client-executor-53] INFO  c.a.n.c.r.client - [printIfInfoEnabled,60] - [e8b69e46-eb38-4979-8e39-b334527bfff7] Ack server push request, request = NotifySubscriberRequest, requestId = 146
17:42:21.324 [nacos-grpc-client-executor-56] INFO  c.a.n.c.r.client - [printIfInfoEnabled,60] - [e8b69e46-eb38-4979-8e39-b334527bfff7] Receive server push request, request = NotifySubscriberRequest, requestId = 147
17:42:21.343 [nacos-grpc-client-executor-56] INFO  c.a.n.c.r.client - [printIfInfoEnabled,60] - [e8b69e46-eb38-4979-8e39-b334527bfff7] Ack server push request, request = NotifySubscriberRequest, requestId = 147
17:42:21.419 [nacos-grpc-client-executor-57] INFO  c.a.n.c.r.client - [printIfInfoEnabled,60] - [e8b69e46-eb38-4979-8e39-b334527bfff7] Receive server push request, request = NotifySubscriberRequest, requestId = 149
17:42:21.420 [nacos-grpc-client-executor-57] INFO  c.a.n.c.r.client - [printIfInfoEnabled,60] - [e8b69e46-eb38-4979-8e39-b334527bfff7] Ack server push request, request = NotifySubscriberRequest, requestId = 149
17:42:21.426 [nacos-grpc-client-executor-58] INFO  c.a.n.c.r.client - [printIfInfoEnabled,60] - [e8b69e46-eb38-4979-8e39-b334527bfff7] Receive server push request, request = NotifySubscriberRequest, requestId = 150
17:42:21.428 [nacos-grpc-client-executor-58] INFO  c.a.n.c.r.client - [printIfInfoEnabled,60] - [e8b69e46-eb38-4979-8e39-b334527bfff7] Ack server push request, request = NotifySubscriberRequest, requestId = 150
17:42:21.433 [nacos-grpc-client-executor-59] INFO  c.a.n.c.r.client - [printIfInfoEnabled,60] - [e8b69e46-eb38-4979-8e39-b334527bfff7] Receive server push request, request = NotifySubscriberRequest, requestId = 148
17:42:21.433 [nacos-grpc-client-executor-59] INFO  c.a.n.c.r.client - [printIfInfoEnabled,60] - [e8b69e46-eb38-4979-8e39-b334527bfff7] Ack server push request, request = NotifySubscriberRequest, requestId = 148
17:42:26.126 [nacos-grpc-client-executor-16] INFO  c.a.n.c.r.client - [printIfInfoEnabled,60] - [e8b69e46-eb38-4979-8e39-b334527bfff7] Receive server push request, request = NotifySubscriberRequest, requestId = 152
17:42:26.128 [nacos-grpc-client-executor-16] INFO  c.a.n.c.r.client - [printIfInfoEnabled,60] - [e8b69e46-eb38-4979-8e39-b334527bfff7] Ack server push request, request = NotifySubscriberRequest, requestId = 152
17:42:27.956 [nacos-grpc-client-executor-20] INFO  c.a.n.c.r.client - [printIfInfoEnabled,60] - [e8b69e46-eb38-4979-8e39-b334527bfff7] Receive server push request, request = NotifySubscriberRequest, requestId = 160
17:42:27.959 [nacos-grpc-client-executor-20] INFO  c.a.n.c.r.client - [printIfInfoEnabled,60] - [e8b69e46-eb38-4979-8e39-b334527bfff7] Ack server push request, request = NotifySubscriberRequest, requestId = 160
17:53:29.059 [SpringApplicationShutdownHook] INFO  c.a.c.n.r.NacosServiceRegistry - [deregister,94] - De-registering from Nacos Server now...
17:53:29.062 [SpringApplicationShutdownHook] INFO  c.a.c.n.r.NacosServiceRegistry - [deregister,114] - De-registration finished.
17:53:29.374 [SpringApplicationShutdownHook] INFO  c.a.n.c.r.client - [shutdown,454] - Shutdown rpc client, set status to shutdown
17:53:29.374 [SpringApplicationShutdownHook] INFO  c.a.n.c.r.client - [shutdown,456] - Shutdown client event executor java.util.concurrent.ScheduledThreadPoolExecutor@739a3185[Running, pool size = 2, active threads = 2, queued tasks = 0, completed tasks = 0]
17:53:29.374 [SpringApplicationShutdownHook] INFO  c.a.n.c.r.client - [closeConnection,591] - Close current connection 1685007740516_127.0.0.1_52236
17:53:29.377 [nacos-grpc-client-executor-394] INFO  c.a.n.c.r.c.g.GrpcClient - [printIfInfoEnabled,60] - [1685007740516_127.0.0.1_52236]Ignore complete event,isRunning:false,isAbandon=false
17:53:29.379 [SpringApplicationShutdownHook] INFO  c.a.n.c.r.c.g.GrpcClient - [shutdown,85] - Shutdown grpc executor java.util.concurrent.ThreadPoolExecutor@3d3f219[Running, pool size = 16, active threads = 0, queued tasks = 0, completed tasks = 416]
17:53:44.846 [background-preinit] INFO  o.h.v.i.util.Version - [<clinit>,21] - HV000001: Hibernate Validator 6.2.5.Final
17:53:45.442 [main] INFO  c.a.n.c.r.client - [lambda$createClient$0,80] - [RpcClientFactory] create a new rpc client of daf1403b-009b-4731-b0e8-b287f921802d_config-0
17:53:45.502 [main] INFO  o.r.Reflections - [scan,232] - Reflections took 39 ms to scan 1 urls, producing 3 keys and 6 values 
17:53:45.538 [main] INFO  o.r.Reflections - [scan,232] - Reflections took 18 ms to scan 1 urls, producing 4 keys and 9 values 
17:53:45.558 [main] INFO  o.r.Reflections - [scan,232] - Reflections took 15 ms to scan 1 urls, producing 3 keys and 10 values 
17:53:45.578 [main] INFO  o.r.Reflections - [scan,232] - Reflections took 16 ms to scan 1 urls, producing 1 keys and 5 values 
17:53:45.624 [main] INFO  o.r.Reflections - [scan,232] - Reflections took 42 ms to scan 1 urls, producing 1 keys and 7 values 
17:53:45.643 [main] INFO  o.r.Reflections - [scan,232] - Reflections took 14 ms to scan 1 urls, producing 2 keys and 8 values 
17:53:45.648 [main] INFO  c.a.n.c.r.client - [printIfInfoEnabled,60] - [daf1403b-009b-4731-b0e8-b287f921802d_config-0] RpcClient init label, labels = {module=config, Vipserver-Tag=null, source=sdk, Amory-Tag=null, Location-Tag=null, taskId=0, AppName=unknown}
17:53:45.650 [main] INFO  c.a.n.c.r.client - [printIfInfoEnabled,60] - [daf1403b-009b-4731-b0e8-b287f921802d_config-0] Register server push request handler:com.alibaba.nacos.client.config.impl.ClientWorker$ConfigRpcTransportClient$$Lambda$463/0x0000000800f3d388
17:53:45.650 [main] INFO  c.a.n.c.r.client - [printIfInfoEnabled,60] - [daf1403b-009b-4731-b0e8-b287f921802d_config-0] Register server push request handler:com.alibaba.nacos.client.config.impl.ClientWorker$ConfigRpcTransportClient$$Lambda$464/0x0000000800f3d5b0
17:53:45.651 [main] INFO  c.a.n.c.r.client - [printIfInfoEnabled,60] - [daf1403b-009b-4731-b0e8-b287f921802d_config-0] Registry connection listener to current client:com.alibaba.nacos.client.config.impl.ClientWorker$ConfigRpcTransportClient$1
17:53:45.652 [main] INFO  c.a.n.c.r.client - [printIfInfoEnabled,60] - [daf1403b-009b-4731-b0e8-b287f921802d_config-0] RpcClient init, ServerListFactory = com.alibaba.nacos.client.config.impl.ClientWorker$ConfigRpcTransportClient$2
17:53:45.662 [main] INFO  c.a.n.c.r.client - [printIfInfoEnabled,60] - [daf1403b-009b-4731-b0e8-b287f921802d_config-0] Try to connect to server on start up, server: {serverIp = '127.0.0.1', server main port = 8848}
17:53:46.380 [main] INFO  c.a.n.c.r.client - [printIfInfoEnabled,60] - [daf1403b-009b-4731-b0e8-b287f921802d_config-0] Success to connect to server [127.0.0.1:8848] on start up, connectionId = 1685008426153_127.0.0.1_52862
17:53:46.381 [com.alibaba.nacos.client.remote.worker] INFO  c.a.n.c.r.client - [printIfInfoEnabled,60] - [daf1403b-009b-4731-b0e8-b287f921802d_config-0] Notify connected event to listeners.
17:53:46.381 [main] INFO  c.a.n.c.r.client - [printIfInfoEnabled,60] - [daf1403b-009b-4731-b0e8-b287f921802d_config-0] Register server push request handler:com.alibaba.nacos.common.remote.client.RpcClient$ConnectResetRequestHandler
17:53:46.381 [main] INFO  c.a.n.c.r.client - [printIfInfoEnabled,60] - [daf1403b-009b-4731-b0e8-b287f921802d_config-0] Register server push request handler:com.alibaba.nacos.common.remote.client.RpcClient$$Lambda$475/0x000000080103e0e8
17:53:46.464 [main] INFO  c.c.g.RuoYiGatewayApplication - [logStartupProfileInfo,637] - The following 1 profile is active: "dev"
17:53:52.182 [main] INFO  c.a.c.s.g.s.SentinelSCGAutoConfiguration - [sentinelGatewayFilter,144] - [Sentinel SpringCloudGateway] register SentinelGatewayFilter with order: -2147483648
17:53:53.153 [main] INFO  c.a.c.s.g.s.SentinelSCGAutoConfiguration - [sentinelGatewayBlockExceptionHandler,134] - [Sentinel SpringCloudGateway] register SentinelGatewayBlockExceptionHandler
17:53:53.678 [main] INFO  c.a.n.c.r.client - [lambda$createClient$0,80] - [RpcClientFactory] create a new rpc client of cbd29e82-b180-45b8-8fee-79a801bd6c67_config-0
17:53:53.678 [main] INFO  c.a.n.c.r.client - [printIfInfoEnabled,60] - [cbd29e82-b180-45b8-8fee-79a801bd6c67_config-0] RpcClient init label, labels = {module=config, Vipserver-Tag=null, source=sdk, Amory-Tag=null, Location-Tag=null, taskId=0, AppName=unknown}
17:53:53.678 [main] INFO  c.a.n.c.r.client - [printIfInfoEnabled,60] - [cbd29e82-b180-45b8-8fee-79a801bd6c67_config-0] Register server push request handler:com.alibaba.nacos.client.config.impl.ClientWorker$ConfigRpcTransportClient$$Lambda$463/0x0000000800f3d388
17:53:53.679 [main] INFO  c.a.n.c.r.client - [printIfInfoEnabled,60] - [cbd29e82-b180-45b8-8fee-79a801bd6c67_config-0] Register server push request handler:com.alibaba.nacos.client.config.impl.ClientWorker$ConfigRpcTransportClient$$Lambda$464/0x0000000800f3d5b0
17:53:53.679 [main] INFO  c.a.n.c.r.client - [printIfInfoEnabled,60] - [cbd29e82-b180-45b8-8fee-79a801bd6c67_config-0] Registry connection listener to current client:com.alibaba.nacos.client.config.impl.ClientWorker$ConfigRpcTransportClient$1
17:53:53.679 [main] INFO  c.a.n.c.r.client - [printIfInfoEnabled,60] - [cbd29e82-b180-45b8-8fee-79a801bd6c67_config-0] RpcClient init, ServerListFactory = com.alibaba.nacos.client.config.impl.ClientWorker$ConfigRpcTransportClient$2
17:53:53.680 [main] INFO  c.a.n.c.r.client - [printIfInfoEnabled,60] - [cbd29e82-b180-45b8-8fee-79a801bd6c67_config-0] Try to connect to server on start up, server: {serverIp = '127.0.0.1', server main port = 8848}
17:53:53.814 [main] INFO  c.a.n.c.r.client - [printIfInfoEnabled,60] - [cbd29e82-b180-45b8-8fee-79a801bd6c67_config-0] Success to connect to server [127.0.0.1:8848] on start up, connectionId = 1685008433696_127.0.0.1_52878
17:53:53.815 [main] INFO  c.a.n.c.r.client - [printIfInfoEnabled,60] - [cbd29e82-b180-45b8-8fee-79a801bd6c67_config-0] Register server push request handler:com.alibaba.nacos.common.remote.client.RpcClient$ConnectResetRequestHandler
17:53:53.815 [main] INFO  c.a.n.c.r.client - [printIfInfoEnabled,60] - [cbd29e82-b180-45b8-8fee-79a801bd6c67_config-0] Register server push request handler:com.alibaba.nacos.common.remote.client.RpcClient$$Lambda$475/0x000000080103e0e8
17:53:53.815 [com.alibaba.nacos.client.remote.worker] INFO  c.a.n.c.r.client - [printIfInfoEnabled,60] - [cbd29e82-b180-45b8-8fee-79a801bd6c67_config-0] Notify connected event to listeners.
17:53:53.959 [main] INFO  c.a.n.c.r.client - [lambda$createClient$0,80] - [RpcClientFactory] create a new rpc client of 43f39315-2894-40d1-a54d-b292ebb0cdc8
17:53:53.959 [main] INFO  c.a.n.c.r.client - [printIfInfoEnabled,60] - [43f39315-2894-40d1-a54d-b292ebb0cdc8] RpcClient init label, labels = {module=naming, source=sdk}
17:53:53.962 [main] INFO  c.a.n.c.r.client - [printIfInfoEnabled,60] - [43f39315-2894-40d1-a54d-b292ebb0cdc8] RpcClient init, ServerListFactory = com.alibaba.nacos.client.naming.core.ServerListManager
17:53:53.962 [main] INFO  c.a.n.c.r.client - [printIfInfoEnabled,60] - [43f39315-2894-40d1-a54d-b292ebb0cdc8] Registry connection listener to current client:com.alibaba.nacos.client.naming.remote.gprc.redo.NamingGrpcRedoService
17:53:53.963 [main] INFO  c.a.n.c.r.client - [printIfInfoEnabled,60] - [43f39315-2894-40d1-a54d-b292ebb0cdc8] Register server push request handler:com.alibaba.nacos.client.naming.remote.gprc.NamingPushRequestHandler
17:53:53.964 [main] INFO  c.a.n.c.r.client - [printIfInfoEnabled,60] - [43f39315-2894-40d1-a54d-b292ebb0cdc8] Try to connect to server on start up, server: {serverIp = '127.0.0.1', server main port = 8848}
17:53:54.112 [main] INFO  c.a.n.c.r.client - [printIfInfoEnabled,60] - [43f39315-2894-40d1-a54d-b292ebb0cdc8] Success to connect to server [127.0.0.1:8848] on start up, connectionId = 1685008433983_127.0.0.1_52881
17:53:54.112 [main] INFO  c.a.n.c.r.client - [printIfInfoEnabled,60] - [43f39315-2894-40d1-a54d-b292ebb0cdc8] Register server push request handler:com.alibaba.nacos.common.remote.client.RpcClient$ConnectResetRequestHandler
17:53:54.112 [com.alibaba.nacos.client.remote.worker] INFO  c.a.n.c.r.client - [printIfInfoEnabled,60] - [43f39315-2894-40d1-a54d-b292ebb0cdc8] Notify connected event to listeners.
17:53:54.113 [main] INFO  c.a.n.c.r.client - [printIfInfoEnabled,60] - [43f39315-2894-40d1-a54d-b292ebb0cdc8] Register server push request handler:com.alibaba.nacos.common.remote.client.RpcClient$$Lambda$475/0x000000080103e0e8
17:53:54.264 [main] INFO  c.a.c.n.r.NacosServiceRegistry - [register,75] - nacos registry, DEFAULT_GROUP cms-gateway 192.168.1.4:8080 register finished
17:53:54.443 [main] INFO  c.c.g.RuoYiGatewayApplication - [logStarted,61] - Started RuoYiGatewayApplication in 10.235 seconds (JVM running for 11.489)
17:53:54.449 [main] INFO  c.a.c.n.r.NacosContextRefresher - [registerNacosListener,129] - [Nacos Config] Listening config: dataId=cms-gateway, group=DEFAULT_GROUP
17:53:54.450 [main] INFO  c.a.c.n.r.NacosContextRefresher - [registerNacosListener,129] - [Nacos Config] Listening config: dataId=cms-gateway.yml, group=DEFAULT_GROUP
17:53:54.451 [main] INFO  c.a.c.n.r.NacosContextRefresher - [registerNacosListener,129] - [Nacos Config] Listening config: dataId=cms-gateway-dev.yml, group=DEFAULT_GROUP
17:53:54.482 [nacos-grpc-client-executor-44] INFO  c.a.n.c.r.client - [printIfInfoEnabled,60] - [43f39315-2894-40d1-a54d-b292ebb0cdc8] Receive server push request, request = NotifySubscriberRequest, requestId = 169
17:53:54.485 [nacos-grpc-client-executor-44] INFO  c.a.n.c.r.client - [printIfInfoEnabled,60] - [43f39315-2894-40d1-a54d-b292ebb0cdc8] Ack server push request, request = NotifySubscriberRequest, requestId = 169
17:53:54.680 [nacos-grpc-client-executor-45] INFO  c.a.n.c.r.client - [printIfInfoEnabled,60] - [43f39315-2894-40d1-a54d-b292ebb0cdc8] Receive server push request, request = NotifySubscriberRequest, requestId = 170
17:53:54.681 [nacos-grpc-client-executor-45] INFO  c.a.n.c.r.client - [printIfInfoEnabled,60] - [43f39315-2894-40d1-a54d-b292ebb0cdc8] Ack server push request, request = NotifySubscriberRequest, requestId = 170
17:53:54.795 [nacos-grpc-client-executor-48] INFO  c.a.n.c.r.client - [printIfInfoEnabled,60] - [43f39315-2894-40d1-a54d-b292ebb0cdc8] Receive server push request, request = NotifySubscriberRequest, requestId = 172
17:53:54.798 [nacos-grpc-client-executor-48] INFO  c.a.n.c.r.client - [printIfInfoEnabled,60] - [43f39315-2894-40d1-a54d-b292ebb0cdc8] Ack server push request, request = NotifySubscriberRequest, requestId = 172
17:53:54.800 [nacos-grpc-client-executor-49] INFO  c.a.n.c.r.client - [printIfInfoEnabled,60] - [43f39315-2894-40d1-a54d-b292ebb0cdc8] Receive server push request, request = NotifySubscriberRequest, requestId = 173
17:53:54.801 [nacos-grpc-client-executor-49] INFO  c.a.n.c.r.client - [printIfInfoEnabled,60] - [43f39315-2894-40d1-a54d-b292ebb0cdc8] Ack server push request, request = NotifySubscriberRequest, requestId = 173
17:53:54.803 [nacos-grpc-client-executor-50] INFO  c.a.n.c.r.client - [printIfInfoEnabled,60] - [43f39315-2894-40d1-a54d-b292ebb0cdc8] Receive server push request, request = NotifySubscriberRequest, requestId = 171
17:53:54.807 [nacos-grpc-client-executor-50] INFO  c.a.n.c.r.client - [printIfInfoEnabled,60] - [43f39315-2894-40d1-a54d-b292ebb0cdc8] Ack server push request, request = NotifySubscriberRequest, requestId = 171
17:53:54.879 [nacos-grpc-client-executor-51] INFO  c.a.n.c.r.client - [printIfInfoEnabled,60] - [43f39315-2894-40d1-a54d-b292ebb0cdc8] Receive server push request, request = NotifySubscriberRequest, requestId = 174
17:53:54.880 [nacos-grpc-client-executor-51] INFO  c.a.n.c.r.client - [printIfInfoEnabled,60] - [43f39315-2894-40d1-a54d-b292ebb0cdc8] Ack server push request, request = NotifySubscriberRequest, requestId = 174
17:53:58.266 [nacos-grpc-client-executor-7] INFO  c.a.n.c.r.client - [printIfInfoEnabled,60] - [43f39315-2894-40d1-a54d-b292ebb0cdc8] Receive server push request, request = NotifySubscriberRequest, requestId = 176
17:53:58.268 [nacos-grpc-client-executor-7] INFO  c.a.n.c.r.client - [printIfInfoEnabled,60] - [43f39315-2894-40d1-a54d-b292ebb0cdc8] Ack server push request, request = NotifySubscriberRequest, requestId = 176
17:54:00.098 [nacos-grpc-client-executor-11] INFO  c.a.n.c.r.client - [printIfInfoEnabled,60] - [43f39315-2894-40d1-a54d-b292ebb0cdc8] Receive server push request, request = NotifySubscriberRequest, requestId = 183
17:54:00.100 [nacos-grpc-client-executor-11] INFO  c.a.n.c.r.client - [printIfInfoEnabled,60] - [43f39315-2894-40d1-a54d-b292ebb0cdc8] Ack server push request, request = NotifySubscriberRequest, requestId = 183
19:55:37.322 [nacos-grpc-client-executor-1012] INFO  c.a.n.c.r.client - [printIfInfoEnabled,60] - [43f39315-2894-40d1-a54d-b292ebb0cdc8] Receive server push request, request = NotifySubscriberRequest, requestId = 186
19:55:37.330 [nacos-grpc-client-executor-1012] INFO  c.a.n.c.r.client - [printIfInfoEnabled,60] - [43f39315-2894-40d1-a54d-b292ebb0cdc8] Ack server push request, request = NotifySubscriberRequest, requestId = 186
19:55:50.640 [nacos-grpc-client-executor-1030] INFO  c.a.n.c.r.client - [printIfInfoEnabled,60] - [43f39315-2894-40d1-a54d-b292ebb0cdc8] Receive server push request, request = NotifySubscriberRequest, requestId = 189
19:55:50.647 [nacos-grpc-client-executor-1030] INFO  c.a.n.c.r.client - [printIfInfoEnabled,60] - [43f39315-2894-40d1-a54d-b292ebb0cdc8] Ack server push request, request = NotifySubscriberRequest, requestId = 189
20:50:31.708 [nacos-grpc-client-executor-2486] INFO  c.a.n.c.r.client - [printIfInfoEnabled,60] - [43f39315-2894-40d1-a54d-b292ebb0cdc8] Receive server push request, request = NotifySubscriberRequest, requestId = 191
20:50:31.712 [nacos-grpc-client-executor-2486] INFO  c.a.n.c.r.client - [printIfInfoEnabled,60] - [43f39315-2894-40d1-a54d-b292ebb0cdc8] Ack server push request, request = NotifySubscriberRequest, requestId = 191
20:50:45.414 [nacos-grpc-client-executor-2501] INFO  c.a.n.c.r.client - [printIfInfoEnabled,60] - [43f39315-2894-40d1-a54d-b292ebb0cdc8] Receive server push request, request = NotifySubscriberRequest, requestId = 193
20:50:45.415 [nacos-grpc-client-executor-2501] INFO  c.a.n.c.r.client - [printIfInfoEnabled,60] - [43f39315-2894-40d1-a54d-b292ebb0cdc8] Ack server push request, request = NotifySubscriberRequest, requestId = 193
20:53:35.945 [nacos-grpc-client-executor-2571] INFO  c.a.n.c.r.client - [printIfInfoEnabled,60] - [43f39315-2894-40d1-a54d-b292ebb0cdc8] Receive server push request, request = NotifySubscriberRequest, requestId = 196
20:53:35.949 [nacos-grpc-client-executor-2571] INFO  c.a.n.c.r.client - [printIfInfoEnabled,60] - [43f39315-2894-40d1-a54d-b292ebb0cdc8] Ack server push request, request = NotifySubscriberRequest, requestId = 196
20:53:48.826 [nacos-grpc-client-executor-2587] INFO  c.a.n.c.r.client - [printIfInfoEnabled,60] - [43f39315-2894-40d1-a54d-b292ebb0cdc8] Receive server push request, request = NotifySubscriberRequest, requestId = 199
20:53:48.827 [nacos-grpc-client-executor-2587] INFO  c.a.n.c.r.client - [printIfInfoEnabled,60] - [43f39315-2894-40d1-a54d-b292ebb0cdc8] Ack server push request, request = NotifySubscriberRequest, requestId = 199
21:03:03.459 [nacos-grpc-client-executor-2825] INFO  c.a.n.c.r.client - [printIfInfoEnabled,60] - [43f39315-2894-40d1-a54d-b292ebb0cdc8] Receive server push request, request = NotifySubscriberRequest, requestId = 201
21:03:03.463 [nacos-grpc-client-executor-2825] INFO  c.a.n.c.r.client - [printIfInfoEnabled,60] - [43f39315-2894-40d1-a54d-b292ebb0cdc8] Ack server push request, request = NotifySubscriberRequest, requestId = 201
21:03:18.035 [nacos-grpc-client-executor-2830] INFO  c.a.n.c.r.client - [printIfInfoEnabled,60] - [43f39315-2894-40d1-a54d-b292ebb0cdc8] Receive server push request, request = NotifySubscriberRequest, requestId = 203
21:03:18.036 [nacos-grpc-client-executor-2830] INFO  c.a.n.c.r.client - [printIfInfoEnabled,60] - [43f39315-2894-40d1-a54d-b292ebb0cdc8] Ack server push request, request = NotifySubscriberRequest, requestId = 203
22:39:49.267 [nacos-grpc-client-executor-5338] INFO  c.a.n.c.r.client - [printIfInfoEnabled,60] - [43f39315-2894-40d1-a54d-b292ebb0cdc8] Receive server push request, request = NotifySubscriberRequest, requestId = 206
22:39:49.273 [nacos-grpc-client-executor-5338] INFO  c.a.n.c.r.client - [printIfInfoEnabled,60] - [43f39315-2894-40d1-a54d-b292ebb0cdc8] Ack server push request, request = NotifySubscriberRequest, requestId = 206
22:40:04.812 [nacos-grpc-client-executor-5344] INFO  c.a.n.c.r.client - [printIfInfoEnabled,60] - [43f39315-2894-40d1-a54d-b292ebb0cdc8] Receive server push request, request = NotifySubscriberRequest, requestId = 209
22:40:04.813 [nacos-grpc-client-executor-5344] INFO  c.a.n.c.r.client - [printIfInfoEnabled,60] - [43f39315-2894-40d1-a54d-b292ebb0cdc8] Ack server push request, request = NotifySubscriberRequest, requestId = 209
22:44:51.272 [SpringApplicationShutdownHook] INFO  c.a.c.n.r.NacosServiceRegistry - [deregister,94] - De-registering from Nacos Server now...
22:44:51.275 [SpringApplicationShutdownHook] INFO  c.a.c.n.r.NacosServiceRegistry - [deregister,114] - De-registration finished.
22:44:51.591 [SpringApplicationShutdownHook] INFO  c.a.n.c.r.client - [shutdown,454] - Shutdown rpc client, set status to shutdown
22:44:51.591 [SpringApplicationShutdownHook] INFO  c.a.n.c.r.client - [shutdown,456] - Shutdown client event executor java.util.concurrent.ScheduledThreadPoolExecutor@709ca1ba[Running, pool size = 2, active threads = 2, queued tasks = 0, completed tasks = 0]
22:44:51.591 [SpringApplicationShutdownHook] INFO  c.a.n.c.r.client - [closeConnection,591] - Close current connection 1685008433983_127.0.0.1_52881
22:44:51.593 [nacos-grpc-client-executor-5479] INFO  c.a.n.c.r.c.g.GrpcClient - [printIfInfoEnabled,60] - [1685008433983_127.0.0.1_52881]Ignore complete event,isRunning:false,isAbandon=false
22:44:51.599 [SpringApplicationShutdownHook] INFO  c.a.n.c.r.c.g.GrpcClient - [shutdown,85] - Shutdown grpc executor java.util.concurrent.ThreadPoolExecutor@526590b[Running, pool size = 7, active threads = 0, queued tasks = 0, completed tasks = 5496]
22:45:12.744 [background-preinit] INFO  o.h.v.i.util.Version - [<clinit>,21] - HV000001: Hibernate Validator 6.2.5.Final
22:45:13.544 [main] INFO  c.a.n.c.r.client - [lambda$createClient$0,80] - [RpcClientFactory] create a new rpc client of 00742127-03d7-4086-8966-1476337ffe7c_config-0
22:45:13.614 [main] INFO  o.r.Reflections - [scan,232] - Reflections took 42 ms to scan 1 urls, producing 3 keys and 6 values 
22:45:13.651 [main] INFO  o.r.Reflections - [scan,232] - Reflections took 20 ms to scan 1 urls, producing 4 keys and 9 values 
22:45:13.675 [main] INFO  o.r.Reflections - [scan,232] - Reflections took 21 ms to scan 1 urls, producing 3 keys and 10 values 
22:45:13.704 [main] INFO  o.r.Reflections - [scan,232] - Reflections took 22 ms to scan 1 urls, producing 1 keys and 5 values 
22:45:13.748 [main] INFO  o.r.Reflections - [scan,232] - Reflections took 39 ms to scan 1 urls, producing 1 keys and 7 values 
22:45:13.770 [main] INFO  o.r.Reflections - [scan,232] - Reflections took 18 ms to scan 1 urls, producing 2 keys and 8 values 
22:45:13.776 [main] INFO  c.a.n.c.r.client - [printIfInfoEnabled,60] - [00742127-03d7-4086-8966-1476337ffe7c_config-0] RpcClient init label, labels = {module=config, Vipserver-Tag=null, source=sdk, Amory-Tag=null, Location-Tag=null, taskId=0, AppName=unknown}
22:45:13.778 [main] INFO  c.a.n.c.r.client - [printIfInfoEnabled,60] - [00742127-03d7-4086-8966-1476337ffe7c_config-0] Register server push request handler:com.alibaba.nacos.client.config.impl.ClientWorker$ConfigRpcTransportClient$$Lambda$463/0x0000000800f3d388
22:45:13.779 [main] INFO  c.a.n.c.r.client - [printIfInfoEnabled,60] - [00742127-03d7-4086-8966-1476337ffe7c_config-0] Register server push request handler:com.alibaba.nacos.client.config.impl.ClientWorker$ConfigRpcTransportClient$$Lambda$464/0x0000000800f3d5b0
22:45:13.780 [main] INFO  c.a.n.c.r.client - [printIfInfoEnabled,60] - [00742127-03d7-4086-8966-1476337ffe7c_config-0] Registry connection listener to current client:com.alibaba.nacos.client.config.impl.ClientWorker$ConfigRpcTransportClient$1
22:45:13.782 [main] INFO  c.a.n.c.r.client - [printIfInfoEnabled,60] - [00742127-03d7-4086-8966-1476337ffe7c_config-0] RpcClient init, ServerListFactory = com.alibaba.nacos.client.config.impl.ClientWorker$ConfigRpcTransportClient$2
22:45:13.798 [main] INFO  c.a.n.c.r.client - [printIfInfoEnabled,60] - [00742127-03d7-4086-8966-1476337ffe7c_config-0] Try to connect to server on start up, server: {serverIp = '127.0.0.1', server main port = 8848}
22:45:14.707 [main] INFO  c.a.n.c.r.client - [printIfInfoEnabled,60] - [00742127-03d7-4086-8966-1476337ffe7c_config-0] Success to connect to server [127.0.0.1:8848] on start up, connectionId = 1685025914424_127.0.0.1_64737
22:45:14.708 [com.alibaba.nacos.client.remote.worker] INFO  c.a.n.c.r.client - [printIfInfoEnabled,60] - [00742127-03d7-4086-8966-1476337ffe7c_config-0] Notify connected event to listeners.
22:45:14.708 [main] INFO  c.a.n.c.r.client - [printIfInfoEnabled,60] - [00742127-03d7-4086-8966-1476337ffe7c_config-0] Register server push request handler:com.alibaba.nacos.common.remote.client.RpcClient$ConnectResetRequestHandler
22:45:14.709 [main] INFO  c.a.n.c.r.client - [printIfInfoEnabled,60] - [00742127-03d7-4086-8966-1476337ffe7c_config-0] Register server push request handler:com.alibaba.nacos.common.remote.client.RpcClient$$Lambda$475/0x000000080103e0e8
22:45:14.847 [main] INFO  c.c.g.CMSGatewayApplication - [logStartupProfileInfo,637] - The following 1 profile is active: "dev"
22:45:20.208 [main] INFO  c.a.c.s.g.s.SentinelSCGAutoConfiguration - [sentinelGatewayFilter,144] - [Sentinel SpringCloudGateway] register SentinelGatewayFilter with order: -2147483648
22:45:21.059 [main] INFO  c.a.c.s.g.s.SentinelSCGAutoConfiguration - [sentinelGatewayBlockExceptionHandler,134] - [Sentinel SpringCloudGateway] register SentinelGatewayBlockExceptionHandler
22:45:21.762 [main] INFO  c.a.n.c.r.client - [lambda$createClient$0,80] - [RpcClientFactory] create a new rpc client of 2ff9ea25-4bda-4c91-b45f-23948a4bc428_config-0
22:45:21.762 [main] INFO  c.a.n.c.r.client - [printIfInfoEnabled,60] - [2ff9ea25-4bda-4c91-b45f-23948a4bc428_config-0] RpcClient init label, labels = {module=config, Vipserver-Tag=null, source=sdk, Amory-Tag=null, Location-Tag=null, taskId=0, AppName=unknown}
22:45:21.764 [main] INFO  c.a.n.c.r.client - [printIfInfoEnabled,60] - [2ff9ea25-4bda-4c91-b45f-23948a4bc428_config-0] Register server push request handler:com.alibaba.nacos.client.config.impl.ClientWorker$ConfigRpcTransportClient$$Lambda$463/0x0000000800f3d388
22:45:21.764 [main] INFO  c.a.n.c.r.client - [printIfInfoEnabled,60] - [2ff9ea25-4bda-4c91-b45f-23948a4bc428_config-0] Register server push request handler:com.alibaba.nacos.client.config.impl.ClientWorker$ConfigRpcTransportClient$$Lambda$464/0x0000000800f3d5b0
22:45:21.765 [main] INFO  c.a.n.c.r.client - [printIfInfoEnabled,60] - [2ff9ea25-4bda-4c91-b45f-23948a4bc428_config-0] Registry connection listener to current client:com.alibaba.nacos.client.config.impl.ClientWorker$ConfigRpcTransportClient$1
22:45:21.765 [main] INFO  c.a.n.c.r.client - [printIfInfoEnabled,60] - [2ff9ea25-4bda-4c91-b45f-23948a4bc428_config-0] RpcClient init, ServerListFactory = com.alibaba.nacos.client.config.impl.ClientWorker$ConfigRpcTransportClient$2
22:45:21.767 [main] INFO  c.a.n.c.r.client - [printIfInfoEnabled,60] - [2ff9ea25-4bda-4c91-b45f-23948a4bc428_config-0] Try to connect to server on start up, server: {serverIp = '127.0.0.1', server main port = 8848}
22:45:21.923 [main] INFO  c.a.n.c.r.client - [printIfInfoEnabled,60] - [2ff9ea25-4bda-4c91-b45f-23948a4bc428_config-0] Success to connect to server [127.0.0.1:8848] on start up, connectionId = 1685025921792_127.0.0.1_64773
22:45:21.924 [com.alibaba.nacos.client.remote.worker] INFO  c.a.n.c.r.client - [printIfInfoEnabled,60] - [2ff9ea25-4bda-4c91-b45f-23948a4bc428_config-0] Notify connected event to listeners.
22:45:21.924 [main] INFO  c.a.n.c.r.client - [printIfInfoEnabled,60] - [2ff9ea25-4bda-4c91-b45f-23948a4bc428_config-0] Register server push request handler:com.alibaba.nacos.common.remote.client.RpcClient$ConnectResetRequestHandler
22:45:21.925 [main] INFO  c.a.n.c.r.client - [printIfInfoEnabled,60] - [2ff9ea25-4bda-4c91-b45f-23948a4bc428_config-0] Register server push request handler:com.alibaba.nacos.common.remote.client.RpcClient$$Lambda$475/0x000000080103e0e8
22:45:22.127 [main] INFO  c.a.n.c.r.client - [lambda$createClient$0,80] - [RpcClientFactory] create a new rpc client of 90efa7c6-6d3f-4051-8f9b-42904f1d2892
22:45:22.128 [main] INFO  c.a.n.c.r.client - [printIfInfoEnabled,60] - [90efa7c6-6d3f-4051-8f9b-42904f1d2892] RpcClient init label, labels = {module=naming, source=sdk}
22:45:22.130 [main] INFO  c.a.n.c.r.client - [printIfInfoEnabled,60] - [90efa7c6-6d3f-4051-8f9b-42904f1d2892] RpcClient init, ServerListFactory = com.alibaba.nacos.client.naming.core.ServerListManager
22:45:22.130 [main] INFO  c.a.n.c.r.client - [printIfInfoEnabled,60] - [90efa7c6-6d3f-4051-8f9b-42904f1d2892] Registry connection listener to current client:com.alibaba.nacos.client.naming.remote.gprc.redo.NamingGrpcRedoService
22:45:22.131 [main] INFO  c.a.n.c.r.client - [printIfInfoEnabled,60] - [90efa7c6-6d3f-4051-8f9b-42904f1d2892] Register server push request handler:com.alibaba.nacos.client.naming.remote.gprc.NamingPushRequestHandler
22:45:22.133 [main] INFO  c.a.n.c.r.client - [printIfInfoEnabled,60] - [90efa7c6-6d3f-4051-8f9b-42904f1d2892] Try to connect to server on start up, server: {serverIp = '127.0.0.1', server main port = 8848}
22:45:22.284 [main] INFO  c.a.n.c.r.client - [printIfInfoEnabled,60] - [90efa7c6-6d3f-4051-8f9b-42904f1d2892] Success to connect to server [127.0.0.1:8848] on start up, connectionId = 1685025922155_127.0.0.1_64778
22:45:22.284 [com.alibaba.nacos.client.remote.worker] INFO  c.a.n.c.r.client - [printIfInfoEnabled,60] - [90efa7c6-6d3f-4051-8f9b-42904f1d2892] Notify connected event to listeners.
22:45:22.284 [main] INFO  c.a.n.c.r.client - [printIfInfoEnabled,60] - [90efa7c6-6d3f-4051-8f9b-42904f1d2892] Register server push request handler:com.alibaba.nacos.common.remote.client.RpcClient$ConnectResetRequestHandler
22:45:22.285 [main] INFO  c.a.n.c.r.client - [printIfInfoEnabled,60] - [90efa7c6-6d3f-4051-8f9b-42904f1d2892] Register server push request handler:com.alibaba.nacos.common.remote.client.RpcClient$$Lambda$475/0x000000080103e0e8
22:45:22.519 [main] INFO  c.a.c.n.r.NacosServiceRegistry - [register,75] - nacos registry, DEFAULT_GROUP cms-gateway 192.168.1.4:8080 register finished
22:45:22.632 [main] INFO  c.c.g.CMSGatewayApplication - [logStarted,61] - Started CMSGatewayApplication in 10.693 seconds (JVM running for 11.909)
22:45:22.638 [main] INFO  c.a.c.n.r.NacosContextRefresher - [registerNacosListener,129] - [Nacos Config] Listening config: dataId=cms-gateway, group=DEFAULT_GROUP
22:45:22.639 [main] INFO  c.a.c.n.r.NacosContextRefresher - [registerNacosListener,129] - [Nacos Config] Listening config: dataId=cms-gateway.yml, group=DEFAULT_GROUP
22:45:22.640 [main] INFO  c.a.c.n.r.NacosContextRefresher - [registerNacosListener,129] - [Nacos Config] Listening config: dataId=cms-gateway-dev.yml, group=DEFAULT_GROUP
22:45:22.836 [nacos-grpc-client-executor-57] INFO  c.a.n.c.r.client - [printIfInfoEnabled,60] - [90efa7c6-6d3f-4051-8f9b-42904f1d2892] Receive server push request, request = NotifySubscriberRequest, requestId = 218
22:45:22.842 [nacos-grpc-client-executor-57] INFO  c.a.n.c.r.client - [printIfInfoEnabled,60] - [90efa7c6-6d3f-4051-8f9b-42904f1d2892] Ack server push request, request = NotifySubscriberRequest, requestId = 218
22:45:22.919 [nacos-grpc-client-executor-58] INFO  c.a.n.c.r.client - [printIfInfoEnabled,60] - [90efa7c6-6d3f-4051-8f9b-42904f1d2892] Receive server push request, request = NotifySubscriberRequest, requestId = 219
22:45:22.920 [nacos-grpc-client-executor-58] INFO  c.a.n.c.r.client - [printIfInfoEnabled,60] - [90efa7c6-6d3f-4051-8f9b-42904f1d2892] Ack server push request, request = NotifySubscriberRequest, requestId = 219
22:45:22.931 [nacos-grpc-client-executor-59] INFO  c.a.n.c.r.client - [printIfInfoEnabled,60] - [90efa7c6-6d3f-4051-8f9b-42904f1d2892] Receive server push request, request = NotifySubscriberRequest, requestId = 220
22:45:22.937 [nacos-grpc-client-executor-59] INFO  c.a.n.c.r.client - [printIfInfoEnabled,60] - [90efa7c6-6d3f-4051-8f9b-42904f1d2892] Ack server push request, request = NotifySubscriberRequest, requestId = 220
22:45:23.019 [nacos-grpc-client-executor-60] INFO  c.a.n.c.r.client - [printIfInfoEnabled,60] - [90efa7c6-6d3f-4051-8f9b-42904f1d2892] Receive server push request, request = NotifySubscriberRequest, requestId = 221
22:45:23.019 [nacos-grpc-client-executor-60] INFO  c.a.n.c.r.client - [printIfInfoEnabled,60] - [90efa7c6-6d3f-4051-8f9b-42904f1d2892] Ack server push request, request = NotifySubscriberRequest, requestId = 221
22:45:23.022 [nacos-grpc-client-executor-61] INFO  c.a.n.c.r.client - [printIfInfoEnabled,60] - [90efa7c6-6d3f-4051-8f9b-42904f1d2892] Receive server push request, request = NotifySubscriberRequest, requestId = 222
22:45:23.023 [nacos-grpc-client-executor-61] INFO  c.a.n.c.r.client - [printIfInfoEnabled,60] - [90efa7c6-6d3f-4051-8f9b-42904f1d2892] Ack server push request, request = NotifySubscriberRequest, requestId = 222
22:45:23.026 [nacos-grpc-client-executor-62] INFO  c.a.n.c.r.client - [printIfInfoEnabled,60] - [90efa7c6-6d3f-4051-8f9b-42904f1d2892] Receive server push request, request = NotifySubscriberRequest, requestId = 223
22:45:23.027 [nacos-grpc-client-executor-62] INFO  c.a.n.c.r.client - [printIfInfoEnabled,60] - [90efa7c6-6d3f-4051-8f9b-42904f1d2892] Ack server push request, request = NotifySubscriberRequest, requestId = 223
22:45:29.372 [nacos-grpc-client-executor-24] INFO  c.a.n.c.r.client - [printIfInfoEnabled,60] - [90efa7c6-6d3f-4051-8f9b-42904f1d2892] Receive server push request, request = NotifySubscriberRequest, requestId = 227
22:45:29.380 [nacos-grpc-client-executor-24] INFO  c.a.n.c.r.client - [printIfInfoEnabled,60] - [90efa7c6-6d3f-4051-8f9b-42904f1d2892] Ack server push request, request = NotifySubscriberRequest, requestId = 227
22:45:29.391 [nacos-grpc-client-executor-25] INFO  c.a.n.c.r.client - [printIfInfoEnabled,60] - [90efa7c6-6d3f-4051-8f9b-42904f1d2892] Receive server push request, request = NotifySubscriberRequest, requestId = 229
22:45:29.394 [nacos-grpc-client-executor-25] INFO  c.a.n.c.r.client - [printIfInfoEnabled,60] - [90efa7c6-6d3f-4051-8f9b-42904f1d2892] Ack server push request, request = NotifySubscriberRequest, requestId = 229
22:47:28.051 [SpringApplicationShutdownHook] INFO  c.a.c.n.r.NacosServiceRegistry - [deregister,94] - De-registering from Nacos Server now...
22:47:28.054 [SpringApplicationShutdownHook] INFO  c.a.c.n.r.NacosServiceRegistry - [deregister,114] - De-registration finished.
22:47:28.365 [SpringApplicationShutdownHook] INFO  c.a.n.c.r.client - [shutdown,454] - Shutdown rpc client, set status to shutdown
22:47:28.366 [SpringApplicationShutdownHook] INFO  c.a.n.c.r.client - [shutdown,456] - Shutdown client event executor java.util.concurrent.ScheduledThreadPoolExecutor@3ca60237[Running, pool size = 2, active threads = 2, queued tasks = 0, completed tasks = 0]
22:47:28.366 [SpringApplicationShutdownHook] INFO  c.a.n.c.r.client - [closeConnection,591] - Close current connection 1685025922155_127.0.0.1_64778
22:47:28.367 [nacos-grpc-client-executor-127] INFO  c.a.n.c.r.c.g.GrpcClient - [printIfInfoEnabled,60] - [1685025922155_127.0.0.1_64778]Ignore complete event,isRunning:false,isAbandon=false
22:47:28.369 [SpringApplicationShutdownHook] INFO  c.a.n.c.r.c.g.GrpcClient - [shutdown,85] - Shutdown grpc executor java.util.concurrent.ThreadPoolExecutor@519f3aa6[Running, pool size = 16, active threads = 0, queued tasks = 0, completed tasks = 154]
22:47:44.489 [background-preinit] INFO  o.h.v.i.util.Version - [<clinit>,21] - HV000001: Hibernate Validator 6.2.5.Final
22:47:45.245 [main] INFO  c.a.n.c.r.client - [lambda$createClient$0,80] - [RpcClientFactory] create a new rpc client of 26325a12-5f4b-4a7e-8ac1-174e1dd7e71d_config-0
22:47:45.323 [main] INFO  o.r.Reflections - [scan,232] - Reflections took 51 ms to scan 1 urls, producing 3 keys and 6 values 
22:47:45.368 [main] INFO  o.r.Reflections - [scan,232] - Reflections took 27 ms to scan 1 urls, producing 4 keys and 9 values 
22:47:45.399 [main] INFO  o.r.Reflections - [scan,232] - Reflections took 27 ms to scan 1 urls, producing 3 keys and 10 values 
22:47:45.427 [main] INFO  o.r.Reflections - [scan,232] - Reflections took 21 ms to scan 1 urls, producing 1 keys and 5 values 
22:47:45.464 [main] INFO  o.r.Reflections - [scan,232] - Reflections took 34 ms to scan 1 urls, producing 1 keys and 7 values 
22:47:45.489 [main] INFO  o.r.Reflections - [scan,232] - Reflections took 19 ms to scan 1 urls, producing 2 keys and 8 values 
22:47:45.496 [main] INFO  c.a.n.c.r.client - [printIfInfoEnabled,60] - [26325a12-5f4b-4a7e-8ac1-174e1dd7e71d_config-0] RpcClient init label, labels = {module=config, Vipserver-Tag=null, source=sdk, Amory-Tag=null, Location-Tag=null, taskId=0, AppName=unknown}
22:47:45.498 [main] INFO  c.a.n.c.r.client - [printIfInfoEnabled,60] - [26325a12-5f4b-4a7e-8ac1-174e1dd7e71d_config-0] Register server push request handler:com.alibaba.nacos.client.config.impl.ClientWorker$ConfigRpcTransportClient$$Lambda$463/0x0000000800f1c008
22:47:45.500 [main] INFO  c.a.n.c.r.client - [printIfInfoEnabled,60] - [26325a12-5f4b-4a7e-8ac1-174e1dd7e71d_config-0] Register server push request handler:com.alibaba.nacos.client.config.impl.ClientWorker$ConfigRpcTransportClient$$Lambda$464/0x0000000800f1c230
22:47:45.501 [main] INFO  c.a.n.c.r.client - [printIfInfoEnabled,60] - [26325a12-5f4b-4a7e-8ac1-174e1dd7e71d_config-0] Registry connection listener to current client:com.alibaba.nacos.client.config.impl.ClientWorker$ConfigRpcTransportClient$1
22:47:45.502 [main] INFO  c.a.n.c.r.client - [printIfInfoEnabled,60] - [26325a12-5f4b-4a7e-8ac1-174e1dd7e71d_config-0] RpcClient init, ServerListFactory = com.alibaba.nacos.client.config.impl.ClientWorker$ConfigRpcTransportClient$2
22:47:45.519 [main] INFO  c.a.n.c.r.client - [printIfInfoEnabled,60] - [26325a12-5f4b-4a7e-8ac1-174e1dd7e71d_config-0] Try to connect to server on start up, server: {serverIp = '127.0.0.1', server main port = 8848}
22:47:46.339 [main] INFO  c.a.n.c.r.client - [printIfInfoEnabled,60] - [26325a12-5f4b-4a7e-8ac1-174e1dd7e71d_config-0] Success to connect to server [127.0.0.1:8848] on start up, connectionId = 1685026066111_127.0.0.1_64991
22:47:46.341 [com.alibaba.nacos.client.remote.worker] INFO  c.a.n.c.r.client - [printIfInfoEnabled,60] - [26325a12-5f4b-4a7e-8ac1-174e1dd7e71d_config-0] Notify connected event to listeners.
22:47:46.341 [main] INFO  c.a.n.c.r.client - [printIfInfoEnabled,60] - [26325a12-5f4b-4a7e-8ac1-174e1dd7e71d_config-0] Register server push request handler:com.alibaba.nacos.common.remote.client.RpcClient$ConnectResetRequestHandler
22:47:46.342 [main] INFO  c.a.n.c.r.client - [printIfInfoEnabled,60] - [26325a12-5f4b-4a7e-8ac1-174e1dd7e71d_config-0] Register server push request handler:com.alibaba.nacos.common.remote.client.RpcClient$$Lambda$475/0x000000080101c290
22:47:46.470 [main] INFO  c.c.g.CMSGatewayApplication - [logStartupProfileInfo,637] - The following 1 profile is active: "dev"
22:47:52.962 [main] INFO  c.a.c.s.g.s.SentinelSCGAutoConfiguration - [sentinelGatewayFilter,144] - [Sentinel SpringCloudGateway] register SentinelGatewayFilter with order: -2147483648
22:47:53.719 [main] INFO  c.a.c.s.g.s.SentinelSCGAutoConfiguration - [sentinelGatewayBlockExceptionHandler,134] - [Sentinel SpringCloudGateway] register SentinelGatewayBlockExceptionHandler
22:47:54.275 [main] INFO  c.a.n.c.r.client - [lambda$createClient$0,80] - [RpcClientFactory] create a new rpc client of bdd77503-cf34-4275-a2d4-7d071bf2c680_config-0
22:47:54.276 [main] INFO  c.a.n.c.r.client - [printIfInfoEnabled,60] - [bdd77503-cf34-4275-a2d4-7d071bf2c680_config-0] RpcClient init label, labels = {module=config, Vipserver-Tag=null, source=sdk, Amory-Tag=null, Location-Tag=null, taskId=0, AppName=unknown}
22:47:54.276 [main] INFO  c.a.n.c.r.client - [printIfInfoEnabled,60] - [bdd77503-cf34-4275-a2d4-7d071bf2c680_config-0] Register server push request handler:com.alibaba.nacos.client.config.impl.ClientWorker$ConfigRpcTransportClient$$Lambda$463/0x0000000800f1c008
22:47:54.277 [main] INFO  c.a.n.c.r.client - [printIfInfoEnabled,60] - [bdd77503-cf34-4275-a2d4-7d071bf2c680_config-0] Register server push request handler:com.alibaba.nacos.client.config.impl.ClientWorker$ConfigRpcTransportClient$$Lambda$464/0x0000000800f1c230
22:47:54.277 [main] INFO  c.a.n.c.r.client - [printIfInfoEnabled,60] - [bdd77503-cf34-4275-a2d4-7d071bf2c680_config-0] Registry connection listener to current client:com.alibaba.nacos.client.config.impl.ClientWorker$ConfigRpcTransportClient$1
22:47:54.278 [main] INFO  c.a.n.c.r.client - [printIfInfoEnabled,60] - [bdd77503-cf34-4275-a2d4-7d071bf2c680_config-0] RpcClient init, ServerListFactory = com.alibaba.nacos.client.config.impl.ClientWorker$ConfigRpcTransportClient$2
22:47:54.279 [main] INFO  c.a.n.c.r.client - [printIfInfoEnabled,60] - [bdd77503-cf34-4275-a2d4-7d071bf2c680_config-0] Try to connect to server on start up, server: {serverIp = '127.0.0.1', server main port = 8848}
22:47:54.431 [main] INFO  c.a.n.c.r.client - [printIfInfoEnabled,60] - [bdd77503-cf34-4275-a2d4-7d071bf2c680_config-0] Success to connect to server [127.0.0.1:8848] on start up, connectionId = 1685026074299_127.0.0.1_65016
22:47:54.431 [main] INFO  c.a.n.c.r.client - [printIfInfoEnabled,60] - [bdd77503-cf34-4275-a2d4-7d071bf2c680_config-0] Register server push request handler:com.alibaba.nacos.common.remote.client.RpcClient$ConnectResetRequestHandler
22:47:54.431 [com.alibaba.nacos.client.remote.worker] INFO  c.a.n.c.r.client - [printIfInfoEnabled,60] - [bdd77503-cf34-4275-a2d4-7d071bf2c680_config-0] Notify connected event to listeners.
22:47:54.431 [main] INFO  c.a.n.c.r.client - [printIfInfoEnabled,60] - [bdd77503-cf34-4275-a2d4-7d071bf2c680_config-0] Register server push request handler:com.alibaba.nacos.common.remote.client.RpcClient$$Lambda$475/0x000000080101c290
22:47:54.542 [main] INFO  c.a.n.c.r.client - [lambda$createClient$0,80] - [RpcClientFactory] create a new rpc client of 2d60afa3-36f1-4ecd-afa6-842a4fde7394
22:47:54.542 [main] INFO  c.a.n.c.r.client - [printIfInfoEnabled,60] - [2d60afa3-36f1-4ecd-afa6-842a4fde7394] RpcClient init label, labels = {module=naming, source=sdk}
22:47:54.544 [main] INFO  c.a.n.c.r.client - [printIfInfoEnabled,60] - [2d60afa3-36f1-4ecd-afa6-842a4fde7394] RpcClient init, ServerListFactory = com.alibaba.nacos.client.naming.core.ServerListManager
22:47:54.544 [main] INFO  c.a.n.c.r.client - [printIfInfoEnabled,60] - [2d60afa3-36f1-4ecd-afa6-842a4fde7394] Registry connection listener to current client:com.alibaba.nacos.client.naming.remote.gprc.redo.NamingGrpcRedoService
22:47:54.544 [main] INFO  c.a.n.c.r.client - [printIfInfoEnabled,60] - [2d60afa3-36f1-4ecd-afa6-842a4fde7394] Register server push request handler:com.alibaba.nacos.client.naming.remote.gprc.NamingPushRequestHandler
22:47:54.545 [main] INFO  c.a.n.c.r.client - [printIfInfoEnabled,60] - [2d60afa3-36f1-4ecd-afa6-842a4fde7394] Try to connect to server on start up, server: {serverIp = '127.0.0.1', server main port = 8848}
22:47:54.679 [main] INFO  c.a.n.c.r.client - [printIfInfoEnabled,60] - [2d60afa3-36f1-4ecd-afa6-842a4fde7394] Success to connect to server [127.0.0.1:8848] on start up, connectionId = 1685026074562_127.0.0.1_65019
22:47:54.680 [com.alibaba.nacos.client.remote.worker] INFO  c.a.n.c.r.client - [printIfInfoEnabled,60] - [2d60afa3-36f1-4ecd-afa6-842a4fde7394] Notify connected event to listeners.
22:47:54.680 [main] INFO  c.a.n.c.r.client - [printIfInfoEnabled,60] - [2d60afa3-36f1-4ecd-afa6-842a4fde7394] Register server push request handler:com.alibaba.nacos.common.remote.client.RpcClient$ConnectResetRequestHandler
22:47:54.680 [main] INFO  c.a.n.c.r.client - [printIfInfoEnabled,60] - [2d60afa3-36f1-4ecd-afa6-842a4fde7394] Register server push request handler:com.alibaba.nacos.common.remote.client.RpcClient$$Lambda$475/0x000000080101c290
22:47:54.864 [main] INFO  c.a.c.n.r.NacosServiceRegistry - [register,75] - nacos registry, DEFAULT_GROUP cms-gateway 192.168.1.4:8080 register finished
22:47:54.954 [main] INFO  c.c.g.CMSGatewayApplication - [logStarted,61] - Started CMSGatewayApplication in 11.408 seconds (JVM running for 12.645)
22:47:54.962 [main] INFO  c.a.c.n.r.NacosContextRefresher - [registerNacosListener,129] - [Nacos Config] Listening config: dataId=cms-gateway, group=DEFAULT_GROUP
22:47:54.963 [main] INFO  c.a.c.n.r.NacosContextRefresher - [registerNacosListener,129] - [Nacos Config] Listening config: dataId=cms-gateway.yml, group=DEFAULT_GROUP
22:47:54.964 [main] INFO  c.a.c.n.r.NacosContextRefresher - [registerNacosListener,129] - [Nacos Config] Listening config: dataId=cms-gateway-dev.yml, group=DEFAULT_GROUP
22:47:55.110 [nacos-grpc-client-executor-50] INFO  c.a.n.c.r.client - [printIfInfoEnabled,60] - [2d60afa3-36f1-4ecd-afa6-842a4fde7394] Receive server push request, request = NotifySubscriberRequest, requestId = 241
22:47:55.112 [nacos-grpc-client-executor-50] INFO  c.a.n.c.r.client - [printIfInfoEnabled,60] - [2d60afa3-36f1-4ecd-afa6-842a4fde7394] Ack server push request, request = NotifySubscriberRequest, requestId = 241
22:47:55.199 [nacos-grpc-client-executor-51] INFO  c.a.n.c.r.client - [printIfInfoEnabled,60] - [2d60afa3-36f1-4ecd-afa6-842a4fde7394] Receive server push request, request = NotifySubscriberRequest, requestId = 243
22:47:55.200 [nacos-grpc-client-executor-51] INFO  c.a.n.c.r.client - [printIfInfoEnabled,60] - [2d60afa3-36f1-4ecd-afa6-842a4fde7394] Ack server push request, request = NotifySubscriberRequest, requestId = 243
22:47:55.409 [nacos-grpc-client-executor-52] INFO  c.a.n.c.r.client - [printIfInfoEnabled,60] - [2d60afa3-36f1-4ecd-afa6-842a4fde7394] Receive server push request, request = NotifySubscriberRequest, requestId = 244
22:47:55.416 [nacos-grpc-client-executor-52] INFO  c.a.n.c.r.client - [printIfInfoEnabled,60] - [2d60afa3-36f1-4ecd-afa6-842a4fde7394] Ack server push request, request = NotifySubscriberRequest, requestId = 244
22:47:55.421 [nacos-grpc-client-executor-53] INFO  c.a.n.c.r.client - [printIfInfoEnabled,60] - [2d60afa3-36f1-4ecd-afa6-842a4fde7394] Receive server push request, request = NotifySubscriberRequest, requestId = 245
22:47:55.422 [nacos-grpc-client-executor-53] INFO  c.a.n.c.r.client - [printIfInfoEnabled,60] - [2d60afa3-36f1-4ecd-afa6-842a4fde7394] Ack server push request, request = NotifySubscriberRequest, requestId = 245
22:47:55.432 [nacos-grpc-client-executor-54] INFO  c.a.n.c.r.client - [printIfInfoEnabled,60] - [2d60afa3-36f1-4ecd-afa6-842a4fde7394] Receive server push request, request = NotifySubscriberRequest, requestId = 246
22:47:55.432 [nacos-grpc-client-executor-54] INFO  c.a.n.c.r.client - [printIfInfoEnabled,60] - [2d60afa3-36f1-4ecd-afa6-842a4fde7394] Ack server push request, request = NotifySubscriberRequest, requestId = 246
22:47:55.441 [nacos-grpc-client-executor-55] INFO  c.a.n.c.r.client - [printIfInfoEnabled,60] - [2d60afa3-36f1-4ecd-afa6-842a4fde7394] Receive server push request, request = NotifySubscriberRequest, requestId = 247
22:47:55.443 [nacos-grpc-client-executor-55] INFO  c.a.n.c.r.client - [printIfInfoEnabled,60] - [2d60afa3-36f1-4ecd-afa6-842a4fde7394] Ack server push request, request = NotifySubscriberRequest, requestId = 247
22:47:58.667 [nacos-grpc-client-executor-14] INFO  c.a.n.c.r.client - [printIfInfoEnabled,60] - [2d60afa3-36f1-4ecd-afa6-842a4fde7394] Receive server push request, request = NotifySubscriberRequest, requestId = 249
22:47:58.677 [nacos-grpc-client-executor-14] INFO  c.a.n.c.r.client - [printIfInfoEnabled,60] - [2d60afa3-36f1-4ecd-afa6-842a4fde7394] Ack server push request, request = NotifySubscriberRequest, requestId = 249
22:47:59.995 [nacos-grpc-client-executor-15] INFO  c.a.n.c.r.client - [printIfInfoEnabled,60] - [2d60afa3-36f1-4ecd-afa6-842a4fde7394] Receive server push request, request = NotifySubscriberRequest, requestId = 256
22:47:59.999 [nacos-grpc-client-executor-15] INFO  c.a.n.c.r.client - [printIfInfoEnabled,60] - [2d60afa3-36f1-4ecd-afa6-842a4fde7394] Ack server push request, request = NotifySubscriberRequest, requestId = 256
