18:48:31.589 [background-preinit] INFO  o.h.v.i.util.Version - [<clinit>,21] - HV000001: Hibernate Validator 6.2.5.Final
18:48:32.397 [main] INFO  c.a.n.c.r.client - [lambda$createClient$0,80] - [RpcClientFactory] create a new rpc client of ba86df01-76b9-4391-b6e0-ac6ec311787a_config-0
18:48:32.465 [main] INFO  o.r.Reflections - [scan,232] - Reflections took 43 ms to scan 1 urls, producing 3 keys and 6 values 
18:48:32.506 [main] INFO  o.r.Reflections - [scan,232] - Reflections took 21 ms to scan 1 urls, producing 4 keys and 9 values 
18:48:32.528 [main] INFO  o.r.Reflections - [scan,232] - Reflections took 19 ms to scan 1 urls, producing 3 keys and 10 values 
18:48:32.551 [main] INFO  o.r.Reflections - [scan,232] - Reflections took 18 ms to scan 1 urls, producing 1 keys and 5 values 
18:48:32.593 [main] INFO  o.r.Reflections - [scan,232] - Reflections took 38 ms to scan 1 urls, producing 1 keys and 7 values 
18:48:32.613 [main] INFO  o.r.Reflections - [scan,232] - Reflections took 15 ms to scan 1 urls, producing 2 keys and 8 values 
18:48:32.619 [main] INFO  c.a.n.c.r.client - [printIfInfoEnabled,60] - [ba86df01-76b9-4391-b6e0-ac6ec311787a_config-0] RpcClient init label, labels = {module=config, Vipserver-Tag=null, source=sdk, Amory-Tag=null, Location-Tag=null, taskId=0, AppName=unknown}
18:48:32.621 [main] INFO  c.a.n.c.r.client - [printIfInfoEnabled,60] - [ba86df01-76b9-4391-b6e0-ac6ec311787a_config-0] Register server push request handler:com.alibaba.nacos.client.config.impl.ClientWorker$ConfigRpcTransportClient$$Lambda$463/0x0000000800f1b940
18:48:32.622 [main] INFO  c.a.n.c.r.client - [printIfInfoEnabled,60] - [ba86df01-76b9-4391-b6e0-ac6ec311787a_config-0] Register server push request handler:com.alibaba.nacos.client.config.impl.ClientWorker$ConfigRpcTransportClient$$Lambda$464/0x0000000800f1bb68
18:48:32.623 [main] INFO  c.a.n.c.r.client - [printIfInfoEnabled,60] - [ba86df01-76b9-4391-b6e0-ac6ec311787a_config-0] Registry connection listener to current client:com.alibaba.nacos.client.config.impl.ClientWorker$ConfigRpcTransportClient$1
18:48:32.624 [main] INFO  c.a.n.c.r.client - [printIfInfoEnabled,60] - [ba86df01-76b9-4391-b6e0-ac6ec311787a_config-0] RpcClient init, ServerListFactory = com.alibaba.nacos.client.config.impl.ClientWorker$ConfigRpcTransportClient$2
18:48:32.638 [main] INFO  c.a.n.c.r.client - [printIfInfoEnabled,60] - [ba86df01-76b9-4391-b6e0-ac6ec311787a_config-0] Try to connect to server on start up, server: {serverIp = '127.0.0.1', server main port = 8848}
18:48:33.466 [main] INFO  c.a.n.c.r.client - [printIfInfoEnabled,60] - [ba86df01-76b9-4391-b6e0-ac6ec311787a_config-0] Success to connect to server [127.0.0.1:8848] on start up, connectionId = 1684579713243_127.0.0.1_50691
18:48:33.467 [com.alibaba.nacos.client.remote.worker] INFO  c.a.n.c.r.client - [printIfInfoEnabled,60] - [ba86df01-76b9-4391-b6e0-ac6ec311787a_config-0] Notify connected event to listeners.
18:48:33.467 [main] INFO  c.a.n.c.r.client - [printIfInfoEnabled,60] - [ba86df01-76b9-4391-b6e0-ac6ec311787a_config-0] Register server push request handler:com.alibaba.nacos.common.remote.client.RpcClient$ConnectResetRequestHandler
18:48:33.468 [main] INFO  c.a.n.c.r.client - [printIfInfoEnabled,60] - [ba86df01-76b9-4391-b6e0-ac6ec311787a_config-0] Register server push request handler:com.alibaba.nacos.common.remote.client.RpcClient$$Lambda$475/0x000000080101c290
18:48:33.575 [main] INFO  c.c.g.RuoYiGatewayApplication - [logStartupProfileInfo,637] - The following 1 profile is active: "dev"
18:48:37.860 [main] INFO  c.a.c.s.g.s.SentinelSCGAutoConfiguration - [sentinelGatewayFilter,144] - [Sentinel SpringCloudGateway] register SentinelGatewayFilter with order: -2147483648
18:48:39.300 [main] INFO  c.a.c.s.g.s.SentinelSCGAutoConfiguration - [sentinelGatewayBlockExceptionHandler,134] - [Sentinel SpringCloudGateway] register SentinelGatewayBlockExceptionHandler
18:48:40.427 [main] INFO  c.a.n.c.r.client - [lambda$createClient$0,80] - [RpcClientFactory] create a new rpc client of 34a682c3-fbad-4a4e-9d91-127da5f4c91b_config-0
18:48:40.428 [main] INFO  c.a.n.c.r.client - [printIfInfoEnabled,60] - [34a682c3-fbad-4a4e-9d91-127da5f4c91b_config-0] RpcClient init label, labels = {module=config, Vipserver-Tag=null, source=sdk, Amory-Tag=null, Location-Tag=null, taskId=0, AppName=unknown}
18:48:40.429 [main] INFO  c.a.n.c.r.client - [printIfInfoEnabled,60] - [34a682c3-fbad-4a4e-9d91-127da5f4c91b_config-0] Register server push request handler:com.alibaba.nacos.client.config.impl.ClientWorker$ConfigRpcTransportClient$$Lambda$463/0x0000000800f1b940
18:48:40.429 [main] INFO  c.a.n.c.r.client - [printIfInfoEnabled,60] - [34a682c3-fbad-4a4e-9d91-127da5f4c91b_config-0] Register server push request handler:com.alibaba.nacos.client.config.impl.ClientWorker$ConfigRpcTransportClient$$Lambda$464/0x0000000800f1bb68
18:48:40.429 [main] INFO  c.a.n.c.r.client - [printIfInfoEnabled,60] - [34a682c3-fbad-4a4e-9d91-127da5f4c91b_config-0] Registry connection listener to current client:com.alibaba.nacos.client.config.impl.ClientWorker$ConfigRpcTransportClient$1
18:48:40.429 [main] INFO  c.a.n.c.r.client - [printIfInfoEnabled,60] - [34a682c3-fbad-4a4e-9d91-127da5f4c91b_config-0] RpcClient init, ServerListFactory = com.alibaba.nacos.client.config.impl.ClientWorker$ConfigRpcTransportClient$2
18:48:40.430 [main] INFO  c.a.n.c.r.client - [printIfInfoEnabled,60] - [34a682c3-fbad-4a4e-9d91-127da5f4c91b_config-0] Try to connect to server on start up, server: {serverIp = '127.0.0.1', server main port = 8848}
18:48:40.612 [main] INFO  c.a.n.c.r.client - [printIfInfoEnabled,60] - [34a682c3-fbad-4a4e-9d91-127da5f4c91b_config-0] Success to connect to server [127.0.0.1:8848] on start up, connectionId = 1684579720450_127.0.0.1_50708
18:48:40.612 [main] INFO  c.a.n.c.r.client - [printIfInfoEnabled,60] - [34a682c3-fbad-4a4e-9d91-127da5f4c91b_config-0] Register server push request handler:com.alibaba.nacos.common.remote.client.RpcClient$ConnectResetRequestHandler
18:48:40.612 [com.alibaba.nacos.client.remote.worker] INFO  c.a.n.c.r.client - [printIfInfoEnabled,60] - [34a682c3-fbad-4a4e-9d91-127da5f4c91b_config-0] Notify connected event to listeners.
18:48:40.612 [main] INFO  c.a.n.c.r.client - [printIfInfoEnabled,60] - [34a682c3-fbad-4a4e-9d91-127da5f4c91b_config-0] Register server push request handler:com.alibaba.nacos.common.remote.client.RpcClient$$Lambda$475/0x000000080101c290
18:48:40.746 [main] INFO  c.a.n.c.r.client - [lambda$createClient$0,80] - [RpcClientFactory] create a new rpc client of 2c7f17fd-f640-45bf-bf27-a1339d935202
18:48:40.747 [main] INFO  c.a.n.c.r.client - [printIfInfoEnabled,60] - [2c7f17fd-f640-45bf-bf27-a1339d935202] RpcClient init label, labels = {module=naming, source=sdk}
18:48:40.749 [main] INFO  c.a.n.c.r.client - [printIfInfoEnabled,60] - [2c7f17fd-f640-45bf-bf27-a1339d935202] RpcClient init, ServerListFactory = com.alibaba.nacos.client.naming.core.ServerListManager
18:48:40.749 [main] INFO  c.a.n.c.r.client - [printIfInfoEnabled,60] - [2c7f17fd-f640-45bf-bf27-a1339d935202] Registry connection listener to current client:com.alibaba.nacos.client.naming.remote.gprc.redo.NamingGrpcRedoService
18:48:40.750 [main] INFO  c.a.n.c.r.client - [printIfInfoEnabled,60] - [2c7f17fd-f640-45bf-bf27-a1339d935202] Register server push request handler:com.alibaba.nacos.client.naming.remote.gprc.NamingPushRequestHandler
18:48:40.751 [main] INFO  c.a.n.c.r.client - [printIfInfoEnabled,60] - [2c7f17fd-f640-45bf-bf27-a1339d935202] Try to connect to server on start up, server: {serverIp = '127.0.0.1', server main port = 8848}
18:48:40.895 [main] INFO  c.a.n.c.r.client - [printIfInfoEnabled,60] - [2c7f17fd-f640-45bf-bf27-a1339d935202] Success to connect to server [127.0.0.1:8848] on start up, connectionId = 1684579720770_127.0.0.1_50710
18:48:40.895 [main] INFO  c.a.n.c.r.client - [printIfInfoEnabled,60] - [2c7f17fd-f640-45bf-bf27-a1339d935202] Register server push request handler:com.alibaba.nacos.common.remote.client.RpcClient$ConnectResetRequestHandler
18:48:40.896 [com.alibaba.nacos.client.remote.worker] INFO  c.a.n.c.r.client - [printIfInfoEnabled,60] - [2c7f17fd-f640-45bf-bf27-a1339d935202] Notify connected event to listeners.
18:48:40.896 [main] INFO  c.a.n.c.r.client - [printIfInfoEnabled,60] - [2c7f17fd-f640-45bf-bf27-a1339d935202] Register server push request handler:com.alibaba.nacos.common.remote.client.RpcClient$$Lambda$475/0x000000080101c290
18:48:41.051 [main] INFO  c.a.c.n.r.NacosServiceRegistry - [register,75] - nacos registry, DEFAULT_GROUP cms-gateway 192.168.1.4:8080 register finished
18:48:41.166 [main] INFO  c.c.g.RuoYiGatewayApplication - [logStarted,61] - Started RuoYiGatewayApplication in 10.616 seconds (JVM running for 11.725)
18:48:41.174 [main] INFO  c.a.c.n.r.NacosContextRefresher - [registerNacosListener,129] - [Nacos Config] Listening config: dataId=cms-gateway, group=DEFAULT_GROUP
18:48:41.176 [main] INFO  c.a.c.n.r.NacosContextRefresher - [registerNacosListener,129] - [Nacos Config] Listening config: dataId=cms-gateway.yml, group=DEFAULT_GROUP
18:48:41.192 [main] INFO  c.a.c.n.r.NacosContextRefresher - [registerNacosListener,129] - [Nacos Config] Listening config: dataId=cms-gateway-dev.yml, group=DEFAULT_GROUP
18:48:41.474 [nacos-grpc-client-executor-43] INFO  c.a.n.c.r.client - [printIfInfoEnabled,60] - [2c7f17fd-f640-45bf-bf27-a1339d935202] Receive server push request, request = NotifySubscriberRequest, requestId = 33
18:48:41.474 [nacos-grpc-client-executor-43] INFO  c.a.n.c.r.client - [printIfInfoEnabled,60] - [2c7f17fd-f640-45bf-bf27-a1339d935202] Ack server push request, request = NotifySubscriberRequest, requestId = 33
18:48:41.564 [nacos-grpc-client-executor-44] INFO  c.a.n.c.r.client - [printIfInfoEnabled,60] - [2c7f17fd-f640-45bf-bf27-a1339d935202] Receive server push request, request = NotifySubscriberRequest, requestId = 34
18:48:41.567 [nacos-grpc-client-executor-44] INFO  c.a.n.c.r.client - [printIfInfoEnabled,60] - [2c7f17fd-f640-45bf-bf27-a1339d935202] Ack server push request, request = NotifySubscriberRequest, requestId = 34
18:48:41.570 [nacos-grpc-client-executor-45] INFO  c.a.n.c.r.client - [printIfInfoEnabled,60] - [2c7f17fd-f640-45bf-bf27-a1339d935202] Receive server push request, request = NotifySubscriberRequest, requestId = 35
18:48:41.571 [nacos-grpc-client-executor-45] INFO  c.a.n.c.r.client - [printIfInfoEnabled,60] - [2c7f17fd-f640-45bf-bf27-a1339d935202] Ack server push request, request = NotifySubscriberRequest, requestId = 35
18:49:11.629 [nacos-grpc-client-executor-81] INFO  c.a.n.c.r.client - [printIfInfoEnabled,60] - [2c7f17fd-f640-45bf-bf27-a1339d935202] Receive server push request, request = NotifySubscriberRequest, requestId = 45
18:49:11.631 [nacos-grpc-client-executor-81] INFO  c.a.n.c.r.client - [printIfInfoEnabled,60] - [2c7f17fd-f640-45bf-bf27-a1339d935202] Ack server push request, request = NotifySubscriberRequest, requestId = 45
18:49:11.634 [nacos-grpc-client-executor-82] INFO  c.a.n.c.r.client - [printIfInfoEnabled,60] - [2c7f17fd-f640-45bf-bf27-a1339d935202] Receive server push request, request = NotifySubscriberRequest, requestId = 44
18:49:11.635 [nacos-grpc-client-executor-82] INFO  c.a.n.c.r.client - [printIfInfoEnabled,60] - [2c7f17fd-f640-45bf-bf27-a1339d935202] Ack server push request, request = NotifySubscriberRequest, requestId = 44
18:49:11.637 [nacos-grpc-client-executor-83] INFO  c.a.n.c.r.client - [printIfInfoEnabled,60] - [2c7f17fd-f640-45bf-bf27-a1339d935202] Receive server push request, request = NotifySubscriberRequest, requestId = 46
18:49:11.638 [nacos-grpc-client-executor-83] INFO  c.a.n.c.r.client - [printIfInfoEnabled,60] - [2c7f17fd-f640-45bf-bf27-a1339d935202] Ack server push request, request = NotifySubscriberRequest, requestId = 46
18:49:41.631 [nacos-grpc-client-executor-104] INFO  c.a.n.c.r.client - [printIfInfoEnabled,60] - [2c7f17fd-f640-45bf-bf27-a1339d935202] Receive server push request, request = NotifySubscriberRequest, requestId = 49
18:49:41.631 [nacos-grpc-client-executor-104] INFO  c.a.n.c.r.client - [printIfInfoEnabled,60] - [2c7f17fd-f640-45bf-bf27-a1339d935202] Ack server push request, request = NotifySubscriberRequest, requestId = 49
