00:09:38.526 [main] ERROR o.s.b.d.LoggingFailureAnalysisReporter - [report,40] - 

***************************
APPLICATION FAILED TO START
***************************

Description:

Web server failed to start. Port 9200 was already in use.

Action:

Identify and stop the process that's listening on port 9200 or configure this application to listen on another port.

00:10:06.584 [main] ERROR o.s.b.d.LoggingFailureAnalysisReporter - [report,40] - 

***************************
APPLICATION FAILED TO START
***************************

Description:

Web server failed to start. Port 9200 was already in use.

Action:

Identify and stop the process that's listening on port 9200 or configure this application to listen on another port.

00:10:47.602 [main] ERROR o.s.b.d.LoggingFailureAnalysisReporter - [report,40] - 

***************************
APPLICATION FAILED TO START
***************************

Description:

Web server failed to start. Port 9200 was already in use.

Action:

Identify and stop the process that's listening on port 9200 or configure this application to listen on another port.

