20:52:01.409 [nacos-grpc-client-executor-6814] INFO  c.a.n.c.r.client - [printIfInfoEnabled,60] - [1eaa3cf4-9e8c-4ab8-820a-692561be596b] Receive server push request, request = NotifySubscriberRequest, requestId = 242
20:52:01.493 [nacos-grpc-client-executor-6814] INFO  c.a.n.c.r.client - [printIfInfoEnabled,60] - [1eaa3cf4-9e8c-4ab8-820a-692561be596b] Ack server push request, request = NotifySubscriberRequest, requestId = 242
20:52:20.338 [nacos-grpc-client-executor-6819] INFO  c.a.n.c.r.client - [printIfInfoEnabled,60] - [1eaa3cf4-9e8c-4ab8-820a-692561be596b] Receive server push request, request = NotifySubscriberRequest, requestId = 246
20:52:20.340 [nacos-grpc-client-executor-6819] INFO  c.a.n.c.r.client - [printIfInfoEnabled,60] - [1eaa3cf4-9e8c-4ab8-820a-692561be596b] Ack server push request, request = NotifySubscriberRequest, requestId = 246
21:08:28.455 [nacos-grpc-client-executor-7038] INFO  c.a.n.c.r.client - [printIfInfoEnabled,60] - [1eaa3cf4-9e8c-4ab8-820a-692561be596b] Receive server push request, request = NotifySubscriberRequest, requestId = 251
21:08:28.462 [nacos-grpc-client-executor-7038] INFO  c.a.n.c.r.client - [printIfInfoEnabled,60] - [1eaa3cf4-9e8c-4ab8-820a-692561be596b] Ack server push request, request = NotifySubscriberRequest, requestId = 251
21:17:41.131 [nacos-grpc-client-executor-7157] INFO  c.a.n.c.r.client - [printIfInfoEnabled,60] - [1eaa3cf4-9e8c-4ab8-820a-692561be596b] Receive server push request, request = NotifySubscriberRequest, requestId = 256
21:17:41.138 [nacos-grpc-client-executor-7157] INFO  c.a.n.c.r.client - [printIfInfoEnabled,60] - [1eaa3cf4-9e8c-4ab8-820a-692561be596b] Ack server push request, request = NotifySubscriberRequest, requestId = 256
22:36:06.572 [nacos-grpc-client-executor-8196] INFO  c.a.n.c.r.client - [printIfInfoEnabled,60] - [1eaa3cf4-9e8c-4ab8-820a-692561be596b] Receive server push request, request = NotifySubscriberRequest, requestId = 260
22:36:06.585 [nacos-grpc-client-executor-8196] INFO  c.a.n.c.r.client - [printIfInfoEnabled,60] - [1eaa3cf4-9e8c-4ab8-820a-692561be596b] Ack server push request, request = NotifySubscriberRequest, requestId = 260
22:36:20.406 [nacos-grpc-client-executor-8199] INFO  c.a.n.c.r.client - [printIfInfoEnabled,60] - [1eaa3cf4-9e8c-4ab8-820a-692561be596b] Receive server push request, request = NotifySubscriberRequest, requestId = 265
22:36:20.407 [nacos-grpc-client-executor-8199] INFO  c.a.n.c.r.client - [printIfInfoEnabled,60] - [1eaa3cf4-9e8c-4ab8-820a-692561be596b] Ack server push request, request = NotifySubscriberRequest, requestId = 265
22:46:34.326 [SpringApplicationShutdownHook] INFO  c.a.c.n.r.NacosServiceRegistry - [deregister,94] - De-registering from Nacos Server now...
22:46:34.331 [SpringApplicationShutdownHook] INFO  c.a.c.n.r.NacosServiceRegistry - [deregister,114] - De-registration finished.
22:46:34.650 [SpringApplicationShutdownHook] INFO  c.a.n.c.r.client - [shutdown,454] - Shutdown rpc client, set status to shutdown
22:46:34.650 [SpringApplicationShutdownHook] INFO  c.a.n.c.r.client - [shutdown,456] - Shutdown client event executor java.util.concurrent.ScheduledThreadPoolExecutor@2172ebd4[Running, pool size = 2, active threads = 2, queued tasks = 0, completed tasks = 0]
22:46:34.651 [SpringApplicationShutdownHook] INFO  c.a.n.c.r.client - [closeConnection,591] - Close current connection 1682162359171_127.0.0.1_55856
22:46:34.658 [nacos-grpc-client-executor-8336] INFO  c.a.n.c.r.c.g.GrpcClient - [printIfInfoEnabled,60] - [1682162359171_127.0.0.1_55856]Ignore complete event,isRunning:false,isAbandon=false
22:46:34.671 [SpringApplicationShutdownHook] INFO  c.a.n.c.r.c.g.GrpcClient - [shutdown,85] - Shutdown grpc executor java.util.concurrent.ThreadPoolExecutor@68ca866e[Running, pool size = 7, active threads = 0, queued tasks = 0, completed tasks = 8337]
22:52:22.148 [background-preinit] INFO  o.h.v.i.util.Version - [<clinit>,21] - HV000001: Hibernate Validator 6.2.5.Final
22:52:22.604 [main] INFO  c.a.n.c.r.client - [lambda$createClient$0,80] - [RpcClientFactory] create a new rpc client of 9cbd929e-fed2-4b90-a73a-e8553e98ea90_config-0
22:52:22.648 [main] INFO  o.r.Reflections - [scan,232] - Reflections took 27 ms to scan 1 urls, producing 3 keys and 6 values 
22:52:22.676 [main] INFO  o.r.Reflections - [scan,232] - Reflections took 14 ms to scan 1 urls, producing 4 keys and 9 values 
22:52:22.691 [main] INFO  o.r.Reflections - [scan,232] - Reflections took 12 ms to scan 1 urls, producing 3 keys and 10 values 
22:52:22.706 [main] INFO  o.r.Reflections - [scan,232] - Reflections took 11 ms to scan 1 urls, producing 1 keys and 5 values 
22:52:22.723 [main] INFO  o.r.Reflections - [scan,232] - Reflections took 15 ms to scan 1 urls, producing 1 keys and 7 values 
22:52:22.736 [main] INFO  o.r.Reflections - [scan,232] - Reflections took 11 ms to scan 1 urls, producing 2 keys and 8 values 
22:52:22.739 [main] INFO  c.a.n.c.r.client - [printIfInfoEnabled,60] - [9cbd929e-fed2-4b90-a73a-e8553e98ea90_config-0] RpcClient init label, labels = {module=config, Vipserver-Tag=null, source=sdk, Amory-Tag=null, Location-Tag=null, taskId=0, AppName=unknown}
22:52:22.739 [main] INFO  c.a.n.c.r.client - [printIfInfoEnabled,60] - [9cbd929e-fed2-4b90-a73a-e8553e98ea90_config-0] Register server push request handler:com.alibaba.nacos.client.config.impl.ClientWorker$ConfigRpcTransportClient$$Lambda$468/0x0000000800f3cc28
22:52:22.740 [main] INFO  c.a.n.c.r.client - [printIfInfoEnabled,60] - [9cbd929e-fed2-4b90-a73a-e8553e98ea90_config-0] Register server push request handler:com.alibaba.nacos.client.config.impl.ClientWorker$ConfigRpcTransportClient$$Lambda$469/0x0000000800f3ce50
22:52:22.740 [main] INFO  c.a.n.c.r.client - [printIfInfoEnabled,60] - [9cbd929e-fed2-4b90-a73a-e8553e98ea90_config-0] Registry connection listener to current client:com.alibaba.nacos.client.config.impl.ClientWorker$ConfigRpcTransportClient$1
22:52:22.741 [main] INFO  c.a.n.c.r.client - [printIfInfoEnabled,60] - [9cbd929e-fed2-4b90-a73a-e8553e98ea90_config-0] RpcClient init, ServerListFactory = com.alibaba.nacos.client.config.impl.ClientWorker$ConfigRpcTransportClient$2
22:52:22.747 [main] INFO  c.a.n.c.r.client - [printIfInfoEnabled,60] - [9cbd929e-fed2-4b90-a73a-e8553e98ea90_config-0] Try to connect to server on start up, server: {serverIp = '127.0.0.1', server main port = 8848}
22:52:23.268 [main] INFO  c.a.n.c.r.client - [printIfInfoEnabled,60] - [9cbd929e-fed2-4b90-a73a-e8553e98ea90_config-0] Success to connect to server [127.0.0.1:8848] on start up, connectionId = 1682261543090_127.0.0.1_62008
22:52:23.270 [com.alibaba.nacos.client.remote.worker] INFO  c.a.n.c.r.client - [printIfInfoEnabled,60] - [9cbd929e-fed2-4b90-a73a-e8553e98ea90_config-0] Notify connected event to listeners.
22:52:23.270 [main] INFO  c.a.n.c.r.client - [printIfInfoEnabled,60] - [9cbd929e-fed2-4b90-a73a-e8553e98ea90_config-0] Register server push request handler:com.alibaba.nacos.common.remote.client.RpcClient$ConnectResetRequestHandler
22:52:23.271 [main] INFO  c.a.n.c.r.client - [printIfInfoEnabled,60] - [9cbd929e-fed2-4b90-a73a-e8553e98ea90_config-0] Register server push request handler:com.alibaba.nacos.common.remote.client.RpcClient$$Lambda$480/0x000000080103d7d8
22:52:23.364 [main] INFO  c.c.a.RuoYiAuthApplication - [logStartupProfileInfo,637] - The following 1 profile is active: "dev"
22:52:25.335 [main] INFO  o.a.c.h.Http11NioProtocol - [log,173] - Initializing ProtocolHandler ["http-nio-9200"]
22:52:25.336 [main] INFO  o.a.c.c.StandardService - [log,173] - Starting service [Tomcat]
22:52:25.336 [main] INFO  o.a.c.c.StandardEngine - [log,173] - Starting Servlet engine: [Apache Tomcat/9.0.70]
22:52:25.513 [main] INFO  o.a.c.c.C.[.[.[/] - [log,173] - Initializing Spring embedded WebApplicationContext
22:52:26.954 [main] INFO  c.a.c.s.SentinelWebMvcConfigurer - [addInterceptors,52] - [Sentinel Starter] register SentinelWebInterceptor with urlPatterns: [/**].
22:52:27.698 [main] INFO  c.a.n.c.r.client - [lambda$createClient$0,80] - [RpcClientFactory] create a new rpc client of de957947-fa2f-40c4-9887-0cc84c715129
22:52:27.698 [main] INFO  c.a.n.c.r.client - [printIfInfoEnabled,60] - [de957947-fa2f-40c4-9887-0cc84c715129] RpcClient init label, labels = {module=naming, source=sdk}
22:52:27.700 [main] INFO  c.a.n.c.r.client - [printIfInfoEnabled,60] - [de957947-fa2f-40c4-9887-0cc84c715129] RpcClient init, ServerListFactory = com.alibaba.nacos.client.naming.core.ServerListManager
22:52:27.700 [main] INFO  c.a.n.c.r.client - [printIfInfoEnabled,60] - [de957947-fa2f-40c4-9887-0cc84c715129] Registry connection listener to current client:com.alibaba.nacos.client.naming.remote.gprc.redo.NamingGrpcRedoService
22:52:27.700 [main] INFO  c.a.n.c.r.client - [printIfInfoEnabled,60] - [de957947-fa2f-40c4-9887-0cc84c715129] Register server push request handler:com.alibaba.nacos.client.naming.remote.gprc.NamingPushRequestHandler
22:52:27.701 [main] INFO  c.a.n.c.r.client - [printIfInfoEnabled,60] - [de957947-fa2f-40c4-9887-0cc84c715129] Try to connect to server on start up, server: {serverIp = '127.0.0.1', server main port = 8848}
22:52:27.837 [main] INFO  c.a.n.c.r.client - [printIfInfoEnabled,60] - [de957947-fa2f-40c4-9887-0cc84c715129] Success to connect to server [127.0.0.1:8848] on start up, connectionId = 1682261547716_127.0.0.1_62016
22:52:27.838 [main] INFO  c.a.n.c.r.client - [printIfInfoEnabled,60] - [de957947-fa2f-40c4-9887-0cc84c715129] Register server push request handler:com.alibaba.nacos.common.remote.client.RpcClient$ConnectResetRequestHandler
22:52:27.838 [com.alibaba.nacos.client.remote.worker] INFO  c.a.n.c.r.client - [printIfInfoEnabled,60] - [de957947-fa2f-40c4-9887-0cc84c715129] Notify connected event to listeners.
22:52:27.838 [main] INFO  c.a.n.c.r.client - [printIfInfoEnabled,60] - [de957947-fa2f-40c4-9887-0cc84c715129] Register server push request handler:com.alibaba.nacos.common.remote.client.RpcClient$$Lambda$480/0x000000080103d7d8
22:52:27.869 [main] INFO  o.a.c.h.Http11NioProtocol - [log,173] - Starting ProtocolHandler ["http-nio-9200"]
22:52:27.888 [main] INFO  c.a.c.n.r.NacosServiceRegistry - [register,75] - nacos registry, DEFAULT_GROUP cms-auth 192.168.1.9:9200 register finished
22:52:27.907 [main] INFO  c.c.a.RuoYiAuthApplication - [logStarted,61] - Started RuoYiAuthApplication in 6.34 seconds (JVM running for 7.049)
22:52:27.915 [main] INFO  c.a.c.n.r.NacosContextRefresher - [registerNacosListener,129] - [Nacos Config] Listening config: dataId=cms-auth.yml, group=DEFAULT_GROUP
22:52:27.916 [main] INFO  c.a.c.n.r.NacosContextRefresher - [registerNacosListener,129] - [Nacos Config] Listening config: dataId=cms-auth, group=DEFAULT_GROUP
22:52:27.917 [main] INFO  c.a.c.n.r.NacosContextRefresher - [registerNacosListener,129] - [Nacos Config] Listening config: dataId=cms-auth-dev.yml, group=DEFAULT_GROUP
22:52:28.280 [RMI TCP Connection(2)-192.168.1.9] INFO  o.a.c.c.C.[.[.[/] - [log,173] - Initializing Spring DispatcherServlet 'dispatcherServlet'
22:52:28.396 [nacos-grpc-client-executor-11] INFO  c.a.n.c.r.client - [printIfInfoEnabled,60] - [de957947-fa2f-40c4-9887-0cc84c715129] Receive server push request, request = NotifySubscriberRequest, requestId = 277
22:52:28.402 [nacos-grpc-client-executor-11] INFO  c.a.n.c.r.client - [printIfInfoEnabled,60] - [de957947-fa2f-40c4-9887-0cc84c715129] Ack server push request, request = NotifySubscriberRequest, requestId = 277
