08:56:46.880 [SpringApplicationShutdownHook] INFO  c.a.c.n.r.NacosServiceRegistry - [deregister,94] - De-registering from Nacos Server now...
08:56:46.912 [SpringApplicationShutdownHook] INFO  c.a.c.n.r.NacosServiceRegistry - [deregister,114] - De-registration finished.
08:56:47.226 [SpringApplicationShutdownHook] INFO  c.a.n.c.r.client - [shutdown,454] - Shutdown rpc client, set status to shutdown
08:56:47.227 [SpringApplicationShutdownHook] INFO  c.a.n.c.r.client - [shutdown,456] - Shutdown client event executor java.util.concurrent.ScheduledThreadPoolExecutor@247d0b85[Running, pool size = 2, active threads = 2, queued tasks = 0, completed tasks = 0]
08:56:47.227 [SpringApplicationShutdownHook] INFO  c.a.n.c.r.client - [closeConnection,591] - Close current connection 1682410154980_127.0.0.1_50752
08:56:47.231 [nacos-grpc-client-executor-5987] INFO  c.a.n.c.r.c.g.GrpcClient - [printIfInfoEnabled,60] - [1682410154980_127.0.0.1_50752]Ignore complete event,isRunning:false,isAbandon=false
08:56:47.243 [SpringApplicationShutdownHook] INFO  c.a.n.c.r.c.g.GrpcClient - [shutdown,85] - Shutdown grpc executor java.util.concurrent.ThreadPoolExecutor@7405184f[Running, pool size = 6, active threads = 0, queued tasks = 0, completed tasks = 5988]
08:57:00.534 [background-preinit] INFO  o.h.v.i.util.Version - [<clinit>,21] - HV000001: Hibernate Validator 6.2.5.Final
08:57:03.890 [background-preinit] INFO  o.h.v.i.util.Version - [<clinit>,21] - HV000001: Hibernate Validator 6.2.5.Final
08:57:04.442 [main] INFO  c.a.n.c.r.client - [lambda$createClient$0,80] - [RpcClientFactory] create a new rpc client of 6af12a9f-7f85-4872-96b8-95261c2e378b_config-0
08:57:04.515 [main] INFO  o.r.Reflections - [scan,232] - Reflections took 40 ms to scan 1 urls, producing 3 keys and 6 values 
08:57:04.548 [main] INFO  o.r.Reflections - [scan,232] - Reflections took 15 ms to scan 1 urls, producing 4 keys and 9 values 
08:57:04.562 [main] INFO  o.r.Reflections - [scan,232] - Reflections took 12 ms to scan 1 urls, producing 3 keys and 10 values 
08:57:04.578 [main] INFO  o.r.Reflections - [scan,232] - Reflections took 13 ms to scan 1 urls, producing 1 keys and 5 values 
08:57:04.594 [main] INFO  o.r.Reflections - [scan,232] - Reflections took 13 ms to scan 1 urls, producing 1 keys and 7 values 
08:57:04.611 [main] INFO  o.r.Reflections - [scan,232] - Reflections took 14 ms to scan 1 urls, producing 2 keys and 8 values 
08:57:04.615 [main] INFO  c.a.n.c.r.client - [printIfInfoEnabled,60] - [6af12a9f-7f85-4872-96b8-95261c2e378b_config-0] RpcClient init label, labels = {module=config, Vipserver-Tag=null, source=sdk, Amory-Tag=null, Location-Tag=null, taskId=0, AppName=unknown}
08:57:04.615 [main] INFO  c.a.n.c.r.client - [printIfInfoEnabled,60] - [6af12a9f-7f85-4872-96b8-95261c2e378b_config-0] Register server push request handler:com.alibaba.nacos.client.config.impl.ClientWorker$ConfigRpcTransportClient$$Lambda$468/0x0000000800f3c4b8
08:57:04.616 [main] INFO  c.a.n.c.r.client - [printIfInfoEnabled,60] - [6af12a9f-7f85-4872-96b8-95261c2e378b_config-0] Register server push request handler:com.alibaba.nacos.client.config.impl.ClientWorker$ConfigRpcTransportClient$$Lambda$469/0x0000000800f3c6e0
08:57:04.617 [main] INFO  c.a.n.c.r.client - [printIfInfoEnabled,60] - [6af12a9f-7f85-4872-96b8-95261c2e378b_config-0] Registry connection listener to current client:com.alibaba.nacos.client.config.impl.ClientWorker$ConfigRpcTransportClient$1
08:57:04.617 [main] INFO  c.a.n.c.r.client - [printIfInfoEnabled,60] - [6af12a9f-7f85-4872-96b8-95261c2e378b_config-0] RpcClient init, ServerListFactory = com.alibaba.nacos.client.config.impl.ClientWorker$ConfigRpcTransportClient$2
08:57:04.627 [main] INFO  c.a.n.c.r.client - [printIfInfoEnabled,60] - [6af12a9f-7f85-4872-96b8-95261c2e378b_config-0] Try to connect to server on start up, server: {serverIp = '127.0.0.1', server main port = 8848}
08:57:05.362 [main] INFO  c.a.n.c.r.client - [printIfInfoEnabled,60] - [6af12a9f-7f85-4872-96b8-95261c2e378b_config-0] Success to connect to server [127.0.0.1:8848] on start up, connectionId = 1682470625165_127.0.0.1_62485
08:57:05.363 [com.alibaba.nacos.client.remote.worker] INFO  c.a.n.c.r.client - [printIfInfoEnabled,60] - [6af12a9f-7f85-4872-96b8-95261c2e378b_config-0] Notify connected event to listeners.
08:57:05.363 [main] INFO  c.a.n.c.r.client - [printIfInfoEnabled,60] - [6af12a9f-7f85-4872-96b8-95261c2e378b_config-0] Register server push request handler:com.alibaba.nacos.common.remote.client.RpcClient$ConnectResetRequestHandler
08:57:05.364 [main] INFO  c.a.n.c.r.client - [printIfInfoEnabled,60] - [6af12a9f-7f85-4872-96b8-95261c2e378b_config-0] Register server push request handler:com.alibaba.nacos.common.remote.client.RpcClient$$Lambda$480/0x000000080103ee38
08:57:05.467 [main] INFO  c.c.a.RuoYiAuthApplication - [logStartupProfileInfo,637] - The following 1 profile is active: "dev"
08:57:07.496 [main] INFO  o.a.c.h.Http11NioProtocol - [log,173] - Initializing ProtocolHandler ["http-nio-9200"]
08:57:07.497 [main] INFO  o.a.c.c.StandardService - [log,173] - Starting service [Tomcat]
08:57:07.497 [main] INFO  o.a.c.c.StandardEngine - [log,173] - Starting Servlet engine: [Apache Tomcat/9.0.70]
08:57:07.689 [main] INFO  o.a.c.c.C.[.[.[/] - [log,173] - Initializing Spring embedded WebApplicationContext
08:57:09.065 [main] INFO  c.a.c.s.SentinelWebMvcConfigurer - [addInterceptors,52] - [Sentinel Starter] register SentinelWebInterceptor with urlPatterns: [/**].
08:57:10.115 [main] INFO  c.a.n.c.r.client - [lambda$createClient$0,80] - [RpcClientFactory] create a new rpc client of a01f8ef9-2c45-4c6c-9c4a-2761912397b9
08:57:10.116 [main] INFO  c.a.n.c.r.client - [printIfInfoEnabled,60] - [a01f8ef9-2c45-4c6c-9c4a-2761912397b9] RpcClient init label, labels = {module=naming, source=sdk}
08:57:10.118 [main] INFO  c.a.n.c.r.client - [printIfInfoEnabled,60] - [a01f8ef9-2c45-4c6c-9c4a-2761912397b9] RpcClient init, ServerListFactory = com.alibaba.nacos.client.naming.core.ServerListManager
08:57:10.118 [main] INFO  c.a.n.c.r.client - [printIfInfoEnabled,60] - [a01f8ef9-2c45-4c6c-9c4a-2761912397b9] Registry connection listener to current client:com.alibaba.nacos.client.naming.remote.gprc.redo.NamingGrpcRedoService
08:57:10.119 [main] INFO  c.a.n.c.r.client - [printIfInfoEnabled,60] - [a01f8ef9-2c45-4c6c-9c4a-2761912397b9] Register server push request handler:com.alibaba.nacos.client.naming.remote.gprc.NamingPushRequestHandler
08:57:10.119 [main] INFO  c.a.n.c.r.client - [printIfInfoEnabled,60] - [a01f8ef9-2c45-4c6c-9c4a-2761912397b9] Try to connect to server on start up, server: {serverIp = '127.0.0.1', server main port = 8848}
08:57:10.251 [main] INFO  c.a.n.c.r.client - [printIfInfoEnabled,60] - [a01f8ef9-2c45-4c6c-9c4a-2761912397b9] Success to connect to server [127.0.0.1:8848] on start up, connectionId = 1682470630132_127.0.0.1_62490
08:57:10.252 [main] INFO  c.a.n.c.r.client - [printIfInfoEnabled,60] - [a01f8ef9-2c45-4c6c-9c4a-2761912397b9] Register server push request handler:com.alibaba.nacos.common.remote.client.RpcClient$ConnectResetRequestHandler
08:57:10.252 [com.alibaba.nacos.client.remote.worker] INFO  c.a.n.c.r.client - [printIfInfoEnabled,60] - [a01f8ef9-2c45-4c6c-9c4a-2761912397b9] Notify connected event to listeners.
08:57:10.252 [main] INFO  c.a.n.c.r.client - [printIfInfoEnabled,60] - [a01f8ef9-2c45-4c6c-9c4a-2761912397b9] Register server push request handler:com.alibaba.nacos.common.remote.client.RpcClient$$Lambda$480/0x000000080103ee38
08:57:10.286 [main] INFO  o.a.c.h.Http11NioProtocol - [log,173] - Starting ProtocolHandler ["http-nio-9200"]
08:57:10.321 [main] INFO  c.a.c.n.r.NacosServiceRegistry - [register,75] - nacos registry, DEFAULT_GROUP cms-auth 172.20.10.2:9200 register finished
08:57:10.345 [main] INFO  c.c.a.RuoYiAuthApplication - [logStarted,61] - Started RuoYiAuthApplication in 7.038 seconds (JVM running for 7.736)
08:57:10.354 [main] INFO  c.a.c.n.r.NacosContextRefresher - [registerNacosListener,129] - [Nacos Config] Listening config: dataId=cms-auth.yml, group=DEFAULT_GROUP
08:57:10.354 [main] INFO  c.a.c.n.r.NacosContextRefresher - [registerNacosListener,129] - [Nacos Config] Listening config: dataId=cms-auth, group=DEFAULT_GROUP
08:57:10.355 [main] INFO  c.a.c.n.r.NacosContextRefresher - [registerNacosListener,129] - [Nacos Config] Listening config: dataId=cms-auth-dev.yml, group=DEFAULT_GROUP
08:57:10.525 [RMI TCP Connection(3)-127.0.0.1] INFO  o.a.c.c.C.[.[.[/] - [log,173] - Initializing Spring DispatcherServlet 'dispatcherServlet'
08:57:10.846 [nacos-grpc-client-executor-11] INFO  c.a.n.c.r.client - [printIfInfoEnabled,60] - [a01f8ef9-2c45-4c6c-9c4a-2761912397b9] Receive server push request, request = NotifySubscriberRequest, requestId = 526
08:57:10.850 [nacos-grpc-client-executor-11] INFO  c.a.n.c.r.client - [printIfInfoEnabled,60] - [a01f8ef9-2c45-4c6c-9c4a-2761912397b9] Ack server push request, request = NotifySubscriberRequest, requestId = 526
09:03:13.367 [nacos-grpc-client-executor-128] INFO  c.a.n.c.r.client - [printIfInfoEnabled,60] - [a01f8ef9-2c45-4c6c-9c4a-2761912397b9] Receive server push request, request = NotifySubscriberRequest, requestId = 550
09:03:13.367 [nacos-grpc-client-executor-128] INFO  c.a.n.c.r.client - [printIfInfoEnabled,60] - [a01f8ef9-2c45-4c6c-9c4a-2761912397b9] Ack server push request, request = NotifySubscriberRequest, requestId = 550
09:15:14.944 [nacos-grpc-client-executor-333] INFO  c.a.n.c.r.client - [printIfInfoEnabled,60] - [a01f8ef9-2c45-4c6c-9c4a-2761912397b9] Receive server push request, request = NotifySubscriberRequest, requestId = 561
09:15:14.947 [nacos-grpc-client-executor-333] INFO  c.a.n.c.r.client - [printIfInfoEnabled,60] - [a01f8ef9-2c45-4c6c-9c4a-2761912397b9] Ack server push request, request = NotifySubscriberRequest, requestId = 561
09:15:28.487 [nacos-grpc-client-executor-338] INFO  c.a.n.c.r.client - [printIfInfoEnabled,60] - [a01f8ef9-2c45-4c6c-9c4a-2761912397b9] Receive server push request, request = NotifySubscriberRequest, requestId = 564
09:15:28.490 [nacos-grpc-client-executor-338] INFO  c.a.n.c.r.client - [printIfInfoEnabled,60] - [a01f8ef9-2c45-4c6c-9c4a-2761912397b9] Ack server push request, request = NotifySubscriberRequest, requestId = 564
09:16:09.490 [SpringApplicationShutdownHook] INFO  c.a.c.n.r.NacosServiceRegistry - [deregister,94] - De-registering from Nacos Server now...
09:16:09.492 [SpringApplicationShutdownHook] INFO  c.a.c.n.r.NacosServiceRegistry - [deregister,114] - De-registration finished.
09:16:09.805 [SpringApplicationShutdownHook] INFO  c.a.n.c.r.client - [shutdown,454] - Shutdown rpc client, set status to shutdown
09:16:09.806 [SpringApplicationShutdownHook] INFO  c.a.n.c.r.client - [shutdown,456] - Shutdown client event executor java.util.concurrent.ScheduledThreadPoolExecutor@571d9975[Running, pool size = 2, active threads = 2, queued tasks = 0, completed tasks = 0]
09:16:09.806 [SpringApplicationShutdownHook] INFO  c.a.n.c.r.client - [closeConnection,591] - Close current connection 1682470630132_127.0.0.1_62490
09:16:09.807 [nacos-grpc-client-executor-355] INFO  c.a.n.c.r.c.g.GrpcClient - [printIfInfoEnabled,60] - [1682470630132_127.0.0.1_62490]Ignore complete event,isRunning:false,isAbandon=false
09:16:09.813 [SpringApplicationShutdownHook] INFO  c.a.n.c.r.c.g.GrpcClient - [shutdown,85] - Shutdown grpc executor java.util.concurrent.ThreadPoolExecutor@dcec006[Running, pool size = 8, active threads = 0, queued tasks = 0, completed tasks = 356]
09:16:13.761 [background-preinit] INFO  o.h.v.i.util.Version - [<clinit>,21] - HV000001: Hibernate Validator 6.2.5.Final
09:16:14.258 [main] INFO  c.a.n.c.r.client - [lambda$createClient$0,80] - [RpcClientFactory] create a new rpc client of 3e6d5508-1a5c-4acb-836c-400fdce10f49_config-0
09:16:14.307 [main] INFO  o.r.Reflections - [scan,232] - Reflections took 30 ms to scan 1 urls, producing 3 keys and 6 values 
09:16:14.335 [main] INFO  o.r.Reflections - [scan,232] - Reflections took 15 ms to scan 1 urls, producing 4 keys and 9 values 
09:16:14.351 [main] INFO  o.r.Reflections - [scan,232] - Reflections took 14 ms to scan 1 urls, producing 3 keys and 10 values 
09:16:14.368 [main] INFO  o.r.Reflections - [scan,232] - Reflections took 12 ms to scan 1 urls, producing 1 keys and 5 values 
09:16:14.385 [main] INFO  o.r.Reflections - [scan,232] - Reflections took 15 ms to scan 1 urls, producing 1 keys and 7 values 
09:16:14.411 [main] INFO  o.r.Reflections - [scan,232] - Reflections took 22 ms to scan 1 urls, producing 2 keys and 8 values 
09:16:14.418 [main] INFO  c.a.n.c.r.client - [printIfInfoEnabled,60] - [3e6d5508-1a5c-4acb-836c-400fdce10f49_config-0] RpcClient init label, labels = {module=config, Vipserver-Tag=null, source=sdk, Amory-Tag=null, Location-Tag=null, taskId=0, AppName=unknown}
09:16:14.420 [main] INFO  c.a.n.c.r.client - [printIfInfoEnabled,60] - [3e6d5508-1a5c-4acb-836c-400fdce10f49_config-0] Register server push request handler:com.alibaba.nacos.client.config.impl.ClientWorker$ConfigRpcTransportClient$$Lambda$468/0x0000000800f3c4b8
09:16:14.420 [main] INFO  c.a.n.c.r.client - [printIfInfoEnabled,60] - [3e6d5508-1a5c-4acb-836c-400fdce10f49_config-0] Register server push request handler:com.alibaba.nacos.client.config.impl.ClientWorker$ConfigRpcTransportClient$$Lambda$469/0x0000000800f3c6e0
09:16:14.421 [main] INFO  c.a.n.c.r.client - [printIfInfoEnabled,60] - [3e6d5508-1a5c-4acb-836c-400fdce10f49_config-0] Registry connection listener to current client:com.alibaba.nacos.client.config.impl.ClientWorker$ConfigRpcTransportClient$1
09:16:14.423 [main] INFO  c.a.n.c.r.client - [printIfInfoEnabled,60] - [3e6d5508-1a5c-4acb-836c-400fdce10f49_config-0] RpcClient init, ServerListFactory = com.alibaba.nacos.client.config.impl.ClientWorker$ConfigRpcTransportClient$2
09:16:14.444 [main] INFO  c.a.n.c.r.client - [printIfInfoEnabled,60] - [3e6d5508-1a5c-4acb-836c-400fdce10f49_config-0] Try to connect to server on start up, server: {serverIp = '127.0.0.1', server main port = 8848}
09:16:15.016 [main] INFO  c.a.n.c.r.client - [printIfInfoEnabled,60] - [3e6d5508-1a5c-4acb-836c-400fdce10f49_config-0] Success to connect to server [127.0.0.1:8848] on start up, connectionId = 1682471774827_127.0.0.1_64194
09:16:15.018 [com.alibaba.nacos.client.remote.worker] INFO  c.a.n.c.r.client - [printIfInfoEnabled,60] - [3e6d5508-1a5c-4acb-836c-400fdce10f49_config-0] Notify connected event to listeners.
09:16:15.018 [main] INFO  c.a.n.c.r.client - [printIfInfoEnabled,60] - [3e6d5508-1a5c-4acb-836c-400fdce10f49_config-0] Register server push request handler:com.alibaba.nacos.common.remote.client.RpcClient$ConnectResetRequestHandler
09:16:15.018 [main] INFO  c.a.n.c.r.client - [printIfInfoEnabled,60] - [3e6d5508-1a5c-4acb-836c-400fdce10f49_config-0] Register server push request handler:com.alibaba.nacos.common.remote.client.RpcClient$$Lambda$480/0x000000080103cdb0
09:16:15.095 [main] INFO  c.c.a.RuoYiAuthApplication - [logStartupProfileInfo,637] - The following 1 profile is active: "dev"
09:16:17.085 [main] INFO  o.a.c.h.Http11NioProtocol - [log,173] - Initializing ProtocolHandler ["http-nio-9200"]
09:16:17.086 [main] INFO  o.a.c.c.StandardService - [log,173] - Starting service [Tomcat]
09:16:17.086 [main] INFO  o.a.c.c.StandardEngine - [log,173] - Starting Servlet engine: [Apache Tomcat/9.0.70]
09:16:17.225 [main] INFO  o.a.c.c.C.[.[.[/] - [log,173] - Initializing Spring embedded WebApplicationContext
09:16:18.195 [main] INFO  c.a.c.s.SentinelWebMvcConfigurer - [addInterceptors,52] - [Sentinel Starter] register SentinelWebInterceptor with urlPatterns: [/**].
09:16:18.853 [main] INFO  c.a.n.c.r.client - [lambda$createClient$0,80] - [RpcClientFactory] create a new rpc client of 89e5134b-4f95-4de0-adc5-64565db582a4
09:16:18.854 [main] INFO  c.a.n.c.r.client - [printIfInfoEnabled,60] - [89e5134b-4f95-4de0-adc5-64565db582a4] RpcClient init label, labels = {module=naming, source=sdk}
09:16:18.856 [main] INFO  c.a.n.c.r.client - [printIfInfoEnabled,60] - [89e5134b-4f95-4de0-adc5-64565db582a4] RpcClient init, ServerListFactory = com.alibaba.nacos.client.naming.core.ServerListManager
09:16:18.856 [main] INFO  c.a.n.c.r.client - [printIfInfoEnabled,60] - [89e5134b-4f95-4de0-adc5-64565db582a4] Registry connection listener to current client:com.alibaba.nacos.client.naming.remote.gprc.redo.NamingGrpcRedoService
09:16:18.856 [main] INFO  c.a.n.c.r.client - [printIfInfoEnabled,60] - [89e5134b-4f95-4de0-adc5-64565db582a4] Register server push request handler:com.alibaba.nacos.client.naming.remote.gprc.NamingPushRequestHandler
09:16:18.857 [main] INFO  c.a.n.c.r.client - [printIfInfoEnabled,60] - [89e5134b-4f95-4de0-adc5-64565db582a4] Try to connect to server on start up, server: {serverIp = '127.0.0.1', server main port = 8848}
09:16:18.990 [main] INFO  c.a.n.c.r.client - [printIfInfoEnabled,60] - [89e5134b-4f95-4de0-adc5-64565db582a4] Success to connect to server [127.0.0.1:8848] on start up, connectionId = 1682471778871_127.0.0.1_64213
09:16:18.990 [main] INFO  c.a.n.c.r.client - [printIfInfoEnabled,60] - [89e5134b-4f95-4de0-adc5-64565db582a4] Register server push request handler:com.alibaba.nacos.common.remote.client.RpcClient$ConnectResetRequestHandler
09:16:18.991 [com.alibaba.nacos.client.remote.worker] INFO  c.a.n.c.r.client - [printIfInfoEnabled,60] - [89e5134b-4f95-4de0-adc5-64565db582a4] Notify connected event to listeners.
09:16:18.991 [main] INFO  c.a.n.c.r.client - [printIfInfoEnabled,60] - [89e5134b-4f95-4de0-adc5-64565db582a4] Register server push request handler:com.alibaba.nacos.common.remote.client.RpcClient$$Lambda$480/0x000000080103cdb0
09:16:19.016 [main] INFO  o.a.c.h.Http11NioProtocol - [log,173] - Starting ProtocolHandler ["http-nio-9200"]
09:16:19.041 [main] INFO  c.a.c.n.r.NacosServiceRegistry - [register,75] - nacos registry, DEFAULT_GROUP cms-auth 172.20.10.2:9200 register finished
09:16:19.061 [main] INFO  c.c.a.RuoYiAuthApplication - [logStarted,61] - Started RuoYiAuthApplication in 6.089 seconds (JVM running for 6.975)
09:16:19.069 [main] INFO  c.a.c.n.r.NacosContextRefresher - [registerNacosListener,129] - [Nacos Config] Listening config: dataId=cms-auth.yml, group=DEFAULT_GROUP
09:16:19.069 [main] INFO  c.a.c.n.r.NacosContextRefresher - [registerNacosListener,129] - [Nacos Config] Listening config: dataId=cms-auth, group=DEFAULT_GROUP
09:16:19.070 [main] INFO  c.a.c.n.r.NacosContextRefresher - [registerNacosListener,129] - [Nacos Config] Listening config: dataId=cms-auth-dev.yml, group=DEFAULT_GROUP
09:16:19.133 [RMI TCP Connection(5)-127.0.0.1] INFO  o.a.c.c.C.[.[.[/] - [log,173] - Initializing Spring DispatcherServlet 'dispatcherServlet'
09:16:19.543 [nacos-grpc-client-executor-11] INFO  c.a.n.c.r.client - [printIfInfoEnabled,60] - [89e5134b-4f95-4de0-adc5-64565db582a4] Receive server push request, request = NotifySubscriberRequest, requestId = 584
09:16:19.546 [nacos-grpc-client-executor-11] INFO  c.a.n.c.r.client - [printIfInfoEnabled,60] - [89e5134b-4f95-4de0-adc5-64565db582a4] Ack server push request, request = NotifySubscriberRequest, requestId = 584
09:16:26.436 [nacos-grpc-client-executor-16] INFO  c.a.n.c.r.client - [printIfInfoEnabled,60] - [89e5134b-4f95-4de0-adc5-64565db582a4] Receive server push request, request = NotifySubscriberRequest, requestId = 585
09:16:26.437 [nacos-grpc-client-executor-16] INFO  c.a.n.c.r.client - [printIfInfoEnabled,60] - [89e5134b-4f95-4de0-adc5-64565db582a4] Ack server push request, request = NotifySubscriberRequest, requestId = 585
09:16:40.143 [SpringApplicationShutdownHook] INFO  c.a.c.n.r.NacosServiceRegistry - [deregister,94] - De-registering from Nacos Server now...
09:16:40.147 [SpringApplicationShutdownHook] INFO  c.a.c.n.r.NacosServiceRegistry - [deregister,114] - De-registration finished.
09:16:40.461 [SpringApplicationShutdownHook] INFO  c.a.n.c.r.client - [shutdown,454] - Shutdown rpc client, set status to shutdown
09:16:40.463 [SpringApplicationShutdownHook] INFO  c.a.n.c.r.client - [shutdown,456] - Shutdown client event executor java.util.concurrent.ScheduledThreadPoolExecutor@2eceb4cd[Running, pool size = 2, active threads = 2, queued tasks = 0, completed tasks = 0]
09:16:40.463 [SpringApplicationShutdownHook] INFO  c.a.n.c.r.client - [closeConnection,591] - Close current connection 1682471778871_127.0.0.1_64213
09:16:40.466 [nacos-grpc-client-executor-25] INFO  c.a.n.c.r.c.g.GrpcClient - [printIfInfoEnabled,60] - [1682471778871_127.0.0.1_64213]Ignore complete event,isRunning:false,isAbandon=false
09:16:40.468 [SpringApplicationShutdownHook] INFO  c.a.n.c.r.c.g.GrpcClient - [shutdown,85] - Shutdown grpc executor java.util.concurrent.ThreadPoolExecutor@1b4a686e[Running, pool size = 8, active threads = 0, queued tasks = 0, completed tasks = 26]
09:17:31.434 [background-preinit] INFO  o.h.v.i.util.Version - [<clinit>,21] - HV000001: Hibernate Validator 6.2.5.Final
09:17:31.919 [main] INFO  c.a.n.c.r.client - [lambda$createClient$0,80] - [RpcClientFactory] create a new rpc client of 82911f86-1cf9-4124-b7a1-5e20a8cba8f8_config-0
09:17:31.968 [main] INFO  o.r.Reflections - [scan,232] - Reflections took 32 ms to scan 1 urls, producing 3 keys and 6 values 
09:17:32.001 [main] INFO  o.r.Reflections - [scan,232] - Reflections took 15 ms to scan 1 urls, producing 4 keys and 9 values 
09:17:32.016 [main] INFO  o.r.Reflections - [scan,232] - Reflections took 13 ms to scan 1 urls, producing 3 keys and 10 values 
09:17:32.034 [main] INFO  o.r.Reflections - [scan,232] - Reflections took 14 ms to scan 1 urls, producing 1 keys and 5 values 
09:17:32.052 [main] INFO  o.r.Reflections - [scan,232] - Reflections took 16 ms to scan 1 urls, producing 1 keys and 7 values 
09:17:32.067 [main] INFO  o.r.Reflections - [scan,232] - Reflections took 13 ms to scan 1 urls, producing 2 keys and 8 values 
09:17:32.070 [main] INFO  c.a.n.c.r.client - [printIfInfoEnabled,60] - [82911f86-1cf9-4124-b7a1-5e20a8cba8f8_config-0] RpcClient init label, labels = {module=config, Vipserver-Tag=null, source=sdk, Amory-Tag=null, Location-Tag=null, taskId=0, AppName=unknown}
09:17:32.070 [main] INFO  c.a.n.c.r.client - [printIfInfoEnabled,60] - [82911f86-1cf9-4124-b7a1-5e20a8cba8f8_config-0] Register server push request handler:com.alibaba.nacos.client.config.impl.ClientWorker$ConfigRpcTransportClient$$Lambda$468/0x0000000800f1d5f0
09:17:32.071 [main] INFO  c.a.n.c.r.client - [printIfInfoEnabled,60] - [82911f86-1cf9-4124-b7a1-5e20a8cba8f8_config-0] Register server push request handler:com.alibaba.nacos.client.config.impl.ClientWorker$ConfigRpcTransportClient$$Lambda$469/0x0000000800f1d818
09:17:32.071 [main] INFO  c.a.n.c.r.client - [printIfInfoEnabled,60] - [82911f86-1cf9-4124-b7a1-5e20a8cba8f8_config-0] Registry connection listener to current client:com.alibaba.nacos.client.config.impl.ClientWorker$ConfigRpcTransportClient$1
09:17:32.072 [main] INFO  c.a.n.c.r.client - [printIfInfoEnabled,60] - [82911f86-1cf9-4124-b7a1-5e20a8cba8f8_config-0] RpcClient init, ServerListFactory = com.alibaba.nacos.client.config.impl.ClientWorker$ConfigRpcTransportClient$2
09:17:32.081 [main] INFO  c.a.n.c.r.client - [printIfInfoEnabled,60] - [82911f86-1cf9-4124-b7a1-5e20a8cba8f8_config-0] Try to connect to server on start up, server: {serverIp = '127.0.0.1', server main port = 8848}
09:17:32.761 [main] INFO  c.a.n.c.r.client - [printIfInfoEnabled,60] - [82911f86-1cf9-4124-b7a1-5e20a8cba8f8_config-0] Success to connect to server [127.0.0.1:8848] on start up, connectionId = 1682471852548_127.0.0.1_64331
09:17:32.762 [com.alibaba.nacos.client.remote.worker] INFO  c.a.n.c.r.client - [printIfInfoEnabled,60] - [82911f86-1cf9-4124-b7a1-5e20a8cba8f8_config-0] Notify connected event to listeners.
09:17:32.762 [main] INFO  c.a.n.c.r.client - [printIfInfoEnabled,60] - [82911f86-1cf9-4124-b7a1-5e20a8cba8f8_config-0] Register server push request handler:com.alibaba.nacos.common.remote.client.RpcClient$ConnectResetRequestHandler
09:17:32.763 [main] INFO  c.a.n.c.r.client - [printIfInfoEnabled,60] - [82911f86-1cf9-4124-b7a1-5e20a8cba8f8_config-0] Register server push request handler:com.alibaba.nacos.common.remote.client.RpcClient$$Lambda$480/0x000000080101e0e8
09:17:32.858 [main] INFO  c.c.a.RuoYiAuthApplication - [logStartupProfileInfo,637] - The following 1 profile is active: "dev"
09:17:35.096 [main] INFO  o.a.c.h.Http11NioProtocol - [log,173] - Initializing ProtocolHandler ["http-nio-9200"]
09:17:35.096 [main] INFO  o.a.c.c.StandardService - [log,173] - Starting service [Tomcat]
09:17:35.096 [main] INFO  o.a.c.c.StandardEngine - [log,173] - Starting Servlet engine: [Apache Tomcat/9.0.70]
09:17:35.215 [main] INFO  o.a.c.c.C.[.[.[/] - [log,173] - Initializing Spring embedded WebApplicationContext
09:17:36.923 [main] INFO  c.a.c.s.SentinelWebMvcConfigurer - [addInterceptors,52] - [Sentinel Starter] register SentinelWebInterceptor with urlPatterns: [/**].
09:17:37.700 [main] INFO  c.a.n.c.r.client - [lambda$createClient$0,80] - [RpcClientFactory] create a new rpc client of 1eeece89-3a36-4007-bed8-8968e813de77
09:17:37.700 [main] INFO  c.a.n.c.r.client - [printIfInfoEnabled,60] - [1eeece89-3a36-4007-bed8-8968e813de77] RpcClient init label, labels = {module=naming, source=sdk}
09:17:37.702 [main] INFO  c.a.n.c.r.client - [printIfInfoEnabled,60] - [1eeece89-3a36-4007-bed8-8968e813de77] RpcClient init, ServerListFactory = com.alibaba.nacos.client.naming.core.ServerListManager
09:17:37.702 [main] INFO  c.a.n.c.r.client - [printIfInfoEnabled,60] - [1eeece89-3a36-4007-bed8-8968e813de77] Registry connection listener to current client:com.alibaba.nacos.client.naming.remote.gprc.redo.NamingGrpcRedoService
09:17:37.702 [main] INFO  c.a.n.c.r.client - [printIfInfoEnabled,60] - [1eeece89-3a36-4007-bed8-8968e813de77] Register server push request handler:com.alibaba.nacos.client.naming.remote.gprc.NamingPushRequestHandler
09:17:37.703 [main] INFO  c.a.n.c.r.client - [printIfInfoEnabled,60] - [1eeece89-3a36-4007-bed8-8968e813de77] Try to connect to server on start up, server: {serverIp = '127.0.0.1', server main port = 8848}
09:17:37.833 [main] INFO  c.a.n.c.r.client - [printIfInfoEnabled,60] - [1eeece89-3a36-4007-bed8-8968e813de77] Success to connect to server [127.0.0.1:8848] on start up, connectionId = 1682471857716_127.0.0.1_64339
09:17:37.833 [main] INFO  c.a.n.c.r.client - [printIfInfoEnabled,60] - [1eeece89-3a36-4007-bed8-8968e813de77] Register server push request handler:com.alibaba.nacos.common.remote.client.RpcClient$ConnectResetRequestHandler
09:17:37.833 [com.alibaba.nacos.client.remote.worker] INFO  c.a.n.c.r.client - [printIfInfoEnabled,60] - [1eeece89-3a36-4007-bed8-8968e813de77] Notify connected event to listeners.
09:17:37.834 [main] INFO  c.a.n.c.r.client - [printIfInfoEnabled,60] - [1eeece89-3a36-4007-bed8-8968e813de77] Register server push request handler:com.alibaba.nacos.common.remote.client.RpcClient$$Lambda$480/0x000000080101e0e8
09:17:37.863 [main] INFO  o.a.c.h.Http11NioProtocol - [log,173] - Starting ProtocolHandler ["http-nio-9200"]
09:17:37.880 [main] INFO  c.a.c.n.r.NacosServiceRegistry - [register,75] - nacos registry, DEFAULT_GROUP cms-auth 172.20.10.2:9200 register finished
09:17:37.900 [main] INFO  c.c.a.RuoYiAuthApplication - [logStarted,61] - Started RuoYiAuthApplication in 7.177 seconds (JVM running for 8.313)
09:17:37.906 [main] INFO  c.a.c.n.r.NacosContextRefresher - [registerNacosListener,129] - [Nacos Config] Listening config: dataId=cms-auth.yml, group=DEFAULT_GROUP
09:17:37.907 [main] INFO  c.a.c.n.r.NacosContextRefresher - [registerNacosListener,129] - [Nacos Config] Listening config: dataId=cms-auth, group=DEFAULT_GROUP
09:17:37.907 [main] INFO  c.a.c.n.r.NacosContextRefresher - [registerNacosListener,129] - [Nacos Config] Listening config: dataId=cms-auth-dev.yml, group=DEFAULT_GROUP
09:17:38.065 [RMI TCP Connection(2)-127.0.0.1] INFO  o.a.c.c.C.[.[.[/] - [log,173] - Initializing Spring DispatcherServlet 'dispatcherServlet'
09:17:38.359 [nacos-grpc-client-executor-11] INFO  c.a.n.c.r.client - [printIfInfoEnabled,60] - [1eeece89-3a36-4007-bed8-8968e813de77] Receive server push request, request = NotifySubscriberRequest, requestId = 592
09:17:38.361 [nacos-grpc-client-executor-11] INFO  c.a.n.c.r.client - [printIfInfoEnabled,60] - [1eeece89-3a36-4007-bed8-8968e813de77] Ack server push request, request = NotifySubscriberRequest, requestId = 592
09:19:29.000 [nacos-grpc-client-executor-54] INFO  c.a.n.c.r.client - [printIfInfoEnabled,60] - [1eeece89-3a36-4007-bed8-8968e813de77] Receive server push request, request = NotifySubscriberRequest, requestId = 615
09:19:29.001 [nacos-grpc-client-executor-54] INFO  c.a.n.c.r.client - [printIfInfoEnabled,60] - [1eeece89-3a36-4007-bed8-8968e813de77] Ack server push request, request = NotifySubscriberRequest, requestId = 615
09:27:15.061 [SpringApplicationShutdownHook] INFO  c.a.c.n.r.NacosServiceRegistry - [deregister,94] - De-registering from Nacos Server now...
09:27:15.064 [SpringApplicationShutdownHook] INFO  c.a.c.n.r.NacosServiceRegistry - [deregister,114] - De-registration finished.
09:27:15.375 [SpringApplicationShutdownHook] INFO  c.a.n.c.r.client - [shutdown,454] - Shutdown rpc client, set status to shutdown
09:27:15.375 [SpringApplicationShutdownHook] INFO  c.a.n.c.r.client - [shutdown,456] - Shutdown client event executor java.util.concurrent.ScheduledThreadPoolExecutor@573e48c[Running, pool size = 2, active threads = 2, queued tasks = 0, completed tasks = 0]
09:27:15.376 [SpringApplicationShutdownHook] INFO  c.a.n.c.r.client - [closeConnection,591] - Close current connection 1682471857716_127.0.0.1_64339
09:27:15.377 [nacos-grpc-client-executor-179] INFO  c.a.n.c.r.c.g.GrpcClient - [printIfInfoEnabled,60] - [1682471857716_127.0.0.1_64339]Ignore complete event,isRunning:false,isAbandon=false
09:27:15.379 [SpringApplicationShutdownHook] INFO  c.a.n.c.r.c.g.GrpcClient - [shutdown,85] - Shutdown grpc executor java.util.concurrent.ThreadPoolExecutor@65084d64[Running, pool size = 5, active threads = 0, queued tasks = 0, completed tasks = 180]
09:47:18.210 [background-preinit] INFO  o.h.v.i.util.Version - [<clinit>,21] - HV000001: Hibernate Validator 6.2.5.Final
09:47:18.842 [main] INFO  c.a.n.c.r.client - [lambda$createClient$0,80] - [RpcClientFactory] create a new rpc client of 6538ffa4-6c2d-4f73-8237-48a0c83547d9_config-0
09:47:18.904 [main] INFO  o.r.Reflections - [scan,232] - Reflections took 38 ms to scan 1 urls, producing 3 keys and 6 values 
09:47:18.940 [main] INFO  o.r.Reflections - [scan,232] - Reflections took 19 ms to scan 1 urls, producing 4 keys and 9 values 
09:47:18.961 [main] INFO  o.r.Reflections - [scan,232] - Reflections took 18 ms to scan 1 urls, producing 3 keys and 10 values 
09:47:18.985 [main] INFO  o.r.Reflections - [scan,232] - Reflections took 17 ms to scan 1 urls, producing 1 keys and 5 values 
09:47:19.004 [main] INFO  o.r.Reflections - [scan,232] - Reflections took 15 ms to scan 1 urls, producing 1 keys and 7 values 
09:47:19.031 [main] INFO  o.r.Reflections - [scan,232] - Reflections took 23 ms to scan 1 urls, producing 2 keys and 8 values 
09:47:19.036 [main] INFO  c.a.n.c.r.client - [printIfInfoEnabled,60] - [6538ffa4-6c2d-4f73-8237-48a0c83547d9_config-0] RpcClient init label, labels = {module=config, Vipserver-Tag=null, source=sdk, Amory-Tag=null, Location-Tag=null, taskId=0, AppName=unknown}
09:47:19.038 [main] INFO  c.a.n.c.r.client - [printIfInfoEnabled,60] - [6538ffa4-6c2d-4f73-8237-48a0c83547d9_config-0] Register server push request handler:com.alibaba.nacos.client.config.impl.ClientWorker$ConfigRpcTransportClient$$Lambda$468/0x0000000800f3d5f0
09:47:19.039 [main] INFO  c.a.n.c.r.client - [printIfInfoEnabled,60] - [6538ffa4-6c2d-4f73-8237-48a0c83547d9_config-0] Register server push request handler:com.alibaba.nacos.client.config.impl.ClientWorker$ConfigRpcTransportClient$$Lambda$469/0x0000000800f3d818
09:47:19.040 [main] INFO  c.a.n.c.r.client - [printIfInfoEnabled,60] - [6538ffa4-6c2d-4f73-8237-48a0c83547d9_config-0] Registry connection listener to current client:com.alibaba.nacos.client.config.impl.ClientWorker$ConfigRpcTransportClient$1
09:47:19.041 [main] INFO  c.a.n.c.r.client - [printIfInfoEnabled,60] - [6538ffa4-6c2d-4f73-8237-48a0c83547d9_config-0] RpcClient init, ServerListFactory = com.alibaba.nacos.client.config.impl.ClientWorker$ConfigRpcTransportClient$2
09:47:19.050 [main] INFO  c.a.n.c.r.client - [printIfInfoEnabled,60] - [6538ffa4-6c2d-4f73-8237-48a0c83547d9_config-0] Try to connect to server on start up, server: {serverIp = '127.0.0.1', server main port = 8848}
09:47:19.931 [main] INFO  c.a.n.c.r.client - [printIfInfoEnabled,60] - [6538ffa4-6c2d-4f73-8237-48a0c83547d9_config-0] Success to connect to server [127.0.0.1:8848] on start up, connectionId = 1682473639666_127.0.0.1_49337
09:47:19.932 [com.alibaba.nacos.client.remote.worker] INFO  c.a.n.c.r.client - [printIfInfoEnabled,60] - [6538ffa4-6c2d-4f73-8237-48a0c83547d9_config-0] Notify connected event to listeners.
09:47:19.933 [main] INFO  c.a.n.c.r.client - [printIfInfoEnabled,60] - [6538ffa4-6c2d-4f73-8237-48a0c83547d9_config-0] Register server push request handler:com.alibaba.nacos.common.remote.client.RpcClient$ConnectResetRequestHandler
09:47:19.933 [main] INFO  c.a.n.c.r.client - [printIfInfoEnabled,60] - [6538ffa4-6c2d-4f73-8237-48a0c83547d9_config-0] Register server push request handler:com.alibaba.nacos.common.remote.client.RpcClient$$Lambda$480/0x000000080103d7d8
09:47:20.092 [main] INFO  c.c.a.RuoYiAuthApplication - [logStartupProfileInfo,637] - The following 1 profile is active: "dev"
09:47:22.183 [main] INFO  o.a.c.h.Http11NioProtocol - [log,173] - Initializing ProtocolHandler ["http-nio-9200"]
09:47:22.183 [main] INFO  o.a.c.c.StandardService - [log,173] - Starting service [Tomcat]
09:47:22.183 [main] INFO  o.a.c.c.StandardEngine - [log,173] - Starting Servlet engine: [Apache Tomcat/9.0.70]
09:47:22.327 [main] INFO  o.a.c.c.C.[.[.[/] - [log,173] - Initializing Spring embedded WebApplicationContext
09:47:23.417 [main] INFO  c.a.c.s.SentinelWebMvcConfigurer - [addInterceptors,52] - [Sentinel Starter] register SentinelWebInterceptor with urlPatterns: [/**].
09:47:24.423 [main] INFO  c.a.n.c.r.client - [lambda$createClient$0,80] - [RpcClientFactory] create a new rpc client of 4ab3661b-2c01-45dd-86d4-ce6c3b3bc8b3
09:47:24.424 [main] INFO  c.a.n.c.r.client - [printIfInfoEnabled,60] - [4ab3661b-2c01-45dd-86d4-ce6c3b3bc8b3] RpcClient init label, labels = {module=naming, source=sdk}
09:47:24.426 [main] INFO  c.a.n.c.r.client - [printIfInfoEnabled,60] - [4ab3661b-2c01-45dd-86d4-ce6c3b3bc8b3] RpcClient init, ServerListFactory = com.alibaba.nacos.client.naming.core.ServerListManager
09:47:24.427 [main] INFO  c.a.n.c.r.client - [printIfInfoEnabled,60] - [4ab3661b-2c01-45dd-86d4-ce6c3b3bc8b3] Registry connection listener to current client:com.alibaba.nacos.client.naming.remote.gprc.redo.NamingGrpcRedoService
09:47:24.427 [main] INFO  c.a.n.c.r.client - [printIfInfoEnabled,60] - [4ab3661b-2c01-45dd-86d4-ce6c3b3bc8b3] Register server push request handler:com.alibaba.nacos.client.naming.remote.gprc.NamingPushRequestHandler
09:47:24.428 [main] INFO  c.a.n.c.r.client - [printIfInfoEnabled,60] - [4ab3661b-2c01-45dd-86d4-ce6c3b3bc8b3] Try to connect to server on start up, server: {serverIp = '127.0.0.1', server main port = 8848}
09:47:24.563 [main] INFO  c.a.n.c.r.client - [printIfInfoEnabled,60] - [4ab3661b-2c01-45dd-86d4-ce6c3b3bc8b3] Success to connect to server [127.0.0.1:8848] on start up, connectionId = 1682473644443_127.0.0.1_49344
09:47:24.563 [main] INFO  c.a.n.c.r.client - [printIfInfoEnabled,60] - [4ab3661b-2c01-45dd-86d4-ce6c3b3bc8b3] Register server push request handler:com.alibaba.nacos.common.remote.client.RpcClient$ConnectResetRequestHandler
09:47:24.563 [com.alibaba.nacos.client.remote.worker] INFO  c.a.n.c.r.client - [printIfInfoEnabled,60] - [4ab3661b-2c01-45dd-86d4-ce6c3b3bc8b3] Notify connected event to listeners.
09:47:24.563 [main] INFO  c.a.n.c.r.client - [printIfInfoEnabled,60] - [4ab3661b-2c01-45dd-86d4-ce6c3b3bc8b3] Register server push request handler:com.alibaba.nacos.common.remote.client.RpcClient$$Lambda$480/0x000000080103d7d8
09:47:24.627 [main] INFO  o.a.c.h.Http11NioProtocol - [log,173] - Starting ProtocolHandler ["http-nio-9200"]
09:47:24.683 [main] INFO  c.a.c.n.r.NacosServiceRegistry - [register,75] - nacos registry, DEFAULT_GROUP cms-auth 10.110.168.163:9200 register finished
09:47:24.718 [main] INFO  c.c.a.RuoYiAuthApplication - [logStarted,61] - Started RuoYiAuthApplication in 7.35 seconds (JVM running for 8.632)
09:47:24.737 [main] INFO  c.a.c.n.r.NacosContextRefresher - [registerNacosListener,129] - [Nacos Config] Listening config: dataId=cms-auth.yml, group=DEFAULT_GROUP
09:47:24.737 [main] INFO  c.a.c.n.r.NacosContextRefresher - [registerNacosListener,129] - [Nacos Config] Listening config: dataId=cms-auth, group=DEFAULT_GROUP
09:47:24.738 [main] INFO  c.a.c.n.r.NacosContextRefresher - [registerNacosListener,129] - [Nacos Config] Listening config: dataId=cms-auth-dev.yml, group=DEFAULT_GROUP
09:47:25.112 [RMI TCP Connection(7)-10.110.168.163] INFO  o.a.c.c.C.[.[.[/] - [log,173] - Initializing Spring DispatcherServlet 'dispatcherServlet'
09:47:25.198 [nacos-grpc-client-executor-10] INFO  c.a.n.c.r.client - [printIfInfoEnabled,60] - [4ab3661b-2c01-45dd-86d4-ce6c3b3bc8b3] Receive server push request, request = NotifySubscriberRequest, requestId = 1
09:47:25.201 [nacos-grpc-client-executor-10] INFO  c.a.n.c.r.client - [printIfInfoEnabled,60] - [4ab3661b-2c01-45dd-86d4-ce6c3b3bc8b3] Ack server push request, request = NotifySubscriberRequest, requestId = 1
09:48:41.963 [nacos-grpc-client-executor-43] INFO  c.a.n.c.r.client - [printIfInfoEnabled,60] - [4ab3661b-2c01-45dd-86d4-ce6c3b3bc8b3] Receive server push request, request = NotifySubscriberRequest, requestId = 20
09:48:41.964 [nacos-grpc-client-executor-43] INFO  c.a.n.c.r.client - [printIfInfoEnabled,60] - [4ab3661b-2c01-45dd-86d4-ce6c3b3bc8b3] Ack server push request, request = NotifySubscriberRequest, requestId = 20
09:49:58.006 [nacos-grpc-client-executor-71] INFO  c.a.n.c.r.client - [printIfInfoEnabled,60] - [4ab3661b-2c01-45dd-86d4-ce6c3b3bc8b3] Receive server push request, request = NotifySubscriberRequest, requestId = 21
09:49:58.009 [nacos-grpc-client-executor-71] INFO  c.a.n.c.r.client - [printIfInfoEnabled,60] - [4ab3661b-2c01-45dd-86d4-ce6c3b3bc8b3] Ack server push request, request = NotifySubscriberRequest, requestId = 21
09:50:11.877 [nacos-grpc-client-executor-76] INFO  c.a.n.c.r.client - [printIfInfoEnabled,60] - [4ab3661b-2c01-45dd-86d4-ce6c3b3bc8b3] Receive server push request, request = NotifySubscriberRequest, requestId = 24
09:50:11.882 [nacos-grpc-client-executor-76] INFO  c.a.n.c.r.client - [printIfInfoEnabled,60] - [4ab3661b-2c01-45dd-86d4-ce6c3b3bc8b3] Ack server push request, request = NotifySubscriberRequest, requestId = 24
