18:29:55.341 [background-preinit] INFO  o.h.v.i.util.Version - [<clinit>,21] - HV000001: Hibernate Validator 6.2.5.Final
18:29:55.837 [main] INFO  c.a.n.c.r.client - [lambda$createClient$0,80] - [RpcClientFactory] create a new rpc client of 649304a2-96f2-41e6-9b56-5904460cf0e7_config-0
18:29:55.895 [main] INFO  o.r.Reflections - [scan,232] - Reflections took 35 ms to scan 1 urls, producing 3 keys and 6 values 
18:29:55.929 [main] INFO  o.r.Reflections - [scan,232] - Reflections took 16 ms to scan 1 urls, producing 4 keys and 9 values 
18:29:55.946 [main] INFO  o.r.Reflections - [scan,232] - Reflections took 14 ms to scan 1 urls, producing 3 keys and 10 values 
18:29:55.962 [main] INFO  o.r.Reflections - [scan,232] - Reflections took 11 ms to scan 1 urls, producing 1 keys and 5 values 
18:29:55.976 [main] INFO  o.r.Reflections - [scan,232] - Reflections took 12 ms to scan 1 urls, producing 1 keys and 7 values 
18:29:55.992 [main] INFO  o.r.Reflections - [scan,232] - Reflections took 13 ms to scan 1 urls, producing 2 keys and 8 values 
18:29:55.995 [main] INFO  c.a.n.c.r.client - [printIfInfoEnabled,60] - [649304a2-96f2-41e6-9b56-5904460cf0e7_config-0] RpcClient init label, labels = {module=config, Vipserver-Tag=null, source=sdk, Amory-Tag=null, Location-Tag=null, taskId=0, AppName=unknown}
18:29:55.995 [main] INFO  c.a.n.c.r.client - [printIfInfoEnabled,60] - [649304a2-96f2-41e6-9b56-5904460cf0e7_config-0] Register server push request handler:com.alibaba.nacos.client.config.impl.ClientWorker$ConfigRpcTransportClient$$Lambda$468/0x0000000800f3d388
18:29:55.995 [main] INFO  c.a.n.c.r.client - [printIfInfoEnabled,60] - [649304a2-96f2-41e6-9b56-5904460cf0e7_config-0] Register server push request handler:com.alibaba.nacos.client.config.impl.ClientWorker$ConfigRpcTransportClient$$Lambda$469/0x0000000800f3d5b0
18:29:55.996 [main] INFO  c.a.n.c.r.client - [printIfInfoEnabled,60] - [649304a2-96f2-41e6-9b56-5904460cf0e7_config-0] Registry connection listener to current client:com.alibaba.nacos.client.config.impl.ClientWorker$ConfigRpcTransportClient$1
18:29:55.996 [main] INFO  c.a.n.c.r.client - [printIfInfoEnabled,60] - [649304a2-96f2-41e6-9b56-5904460cf0e7_config-0] RpcClient init, ServerListFactory = com.alibaba.nacos.client.config.impl.ClientWorker$ConfigRpcTransportClient$2
18:29:56.012 [main] INFO  c.a.n.c.r.client - [printIfInfoEnabled,60] - [649304a2-96f2-41e6-9b56-5904460cf0e7_config-0] Try to connect to server on start up, server: {serverIp = '127.0.0.1', server main port = 8848}
18:29:57.023 [main] INFO  c.a.n.c.r.client - [printIfInfoEnabled,60] - [649304a2-96f2-41e6-9b56-5904460cf0e7_config-0] Success to connect to server [127.0.0.1:8848] on start up, connectionId = 1706178596606_127.0.0.1_57374
18:29:57.023 [com.alibaba.nacos.client.remote.worker] INFO  c.a.n.c.r.client - [printIfInfoEnabled,60] - [649304a2-96f2-41e6-9b56-5904460cf0e7_config-0] Notify connected event to listeners.
18:29:57.023 [main] INFO  c.a.n.c.r.client - [printIfInfoEnabled,60] - [649304a2-96f2-41e6-9b56-5904460cf0e7_config-0] Register server push request handler:com.alibaba.nacos.common.remote.client.RpcClient$ConnectResetRequestHandler
18:29:57.024 [main] INFO  c.a.n.c.r.client - [printIfInfoEnabled,60] - [649304a2-96f2-41e6-9b56-5904460cf0e7_config-0] Register server push request handler:com.alibaba.nacos.common.remote.client.RpcClient$$Lambda$480/0x000000080103d7d8
18:29:57.173 [main] INFO  c.c.a.CMSAuthApplication - [logStartupProfileInfo,637] - The following 1 profile is active: "dev"
18:29:59.997 [main] INFO  o.a.c.h.Http11NioProtocol - [log,173] - Initializing ProtocolHandler ["http-nio-9200"]
18:29:59.997 [main] INFO  o.a.c.c.StandardService - [log,173] - Starting service [Tomcat]
18:29:59.998 [main] INFO  o.a.c.c.StandardEngine - [log,173] - Starting Servlet engine: [Apache Tomcat/9.0.70]
18:30:00.246 [main] INFO  o.a.c.c.C.[.[.[/] - [log,173] - Initializing Spring embedded WebApplicationContext
18:30:01.694 [main] INFO  c.a.c.s.SentinelWebMvcConfigurer - [addInterceptors,52] - [Sentinel Starter] register SentinelWebInterceptor with urlPatterns: [/**].
18:30:02.656 [main] INFO  c.a.n.c.r.client - [lambda$createClient$0,80] - [RpcClientFactory] create a new rpc client of 41dbbb55-4e0d-4031-9503-14143847eb89
18:30:02.656 [main] INFO  c.a.n.c.r.client - [printIfInfoEnabled,60] - [41dbbb55-4e0d-4031-9503-14143847eb89] RpcClient init label, labels = {module=naming, source=sdk}
18:30:02.659 [main] INFO  c.a.n.c.r.client - [printIfInfoEnabled,60] - [41dbbb55-4e0d-4031-9503-14143847eb89] RpcClient init, ServerListFactory = com.alibaba.nacos.client.naming.core.ServerListManager
18:30:02.659 [main] INFO  c.a.n.c.r.client - [printIfInfoEnabled,60] - [41dbbb55-4e0d-4031-9503-14143847eb89] Registry connection listener to current client:com.alibaba.nacos.client.naming.remote.gprc.redo.NamingGrpcRedoService
18:30:02.660 [main] INFO  c.a.n.c.r.client - [printIfInfoEnabled,60] - [41dbbb55-4e0d-4031-9503-14143847eb89] Register server push request handler:com.alibaba.nacos.client.naming.remote.gprc.NamingPushRequestHandler
18:30:02.660 [main] INFO  c.a.n.c.r.client - [printIfInfoEnabled,60] - [41dbbb55-4e0d-4031-9503-14143847eb89] Try to connect to server on start up, server: {serverIp = '127.0.0.1', server main port = 8848}
18:30:02.799 [main] INFO  c.a.n.c.r.client - [printIfInfoEnabled,60] - [41dbbb55-4e0d-4031-9503-14143847eb89] Success to connect to server [127.0.0.1:8848] on start up, connectionId = 1706178602675_127.0.0.1_57381
18:30:02.800 [main] INFO  c.a.n.c.r.client - [printIfInfoEnabled,60] - [41dbbb55-4e0d-4031-9503-14143847eb89] Register server push request handler:com.alibaba.nacos.common.remote.client.RpcClient$ConnectResetRequestHandler
18:30:02.800 [com.alibaba.nacos.client.remote.worker] INFO  c.a.n.c.r.client - [printIfInfoEnabled,60] - [41dbbb55-4e0d-4031-9503-14143847eb89] Notify connected event to listeners.
18:30:02.800 [main] INFO  c.a.n.c.r.client - [printIfInfoEnabled,60] - [41dbbb55-4e0d-4031-9503-14143847eb89] Register server push request handler:com.alibaba.nacos.common.remote.client.RpcClient$$Lambda$480/0x000000080103d7d8
18:30:02.865 [main] INFO  o.a.c.h.Http11NioProtocol - [log,173] - Starting ProtocolHandler ["http-nio-9200"]
18:30:02.901 [main] INFO  c.a.c.n.r.NacosServiceRegistry - [register,75] - nacos registry, DEFAULT_GROUP cms-auth 192.168.1.3:9200 register finished
18:30:02.926 [main] INFO  c.c.a.CMSAuthApplication - [logStarted,61] - Started CMSAuthApplication in 8.223 seconds (JVM running for 9.301)
18:30:02.934 [main] INFO  c.a.c.n.r.NacosContextRefresher - [registerNacosListener,129] - [Nacos Config] Listening config: dataId=cms-auth.yml, group=DEFAULT_GROUP
18:30:02.934 [main] INFO  c.a.c.n.r.NacosContextRefresher - [registerNacosListener,129] - [Nacos Config] Listening config: dataId=cms-auth, group=DEFAULT_GROUP
18:30:02.935 [main] INFO  c.a.c.n.r.NacosContextRefresher - [registerNacosListener,129] - [Nacos Config] Listening config: dataId=cms-auth-dev.yml, group=DEFAULT_GROUP
18:30:03.093 [RMI TCP Connection(3)-192.168.1.3] INFO  o.a.c.c.C.[.[.[/] - [log,173] - Initializing Spring DispatcherServlet 'dispatcherServlet'
18:30:03.367 [nacos-grpc-client-executor-9] INFO  c.a.n.c.r.client - [printIfInfoEnabled,60] - [41dbbb55-4e0d-4031-9503-14143847eb89] Receive server push request, request = NotifySubscriberRequest, requestId = 1
18:30:03.372 [nacos-grpc-client-executor-9] INFO  c.a.n.c.r.client - [printIfInfoEnabled,60] - [41dbbb55-4e0d-4031-9503-14143847eb89] Ack server push request, request = NotifySubscriberRequest, requestId = 1
18:30:46.276 [nacos-grpc-client-executor-26] INFO  c.a.n.c.r.client - [printIfInfoEnabled,60] - [41dbbb55-4e0d-4031-9503-14143847eb89] Receive server push request, request = NotifySubscriberRequest, requestId = 16
18:30:46.277 [nacos-grpc-client-executor-26] INFO  c.a.n.c.r.client - [printIfInfoEnabled,60] - [41dbbb55-4e0d-4031-9503-14143847eb89] Ack server push request, request = NotifySubscriberRequest, requestId = 16
23:27:09.456 [SpringApplicationShutdownHook] INFO  c.a.c.n.r.NacosServiceRegistry - [deregister,94] - De-registering from Nacos Server now...
23:27:09.496 [SpringApplicationShutdownHook] INFO  c.a.c.n.r.NacosServiceRegistry - [deregister,114] - De-registration finished.
23:27:09.819 [SpringApplicationShutdownHook] INFO  c.a.n.c.r.client - [shutdown,454] - Shutdown rpc client, set status to shutdown
23:27:09.820 [SpringApplicationShutdownHook] INFO  c.a.n.c.r.client - [shutdown,456] - Shutdown client event executor java.util.concurrent.ScheduledThreadPoolExecutor@4b40add8[Running, pool size = 2, active threads = 2, queued tasks = 0, completed tasks = 0]
23:27:09.821 [SpringApplicationShutdownHook] INFO  c.a.n.c.r.client - [closeConnection,591] - Close current connection 1706178602675_127.0.0.1_57381
23:27:09.837 [nacos-grpc-client-executor-924] INFO  c.a.n.c.r.c.g.GrpcClient - [printIfInfoEnabled,60] - [1706178602675_127.0.0.1_57381]Ignore complete event,isRunning:false,isAbandon=false
23:27:09.853 [SpringApplicationShutdownHook] INFO  c.a.n.c.r.c.g.GrpcClient - [shutdown,85] - Shutdown grpc executor java.util.concurrent.ThreadPoolExecutor@7513c1be[Running, pool size = 5, active threads = 0, queued tasks = 0, completed tasks = 925]
23:27:15.145 [background-preinit] INFO  o.h.v.i.util.Version - [<clinit>,21] - HV000001: Hibernate Validator 6.2.5.Final
23:27:15.734 [main] INFO  c.a.n.c.r.client - [lambda$createClient$0,80] - [RpcClientFactory] create a new rpc client of 7b57bcf2-f25c-40df-812f-adfa0ab5d864_config-0
23:27:15.787 [main] INFO  o.r.Reflections - [scan,232] - Reflections took 31 ms to scan 1 urls, producing 3 keys and 6 values 
23:27:15.820 [main] INFO  o.r.Reflections - [scan,232] - Reflections took 18 ms to scan 1 urls, producing 4 keys and 9 values 
23:27:15.842 [main] INFO  o.r.Reflections - [scan,232] - Reflections took 18 ms to scan 1 urls, producing 3 keys and 10 values 
23:27:15.867 [main] INFO  o.r.Reflections - [scan,232] - Reflections took 18 ms to scan 1 urls, producing 1 keys and 5 values 
23:27:15.888 [main] INFO  o.r.Reflections - [scan,232] - Reflections took 19 ms to scan 1 urls, producing 1 keys and 7 values 
23:27:15.917 [main] INFO  o.r.Reflections - [scan,232] - Reflections took 26 ms to scan 1 urls, producing 2 keys and 8 values 
23:27:15.923 [main] INFO  c.a.n.c.r.client - [printIfInfoEnabled,60] - [7b57bcf2-f25c-40df-812f-adfa0ab5d864_config-0] RpcClient init label, labels = {module=config, Vipserver-Tag=null, source=sdk, Amory-Tag=null, Location-Tag=null, taskId=0, AppName=unknown}
23:27:15.926 [main] INFO  c.a.n.c.r.client - [printIfInfoEnabled,60] - [7b57bcf2-f25c-40df-812f-adfa0ab5d864_config-0] Register server push request handler:com.alibaba.nacos.client.config.impl.ClientWorker$ConfigRpcTransportClient$$Lambda$468/0x0000000800f1cc28
23:27:15.927 [main] INFO  c.a.n.c.r.client - [printIfInfoEnabled,60] - [7b57bcf2-f25c-40df-812f-adfa0ab5d864_config-0] Register server push request handler:com.alibaba.nacos.client.config.impl.ClientWorker$ConfigRpcTransportClient$$Lambda$469/0x0000000800f1ce50
23:27:15.928 [main] INFO  c.a.n.c.r.client - [printIfInfoEnabled,60] - [7b57bcf2-f25c-40df-812f-adfa0ab5d864_config-0] Registry connection listener to current client:com.alibaba.nacos.client.config.impl.ClientWorker$ConfigRpcTransportClient$1
23:27:15.929 [main] INFO  c.a.n.c.r.client - [printIfInfoEnabled,60] - [7b57bcf2-f25c-40df-812f-adfa0ab5d864_config-0] RpcClient init, ServerListFactory = com.alibaba.nacos.client.config.impl.ClientWorker$ConfigRpcTransportClient$2
23:27:15.939 [main] INFO  c.a.n.c.r.client - [printIfInfoEnabled,60] - [7b57bcf2-f25c-40df-812f-adfa0ab5d864_config-0] Try to connect to server on start up, server: {serverIp = '127.0.0.1', server main port = 8848}
23:27:16.601 [main] INFO  c.a.n.c.r.client - [printIfInfoEnabled,60] - [7b57bcf2-f25c-40df-812f-adfa0ab5d864_config-0] Success to connect to server [127.0.0.1:8848] on start up, connectionId = 1706196436358_127.0.0.1_60370
23:27:16.602 [com.alibaba.nacos.client.remote.worker] INFO  c.a.n.c.r.client - [printIfInfoEnabled,60] - [7b57bcf2-f25c-40df-812f-adfa0ab5d864_config-0] Notify connected event to listeners.
23:27:16.603 [main] INFO  c.a.n.c.r.client - [printIfInfoEnabled,60] - [7b57bcf2-f25c-40df-812f-adfa0ab5d864_config-0] Register server push request handler:com.alibaba.nacos.common.remote.client.RpcClient$ConnectResetRequestHandler
23:27:16.603 [main] INFO  c.a.n.c.r.client - [printIfInfoEnabled,60] - [7b57bcf2-f25c-40df-812f-adfa0ab5d864_config-0] Register server push request handler:com.alibaba.nacos.common.remote.client.RpcClient$$Lambda$480/0x000000080101d7d8
23:27:16.721 [main] INFO  c.c.a.CMSAuthApplication - [logStartupProfileInfo,637] - The following 1 profile is active: "dev"
23:27:20.551 [main] INFO  o.a.c.h.Http11NioProtocol - [log,173] - Initializing ProtocolHandler ["http-nio-9200"]
23:27:20.552 [main] INFO  o.a.c.c.StandardService - [log,173] - Starting service [Tomcat]
23:27:20.552 [main] INFO  o.a.c.c.StandardEngine - [log,173] - Starting Servlet engine: [Apache Tomcat/9.0.70]
23:27:20.732 [main] INFO  o.a.c.c.C.[.[.[/] - [log,173] - Initializing Spring embedded WebApplicationContext
23:27:22.661 [main] INFO  c.a.c.s.SentinelWebMvcConfigurer - [addInterceptors,52] - [Sentinel Starter] register SentinelWebInterceptor with urlPatterns: [/**].
23:27:23.963 [main] INFO  c.a.n.c.r.client - [lambda$createClient$0,80] - [RpcClientFactory] create a new rpc client of c54ae325-1732-4125-bc22-8d441d06095f
23:27:23.964 [main] INFO  c.a.n.c.r.client - [printIfInfoEnabled,60] - [c54ae325-1732-4125-bc22-8d441d06095f] RpcClient init label, labels = {module=naming, source=sdk}
23:27:23.968 [main] INFO  c.a.n.c.r.client - [printIfInfoEnabled,60] - [c54ae325-1732-4125-bc22-8d441d06095f] RpcClient init, ServerListFactory = com.alibaba.nacos.client.naming.core.ServerListManager
23:27:23.969 [main] INFO  c.a.n.c.r.client - [printIfInfoEnabled,60] - [c54ae325-1732-4125-bc22-8d441d06095f] Registry connection listener to current client:com.alibaba.nacos.client.naming.remote.gprc.redo.NamingGrpcRedoService
23:27:23.969 [main] INFO  c.a.n.c.r.client - [printIfInfoEnabled,60] - [c54ae325-1732-4125-bc22-8d441d06095f] Register server push request handler:com.alibaba.nacos.client.naming.remote.gprc.NamingPushRequestHandler
23:27:23.970 [main] INFO  c.a.n.c.r.client - [printIfInfoEnabled,60] - [c54ae325-1732-4125-bc22-8d441d06095f] Try to connect to server on start up, server: {serverIp = '127.0.0.1', server main port = 8848}
23:27:24.127 [main] INFO  c.a.n.c.r.client - [printIfInfoEnabled,60] - [c54ae325-1732-4125-bc22-8d441d06095f] Success to connect to server [127.0.0.1:8848] on start up, connectionId = 1706196443990_127.0.0.1_60383
23:27:24.127 [main] INFO  c.a.n.c.r.client - [printIfInfoEnabled,60] - [c54ae325-1732-4125-bc22-8d441d06095f] Register server push request handler:com.alibaba.nacos.common.remote.client.RpcClient$ConnectResetRequestHandler
23:27:24.127 [com.alibaba.nacos.client.remote.worker] INFO  c.a.n.c.r.client - [printIfInfoEnabled,60] - [c54ae325-1732-4125-bc22-8d441d06095f] Notify connected event to listeners.
23:27:24.128 [main] INFO  c.a.n.c.r.client - [printIfInfoEnabled,60] - [c54ae325-1732-4125-bc22-8d441d06095f] Register server push request handler:com.alibaba.nacos.common.remote.client.RpcClient$$Lambda$480/0x000000080101d7d8
23:27:24.169 [main] INFO  o.a.c.h.Http11NioProtocol - [log,173] - Starting ProtocolHandler ["http-nio-9200"]
23:27:24.205 [main] INFO  c.a.c.n.r.NacosServiceRegistry - [register,75] - nacos registry, DEFAULT_GROUP cms-auth 172.20.10.2:9200 register finished
23:27:24.230 [main] INFO  c.c.a.CMSAuthApplication - [logStarted,61] - Started CMSAuthApplication in 9.991 seconds (JVM running for 11.278)
23:27:24.238 [main] INFO  c.a.c.n.r.NacosContextRefresher - [registerNacosListener,129] - [Nacos Config] Listening config: dataId=cms-auth.yml, group=DEFAULT_GROUP
23:27:24.239 [main] INFO  c.a.c.n.r.NacosContextRefresher - [registerNacosListener,129] - [Nacos Config] Listening config: dataId=cms-auth, group=DEFAULT_GROUP
23:27:24.239 [main] INFO  c.a.c.n.r.NacosContextRefresher - [registerNacosListener,129] - [Nacos Config] Listening config: dataId=cms-auth-dev.yml, group=DEFAULT_GROUP
23:27:24.418 [RMI TCP Connection(2)-127.0.0.1] INFO  o.a.c.c.C.[.[.[/] - [log,173] - Initializing Spring DispatcherServlet 'dispatcherServlet'
23:27:24.671 [nacos-grpc-client-executor-11] INFO  c.a.n.c.r.client - [printIfInfoEnabled,60] - [c54ae325-1732-4125-bc22-8d441d06095f] Receive server push request, request = NotifySubscriberRequest, requestId = 27
23:27:24.675 [nacos-grpc-client-executor-11] INFO  c.a.n.c.r.client - [printIfInfoEnabled,60] - [c54ae325-1732-4125-bc22-8d441d06095f] Ack server push request, request = NotifySubscriberRequest, requestId = 27
