08:53:18.523 [nacos-grpc-client-executor-1246] INFO  c.a.n.c.r.client - [printIfInfoEnabled,60] - [6b506cd9-8747-45d8-8b6a-5ac7acb287ee] Receive server push request, request = NotifySubscriberRequest, requestId = 98
08:53:18.613 [nacos-grpc-client-executor-1246] INFO  c.a.n.c.r.client - [printIfInfoEnabled,60] - [6b506cd9-8747-45d8-8b6a-5ac7acb287ee] Ack server push request, request = NotifySubscriberRequest, requestId = 98
08:53:34.989 [nacos-grpc-client-executor-1249] INFO  c.a.n.c.r.client - [printIfInfoEnabled,60] - [6b506cd9-8747-45d8-8b6a-5ac7acb287ee] Receive server push request, request = NotifySubscriberRequest, requestId = 102
08:53:34.991 [nacos-grpc-client-executor-1249] INFO  c.a.n.c.r.client - [printIfInfoEnabled,60] - [6b506cd9-8747-45d8-8b6a-5ac7acb287ee] Ack server push request, request = NotifySubscriberRequest, requestId = 102
08:54:05.140 [SpringApplicationShutdownHook] INFO  c.a.c.n.r.NacosServiceRegistry - [deregister,94] - De-registering from Nacos Server now...
08:54:05.143 [SpringApplicationShutdownHook] INFO  c.a.c.n.r.NacosServiceRegistry - [deregister,114] - De-registration finished.
08:54:05.455 [SpringApplicationShutdownHook] INFO  c.a.n.c.r.client - [shutdown,454] - Shutdown rpc client, set status to shutdown
08:54:05.456 [SpringApplicationShutdownHook] INFO  c.a.n.c.r.client - [shutdown,456] - Shutdown client event executor java.util.concurrent.ScheduledThreadPoolExecutor@6afe82e[Running, pool size = 2, active threads = 2, queued tasks = 0, completed tasks = 0]
08:54:05.456 [SpringApplicationShutdownHook] INFO  c.a.n.c.r.client - [closeConnection,591] - Close current connection 1685635056882_127.0.0.1_64768
08:54:05.460 [nacos-grpc-client-executor-1257] INFO  c.a.n.c.r.c.g.GrpcClient - [printIfInfoEnabled,60] - [1685635056882_127.0.0.1_64768]Ignore complete event,isRunning:false,isAbandon=false
08:54:05.474 [SpringApplicationShutdownHook] INFO  c.a.n.c.r.c.g.GrpcClient - [shutdown,85] - Shutdown grpc executor java.util.concurrent.ThreadPoolExecutor@5aa8c0e8[Running, pool size = 5, active threads = 0, queued tasks = 0, completed tasks = 1258]
08:54:09.404 [background-preinit] INFO  o.h.v.i.util.Version - [<clinit>,21] - HV000001: Hibernate Validator 6.2.5.Final
08:54:09.794 [main] INFO  c.a.n.c.r.client - [lambda$createClient$0,80] - [RpcClientFactory] create a new rpc client of 94dcb1eb-d32d-4141-a288-35010d1c618f_config-0
08:54:09.826 [main] INFO  o.r.Reflections - [scan,232] - Reflections took 21 ms to scan 1 urls, producing 3 keys and 6 values 
08:54:09.846 [main] INFO  o.r.Reflections - [scan,232] - Reflections took 12 ms to scan 1 urls, producing 4 keys and 9 values 
08:54:09.858 [main] INFO  o.r.Reflections - [scan,232] - Reflections took 11 ms to scan 1 urls, producing 3 keys and 10 values 
08:54:09.872 [main] INFO  o.r.Reflections - [scan,232] - Reflections took 11 ms to scan 1 urls, producing 1 keys and 5 values 
08:54:09.886 [main] INFO  o.r.Reflections - [scan,232] - Reflections took 11 ms to scan 1 urls, producing 1 keys and 7 values 
08:54:09.899 [main] INFO  o.r.Reflections - [scan,232] - Reflections took 11 ms to scan 1 urls, producing 2 keys and 8 values 
08:54:09.901 [main] INFO  c.a.n.c.r.client - [printIfInfoEnabled,60] - [94dcb1eb-d32d-4141-a288-35010d1c618f_config-0] RpcClient init label, labels = {module=config, Vipserver-Tag=null, source=sdk, Amory-Tag=null, Location-Tag=null, taskId=0, AppName=unknown}
08:54:09.902 [main] INFO  c.a.n.c.r.client - [printIfInfoEnabled,60] - [94dcb1eb-d32d-4141-a288-35010d1c618f_config-0] Register server push request handler:com.alibaba.nacos.client.config.impl.ClientWorker$ConfigRpcTransportClient$$Lambda$468/0x0000000800f3d5f0
08:54:09.902 [main] INFO  c.a.n.c.r.client - [printIfInfoEnabled,60] - [94dcb1eb-d32d-4141-a288-35010d1c618f_config-0] Register server push request handler:com.alibaba.nacos.client.config.impl.ClientWorker$ConfigRpcTransportClient$$Lambda$469/0x0000000800f3d818
08:54:09.903 [main] INFO  c.a.n.c.r.client - [printIfInfoEnabled,60] - [94dcb1eb-d32d-4141-a288-35010d1c618f_config-0] Registry connection listener to current client:com.alibaba.nacos.client.config.impl.ClientWorker$ConfigRpcTransportClient$1
08:54:09.903 [main] INFO  c.a.n.c.r.client - [printIfInfoEnabled,60] - [94dcb1eb-d32d-4141-a288-35010d1c618f_config-0] RpcClient init, ServerListFactory = com.alibaba.nacos.client.config.impl.ClientWorker$ConfigRpcTransportClient$2
08:54:09.909 [main] INFO  c.a.n.c.r.client - [printIfInfoEnabled,60] - [94dcb1eb-d32d-4141-a288-35010d1c618f_config-0] Try to connect to server on start up, server: {serverIp = '127.0.0.1', server main port = 8848}
08:54:10.375 [main] INFO  c.a.n.c.r.client - [printIfInfoEnabled,60] - [94dcb1eb-d32d-4141-a288-35010d1c618f_config-0] Success to connect to server [127.0.0.1:8848] on start up, connectionId = 1685667250203_127.0.0.1_51631
08:54:10.376 [com.alibaba.nacos.client.remote.worker] INFO  c.a.n.c.r.client - [printIfInfoEnabled,60] - [94dcb1eb-d32d-4141-a288-35010d1c618f_config-0] Notify connected event to listeners.
08:54:10.376 [main] INFO  c.a.n.c.r.client - [printIfInfoEnabled,60] - [94dcb1eb-d32d-4141-a288-35010d1c618f_config-0] Register server push request handler:com.alibaba.nacos.common.remote.client.RpcClient$ConnectResetRequestHandler
08:54:10.377 [main] INFO  c.a.n.c.r.client - [printIfInfoEnabled,60] - [94dcb1eb-d32d-4141-a288-35010d1c618f_config-0] Register server push request handler:com.alibaba.nacos.common.remote.client.RpcClient$$Lambda$480/0x000000080103d7d8
08:54:10.445 [main] INFO  c.c.a.CMSAuthApplication - [logStartupProfileInfo,637] - The following 1 profile is active: "dev"
08:54:11.743 [main] INFO  o.a.c.h.Http11NioProtocol - [log,173] - Initializing ProtocolHandler ["http-nio-9200"]
08:54:11.744 [main] INFO  o.a.c.c.StandardService - [log,173] - Starting service [Tomcat]
08:54:11.745 [main] INFO  o.a.c.c.StandardEngine - [log,173] - Starting Servlet engine: [Apache Tomcat/9.0.70]
08:54:11.880 [main] INFO  o.a.c.c.C.[.[.[/] - [log,173] - Initializing Spring embedded WebApplicationContext
08:54:12.705 [main] INFO  c.a.c.s.SentinelWebMvcConfigurer - [addInterceptors,52] - [Sentinel Starter] register SentinelWebInterceptor with urlPatterns: [/**].
08:54:13.330 [main] INFO  c.a.n.c.r.client - [lambda$createClient$0,80] - [RpcClientFactory] create a new rpc client of aa4aa00c-a6d9-406e-be48-deedeff70b40
08:54:13.330 [main] INFO  c.a.n.c.r.client - [printIfInfoEnabled,60] - [aa4aa00c-a6d9-406e-be48-deedeff70b40] RpcClient init label, labels = {module=naming, source=sdk}
08:54:13.331 [main] INFO  c.a.n.c.r.client - [printIfInfoEnabled,60] - [aa4aa00c-a6d9-406e-be48-deedeff70b40] RpcClient init, ServerListFactory = com.alibaba.nacos.client.naming.core.ServerListManager
08:54:13.331 [main] INFO  c.a.n.c.r.client - [printIfInfoEnabled,60] - [aa4aa00c-a6d9-406e-be48-deedeff70b40] Registry connection listener to current client:com.alibaba.nacos.client.naming.remote.gprc.redo.NamingGrpcRedoService
08:54:13.332 [main] INFO  c.a.n.c.r.client - [printIfInfoEnabled,60] - [aa4aa00c-a6d9-406e-be48-deedeff70b40] Register server push request handler:com.alibaba.nacos.client.naming.remote.gprc.NamingPushRequestHandler
08:54:13.332 [main] INFO  c.a.n.c.r.client - [printIfInfoEnabled,60] - [aa4aa00c-a6d9-406e-be48-deedeff70b40] Try to connect to server on start up, server: {serverIp = '127.0.0.1', server main port = 8848}
08:54:13.461 [main] INFO  c.a.n.c.r.client - [printIfInfoEnabled,60] - [aa4aa00c-a6d9-406e-be48-deedeff70b40] Success to connect to server [127.0.0.1:8848] on start up, connectionId = 1685667253344_127.0.0.1_51633
08:54:13.462 [main] INFO  c.a.n.c.r.client - [printIfInfoEnabled,60] - [aa4aa00c-a6d9-406e-be48-deedeff70b40] Register server push request handler:com.alibaba.nacos.common.remote.client.RpcClient$ConnectResetRequestHandler
08:54:13.462 [com.alibaba.nacos.client.remote.worker] INFO  c.a.n.c.r.client - [printIfInfoEnabled,60] - [aa4aa00c-a6d9-406e-be48-deedeff70b40] Notify connected event to listeners.
08:54:13.462 [main] INFO  c.a.n.c.r.client - [printIfInfoEnabled,60] - [aa4aa00c-a6d9-406e-be48-deedeff70b40] Register server push request handler:com.alibaba.nacos.common.remote.client.RpcClient$$Lambda$480/0x000000080103d7d8
08:54:13.496 [main] INFO  o.a.c.h.Http11NioProtocol - [log,173] - Starting ProtocolHandler ["http-nio-9200"]
08:54:13.517 [main] INFO  c.a.c.n.r.NacosServiceRegistry - [register,75] - nacos registry, DEFAULT_GROUP cms-auth 10.110.169.44:9200 register finished
08:54:13.538 [main] INFO  c.c.a.CMSAuthApplication - [logStarted,61] - Started CMSAuthApplication in 4.865 seconds (JVM running for 5.788)
08:54:13.548 [main] INFO  c.a.c.n.r.NacosContextRefresher - [registerNacosListener,129] - [Nacos Config] Listening config: dataId=cms-auth.yml, group=DEFAULT_GROUP
08:54:13.548 [main] INFO  c.a.c.n.r.NacosContextRefresher - [registerNacosListener,129] - [Nacos Config] Listening config: dataId=cms-auth, group=DEFAULT_GROUP
08:54:13.549 [main] INFO  c.a.c.n.r.NacosContextRefresher - [registerNacosListener,129] - [Nacos Config] Listening config: dataId=cms-auth-dev.yml, group=DEFAULT_GROUP
08:54:13.646 [RMI TCP Connection(1)-10.110.169.44] INFO  o.a.c.c.C.[.[.[/] - [log,173] - Initializing Spring DispatcherServlet 'dispatcherServlet'
08:54:14.077 [nacos-grpc-client-executor-11] INFO  c.a.n.c.r.client - [printIfInfoEnabled,60] - [aa4aa00c-a6d9-406e-be48-deedeff70b40] Receive server push request, request = NotifySubscriberRequest, requestId = 114
08:54:14.080 [nacos-grpc-client-executor-11] INFO  c.a.n.c.r.client - [printIfInfoEnabled,60] - [aa4aa00c-a6d9-406e-be48-deedeff70b40] Ack server push request, request = NotifySubscriberRequest, requestId = 114
08:54:46.191 [SpringApplicationShutdownHook] INFO  c.a.c.n.r.NacosServiceRegistry - [deregister,94] - De-registering from Nacos Server now...
08:54:46.194 [SpringApplicationShutdownHook] INFO  c.a.c.n.r.NacosServiceRegistry - [deregister,114] - De-registration finished.
08:54:46.498 [SpringApplicationShutdownHook] INFO  c.a.n.c.r.client - [shutdown,454] - Shutdown rpc client, set status to shutdown
08:54:46.498 [SpringApplicationShutdownHook] INFO  c.a.n.c.r.client - [shutdown,456] - Shutdown client event executor java.util.concurrent.ScheduledThreadPoolExecutor@1e40449a[Running, pool size = 2, active threads = 2, queued tasks = 0, completed tasks = 0]
08:54:46.499 [SpringApplicationShutdownHook] INFO  c.a.n.c.r.client - [closeConnection,591] - Close current connection 1685667253344_127.0.0.1_51633
08:54:46.501 [nacos-grpc-client-executor-27] INFO  c.a.n.c.r.c.g.GrpcClient - [printIfInfoEnabled,60] - [1685667253344_127.0.0.1_51633]Ignore complete event,isRunning:false,isAbandon=false
08:54:46.502 [SpringApplicationShutdownHook] INFO  c.a.n.c.r.c.g.GrpcClient - [shutdown,85] - Shutdown grpc executor java.util.concurrent.ThreadPoolExecutor@c34fd70[Running, pool size = 9, active threads = 0, queued tasks = 0, completed tasks = 28]
08:54:55.279 [background-preinit] INFO  o.h.v.i.util.Version - [<clinit>,21] - HV000001: Hibernate Validator 6.2.5.Final
08:54:55.984 [main] INFO  c.a.n.c.r.client - [lambda$createClient$0,80] - [RpcClientFactory] create a new rpc client of c0ffe2e9-a4b2-4483-a542-c3fbf32954ad_config-0
08:54:56.038 [main] INFO  o.r.Reflections - [scan,232] - Reflections took 38 ms to scan 1 urls, producing 3 keys and 6 values 
08:54:56.070 [main] INFO  o.r.Reflections - [scan,232] - Reflections took 17 ms to scan 1 urls, producing 4 keys and 9 values 
08:54:56.092 [main] INFO  o.r.Reflections - [scan,232] - Reflections took 20 ms to scan 1 urls, producing 3 keys and 10 values 
08:54:56.125 [main] INFO  o.r.Reflections - [scan,232] - Reflections took 28 ms to scan 1 urls, producing 1 keys and 5 values 
08:54:56.145 [main] INFO  o.r.Reflections - [scan,232] - Reflections took 16 ms to scan 1 urls, producing 1 keys and 7 values 
08:54:56.165 [main] INFO  o.r.Reflections - [scan,232] - Reflections took 18 ms to scan 1 urls, producing 2 keys and 8 values 
08:54:56.169 [main] INFO  c.a.n.c.r.client - [printIfInfoEnabled,60] - [c0ffe2e9-a4b2-4483-a542-c3fbf32954ad_config-0] RpcClient init label, labels = {module=config, Vipserver-Tag=null, source=sdk, Amory-Tag=null, Location-Tag=null, taskId=0, AppName=unknown}
08:54:56.171 [main] INFO  c.a.n.c.r.client - [printIfInfoEnabled,60] - [c0ffe2e9-a4b2-4483-a542-c3fbf32954ad_config-0] Register server push request handler:com.alibaba.nacos.client.config.impl.ClientWorker$ConfigRpcTransportClient$$Lambda$468/0x0000000800f3c990
08:54:56.171 [main] INFO  c.a.n.c.r.client - [printIfInfoEnabled,60] - [c0ffe2e9-a4b2-4483-a542-c3fbf32954ad_config-0] Register server push request handler:com.alibaba.nacos.client.config.impl.ClientWorker$ConfigRpcTransportClient$$Lambda$469/0x0000000800f3cbb8
08:54:56.172 [main] INFO  c.a.n.c.r.client - [printIfInfoEnabled,60] - [c0ffe2e9-a4b2-4483-a542-c3fbf32954ad_config-0] Registry connection listener to current client:com.alibaba.nacos.client.config.impl.ClientWorker$ConfigRpcTransportClient$1
08:54:56.173 [main] INFO  c.a.n.c.r.client - [printIfInfoEnabled,60] - [c0ffe2e9-a4b2-4483-a542-c3fbf32954ad_config-0] RpcClient init, ServerListFactory = com.alibaba.nacos.client.config.impl.ClientWorker$ConfigRpcTransportClient$2
08:54:56.187 [main] INFO  c.a.n.c.r.client - [printIfInfoEnabled,60] - [c0ffe2e9-a4b2-4483-a542-c3fbf32954ad_config-0] Try to connect to server on start up, server: {serverIp = '127.0.0.1', server main port = 8848}
08:54:56.863 [main] INFO  c.a.n.c.r.client - [printIfInfoEnabled,60] - [c0ffe2e9-a4b2-4483-a542-c3fbf32954ad_config-0] Success to connect to server [127.0.0.1:8848] on start up, connectionId = 1685667296675_127.0.0.1_51687
08:54:56.866 [com.alibaba.nacos.client.remote.worker] INFO  c.a.n.c.r.client - [printIfInfoEnabled,60] - [c0ffe2e9-a4b2-4483-a542-c3fbf32954ad_config-0] Notify connected event to listeners.
08:54:56.866 [main] INFO  c.a.n.c.r.client - [printIfInfoEnabled,60] - [c0ffe2e9-a4b2-4483-a542-c3fbf32954ad_config-0] Register server push request handler:com.alibaba.nacos.common.remote.client.RpcClient$ConnectResetRequestHandler
08:54:56.868 [main] INFO  c.a.n.c.r.client - [printIfInfoEnabled,60] - [c0ffe2e9-a4b2-4483-a542-c3fbf32954ad_config-0] Register server push request handler:com.alibaba.nacos.common.remote.client.RpcClient$$Lambda$480/0x000000080103cba8
08:54:56.989 [main] INFO  c.c.a.CMSAuthApplication - [logStartupProfileInfo,637] - The following 1 profile is active: "dev"
08:55:00.252 [main] INFO  o.a.c.h.Http11NioProtocol - [log,173] - Initializing ProtocolHandler ["http-nio-9200"]
08:55:00.253 [main] INFO  o.a.c.c.StandardService - [log,173] - Starting service [Tomcat]
08:55:00.253 [main] INFO  o.a.c.c.StandardEngine - [log,173] - Starting Servlet engine: [Apache Tomcat/9.0.70]
08:55:00.442 [main] INFO  o.a.c.c.C.[.[.[/] - [log,173] - Initializing Spring embedded WebApplicationContext
08:55:02.761 [main] INFO  c.a.c.s.SentinelWebMvcConfigurer - [addInterceptors,52] - [Sentinel Starter] register SentinelWebInterceptor with urlPatterns: [/**].
08:55:04.244 [main] INFO  c.a.n.c.r.client - [lambda$createClient$0,80] - [RpcClientFactory] create a new rpc client of fe7f5c31-ac48-4e0b-b48c-688f792ddd1f
08:55:04.245 [main] INFO  c.a.n.c.r.client - [printIfInfoEnabled,60] - [fe7f5c31-ac48-4e0b-b48c-688f792ddd1f] RpcClient init label, labels = {module=naming, source=sdk}
08:55:04.249 [main] INFO  c.a.n.c.r.client - [printIfInfoEnabled,60] - [fe7f5c31-ac48-4e0b-b48c-688f792ddd1f] RpcClient init, ServerListFactory = com.alibaba.nacos.client.naming.core.ServerListManager
08:55:04.250 [main] INFO  c.a.n.c.r.client - [printIfInfoEnabled,60] - [fe7f5c31-ac48-4e0b-b48c-688f792ddd1f] Registry connection listener to current client:com.alibaba.nacos.client.naming.remote.gprc.redo.NamingGrpcRedoService
08:55:04.251 [main] INFO  c.a.n.c.r.client - [printIfInfoEnabled,60] - [fe7f5c31-ac48-4e0b-b48c-688f792ddd1f] Register server push request handler:com.alibaba.nacos.client.naming.remote.gprc.NamingPushRequestHandler
08:55:04.253 [main] INFO  c.a.n.c.r.client - [printIfInfoEnabled,60] - [fe7f5c31-ac48-4e0b-b48c-688f792ddd1f] Try to connect to server on start up, server: {serverIp = '127.0.0.1', server main port = 8848}
08:55:04.405 [main] INFO  c.a.n.c.r.client - [printIfInfoEnabled,60] - [fe7f5c31-ac48-4e0b-b48c-688f792ddd1f] Success to connect to server [127.0.0.1:8848] on start up, connectionId = 1685667304277_127.0.0.1_51704
08:55:04.406 [main] INFO  c.a.n.c.r.client - [printIfInfoEnabled,60] - [fe7f5c31-ac48-4e0b-b48c-688f792ddd1f] Register server push request handler:com.alibaba.nacos.common.remote.client.RpcClient$ConnectResetRequestHandler
08:55:04.406 [main] INFO  c.a.n.c.r.client - [printIfInfoEnabled,60] - [fe7f5c31-ac48-4e0b-b48c-688f792ddd1f] Register server push request handler:com.alibaba.nacos.common.remote.client.RpcClient$$Lambda$480/0x000000080103cba8
08:55:04.407 [com.alibaba.nacos.client.remote.worker] INFO  c.a.n.c.r.client - [printIfInfoEnabled,60] - [fe7f5c31-ac48-4e0b-b48c-688f792ddd1f] Notify connected event to listeners.
08:55:04.459 [main] INFO  o.a.c.h.Http11NioProtocol - [log,173] - Starting ProtocolHandler ["http-nio-9200"]
08:55:04.493 [main] INFO  c.a.c.n.r.NacosServiceRegistry - [register,75] - nacos registry, DEFAULT_GROUP cms-auth 10.110.169.44:9200 register finished
08:55:04.523 [main] INFO  c.c.a.CMSAuthApplication - [logStarted,61] - Started CMSAuthApplication in 10.239 seconds (JVM running for 11.396)
08:55:04.534 [main] INFO  c.a.c.n.r.NacosContextRefresher - [registerNacosListener,129] - [Nacos Config] Listening config: dataId=cms-auth.yml, group=DEFAULT_GROUP
08:55:04.534 [main] INFO  c.a.c.n.r.NacosContextRefresher - [registerNacosListener,129] - [Nacos Config] Listening config: dataId=cms-auth, group=DEFAULT_GROUP
08:55:04.535 [main] INFO  c.a.c.n.r.NacosContextRefresher - [registerNacosListener,129] - [Nacos Config] Listening config: dataId=cms-auth-dev.yml, group=DEFAULT_GROUP
08:55:04.634 [RMI TCP Connection(2)-10.110.169.44] INFO  o.a.c.c.C.[.[.[/] - [log,173] - Initializing Spring DispatcherServlet 'dispatcherServlet'
08:55:04.946 [nacos-grpc-client-executor-13] INFO  c.a.n.c.r.client - [printIfInfoEnabled,60] - [fe7f5c31-ac48-4e0b-b48c-688f792ddd1f] Receive server push request, request = NotifySubscriberRequest, requestId = 127
08:55:04.949 [nacos-grpc-client-executor-13] INFO  c.a.n.c.r.client - [printIfInfoEnabled,60] - [fe7f5c31-ac48-4e0b-b48c-688f792ddd1f] Ack server push request, request = NotifySubscriberRequest, requestId = 127
08:56:23.539 [nacos-grpc-client-executor-46] INFO  c.a.n.c.r.client - [printIfInfoEnabled,60] - [fe7f5c31-ac48-4e0b-b48c-688f792ddd1f] Receive server push request, request = NotifySubscriberRequest, requestId = 144
08:56:23.539 [nacos-grpc-client-executor-46] INFO  c.a.n.c.r.client - [printIfInfoEnabled,60] - [fe7f5c31-ac48-4e0b-b48c-688f792ddd1f] Ack server push request, request = NotifySubscriberRequest, requestId = 144
09:00:03.690 [nacos-grpc-client-executor-107] INFO  c.a.n.c.r.client - [printIfInfoEnabled,60] - [fe7f5c31-ac48-4e0b-b48c-688f792ddd1f] Receive server push request, request = NotifySubscriberRequest, requestId = 145
09:00:03.695 [nacos-grpc-client-executor-107] INFO  c.a.n.c.r.client - [printIfInfoEnabled,60] - [fe7f5c31-ac48-4e0b-b48c-688f792ddd1f] Ack server push request, request = NotifySubscriberRequest, requestId = 145
09:00:17.574 [nacos-grpc-client-executor-111] INFO  c.a.n.c.r.client - [printIfInfoEnabled,60] - [fe7f5c31-ac48-4e0b-b48c-688f792ddd1f] Receive server push request, request = NotifySubscriberRequest, requestId = 148
09:00:17.578 [nacos-grpc-client-executor-111] INFO  c.a.n.c.r.client - [printIfInfoEnabled,60] - [fe7f5c31-ac48-4e0b-b48c-688f792ddd1f] Ack server push request, request = NotifySubscriberRequest, requestId = 148
