00:01:17.041 [nacos-grpc-client-executor-3797] INFO  c.a.n.c.r.client - [printIfInfoEnabled,60] - [275d445e-161e-4834-999f-59d23d01539c] Receive server push request, request = NotifySubscriberRequest, requestId = 222
00:01:17.064 [nacos-grpc-client-executor-3797] INFO  c.a.n.c.r.client - [printIfInfoEnabled,60] - [275d445e-161e-4834-999f-59d23d01539c] Ack server push request, request = NotifySubscriberRequest, requestId = 222
00:01:30.887 [nacos-grpc-client-executor-3800] INFO  c.a.n.c.r.client - [printIfInfoEnabled,60] - [275d445e-161e-4834-999f-59d23d01539c] Receive server push request, request = NotifySubscriberRequest, requestId = 225
00:01:30.888 [nacos-grpc-client-executor-3800] INFO  c.a.n.c.r.client - [printIfInfoEnabled,60] - [275d445e-161e-4834-999f-59d23d01539c] Ack server push request, request = NotifySubscriberRequest, requestId = 225
00:01:57.324 [nacos-grpc-client-executor-3806] INFO  c.a.n.c.r.client - [printIfInfoEnabled,60] - [275d445e-161e-4834-999f-59d23d01539c] Receive server push request, request = NotifySubscriberRequest, requestId = 229
00:01:57.331 [nacos-grpc-client-executor-3806] INFO  c.a.n.c.r.client - [printIfInfoEnabled,60] - [275d445e-161e-4834-999f-59d23d01539c] Ack server push request, request = NotifySubscriberRequest, requestId = 229
00:02:10.354 [nacos-grpc-client-executor-3811] INFO  c.a.n.c.r.client - [printIfInfoEnabled,60] - [275d445e-161e-4834-999f-59d23d01539c] Receive server push request, request = NotifySubscriberRequest, requestId = 232
00:02:10.355 [nacos-grpc-client-executor-3811] INFO  c.a.n.c.r.client - [printIfInfoEnabled,60] - [275d445e-161e-4834-999f-59d23d01539c] Ack server push request, request = NotifySubscriberRequest, requestId = 232
00:03:14.021 [nacos-grpc-client-executor-3825] INFO  c.a.n.c.r.client - [printIfInfoEnabled,60] - [275d445e-161e-4834-999f-59d23d01539c] Receive server push request, request = NotifySubscriberRequest, requestId = 236
00:03:14.024 [nacos-grpc-client-executor-3825] INFO  c.a.n.c.r.client - [printIfInfoEnabled,60] - [275d445e-161e-4834-999f-59d23d01539c] Ack server push request, request = NotifySubscriberRequest, requestId = 236
00:03:28.860 [nacos-grpc-client-executor-3829] INFO  c.a.n.c.r.client - [printIfInfoEnabled,60] - [275d445e-161e-4834-999f-59d23d01539c] Receive server push request, request = NotifySubscriberRequest, requestId = 239
00:03:28.862 [nacos-grpc-client-executor-3829] INFO  c.a.n.c.r.client - [printIfInfoEnabled,60] - [275d445e-161e-4834-999f-59d23d01539c] Ack server push request, request = NotifySubscriberRequest, requestId = 239
00:08:05.095 [nacos-grpc-client-executor-3887] INFO  c.a.n.c.r.client - [printIfInfoEnabled,60] - [275d445e-161e-4834-999f-59d23d01539c] Receive server push request, request = NotifySubscriberRequest, requestId = 243
00:08:05.098 [nacos-grpc-client-executor-3887] INFO  c.a.n.c.r.client - [printIfInfoEnabled,60] - [275d445e-161e-4834-999f-59d23d01539c] Ack server push request, request = NotifySubscriberRequest, requestId = 243
00:10:24.825 [nacos-grpc-client-executor-3920] INFO  c.a.n.c.r.client - [printIfInfoEnabled,60] - [275d445e-161e-4834-999f-59d23d01539c] Receive server push request, request = NotifySubscriberRequest, requestId = 246
00:10:24.832 [nacos-grpc-client-executor-3920] INFO  c.a.n.c.r.client - [printIfInfoEnabled,60] - [275d445e-161e-4834-999f-59d23d01539c] Ack server push request, request = NotifySubscriberRequest, requestId = 246
00:15:53.329 [nacos-grpc-client-executor-3998] INFO  c.a.n.c.r.client - [printIfInfoEnabled,60] - [275d445e-161e-4834-999f-59d23d01539c] Receive server push request, request = NotifySubscriberRequest, requestId = 250
00:15:53.335 [nacos-grpc-client-executor-3998] INFO  c.a.n.c.r.client - [printIfInfoEnabled,60] - [275d445e-161e-4834-999f-59d23d01539c] Ack server push request, request = NotifySubscriberRequest, requestId = 250
00:16:06.526 [nacos-grpc-client-executor-4000] INFO  c.a.n.c.r.client - [printIfInfoEnabled,60] - [275d445e-161e-4834-999f-59d23d01539c] Receive server push request, request = NotifySubscriberRequest, requestId = 253
00:16:06.528 [nacos-grpc-client-executor-4000] INFO  c.a.n.c.r.client - [printIfInfoEnabled,60] - [275d445e-161e-4834-999f-59d23d01539c] Ack server push request, request = NotifySubscriberRequest, requestId = 253
00:21:20.789 [nacos-grpc-client-executor-4069] INFO  c.a.n.c.r.client - [printIfInfoEnabled,60] - [275d445e-161e-4834-999f-59d23d01539c] Receive server push request, request = NotifySubscriberRequest, requestId = 257
00:21:20.792 [nacos-grpc-client-executor-4069] INFO  c.a.n.c.r.client - [printIfInfoEnabled,60] - [275d445e-161e-4834-999f-59d23d01539c] Ack server push request, request = NotifySubscriberRequest, requestId = 257
00:21:33.932 [nacos-grpc-client-executor-4072] INFO  c.a.n.c.r.client - [printIfInfoEnabled,60] - [275d445e-161e-4834-999f-59d23d01539c] Receive server push request, request = NotifySubscriberRequest, requestId = 260
00:21:33.933 [nacos-grpc-client-executor-4072] INFO  c.a.n.c.r.client - [printIfInfoEnabled,60] - [275d445e-161e-4834-999f-59d23d01539c] Ack server push request, request = NotifySubscriberRequest, requestId = 260
00:22:08.953 [nacos-grpc-client-executor-4080] INFO  c.a.n.c.r.client - [printIfInfoEnabled,60] - [275d445e-161e-4834-999f-59d23d01539c] Receive server push request, request = NotifySubscriberRequest, requestId = 264
00:22:08.957 [nacos-grpc-client-executor-4080] INFO  c.a.n.c.r.client - [printIfInfoEnabled,60] - [275d445e-161e-4834-999f-59d23d01539c] Ack server push request, request = NotifySubscriberRequest, requestId = 264
00:22:22.068 [nacos-grpc-client-executor-4082] INFO  c.a.n.c.r.client - [printIfInfoEnabled,60] - [275d445e-161e-4834-999f-59d23d01539c] Receive server push request, request = NotifySubscriberRequest, requestId = 267
00:22:22.075 [nacos-grpc-client-executor-4082] INFO  c.a.n.c.r.client - [printIfInfoEnabled,60] - [275d445e-161e-4834-999f-59d23d01539c] Ack server push request, request = NotifySubscriberRequest, requestId = 267
00:22:52.461 [nacos-grpc-client-executor-4089] INFO  c.a.n.c.r.client - [printIfInfoEnabled,60] - [275d445e-161e-4834-999f-59d23d01539c] Receive server push request, request = NotifySubscriberRequest, requestId = 271
00:22:52.464 [nacos-grpc-client-executor-4089] INFO  c.a.n.c.r.client - [printIfInfoEnabled,60] - [275d445e-161e-4834-999f-59d23d01539c] Ack server push request, request = NotifySubscriberRequest, requestId = 271
00:26:30.989 [nacos-grpc-client-executor-4140] INFO  c.a.n.c.r.client - [printIfInfoEnabled,60] - [275d445e-161e-4834-999f-59d23d01539c] Receive server push request, request = NotifySubscriberRequest, requestId = 274
00:26:30.990 [nacos-grpc-client-executor-4140] INFO  c.a.n.c.r.client - [printIfInfoEnabled,60] - [275d445e-161e-4834-999f-59d23d01539c] Ack server push request, request = NotifySubscriberRequest, requestId = 274
00:36:22.490 [nacos-grpc-client-executor-4265] INFO  c.a.n.c.r.client - [printIfInfoEnabled,60] - [275d445e-161e-4834-999f-59d23d01539c] Receive server push request, request = NotifySubscriberRequest, requestId = 278
00:36:22.493 [nacos-grpc-client-executor-4265] INFO  c.a.n.c.r.client - [printIfInfoEnabled,60] - [275d445e-161e-4834-999f-59d23d01539c] Ack server push request, request = NotifySubscriberRequest, requestId = 278
00:36:34.922 [nacos-grpc-client-executor-4268] INFO  c.a.n.c.r.client - [printIfInfoEnabled,60] - [275d445e-161e-4834-999f-59d23d01539c] Receive server push request, request = NotifySubscriberRequest, requestId = 281
00:36:34.923 [nacos-grpc-client-executor-4268] INFO  c.a.n.c.r.client - [printIfInfoEnabled,60] - [275d445e-161e-4834-999f-59d23d01539c] Ack server push request, request = NotifySubscriberRequest, requestId = 281
01:02:13.986 [nacos-grpc-client-executor-4591] INFO  c.a.n.c.r.client - [printIfInfoEnabled,60] - [275d445e-161e-4834-999f-59d23d01539c] Receive server push request, request = NotifySubscriberRequest, requestId = 285
01:02:13.990 [nacos-grpc-client-executor-4591] INFO  c.a.n.c.r.client - [printIfInfoEnabled,60] - [275d445e-161e-4834-999f-59d23d01539c] Ack server push request, request = NotifySubscriberRequest, requestId = 285
01:02:28.619 [nacos-grpc-client-executor-4595] INFO  c.a.n.c.r.client - [printIfInfoEnabled,60] - [275d445e-161e-4834-999f-59d23d01539c] Receive server push request, request = NotifySubscriberRequest, requestId = 288
01:02:28.624 [nacos-grpc-client-executor-4595] INFO  c.a.n.c.r.client - [printIfInfoEnabled,60] - [275d445e-161e-4834-999f-59d23d01539c] Ack server push request, request = NotifySubscriberRequest, requestId = 288
01:06:28.653 [nacos-grpc-client-executor-4647] INFO  c.a.n.c.r.client - [printIfInfoEnabled,60] - [275d445e-161e-4834-999f-59d23d01539c] Receive server push request, request = NotifySubscriberRequest, requestId = 292
01:06:28.655 [nacos-grpc-client-executor-4647] INFO  c.a.n.c.r.client - [printIfInfoEnabled,60] - [275d445e-161e-4834-999f-59d23d01539c] Ack server push request, request = NotifySubscriberRequest, requestId = 292
01:06:43.925 [nacos-grpc-client-executor-4651] INFO  c.a.n.c.r.client - [printIfInfoEnabled,60] - [275d445e-161e-4834-999f-59d23d01539c] Receive server push request, request = NotifySubscriberRequest, requestId = 295
01:06:43.927 [nacos-grpc-client-executor-4651] INFO  c.a.n.c.r.client - [printIfInfoEnabled,60] - [275d445e-161e-4834-999f-59d23d01539c] Ack server push request, request = NotifySubscriberRequest, requestId = 295
01:07:42.456 [nacos-grpc-client-executor-4663] INFO  c.a.n.c.r.client - [printIfInfoEnabled,60] - [275d445e-161e-4834-999f-59d23d01539c] Receive server push request, request = NotifySubscriberRequest, requestId = 299
01:07:42.463 [nacos-grpc-client-executor-4663] INFO  c.a.n.c.r.client - [printIfInfoEnabled,60] - [275d445e-161e-4834-999f-59d23d01539c] Ack server push request, request = NotifySubscriberRequest, requestId = 299
01:07:57.624 [nacos-grpc-client-executor-4667] INFO  c.a.n.c.r.client - [printIfInfoEnabled,60] - [275d445e-161e-4834-999f-59d23d01539c] Receive server push request, request = NotifySubscriberRequest, requestId = 302
01:07:57.625 [nacos-grpc-client-executor-4667] INFO  c.a.n.c.r.client - [printIfInfoEnabled,60] - [275d445e-161e-4834-999f-59d23d01539c] Ack server push request, request = NotifySubscriberRequest, requestId = 302
01:11:39.340 [nacos-grpc-client-executor-4716] INFO  c.a.n.c.r.client - [printIfInfoEnabled,60] - [275d445e-161e-4834-999f-59d23d01539c] Receive server push request, request = NotifySubscriberRequest, requestId = 306
01:11:39.342 [nacos-grpc-client-executor-4716] INFO  c.a.n.c.r.client - [printIfInfoEnabled,60] - [275d445e-161e-4834-999f-59d23d01539c] Ack server push request, request = NotifySubscriberRequest, requestId = 306
01:11:55.187 [nacos-grpc-client-executor-4721] INFO  c.a.n.c.r.client - [printIfInfoEnabled,60] - [275d445e-161e-4834-999f-59d23d01539c] Receive server push request, request = NotifySubscriberRequest, requestId = 309
01:11:55.192 [nacos-grpc-client-executor-4721] INFO  c.a.n.c.r.client - [printIfInfoEnabled,60] - [275d445e-161e-4834-999f-59d23d01539c] Ack server push request, request = NotifySubscriberRequest, requestId = 309
01:11:57.664 [nacos-grpc-client-executor-4722] INFO  c.a.n.c.r.client - [printIfInfoEnabled,60] - [275d445e-161e-4834-999f-59d23d01539c] Receive server push request, request = NotifySubscriberRequest, requestId = 313
01:11:57.671 [nacos-grpc-client-executor-4722] INFO  c.a.n.c.r.client - [printIfInfoEnabled,60] - [275d445e-161e-4834-999f-59d23d01539c] Ack server push request, request = NotifySubscriberRequest, requestId = 313
01:12:12.027 [nacos-grpc-client-executor-4728] INFO  c.a.n.c.r.client - [printIfInfoEnabled,60] - [275d445e-161e-4834-999f-59d23d01539c] Receive server push request, request = NotifySubscriberRequest, requestId = 317
01:12:12.028 [nacos-grpc-client-executor-4728] INFO  c.a.n.c.r.client - [printIfInfoEnabled,60] - [275d445e-161e-4834-999f-59d23d01539c] Ack server push request, request = NotifySubscriberRequest, requestId = 317
01:12:45.878 [nacos-grpc-client-executor-4735] INFO  c.a.n.c.r.client - [printIfInfoEnabled,60] - [275d445e-161e-4834-999f-59d23d01539c] Receive server push request, request = NotifySubscriberRequest, requestId = 321
01:12:45.886 [nacos-grpc-client-executor-4735] INFO  c.a.n.c.r.client - [printIfInfoEnabled,60] - [275d445e-161e-4834-999f-59d23d01539c] Ack server push request, request = NotifySubscriberRequest, requestId = 321
01:12:58.900 [nacos-grpc-client-executor-4738] INFO  c.a.n.c.r.client - [printIfInfoEnabled,60] - [275d445e-161e-4834-999f-59d23d01539c] Receive server push request, request = NotifySubscriberRequest, requestId = 324
01:12:58.907 [nacos-grpc-client-executor-4738] INFO  c.a.n.c.r.client - [printIfInfoEnabled,60] - [275d445e-161e-4834-999f-59d23d01539c] Ack server push request, request = NotifySubscriberRequest, requestId = 324
01:14:42.163 [nacos-grpc-client-executor-4761] INFO  c.a.n.c.r.client - [printIfInfoEnabled,60] - [275d445e-161e-4834-999f-59d23d01539c] Receive server push request, request = NotifySubscriberRequest, requestId = 328
01:14:42.167 [nacos-grpc-client-executor-4761] INFO  c.a.n.c.r.client - [printIfInfoEnabled,60] - [275d445e-161e-4834-999f-59d23d01539c] Ack server push request, request = NotifySubscriberRequest, requestId = 328
01:14:54.973 [nacos-grpc-client-executor-4763] INFO  c.a.n.c.r.client - [printIfInfoEnabled,60] - [275d445e-161e-4834-999f-59d23d01539c] Receive server push request, request = NotifySubscriberRequest, requestId = 331
01:14:54.974 [nacos-grpc-client-executor-4763] INFO  c.a.n.c.r.client - [printIfInfoEnabled,60] - [275d445e-161e-4834-999f-59d23d01539c] Ack server push request, request = NotifySubscriberRequest, requestId = 331
01:17:09.797 [nacos-grpc-client-executor-4794] INFO  c.a.n.c.r.client - [printIfInfoEnabled,60] - [275d445e-161e-4834-999f-59d23d01539c] Receive server push request, request = NotifySubscriberRequest, requestId = 335
01:17:09.801 [nacos-grpc-client-executor-4794] INFO  c.a.n.c.r.client - [printIfInfoEnabled,60] - [275d445e-161e-4834-999f-59d23d01539c] Ack server push request, request = NotifySubscriberRequest, requestId = 335
01:17:22.710 [nacos-grpc-client-executor-4797] INFO  c.a.n.c.r.client - [printIfInfoEnabled,60] - [275d445e-161e-4834-999f-59d23d01539c] Receive server push request, request = NotifySubscriberRequest, requestId = 338
01:17:22.712 [nacos-grpc-client-executor-4797] INFO  c.a.n.c.r.client - [printIfInfoEnabled,60] - [275d445e-161e-4834-999f-59d23d01539c] Ack server push request, request = NotifySubscriberRequest, requestId = 338
01:18:47.744 [nacos-grpc-client-executor-4814] INFO  c.a.n.c.r.client - [printIfInfoEnabled,60] - [275d445e-161e-4834-999f-59d23d01539c] Receive server push request, request = NotifySubscriberRequest, requestId = 342
01:18:47.746 [nacos-grpc-client-executor-4814] INFO  c.a.n.c.r.client - [printIfInfoEnabled,60] - [275d445e-161e-4834-999f-59d23d01539c] Ack server push request, request = NotifySubscriberRequest, requestId = 342
01:19:01.440 [nacos-grpc-client-executor-4818] INFO  c.a.n.c.r.client - [printIfInfoEnabled,60] - [275d445e-161e-4834-999f-59d23d01539c] Receive server push request, request = NotifySubscriberRequest, requestId = 345
01:19:01.442 [nacos-grpc-client-executor-4818] INFO  c.a.n.c.r.client - [printIfInfoEnabled,60] - [275d445e-161e-4834-999f-59d23d01539c] Ack server push request, request = NotifySubscriberRequest, requestId = 345
01:50:35.827 [nacos-grpc-client-executor-5224] INFO  c.a.n.c.r.client - [printIfInfoEnabled,60] - [275d445e-161e-4834-999f-59d23d01539c] Receive server push request, request = NotifySubscriberRequest, requestId = 349
01:50:35.832 [nacos-grpc-client-executor-5224] INFO  c.a.n.c.r.client - [printIfInfoEnabled,60] - [275d445e-161e-4834-999f-59d23d01539c] Ack server push request, request = NotifySubscriberRequest, requestId = 349
01:50:51.399 [nacos-grpc-client-executor-5227] INFO  c.a.n.c.r.client - [printIfInfoEnabled,60] - [275d445e-161e-4834-999f-59d23d01539c] Receive server push request, request = NotifySubscriberRequest, requestId = 352
01:50:51.405 [nacos-grpc-client-executor-5227] INFO  c.a.n.c.r.client - [printIfInfoEnabled,60] - [275d445e-161e-4834-999f-59d23d01539c] Ack server push request, request = NotifySubscriberRequest, requestId = 352
01:50:53.759 [nacos-grpc-client-executor-5228] INFO  c.a.n.c.r.client - [printIfInfoEnabled,60] - [275d445e-161e-4834-999f-59d23d01539c] Receive server push request, request = NotifySubscriberRequest, requestId = 356
01:50:53.760 [nacos-grpc-client-executor-5228] INFO  c.a.n.c.r.client - [printIfInfoEnabled,60] - [275d445e-161e-4834-999f-59d23d01539c] Ack server push request, request = NotifySubscriberRequest, requestId = 356
01:51:07.677 [nacos-grpc-client-executor-5231] INFO  c.a.n.c.r.client - [printIfInfoEnabled,60] - [275d445e-161e-4834-999f-59d23d01539c] Receive server push request, request = NotifySubscriberRequest, requestId = 360
01:51:07.678 [nacos-grpc-client-executor-5231] INFO  c.a.n.c.r.client - [printIfInfoEnabled,60] - [275d445e-161e-4834-999f-59d23d01539c] Ack server push request, request = NotifySubscriberRequest, requestId = 360
01:51:46.241 [nacos-grpc-client-executor-5240] INFO  c.a.n.c.r.client - [printIfInfoEnabled,60] - [275d445e-161e-4834-999f-59d23d01539c] Receive server push request, request = NotifySubscriberRequest, requestId = 364
01:51:46.245 [nacos-grpc-client-executor-5240] INFO  c.a.n.c.r.client - [printIfInfoEnabled,60] - [275d445e-161e-4834-999f-59d23d01539c] Ack server push request, request = NotifySubscriberRequest, requestId = 364
01:52:00.470 [nacos-grpc-client-executor-5244] INFO  c.a.n.c.r.client - [printIfInfoEnabled,60] - [275d445e-161e-4834-999f-59d23d01539c] Receive server push request, request = NotifySubscriberRequest, requestId = 367
01:52:00.471 [nacos-grpc-client-executor-5244] INFO  c.a.n.c.r.client - [printIfInfoEnabled,60] - [275d445e-161e-4834-999f-59d23d01539c] Ack server push request, request = NotifySubscriberRequest, requestId = 367
01:53:06.298 [nacos-grpc-client-executor-5258] INFO  c.a.n.c.r.client - [printIfInfoEnabled,60] - [275d445e-161e-4834-999f-59d23d01539c] Receive server push request, request = NotifySubscriberRequest, requestId = 371
01:53:06.298 [nacos-grpc-client-executor-5258] INFO  c.a.n.c.r.client - [printIfInfoEnabled,60] - [275d445e-161e-4834-999f-59d23d01539c] Ack server push request, request = NotifySubscriberRequest, requestId = 371
01:53:20.765 [nacos-grpc-client-executor-5262] INFO  c.a.n.c.r.client - [printIfInfoEnabled,60] - [275d445e-161e-4834-999f-59d23d01539c] Receive server push request, request = NotifySubscriberRequest, requestId = 374
01:53:20.766 [nacos-grpc-client-executor-5262] INFO  c.a.n.c.r.client - [printIfInfoEnabled,60] - [275d445e-161e-4834-999f-59d23d01539c] Ack server push request, request = NotifySubscriberRequest, requestId = 374
02:35:11.084 [nacos-grpc-client-executor-5820] INFO  c.a.n.c.r.client - [printIfInfoEnabled,60] - [275d445e-161e-4834-999f-59d23d01539c] Receive server push request, request = NotifySubscriberRequest, requestId = 379
02:35:11.089 [nacos-grpc-client-executor-5820] INFO  c.a.n.c.r.client - [printIfInfoEnabled,60] - [275d445e-161e-4834-999f-59d23d01539c] Ack server push request, request = NotifySubscriberRequest, requestId = 379
02:35:26.041 [nacos-grpc-client-executor-5823] INFO  c.a.n.c.r.client - [printIfInfoEnabled,60] - [275d445e-161e-4834-999f-59d23d01539c] Receive server push request, request = NotifySubscriberRequest, requestId = 382
02:35:26.047 [nacos-grpc-client-executor-5823] INFO  c.a.n.c.r.client - [printIfInfoEnabled,60] - [275d445e-161e-4834-999f-59d23d01539c] Ack server push request, request = NotifySubscriberRequest, requestId = 382
03:07:01.148 [nacos-grpc-client-executor-6263] INFO  c.a.n.c.r.client - [printIfInfoEnabled,60] - [275d445e-161e-4834-999f-59d23d01539c] Receive server push request, request = NotifySubscriberRequest, requestId = 386
03:07:01.154 [nacos-grpc-client-executor-6263] INFO  c.a.n.c.r.client - [printIfInfoEnabled,60] - [275d445e-161e-4834-999f-59d23d01539c] Ack server push request, request = NotifySubscriberRequest, requestId = 386
03:07:16.289 [nacos-grpc-client-executor-6269] INFO  c.a.n.c.r.client - [printIfInfoEnabled,60] - [275d445e-161e-4834-999f-59d23d01539c] Receive server push request, request = NotifySubscriberRequest, requestId = 390
03:07:16.291 [nacos-grpc-client-executor-6269] INFO  c.a.n.c.r.client - [printIfInfoEnabled,60] - [275d445e-161e-4834-999f-59d23d01539c] Ack server push request, request = NotifySubscriberRequest, requestId = 390
06:06:25.834 [nacos-grpc-client-executor-7993] INFO  c.a.n.c.r.client - [printIfInfoEnabled,60] - [275d445e-161e-4834-999f-59d23d01539c] Receive server push request, request = NotifySubscriberRequest, requestId = 393
06:06:25.839 [nacos-grpc-client-executor-7993] INFO  c.a.n.c.r.client - [printIfInfoEnabled,60] - [275d445e-161e-4834-999f-59d23d01539c] Ack server push request, request = NotifySubscriberRequest, requestId = 393
06:06:38.343 [nacos-grpc-client-executor-7995] INFO  c.a.n.c.r.client - [printIfInfoEnabled,60] - [275d445e-161e-4834-999f-59d23d01539c] Receive server push request, request = NotifySubscriberRequest, requestId = 396
06:06:38.344 [nacos-grpc-client-executor-7995] INFO  c.a.n.c.r.client - [printIfInfoEnabled,60] - [275d445e-161e-4834-999f-59d23d01539c] Ack server push request, request = NotifySubscriberRequest, requestId = 396
06:29:11.090 [SpringApplicationShutdownHook] INFO  c.a.c.n.r.NacosServiceRegistry - [deregister,94] - De-registering from Nacos Server now...
06:29:11.092 [SpringApplicationShutdownHook] INFO  c.a.c.n.r.NacosServiceRegistry - [deregister,114] - De-registration finished.
06:29:11.408 [SpringApplicationShutdownHook] INFO  c.a.n.c.r.client - [shutdown,454] - Shutdown rpc client, set status to shutdown
06:29:11.409 [SpringApplicationShutdownHook] INFO  c.a.n.c.r.client - [shutdown,456] - Shutdown client event executor java.util.concurrent.ScheduledThreadPoolExecutor@20c12239[Running, pool size = 2, active threads = 2, queued tasks = 0, completed tasks = 0]
06:29:11.409 [SpringApplicationShutdownHook] INFO  c.a.n.c.r.client - [closeConnection,591] - Close current connection 1683978058871_127.0.0.1_58407
06:29:11.414 [nacos-grpc-client-executor-8310] INFO  c.a.n.c.r.c.g.GrpcClient - [printIfInfoEnabled,60] - [1683978058871_127.0.0.1_58407]Ignore complete event,isRunning:false,isAbandon=false
06:29:11.424 [SpringApplicationShutdownHook] INFO  c.a.n.c.r.c.g.GrpcClient - [shutdown,85] - Shutdown grpc executor java.util.concurrent.ThreadPoolExecutor@67f1464a[Running, pool size = 5, active threads = 0, queued tasks = 0, completed tasks = 8311]
06:29:23.874 [background-preinit] INFO  o.h.v.i.util.Version - [<clinit>,21] - HV000001: Hibernate Validator 6.2.5.Final
06:29:24.658 [main] INFO  c.a.n.c.r.client - [lambda$createClient$0,80] - [RpcClientFactory] create a new rpc client of bb8fb46f-1b93-4b9f-ab76-a361c182f76a_config-0
06:29:24.714 [main] INFO  o.r.Reflections - [scan,232] - Reflections took 38 ms to scan 1 urls, producing 3 keys and 6 values 
06:29:24.756 [main] INFO  o.r.Reflections - [scan,232] - Reflections took 27 ms to scan 1 urls, producing 4 keys and 9 values 
06:29:24.781 [main] INFO  o.r.Reflections - [scan,232] - Reflections took 21 ms to scan 1 urls, producing 3 keys and 10 values 
06:29:24.819 [main] INFO  o.r.Reflections - [scan,232] - Reflections took 32 ms to scan 1 urls, producing 1 keys and 5 values 
06:29:24.838 [main] INFO  o.r.Reflections - [scan,232] - Reflections took 16 ms to scan 1 urls, producing 1 keys and 7 values 
06:29:24.861 [main] INFO  o.r.Reflections - [scan,232] - Reflections took 19 ms to scan 1 urls, producing 2 keys and 8 values 
06:29:24.874 [main] INFO  c.a.n.c.r.client - [printIfInfoEnabled,60] - [bb8fb46f-1b93-4b9f-ab76-a361c182f76a_config-0] RpcClient init label, labels = {module=config, Vipserver-Tag=null, source=sdk, Amory-Tag=null, Location-Tag=null, taskId=0, AppName=unknown}
06:29:24.876 [main] INFO  c.a.n.c.r.client - [printIfInfoEnabled,60] - [bb8fb46f-1b93-4b9f-ab76-a361c182f76a_config-0] Register server push request handler:com.alibaba.nacos.client.config.impl.ClientWorker$ConfigRpcTransportClient$$Lambda$468/0x0000000800f1cc28
06:29:24.876 [main] INFO  c.a.n.c.r.client - [printIfInfoEnabled,60] - [bb8fb46f-1b93-4b9f-ab76-a361c182f76a_config-0] Register server push request handler:com.alibaba.nacos.client.config.impl.ClientWorker$ConfigRpcTransportClient$$Lambda$469/0x0000000800f1ce50
06:29:24.877 [main] INFO  c.a.n.c.r.client - [printIfInfoEnabled,60] - [bb8fb46f-1b93-4b9f-ab76-a361c182f76a_config-0] Registry connection listener to current client:com.alibaba.nacos.client.config.impl.ClientWorker$ConfigRpcTransportClient$1
06:29:24.878 [main] INFO  c.a.n.c.r.client - [printIfInfoEnabled,60] - [bb8fb46f-1b93-4b9f-ab76-a361c182f76a_config-0] RpcClient init, ServerListFactory = com.alibaba.nacos.client.config.impl.ClientWorker$ConfigRpcTransportClient$2
06:29:24.889 [main] INFO  c.a.n.c.r.client - [printIfInfoEnabled,60] - [bb8fb46f-1b93-4b9f-ab76-a361c182f76a_config-0] Try to connect to server on start up, server: {serverIp = '127.0.0.1', server main port = 8848}
06:29:25.622 [main] INFO  c.a.n.c.r.client - [printIfInfoEnabled,60] - [bb8fb46f-1b93-4b9f-ab76-a361c182f76a_config-0] Success to connect to server [127.0.0.1:8848] on start up, connectionId = 1684016965416_127.0.0.1_52463
06:29:25.623 [com.alibaba.nacos.client.remote.worker] INFO  c.a.n.c.r.client - [printIfInfoEnabled,60] - [bb8fb46f-1b93-4b9f-ab76-a361c182f76a_config-0] Notify connected event to listeners.
06:29:25.623 [main] INFO  c.a.n.c.r.client - [printIfInfoEnabled,60] - [bb8fb46f-1b93-4b9f-ab76-a361c182f76a_config-0] Register server push request handler:com.alibaba.nacos.common.remote.client.RpcClient$ConnectResetRequestHandler
06:29:25.624 [main] INFO  c.a.n.c.r.client - [printIfInfoEnabled,60] - [bb8fb46f-1b93-4b9f-ab76-a361c182f76a_config-0] Register server push request handler:com.alibaba.nacos.common.remote.client.RpcClient$$Lambda$480/0x000000080101d7d8
06:29:25.742 [main] INFO  c.c.a.RuoYiAuthApplication - [logStartupProfileInfo,637] - The following 1 profile is active: "dev"
06:29:29.531 [main] INFO  o.a.c.h.Http11NioProtocol - [log,173] - Initializing ProtocolHandler ["http-nio-9200"]
06:29:29.532 [main] INFO  o.a.c.c.StandardService - [log,173] - Starting service [Tomcat]
06:29:29.532 [main] INFO  o.a.c.c.StandardEngine - [log,173] - Starting Servlet engine: [Apache Tomcat/9.0.70]
06:29:29.751 [main] INFO  o.a.c.c.C.[.[.[/] - [log,173] - Initializing Spring embedded WebApplicationContext
06:29:31.662 [main] INFO  c.a.c.s.SentinelWebMvcConfigurer - [addInterceptors,52] - [Sentinel Starter] register SentinelWebInterceptor with urlPatterns: [/**].
06:29:33.648 [main] INFO  c.a.n.c.r.client - [lambda$createClient$0,80] - [RpcClientFactory] create a new rpc client of 66144479-f477-46e0-a15d-1c86aca151a5
06:29:33.648 [main] INFO  c.a.n.c.r.client - [printIfInfoEnabled,60] - [66144479-f477-46e0-a15d-1c86aca151a5] RpcClient init label, labels = {module=naming, source=sdk}
06:29:33.651 [main] INFO  c.a.n.c.r.client - [printIfInfoEnabled,60] - [66144479-f477-46e0-a15d-1c86aca151a5] RpcClient init, ServerListFactory = com.alibaba.nacos.client.naming.core.ServerListManager
06:29:33.651 [main] INFO  c.a.n.c.r.client - [printIfInfoEnabled,60] - [66144479-f477-46e0-a15d-1c86aca151a5] Registry connection listener to current client:com.alibaba.nacos.client.naming.remote.gprc.redo.NamingGrpcRedoService
06:29:33.652 [main] INFO  c.a.n.c.r.client - [printIfInfoEnabled,60] - [66144479-f477-46e0-a15d-1c86aca151a5] Register server push request handler:com.alibaba.nacos.client.naming.remote.gprc.NamingPushRequestHandler
06:29:33.655 [main] INFO  c.a.n.c.r.client - [printIfInfoEnabled,60] - [66144479-f477-46e0-a15d-1c86aca151a5] Try to connect to server on start up, server: {serverIp = '127.0.0.1', server main port = 8848}
06:29:33.805 [main] INFO  c.a.n.c.r.client - [printIfInfoEnabled,60] - [66144479-f477-46e0-a15d-1c86aca151a5] Success to connect to server [127.0.0.1:8848] on start up, connectionId = 1684016973677_127.0.0.1_52494
06:29:33.806 [com.alibaba.nacos.client.remote.worker] INFO  c.a.n.c.r.client - [printIfInfoEnabled,60] - [66144479-f477-46e0-a15d-1c86aca151a5] Notify connected event to listeners.
06:29:33.806 [main] INFO  c.a.n.c.r.client - [printIfInfoEnabled,60] - [66144479-f477-46e0-a15d-1c86aca151a5] Register server push request handler:com.alibaba.nacos.common.remote.client.RpcClient$ConnectResetRequestHandler
06:29:33.806 [main] INFO  c.a.n.c.r.client - [printIfInfoEnabled,60] - [66144479-f477-46e0-a15d-1c86aca151a5] Register server push request handler:com.alibaba.nacos.common.remote.client.RpcClient$$Lambda$480/0x000000080101d7d8
06:29:33.861 [main] INFO  o.a.c.h.Http11NioProtocol - [log,173] - Starting ProtocolHandler ["http-nio-9200"]
06:29:33.912 [main] INFO  c.a.c.n.r.NacosServiceRegistry - [register,75] - nacos registry, DEFAULT_GROUP cms-auth 192.168.1.9:9200 register finished
06:29:33.950 [main] INFO  c.c.a.RuoYiAuthApplication - [logStarted,61] - Started RuoYiAuthApplication in 10.98 seconds (JVM running for 12.157)
06:29:33.960 [main] INFO  c.a.c.n.r.NacosContextRefresher - [registerNacosListener,129] - [Nacos Config] Listening config: dataId=cms-auth.yml, group=DEFAULT_GROUP
06:29:33.961 [main] INFO  c.a.c.n.r.NacosContextRefresher - [registerNacosListener,129] - [Nacos Config] Listening config: dataId=cms-auth, group=DEFAULT_GROUP
06:29:33.962 [main] INFO  c.a.c.n.r.NacosContextRefresher - [registerNacosListener,129] - [Nacos Config] Listening config: dataId=cms-auth-dev.yml, group=DEFAULT_GROUP
06:29:34.264 [RMI TCP Connection(4)-192.168.1.9] INFO  o.a.c.c.C.[.[.[/] - [log,173] - Initializing Spring DispatcherServlet 'dispatcherServlet'
06:29:34.349 [nacos-grpc-client-executor-14] INFO  c.a.n.c.r.client - [printIfInfoEnabled,60] - [66144479-f477-46e0-a15d-1c86aca151a5] Receive server push request, request = NotifySubscriberRequest, requestId = 407
06:29:34.354 [nacos-grpc-client-executor-14] INFO  c.a.n.c.r.client - [printIfInfoEnabled,60] - [66144479-f477-46e0-a15d-1c86aca151a5] Ack server push request, request = NotifySubscriberRequest, requestId = 407
21:37:25.117 [nacos-grpc-client-executor-2007] INFO  c.a.n.c.r.client - [printIfInfoEnabled,60] - [66144479-f477-46e0-a15d-1c86aca151a5] Receive server push request, request = NotifySubscriberRequest, requestId = 429
21:37:25.120 [nacos-grpc-client-executor-2007] INFO  c.a.n.c.r.client - [printIfInfoEnabled,60] - [66144479-f477-46e0-a15d-1c86aca151a5] Ack server push request, request = NotifySubscriberRequest, requestId = 429
22:50:53.556 [SpringApplicationShutdownHook] INFO  c.a.c.n.r.NacosServiceRegistry - [deregister,94] - De-registering from Nacos Server now...
22:50:53.559 [SpringApplicationShutdownHook] INFO  c.a.c.n.r.NacosServiceRegistry - [deregister,114] - De-registration finished.
22:50:53.870 [SpringApplicationShutdownHook] INFO  c.a.n.c.r.client - [shutdown,454] - Shutdown rpc client, set status to shutdown
22:50:53.871 [SpringApplicationShutdownHook] INFO  c.a.n.c.r.client - [shutdown,456] - Shutdown client event executor java.util.concurrent.ScheduledThreadPoolExecutor@580c08a4[Running, pool size = 2, active threads = 2, queued tasks = 0, completed tasks = 0]
22:50:53.871 [SpringApplicationShutdownHook] INFO  c.a.n.c.r.client - [closeConnection,591] - Close current connection 1684016973677_127.0.0.1_52494
22:50:53.875 [nacos-grpc-client-executor-3037] INFO  c.a.n.c.r.c.g.GrpcClient - [printIfInfoEnabled,60] - [1684016973677_127.0.0.1_52494]Ignore complete event,isRunning:false,isAbandon=false
22:50:53.879 [SpringApplicationShutdownHook] INFO  c.a.n.c.r.c.g.GrpcClient - [shutdown,85] - Shutdown grpc executor java.util.concurrent.ThreadPoolExecutor@64543441[Running, pool size = 5, active threads = 0, queued tasks = 0, completed tasks = 3038]
22:50:58.688 [background-preinit] INFO  o.h.v.i.util.Version - [<clinit>,21] - HV000001: Hibernate Validator 6.2.5.Final
22:50:59.149 [main] INFO  c.a.n.c.r.client - [lambda$createClient$0,80] - [RpcClientFactory] create a new rpc client of 7eaf02c0-8a9e-406b-879e-1b99c0967bbb_config-0
22:50:59.194 [main] INFO  o.r.Reflections - [scan,232] - Reflections took 27 ms to scan 1 urls, producing 3 keys and 6 values 
22:50:59.227 [main] INFO  o.r.Reflections - [scan,232] - Reflections took 17 ms to scan 1 urls, producing 4 keys and 9 values 
22:50:59.242 [main] INFO  o.r.Reflections - [scan,232] - Reflections took 13 ms to scan 1 urls, producing 3 keys and 10 values 
22:50:59.256 [main] INFO  o.r.Reflections - [scan,232] - Reflections took 11 ms to scan 1 urls, producing 1 keys and 5 values 
22:50:59.272 [main] INFO  o.r.Reflections - [scan,232] - Reflections took 14 ms to scan 1 urls, producing 1 keys and 7 values 
22:50:59.287 [main] INFO  o.r.Reflections - [scan,232] - Reflections took 13 ms to scan 1 urls, producing 2 keys and 8 values 
22:50:59.290 [main] INFO  c.a.n.c.r.client - [printIfInfoEnabled,60] - [7eaf02c0-8a9e-406b-879e-1b99c0967bbb_config-0] RpcClient init label, labels = {module=config, Vipserver-Tag=null, source=sdk, Amory-Tag=null, Location-Tag=null, taskId=0, AppName=unknown}
22:50:59.291 [main] INFO  c.a.n.c.r.client - [printIfInfoEnabled,60] - [7eaf02c0-8a9e-406b-879e-1b99c0967bbb_config-0] Register server push request handler:com.alibaba.nacos.client.config.impl.ClientWorker$ConfigRpcTransportClient$$Lambda$468/0x0000000800f3c008
22:50:59.291 [main] INFO  c.a.n.c.r.client - [printIfInfoEnabled,60] - [7eaf02c0-8a9e-406b-879e-1b99c0967bbb_config-0] Register server push request handler:com.alibaba.nacos.client.config.impl.ClientWorker$ConfigRpcTransportClient$$Lambda$469/0x0000000800f3c230
22:50:59.292 [main] INFO  c.a.n.c.r.client - [printIfInfoEnabled,60] - [7eaf02c0-8a9e-406b-879e-1b99c0967bbb_config-0] Registry connection listener to current client:com.alibaba.nacos.client.config.impl.ClientWorker$ConfigRpcTransportClient$1
22:50:59.292 [main] INFO  c.a.n.c.r.client - [printIfInfoEnabled,60] - [7eaf02c0-8a9e-406b-879e-1b99c0967bbb_config-0] RpcClient init, ServerListFactory = com.alibaba.nacos.client.config.impl.ClientWorker$ConfigRpcTransportClient$2
22:50:59.299 [main] INFO  c.a.n.c.r.client - [printIfInfoEnabled,60] - [7eaf02c0-8a9e-406b-879e-1b99c0967bbb_config-0] Try to connect to server on start up, server: {serverIp = '127.0.0.1', server main port = 8848}
22:50:59.897 [main] INFO  c.a.n.c.r.client - [printIfInfoEnabled,60] - [7eaf02c0-8a9e-406b-879e-1b99c0967bbb_config-0] Success to connect to server [127.0.0.1:8848] on start up, connectionId = 1684075859715_127.0.0.1_61273
22:50:59.897 [com.alibaba.nacos.client.remote.worker] INFO  c.a.n.c.r.client - [printIfInfoEnabled,60] - [7eaf02c0-8a9e-406b-879e-1b99c0967bbb_config-0] Notify connected event to listeners.
22:50:59.897 [main] INFO  c.a.n.c.r.client - [printIfInfoEnabled,60] - [7eaf02c0-8a9e-406b-879e-1b99c0967bbb_config-0] Register server push request handler:com.alibaba.nacos.common.remote.client.RpcClient$ConnectResetRequestHandler
22:50:59.898 [main] INFO  c.a.n.c.r.client - [printIfInfoEnabled,60] - [7eaf02c0-8a9e-406b-879e-1b99c0967bbb_config-0] Register server push request handler:com.alibaba.nacos.common.remote.client.RpcClient$$Lambda$480/0x000000080103c290
22:50:59.972 [main] INFO  c.c.a.RuoYiAuthApplication - [logStartupProfileInfo,637] - The following 1 profile is active: "dev"
22:51:02.459 [main] INFO  o.a.c.h.Http11NioProtocol - [log,173] - Initializing ProtocolHandler ["http-nio-9200"]
22:51:02.460 [main] INFO  o.a.c.c.StandardService - [log,173] - Starting service [Tomcat]
22:51:02.460 [main] INFO  o.a.c.c.StandardEngine - [log,173] - Starting Servlet engine: [Apache Tomcat/9.0.70]
22:51:02.665 [main] INFO  o.a.c.c.C.[.[.[/] - [log,173] - Initializing Spring embedded WebApplicationContext
22:51:04.190 [main] INFO  c.a.c.s.SentinelWebMvcConfigurer - [addInterceptors,52] - [Sentinel Starter] register SentinelWebInterceptor with urlPatterns: [/**].
22:51:05.663 [main] INFO  c.a.n.c.r.client - [lambda$createClient$0,80] - [RpcClientFactory] create a new rpc client of cdffbd2d-6920-4864-b740-4d95f3604199
22:51:05.664 [main] INFO  c.a.n.c.r.client - [printIfInfoEnabled,60] - [cdffbd2d-6920-4864-b740-4d95f3604199] RpcClient init label, labels = {module=naming, source=sdk}
22:51:05.665 [main] INFO  c.a.n.c.r.client - [printIfInfoEnabled,60] - [cdffbd2d-6920-4864-b740-4d95f3604199] RpcClient init, ServerListFactory = com.alibaba.nacos.client.naming.core.ServerListManager
22:51:05.665 [main] INFO  c.a.n.c.r.client - [printIfInfoEnabled,60] - [cdffbd2d-6920-4864-b740-4d95f3604199] Registry connection listener to current client:com.alibaba.nacos.client.naming.remote.gprc.redo.NamingGrpcRedoService
22:51:05.666 [main] INFO  c.a.n.c.r.client - [printIfInfoEnabled,60] - [cdffbd2d-6920-4864-b740-4d95f3604199] Register server push request handler:com.alibaba.nacos.client.naming.remote.gprc.NamingPushRequestHandler
22:51:05.666 [main] INFO  c.a.n.c.r.client - [printIfInfoEnabled,60] - [cdffbd2d-6920-4864-b740-4d95f3604199] Try to connect to server on start up, server: {serverIp = '127.0.0.1', server main port = 8848}
22:51:05.805 [main] INFO  c.a.n.c.r.client - [printIfInfoEnabled,60] - [cdffbd2d-6920-4864-b740-4d95f3604199] Success to connect to server [127.0.0.1:8848] on start up, connectionId = 1684075865684_127.0.0.1_61287
22:51:05.805 [main] INFO  c.a.n.c.r.client - [printIfInfoEnabled,60] - [cdffbd2d-6920-4864-b740-4d95f3604199] Register server push request handler:com.alibaba.nacos.common.remote.client.RpcClient$ConnectResetRequestHandler
22:51:05.805 [com.alibaba.nacos.client.remote.worker] INFO  c.a.n.c.r.client - [printIfInfoEnabled,60] - [cdffbd2d-6920-4864-b740-4d95f3604199] Notify connected event to listeners.
22:51:05.805 [main] INFO  c.a.n.c.r.client - [printIfInfoEnabled,60] - [cdffbd2d-6920-4864-b740-4d95f3604199] Register server push request handler:com.alibaba.nacos.common.remote.client.RpcClient$$Lambda$480/0x000000080103c290
22:51:05.854 [main] INFO  o.a.c.h.Http11NioProtocol - [log,173] - Starting ProtocolHandler ["http-nio-9200"]
22:51:05.886 [main] INFO  c.a.c.n.r.NacosServiceRegistry - [register,75] - nacos registry, DEFAULT_GROUP cms-auth 192.168.1.9:9200 register finished
22:51:05.923 [main] INFO  c.c.a.RuoYiAuthApplication - [logStarted,61] - Started RuoYiAuthApplication in 7.977 seconds (JVM running for 8.813)
22:51:05.940 [main] INFO  c.a.c.n.r.NacosContextRefresher - [registerNacosListener,129] - [Nacos Config] Listening config: dataId=cms-auth.yml, group=DEFAULT_GROUP
22:51:05.941 [main] INFO  c.a.c.n.r.NacosContextRefresher - [registerNacosListener,129] - [Nacos Config] Listening config: dataId=cms-auth, group=DEFAULT_GROUP
22:51:05.942 [main] INFO  c.a.c.n.r.NacosContextRefresher - [registerNacosListener,129] - [Nacos Config] Listening config: dataId=cms-auth-dev.yml, group=DEFAULT_GROUP
22:51:06.080 [RMI TCP Connection(3)-192.168.1.9] INFO  o.a.c.c.C.[.[.[/] - [log,173] - Initializing Spring DispatcherServlet 'dispatcherServlet'
22:51:06.370 [nacos-grpc-client-executor-11] INFO  c.a.n.c.r.client - [printIfInfoEnabled,60] - [cdffbd2d-6920-4864-b740-4d95f3604199] Receive server push request, request = NotifySubscriberRequest, requestId = 436
22:51:06.373 [nacos-grpc-client-executor-11] INFO  c.a.n.c.r.client - [printIfInfoEnabled,60] - [cdffbd2d-6920-4864-b740-4d95f3604199] Ack server push request, request = NotifySubscriberRequest, requestId = 436
22:53:39.995 [SpringApplicationShutdownHook] INFO  c.a.c.n.r.NacosServiceRegistry - [deregister,94] - De-registering from Nacos Server now...
22:53:40.001 [SpringApplicationShutdownHook] INFO  c.a.c.n.r.NacosServiceRegistry - [deregister,114] - De-registration finished.
22:53:40.316 [SpringApplicationShutdownHook] INFO  c.a.n.c.r.client - [shutdown,454] - Shutdown rpc client, set status to shutdown
22:53:40.316 [SpringApplicationShutdownHook] INFO  c.a.n.c.r.client - [shutdown,456] - Shutdown client event executor java.util.concurrent.ScheduledThreadPoolExecutor@526ebdef[Running, pool size = 2, active threads = 2, queued tasks = 0, completed tasks = 0]
22:53:40.316 [SpringApplicationShutdownHook] INFO  c.a.n.c.r.client - [closeConnection,591] - Close current connection 1684075865684_127.0.0.1_61287
22:53:40.318 [nacos-grpc-client-executor-70] INFO  c.a.n.c.r.c.g.GrpcClient - [printIfInfoEnabled,60] - [1684075865684_127.0.0.1_61287]Ignore complete event,isRunning:false,isAbandon=false
22:53:40.321 [SpringApplicationShutdownHook] INFO  c.a.n.c.r.c.g.GrpcClient - [shutdown,85] - Shutdown grpc executor java.util.concurrent.ThreadPoolExecutor@660558f8[Running, pool size = 4, active threads = 0, queued tasks = 0, completed tasks = 71]
22:53:51.850 [background-preinit] INFO  o.h.v.i.util.Version - [<clinit>,21] - HV000001: Hibernate Validator 6.2.5.Final
22:53:52.518 [main] INFO  c.a.n.c.r.client - [lambda$createClient$0,80] - [RpcClientFactory] create a new rpc client of 1586e5e0-bd6f-4bd5-91c9-f804ae652f91_config-0
22:53:52.571 [main] INFO  o.r.Reflections - [scan,232] - Reflections took 36 ms to scan 1 urls, producing 3 keys and 6 values 
22:53:52.608 [main] INFO  o.r.Reflections - [scan,232] - Reflections took 21 ms to scan 1 urls, producing 4 keys and 9 values 
22:53:52.632 [main] INFO  o.r.Reflections - [scan,232] - Reflections took 22 ms to scan 1 urls, producing 3 keys and 10 values 
22:53:52.656 [main] INFO  o.r.Reflections - [scan,232] - Reflections took 19 ms to scan 1 urls, producing 1 keys and 5 values 
22:53:52.685 [main] INFO  o.r.Reflections - [scan,232] - Reflections took 26 ms to scan 1 urls, producing 1 keys and 7 values 
22:53:52.703 [main] INFO  o.r.Reflections - [scan,232] - Reflections took 14 ms to scan 1 urls, producing 2 keys and 8 values 
22:53:52.706 [main] INFO  c.a.n.c.r.client - [printIfInfoEnabled,60] - [1586e5e0-bd6f-4bd5-91c9-f804ae652f91_config-0] RpcClient init label, labels = {module=config, Vipserver-Tag=null, source=sdk, Amory-Tag=null, Location-Tag=null, taskId=0, AppName=unknown}
22:53:52.707 [main] INFO  c.a.n.c.r.client - [printIfInfoEnabled,60] - [1586e5e0-bd6f-4bd5-91c9-f804ae652f91_config-0] Register server push request handler:com.alibaba.nacos.client.config.impl.ClientWorker$ConfigRpcTransportClient$$Lambda$468/0x0000000800f1c990
22:53:52.708 [main] INFO  c.a.n.c.r.client - [printIfInfoEnabled,60] - [1586e5e0-bd6f-4bd5-91c9-f804ae652f91_config-0] Register server push request handler:com.alibaba.nacos.client.config.impl.ClientWorker$ConfigRpcTransportClient$$Lambda$469/0x0000000800f1cbb8
22:53:52.708 [main] INFO  c.a.n.c.r.client - [printIfInfoEnabled,60] - [1586e5e0-bd6f-4bd5-91c9-f804ae652f91_config-0] Registry connection listener to current client:com.alibaba.nacos.client.config.impl.ClientWorker$ConfigRpcTransportClient$1
22:53:52.709 [main] INFO  c.a.n.c.r.client - [printIfInfoEnabled,60] - [1586e5e0-bd6f-4bd5-91c9-f804ae652f91_config-0] RpcClient init, ServerListFactory = com.alibaba.nacos.client.config.impl.ClientWorker$ConfigRpcTransportClient$2
22:53:52.721 [main] INFO  c.a.n.c.r.client - [printIfInfoEnabled,60] - [1586e5e0-bd6f-4bd5-91c9-f804ae652f91_config-0] Try to connect to server on start up, server: {serverIp = '127.0.0.1', server main port = 8848}
22:53:53.459 [main] INFO  c.a.n.c.r.client - [printIfInfoEnabled,60] - [1586e5e0-bd6f-4bd5-91c9-f804ae652f91_config-0] Success to connect to server [127.0.0.1:8848] on start up, connectionId = 1684076033217_127.0.0.1_61723
22:53:53.461 [com.alibaba.nacos.client.remote.worker] INFO  c.a.n.c.r.client - [printIfInfoEnabled,60] - [1586e5e0-bd6f-4bd5-91c9-f804ae652f91_config-0] Notify connected event to listeners.
22:53:53.461 [main] INFO  c.a.n.c.r.client - [printIfInfoEnabled,60] - [1586e5e0-bd6f-4bd5-91c9-f804ae652f91_config-0] Register server push request handler:com.alibaba.nacos.common.remote.client.RpcClient$ConnectResetRequestHandler
22:53:53.462 [main] INFO  c.a.n.c.r.client - [printIfInfoEnabled,60] - [1586e5e0-bd6f-4bd5-91c9-f804ae652f91_config-0] Register server push request handler:com.alibaba.nacos.common.remote.client.RpcClient$$Lambda$480/0x000000080101d7d8
22:53:53.527 [main] INFO  c.c.a.RuoYiAuthApplication - [logStartupProfileInfo,637] - The following 1 profile is active: "dev"
22:53:56.484 [main] INFO  o.a.c.h.Http11NioProtocol - [log,173] - Initializing ProtocolHandler ["http-nio-9200"]
22:53:56.485 [main] INFO  o.a.c.c.StandardService - [log,173] - Starting service [Tomcat]
22:53:56.486 [main] INFO  o.a.c.c.StandardEngine - [log,173] - Starting Servlet engine: [Apache Tomcat/9.0.70]
22:53:56.743 [main] INFO  o.a.c.c.C.[.[.[/] - [log,173] - Initializing Spring embedded WebApplicationContext
22:53:58.758 [main] INFO  c.a.c.s.SentinelWebMvcConfigurer - [addInterceptors,52] - [Sentinel Starter] register SentinelWebInterceptor with urlPatterns: [/**].
22:54:01.005 [main] INFO  c.a.n.c.r.client - [lambda$createClient$0,80] - [RpcClientFactory] create a new rpc client of a2f7a834-9448-4cab-b26a-1abffd285207
22:54:01.006 [main] INFO  c.a.n.c.r.client - [printIfInfoEnabled,60] - [a2f7a834-9448-4cab-b26a-1abffd285207] RpcClient init label, labels = {module=naming, source=sdk}
22:54:01.008 [main] INFO  c.a.n.c.r.client - [printIfInfoEnabled,60] - [a2f7a834-9448-4cab-b26a-1abffd285207] RpcClient init, ServerListFactory = com.alibaba.nacos.client.naming.core.ServerListManager
22:54:01.008 [main] INFO  c.a.n.c.r.client - [printIfInfoEnabled,60] - [a2f7a834-9448-4cab-b26a-1abffd285207] Registry connection listener to current client:com.alibaba.nacos.client.naming.remote.gprc.redo.NamingGrpcRedoService
22:54:01.008 [main] INFO  c.a.n.c.r.client - [printIfInfoEnabled,60] - [a2f7a834-9448-4cab-b26a-1abffd285207] Register server push request handler:com.alibaba.nacos.client.naming.remote.gprc.NamingPushRequestHandler
22:54:01.009 [main] INFO  c.a.n.c.r.client - [printIfInfoEnabled,60] - [a2f7a834-9448-4cab-b26a-1abffd285207] Try to connect to server on start up, server: {serverIp = '127.0.0.1', server main port = 8848}
22:54:01.169 [main] INFO  c.a.n.c.r.client - [printIfInfoEnabled,60] - [a2f7a834-9448-4cab-b26a-1abffd285207] Success to connect to server [127.0.0.1:8848] on start up, connectionId = 1684076041028_127.0.0.1_61754
22:54:01.170 [com.alibaba.nacos.client.remote.worker] INFO  c.a.n.c.r.client - [printIfInfoEnabled,60] - [a2f7a834-9448-4cab-b26a-1abffd285207] Notify connected event to listeners.
22:54:01.170 [main] INFO  c.a.n.c.r.client - [printIfInfoEnabled,60] - [a2f7a834-9448-4cab-b26a-1abffd285207] Register server push request handler:com.alibaba.nacos.common.remote.client.RpcClient$ConnectResetRequestHandler
22:54:01.171 [main] INFO  c.a.n.c.r.client - [printIfInfoEnabled,60] - [a2f7a834-9448-4cab-b26a-1abffd285207] Register server push request handler:com.alibaba.nacos.common.remote.client.RpcClient$$Lambda$480/0x000000080101d7d8
22:54:01.229 [main] INFO  o.a.c.h.Http11NioProtocol - [log,173] - Starting ProtocolHandler ["http-nio-9200"]
22:54:01.266 [main] INFO  c.a.c.n.r.NacosServiceRegistry - [register,75] - nacos registry, DEFAULT_GROUP cms-auth 192.168.1.9:9200 register finished
22:54:01.298 [main] INFO  c.c.a.RuoYiAuthApplication - [logStarted,61] - Started RuoYiAuthApplication in 10.314 seconds (JVM running for 11.396)
22:54:01.313 [main] INFO  c.a.c.n.r.NacosContextRefresher - [registerNacosListener,129] - [Nacos Config] Listening config: dataId=cms-auth.yml, group=DEFAULT_GROUP
22:54:01.314 [main] INFO  c.a.c.n.r.NacosContextRefresher - [registerNacosListener,129] - [Nacos Config] Listening config: dataId=cms-auth, group=DEFAULT_GROUP
22:54:01.316 [main] INFO  c.a.c.n.r.NacosContextRefresher - [registerNacosListener,129] - [Nacos Config] Listening config: dataId=cms-auth-dev.yml, group=DEFAULT_GROUP
22:54:01.706 [RMI TCP Connection(6)-192.168.1.9] INFO  o.a.c.c.C.[.[.[/] - [log,173] - Initializing Spring DispatcherServlet 'dispatcherServlet'
22:54:01.792 [nacos-grpc-client-executor-13] INFO  c.a.n.c.r.client - [printIfInfoEnabled,60] - [a2f7a834-9448-4cab-b26a-1abffd285207] Receive server push request, request = NotifySubscriberRequest, requestId = 466
22:54:01.799 [nacos-grpc-client-executor-13] INFO  c.a.n.c.r.client - [printIfInfoEnabled,60] - [a2f7a834-9448-4cab-b26a-1abffd285207] Ack server push request, request = NotifySubscriberRequest, requestId = 466
