13:49:34.449 [nacos-grpc-client-executor-12794] INFO  c.a.n.c.r.client - [printIfInfoEnabled,60] - [45286b61-c7ef-4f54-ab5e-95f3ecc830ae] Receive server push request, request = NotifySubscriberRequest, requestId = 975
13:49:34.454 [nacos-grpc-client-executor-12794] INFO  c.a.n.c.r.client - [printIfInfoEnabled,60] - [45286b61-c7ef-4f54-ab5e-95f3ecc830ae] Ack server push request, request = NotifySubscriberRequest, requestId = 975
13:49:44.196 [SpringApplicationShutdownHook] INFO  c.a.c.n.r.NacosServiceRegistry - [deregister,94] - De-registering from Nacos Server now...
13:49:44.203 [SpringApplicationShutdownHook] INFO  c.a.c.n.r.NacosServiceRegistry - [deregister,114] - De-registration finished.
13:49:44.518 [SpringApplicationShutdownHook] INFO  c.a.n.c.r.client - [shutdown,454] - Shutdown rpc client, set status to shutdown
13:49:44.518 [SpringApplicationShutdownHook] INFO  c.a.n.c.r.client - [shutdown,456] - Shutdown client event executor java.util.concurrent.ScheduledThreadPoolExecutor@5e1b3bbd[Running, pool size = 2, active threads = 2, queued tasks = 0, completed tasks = 0]
13:49:44.518 [SpringApplicationShutdownHook] INFO  c.a.n.c.r.client - [closeConnection,591] - Close current connection 1683645295767_127.0.0.1_63559
13:49:44.520 [nacos-grpc-client-executor-12798] INFO  c.a.n.c.r.c.g.GrpcClient - [printIfInfoEnabled,60] - [1683645295767_127.0.0.1_63559]Ignore complete event,isRunning:false,isAbandon=false
13:49:44.533 [SpringApplicationShutdownHook] INFO  c.a.n.c.r.c.g.GrpcClient - [shutdown,85] - Shutdown grpc executor java.util.concurrent.ThreadPoolExecutor@2bba048c[Running, pool size = 4, active threads = 0, queued tasks = 0, completed tasks = 12799]
13:49:49.143 [background-preinit] INFO  o.h.v.i.util.Version - [<clinit>,21] - HV000001: Hibernate Validator 6.2.5.Final
13:49:49.911 [main] INFO  c.a.n.c.r.client - [lambda$createClient$0,80] - [RpcClientFactory] create a new rpc client of e90f0c10-360d-4417-9069-c88e4944a565_config-0
13:49:49.981 [main] INFO  o.r.Reflections - [scan,232] - Reflections took 37 ms to scan 1 urls, producing 3 keys and 6 values 
13:49:50.019 [main] INFO  o.r.Reflections - [scan,232] - Reflections took 19 ms to scan 1 urls, producing 4 keys and 9 values 
13:49:50.043 [main] INFO  o.r.Reflections - [scan,232] - Reflections took 22 ms to scan 1 urls, producing 3 keys and 10 values 
13:49:50.065 [main] INFO  o.r.Reflections - [scan,232] - Reflections took 16 ms to scan 1 urls, producing 1 keys and 5 values 
13:49:50.086 [main] INFO  o.r.Reflections - [scan,232] - Reflections took 19 ms to scan 1 urls, producing 1 keys and 7 values 
13:49:50.097 [main] INFO  o.r.Reflections - [scan,232] - Reflections took 9 ms to scan 1 urls, producing 2 keys and 8 values 
13:49:50.100 [main] INFO  c.a.n.c.r.client - [printIfInfoEnabled,60] - [e90f0c10-360d-4417-9069-c88e4944a565_config-0] RpcClient init label, labels = {module=config, Vipserver-Tag=null, source=sdk, Amory-Tag=null, Location-Tag=null, taskId=0, AppName=unknown}
13:49:50.101 [main] INFO  c.a.n.c.r.client - [printIfInfoEnabled,60] - [e90f0c10-360d-4417-9069-c88e4944a565_config-0] Register server push request handler:com.alibaba.nacos.client.config.impl.ClientWorker$ConfigRpcTransportClient$$Lambda$468/0x0000000800f3bb38
13:49:50.101 [main] INFO  c.a.n.c.r.client - [printIfInfoEnabled,60] - [e90f0c10-360d-4417-9069-c88e4944a565_config-0] Register server push request handler:com.alibaba.nacos.client.config.impl.ClientWorker$ConfigRpcTransportClient$$Lambda$469/0x0000000800f3bd60
13:49:50.102 [main] INFO  c.a.n.c.r.client - [printIfInfoEnabled,60] - [e90f0c10-360d-4417-9069-c88e4944a565_config-0] Registry connection listener to current client:com.alibaba.nacos.client.config.impl.ClientWorker$ConfigRpcTransportClient$1
13:49:50.102 [main] INFO  c.a.n.c.r.client - [printIfInfoEnabled,60] - [e90f0c10-360d-4417-9069-c88e4944a565_config-0] RpcClient init, ServerListFactory = com.alibaba.nacos.client.config.impl.ClientWorker$ConfigRpcTransportClient$2
13:49:50.110 [main] INFO  c.a.n.c.r.client - [printIfInfoEnabled,60] - [e90f0c10-360d-4417-9069-c88e4944a565_config-0] Try to connect to server on start up, server: {serverIp = '127.0.0.1', server main port = 8848}
13:49:51.100 [main] INFO  c.a.n.c.r.client - [printIfInfoEnabled,60] - [e90f0c10-360d-4417-9069-c88e4944a565_config-0] Success to connect to server [127.0.0.1:8848] on start up, connectionId = 1683956990875_127.0.0.1_55865
13:49:51.101 [com.alibaba.nacos.client.remote.worker] INFO  c.a.n.c.r.client - [printIfInfoEnabled,60] - [e90f0c10-360d-4417-9069-c88e4944a565_config-0] Notify connected event to listeners.
13:49:51.102 [main] INFO  c.a.n.c.r.client - [printIfInfoEnabled,60] - [e90f0c10-360d-4417-9069-c88e4944a565_config-0] Register server push request handler:com.alibaba.nacos.common.remote.client.RpcClient$ConnectResetRequestHandler
13:49:51.102 [main] INFO  c.a.n.c.r.client - [printIfInfoEnabled,60] - [e90f0c10-360d-4417-9069-c88e4944a565_config-0] Register server push request handler:com.alibaba.nacos.common.remote.client.RpcClient$$Lambda$480/0x000000080103d3e0
13:49:51.198 [main] INFO  c.c.a.RuoYiAuthApplication - [logStartupProfileInfo,637] - The following 1 profile is active: "dev"
13:49:53.529 [main] INFO  o.a.c.h.Http11NioProtocol - [log,173] - Initializing ProtocolHandler ["http-nio-9200"]
13:49:53.530 [main] INFO  o.a.c.c.StandardService - [log,173] - Starting service [Tomcat]
13:49:53.531 [main] INFO  o.a.c.c.StandardEngine - [log,173] - Starting Servlet engine: [Apache Tomcat/9.0.70]
13:49:53.763 [main] INFO  o.a.c.c.C.[.[.[/] - [log,173] - Initializing Spring embedded WebApplicationContext
13:49:57.192 [main] INFO  c.a.c.s.SentinelWebMvcConfigurer - [addInterceptors,52] - [Sentinel Starter] register SentinelWebInterceptor with urlPatterns: [/**].
13:49:59.600 [main] INFO  c.a.n.c.r.client - [lambda$createClient$0,80] - [RpcClientFactory] create a new rpc client of ce8a459b-1ebf-44c0-b52a-eb4be0fa7bbb
13:49:59.601 [main] INFO  c.a.n.c.r.client - [printIfInfoEnabled,60] - [ce8a459b-1ebf-44c0-b52a-eb4be0fa7bbb] RpcClient init label, labels = {module=naming, source=sdk}
13:49:59.604 [main] INFO  c.a.n.c.r.client - [printIfInfoEnabled,60] - [ce8a459b-1ebf-44c0-b52a-eb4be0fa7bbb] RpcClient init, ServerListFactory = com.alibaba.nacos.client.naming.core.ServerListManager
13:49:59.604 [main] INFO  c.a.n.c.r.client - [printIfInfoEnabled,60] - [ce8a459b-1ebf-44c0-b52a-eb4be0fa7bbb] Registry connection listener to current client:com.alibaba.nacos.client.naming.remote.gprc.redo.NamingGrpcRedoService
13:49:59.604 [main] INFO  c.a.n.c.r.client - [printIfInfoEnabled,60] - [ce8a459b-1ebf-44c0-b52a-eb4be0fa7bbb] Register server push request handler:com.alibaba.nacos.client.naming.remote.gprc.NamingPushRequestHandler
13:49:59.606 [main] INFO  c.a.n.c.r.client - [printIfInfoEnabled,60] - [ce8a459b-1ebf-44c0-b52a-eb4be0fa7bbb] Try to connect to server on start up, server: {serverIp = '127.0.0.1', server main port = 8848}
13:49:59.739 [main] INFO  c.a.n.c.r.client - [printIfInfoEnabled,60] - [ce8a459b-1ebf-44c0-b52a-eb4be0fa7bbb] Success to connect to server [127.0.0.1:8848] on start up, connectionId = 1683956999621_127.0.0.1_56024
13:49:59.739 [main] INFO  c.a.n.c.r.client - [printIfInfoEnabled,60] - [ce8a459b-1ebf-44c0-b52a-eb4be0fa7bbb] Register server push request handler:com.alibaba.nacos.common.remote.client.RpcClient$ConnectResetRequestHandler
13:49:59.739 [com.alibaba.nacos.client.remote.worker] INFO  c.a.n.c.r.client - [printIfInfoEnabled,60] - [ce8a459b-1ebf-44c0-b52a-eb4be0fa7bbb] Notify connected event to listeners.
13:49:59.739 [main] INFO  c.a.n.c.r.client - [printIfInfoEnabled,60] - [ce8a459b-1ebf-44c0-b52a-eb4be0fa7bbb] Register server push request handler:com.alibaba.nacos.common.remote.client.RpcClient$$Lambda$480/0x000000080103d3e0
13:49:59.770 [main] INFO  o.a.c.h.Http11NioProtocol - [log,173] - Starting ProtocolHandler ["http-nio-9200"]
13:49:59.793 [main] INFO  c.a.c.n.r.NacosServiceRegistry - [register,75] - nacos registry, DEFAULT_GROUP cms-auth 172.20.235.144:9200 register finished
13:49:59.820 [main] INFO  c.c.a.RuoYiAuthApplication - [logStarted,61] - Started RuoYiAuthApplication in 11.676 seconds (JVM running for 12.78)
13:49:59.831 [main] INFO  c.a.c.n.r.NacosContextRefresher - [registerNacosListener,129] - [Nacos Config] Listening config: dataId=cms-auth.yml, group=DEFAULT_GROUP
13:49:59.831 [main] INFO  c.a.c.n.r.NacosContextRefresher - [registerNacosListener,129] - [Nacos Config] Listening config: dataId=cms-auth, group=DEFAULT_GROUP
13:49:59.832 [main] INFO  c.a.c.n.r.NacosContextRefresher - [registerNacosListener,129] - [Nacos Config] Listening config: dataId=cms-auth-dev.yml, group=DEFAULT_GROUP
13:50:00.268 [nacos-grpc-client-executor-10] INFO  c.a.n.c.r.client - [printIfInfoEnabled,60] - [ce8a459b-1ebf-44c0-b52a-eb4be0fa7bbb] Receive server push request, request = NotifySubscriberRequest, requestId = 989
13:50:00.273 [nacos-grpc-client-executor-10] INFO  c.a.n.c.r.client - [printIfInfoEnabled,60] - [ce8a459b-1ebf-44c0-b52a-eb4be0fa7bbb] Ack server push request, request = NotifySubscriberRequest, requestId = 989
13:50:00.410 [RMI TCP Connection(3)-127.0.0.1] INFO  o.a.c.c.C.[.[.[/] - [log,173] - Initializing Spring DispatcherServlet 'dispatcherServlet'
13:50:43.413 [nacos-grpc-client-executor-34] INFO  c.a.n.c.r.client - [printIfInfoEnabled,60] - [ce8a459b-1ebf-44c0-b52a-eb4be0fa7bbb] Receive server push request, request = NotifySubscriberRequest, requestId = 993
13:50:43.414 [nacos-grpc-client-executor-34] INFO  c.a.n.c.r.client - [printIfInfoEnabled,60] - [ce8a459b-1ebf-44c0-b52a-eb4be0fa7bbb] Ack server push request, request = NotifySubscriberRequest, requestId = 993
14:00:49.961 [SpringApplicationShutdownHook] INFO  c.a.c.n.r.NacosServiceRegistry - [deregister,94] - De-registering from Nacos Server now...
14:00:49.965 [SpringApplicationShutdownHook] INFO  c.a.c.n.r.NacosServiceRegistry - [deregister,114] - De-registration finished.
14:00:50.272 [SpringApplicationShutdownHook] INFO  c.a.n.c.r.client - [shutdown,454] - Shutdown rpc client, set status to shutdown
14:00:50.272 [SpringApplicationShutdownHook] INFO  c.a.n.c.r.client - [shutdown,456] - Shutdown client event executor java.util.concurrent.ScheduledThreadPoolExecutor@7134ccdb[Running, pool size = 2, active threads = 2, queued tasks = 0, completed tasks = 0]
14:00:50.272 [SpringApplicationShutdownHook] INFO  c.a.n.c.r.client - [closeConnection,591] - Close current connection 1683956999621_127.0.0.1_56024
14:00:50.274 [nacos-grpc-client-executor-215] INFO  c.a.n.c.r.c.g.GrpcClient - [printIfInfoEnabled,60] - [1683956999621_127.0.0.1_56024]Ignore complete event,isRunning:false,isAbandon=false
14:00:50.277 [SpringApplicationShutdownHook] INFO  c.a.n.c.r.c.g.GrpcClient - [shutdown,85] - Shutdown grpc executor java.util.concurrent.ThreadPoolExecutor@47e7e6f2[Running, pool size = 5, active threads = 0, queued tasks = 0, completed tasks = 216]
14:03:48.333 [background-preinit] INFO  o.h.v.i.util.Version - [<clinit>,21] - HV000001: Hibernate Validator 6.2.5.Final
14:03:49.491 [main] INFO  c.a.n.c.r.client - [lambda$createClient$0,80] - [RpcClientFactory] create a new rpc client of 097acef8-1e5c-4d9d-b521-69c26222514f_config-0
14:03:49.599 [main] INFO  o.r.Reflections - [scan,232] - Reflections took 68 ms to scan 1 urls, producing 3 keys and 6 values 
14:03:49.695 [main] INFO  o.r.Reflections - [scan,232] - Reflections took 68 ms to scan 1 urls, producing 4 keys and 9 values 
14:03:49.737 [main] INFO  o.r.Reflections - [scan,232] - Reflections took 34 ms to scan 1 urls, producing 3 keys and 10 values 
14:03:49.770 [main] INFO  o.r.Reflections - [scan,232] - Reflections took 27 ms to scan 1 urls, producing 1 keys and 5 values 
14:03:49.826 [main] INFO  o.r.Reflections - [scan,232] - Reflections took 47 ms to scan 1 urls, producing 1 keys and 7 values 
14:03:49.847 [main] INFO  o.r.Reflections - [scan,232] - Reflections took 14 ms to scan 1 urls, producing 2 keys and 8 values 
14:03:49.851 [main] INFO  c.a.n.c.r.client - [printIfInfoEnabled,60] - [097acef8-1e5c-4d9d-b521-69c26222514f_config-0] RpcClient init label, labels = {module=config, Vipserver-Tag=null, source=sdk, Amory-Tag=null, Location-Tag=null, taskId=0, AppName=unknown}
14:03:49.853 [main] INFO  c.a.n.c.r.client - [printIfInfoEnabled,60] - [097acef8-1e5c-4d9d-b521-69c26222514f_config-0] Register server push request handler:com.alibaba.nacos.client.config.impl.ClientWorker$ConfigRpcTransportClient$$Lambda$468/0x0000000800f3c990
14:03:49.853 [main] INFO  c.a.n.c.r.client - [printIfInfoEnabled,60] - [097acef8-1e5c-4d9d-b521-69c26222514f_config-0] Register server push request handler:com.alibaba.nacos.client.config.impl.ClientWorker$ConfigRpcTransportClient$$Lambda$469/0x0000000800f3cbb8
14:03:49.854 [main] INFO  c.a.n.c.r.client - [printIfInfoEnabled,60] - [097acef8-1e5c-4d9d-b521-69c26222514f_config-0] Registry connection listener to current client:com.alibaba.nacos.client.config.impl.ClientWorker$ConfigRpcTransportClient$1
14:03:49.855 [main] INFO  c.a.n.c.r.client - [printIfInfoEnabled,60] - [097acef8-1e5c-4d9d-b521-69c26222514f_config-0] RpcClient init, ServerListFactory = com.alibaba.nacos.client.config.impl.ClientWorker$ConfigRpcTransportClient$2
14:03:49.873 [main] INFO  c.a.n.c.r.client - [printIfInfoEnabled,60] - [097acef8-1e5c-4d9d-b521-69c26222514f_config-0] Try to connect to server on start up, server: {serverIp = '127.0.0.1', server main port = 8848}
14:03:51.020 [main] INFO  c.a.n.c.r.client - [printIfInfoEnabled,60] - [097acef8-1e5c-4d9d-b521-69c26222514f_config-0] Success to connect to server [127.0.0.1:8848] on start up, connectionId = 1683957830730_127.0.0.1_49195
14:03:51.021 [com.alibaba.nacos.client.remote.worker] INFO  c.a.n.c.r.client - [printIfInfoEnabled,60] - [097acef8-1e5c-4d9d-b521-69c26222514f_config-0] Notify connected event to listeners.
14:03:51.021 [main] INFO  c.a.n.c.r.client - [printIfInfoEnabled,60] - [097acef8-1e5c-4d9d-b521-69c26222514f_config-0] Register server push request handler:com.alibaba.nacos.common.remote.client.RpcClient$ConnectResetRequestHandler
14:03:51.021 [main] INFO  c.a.n.c.r.client - [printIfInfoEnabled,60] - [097acef8-1e5c-4d9d-b521-69c26222514f_config-0] Register server push request handler:com.alibaba.nacos.common.remote.client.RpcClient$$Lambda$480/0x000000080103cba8
14:03:51.199 [main] INFO  c.c.a.RuoYiAuthApplication - [logStartupProfileInfo,637] - The following 1 profile is active: "dev"
14:03:55.521 [main] INFO  o.a.c.h.Http11NioProtocol - [log,173] - Initializing ProtocolHandler ["http-nio-9200"]
14:03:55.523 [main] INFO  o.a.c.c.StandardService - [log,173] - Starting service [Tomcat]
14:03:55.523 [main] INFO  o.a.c.c.StandardEngine - [log,173] - Starting Servlet engine: [Apache Tomcat/9.0.70]
14:03:55.908 [main] INFO  o.a.c.c.C.[.[.[/] - [log,173] - Initializing Spring embedded WebApplicationContext
14:03:58.705 [main] INFO  c.a.c.s.SentinelWebMvcConfigurer - [addInterceptors,52] - [Sentinel Starter] register SentinelWebInterceptor with urlPatterns: [/**].
14:04:00.617 [main] INFO  c.a.n.c.r.client - [lambda$createClient$0,80] - [RpcClientFactory] create a new rpc client of 06122e2f-f306-4f7c-b23c-fcc1ac00c465
14:04:00.619 [main] INFO  c.a.n.c.r.client - [printIfInfoEnabled,60] - [06122e2f-f306-4f7c-b23c-fcc1ac00c465] RpcClient init label, labels = {module=naming, source=sdk}
14:04:00.622 [main] INFO  c.a.n.c.r.client - [printIfInfoEnabled,60] - [06122e2f-f306-4f7c-b23c-fcc1ac00c465] RpcClient init, ServerListFactory = com.alibaba.nacos.client.naming.core.ServerListManager
14:04:00.622 [main] INFO  c.a.n.c.r.client - [printIfInfoEnabled,60] - [06122e2f-f306-4f7c-b23c-fcc1ac00c465] Registry connection listener to current client:com.alibaba.nacos.client.naming.remote.gprc.redo.NamingGrpcRedoService
14:04:00.623 [main] INFO  c.a.n.c.r.client - [printIfInfoEnabled,60] - [06122e2f-f306-4f7c-b23c-fcc1ac00c465] Register server push request handler:com.alibaba.nacos.client.naming.remote.gprc.NamingPushRequestHandler
14:04:00.624 [main] INFO  c.a.n.c.r.client - [printIfInfoEnabled,60] - [06122e2f-f306-4f7c-b23c-fcc1ac00c465] Try to connect to server on start up, server: {serverIp = '127.0.0.1', server main port = 8848}
14:04:00.764 [main] INFO  c.a.n.c.r.client - [printIfInfoEnabled,60] - [06122e2f-f306-4f7c-b23c-fcc1ac00c465] Success to connect to server [127.0.0.1:8848] on start up, connectionId = 1683957840641_127.0.0.1_49223
14:04:00.765 [com.alibaba.nacos.client.remote.worker] INFO  c.a.n.c.r.client - [printIfInfoEnabled,60] - [06122e2f-f306-4f7c-b23c-fcc1ac00c465] Notify connected event to listeners.
14:04:00.765 [main] INFO  c.a.n.c.r.client - [printIfInfoEnabled,60] - [06122e2f-f306-4f7c-b23c-fcc1ac00c465] Register server push request handler:com.alibaba.nacos.common.remote.client.RpcClient$ConnectResetRequestHandler
14:04:00.765 [main] INFO  c.a.n.c.r.client - [printIfInfoEnabled,60] - [06122e2f-f306-4f7c-b23c-fcc1ac00c465] Register server push request handler:com.alibaba.nacos.common.remote.client.RpcClient$$Lambda$480/0x000000080103cba8
14:04:00.834 [main] INFO  o.a.c.h.Http11NioProtocol - [log,173] - Starting ProtocolHandler ["http-nio-9200"]
14:04:00.884 [main] INFO  c.a.c.n.r.NacosServiceRegistry - [register,75] - nacos registry, DEFAULT_GROUP cms-auth 172.20.10.2:9200 register finished
14:04:00.911 [main] INFO  c.c.a.RuoYiAuthApplication - [logStarted,61] - Started RuoYiAuthApplication in 13.583 seconds (JVM running for 15.127)
14:04:00.922 [main] INFO  c.a.c.n.r.NacosContextRefresher - [registerNacosListener,129] - [Nacos Config] Listening config: dataId=cms-auth.yml, group=DEFAULT_GROUP
14:04:00.923 [main] INFO  c.a.c.n.r.NacosContextRefresher - [registerNacosListener,129] - [Nacos Config] Listening config: dataId=cms-auth, group=DEFAULT_GROUP
14:04:00.924 [main] INFO  c.a.c.n.r.NacosContextRefresher - [registerNacosListener,129] - [Nacos Config] Listening config: dataId=cms-auth-dev.yml, group=DEFAULT_GROUP
14:04:01.025 [RMI TCP Connection(9)-127.0.0.1] INFO  o.a.c.c.C.[.[.[/] - [log,173] - Initializing Spring DispatcherServlet 'dispatcherServlet'
14:04:01.343 [nacos-grpc-client-executor-13] INFO  c.a.n.c.r.client - [printIfInfoEnabled,60] - [06122e2f-f306-4f7c-b23c-fcc1ac00c465] Receive server push request, request = NotifySubscriberRequest, requestId = 1
14:04:01.347 [nacos-grpc-client-executor-13] INFO  c.a.n.c.r.client - [printIfInfoEnabled,60] - [06122e2f-f306-4f7c-b23c-fcc1ac00c465] Ack server push request, request = NotifySubscriberRequest, requestId = 1
14:05:25.709 [nacos-grpc-client-executor-47] INFO  c.a.n.c.r.client - [printIfInfoEnabled,60] - [06122e2f-f306-4f7c-b23c-fcc1ac00c465] Receive server push request, request = NotifySubscriberRequest, requestId = 20
14:05:25.709 [nacos-grpc-client-executor-47] INFO  c.a.n.c.r.client - [printIfInfoEnabled,60] - [06122e2f-f306-4f7c-b23c-fcc1ac00c465] Ack server push request, request = NotifySubscriberRequest, requestId = 20
14:10:38.679 [SpringApplicationShutdownHook] INFO  c.a.c.n.r.NacosServiceRegistry - [deregister,94] - De-registering from Nacos Server now...
14:10:38.684 [SpringApplicationShutdownHook] INFO  c.a.c.n.r.NacosServiceRegistry - [deregister,114] - De-registration finished.
14:10:38.998 [SpringApplicationShutdownHook] INFO  c.a.n.c.r.client - [shutdown,454] - Shutdown rpc client, set status to shutdown
14:10:38.999 [SpringApplicationShutdownHook] INFO  c.a.n.c.r.client - [shutdown,456] - Shutdown client event executor java.util.concurrent.ScheduledThreadPoolExecutor@188ef69c[Running, pool size = 2, active threads = 2, queued tasks = 0, completed tasks = 0]
14:10:38.999 [SpringApplicationShutdownHook] INFO  c.a.n.c.r.client - [closeConnection,591] - Close current connection 1683957840641_127.0.0.1_49223
14:10:39.000 [nacos-grpc-client-executor-136] INFO  c.a.n.c.r.c.g.GrpcClient - [printIfInfoEnabled,60] - [1683957840641_127.0.0.1_49223]Ignore complete event,isRunning:false,isAbandon=false
14:10:39.009 [SpringApplicationShutdownHook] INFO  c.a.n.c.r.c.g.GrpcClient - [shutdown,85] - Shutdown grpc executor java.util.concurrent.ThreadPoolExecutor@13c6417b[Running, pool size = 5, active threads = 0, queued tasks = 0, completed tasks = 137]
14:10:52.264 [background-preinit] INFO  o.h.v.i.util.Version - [<clinit>,21] - HV000001: Hibernate Validator 6.2.5.Final
14:10:52.879 [main] INFO  c.a.n.c.r.client - [lambda$createClient$0,80] - [RpcClientFactory] create a new rpc client of e5ff19e9-e4fe-41e6-9c46-91b81d8d537b_config-0
14:10:52.959 [main] INFO  o.r.Reflections - [scan,232] - Reflections took 46 ms to scan 1 urls, producing 3 keys and 6 values 
14:10:53.022 [main] INFO  o.r.Reflections - [scan,232] - Reflections took 26 ms to scan 1 urls, producing 4 keys and 9 values 
14:10:53.052 [main] INFO  o.r.Reflections - [scan,232] - Reflections took 23 ms to scan 1 urls, producing 3 keys and 10 values 
14:10:53.077 [main] INFO  o.r.Reflections - [scan,232] - Reflections took 21 ms to scan 1 urls, producing 1 keys and 5 values 
14:10:53.106 [main] INFO  o.r.Reflections - [scan,232] - Reflections took 27 ms to scan 1 urls, producing 1 keys and 7 values 
14:10:53.123 [main] INFO  o.r.Reflections - [scan,232] - Reflections took 15 ms to scan 1 urls, producing 2 keys and 8 values 
14:10:53.129 [main] INFO  c.a.n.c.r.client - [printIfInfoEnabled,60] - [e5ff19e9-e4fe-41e6-9c46-91b81d8d537b_config-0] RpcClient init label, labels = {module=config, Vipserver-Tag=null, source=sdk, Amory-Tag=null, Location-Tag=null, taskId=0, AppName=unknown}
14:10:53.130 [main] INFO  c.a.n.c.r.client - [printIfInfoEnabled,60] - [e5ff19e9-e4fe-41e6-9c46-91b81d8d537b_config-0] Register server push request handler:com.alibaba.nacos.client.config.impl.ClientWorker$ConfigRpcTransportClient$$Lambda$468/0x0000000800f3c990
14:10:53.131 [main] INFO  c.a.n.c.r.client - [printIfInfoEnabled,60] - [e5ff19e9-e4fe-41e6-9c46-91b81d8d537b_config-0] Register server push request handler:com.alibaba.nacos.client.config.impl.ClientWorker$ConfigRpcTransportClient$$Lambda$469/0x0000000800f3cbb8
14:10:53.133 [main] INFO  c.a.n.c.r.client - [printIfInfoEnabled,60] - [e5ff19e9-e4fe-41e6-9c46-91b81d8d537b_config-0] Registry connection listener to current client:com.alibaba.nacos.client.config.impl.ClientWorker$ConfigRpcTransportClient$1
14:10:53.133 [main] INFO  c.a.n.c.r.client - [printIfInfoEnabled,60] - [e5ff19e9-e4fe-41e6-9c46-91b81d8d537b_config-0] RpcClient init, ServerListFactory = com.alibaba.nacos.client.config.impl.ClientWorker$ConfigRpcTransportClient$2
14:10:53.149 [main] INFO  c.a.n.c.r.client - [printIfInfoEnabled,60] - [e5ff19e9-e4fe-41e6-9c46-91b81d8d537b_config-0] Try to connect to server on start up, server: {serverIp = '127.0.0.1', server main port = 8848}
14:10:53.773 [main] INFO  c.a.n.c.r.client - [printIfInfoEnabled,60] - [e5ff19e9-e4fe-41e6-9c46-91b81d8d537b_config-0] Success to connect to server [127.0.0.1:8848] on start up, connectionId = 1683958253590_127.0.0.1_49742
14:10:53.774 [com.alibaba.nacos.client.remote.worker] INFO  c.a.n.c.r.client - [printIfInfoEnabled,60] - [e5ff19e9-e4fe-41e6-9c46-91b81d8d537b_config-0] Notify connected event to listeners.
14:10:53.774 [main] INFO  c.a.n.c.r.client - [printIfInfoEnabled,60] - [e5ff19e9-e4fe-41e6-9c46-91b81d8d537b_config-0] Register server push request handler:com.alibaba.nacos.common.remote.client.RpcClient$ConnectResetRequestHandler
14:10:53.774 [main] INFO  c.a.n.c.r.client - [printIfInfoEnabled,60] - [e5ff19e9-e4fe-41e6-9c46-91b81d8d537b_config-0] Register server push request handler:com.alibaba.nacos.common.remote.client.RpcClient$$Lambda$480/0x000000080103cba8
14:10:53.855 [main] INFO  c.c.a.RuoYiAuthApplication - [logStartupProfileInfo,637] - The following 1 profile is active: "dev"
14:10:56.892 [main] INFO  o.a.c.h.Http11NioProtocol - [log,173] - Initializing ProtocolHandler ["http-nio-9200"]
14:10:56.893 [main] INFO  o.a.c.c.StandardService - [log,173] - Starting service [Tomcat]
14:10:56.893 [main] INFO  o.a.c.c.StandardEngine - [log,173] - Starting Servlet engine: [Apache Tomcat/9.0.70]
14:10:57.131 [main] INFO  o.a.c.c.C.[.[.[/] - [log,173] - Initializing Spring embedded WebApplicationContext
14:10:59.205 [main] INFO  c.a.c.s.SentinelWebMvcConfigurer - [addInterceptors,52] - [Sentinel Starter] register SentinelWebInterceptor with urlPatterns: [/**].
14:11:00.953 [main] INFO  c.a.n.c.r.client - [lambda$createClient$0,80] - [RpcClientFactory] create a new rpc client of 5e83bd27-1965-40a3-aba9-29eebc896e7d
14:11:00.954 [main] INFO  c.a.n.c.r.client - [printIfInfoEnabled,60] - [5e83bd27-1965-40a3-aba9-29eebc896e7d] RpcClient init label, labels = {module=naming, source=sdk}
14:11:00.957 [main] INFO  c.a.n.c.r.client - [printIfInfoEnabled,60] - [5e83bd27-1965-40a3-aba9-29eebc896e7d] RpcClient init, ServerListFactory = com.alibaba.nacos.client.naming.core.ServerListManager
14:11:00.958 [main] INFO  c.a.n.c.r.client - [printIfInfoEnabled,60] - [5e83bd27-1965-40a3-aba9-29eebc896e7d] Registry connection listener to current client:com.alibaba.nacos.client.naming.remote.gprc.redo.NamingGrpcRedoService
14:11:00.960 [main] INFO  c.a.n.c.r.client - [printIfInfoEnabled,60] - [5e83bd27-1965-40a3-aba9-29eebc896e7d] Register server push request handler:com.alibaba.nacos.client.naming.remote.gprc.NamingPushRequestHandler
14:11:00.961 [main] INFO  c.a.n.c.r.client - [printIfInfoEnabled,60] - [5e83bd27-1965-40a3-aba9-29eebc896e7d] Try to connect to server on start up, server: {serverIp = '127.0.0.1', server main port = 8848}
14:11:01.107 [main] INFO  c.a.n.c.r.client - [printIfInfoEnabled,60] - [5e83bd27-1965-40a3-aba9-29eebc896e7d] Success to connect to server [127.0.0.1:8848] on start up, connectionId = 1683958260982_127.0.0.1_49761
14:11:01.108 [main] INFO  c.a.n.c.r.client - [printIfInfoEnabled,60] - [5e83bd27-1965-40a3-aba9-29eebc896e7d] Register server push request handler:com.alibaba.nacos.common.remote.client.RpcClient$ConnectResetRequestHandler
14:11:01.108 [com.alibaba.nacos.client.remote.worker] INFO  c.a.n.c.r.client - [printIfInfoEnabled,60] - [5e83bd27-1965-40a3-aba9-29eebc896e7d] Notify connected event to listeners.
14:11:01.108 [main] INFO  c.a.n.c.r.client - [printIfInfoEnabled,60] - [5e83bd27-1965-40a3-aba9-29eebc896e7d] Register server push request handler:com.alibaba.nacos.common.remote.client.RpcClient$$Lambda$480/0x000000080103cba8
14:11:01.162 [main] INFO  o.a.c.h.Http11NioProtocol - [log,173] - Starting ProtocolHandler ["http-nio-9200"]
14:11:01.216 [main] INFO  c.a.c.n.r.NacosServiceRegistry - [register,75] - nacos registry, DEFAULT_GROUP cms-auth 172.20.10.2:9200 register finished
14:11:01.248 [main] INFO  c.c.a.RuoYiAuthApplication - [logStarted,61] - Started RuoYiAuthApplication in 9.595 seconds (JVM running for 10.685)
14:11:01.260 [main] INFO  c.a.c.n.r.NacosContextRefresher - [registerNacosListener,129] - [Nacos Config] Listening config: dataId=cms-auth.yml, group=DEFAULT_GROUP
14:11:01.260 [main] INFO  c.a.c.n.r.NacosContextRefresher - [registerNacosListener,129] - [Nacos Config] Listening config: dataId=cms-auth, group=DEFAULT_GROUP
14:11:01.261 [main] INFO  c.a.c.n.r.NacosContextRefresher - [registerNacosListener,129] - [Nacos Config] Listening config: dataId=cms-auth-dev.yml, group=DEFAULT_GROUP
14:11:01.653 [RMI TCP Connection(4)-127.0.0.1] INFO  o.a.c.c.C.[.[.[/] - [log,173] - Initializing Spring DispatcherServlet 'dispatcherServlet'
14:11:01.721 [nacos-grpc-client-executor-15] INFO  c.a.n.c.r.client - [printIfInfoEnabled,60] - [5e83bd27-1965-40a3-aba9-29eebc896e7d] Receive server push request, request = NotifySubscriberRequest, requestId = 29
14:11:01.724 [nacos-grpc-client-executor-15] INFO  c.a.n.c.r.client - [printIfInfoEnabled,60] - [5e83bd27-1965-40a3-aba9-29eebc896e7d] Ack server push request, request = NotifySubscriberRequest, requestId = 29
16:50:36.945 [nacos-grpc-client-executor-2154] INFO  c.a.n.c.r.client - [printIfInfoEnabled,60] - [5e83bd27-1965-40a3-aba9-29eebc896e7d] Receive server push request, request = NotifySubscriberRequest, requestId = 107
16:50:36.946 [nacos-grpc-client-executor-2154] INFO  c.a.n.c.r.client - [printIfInfoEnabled,60] - [5e83bd27-1965-40a3-aba9-29eebc896e7d] Ack server push request, request = NotifySubscriberRequest, requestId = 107
19:40:43.648 [SpringApplicationShutdownHook] INFO  c.a.c.n.r.NacosServiceRegistry - [deregister,94] - De-registering from Nacos Server now...
19:40:43.653 [SpringApplicationShutdownHook] INFO  c.a.c.n.r.NacosServiceRegistry - [deregister,114] - De-registration finished.
19:40:43.964 [SpringApplicationShutdownHook] INFO  c.a.n.c.r.client - [shutdown,454] - Shutdown rpc client, set status to shutdown
19:40:43.965 [SpringApplicationShutdownHook] INFO  c.a.n.c.r.client - [shutdown,456] - Shutdown client event executor java.util.concurrent.ScheduledThreadPoolExecutor@3dddc241[Running, pool size = 2, active threads = 2, queued tasks = 0, completed tasks = 0]
19:40:43.965 [SpringApplicationShutdownHook] INFO  c.a.n.c.r.client - [closeConnection,591] - Close current connection 1683958260982_127.0.0.1_49761
19:40:43.972 [nacos-grpc-client-executor-3550] INFO  c.a.n.c.r.c.g.GrpcClient - [printIfInfoEnabled,60] - [1683958260982_127.0.0.1_49761]Ignore complete event,isRunning:false,isAbandon=false
19:40:43.988 [SpringApplicationShutdownHook] INFO  c.a.n.c.r.c.g.GrpcClient - [shutdown,85] - Shutdown grpc executor java.util.concurrent.ThreadPoolExecutor@7af8030c[Running, pool size = 6, active threads = 0, queued tasks = 0, completed tasks = 3551]
19:40:49.133 [background-preinit] INFO  o.h.v.i.util.Version - [<clinit>,21] - HV000001: Hibernate Validator 6.2.5.Final
19:40:49.833 [main] INFO  c.a.n.c.r.client - [lambda$createClient$0,80] - [RpcClientFactory] create a new rpc client of 09ab6fe9-8c22-412a-9d0f-c56a83be8314_config-0
19:40:49.894 [main] INFO  o.r.Reflections - [scan,232] - Reflections took 35 ms to scan 1 urls, producing 3 keys and 6 values 
19:40:49.938 [main] INFO  o.r.Reflections - [scan,232] - Reflections took 25 ms to scan 1 urls, producing 4 keys and 9 values 
19:40:49.958 [main] INFO  o.r.Reflections - [scan,232] - Reflections took 17 ms to scan 1 urls, producing 3 keys and 10 values 
19:40:49.981 [main] INFO  o.r.Reflections - [scan,232] - Reflections took 19 ms to scan 1 urls, producing 1 keys and 5 values 
19:40:50.011 [main] INFO  o.r.Reflections - [scan,232] - Reflections took 27 ms to scan 1 urls, producing 1 keys and 7 values 
19:40:50.027 [main] INFO  o.r.Reflections - [scan,232] - Reflections took 13 ms to scan 1 urls, producing 2 keys and 8 values 
19:40:50.031 [main] INFO  c.a.n.c.r.client - [printIfInfoEnabled,60] - [09ab6fe9-8c22-412a-9d0f-c56a83be8314_config-0] RpcClient init label, labels = {module=config, Vipserver-Tag=null, source=sdk, Amory-Tag=null, Location-Tag=null, taskId=0, AppName=unknown}
19:40:50.032 [main] INFO  c.a.n.c.r.client - [printIfInfoEnabled,60] - [09ab6fe9-8c22-412a-9d0f-c56a83be8314_config-0] Register server push request handler:com.alibaba.nacos.client.config.impl.ClientWorker$ConfigRpcTransportClient$$Lambda$468/0x0000000800f3cea8
19:40:50.033 [main] INFO  c.a.n.c.r.client - [printIfInfoEnabled,60] - [09ab6fe9-8c22-412a-9d0f-c56a83be8314_config-0] Register server push request handler:com.alibaba.nacos.client.config.impl.ClientWorker$ConfigRpcTransportClient$$Lambda$469/0x0000000800f3d0d0
19:40:50.033 [main] INFO  c.a.n.c.r.client - [printIfInfoEnabled,60] - [09ab6fe9-8c22-412a-9d0f-c56a83be8314_config-0] Registry connection listener to current client:com.alibaba.nacos.client.config.impl.ClientWorker$ConfigRpcTransportClient$1
19:40:50.034 [main] INFO  c.a.n.c.r.client - [printIfInfoEnabled,60] - [09ab6fe9-8c22-412a-9d0f-c56a83be8314_config-0] RpcClient init, ServerListFactory = com.alibaba.nacos.client.config.impl.ClientWorker$ConfigRpcTransportClient$2
19:40:50.043 [main] INFO  c.a.n.c.r.client - [printIfInfoEnabled,60] - [09ab6fe9-8c22-412a-9d0f-c56a83be8314_config-0] Try to connect to server on start up, server: {serverIp = '127.0.0.1', server main port = 8848}
19:40:50.764 [main] INFO  c.a.n.c.r.client - [printIfInfoEnabled,60] - [09ab6fe9-8c22-412a-9d0f-c56a83be8314_config-0] Success to connect to server [127.0.0.1:8848] on start up, connectionId = 1683978050538_127.0.0.1_58389
19:40:50.767 [com.alibaba.nacos.client.remote.worker] INFO  c.a.n.c.r.client - [printIfInfoEnabled,60] - [09ab6fe9-8c22-412a-9d0f-c56a83be8314_config-0] Notify connected event to listeners.
19:40:50.767 [main] INFO  c.a.n.c.r.client - [printIfInfoEnabled,60] - [09ab6fe9-8c22-412a-9d0f-c56a83be8314_config-0] Register server push request handler:com.alibaba.nacos.common.remote.client.RpcClient$ConnectResetRequestHandler
19:40:50.769 [main] INFO  c.a.n.c.r.client - [printIfInfoEnabled,60] - [09ab6fe9-8c22-412a-9d0f-c56a83be8314_config-0] Register server push request handler:com.alibaba.nacos.common.remote.client.RpcClient$$Lambda$480/0x000000080103d7d8
19:40:50.932 [main] INFO  c.c.a.RuoYiAuthApplication - [logStartupProfileInfo,637] - The following 1 profile is active: "dev"
19:40:54.927 [main] INFO  o.a.c.h.Http11NioProtocol - [log,173] - Initializing ProtocolHandler ["http-nio-9200"]
19:40:54.928 [main] INFO  o.a.c.c.StandardService - [log,173] - Starting service [Tomcat]
19:40:54.928 [main] INFO  o.a.c.c.StandardEngine - [log,173] - Starting Servlet engine: [Apache Tomcat/9.0.70]
19:40:55.143 [main] INFO  o.a.c.c.C.[.[.[/] - [log,173] - Initializing Spring embedded WebApplicationContext
19:40:57.316 [main] INFO  c.a.c.s.SentinelWebMvcConfigurer - [addInterceptors,52] - [Sentinel Starter] register SentinelWebInterceptor with urlPatterns: [/**].
19:40:58.845 [main] INFO  c.a.n.c.r.client - [lambda$createClient$0,80] - [RpcClientFactory] create a new rpc client of 275d445e-161e-4834-999f-59d23d01539c
19:40:58.846 [main] INFO  c.a.n.c.r.client - [printIfInfoEnabled,60] - [275d445e-161e-4834-999f-59d23d01539c] RpcClient init label, labels = {module=naming, source=sdk}
19:40:58.848 [main] INFO  c.a.n.c.r.client - [printIfInfoEnabled,60] - [275d445e-161e-4834-999f-59d23d01539c] RpcClient init, ServerListFactory = com.alibaba.nacos.client.naming.core.ServerListManager
19:40:58.848 [main] INFO  c.a.n.c.r.client - [printIfInfoEnabled,60] - [275d445e-161e-4834-999f-59d23d01539c] Registry connection listener to current client:com.alibaba.nacos.client.naming.remote.gprc.redo.NamingGrpcRedoService
19:40:58.848 [main] INFO  c.a.n.c.r.client - [printIfInfoEnabled,60] - [275d445e-161e-4834-999f-59d23d01539c] Register server push request handler:com.alibaba.nacos.client.naming.remote.gprc.NamingPushRequestHandler
19:40:58.849 [main] INFO  c.a.n.c.r.client - [printIfInfoEnabled,60] - [275d445e-161e-4834-999f-59d23d01539c] Try to connect to server on start up, server: {serverIp = '127.0.0.1', server main port = 8848}
19:40:58.993 [main] INFO  c.a.n.c.r.client - [printIfInfoEnabled,60] - [275d445e-161e-4834-999f-59d23d01539c] Success to connect to server [127.0.0.1:8848] on start up, connectionId = 1683978058871_127.0.0.1_58407
19:40:58.994 [com.alibaba.nacos.client.remote.worker] INFO  c.a.n.c.r.client - [printIfInfoEnabled,60] - [275d445e-161e-4834-999f-59d23d01539c] Notify connected event to listeners.
19:40:58.993 [main] INFO  c.a.n.c.r.client - [printIfInfoEnabled,60] - [275d445e-161e-4834-999f-59d23d01539c] Register server push request handler:com.alibaba.nacos.common.remote.client.RpcClient$ConnectResetRequestHandler
19:40:58.994 [main] INFO  c.a.n.c.r.client - [printIfInfoEnabled,60] - [275d445e-161e-4834-999f-59d23d01539c] Register server push request handler:com.alibaba.nacos.common.remote.client.RpcClient$$Lambda$480/0x000000080103d7d8
19:40:59.039 [main] INFO  o.a.c.h.Http11NioProtocol - [log,173] - Starting ProtocolHandler ["http-nio-9200"]
19:40:59.065 [main] INFO  c.a.c.n.r.NacosServiceRegistry - [register,75] - nacos registry, DEFAULT_GROUP cms-auth 192.168.1.9:9200 register finished
19:40:59.095 [main] INFO  c.c.a.RuoYiAuthApplication - [logStarted,61] - Started RuoYiAuthApplication in 10.784 seconds (JVM running for 11.848)
19:40:59.107 [main] INFO  c.a.c.n.r.NacosContextRefresher - [registerNacosListener,129] - [Nacos Config] Listening config: dataId=cms-auth.yml, group=DEFAULT_GROUP
19:40:59.107 [main] INFO  c.a.c.n.r.NacosContextRefresher - [registerNacosListener,129] - [Nacos Config] Listening config: dataId=cms-auth, group=DEFAULT_GROUP
19:40:59.108 [main] INFO  c.a.c.n.r.NacosContextRefresher - [registerNacosListener,129] - [Nacos Config] Listening config: dataId=cms-auth-dev.yml, group=DEFAULT_GROUP
19:40:59.301 [RMI TCP Connection(3)-192.168.1.9] INFO  o.a.c.c.C.[.[.[/] - [log,173] - Initializing Spring DispatcherServlet 'dispatcherServlet'
19:40:59.560 [nacos-grpc-client-executor-12] INFO  c.a.n.c.r.client - [printIfInfoEnabled,60] - [275d445e-161e-4834-999f-59d23d01539c] Receive server push request, request = NotifySubscriberRequest, requestId = 119
19:40:59.564 [nacos-grpc-client-executor-12] INFO  c.a.n.c.r.client - [printIfInfoEnabled,60] - [275d445e-161e-4834-999f-59d23d01539c] Ack server push request, request = NotifySubscriberRequest, requestId = 119
19:44:39.515 [nacos-grpc-client-executor-85] INFO  c.a.n.c.r.client - [printIfInfoEnabled,60] - [275d445e-161e-4834-999f-59d23d01539c] Receive server push request, request = NotifySubscriberRequest, requestId = 144
19:44:39.516 [nacos-grpc-client-executor-85] INFO  c.a.n.c.r.client - [printIfInfoEnabled,60] - [275d445e-161e-4834-999f-59d23d01539c] Ack server push request, request = NotifySubscriberRequest, requestId = 144
20:49:28.859 [nacos-grpc-client-executor-1195] INFO  c.a.n.c.r.client - [printIfInfoEnabled,60] - [275d445e-161e-4834-999f-59d23d01539c] Receive server push request, request = NotifySubscriberRequest, requestId = 145
20:49:28.865 [nacos-grpc-client-executor-1195] INFO  c.a.n.c.r.client - [printIfInfoEnabled,60] - [275d445e-161e-4834-999f-59d23d01539c] Ack server push request, request = NotifySubscriberRequest, requestId = 145
20:49:41.356 [nacos-grpc-client-executor-1198] INFO  c.a.n.c.r.client - [printIfInfoEnabled,60] - [275d445e-161e-4834-999f-59d23d01539c] Receive server push request, request = NotifySubscriberRequest, requestId = 148
20:49:41.359 [nacos-grpc-client-executor-1198] INFO  c.a.n.c.r.client - [printIfInfoEnabled,60] - [275d445e-161e-4834-999f-59d23d01539c] Ack server push request, request = NotifySubscriberRequest, requestId = 148
20:56:45.872 [nacos-grpc-client-executor-1306] INFO  c.a.n.c.r.client - [printIfInfoEnabled,60] - [275d445e-161e-4834-999f-59d23d01539c] Receive server push request, request = NotifySubscriberRequest, requestId = 152
20:56:45.877 [nacos-grpc-client-executor-1306] INFO  c.a.n.c.r.client - [printIfInfoEnabled,60] - [275d445e-161e-4834-999f-59d23d01539c] Ack server push request, request = NotifySubscriberRequest, requestId = 152
20:57:00.648 [nacos-grpc-client-executor-1311] INFO  c.a.n.c.r.client - [printIfInfoEnabled,60] - [275d445e-161e-4834-999f-59d23d01539c] Receive server push request, request = NotifySubscriberRequest, requestId = 155
20:57:00.649 [nacos-grpc-client-executor-1311] INFO  c.a.n.c.r.client - [printIfInfoEnabled,60] - [275d445e-161e-4834-999f-59d23d01539c] Ack server push request, request = NotifySubscriberRequest, requestId = 155
21:35:03.337 [nacos-grpc-client-executor-1816] INFO  c.a.n.c.r.client - [printIfInfoEnabled,60] - [275d445e-161e-4834-999f-59d23d01539c] Receive server push request, request = NotifySubscriberRequest, requestId = 159
21:35:03.340 [nacos-grpc-client-executor-1816] INFO  c.a.n.c.r.client - [printIfInfoEnabled,60] - [275d445e-161e-4834-999f-59d23d01539c] Ack server push request, request = NotifySubscriberRequest, requestId = 159
21:35:17.978 [nacos-grpc-client-executor-1820] INFO  c.a.n.c.r.client - [printIfInfoEnabled,60] - [275d445e-161e-4834-999f-59d23d01539c] Receive server push request, request = NotifySubscriberRequest, requestId = 162
21:35:17.980 [nacos-grpc-client-executor-1820] INFO  c.a.n.c.r.client - [printIfInfoEnabled,60] - [275d445e-161e-4834-999f-59d23d01539c] Ack server push request, request = NotifySubscriberRequest, requestId = 162
21:57:40.559 [nacos-grpc-client-executor-2116] INFO  c.a.n.c.r.client - [printIfInfoEnabled,60] - [275d445e-161e-4834-999f-59d23d01539c] Receive server push request, request = NotifySubscriberRequest, requestId = 166
21:57:40.567 [nacos-grpc-client-executor-2116] INFO  c.a.n.c.r.client - [printIfInfoEnabled,60] - [275d445e-161e-4834-999f-59d23d01539c] Ack server push request, request = NotifySubscriberRequest, requestId = 166
21:57:55.527 [nacos-grpc-client-executor-2120] INFO  c.a.n.c.r.client - [printIfInfoEnabled,60] - [275d445e-161e-4834-999f-59d23d01539c] Receive server push request, request = NotifySubscriberRequest, requestId = 169
21:57:55.534 [nacos-grpc-client-executor-2120] INFO  c.a.n.c.r.client - [printIfInfoEnabled,60] - [275d445e-161e-4834-999f-59d23d01539c] Ack server push request, request = NotifySubscriberRequest, requestId = 169
22:17:49.806 [nacos-grpc-client-executor-2422] INFO  c.a.n.c.r.client - [printIfInfoEnabled,60] - [275d445e-161e-4834-999f-59d23d01539c] Receive server push request, request = NotifySubscriberRequest, requestId = 173
22:17:49.810 [nacos-grpc-client-executor-2422] INFO  c.a.n.c.r.client - [printIfInfoEnabled,60] - [275d445e-161e-4834-999f-59d23d01539c] Ack server push request, request = NotifySubscriberRequest, requestId = 173
22:18:04.745 [nacos-grpc-client-executor-2428] INFO  c.a.n.c.r.client - [printIfInfoEnabled,60] - [275d445e-161e-4834-999f-59d23d01539c] Receive server push request, request = NotifySubscriberRequest, requestId = 176
22:18:04.750 [nacos-grpc-client-executor-2428] INFO  c.a.n.c.r.client - [printIfInfoEnabled,60] - [275d445e-161e-4834-999f-59d23d01539c] Ack server push request, request = NotifySubscriberRequest, requestId = 176
22:18:41.862 [nacos-grpc-client-executor-2437] INFO  c.a.n.c.r.client - [printIfInfoEnabled,60] - [275d445e-161e-4834-999f-59d23d01539c] Receive server push request, request = NotifySubscriberRequest, requestId = 180
22:18:41.865 [nacos-grpc-client-executor-2437] INFO  c.a.n.c.r.client - [printIfInfoEnabled,60] - [275d445e-161e-4834-999f-59d23d01539c] Ack server push request, request = NotifySubscriberRequest, requestId = 180
22:23:27.717 [nacos-grpc-client-executor-2510] INFO  c.a.n.c.r.client - [printIfInfoEnabled,60] - [275d445e-161e-4834-999f-59d23d01539c] Receive server push request, request = NotifySubscriberRequest, requestId = 183
22:23:27.719 [nacos-grpc-client-executor-2510] INFO  c.a.n.c.r.client - [printIfInfoEnabled,60] - [275d445e-161e-4834-999f-59d23d01539c] Ack server push request, request = NotifySubscriberRequest, requestId = 183
22:27:05.833 [nacos-grpc-client-executor-2563] INFO  c.a.n.c.r.client - [printIfInfoEnabled,60] - [275d445e-161e-4834-999f-59d23d01539c] Receive server push request, request = NotifySubscriberRequest, requestId = 187
22:27:05.835 [nacos-grpc-client-executor-2563] INFO  c.a.n.c.r.client - [printIfInfoEnabled,60] - [275d445e-161e-4834-999f-59d23d01539c] Ack server push request, request = NotifySubscriberRequest, requestId = 187
22:27:20.164 [nacos-grpc-client-executor-2568] INFO  c.a.n.c.r.client - [printIfInfoEnabled,60] - [275d445e-161e-4834-999f-59d23d01539c] Receive server push request, request = NotifySubscriberRequest, requestId = 191
22:27:20.165 [nacos-grpc-client-executor-2568] INFO  c.a.n.c.r.client - [printIfInfoEnabled,60] - [275d445e-161e-4834-999f-59d23d01539c] Ack server push request, request = NotifySubscriberRequest, requestId = 191
23:08:23.658 [nacos-grpc-client-executor-3116] INFO  c.a.n.c.r.client - [printIfInfoEnabled,60] - [275d445e-161e-4834-999f-59d23d01539c] Receive server push request, request = NotifySubscriberRequest, requestId = 194
23:08:23.663 [nacos-grpc-client-executor-3116] INFO  c.a.n.c.r.client - [printIfInfoEnabled,60] - [275d445e-161e-4834-999f-59d23d01539c] Ack server push request, request = NotifySubscriberRequest, requestId = 194
23:08:38.399 [nacos-grpc-client-executor-3122] INFO  c.a.n.c.r.client - [printIfInfoEnabled,60] - [275d445e-161e-4834-999f-59d23d01539c] Receive server push request, request = NotifySubscriberRequest, requestId = 197
23:08:38.402 [nacos-grpc-client-executor-3122] INFO  c.a.n.c.r.client - [printIfInfoEnabled,60] - [275d445e-161e-4834-999f-59d23d01539c] Ack server push request, request = NotifySubscriberRequest, requestId = 197
23:23:50.983 [nacos-grpc-client-executor-3320] INFO  c.a.n.c.r.client - [printIfInfoEnabled,60] - [275d445e-161e-4834-999f-59d23d01539c] Receive server push request, request = NotifySubscriberRequest, requestId = 201
23:23:50.987 [nacos-grpc-client-executor-3320] INFO  c.a.n.c.r.client - [printIfInfoEnabled,60] - [275d445e-161e-4834-999f-59d23d01539c] Ack server push request, request = NotifySubscriberRequest, requestId = 201
23:24:05.560 [nacos-grpc-client-executor-3323] INFO  c.a.n.c.r.client - [printIfInfoEnabled,60] - [275d445e-161e-4834-999f-59d23d01539c] Receive server push request, request = NotifySubscriberRequest, requestId = 204
23:24:05.566 [nacos-grpc-client-executor-3323] INFO  c.a.n.c.r.client - [printIfInfoEnabled,60] - [275d445e-161e-4834-999f-59d23d01539c] Ack server push request, request = NotifySubscriberRequest, requestId = 204
23:47:33.651 [nacos-grpc-client-executor-3616] INFO  c.a.n.c.r.client - [printIfInfoEnabled,60] - [275d445e-161e-4834-999f-59d23d01539c] Receive server push request, request = NotifySubscriberRequest, requestId = 208
23:47:33.654 [nacos-grpc-client-executor-3616] INFO  c.a.n.c.r.client - [printIfInfoEnabled,60] - [275d445e-161e-4834-999f-59d23d01539c] Ack server push request, request = NotifySubscriberRequest, requestId = 208
23:55:34.901 [nacos-grpc-client-executor-3719] INFO  c.a.n.c.r.client - [printIfInfoEnabled,60] - [275d445e-161e-4834-999f-59d23d01539c] Receive server push request, request = NotifySubscriberRequest, requestId = 212
23:55:34.908 [nacos-grpc-client-executor-3719] INFO  c.a.n.c.r.client - [printIfInfoEnabled,60] - [275d445e-161e-4834-999f-59d23d01539c] Ack server push request, request = NotifySubscriberRequest, requestId = 212
23:56:33.405 [nacos-grpc-client-executor-3732] INFO  c.a.n.c.r.client - [printIfInfoEnabled,60] - [275d445e-161e-4834-999f-59d23d01539c] Receive server push request, request = NotifySubscriberRequest, requestId = 215
23:56:33.408 [nacos-grpc-client-executor-3732] INFO  c.a.n.c.r.client - [printIfInfoEnabled,60] - [275d445e-161e-4834-999f-59d23d01539c] Ack server push request, request = NotifySubscriberRequest, requestId = 215
23:58:27.646 [nacos-grpc-client-executor-3758] INFO  c.a.n.c.r.client - [printIfInfoEnabled,60] - [275d445e-161e-4834-999f-59d23d01539c] Receive server push request, request = NotifySubscriberRequest, requestId = 218
23:58:27.647 [nacos-grpc-client-executor-3758] INFO  c.a.n.c.r.client - [printIfInfoEnabled,60] - [275d445e-161e-4834-999f-59d23d01539c] Ack server push request, request = NotifySubscriberRequest, requestId = 218
