00:56:27.131 [nacos-grpc-client-executor-2791] INFO  c.a.n.c.r.client - [printIfInfoEnabled,60] - [1d637c49-95b1-4ceb-b1a7-8ec273e2a800] Receive server push request, request = NotifySubscriberRequest, requestId = 219
00:56:27.148 [nacos-grpc-client-executor-2791] INFO  c.a.n.c.r.client - [printIfInfoEnabled,60] - [1d637c49-95b1-4ceb-b1a7-8ec273e2a800] Ack server push request, request = NotifySubscriberRequest, requestId = 219
00:56:41.430 [nacos-grpc-client-executor-2794] INFO  c.a.n.c.r.client - [printIfInfoEnabled,60] - [1d637c49-95b1-4ceb-b1a7-8ec273e2a800] Receive server push request, request = NotifySubscriberRequest, requestId = 223
00:56:41.431 [nacos-grpc-client-executor-2794] INFO  c.a.n.c.r.client - [printIfInfoEnabled,60] - [1d637c49-95b1-4ceb-b1a7-8ec273e2a800] Ack server push request, request = NotifySubscriberRequest, requestId = 223
00:58:21.192 [nacos-grpc-client-executor-2817] INFO  c.a.n.c.r.client - [printIfInfoEnabled,60] - [1d637c49-95b1-4ceb-b1a7-8ec273e2a800] Receive server push request, request = NotifySubscriberRequest, requestId = 226
00:58:21.195 [nacos-grpc-client-executor-2817] INFO  c.a.n.c.r.client - [printIfInfoEnabled,60] - [1d637c49-95b1-4ceb-b1a7-8ec273e2a800] Ack server push request, request = NotifySubscriberRequest, requestId = 226
00:58:36.034 [nacos-grpc-client-executor-2823] INFO  c.a.n.c.r.client - [printIfInfoEnabled,60] - [1d637c49-95b1-4ceb-b1a7-8ec273e2a800] Receive server push request, request = NotifySubscriberRequest, requestId = 230
00:58:36.038 [nacos-grpc-client-executor-2823] INFO  c.a.n.c.r.client - [printIfInfoEnabled,60] - [1d637c49-95b1-4ceb-b1a7-8ec273e2a800] Ack server push request, request = NotifySubscriberRequest, requestId = 230
01:00:58.483 [nacos-grpc-client-executor-2853] INFO  c.a.n.c.r.client - [printIfInfoEnabled,60] - [1d637c49-95b1-4ceb-b1a7-8ec273e2a800] Receive server push request, request = NotifySubscriberRequest, requestId = 233
01:00:58.490 [nacos-grpc-client-executor-2853] INFO  c.a.n.c.r.client - [printIfInfoEnabled,60] - [1d637c49-95b1-4ceb-b1a7-8ec273e2a800] Ack server push request, request = NotifySubscriberRequest, requestId = 233
01:01:12.056 [nacos-grpc-client-executor-2856] INFO  c.a.n.c.r.client - [printIfInfoEnabled,60] - [1d637c49-95b1-4ceb-b1a7-8ec273e2a800] Receive server push request, request = NotifySubscriberRequest, requestId = 237
01:01:12.058 [nacos-grpc-client-executor-2856] INFO  c.a.n.c.r.client - [printIfInfoEnabled,60] - [1d637c49-95b1-4ceb-b1a7-8ec273e2a800] Ack server push request, request = NotifySubscriberRequest, requestId = 237
01:07:29.197 [nacos-grpc-client-executor-2944] INFO  c.a.n.c.r.client - [printIfInfoEnabled,60] - [1d637c49-95b1-4ceb-b1a7-8ec273e2a800] Receive server push request, request = NotifySubscriberRequest, requestId = 240
01:07:29.205 [nacos-grpc-client-executor-2944] INFO  c.a.n.c.r.client - [printIfInfoEnabled,60] - [1d637c49-95b1-4ceb-b1a7-8ec273e2a800] Ack server push request, request = NotifySubscriberRequest, requestId = 240
01:07:43.845 [nacos-grpc-client-executor-2947] INFO  c.a.n.c.r.client - [printIfInfoEnabled,60] - [1d637c49-95b1-4ceb-b1a7-8ec273e2a800] Receive server push request, request = NotifySubscriberRequest, requestId = 244
01:07:43.852 [nacos-grpc-client-executor-2947] INFO  c.a.n.c.r.client - [printIfInfoEnabled,60] - [1d637c49-95b1-4ceb-b1a7-8ec273e2a800] Ack server push request, request = NotifySubscriberRequest, requestId = 244
01:08:48.413 [nacos-grpc-client-executor-2962] INFO  c.a.n.c.r.client - [printIfInfoEnabled,60] - [1d637c49-95b1-4ceb-b1a7-8ec273e2a800] Receive server push request, request = NotifySubscriberRequest, requestId = 247
01:08:48.417 [nacos-grpc-client-executor-2962] INFO  c.a.n.c.r.client - [printIfInfoEnabled,60] - [1d637c49-95b1-4ceb-b1a7-8ec273e2a800] Ack server push request, request = NotifySubscriberRequest, requestId = 247
01:09:02.512 [nacos-grpc-client-executor-2965] INFO  c.a.n.c.r.client - [printIfInfoEnabled,60] - [1d637c49-95b1-4ceb-b1a7-8ec273e2a800] Receive server push request, request = NotifySubscriberRequest, requestId = 251
01:09:02.513 [nacos-grpc-client-executor-2965] INFO  c.a.n.c.r.client - [printIfInfoEnabled,60] - [1d637c49-95b1-4ceb-b1a7-8ec273e2a800] Ack server push request, request = NotifySubscriberRequest, requestId = 251
01:12:45.035 [nacos-grpc-client-executor-3018] INFO  c.a.n.c.r.client - [printIfInfoEnabled,60] - [1d637c49-95b1-4ceb-b1a7-8ec273e2a800] Receive server push request, request = NotifySubscriberRequest, requestId = 254
01:12:45.040 [nacos-grpc-client-executor-3018] INFO  c.a.n.c.r.client - [printIfInfoEnabled,60] - [1d637c49-95b1-4ceb-b1a7-8ec273e2a800] Ack server push request, request = NotifySubscriberRequest, requestId = 254
01:12:59.060 [nacos-grpc-client-executor-3022] INFO  c.a.n.c.r.client - [printIfInfoEnabled,60] - [1d637c49-95b1-4ceb-b1a7-8ec273e2a800] Receive server push request, request = NotifySubscriberRequest, requestId = 258
01:12:59.063 [nacos-grpc-client-executor-3022] INFO  c.a.n.c.r.client - [printIfInfoEnabled,60] - [1d637c49-95b1-4ceb-b1a7-8ec273e2a800] Ack server push request, request = NotifySubscriberRequest, requestId = 258
01:22:37.900 [nacos-grpc-client-executor-3161] INFO  c.a.n.c.r.client - [printIfInfoEnabled,60] - [1d637c49-95b1-4ceb-b1a7-8ec273e2a800] Receive server push request, request = NotifySubscriberRequest, requestId = 261
01:22:37.905 [nacos-grpc-client-executor-3161] INFO  c.a.n.c.r.client - [printIfInfoEnabled,60] - [1d637c49-95b1-4ceb-b1a7-8ec273e2a800] Ack server push request, request = NotifySubscriberRequest, requestId = 261
01:22:51.995 [nacos-grpc-client-executor-3164] INFO  c.a.n.c.r.client - [printIfInfoEnabled,60] - [1d637c49-95b1-4ceb-b1a7-8ec273e2a800] Receive server push request, request = NotifySubscriberRequest, requestId = 265
01:22:51.998 [nacos-grpc-client-executor-3164] INFO  c.a.n.c.r.client - [printIfInfoEnabled,60] - [1d637c49-95b1-4ceb-b1a7-8ec273e2a800] Ack server push request, request = NotifySubscriberRequest, requestId = 265
01:29:46.548 [nacos-grpc-client-executor-3261] INFO  c.a.n.c.r.client - [printIfInfoEnabled,60] - [1d637c49-95b1-4ceb-b1a7-8ec273e2a800] Receive server push request, request = NotifySubscriberRequest, requestId = 268
01:29:46.550 [nacos-grpc-client-executor-3261] INFO  c.a.n.c.r.client - [printIfInfoEnabled,60] - [1d637c49-95b1-4ceb-b1a7-8ec273e2a800] Ack server push request, request = NotifySubscriberRequest, requestId = 268
01:30:00.349 [nacos-grpc-client-executor-3265] INFO  c.a.n.c.r.client - [printIfInfoEnabled,60] - [1d637c49-95b1-4ceb-b1a7-8ec273e2a800] Receive server push request, request = NotifySubscriberRequest, requestId = 272
01:30:00.353 [nacos-grpc-client-executor-3265] INFO  c.a.n.c.r.client - [printIfInfoEnabled,60] - [1d637c49-95b1-4ceb-b1a7-8ec273e2a800] Ack server push request, request = NotifySubscriberRequest, requestId = 272
01:43:54.122 [nacos-grpc-client-executor-3459] INFO  c.a.n.c.r.client - [printIfInfoEnabled,60] - [1d637c49-95b1-4ceb-b1a7-8ec273e2a800] Receive server push request, request = NotifySubscriberRequest, requestId = 275
01:43:54.124 [nacos-grpc-client-executor-3459] INFO  c.a.n.c.r.client - [printIfInfoEnabled,60] - [1d637c49-95b1-4ceb-b1a7-8ec273e2a800] Ack server push request, request = NotifySubscriberRequest, requestId = 275
01:44:09.757 [nacos-grpc-client-executor-3462] INFO  c.a.n.c.r.client - [printIfInfoEnabled,60] - [1d637c49-95b1-4ceb-b1a7-8ec273e2a800] Receive server push request, request = NotifySubscriberRequest, requestId = 279
01:44:09.760 [nacos-grpc-client-executor-3462] INFO  c.a.n.c.r.client - [printIfInfoEnabled,60] - [1d637c49-95b1-4ceb-b1a7-8ec273e2a800] Ack server push request, request = NotifySubscriberRequest, requestId = 279
02:01:19.140 [nacos-grpc-client-executor-3704] INFO  c.a.n.c.r.client - [printIfInfoEnabled,60] - [1d637c49-95b1-4ceb-b1a7-8ec273e2a800] Receive server push request, request = NotifySubscriberRequest, requestId = 282
02:01:19.146 [nacos-grpc-client-executor-3704] INFO  c.a.n.c.r.client - [printIfInfoEnabled,60] - [1d637c49-95b1-4ceb-b1a7-8ec273e2a800] Ack server push request, request = NotifySubscriberRequest, requestId = 282
02:01:33.836 [nacos-grpc-client-executor-3709] INFO  c.a.n.c.r.client - [printIfInfoEnabled,60] - [1d637c49-95b1-4ceb-b1a7-8ec273e2a800] Receive server push request, request = NotifySubscriberRequest, requestId = 286
02:01:33.838 [nacos-grpc-client-executor-3709] INFO  c.a.n.c.r.client - [printIfInfoEnabled,60] - [1d637c49-95b1-4ceb-b1a7-8ec273e2a800] Ack server push request, request = NotifySubscriberRequest, requestId = 286
02:04:14.335 [nacos-grpc-client-executor-3744] INFO  c.a.n.c.r.client - [printIfInfoEnabled,60] - [1d637c49-95b1-4ceb-b1a7-8ec273e2a800] Receive server push request, request = NotifySubscriberRequest, requestId = 289
02:04:14.338 [nacos-grpc-client-executor-3744] INFO  c.a.n.c.r.client - [printIfInfoEnabled,60] - [1d637c49-95b1-4ceb-b1a7-8ec273e2a800] Ack server push request, request = NotifySubscriberRequest, requestId = 289
02:04:28.560 [nacos-grpc-client-executor-3751] INFO  c.a.n.c.r.client - [printIfInfoEnabled,60] - [1d637c49-95b1-4ceb-b1a7-8ec273e2a800] Receive server push request, request = NotifySubscriberRequest, requestId = 293
02:04:28.566 [nacos-grpc-client-executor-3751] INFO  c.a.n.c.r.client - [printIfInfoEnabled,60] - [1d637c49-95b1-4ceb-b1a7-8ec273e2a800] Ack server push request, request = NotifySubscriberRequest, requestId = 293
02:04:44.909 [SpringApplicationShutdownHook] INFO  c.a.c.n.r.NacosServiceRegistry - [deregister,94] - De-registering from Nacos Server now...
02:04:44.913 [SpringApplicationShutdownHook] INFO  c.a.c.n.r.NacosServiceRegistry - [deregister,114] - De-registration finished.
02:04:45.228 [SpringApplicationShutdownHook] INFO  c.a.n.c.r.client - [shutdown,454] - Shutdown rpc client, set status to shutdown
02:04:45.229 [SpringApplicationShutdownHook] INFO  c.a.n.c.r.client - [shutdown,456] - Shutdown client event executor java.util.concurrent.ScheduledThreadPoolExecutor@71dfffde[Running, pool size = 2, active threads = 2, queued tasks = 0, completed tasks = 0]
02:04:45.229 [SpringApplicationShutdownHook] INFO  c.a.n.c.r.client - [closeConnection,591] - Close current connection 1683380720678_127.0.0.1_58819
02:04:45.231 [nacos-grpc-client-executor-3757] INFO  c.a.n.c.r.c.g.GrpcClient - [printIfInfoEnabled,60] - [1683380720678_127.0.0.1_58819]Ignore complete event,isRunning:false,isAbandon=false
02:04:45.237 [SpringApplicationShutdownHook] INFO  c.a.n.c.r.c.g.GrpcClient - [shutdown,85] - Shutdown grpc executor java.util.concurrent.ThreadPoolExecutor@524a5361[Running, pool size = 5, active threads = 0, queued tasks = 0, completed tasks = 3758]
02:04:48.599 [background-preinit] INFO  o.h.v.i.util.Version - [<clinit>,21] - HV000001: Hibernate Validator 6.2.5.Final
02:04:49.141 [main] INFO  c.a.n.c.r.client - [lambda$createClient$0,80] - [RpcClientFactory] create a new rpc client of 765b3e34-b305-4e85-aee4-2e64d62747e7_config-0
02:04:49.194 [main] INFO  o.r.Reflections - [scan,232] - Reflections took 29 ms to scan 1 urls, producing 3 keys and 6 values 
02:04:49.228 [main] INFO  o.r.Reflections - [scan,232] - Reflections took 13 ms to scan 1 urls, producing 4 keys and 9 values 
02:04:49.242 [main] INFO  o.r.Reflections - [scan,232] - Reflections took 12 ms to scan 1 urls, producing 3 keys and 10 values 
02:04:49.257 [main] INFO  o.r.Reflections - [scan,232] - Reflections took 11 ms to scan 1 urls, producing 1 keys and 5 values 
02:04:49.273 [main] INFO  o.r.Reflections - [scan,232] - Reflections took 12 ms to scan 1 urls, producing 1 keys and 7 values 
02:04:49.290 [main] INFO  o.r.Reflections - [scan,232] - Reflections took 14 ms to scan 1 urls, producing 2 keys and 8 values 
02:04:49.294 [main] INFO  c.a.n.c.r.client - [printIfInfoEnabled,60] - [765b3e34-b305-4e85-aee4-2e64d62747e7_config-0] RpcClient init label, labels = {module=config, Vipserver-Tag=null, source=sdk, Amory-Tag=null, Location-Tag=null, taskId=0, AppName=unknown}
02:04:49.294 [main] INFO  c.a.n.c.r.client - [printIfInfoEnabled,60] - [765b3e34-b305-4e85-aee4-2e64d62747e7_config-0] Register server push request handler:com.alibaba.nacos.client.config.impl.ClientWorker$ConfigRpcTransportClient$$Lambda$468/0x0000000800f3bd90
02:04:49.295 [main] INFO  c.a.n.c.r.client - [printIfInfoEnabled,60] - [765b3e34-b305-4e85-aee4-2e64d62747e7_config-0] Register server push request handler:com.alibaba.nacos.client.config.impl.ClientWorker$ConfigRpcTransportClient$$Lambda$469/0x0000000800f3bfb8
02:04:49.295 [main] INFO  c.a.n.c.r.client - [printIfInfoEnabled,60] - [765b3e34-b305-4e85-aee4-2e64d62747e7_config-0] Registry connection listener to current client:com.alibaba.nacos.client.config.impl.ClientWorker$ConfigRpcTransportClient$1
02:04:49.296 [main] INFO  c.a.n.c.r.client - [printIfInfoEnabled,60] - [765b3e34-b305-4e85-aee4-2e64d62747e7_config-0] RpcClient init, ServerListFactory = com.alibaba.nacos.client.config.impl.ClientWorker$ConfigRpcTransportClient$2
02:04:49.306 [main] INFO  c.a.n.c.r.client - [printIfInfoEnabled,60] - [765b3e34-b305-4e85-aee4-2e64d62747e7_config-0] Try to connect to server on start up, server: {serverIp = '127.0.0.1', server main port = 8848}
02:04:49.988 [main] INFO  c.a.n.c.r.client - [printIfInfoEnabled,60] - [765b3e34-b305-4e85-aee4-2e64d62747e7_config-0] Success to connect to server [127.0.0.1:8848] on start up, connectionId = 1683396289778_127.0.0.1_64949
02:04:49.989 [com.alibaba.nacos.client.remote.worker] INFO  c.a.n.c.r.client - [printIfInfoEnabled,60] - [765b3e34-b305-4e85-aee4-2e64d62747e7_config-0] Notify connected event to listeners.
02:04:49.990 [main] INFO  c.a.n.c.r.client - [printIfInfoEnabled,60] - [765b3e34-b305-4e85-aee4-2e64d62747e7_config-0] Register server push request handler:com.alibaba.nacos.common.remote.client.RpcClient$ConnectResetRequestHandler
02:04:49.990 [main] INFO  c.a.n.c.r.client - [printIfInfoEnabled,60] - [765b3e34-b305-4e85-aee4-2e64d62747e7_config-0] Register server push request handler:com.alibaba.nacos.common.remote.client.RpcClient$$Lambda$480/0x000000080103c290
02:04:50.079 [main] INFO  c.c.a.RuoYiAuthApplication - [logStartupProfileInfo,637] - The following 1 profile is active: "dev"
02:04:51.858 [main] INFO  o.a.c.h.Http11NioProtocol - [log,173] - Initializing ProtocolHandler ["http-nio-9200"]
02:04:51.860 [main] INFO  o.a.c.c.StandardService - [log,173] - Starting service [Tomcat]
02:04:51.860 [main] INFO  o.a.c.c.StandardEngine - [log,173] - Starting Servlet engine: [Apache Tomcat/9.0.70]
02:04:52.061 [main] INFO  o.a.c.c.C.[.[.[/] - [log,173] - Initializing Spring embedded WebApplicationContext
02:04:54.225 [main] INFO  c.a.c.s.SentinelWebMvcConfigurer - [addInterceptors,52] - [Sentinel Starter] register SentinelWebInterceptor with urlPatterns: [/**].
02:04:55.610 [main] INFO  c.a.n.c.r.client - [lambda$createClient$0,80] - [RpcClientFactory] create a new rpc client of 919e4364-d26d-4fc2-a193-45b3d5af40e2
02:04:55.610 [main] INFO  c.a.n.c.r.client - [printIfInfoEnabled,60] - [919e4364-d26d-4fc2-a193-45b3d5af40e2] RpcClient init label, labels = {module=naming, source=sdk}
02:04:55.613 [main] INFO  c.a.n.c.r.client - [printIfInfoEnabled,60] - [919e4364-d26d-4fc2-a193-45b3d5af40e2] RpcClient init, ServerListFactory = com.alibaba.nacos.client.naming.core.ServerListManager
02:04:55.614 [main] INFO  c.a.n.c.r.client - [printIfInfoEnabled,60] - [919e4364-d26d-4fc2-a193-45b3d5af40e2] Registry connection listener to current client:com.alibaba.nacos.client.naming.remote.gprc.redo.NamingGrpcRedoService
02:04:55.615 [main] INFO  c.a.n.c.r.client - [printIfInfoEnabled,60] - [919e4364-d26d-4fc2-a193-45b3d5af40e2] Register server push request handler:com.alibaba.nacos.client.naming.remote.gprc.NamingPushRequestHandler
02:04:55.616 [main] INFO  c.a.n.c.r.client - [printIfInfoEnabled,60] - [919e4364-d26d-4fc2-a193-45b3d5af40e2] Try to connect to server on start up, server: {serverIp = '127.0.0.1', server main port = 8848}
02:04:55.753 [main] INFO  c.a.n.c.r.client - [printIfInfoEnabled,60] - [919e4364-d26d-4fc2-a193-45b3d5af40e2] Success to connect to server [127.0.0.1:8848] on start up, connectionId = 1683396295635_127.0.0.1_64966
02:04:55.754 [com.alibaba.nacos.client.remote.worker] INFO  c.a.n.c.r.client - [printIfInfoEnabled,60] - [919e4364-d26d-4fc2-a193-45b3d5af40e2] Notify connected event to listeners.
02:04:55.754 [main] INFO  c.a.n.c.r.client - [printIfInfoEnabled,60] - [919e4364-d26d-4fc2-a193-45b3d5af40e2] Register server push request handler:com.alibaba.nacos.common.remote.client.RpcClient$ConnectResetRequestHandler
02:04:55.754 [main] INFO  c.a.n.c.r.client - [printIfInfoEnabled,60] - [919e4364-d26d-4fc2-a193-45b3d5af40e2] Register server push request handler:com.alibaba.nacos.common.remote.client.RpcClient$$Lambda$480/0x000000080103c290
02:04:55.787 [main] INFO  o.a.c.h.Http11NioProtocol - [log,173] - Starting ProtocolHandler ["http-nio-9200"]
02:04:55.812 [main] INFO  c.a.c.n.r.NacosServiceRegistry - [register,75] - nacos registry, DEFAULT_GROUP cms-auth 192.168.1.3:9200 register finished
02:04:55.847 [main] INFO  c.c.a.RuoYiAuthApplication - [logStarted,61] - Started RuoYiAuthApplication in 7.822 seconds (JVM running for 8.591)
02:04:55.868 [main] INFO  c.a.c.n.r.NacosContextRefresher - [registerNacosListener,129] - [Nacos Config] Listening config: dataId=cms-auth.yml, group=DEFAULT_GROUP
02:04:55.869 [main] INFO  c.a.c.n.r.NacosContextRefresher - [registerNacosListener,129] - [Nacos Config] Listening config: dataId=cms-auth, group=DEFAULT_GROUP
02:04:55.870 [main] INFO  c.a.c.n.r.NacosContextRefresher - [registerNacosListener,129] - [Nacos Config] Listening config: dataId=cms-auth-dev.yml, group=DEFAULT_GROUP
02:04:56.320 [RMI TCP Connection(9)-192.168.1.3] INFO  o.a.c.c.C.[.[.[/] - [log,173] - Initializing Spring DispatcherServlet 'dispatcherServlet'
02:04:56.327 [nacos-grpc-client-executor-9] INFO  c.a.n.c.r.client - [printIfInfoEnabled,60] - [919e4364-d26d-4fc2-a193-45b3d5af40e2] Receive server push request, request = NotifySubscriberRequest, requestId = 298
02:04:56.339 [nacos-grpc-client-executor-9] INFO  c.a.n.c.r.client - [printIfInfoEnabled,60] - [919e4364-d26d-4fc2-a193-45b3d5af40e2] Ack server push request, request = NotifySubscriberRequest, requestId = 298
02:05:34.794 [nacos-grpc-client-executor-28] INFO  c.a.n.c.r.client - [printIfInfoEnabled,60] - [919e4364-d26d-4fc2-a193-45b3d5af40e2] Receive server push request, request = NotifySubscriberRequest, requestId = 321
02:05:34.795 [nacos-grpc-client-executor-28] INFO  c.a.n.c.r.client - [printIfInfoEnabled,60] - [919e4364-d26d-4fc2-a193-45b3d5af40e2] Ack server push request, request = NotifySubscriberRequest, requestId = 321
02:07:26.323 [nacos-grpc-client-executor-68] INFO  c.a.n.c.r.client - [printIfInfoEnabled,60] - [919e4364-d26d-4fc2-a193-45b3d5af40e2] Receive server push request, request = NotifySubscriberRequest, requestId = 322
02:07:26.326 [nacos-grpc-client-executor-68] INFO  c.a.n.c.r.client - [printIfInfoEnabled,60] - [919e4364-d26d-4fc2-a193-45b3d5af40e2] Ack server push request, request = NotifySubscriberRequest, requestId = 322
02:07:39.220 [nacos-grpc-client-executor-72] INFO  c.a.n.c.r.client - [printIfInfoEnabled,60] - [919e4364-d26d-4fc2-a193-45b3d5af40e2] Receive server push request, request = NotifySubscriberRequest, requestId = 325
02:07:39.233 [nacos-grpc-client-executor-72] INFO  c.a.n.c.r.client - [printIfInfoEnabled,60] - [919e4364-d26d-4fc2-a193-45b3d5af40e2] Ack server push request, request = NotifySubscriberRequest, requestId = 325
02:08:24.297 [nacos-grpc-client-executor-84] INFO  c.a.n.c.r.client - [printIfInfoEnabled,60] - [919e4364-d26d-4fc2-a193-45b3d5af40e2] Receive server push request, request = NotifySubscriberRequest, requestId = 329
02:08:24.300 [nacos-grpc-client-executor-84] INFO  c.a.n.c.r.client - [printIfInfoEnabled,60] - [919e4364-d26d-4fc2-a193-45b3d5af40e2] Ack server push request, request = NotifySubscriberRequest, requestId = 329
02:08:37.177 [nacos-grpc-client-executor-88] INFO  c.a.n.c.r.client - [printIfInfoEnabled,60] - [919e4364-d26d-4fc2-a193-45b3d5af40e2] Receive server push request, request = NotifySubscriberRequest, requestId = 332
02:08:37.179 [nacos-grpc-client-executor-88] INFO  c.a.n.c.r.client - [printIfInfoEnabled,60] - [919e4364-d26d-4fc2-a193-45b3d5af40e2] Ack server push request, request = NotifySubscriberRequest, requestId = 332
02:08:52.264 [nacos-grpc-client-executor-92] INFO  c.a.n.c.r.client - [printIfInfoEnabled,60] - [919e4364-d26d-4fc2-a193-45b3d5af40e2] Receive server push request, request = NotifySubscriberRequest, requestId = 336
02:08:52.269 [nacos-grpc-client-executor-92] INFO  c.a.n.c.r.client - [printIfInfoEnabled,60] - [919e4364-d26d-4fc2-a193-45b3d5af40e2] Ack server push request, request = NotifySubscriberRequest, requestId = 336
02:09:06.099 [nacos-grpc-client-executor-96] INFO  c.a.n.c.r.client - [printIfInfoEnabled,60] - [919e4364-d26d-4fc2-a193-45b3d5af40e2] Receive server push request, request = NotifySubscriberRequest, requestId = 339
02:09:06.103 [nacos-grpc-client-executor-96] INFO  c.a.n.c.r.client - [printIfInfoEnabled,60] - [919e4364-d26d-4fc2-a193-45b3d5af40e2] Ack server push request, request = NotifySubscriberRequest, requestId = 339
02:09:17.873 [nacos-grpc-client-executor-98] INFO  c.a.n.c.r.client - [printIfInfoEnabled,60] - [919e4364-d26d-4fc2-a193-45b3d5af40e2] Receive server push request, request = NotifySubscriberRequest, requestId = 343
02:09:17.874 [nacos-grpc-client-executor-98] INFO  c.a.n.c.r.client - [printIfInfoEnabled,60] - [919e4364-d26d-4fc2-a193-45b3d5af40e2] Ack server push request, request = NotifySubscriberRequest, requestId = 343
02:09:30.683 [nacos-grpc-client-executor-101] INFO  c.a.n.c.r.client - [printIfInfoEnabled,60] - [919e4364-d26d-4fc2-a193-45b3d5af40e2] Receive server push request, request = NotifySubscriberRequest, requestId = 346
02:09:30.689 [nacos-grpc-client-executor-101] INFO  c.a.n.c.r.client - [printIfInfoEnabled,60] - [919e4364-d26d-4fc2-a193-45b3d5af40e2] Ack server push request, request = NotifySubscriberRequest, requestId = 346
02:10:00.892 [nacos-grpc-client-executor-108] INFO  c.a.n.c.r.client - [printIfInfoEnabled,60] - [919e4364-d26d-4fc2-a193-45b3d5af40e2] Receive server push request, request = NotifySubscriberRequest, requestId = 350
02:10:00.899 [nacos-grpc-client-executor-108] INFO  c.a.n.c.r.client - [printIfInfoEnabled,60] - [919e4364-d26d-4fc2-a193-45b3d5af40e2] Ack server push request, request = NotifySubscriberRequest, requestId = 350
02:10:13.855 [nacos-grpc-client-executor-111] INFO  c.a.n.c.r.client - [printIfInfoEnabled,60] - [919e4364-d26d-4fc2-a193-45b3d5af40e2] Receive server push request, request = NotifySubscriberRequest, requestId = 353
02:10:13.860 [nacos-grpc-client-executor-111] INFO  c.a.n.c.r.client - [printIfInfoEnabled,60] - [919e4364-d26d-4fc2-a193-45b3d5af40e2] Ack server push request, request = NotifySubscriberRequest, requestId = 353
02:11:17.208 [nacos-grpc-client-executor-128] INFO  c.a.n.c.r.client - [printIfInfoEnabled,60] - [919e4364-d26d-4fc2-a193-45b3d5af40e2] Receive server push request, request = NotifySubscriberRequest, requestId = 357
02:11:17.211 [nacos-grpc-client-executor-128] INFO  c.a.n.c.r.client - [printIfInfoEnabled,60] - [919e4364-d26d-4fc2-a193-45b3d5af40e2] Ack server push request, request = NotifySubscriberRequest, requestId = 357
02:11:32.694 [nacos-grpc-client-executor-131] INFO  c.a.n.c.r.client - [printIfInfoEnabled,60] - [919e4364-d26d-4fc2-a193-45b3d5af40e2] Receive server push request, request = NotifySubscriberRequest, requestId = 360
02:11:32.700 [nacos-grpc-client-executor-131] INFO  c.a.n.c.r.client - [printIfInfoEnabled,60] - [919e4364-d26d-4fc2-a193-45b3d5af40e2] Ack server push request, request = NotifySubscriberRequest, requestId = 360
02:16:01.081 [nacos-grpc-client-executor-199] INFO  c.a.n.c.r.client - [printIfInfoEnabled,60] - [919e4364-d26d-4fc2-a193-45b3d5af40e2] Receive server push request, request = NotifySubscriberRequest, requestId = 364
02:16:01.088 [nacos-grpc-client-executor-199] INFO  c.a.n.c.r.client - [printIfInfoEnabled,60] - [919e4364-d26d-4fc2-a193-45b3d5af40e2] Ack server push request, request = NotifySubscriberRequest, requestId = 364
02:16:13.738 [nacos-grpc-client-executor-202] INFO  c.a.n.c.r.client - [printIfInfoEnabled,60] - [919e4364-d26d-4fc2-a193-45b3d5af40e2] Receive server push request, request = NotifySubscriberRequest, requestId = 367
02:16:13.743 [nacos-grpc-client-executor-202] INFO  c.a.n.c.r.client - [printIfInfoEnabled,60] - [919e4364-d26d-4fc2-a193-45b3d5af40e2] Ack server push request, request = NotifySubscriberRequest, requestId = 367
02:21:35.149 [nacos-grpc-client-executor-275] INFO  c.a.n.c.r.client - [printIfInfoEnabled,60] - [919e4364-d26d-4fc2-a193-45b3d5af40e2] Receive server push request, request = NotifySubscriberRequest, requestId = 371
02:21:35.154 [nacos-grpc-client-executor-275] INFO  c.a.n.c.r.client - [printIfInfoEnabled,60] - [919e4364-d26d-4fc2-a193-45b3d5af40e2] Ack server push request, request = NotifySubscriberRequest, requestId = 371
02:21:49.358 [nacos-grpc-client-executor-280] INFO  c.a.n.c.r.client - [printIfInfoEnabled,60] - [919e4364-d26d-4fc2-a193-45b3d5af40e2] Receive server push request, request = NotifySubscriberRequest, requestId = 374
02:21:49.365 [nacos-grpc-client-executor-280] INFO  c.a.n.c.r.client - [printIfInfoEnabled,60] - [919e4364-d26d-4fc2-a193-45b3d5af40e2] Ack server push request, request = NotifySubscriberRequest, requestId = 374
02:22:42.004 [nacos-grpc-client-executor-292] INFO  c.a.n.c.r.client - [printIfInfoEnabled,60] - [919e4364-d26d-4fc2-a193-45b3d5af40e2] Receive server push request, request = NotifySubscriberRequest, requestId = 378
02:22:42.007 [nacos-grpc-client-executor-292] INFO  c.a.n.c.r.client - [printIfInfoEnabled,60] - [919e4364-d26d-4fc2-a193-45b3d5af40e2] Ack server push request, request = NotifySubscriberRequest, requestId = 378
02:22:54.887 [nacos-grpc-client-executor-295] INFO  c.a.n.c.r.client - [printIfInfoEnabled,60] - [919e4364-d26d-4fc2-a193-45b3d5af40e2] Receive server push request, request = NotifySubscriberRequest, requestId = 381
02:22:54.888 [nacos-grpc-client-executor-295] INFO  c.a.n.c.r.client - [printIfInfoEnabled,60] - [919e4364-d26d-4fc2-a193-45b3d5af40e2] Ack server push request, request = NotifySubscriberRequest, requestId = 381
02:24:53.073 [nacos-grpc-client-executor-326] INFO  c.a.n.c.r.client - [printIfInfoEnabled,60] - [919e4364-d26d-4fc2-a193-45b3d5af40e2] Receive server push request, request = NotifySubscriberRequest, requestId = 385
02:24:53.074 [nacos-grpc-client-executor-326] INFO  c.a.n.c.r.client - [printIfInfoEnabled,60] - [919e4364-d26d-4fc2-a193-45b3d5af40e2] Ack server push request, request = NotifySubscriberRequest, requestId = 385
02:25:06.372 [nacos-grpc-client-executor-333] INFO  c.a.n.c.r.client - [printIfInfoEnabled,60] - [919e4364-d26d-4fc2-a193-45b3d5af40e2] Receive server push request, request = NotifySubscriberRequest, requestId = 388
02:25:06.378 [nacos-grpc-client-executor-333] INFO  c.a.n.c.r.client - [printIfInfoEnabled,60] - [919e4364-d26d-4fc2-a193-45b3d5af40e2] Ack server push request, request = NotifySubscriberRequest, requestId = 388
21:59:58.588 [nacos-grpc-client-executor-3405] INFO  c.a.n.c.r.client - [printIfInfoEnabled,60] - [919e4364-d26d-4fc2-a193-45b3d5af40e2] Receive server push request, request = NotifySubscriberRequest, requestId = 392
21:59:58.592 [nacos-grpc-client-executor-3405] INFO  c.a.n.c.r.client - [printIfInfoEnabled,60] - [919e4364-d26d-4fc2-a193-45b3d5af40e2] Ack server push request, request = NotifySubscriberRequest, requestId = 392
22:04:26.766 [nacos-grpc-client-executor-3463] INFO  c.a.n.c.r.client - [printIfInfoEnabled,60] - [919e4364-d26d-4fc2-a193-45b3d5af40e2] Receive server push request, request = NotifySubscriberRequest, requestId = 395
22:04:26.767 [nacos-grpc-client-executor-3463] INFO  c.a.n.c.r.client - [printIfInfoEnabled,60] - [919e4364-d26d-4fc2-a193-45b3d5af40e2] Ack server push request, request = NotifySubscriberRequest, requestId = 395
23:41:39.083 [nacos-grpc-client-executor-4719] INFO  c.a.n.c.r.client - [printIfInfoEnabled,60] - [919e4364-d26d-4fc2-a193-45b3d5af40e2] Receive server push request, request = NotifySubscriberRequest, requestId = 399
23:41:39.092 [nacos-grpc-client-executor-4719] INFO  c.a.n.c.r.client - [printIfInfoEnabled,60] - [919e4364-d26d-4fc2-a193-45b3d5af40e2] Ack server push request, request = NotifySubscriberRequest, requestId = 399
23:41:52.471 [nacos-grpc-client-executor-4721] INFO  c.a.n.c.r.client - [printIfInfoEnabled,60] - [919e4364-d26d-4fc2-a193-45b3d5af40e2] Receive server push request, request = NotifySubscriberRequest, requestId = 402
23:41:52.472 [nacos-grpc-client-executor-4721] INFO  c.a.n.c.r.client - [printIfInfoEnabled,60] - [919e4364-d26d-4fc2-a193-45b3d5af40e2] Ack server push request, request = NotifySubscriberRequest, requestId = 402
23:43:34.715 [nacos-grpc-client-executor-4744] INFO  c.a.n.c.r.client - [printIfInfoEnabled,60] - [919e4364-d26d-4fc2-a193-45b3d5af40e2] Receive server push request, request = NotifySubscriberRequest, requestId = 406
23:43:34.717 [nacos-grpc-client-executor-4744] INFO  c.a.n.c.r.client - [printIfInfoEnabled,60] - [919e4364-d26d-4fc2-a193-45b3d5af40e2] Ack server push request, request = NotifySubscriberRequest, requestId = 406
23:43:48.479 [nacos-grpc-client-executor-4748] INFO  c.a.n.c.r.client - [printIfInfoEnabled,60] - [919e4364-d26d-4fc2-a193-45b3d5af40e2] Receive server push request, request = NotifySubscriberRequest, requestId = 409
23:43:48.486 [nacos-grpc-client-executor-4748] INFO  c.a.n.c.r.client - [printIfInfoEnabled,60] - [919e4364-d26d-4fc2-a193-45b3d5af40e2] Ack server push request, request = NotifySubscriberRequest, requestId = 409
23:48:50.150 [nacos-grpc-client-executor-4813] INFO  c.a.n.c.r.client - [printIfInfoEnabled,60] - [919e4364-d26d-4fc2-a193-45b3d5af40e2] Receive server push request, request = NotifySubscriberRequest, requestId = 413
23:48:50.154 [nacos-grpc-client-executor-4813] INFO  c.a.n.c.r.client - [printIfInfoEnabled,60] - [919e4364-d26d-4fc2-a193-45b3d5af40e2] Ack server push request, request = NotifySubscriberRequest, requestId = 413
23:49:04.555 [nacos-grpc-client-executor-4817] INFO  c.a.n.c.r.client - [printIfInfoEnabled,60] - [919e4364-d26d-4fc2-a193-45b3d5af40e2] Receive server push request, request = NotifySubscriberRequest, requestId = 416
23:49:04.557 [nacos-grpc-client-executor-4817] INFO  c.a.n.c.r.client - [printIfInfoEnabled,60] - [919e4364-d26d-4fc2-a193-45b3d5af40e2] Ack server push request, request = NotifySubscriberRequest, requestId = 416
23:52:51.770 [nacos-grpc-client-executor-4863] INFO  c.a.n.c.r.client - [printIfInfoEnabled,60] - [919e4364-d26d-4fc2-a193-45b3d5af40e2] Receive server push request, request = NotifySubscriberRequest, requestId = 420
23:52:51.778 [nacos-grpc-client-executor-4863] INFO  c.a.n.c.r.client - [printIfInfoEnabled,60] - [919e4364-d26d-4fc2-a193-45b3d5af40e2] Ack server push request, request = NotifySubscriberRequest, requestId = 420
23:57:11.393 [nacos-grpc-client-executor-4922] INFO  c.a.n.c.r.client - [printIfInfoEnabled,60] - [919e4364-d26d-4fc2-a193-45b3d5af40e2] Receive server push request, request = NotifySubscriberRequest, requestId = 423
23:57:11.394 [nacos-grpc-client-executor-4922] INFO  c.a.n.c.r.client - [printIfInfoEnabled,60] - [919e4364-d26d-4fc2-a193-45b3d5af40e2] Ack server push request, request = NotifySubscriberRequest, requestId = 423
23:58:45.161 [nacos-grpc-client-executor-4944] INFO  c.a.n.c.r.client - [printIfInfoEnabled,60] - [919e4364-d26d-4fc2-a193-45b3d5af40e2] Receive server push request, request = NotifySubscriberRequest, requestId = 427
23:58:45.164 [nacos-grpc-client-executor-4944] INFO  c.a.n.c.r.client - [printIfInfoEnabled,60] - [919e4364-d26d-4fc2-a193-45b3d5af40e2] Ack server push request, request = NotifySubscriberRequest, requestId = 427
23:58:58.478 [nacos-grpc-client-executor-4947] INFO  c.a.n.c.r.client - [printIfInfoEnabled,60] - [919e4364-d26d-4fc2-a193-45b3d5af40e2] Receive server push request, request = NotifySubscriberRequest, requestId = 430
23:58:58.485 [nacos-grpc-client-executor-4947] INFO  c.a.n.c.r.client - [printIfInfoEnabled,60] - [919e4364-d26d-4fc2-a193-45b3d5af40e2] Ack server push request, request = NotifySubscriberRequest, requestId = 430
23:59:58.988 [nacos-grpc-client-executor-4960] INFO  c.a.n.c.r.client - [printIfInfoEnabled,60] - [919e4364-d26d-4fc2-a193-45b3d5af40e2] Receive server push request, request = NotifySubscriberRequest, requestId = 434
23:59:58.995 [nacos-grpc-client-executor-4960] INFO  c.a.n.c.r.client - [printIfInfoEnabled,60] - [919e4364-d26d-4fc2-a193-45b3d5af40e2] Ack server push request, request = NotifySubscriberRequest, requestId = 434
