01:02:00.523 [SpringApplicationShutdownHook] INFO  c.a.c.n.r.NacosServiceRegistry - [deregister,94] - De-registering from Nacos Server now...
01:02:00.534 [SpringApplicationShutdownHook] INFO  c.a.c.n.r.NacosServiceRegistry - [deregister,114] - De-registration finished.
01:02:00.852 [SpringApplicationShutdownHook] INFO  c.a.n.c.r.client - [shutdown,454] - Shutdown rpc client, set status to shutdown
01:02:00.853 [SpringApplicationShutdownHook] INFO  c.a.n.c.r.client - [shutdown,456] - Shutdown client event executor java.util.concurrent.ScheduledThreadPoolExecutor@35070d53[Running, pool size = 2, active threads = 2, queued tasks = 0, completed tasks = 0]
01:02:00.853 [SpringApplicationShutdownHook] INFO  c.a.n.c.r.client - [closeConnection,591] - Close current connection 1684076041028_127.0.0.1_61754
01:02:00.857 [nacos-grpc-client-executor-1736] INFO  c.a.n.c.r.c.g.GrpcClient - [printIfInfoEnabled,60] - [1684076041028_127.0.0.1_61754]Ignore complete event,isRunning:false,isAbandon=false
01:02:00.864 [SpringApplicationShutdownHook] INFO  c.a.n.c.r.c.g.GrpcClient - [shutdown,85] - Shutdown grpc executor java.util.concurrent.ThreadPoolExecutor@13397294[Running, pool size = 5, active threads = 0, queued tasks = 0, completed tasks = 1737]
01:02:09.150 [background-preinit] INFO  o.h.v.i.util.Version - [<clinit>,21] - HV000001: Hibernate Validator 6.2.5.Final
01:02:09.881 [main] INFO  c.a.n.c.r.client - [lambda$createClient$0,80] - [RpcClientFactory] create a new rpc client of 6640d12b-42f3-4dd7-8eb4-876e79c95b78_config-0
01:02:09.940 [main] INFO  o.r.Reflections - [scan,232] - Reflections took 38 ms to scan 1 urls, producing 3 keys and 6 values 
01:02:09.978 [main] INFO  o.r.Reflections - [scan,232] - Reflections took 21 ms to scan 1 urls, producing 4 keys and 9 values 
01:02:09.999 [main] INFO  o.r.Reflections - [scan,232] - Reflections took 18 ms to scan 1 urls, producing 3 keys and 10 values 
01:02:10.035 [main] INFO  o.r.Reflections - [scan,232] - Reflections took 31 ms to scan 1 urls, producing 1 keys and 5 values 
01:02:10.048 [main] INFO  o.r.Reflections - [scan,232] - Reflections took 11 ms to scan 1 urls, producing 1 keys and 7 values 
01:02:10.063 [main] INFO  o.r.Reflections - [scan,232] - Reflections took 12 ms to scan 1 urls, producing 2 keys and 8 values 
01:02:10.067 [main] INFO  c.a.n.c.r.client - [printIfInfoEnabled,60] - [6640d12b-42f3-4dd7-8eb4-876e79c95b78_config-0] RpcClient init label, labels = {module=config, Vipserver-Tag=null, source=sdk, Amory-Tag=null, Location-Tag=null, taskId=0, AppName=unknown}
01:02:10.068 [main] INFO  c.a.n.c.r.client - [printIfInfoEnabled,60] - [6640d12b-42f3-4dd7-8eb4-876e79c95b78_config-0] Register server push request handler:com.alibaba.nacos.client.config.impl.ClientWorker$ConfigRpcTransportClient$$Lambda$468/0x0000000800f3bb38
01:02:10.068 [main] INFO  c.a.n.c.r.client - [printIfInfoEnabled,60] - [6640d12b-42f3-4dd7-8eb4-876e79c95b78_config-0] Register server push request handler:com.alibaba.nacos.client.config.impl.ClientWorker$ConfigRpcTransportClient$$Lambda$469/0x0000000800f3bd60
01:02:10.069 [main] INFO  c.a.n.c.r.client - [printIfInfoEnabled,60] - [6640d12b-42f3-4dd7-8eb4-876e79c95b78_config-0] Registry connection listener to current client:com.alibaba.nacos.client.config.impl.ClientWorker$ConfigRpcTransportClient$1
01:02:10.070 [main] INFO  c.a.n.c.r.client - [printIfInfoEnabled,60] - [6640d12b-42f3-4dd7-8eb4-876e79c95b78_config-0] RpcClient init, ServerListFactory = com.alibaba.nacos.client.config.impl.ClientWorker$ConfigRpcTransportClient$2
01:02:10.077 [main] INFO  c.a.n.c.r.client - [printIfInfoEnabled,60] - [6640d12b-42f3-4dd7-8eb4-876e79c95b78_config-0] Try to connect to server on start up, server: {serverIp = '127.0.0.1', server main port = 8848}
01:02:10.801 [main] INFO  c.a.n.c.r.client - [printIfInfoEnabled,60] - [6640d12b-42f3-4dd7-8eb4-876e79c95b78_config-0] Success to connect to server [127.0.0.1:8848] on start up, connectionId = 1684083730576_127.0.0.1_51279
01:02:10.802 [com.alibaba.nacos.client.remote.worker] INFO  c.a.n.c.r.client - [printIfInfoEnabled,60] - [6640d12b-42f3-4dd7-8eb4-876e79c95b78_config-0] Notify connected event to listeners.
01:02:10.802 [main] INFO  c.a.n.c.r.client - [printIfInfoEnabled,60] - [6640d12b-42f3-4dd7-8eb4-876e79c95b78_config-0] Register server push request handler:com.alibaba.nacos.common.remote.client.RpcClient$ConnectResetRequestHandler
01:02:10.804 [main] INFO  c.a.n.c.r.client - [printIfInfoEnabled,60] - [6640d12b-42f3-4dd7-8eb4-876e79c95b78_config-0] Register server push request handler:com.alibaba.nacos.common.remote.client.RpcClient$$Lambda$480/0x000000080103c290
01:02:10.896 [main] INFO  c.c.a.RuoYiAuthApplication - [logStartupProfileInfo,637] - The following 1 profile is active: "dev"
01:02:14.212 [main] INFO  o.a.c.h.Http11NioProtocol - [log,173] - Initializing ProtocolHandler ["http-nio-9200"]
01:02:14.214 [main] INFO  o.a.c.c.StandardService - [log,173] - Starting service [Tomcat]
01:02:14.215 [main] INFO  o.a.c.c.StandardEngine - [log,173] - Starting Servlet engine: [Apache Tomcat/9.0.70]
01:02:14.490 [main] INFO  o.a.c.c.C.[.[.[/] - [log,173] - Initializing Spring embedded WebApplicationContext
01:02:16.756 [main] INFO  c.a.c.s.SentinelWebMvcConfigurer - [addInterceptors,52] - [Sentinel Starter] register SentinelWebInterceptor with urlPatterns: [/**].
01:02:18.886 [main] INFO  c.a.n.c.r.client - [lambda$createClient$0,80] - [RpcClientFactory] create a new rpc client of e60efee6-bdfe-4ce9-912d-6ba2002c367b
01:02:18.887 [main] INFO  c.a.n.c.r.client - [printIfInfoEnabled,60] - [e60efee6-bdfe-4ce9-912d-6ba2002c367b] RpcClient init label, labels = {module=naming, source=sdk}
01:02:18.889 [main] INFO  c.a.n.c.r.client - [printIfInfoEnabled,60] - [e60efee6-bdfe-4ce9-912d-6ba2002c367b] RpcClient init, ServerListFactory = com.alibaba.nacos.client.naming.core.ServerListManager
01:02:18.890 [main] INFO  c.a.n.c.r.client - [printIfInfoEnabled,60] - [e60efee6-bdfe-4ce9-912d-6ba2002c367b] Registry connection listener to current client:com.alibaba.nacos.client.naming.remote.gprc.redo.NamingGrpcRedoService
01:02:18.891 [main] INFO  c.a.n.c.r.client - [printIfInfoEnabled,60] - [e60efee6-bdfe-4ce9-912d-6ba2002c367b] Register server push request handler:com.alibaba.nacos.client.naming.remote.gprc.NamingPushRequestHandler
01:02:18.893 [main] INFO  c.a.n.c.r.client - [printIfInfoEnabled,60] - [e60efee6-bdfe-4ce9-912d-6ba2002c367b] Try to connect to server on start up, server: {serverIp = '127.0.0.1', server main port = 8848}
01:02:19.041 [main] INFO  c.a.n.c.r.client - [printIfInfoEnabled,60] - [e60efee6-bdfe-4ce9-912d-6ba2002c367b] Success to connect to server [127.0.0.1:8848] on start up, connectionId = 1684083738913_127.0.0.1_51304
01:02:19.042 [main] INFO  c.a.n.c.r.client - [printIfInfoEnabled,60] - [e60efee6-bdfe-4ce9-912d-6ba2002c367b] Register server push request handler:com.alibaba.nacos.common.remote.client.RpcClient$ConnectResetRequestHandler
01:02:19.042 [com.alibaba.nacos.client.remote.worker] INFO  c.a.n.c.r.client - [printIfInfoEnabled,60] - [e60efee6-bdfe-4ce9-912d-6ba2002c367b] Notify connected event to listeners.
01:02:19.042 [main] INFO  c.a.n.c.r.client - [printIfInfoEnabled,60] - [e60efee6-bdfe-4ce9-912d-6ba2002c367b] Register server push request handler:com.alibaba.nacos.common.remote.client.RpcClient$$Lambda$480/0x000000080103c290
01:02:19.087 [main] INFO  o.a.c.h.Http11NioProtocol - [log,173] - Starting ProtocolHandler ["http-nio-9200"]
01:02:19.118 [main] INFO  c.a.c.n.r.NacosServiceRegistry - [register,75] - nacos registry, DEFAULT_GROUP cms-auth 192.168.1.9:9200 register finished
01:02:19.159 [main] INFO  c.c.a.RuoYiAuthApplication - [logStarted,61] - Started RuoYiAuthApplication in 10.888 seconds (JVM running for 11.9)
01:02:19.185 [main] INFO  c.a.c.n.r.NacosContextRefresher - [registerNacosListener,129] - [Nacos Config] Listening config: dataId=cms-auth.yml, group=DEFAULT_GROUP
01:02:19.187 [main] INFO  c.a.c.n.r.NacosContextRefresher - [registerNacosListener,129] - [Nacos Config] Listening config: dataId=cms-auth, group=DEFAULT_GROUP
01:02:19.193 [main] INFO  c.a.c.n.r.NacosContextRefresher - [registerNacosListener,129] - [Nacos Config] Listening config: dataId=cms-auth-dev.yml, group=DEFAULT_GROUP
01:02:19.264 [RMI TCP Connection(6)-192.168.1.9] INFO  o.a.c.c.C.[.[.[/] - [log,173] - Initializing Spring DispatcherServlet 'dispatcherServlet'
01:02:19.669 [nacos-grpc-client-executor-9] INFO  c.a.n.c.r.client - [printIfInfoEnabled,60] - [e60efee6-bdfe-4ce9-912d-6ba2002c367b] Receive server push request, request = NotifySubscriberRequest, requestId = 504
01:02:19.682 [nacos-grpc-client-executor-9] INFO  c.a.n.c.r.client - [printIfInfoEnabled,60] - [e60efee6-bdfe-4ce9-912d-6ba2002c367b] Ack server push request, request = NotifySubscriberRequest, requestId = 504
01:12:32.288 [SpringApplicationShutdownHook] INFO  c.a.c.n.r.NacosServiceRegistry - [deregister,94] - De-registering from Nacos Server now...
01:12:32.293 [SpringApplicationShutdownHook] INFO  c.a.c.n.r.NacosServiceRegistry - [deregister,114] - De-registration finished.
01:12:32.609 [SpringApplicationShutdownHook] INFO  c.a.n.c.r.client - [shutdown,454] - Shutdown rpc client, set status to shutdown
01:12:32.609 [SpringApplicationShutdownHook] INFO  c.a.n.c.r.client - [shutdown,456] - Shutdown client event executor java.util.concurrent.ScheduledThreadPoolExecutor@13540415[Running, pool size = 2, active threads = 2, queued tasks = 0, completed tasks = 0]
01:12:32.609 [SpringApplicationShutdownHook] INFO  c.a.n.c.r.client - [closeConnection,591] - Close current connection 1684083738913_127.0.0.1_51304
01:12:32.612 [nacos-grpc-client-executor-179] INFO  c.a.n.c.r.c.g.GrpcClient - [printIfInfoEnabled,60] - [1684083738913_127.0.0.1_51304]Ignore complete event,isRunning:false,isAbandon=false
01:12:32.613 [SpringApplicationShutdownHook] INFO  c.a.n.c.r.c.g.GrpcClient - [shutdown,85] - Shutdown grpc executor java.util.concurrent.ThreadPoolExecutor@56f23914[Running, pool size = 6, active threads = 0, queued tasks = 0, completed tasks = 180]
01:12:37.558 [background-preinit] INFO  o.h.v.i.util.Version - [<clinit>,21] - HV000001: Hibernate Validator 6.2.5.Final
01:12:38.126 [main] INFO  c.a.n.c.r.client - [lambda$createClient$0,80] - [RpcClientFactory] create a new rpc client of bba3292a-0005-4b88-ae8d-54b451b9ad54_config-0
01:12:38.179 [main] INFO  o.r.Reflections - [scan,232] - Reflections took 31 ms to scan 1 urls, producing 3 keys and 6 values 
01:12:38.213 [main] INFO  o.r.Reflections - [scan,232] - Reflections took 17 ms to scan 1 urls, producing 4 keys and 9 values 
01:12:38.227 [main] INFO  o.r.Reflections - [scan,232] - Reflections took 12 ms to scan 1 urls, producing 3 keys and 10 values 
01:12:38.243 [main] INFO  o.r.Reflections - [scan,232] - Reflections took 11 ms to scan 1 urls, producing 1 keys and 5 values 
01:12:38.263 [main] INFO  o.r.Reflections - [scan,232] - Reflections took 19 ms to scan 1 urls, producing 1 keys and 7 values 
01:12:38.274 [main] INFO  o.r.Reflections - [scan,232] - Reflections took 8 ms to scan 1 urls, producing 2 keys and 8 values 
01:12:38.278 [main] INFO  c.a.n.c.r.client - [printIfInfoEnabled,60] - [bba3292a-0005-4b88-ae8d-54b451b9ad54_config-0] RpcClient init label, labels = {module=config, Vipserver-Tag=null, source=sdk, Amory-Tag=null, Location-Tag=null, taskId=0, AppName=unknown}
01:12:38.278 [main] INFO  c.a.n.c.r.client - [printIfInfoEnabled,60] - [bba3292a-0005-4b88-ae8d-54b451b9ad54_config-0] Register server push request handler:com.alibaba.nacos.client.config.impl.ClientWorker$ConfigRpcTransportClient$$Lambda$468/0x0000000800f1c710
01:12:38.279 [main] INFO  c.a.n.c.r.client - [printIfInfoEnabled,60] - [bba3292a-0005-4b88-ae8d-54b451b9ad54_config-0] Register server push request handler:com.alibaba.nacos.client.config.impl.ClientWorker$ConfigRpcTransportClient$$Lambda$469/0x0000000800f1c938
01:12:38.280 [main] INFO  c.a.n.c.r.client - [printIfInfoEnabled,60] - [bba3292a-0005-4b88-ae8d-54b451b9ad54_config-0] Registry connection listener to current client:com.alibaba.nacos.client.config.impl.ClientWorker$ConfigRpcTransportClient$1
01:12:38.280 [main] INFO  c.a.n.c.r.client - [printIfInfoEnabled,60] - [bba3292a-0005-4b88-ae8d-54b451b9ad54_config-0] RpcClient init, ServerListFactory = com.alibaba.nacos.client.config.impl.ClientWorker$ConfigRpcTransportClient$2
01:12:38.288 [main] INFO  c.a.n.c.r.client - [printIfInfoEnabled,60] - [bba3292a-0005-4b88-ae8d-54b451b9ad54_config-0] Try to connect to server on start up, server: {serverIp = '127.0.0.1', server main port = 8848}
01:12:38.865 [main] INFO  c.a.n.c.r.client - [printIfInfoEnabled,60] - [bba3292a-0005-4b88-ae8d-54b451b9ad54_config-0] Success to connect to server [127.0.0.1:8848] on start up, connectionId = 1684084358679_127.0.0.1_51867
01:12:38.865 [com.alibaba.nacos.client.remote.worker] INFO  c.a.n.c.r.client - [printIfInfoEnabled,60] - [bba3292a-0005-4b88-ae8d-54b451b9ad54_config-0] Notify connected event to listeners.
01:12:38.866 [main] INFO  c.a.n.c.r.client - [printIfInfoEnabled,60] - [bba3292a-0005-4b88-ae8d-54b451b9ad54_config-0] Register server push request handler:com.alibaba.nacos.common.remote.client.RpcClient$ConnectResetRequestHandler
01:12:38.866 [main] INFO  c.a.n.c.r.client - [printIfInfoEnabled,60] - [bba3292a-0005-4b88-ae8d-54b451b9ad54_config-0] Register server push request handler:com.alibaba.nacos.common.remote.client.RpcClient$$Lambda$480/0x000000080101e7b0
01:12:38.938 [main] INFO  c.c.a.RuoYiAuthApplication - [logStartupProfileInfo,637] - The following 1 profile is active: "dev"
01:12:41.497 [main] INFO  o.a.c.h.Http11NioProtocol - [log,173] - Initializing ProtocolHandler ["http-nio-9200"]
01:12:41.497 [main] INFO  o.a.c.c.StandardService - [log,173] - Starting service [Tomcat]
01:12:41.498 [main] INFO  o.a.c.c.StandardEngine - [log,173] - Starting Servlet engine: [Apache Tomcat/9.0.70]
01:12:41.699 [main] INFO  o.a.c.c.C.[.[.[/] - [log,173] - Initializing Spring embedded WebApplicationContext
01:12:43.396 [main] INFO  c.a.c.s.SentinelWebMvcConfigurer - [addInterceptors,52] - [Sentinel Starter] register SentinelWebInterceptor with urlPatterns: [/**].
01:12:44.981 [main] INFO  c.a.n.c.r.client - [lambda$createClient$0,80] - [RpcClientFactory] create a new rpc client of db63015c-a097-437b-bf4c-42644754c943
01:12:44.982 [main] INFO  c.a.n.c.r.client - [printIfInfoEnabled,60] - [db63015c-a097-437b-bf4c-42644754c943] RpcClient init label, labels = {module=naming, source=sdk}
01:12:44.984 [main] INFO  c.a.n.c.r.client - [printIfInfoEnabled,60] - [db63015c-a097-437b-bf4c-42644754c943] RpcClient init, ServerListFactory = com.alibaba.nacos.client.naming.core.ServerListManager
01:12:44.984 [main] INFO  c.a.n.c.r.client - [printIfInfoEnabled,60] - [db63015c-a097-437b-bf4c-42644754c943] Registry connection listener to current client:com.alibaba.nacos.client.naming.remote.gprc.redo.NamingGrpcRedoService
01:12:44.985 [main] INFO  c.a.n.c.r.client - [printIfInfoEnabled,60] - [db63015c-a097-437b-bf4c-42644754c943] Register server push request handler:com.alibaba.nacos.client.naming.remote.gprc.NamingPushRequestHandler
01:12:44.986 [main] INFO  c.a.n.c.r.client - [printIfInfoEnabled,60] - [db63015c-a097-437b-bf4c-42644754c943] Try to connect to server on start up, server: {serverIp = '127.0.0.1', server main port = 8848}
01:12:45.142 [main] INFO  c.a.n.c.r.client - [printIfInfoEnabled,60] - [db63015c-a097-437b-bf4c-42644754c943] Success to connect to server [127.0.0.1:8848] on start up, connectionId = 1684084365008_127.0.0.1_51885
01:12:45.142 [com.alibaba.nacos.client.remote.worker] INFO  c.a.n.c.r.client - [printIfInfoEnabled,60] - [db63015c-a097-437b-bf4c-42644754c943] Notify connected event to listeners.
01:12:45.142 [main] INFO  c.a.n.c.r.client - [printIfInfoEnabled,60] - [db63015c-a097-437b-bf4c-42644754c943] Register server push request handler:com.alibaba.nacos.common.remote.client.RpcClient$ConnectResetRequestHandler
01:12:45.142 [main] INFO  c.a.n.c.r.client - [printIfInfoEnabled,60] - [db63015c-a097-437b-bf4c-42644754c943] Register server push request handler:com.alibaba.nacos.common.remote.client.RpcClient$$Lambda$480/0x000000080101e7b0
01:12:45.196 [main] INFO  o.a.c.h.Http11NioProtocol - [log,173] - Starting ProtocolHandler ["http-nio-9200"]
01:12:45.226 [main] INFO  c.a.c.n.r.NacosServiceRegistry - [register,75] - nacos registry, DEFAULT_GROUP cms-auth 192.168.1.9:9200 register finished
01:12:45.262 [main] INFO  c.c.a.RuoYiAuthApplication - [logStarted,61] - Started RuoYiAuthApplication in 8.652 seconds (JVM running for 9.75)
01:12:45.282 [main] INFO  c.a.c.n.r.NacosContextRefresher - [registerNacosListener,129] - [Nacos Config] Listening config: dataId=cms-auth.yml, group=DEFAULT_GROUP
01:12:45.283 [main] INFO  c.a.c.n.r.NacosContextRefresher - [registerNacosListener,129] - [Nacos Config] Listening config: dataId=cms-auth, group=DEFAULT_GROUP
01:12:45.284 [main] INFO  c.a.c.n.r.NacosContextRefresher - [registerNacosListener,129] - [Nacos Config] Listening config: dataId=cms-auth-dev.yml, group=DEFAULT_GROUP
01:12:45.638 [RMI TCP Connection(2)-192.168.1.9] INFO  o.a.c.c.C.[.[.[/] - [log,173] - Initializing Spring DispatcherServlet 'dispatcherServlet'
01:12:45.691 [nacos-grpc-client-executor-10] INFO  c.a.n.c.r.client - [printIfInfoEnabled,60] - [db63015c-a097-437b-bf4c-42644754c943] Receive server push request, request = NotifySubscriberRequest, requestId = 534
01:12:45.694 [nacos-grpc-client-executor-10] INFO  c.a.n.c.r.client - [printIfInfoEnabled,60] - [db63015c-a097-437b-bf4c-42644754c943] Ack server push request, request = NotifySubscriberRequest, requestId = 534
12:23:34.888 [nacos-grpc-client-executor-2229] INFO  c.a.n.c.r.client - [printIfInfoEnabled,60] - [db63015c-a097-437b-bf4c-42644754c943] Receive server push request, request = NotifySubscriberRequest, requestId = 610
12:23:34.890 [nacos-grpc-client-executor-2229] INFO  c.a.n.c.r.client - [printIfInfoEnabled,60] - [db63015c-a097-437b-bf4c-42644754c943] Ack server push request, request = NotifySubscriberRequest, requestId = 610
12:30:35.017 [nacos-grpc-client-executor-2329] INFO  c.a.n.c.r.client - [printIfInfoEnabled,60] - [db63015c-a097-437b-bf4c-42644754c943] Receive server push request, request = NotifySubscriberRequest, requestId = 612
12:30:35.020 [nacos-grpc-client-executor-2329] INFO  c.a.n.c.r.client - [printIfInfoEnabled,60] - [db63015c-a097-437b-bf4c-42644754c943] Ack server push request, request = NotifySubscriberRequest, requestId = 612
12:30:49.283 [nacos-grpc-client-executor-2334] INFO  c.a.n.c.r.client - [printIfInfoEnabled,60] - [db63015c-a097-437b-bf4c-42644754c943] Receive server push request, request = NotifySubscriberRequest, requestId = 616
12:30:49.288 [nacos-grpc-client-executor-2334] INFO  c.a.n.c.r.client - [printIfInfoEnabled,60] - [db63015c-a097-437b-bf4c-42644754c943] Ack server push request, request = NotifySubscriberRequest, requestId = 616
12:33:13.001 [nacos-grpc-client-executor-2364] INFO  c.a.n.c.r.client - [printIfInfoEnabled,60] - [db63015c-a097-437b-bf4c-42644754c943] Receive server push request, request = NotifySubscriberRequest, requestId = 619
12:33:13.009 [nacos-grpc-client-executor-2364] INFO  c.a.n.c.r.client - [printIfInfoEnabled,60] - [db63015c-a097-437b-bf4c-42644754c943] Ack server push request, request = NotifySubscriberRequest, requestId = 619
12:33:26.804 [nacos-grpc-client-executor-2367] INFO  c.a.n.c.r.client - [printIfInfoEnabled,60] - [db63015c-a097-437b-bf4c-42644754c943] Receive server push request, request = NotifySubscriberRequest, requestId = 622
12:33:26.805 [nacos-grpc-client-executor-2367] INFO  c.a.n.c.r.client - [printIfInfoEnabled,60] - [db63015c-a097-437b-bf4c-42644754c943] Ack server push request, request = NotifySubscriberRequest, requestId = 622
12:36:02.765 [nacos-grpc-client-executor-2404] INFO  c.a.n.c.r.client - [printIfInfoEnabled,60] - [db63015c-a097-437b-bf4c-42644754c943] Receive server push request, request = NotifySubscriberRequest, requestId = 626
12:36:02.769 [nacos-grpc-client-executor-2404] INFO  c.a.n.c.r.client - [printIfInfoEnabled,60] - [db63015c-a097-437b-bf4c-42644754c943] Ack server push request, request = NotifySubscriberRequest, requestId = 626
12:36:17.045 [nacos-grpc-client-executor-2407] INFO  c.a.n.c.r.client - [printIfInfoEnabled,60] - [db63015c-a097-437b-bf4c-42644754c943] Receive server push request, request = NotifySubscriberRequest, requestId = 629
12:36:17.046 [nacos-grpc-client-executor-2407] INFO  c.a.n.c.r.client - [printIfInfoEnabled,60] - [db63015c-a097-437b-bf4c-42644754c943] Ack server push request, request = NotifySubscriberRequest, requestId = 629
12:51:47.814 [nacos-grpc-client-executor-2607] INFO  c.a.n.c.r.client - [printIfInfoEnabled,60] - [db63015c-a097-437b-bf4c-42644754c943] Receive server push request, request = NotifySubscriberRequest, requestId = 635
12:51:47.821 [nacos-grpc-client-executor-2607] INFO  c.a.n.c.r.client - [printIfInfoEnabled,60] - [db63015c-a097-437b-bf4c-42644754c943] Ack server push request, request = NotifySubscriberRequest, requestId = 635
12:52:03.555 [nacos-grpc-client-executor-2613] INFO  c.a.n.c.r.client - [printIfInfoEnabled,60] - [db63015c-a097-437b-bf4c-42644754c943] Receive server push request, request = NotifySubscriberRequest, requestId = 640
12:52:03.563 [nacos-grpc-client-executor-2613] INFO  c.a.n.c.r.client - [printIfInfoEnabled,60] - [db63015c-a097-437b-bf4c-42644754c943] Ack server push request, request = NotifySubscriberRequest, requestId = 640
12:53:42.253 [nacos-grpc-client-executor-2636] INFO  c.a.n.c.r.client - [printIfInfoEnabled,60] - [db63015c-a097-437b-bf4c-42644754c943] Receive server push request, request = NotifySubscriberRequest, requestId = 644
12:53:42.256 [nacos-grpc-client-executor-2636] INFO  c.a.n.c.r.client - [printIfInfoEnabled,60] - [db63015c-a097-437b-bf4c-42644754c943] Ack server push request, request = NotifySubscriberRequest, requestId = 644
12:53:56.103 [nacos-grpc-client-executor-2638] INFO  c.a.n.c.r.client - [printIfInfoEnabled,60] - [db63015c-a097-437b-bf4c-42644754c943] Receive server push request, request = NotifySubscriberRequest, requestId = 649
12:53:56.105 [nacos-grpc-client-executor-2638] INFO  c.a.n.c.r.client - [printIfInfoEnabled,60] - [db63015c-a097-437b-bf4c-42644754c943] Ack server push request, request = NotifySubscriberRequest, requestId = 649
12:55:48.741 [nacos-grpc-client-executor-2666] INFO  c.a.n.c.r.client - [printIfInfoEnabled,60] - [db63015c-a097-437b-bf4c-42644754c943] Receive server push request, request = NotifySubscriberRequest, requestId = 653
12:55:48.747 [nacos-grpc-client-executor-2666] INFO  c.a.n.c.r.client - [printIfInfoEnabled,60] - [db63015c-a097-437b-bf4c-42644754c943] Ack server push request, request = NotifySubscriberRequest, requestId = 653
12:56:02.366 [nacos-grpc-client-executor-2670] INFO  c.a.n.c.r.client - [printIfInfoEnabled,60] - [db63015c-a097-437b-bf4c-42644754c943] Receive server push request, request = NotifySubscriberRequest, requestId = 657
12:56:02.372 [nacos-grpc-client-executor-2670] INFO  c.a.n.c.r.client - [printIfInfoEnabled,60] - [db63015c-a097-437b-bf4c-42644754c943] Ack server push request, request = NotifySubscriberRequest, requestId = 657
13:33:31.462 [nacos-grpc-client-executor-3034] INFO  c.a.n.c.r.client - [printIfInfoEnabled,60] - [db63015c-a097-437b-bf4c-42644754c943] Receive server push request, request = NotifySubscriberRequest, requestId = 662
13:33:31.504 [nacos-grpc-client-executor-3034] INFO  c.a.n.c.r.client - [printIfInfoEnabled,60] - [db63015c-a097-437b-bf4c-42644754c943] Ack server push request, request = NotifySubscriberRequest, requestId = 662
13:33:45.608 [nacos-grpc-client-executor-3039] INFO  c.a.n.c.r.client - [printIfInfoEnabled,60] - [db63015c-a097-437b-bf4c-42644754c943] Receive server push request, request = NotifySubscriberRequest, requestId = 666
13:33:45.609 [nacos-grpc-client-executor-3039] INFO  c.a.n.c.r.client - [printIfInfoEnabled,60] - [db63015c-a097-437b-bf4c-42644754c943] Ack server push request, request = NotifySubscriberRequest, requestId = 666
13:45:49.591 [nacos-grpc-client-executor-3208] INFO  c.a.n.c.r.client - [printIfInfoEnabled,60] - [db63015c-a097-437b-bf4c-42644754c943] Receive server push request, request = NotifySubscriberRequest, requestId = 671
13:45:49.592 [nacos-grpc-client-executor-3208] INFO  c.a.n.c.r.client - [printIfInfoEnabled,60] - [db63015c-a097-437b-bf4c-42644754c943] Ack server push request, request = NotifySubscriberRequest, requestId = 671
13:46:03.032 [nacos-grpc-client-executor-3211] INFO  c.a.n.c.r.client - [printIfInfoEnabled,60] - [db63015c-a097-437b-bf4c-42644754c943] Receive server push request, request = NotifySubscriberRequest, requestId = 675
13:46:03.039 [nacos-grpc-client-executor-3211] INFO  c.a.n.c.r.client - [printIfInfoEnabled,60] - [db63015c-a097-437b-bf4c-42644754c943] Ack server push request, request = NotifySubscriberRequest, requestId = 675
14:05:40.145 [nacos-grpc-client-executor-3285] INFO  c.a.n.c.r.client - [printIfInfoEnabled,60] - [db63015c-a097-437b-bf4c-42644754c943] Receive server push request, request = NotifySubscriberRequest, requestId = 680
14:05:40.154 [nacos-grpc-client-executor-3285] INFO  c.a.n.c.r.client - [printIfInfoEnabled,60] - [db63015c-a097-437b-bf4c-42644754c943] Ack server push request, request = NotifySubscriberRequest, requestId = 680
14:05:55.167 [nacos-grpc-client-executor-3289] INFO  c.a.n.c.r.client - [printIfInfoEnabled,60] - [db63015c-a097-437b-bf4c-42644754c943] Receive server push request, request = NotifySubscriberRequest, requestId = 684
14:05:55.170 [nacos-grpc-client-executor-3289] INFO  c.a.n.c.r.client - [printIfInfoEnabled,60] - [db63015c-a097-437b-bf4c-42644754c943] Ack server push request, request = NotifySubscriberRequest, requestId = 684
14:06:43.565 [nacos-grpc-client-executor-3300] INFO  c.a.n.c.r.client - [printIfInfoEnabled,60] - [db63015c-a097-437b-bf4c-42644754c943] Receive server push request, request = NotifySubscriberRequest, requestId = 689
14:06:43.568 [nacos-grpc-client-executor-3300] INFO  c.a.n.c.r.client - [printIfInfoEnabled,60] - [db63015c-a097-437b-bf4c-42644754c943] Ack server push request, request = NotifySubscriberRequest, requestId = 689
14:06:57.578 [nacos-grpc-client-executor-3305] INFO  c.a.n.c.r.client - [printIfInfoEnabled,60] - [db63015c-a097-437b-bf4c-42644754c943] Receive server push request, request = NotifySubscriberRequest, requestId = 693
14:06:57.579 [nacos-grpc-client-executor-3305] INFO  c.a.n.c.r.client - [printIfInfoEnabled,60] - [db63015c-a097-437b-bf4c-42644754c943] Ack server push request, request = NotifySubscriberRequest, requestId = 693
14:13:08.988 [nacos-grpc-client-executor-3389] INFO  c.a.n.c.r.client - [printIfInfoEnabled,60] - [db63015c-a097-437b-bf4c-42644754c943] Receive server push request, request = NotifySubscriberRequest, requestId = 702
14:13:08.991 [nacos-grpc-client-executor-3389] INFO  c.a.n.c.r.client - [printIfInfoEnabled,60] - [db63015c-a097-437b-bf4c-42644754c943] Ack server push request, request = NotifySubscriberRequest, requestId = 702
14:13:23.835 [nacos-grpc-client-executor-3392] INFO  c.a.n.c.r.client - [printIfInfoEnabled,60] - [db63015c-a097-437b-bf4c-42644754c943] Receive server push request, request = NotifySubscriberRequest, requestId = 705
14:13:23.839 [nacos-grpc-client-executor-3392] INFO  c.a.n.c.r.client - [printIfInfoEnabled,60] - [db63015c-a097-437b-bf4c-42644754c943] Ack server push request, request = NotifySubscriberRequest, requestId = 705
14:19:23.298 [nacos-grpc-client-executor-3476] INFO  c.a.n.c.r.client - [printIfInfoEnabled,60] - [db63015c-a097-437b-bf4c-42644754c943] Receive server push request, request = NotifySubscriberRequest, requestId = 709
14:19:23.302 [nacos-grpc-client-executor-3476] INFO  c.a.n.c.r.client - [printIfInfoEnabled,60] - [db63015c-a097-437b-bf4c-42644754c943] Ack server push request, request = NotifySubscriberRequest, requestId = 709
14:19:37.923 [nacos-grpc-client-executor-3480] INFO  c.a.n.c.r.client - [printIfInfoEnabled,60] - [db63015c-a097-437b-bf4c-42644754c943] Receive server push request, request = NotifySubscriberRequest, requestId = 712
14:19:37.926 [nacos-grpc-client-executor-3480] INFO  c.a.n.c.r.client - [printIfInfoEnabled,60] - [db63015c-a097-437b-bf4c-42644754c943] Ack server push request, request = NotifySubscriberRequest, requestId = 712
14:26:45.337 [nacos-grpc-client-executor-3572] INFO  c.a.n.c.r.client - [printIfInfoEnabled,60] - [db63015c-a097-437b-bf4c-42644754c943] Receive server push request, request = NotifySubscriberRequest, requestId = 716
14:26:45.341 [nacos-grpc-client-executor-3572] INFO  c.a.n.c.r.client - [printIfInfoEnabled,60] - [db63015c-a097-437b-bf4c-42644754c943] Ack server push request, request = NotifySubscriberRequest, requestId = 716
14:27:00.071 [nacos-grpc-client-executor-3575] INFO  c.a.n.c.r.client - [printIfInfoEnabled,60] - [db63015c-a097-437b-bf4c-42644754c943] Receive server push request, request = NotifySubscriberRequest, requestId = 720
14:27:00.072 [nacos-grpc-client-executor-3575] INFO  c.a.n.c.r.client - [printIfInfoEnabled,60] - [db63015c-a097-437b-bf4c-42644754c943] Ack server push request, request = NotifySubscriberRequest, requestId = 720
14:35:37.739 [nacos-grpc-client-executor-3697] INFO  c.a.n.c.r.client - [printIfInfoEnabled,60] - [db63015c-a097-437b-bf4c-42644754c943] Receive server push request, request = NotifySubscriberRequest, requestId = 724
14:35:37.746 [nacos-grpc-client-executor-3697] INFO  c.a.n.c.r.client - [printIfInfoEnabled,60] - [db63015c-a097-437b-bf4c-42644754c943] Ack server push request, request = NotifySubscriberRequest, requestId = 724
14:35:52.577 [nacos-grpc-client-executor-3701] INFO  c.a.n.c.r.client - [printIfInfoEnabled,60] - [db63015c-a097-437b-bf4c-42644754c943] Receive server push request, request = NotifySubscriberRequest, requestId = 729
14:35:52.581 [nacos-grpc-client-executor-3701] INFO  c.a.n.c.r.client - [printIfInfoEnabled,60] - [db63015c-a097-437b-bf4c-42644754c943] Ack server push request, request = NotifySubscriberRequest, requestId = 729
15:23:22.060 [nacos-grpc-client-executor-4276] INFO  c.a.n.c.r.client - [printIfInfoEnabled,60] - [db63015c-a097-437b-bf4c-42644754c943] Receive server push request, request = NotifySubscriberRequest, requestId = 733
15:23:22.067 [nacos-grpc-client-executor-4276] INFO  c.a.n.c.r.client - [printIfInfoEnabled,60] - [db63015c-a097-437b-bf4c-42644754c943] Ack server push request, request = NotifySubscriberRequest, requestId = 733
15:23:37.074 [nacos-grpc-client-executor-4279] INFO  c.a.n.c.r.client - [printIfInfoEnabled,60] - [db63015c-a097-437b-bf4c-42644754c943] Receive server push request, request = NotifySubscriberRequest, requestId = 737
15:23:37.080 [nacos-grpc-client-executor-4279] INFO  c.a.n.c.r.client - [printIfInfoEnabled,60] - [db63015c-a097-437b-bf4c-42644754c943] Ack server push request, request = NotifySubscriberRequest, requestId = 737
15:25:33.327 [nacos-grpc-client-executor-4305] INFO  c.a.n.c.r.client - [printIfInfoEnabled,60] - [db63015c-a097-437b-bf4c-42644754c943] Receive server push request, request = NotifySubscriberRequest, requestId = 742
15:25:33.329 [nacos-grpc-client-executor-4305] INFO  c.a.n.c.r.client - [printIfInfoEnabled,60] - [db63015c-a097-437b-bf4c-42644754c943] Ack server push request, request = NotifySubscriberRequest, requestId = 742
15:25:48.774 [nacos-grpc-client-executor-4308] INFO  c.a.n.c.r.client - [printIfInfoEnabled,60] - [db63015c-a097-437b-bf4c-42644754c943] Receive server push request, request = NotifySubscriberRequest, requestId = 747
15:25:48.775 [nacos-grpc-client-executor-4308] INFO  c.a.n.c.r.client - [printIfInfoEnabled,60] - [db63015c-a097-437b-bf4c-42644754c943] Ack server push request, request = NotifySubscriberRequest, requestId = 747
15:31:58.689 [nacos-grpc-client-executor-4388] INFO  c.a.n.c.r.client - [printIfInfoEnabled,60] - [db63015c-a097-437b-bf4c-42644754c943] Receive server push request, request = NotifySubscriberRequest, requestId = 751
15:31:58.693 [nacos-grpc-client-executor-4388] INFO  c.a.n.c.r.client - [printIfInfoEnabled,60] - [db63015c-a097-437b-bf4c-42644754c943] Ack server push request, request = NotifySubscriberRequest, requestId = 751
15:32:15.684 [nacos-grpc-client-executor-4392] INFO  c.a.n.c.r.client - [printIfInfoEnabled,60] - [db63015c-a097-437b-bf4c-42644754c943] Receive server push request, request = NotifySubscriberRequest, requestId = 756
15:32:15.686 [nacos-grpc-client-executor-4392] INFO  c.a.n.c.r.client - [printIfInfoEnabled,60] - [db63015c-a097-437b-bf4c-42644754c943] Ack server push request, request = NotifySubscriberRequest, requestId = 756
15:33:11.606 [nacos-grpc-client-executor-4403] INFO  c.a.n.c.r.client - [printIfInfoEnabled,60] - [db63015c-a097-437b-bf4c-42644754c943] Receive server push request, request = NotifySubscriberRequest, requestId = 760
15:33:11.610 [nacos-grpc-client-executor-4403] INFO  c.a.n.c.r.client - [printIfInfoEnabled,60] - [db63015c-a097-437b-bf4c-42644754c943] Ack server push request, request = NotifySubscriberRequest, requestId = 760
15:33:24.682 [nacos-grpc-client-executor-4407] INFO  c.a.n.c.r.client - [printIfInfoEnabled,60] - [db63015c-a097-437b-bf4c-42644754c943] Receive server push request, request = NotifySubscriberRequest, requestId = 764
15:33:24.689 [nacos-grpc-client-executor-4407] INFO  c.a.n.c.r.client - [printIfInfoEnabled,60] - [db63015c-a097-437b-bf4c-42644754c943] Ack server push request, request = NotifySubscriberRequest, requestId = 764
15:35:52.968 [nacos-grpc-client-executor-4440] INFO  c.a.n.c.r.client - [printIfInfoEnabled,60] - [db63015c-a097-437b-bf4c-42644754c943] Receive server push request, request = NotifySubscriberRequest, requestId = 769
15:35:52.971 [nacos-grpc-client-executor-4440] INFO  c.a.n.c.r.client - [printIfInfoEnabled,60] - [db63015c-a097-437b-bf4c-42644754c943] Ack server push request, request = NotifySubscriberRequest, requestId = 769
15:36:09.990 [nacos-grpc-client-executor-4443] INFO  c.a.n.c.r.client - [printIfInfoEnabled,60] - [db63015c-a097-437b-bf4c-42644754c943] Receive server push request, request = NotifySubscriberRequest, requestId = 774
15:36:09.993 [nacos-grpc-client-executor-4443] INFO  c.a.n.c.r.client - [printIfInfoEnabled,60] - [db63015c-a097-437b-bf4c-42644754c943] Ack server push request, request = NotifySubscriberRequest, requestId = 774
15:44:48.271 [nacos-grpc-client-executor-4562] INFO  c.a.n.c.r.client - [printIfInfoEnabled,60] - [db63015c-a097-437b-bf4c-42644754c943] Receive server push request, request = NotifySubscriberRequest, requestId = 778
15:44:48.274 [nacos-grpc-client-executor-4562] INFO  c.a.n.c.r.client - [printIfInfoEnabled,60] - [db63015c-a097-437b-bf4c-42644754c943] Ack server push request, request = NotifySubscriberRequest, requestId = 778
15:45:02.117 [nacos-grpc-client-executor-4568] INFO  c.a.n.c.r.client - [printIfInfoEnabled,60] - [db63015c-a097-437b-bf4c-42644754c943] Receive server push request, request = NotifySubscriberRequest, requestId = 782
15:45:02.118 [nacos-grpc-client-executor-4568] INFO  c.a.n.c.r.client - [printIfInfoEnabled,60] - [db63015c-a097-437b-bf4c-42644754c943] Ack server push request, request = NotifySubscriberRequest, requestId = 782
18:34:15.305 [nacos-grpc-client-executor-5091] INFO  c.a.n.c.r.client - [printIfInfoEnabled,60] - [db63015c-a097-437b-bf4c-42644754c943] Receive server push request, request = NotifySubscriberRequest, requestId = 787
18:34:15.312 [nacos-grpc-client-executor-5091] INFO  c.a.n.c.r.client - [printIfInfoEnabled,60] - [db63015c-a097-437b-bf4c-42644754c943] Ack server push request, request = NotifySubscriberRequest, requestId = 787
18:34:32.257 [nacos-grpc-client-executor-5095] INFO  c.a.n.c.r.client - [printIfInfoEnabled,60] - [db63015c-a097-437b-bf4c-42644754c943] Receive server push request, request = NotifySubscriberRequest, requestId = 791
18:34:32.258 [nacos-grpc-client-executor-5095] INFO  c.a.n.c.r.client - [printIfInfoEnabled,60] - [db63015c-a097-437b-bf4c-42644754c943] Ack server push request, request = NotifySubscriberRequest, requestId = 791
21:26:20.406 [nacos-grpc-client-executor-7310] INFO  c.a.n.c.r.client - [printIfInfoEnabled,60] - [db63015c-a097-437b-bf4c-42644754c943] Receive server push request, request = NotifySubscriberRequest, requestId = 796
21:26:20.411 [nacos-grpc-client-executor-7310] INFO  c.a.n.c.r.client - [printIfInfoEnabled,60] - [db63015c-a097-437b-bf4c-42644754c943] Ack server push request, request = NotifySubscriberRequest, requestId = 796
21:34:56.079 [nacos-grpc-client-executor-7423] INFO  c.a.n.c.r.client - [printIfInfoEnabled,60] - [db63015c-a097-437b-bf4c-42644754c943] Receive server push request, request = NotifySubscriberRequest, requestId = 800
21:34:56.080 [nacos-grpc-client-executor-7423] INFO  c.a.n.c.r.client - [printIfInfoEnabled,60] - [db63015c-a097-437b-bf4c-42644754c943] Ack server push request, request = NotifySubscriberRequest, requestId = 800
21:40:19.030 [nacos-grpc-client-executor-7490] INFO  c.a.n.c.r.client - [printIfInfoEnabled,60] - [db63015c-a097-437b-bf4c-42644754c943] Receive server push request, request = NotifySubscriberRequest, requestId = 805
21:40:19.034 [nacos-grpc-client-executor-7490] INFO  c.a.n.c.r.client - [printIfInfoEnabled,60] - [db63015c-a097-437b-bf4c-42644754c943] Ack server push request, request = NotifySubscriberRequest, requestId = 805
21:40:33.239 [nacos-grpc-client-executor-7494] INFO  c.a.n.c.r.client - [printIfInfoEnabled,60] - [db63015c-a097-437b-bf4c-42644754c943] Receive server push request, request = NotifySubscriberRequest, requestId = 809
21:40:33.241 [nacos-grpc-client-executor-7494] INFO  c.a.n.c.r.client - [printIfInfoEnabled,60] - [db63015c-a097-437b-bf4c-42644754c943] Ack server push request, request = NotifySubscriberRequest, requestId = 809
21:43:07.781 [nacos-grpc-client-executor-7528] INFO  c.a.n.c.r.client - [printIfInfoEnabled,60] - [db63015c-a097-437b-bf4c-42644754c943] Receive server push request, request = NotifySubscriberRequest, requestId = 814
21:43:07.787 [nacos-grpc-client-executor-7528] INFO  c.a.n.c.r.client - [printIfInfoEnabled,60] - [db63015c-a097-437b-bf4c-42644754c943] Ack server push request, request = NotifySubscriberRequest, requestId = 814
21:43:22.432 [nacos-grpc-client-executor-7534] INFO  c.a.n.c.r.client - [printIfInfoEnabled,60] - [db63015c-a097-437b-bf4c-42644754c943] Receive server push request, request = NotifySubscriberRequest, requestId = 819
21:43:22.433 [nacos-grpc-client-executor-7534] INFO  c.a.n.c.r.client - [printIfInfoEnabled,60] - [db63015c-a097-437b-bf4c-42644754c943] Ack server push request, request = NotifySubscriberRequest, requestId = 819
21:43:27.356 [nacos-grpc-client-executor-7535] INFO  c.a.n.c.r.client - [printIfInfoEnabled,60] - [db63015c-a097-437b-bf4c-42644754c943] Receive server push request, request = NotifySubscriberRequest, requestId = 824
21:43:27.358 [nacos-grpc-client-executor-7535] INFO  c.a.n.c.r.client - [printIfInfoEnabled,60] - [db63015c-a097-437b-bf4c-42644754c943] Ack server push request, request = NotifySubscriberRequest, requestId = 824
21:43:39.363 [nacos-grpc-client-executor-7537] INFO  c.a.n.c.r.client - [printIfInfoEnabled,60] - [db63015c-a097-437b-bf4c-42644754c943] Receive server push request, request = NotifySubscriberRequest, requestId = 829
21:43:39.363 [nacos-grpc-client-executor-7537] INFO  c.a.n.c.r.client - [printIfInfoEnabled,60] - [db63015c-a097-437b-bf4c-42644754c943] Ack server push request, request = NotifySubscriberRequest, requestId = 829
