23:55:54.873 [background-preinit] INFO  o.h.v.i.util.Version - [<clinit>,21] - HV000001: Hibernate Validator 6.2.5.Final
23:55:55.597 [main] INFO  c.a.n.c.r.client - [lambda$createClient$0,80] - [RpcClientFactory] create a new rpc client of f340fbd7-7e0f-4acf-9544-9baf25ea1257_config-0
23:55:55.660 [main] INFO  o.r.Reflections - [scan,232] - Reflections took 38 ms to scan 1 urls, producing 3 keys and 6 values 
23:55:55.698 [main] INFO  o.r.Reflections - [scan,232] - Reflections took 17 ms to scan 1 urls, producing 4 keys and 9 values 
23:55:55.714 [main] INFO  o.r.Reflections - [scan,232] - Reflections took 13 ms to scan 1 urls, producing 3 keys and 10 values 
23:55:55.729 [main] INFO  o.r.Reflections - [scan,232] - Reflections took 12 ms to scan 1 urls, producing 1 keys and 5 values 
23:55:55.744 [main] INFO  o.r.Reflections - [scan,232] - Reflections took 12 ms to scan 1 urls, producing 1 keys and 7 values 
23:55:55.760 [main] INFO  o.r.Reflections - [scan,232] - Reflections took 14 ms to scan 1 urls, producing 2 keys and 8 values 
23:55:55.764 [main] INFO  c.a.n.c.r.client - [printIfInfoEnabled,60] - [f340fbd7-7e0f-4acf-9544-9baf25ea1257_config-0] RpcClient init label, labels = {module=config, Vipserver-Tag=null, source=sdk, Amory-Tag=null, Location-Tag=null, taskId=0, AppName=unknown}
23:55:55.764 [main] INFO  c.a.n.c.r.client - [printIfInfoEnabled,60] - [f340fbd7-7e0f-4acf-9544-9baf25ea1257_config-0] Register server push request handler:com.alibaba.nacos.client.config.impl.ClientWorker$ConfigRpcTransportClient$$Lambda$468/0x0000000800f3c4b8
23:55:55.765 [main] INFO  c.a.n.c.r.client - [printIfInfoEnabled,60] - [f340fbd7-7e0f-4acf-9544-9baf25ea1257_config-0] Register server push request handler:com.alibaba.nacos.client.config.impl.ClientWorker$ConfigRpcTransportClient$$Lambda$469/0x0000000800f3c6e0
23:55:55.765 [main] INFO  c.a.n.c.r.client - [printIfInfoEnabled,60] - [f340fbd7-7e0f-4acf-9544-9baf25ea1257_config-0] Registry connection listener to current client:com.alibaba.nacos.client.config.impl.ClientWorker$ConfigRpcTransportClient$1
23:55:55.766 [main] INFO  c.a.n.c.r.client - [printIfInfoEnabled,60] - [f340fbd7-7e0f-4acf-9544-9baf25ea1257_config-0] RpcClient init, ServerListFactory = com.alibaba.nacos.client.config.impl.ClientWorker$ConfigRpcTransportClient$2
23:55:55.775 [main] INFO  c.a.n.c.r.client - [printIfInfoEnabled,60] - [f340fbd7-7e0f-4acf-9544-9baf25ea1257_config-0] Try to connect to server on start up, server: {serverIp = '127.0.0.1', server main port = 8848}
23:55:56.591 [main] INFO  c.a.n.c.r.client - [printIfInfoEnabled,60] - [f340fbd7-7e0f-4acf-9544-9baf25ea1257_config-0] Success to connect to server [127.0.0.1:8848] on start up, connectionId = 1685634956374_127.0.0.1_64587
23:55:56.592 [com.alibaba.nacos.client.remote.worker] INFO  c.a.n.c.r.client - [printIfInfoEnabled,60] - [f340fbd7-7e0f-4acf-9544-9baf25ea1257_config-0] Notify connected event to listeners.
23:55:56.592 [main] INFO  c.a.n.c.r.client - [printIfInfoEnabled,60] - [f340fbd7-7e0f-4acf-9544-9baf25ea1257_config-0] Register server push request handler:com.alibaba.nacos.common.remote.client.RpcClient$ConnectResetRequestHandler
23:55:56.592 [main] INFO  c.a.n.c.r.client - [printIfInfoEnabled,60] - [f340fbd7-7e0f-4acf-9544-9baf25ea1257_config-0] Register server push request handler:com.alibaba.nacos.common.remote.client.RpcClient$$Lambda$480/0x000000080103c290
23:55:56.702 [main] INFO  c.c.a.CMSAuthApplication - [logStartupProfileInfo,637] - The following 1 profile is active: "dev"
23:55:59.303 [main] INFO  o.a.c.h.Http11NioProtocol - [log,173] - Initializing ProtocolHandler ["http-nio-9200"]
23:55:59.304 [main] INFO  o.a.c.c.StandardService - [log,173] - Starting service [Tomcat]
23:55:59.304 [main] INFO  o.a.c.c.StandardEngine - [log,173] - Starting Servlet engine: [Apache Tomcat/9.0.70]
23:55:59.567 [main] INFO  o.a.c.c.C.[.[.[/] - [log,173] - Initializing Spring embedded WebApplicationContext
23:56:01.433 [main] INFO  c.a.c.s.SentinelWebMvcConfigurer - [addInterceptors,52] - [Sentinel Starter] register SentinelWebInterceptor with urlPatterns: [/**].
23:56:02.502 [main] INFO  c.a.n.c.r.client - [lambda$createClient$0,80] - [RpcClientFactory] create a new rpc client of db946156-27be-42fb-904e-bd959518cf2b
23:56:02.503 [main] INFO  c.a.n.c.r.client - [printIfInfoEnabled,60] - [db946156-27be-42fb-904e-bd959518cf2b] RpcClient init label, labels = {module=naming, source=sdk}
23:56:02.512 [main] INFO  c.a.n.c.r.client - [printIfInfoEnabled,60] - [db946156-27be-42fb-904e-bd959518cf2b] RpcClient init, ServerListFactory = com.alibaba.nacos.client.naming.core.ServerListManager
23:56:02.512 [main] INFO  c.a.n.c.r.client - [printIfInfoEnabled,60] - [db946156-27be-42fb-904e-bd959518cf2b] Registry connection listener to current client:com.alibaba.nacos.client.naming.remote.gprc.redo.NamingGrpcRedoService
23:56:02.513 [main] INFO  c.a.n.c.r.client - [printIfInfoEnabled,60] - [db946156-27be-42fb-904e-bd959518cf2b] Register server push request handler:com.alibaba.nacos.client.naming.remote.gprc.NamingPushRequestHandler
23:56:02.513 [main] INFO  c.a.n.c.r.client - [printIfInfoEnabled,60] - [db946156-27be-42fb-904e-bd959518cf2b] Try to connect to server on start up, server: {serverIp = '127.0.0.1', server main port = 8848}
23:56:02.648 [main] INFO  c.a.n.c.r.client - [printIfInfoEnabled,60] - [db946156-27be-42fb-904e-bd959518cf2b] Success to connect to server [127.0.0.1:8848] on start up, connectionId = 1685634962530_127.0.0.1_64600
23:56:02.648 [main] INFO  c.a.n.c.r.client - [printIfInfoEnabled,60] - [db946156-27be-42fb-904e-bd959518cf2b] Register server push request handler:com.alibaba.nacos.common.remote.client.RpcClient$ConnectResetRequestHandler
23:56:02.649 [main] INFO  c.a.n.c.r.client - [printIfInfoEnabled,60] - [db946156-27be-42fb-904e-bd959518cf2b] Register server push request handler:com.alibaba.nacos.common.remote.client.RpcClient$$Lambda$480/0x000000080103c290
23:56:02.649 [com.alibaba.nacos.client.remote.worker] INFO  c.a.n.c.r.client - [printIfInfoEnabled,60] - [db946156-27be-42fb-904e-bd959518cf2b] Notify connected event to listeners.
23:56:02.705 [main] INFO  o.a.c.h.Http11NioProtocol - [log,173] - Starting ProtocolHandler ["http-nio-9200"]
23:56:02.730 [main] INFO  c.a.c.n.r.NacosServiceRegistry - [register,75] - nacos registry, DEFAULT_GROUP cms-auth 10.110.28.98:9200 register finished
23:56:02.754 [main] INFO  c.c.a.CMSAuthApplication - [logStarted,61] - Started CMSAuthApplication in 8.723 seconds (JVM running for 9.861)
23:56:02.762 [main] INFO  c.a.c.n.r.NacosContextRefresher - [registerNacosListener,129] - [Nacos Config] Listening config: dataId=cms-auth.yml, group=DEFAULT_GROUP
23:56:02.762 [main] INFO  c.a.c.n.r.NacosContextRefresher - [registerNacosListener,129] - [Nacos Config] Listening config: dataId=cms-auth, group=DEFAULT_GROUP
23:56:02.763 [main] INFO  c.a.c.n.r.NacosContextRefresher - [registerNacosListener,129] - [Nacos Config] Listening config: dataId=cms-auth-dev.yml, group=DEFAULT_GROUP
23:56:03.213 [nacos-grpc-client-executor-10] INFO  c.a.n.c.r.client - [printIfInfoEnabled,60] - [db946156-27be-42fb-904e-bd959518cf2b] Receive server push request, request = NotifySubscriberRequest, requestId = 46
23:56:03.217 [nacos-grpc-client-executor-10] INFO  c.a.n.c.r.client - [printIfInfoEnabled,60] - [db946156-27be-42fb-904e-bd959518cf2b] Ack server push request, request = NotifySubscriberRequest, requestId = 46
23:56:03.277 [RMI TCP Connection(3)-127.0.0.1] INFO  o.a.c.c.C.[.[.[/] - [log,173] - Initializing Spring DispatcherServlet 'dispatcherServlet'
23:56:28.699 [SpringApplicationShutdownHook] INFO  c.a.c.n.r.NacosServiceRegistry - [deregister,94] - De-registering from Nacos Server now...
23:56:28.703 [SpringApplicationShutdownHook] INFO  c.a.c.n.r.NacosServiceRegistry - [deregister,114] - De-registration finished.
23:56:29.015 [SpringApplicationShutdownHook] INFO  c.a.n.c.r.client - [shutdown,454] - Shutdown rpc client, set status to shutdown
23:56:29.015 [SpringApplicationShutdownHook] INFO  c.a.n.c.r.client - [shutdown,456] - Shutdown client event executor java.util.concurrent.ScheduledThreadPoolExecutor@3d546cb0[Running, pool size = 2, active threads = 2, queued tasks = 0, completed tasks = 0]
23:56:29.016 [SpringApplicationShutdownHook] INFO  c.a.n.c.r.client - [closeConnection,591] - Close current connection 1685634962530_127.0.0.1_64600
23:56:29.018 [nacos-grpc-client-executor-28] INFO  c.a.n.c.r.c.g.GrpcClient - [printIfInfoEnabled,60] - [1685634962530_127.0.0.1_64600]Ignore complete event,isRunning:false,isAbandon=false
23:56:29.024 [SpringApplicationShutdownHook] INFO  c.a.n.c.r.c.g.GrpcClient - [shutdown,85] - Shutdown grpc executor java.util.concurrent.ThreadPoolExecutor@4967cdcb[Running, pool size = 9, active threads = 0, queued tasks = 0, completed tasks = 29]
23:57:24.163 [background-preinit] INFO  o.h.v.i.util.Version - [<clinit>,21] - HV000001: Hibernate Validator 6.2.5.Final
23:57:24.879 [main] INFO  c.a.n.c.r.client - [lambda$createClient$0,80] - [RpcClientFactory] create a new rpc client of 7a700f88-c814-4df0-8b2d-51bd8fbb0763_config-0
23:57:24.935 [main] INFO  o.r.Reflections - [scan,232] - Reflections took 30 ms to scan 1 urls, producing 3 keys and 6 values 
23:57:24.966 [main] INFO  o.r.Reflections - [scan,232] - Reflections took 17 ms to scan 1 urls, producing 4 keys and 9 values 
23:57:24.984 [main] INFO  o.r.Reflections - [scan,232] - Reflections took 15 ms to scan 1 urls, producing 3 keys and 10 values 
23:57:25.006 [main] INFO  o.r.Reflections - [scan,232] - Reflections took 16 ms to scan 1 urls, producing 1 keys and 5 values 
23:57:25.025 [main] INFO  o.r.Reflections - [scan,232] - Reflections took 16 ms to scan 1 urls, producing 1 keys and 7 values 
23:57:25.050 [main] INFO  o.r.Reflections - [scan,232] - Reflections took 23 ms to scan 1 urls, producing 2 keys and 8 values 
23:57:25.054 [main] INFO  c.a.n.c.r.client - [printIfInfoEnabled,60] - [7a700f88-c814-4df0-8b2d-51bd8fbb0763_config-0] RpcClient init label, labels = {module=config, Vipserver-Tag=null, source=sdk, Amory-Tag=null, Location-Tag=null, taskId=0, AppName=unknown}
23:57:25.055 [main] INFO  c.a.n.c.r.client - [printIfInfoEnabled,60] - [7a700f88-c814-4df0-8b2d-51bd8fbb0763_config-0] Register server push request handler:com.alibaba.nacos.client.config.impl.ClientWorker$ConfigRpcTransportClient$$Lambda$468/0x0000000800f3d388
23:57:25.056 [main] INFO  c.a.n.c.r.client - [printIfInfoEnabled,60] - [7a700f88-c814-4df0-8b2d-51bd8fbb0763_config-0] Register server push request handler:com.alibaba.nacos.client.config.impl.ClientWorker$ConfigRpcTransportClient$$Lambda$469/0x0000000800f3d5b0
23:57:25.057 [main] INFO  c.a.n.c.r.client - [printIfInfoEnabled,60] - [7a700f88-c814-4df0-8b2d-51bd8fbb0763_config-0] Registry connection listener to current client:com.alibaba.nacos.client.config.impl.ClientWorker$ConfigRpcTransportClient$1
23:57:25.058 [main] INFO  c.a.n.c.r.client - [printIfInfoEnabled,60] - [7a700f88-c814-4df0-8b2d-51bd8fbb0763_config-0] RpcClient init, ServerListFactory = com.alibaba.nacos.client.config.impl.ClientWorker$ConfigRpcTransportClient$2
23:57:25.074 [main] INFO  c.a.n.c.r.client - [printIfInfoEnabled,60] - [7a700f88-c814-4df0-8b2d-51bd8fbb0763_config-0] Try to connect to server on start up, server: {serverIp = '127.0.0.1', server main port = 8848}
23:57:25.932 [main] INFO  c.a.n.c.r.client - [printIfInfoEnabled,60] - [7a700f88-c814-4df0-8b2d-51bd8fbb0763_config-0] Success to connect to server [127.0.0.1:8848] on start up, connectionId = 1685635045674_127.0.0.1_64748
23:57:25.933 [main] INFO  c.a.n.c.r.client - [printIfInfoEnabled,60] - [7a700f88-c814-4df0-8b2d-51bd8fbb0763_config-0] Register server push request handler:com.alibaba.nacos.common.remote.client.RpcClient$ConnectResetRequestHandler
23:57:25.933 [com.alibaba.nacos.client.remote.worker] INFO  c.a.n.c.r.client - [printIfInfoEnabled,60] - [7a700f88-c814-4df0-8b2d-51bd8fbb0763_config-0] Notify connected event to listeners.
23:57:25.934 [main] INFO  c.a.n.c.r.client - [printIfInfoEnabled,60] - [7a700f88-c814-4df0-8b2d-51bd8fbb0763_config-0] Register server push request handler:com.alibaba.nacos.common.remote.client.RpcClient$$Lambda$480/0x000000080103d7d8
23:57:26.086 [main] INFO  c.c.a.CMSAuthApplication - [logStartupProfileInfo,637] - The following 1 profile is active: "dev"
23:57:32.052 [main] INFO  o.a.c.h.Http11NioProtocol - [log,173] - Initializing ProtocolHandler ["http-nio-9200"]
23:57:32.055 [main] INFO  o.a.c.c.StandardService - [log,173] - Starting service [Tomcat]
23:57:32.062 [main] INFO  o.a.c.c.StandardEngine - [log,173] - Starting Servlet engine: [Apache Tomcat/9.0.70]
23:57:32.329 [main] INFO  o.a.c.c.C.[.[.[/] - [log,173] - Initializing Spring embedded WebApplicationContext
23:57:34.983 [main] INFO  c.a.c.s.SentinelWebMvcConfigurer - [addInterceptors,52] - [Sentinel Starter] register SentinelWebInterceptor with urlPatterns: [/**].
23:57:36.856 [main] INFO  c.a.n.c.r.client - [lambda$createClient$0,80] - [RpcClientFactory] create a new rpc client of 6b506cd9-8747-45d8-8b6a-5ac7acb287ee
23:57:36.857 [main] INFO  c.a.n.c.r.client - [printIfInfoEnabled,60] - [6b506cd9-8747-45d8-8b6a-5ac7acb287ee] RpcClient init label, labels = {module=naming, source=sdk}
23:57:36.859 [main] INFO  c.a.n.c.r.client - [printIfInfoEnabled,60] - [6b506cd9-8747-45d8-8b6a-5ac7acb287ee] RpcClient init, ServerListFactory = com.alibaba.nacos.client.naming.core.ServerListManager
23:57:36.860 [main] INFO  c.a.n.c.r.client - [printIfInfoEnabled,60] - [6b506cd9-8747-45d8-8b6a-5ac7acb287ee] Registry connection listener to current client:com.alibaba.nacos.client.naming.remote.gprc.redo.NamingGrpcRedoService
23:57:36.860 [main] INFO  c.a.n.c.r.client - [printIfInfoEnabled,60] - [6b506cd9-8747-45d8-8b6a-5ac7acb287ee] Register server push request handler:com.alibaba.nacos.client.naming.remote.gprc.NamingPushRequestHandler
23:57:36.861 [main] INFO  c.a.n.c.r.client - [printIfInfoEnabled,60] - [6b506cd9-8747-45d8-8b6a-5ac7acb287ee] Try to connect to server on start up, server: {serverIp = '127.0.0.1', server main port = 8848}
23:57:37.007 [main] INFO  c.a.n.c.r.client - [printIfInfoEnabled,60] - [6b506cd9-8747-45d8-8b6a-5ac7acb287ee] Success to connect to server [127.0.0.1:8848] on start up, connectionId = 1685635056882_127.0.0.1_64768
23:57:37.008 [com.alibaba.nacos.client.remote.worker] INFO  c.a.n.c.r.client - [printIfInfoEnabled,60] - [6b506cd9-8747-45d8-8b6a-5ac7acb287ee] Notify connected event to listeners.
23:57:37.008 [main] INFO  c.a.n.c.r.client - [printIfInfoEnabled,60] - [6b506cd9-8747-45d8-8b6a-5ac7acb287ee] Register server push request handler:com.alibaba.nacos.common.remote.client.RpcClient$ConnectResetRequestHandler
23:57:37.008 [main] INFO  c.a.n.c.r.client - [printIfInfoEnabled,60] - [6b506cd9-8747-45d8-8b6a-5ac7acb287ee] Register server push request handler:com.alibaba.nacos.common.remote.client.RpcClient$$Lambda$480/0x000000080103d7d8
23:57:37.066 [main] INFO  o.a.c.h.Http11NioProtocol - [log,173] - Starting ProtocolHandler ["http-nio-9200"]
23:57:37.100 [main] INFO  c.a.c.n.r.NacosServiceRegistry - [register,75] - nacos registry, DEFAULT_GROUP cms-auth 10.110.28.98:9200 register finished
23:57:37.130 [main] INFO  c.c.a.CMSAuthApplication - [logStarted,61] - Started CMSAuthApplication in 13.771 seconds (JVM running for 15.193)
23:57:37.142 [main] INFO  c.a.c.n.r.NacosContextRefresher - [registerNacosListener,129] - [Nacos Config] Listening config: dataId=cms-auth.yml, group=DEFAULT_GROUP
23:57:37.142 [main] INFO  c.a.c.n.r.NacosContextRefresher - [registerNacosListener,129] - [Nacos Config] Listening config: dataId=cms-auth, group=DEFAULT_GROUP
23:57:37.143 [main] INFO  c.a.c.n.r.NacosContextRefresher - [registerNacosListener,129] - [Nacos Config] Listening config: dataId=cms-auth-dev.yml, group=DEFAULT_GROUP
23:57:37.306 [RMI TCP Connection(5)-127.0.0.1] INFO  o.a.c.c.C.[.[.[/] - [log,173] - Initializing Spring DispatcherServlet 'dispatcherServlet'
23:57:37.567 [nacos-grpc-client-executor-14] INFO  c.a.n.c.r.client - [printIfInfoEnabled,60] - [6b506cd9-8747-45d8-8b6a-5ac7acb287ee] Receive server push request, request = NotifySubscriberRequest, requestId = 60
23:57:37.571 [nacos-grpc-client-executor-14] INFO  c.a.n.c.r.client - [printIfInfoEnabled,60] - [6b506cd9-8747-45d8-8b6a-5ac7acb287ee] Ack server push request, request = NotifySubscriberRequest, requestId = 60
23:58:42.390 [nacos-grpc-client-executor-42] INFO  c.a.n.c.r.client - [printIfInfoEnabled,60] - [6b506cd9-8747-45d8-8b6a-5ac7acb287ee] Receive server push request, request = NotifySubscriberRequest, requestId = 81
23:58:42.391 [nacos-grpc-client-executor-42] INFO  c.a.n.c.r.client - [printIfInfoEnabled,60] - [6b506cd9-8747-45d8-8b6a-5ac7acb287ee] Ack server push request, request = NotifySubscriberRequest, requestId = 81
