00:00:12.949 [nacos-grpc-client-executor-4963] INFO  c.a.n.c.r.client - [printIfInfoEnabled,60] - [919e4364-d26d-4fc2-a193-45b3d5af40e2] Receive server push request, request = NotifySubscriberRequest, requestId = 437
00:00:12.962 [nacos-grpc-client-executor-4963] INFO  c.a.n.c.r.client - [printIfInfoEnabled,60] - [919e4364-d26d-4fc2-a193-45b3d5af40e2] Ack server push request, request = NotifySubscriberRequest, requestId = 437
00:34:01.326 [nacos-grpc-client-executor-5429] INFO  c.a.n.c.r.client - [printIfInfoEnabled,60] - [919e4364-d26d-4fc2-a193-45b3d5af40e2] Receive server push request, request = NotifySubscriberRequest, requestId = 441
00:34:01.328 [nacos-grpc-client-executor-5429] INFO  c.a.n.c.r.client - [printIfInfoEnabled,60] - [919e4364-d26d-4fc2-a193-45b3d5af40e2] Ack server push request, request = NotifySubscriberRequest, requestId = 441
00:34:42.135 [nacos-grpc-client-executor-5439] INFO  c.a.n.c.r.client - [printIfInfoEnabled,60] - [919e4364-d26d-4fc2-a193-45b3d5af40e2] Receive server push request, request = NotifySubscriberRequest, requestId = 444
00:34:42.136 [nacos-grpc-client-executor-5439] INFO  c.a.n.c.r.client - [printIfInfoEnabled,60] - [919e4364-d26d-4fc2-a193-45b3d5af40e2] Ack server push request, request = NotifySubscriberRequest, requestId = 444
02:30:12.365 [nacos-grpc-client-executor-6960] INFO  c.a.n.c.r.client - [printIfInfoEnabled,60] - [919e4364-d26d-4fc2-a193-45b3d5af40e2] Receive server push request, request = NotifySubscriberRequest, requestId = 449
02:30:12.378 [nacos-grpc-client-executor-6960] INFO  c.a.n.c.r.client - [printIfInfoEnabled,60] - [919e4364-d26d-4fc2-a193-45b3d5af40e2] Ack server push request, request = NotifySubscriberRequest, requestId = 449
02:30:26.302 [nacos-grpc-client-executor-6963] INFO  c.a.n.c.r.client - [printIfInfoEnabled,60] - [919e4364-d26d-4fc2-a193-45b3d5af40e2] Receive server push request, request = NotifySubscriberRequest, requestId = 453
02:30:26.309 [nacos-grpc-client-executor-6963] INFO  c.a.n.c.r.client - [printIfInfoEnabled,60] - [919e4364-d26d-4fc2-a193-45b3d5af40e2] Ack server push request, request = NotifySubscriberRequest, requestId = 453
02:40:55.444 [nacos-grpc-client-executor-7093] INFO  c.a.n.c.r.client - [printIfInfoEnabled,60] - [919e4364-d26d-4fc2-a193-45b3d5af40e2] Receive server push request, request = NotifySubscriberRequest, requestId = 458
02:40:55.448 [nacos-grpc-client-executor-7093] INFO  c.a.n.c.r.client - [printIfInfoEnabled,60] - [919e4364-d26d-4fc2-a193-45b3d5af40e2] Ack server push request, request = NotifySubscriberRequest, requestId = 458
02:41:08.642 [nacos-grpc-client-executor-7096] INFO  c.a.n.c.r.client - [printIfInfoEnabled,60] - [919e4364-d26d-4fc2-a193-45b3d5af40e2] Receive server push request, request = NotifySubscriberRequest, requestId = 462
02:41:08.650 [nacos-grpc-client-executor-7096] INFO  c.a.n.c.r.client - [printIfInfoEnabled,60] - [919e4364-d26d-4fc2-a193-45b3d5af40e2] Ack server push request, request = NotifySubscriberRequest, requestId = 462
03:43:19.143 [nacos-grpc-client-executor-7898] INFO  c.a.n.c.r.client - [printIfInfoEnabled,60] - [919e4364-d26d-4fc2-a193-45b3d5af40e2] Receive server push request, request = NotifySubscriberRequest, requestId = 467
03:43:19.154 [nacos-grpc-client-executor-7898] INFO  c.a.n.c.r.client - [printIfInfoEnabled,60] - [919e4364-d26d-4fc2-a193-45b3d5af40e2] Ack server push request, request = NotifySubscriberRequest, requestId = 467
03:43:33.151 [nacos-grpc-client-executor-7901] INFO  c.a.n.c.r.client - [printIfInfoEnabled,60] - [919e4364-d26d-4fc2-a193-45b3d5af40e2] Receive server push request, request = NotifySubscriberRequest, requestId = 471
03:43:33.153 [nacos-grpc-client-executor-7901] INFO  c.a.n.c.r.client - [printIfInfoEnabled,60] - [919e4364-d26d-4fc2-a193-45b3d5af40e2] Ack server push request, request = NotifySubscriberRequest, requestId = 471
04:30:24.364 [nacos-grpc-client-executor-8550] INFO  c.a.n.c.r.client - [printIfInfoEnabled,60] - [919e4364-d26d-4fc2-a193-45b3d5af40e2] Receive server push request, request = NotifySubscriberRequest, requestId = 476
04:30:24.368 [nacos-grpc-client-executor-8550] INFO  c.a.n.c.r.client - [printIfInfoEnabled,60] - [919e4364-d26d-4fc2-a193-45b3d5af40e2] Ack server push request, request = NotifySubscriberRequest, requestId = 476
04:30:38.259 [nacos-grpc-client-executor-8553] INFO  c.a.n.c.r.client - [printIfInfoEnabled,60] - [919e4364-d26d-4fc2-a193-45b3d5af40e2] Receive server push request, request = NotifySubscriberRequest, requestId = 480
04:30:38.267 [nacos-grpc-client-executor-8553] INFO  c.a.n.c.r.client - [printIfInfoEnabled,60] - [919e4364-d26d-4fc2-a193-45b3d5af40e2] Ack server push request, request = NotifySubscriberRequest, requestId = 480
04:33:30.339 [nacos-grpc-client-executor-8592] INFO  c.a.n.c.r.client - [printIfInfoEnabled,60] - [919e4364-d26d-4fc2-a193-45b3d5af40e2] Receive server push request, request = NotifySubscriberRequest, requestId = 485
04:33:30.343 [nacos-grpc-client-executor-8592] INFO  c.a.n.c.r.client - [printIfInfoEnabled,60] - [919e4364-d26d-4fc2-a193-45b3d5af40e2] Ack server push request, request = NotifySubscriberRequest, requestId = 485
04:33:45.124 [nacos-grpc-client-executor-8595] INFO  c.a.n.c.r.client - [printIfInfoEnabled,60] - [919e4364-d26d-4fc2-a193-45b3d5af40e2] Receive server push request, request = NotifySubscriberRequest, requestId = 489
04:33:45.131 [nacos-grpc-client-executor-8595] INFO  c.a.n.c.r.client - [printIfInfoEnabled,60] - [919e4364-d26d-4fc2-a193-45b3d5af40e2] Ack server push request, request = NotifySubscriberRequest, requestId = 489
04:35:25.011 [nacos-grpc-client-executor-8618] INFO  c.a.n.c.r.client - [printIfInfoEnabled,60] - [919e4364-d26d-4fc2-a193-45b3d5af40e2] Receive server push request, request = NotifySubscriberRequest, requestId = 494
04:35:25.012 [nacos-grpc-client-executor-8618] INFO  c.a.n.c.r.client - [printIfInfoEnabled,60] - [919e4364-d26d-4fc2-a193-45b3d5af40e2] Ack server push request, request = NotifySubscriberRequest, requestId = 494
04:35:40.843 [nacos-grpc-client-executor-8623] INFO  c.a.n.c.r.client - [printIfInfoEnabled,60] - [919e4364-d26d-4fc2-a193-45b3d5af40e2] Receive server push request, request = NotifySubscriberRequest, requestId = 498
04:35:40.844 [nacos-grpc-client-executor-8623] INFO  c.a.n.c.r.client - [printIfInfoEnabled,60] - [919e4364-d26d-4fc2-a193-45b3d5af40e2] Ack server push request, request = NotifySubscriberRequest, requestId = 498
04:39:42.420 [nacos-grpc-client-executor-8674] INFO  c.a.n.c.r.client - [printIfInfoEnabled,60] - [919e4364-d26d-4fc2-a193-45b3d5af40e2] Receive server push request, request = NotifySubscriberRequest, requestId = 503
04:39:42.423 [nacos-grpc-client-executor-8674] INFO  c.a.n.c.r.client - [printIfInfoEnabled,60] - [919e4364-d26d-4fc2-a193-45b3d5af40e2] Ack server push request, request = NotifySubscriberRequest, requestId = 503
04:39:56.939 [nacos-grpc-client-executor-8679] INFO  c.a.n.c.r.client - [printIfInfoEnabled,60] - [919e4364-d26d-4fc2-a193-45b3d5af40e2] Receive server push request, request = NotifySubscriberRequest, requestId = 507
04:39:56.944 [nacos-grpc-client-executor-8679] INFO  c.a.n.c.r.client - [printIfInfoEnabled,60] - [919e4364-d26d-4fc2-a193-45b3d5af40e2] Ack server push request, request = NotifySubscriberRequest, requestId = 507
05:08:57.733 [nacos-grpc-client-executor-9080] INFO  c.a.n.c.r.client - [printIfInfoEnabled,60] - [919e4364-d26d-4fc2-a193-45b3d5af40e2] Receive server push request, request = NotifySubscriberRequest, requestId = 512
05:08:57.739 [nacos-grpc-client-executor-9080] INFO  c.a.n.c.r.client - [printIfInfoEnabled,60] - [919e4364-d26d-4fc2-a193-45b3d5af40e2] Ack server push request, request = NotifySubscriberRequest, requestId = 512
05:09:57.769 [nacos-grpc-client-executor-9095] INFO  c.a.n.c.r.client - [printIfInfoEnabled,60] - [919e4364-d26d-4fc2-a193-45b3d5af40e2] Receive server push request, request = NotifySubscriberRequest, requestId = 516
05:09:57.776 [nacos-grpc-client-executor-9095] INFO  c.a.n.c.r.client - [printIfInfoEnabled,60] - [919e4364-d26d-4fc2-a193-45b3d5af40e2] Ack server push request, request = NotifySubscriberRequest, requestId = 516
05:11:03.965 [nacos-grpc-client-executor-9110] INFO  c.a.n.c.r.client - [printIfInfoEnabled,60] - [919e4364-d26d-4fc2-a193-45b3d5af40e2] Receive server push request, request = NotifySubscriberRequest, requestId = 521
05:11:03.972 [nacos-grpc-client-executor-9110] INFO  c.a.n.c.r.client - [printIfInfoEnabled,60] - [919e4364-d26d-4fc2-a193-45b3d5af40e2] Ack server push request, request = NotifySubscriberRequest, requestId = 521
05:11:17.875 [nacos-grpc-client-executor-9113] INFO  c.a.n.c.r.client - [printIfInfoEnabled,60] - [919e4364-d26d-4fc2-a193-45b3d5af40e2] Receive server push request, request = NotifySubscriberRequest, requestId = 525
05:11:17.881 [nacos-grpc-client-executor-9113] INFO  c.a.n.c.r.client - [printIfInfoEnabled,60] - [919e4364-d26d-4fc2-a193-45b3d5af40e2] Ack server push request, request = NotifySubscriberRequest, requestId = 525
05:14:36.516 [nacos-grpc-client-executor-9159] INFO  c.a.n.c.r.client - [printIfInfoEnabled,60] - [919e4364-d26d-4fc2-a193-45b3d5af40e2] Receive server push request, request = NotifySubscriberRequest, requestId = 530
05:14:36.519 [nacos-grpc-client-executor-9159] INFO  c.a.n.c.r.client - [printIfInfoEnabled,60] - [919e4364-d26d-4fc2-a193-45b3d5af40e2] Ack server push request, request = NotifySubscriberRequest, requestId = 530
05:14:50.182 [nacos-grpc-client-executor-9162] INFO  c.a.n.c.r.client - [printIfInfoEnabled,60] - [919e4364-d26d-4fc2-a193-45b3d5af40e2] Receive server push request, request = NotifySubscriberRequest, requestId = 534
05:14:50.183 [nacos-grpc-client-executor-9162] INFO  c.a.n.c.r.client - [printIfInfoEnabled,60] - [919e4364-d26d-4fc2-a193-45b3d5af40e2] Ack server push request, request = NotifySubscriberRequest, requestId = 534
05:23:27.937 [nacos-grpc-client-executor-9279] INFO  c.a.n.c.r.client - [printIfInfoEnabled,60] - [919e4364-d26d-4fc2-a193-45b3d5af40e2] Receive server push request, request = NotifySubscriberRequest, requestId = 539
05:23:27.955 [nacos-grpc-client-executor-9279] INFO  c.a.n.c.r.client - [printIfInfoEnabled,60] - [919e4364-d26d-4fc2-a193-45b3d5af40e2] Ack server push request, request = NotifySubscriberRequest, requestId = 539
05:23:42.202 [nacos-grpc-client-executor-9282] INFO  c.a.n.c.r.client - [printIfInfoEnabled,60] - [919e4364-d26d-4fc2-a193-45b3d5af40e2] Receive server push request, request = NotifySubscriberRequest, requestId = 543
05:23:42.208 [nacos-grpc-client-executor-9282] INFO  c.a.n.c.r.client - [printIfInfoEnabled,60] - [919e4364-d26d-4fc2-a193-45b3d5af40e2] Ack server push request, request = NotifySubscriberRequest, requestId = 543
05:42:18.490 [nacos-grpc-client-executor-9524] INFO  c.a.n.c.r.client - [printIfInfoEnabled,60] - [919e4364-d26d-4fc2-a193-45b3d5af40e2] Receive server push request, request = NotifySubscriberRequest, requestId = 548
05:42:18.498 [nacos-grpc-client-executor-9524] INFO  c.a.n.c.r.client - [printIfInfoEnabled,60] - [919e4364-d26d-4fc2-a193-45b3d5af40e2] Ack server push request, request = NotifySubscriberRequest, requestId = 548
05:42:33.135 [nacos-grpc-client-executor-9527] INFO  c.a.n.c.r.client - [printIfInfoEnabled,60] - [919e4364-d26d-4fc2-a193-45b3d5af40e2] Receive server push request, request = NotifySubscriberRequest, requestId = 552
05:42:33.136 [nacos-grpc-client-executor-9527] INFO  c.a.n.c.r.client - [printIfInfoEnabled,60] - [919e4364-d26d-4fc2-a193-45b3d5af40e2] Ack server push request, request = NotifySubscriberRequest, requestId = 552
05:45:10.128 [nacos-grpc-client-executor-9562] INFO  c.a.n.c.r.client - [printIfInfoEnabled,60] - [919e4364-d26d-4fc2-a193-45b3d5af40e2] Receive server push request, request = NotifySubscriberRequest, requestId = 557
05:45:10.131 [nacos-grpc-client-executor-9562] INFO  c.a.n.c.r.client - [printIfInfoEnabled,60] - [919e4364-d26d-4fc2-a193-45b3d5af40e2] Ack server push request, request = NotifySubscriberRequest, requestId = 557
05:45:23.163 [nacos-grpc-client-executor-9565] INFO  c.a.n.c.r.client - [printIfInfoEnabled,60] - [919e4364-d26d-4fc2-a193-45b3d5af40e2] Receive server push request, request = NotifySubscriberRequest, requestId = 561
05:45:23.165 [nacos-grpc-client-executor-9565] INFO  c.a.n.c.r.client - [printIfInfoEnabled,60] - [919e4364-d26d-4fc2-a193-45b3d5af40e2] Ack server push request, request = NotifySubscriberRequest, requestId = 561
06:01:17.699 [nacos-grpc-client-executor-9774] INFO  c.a.n.c.r.client - [printIfInfoEnabled,60] - [919e4364-d26d-4fc2-a193-45b3d5af40e2] Receive server push request, request = NotifySubscriberRequest, requestId = 566
06:01:17.705 [nacos-grpc-client-executor-9774] INFO  c.a.n.c.r.client - [printIfInfoEnabled,60] - [919e4364-d26d-4fc2-a193-45b3d5af40e2] Ack server push request, request = NotifySubscriberRequest, requestId = 566
06:01:31.608 [nacos-grpc-client-executor-9777] INFO  c.a.n.c.r.client - [printIfInfoEnabled,60] - [919e4364-d26d-4fc2-a193-45b3d5af40e2] Receive server push request, request = NotifySubscriberRequest, requestId = 570
06:01:31.612 [nacos-grpc-client-executor-9777] INFO  c.a.n.c.r.client - [printIfInfoEnabled,60] - [919e4364-d26d-4fc2-a193-45b3d5af40e2] Ack server push request, request = NotifySubscriberRequest, requestId = 570
06:03:05.026 [SpringApplicationShutdownHook] INFO  c.a.c.n.r.NacosServiceRegistry - [deregister,94] - De-registering from Nacos Server now...
06:03:05.029 [SpringApplicationShutdownHook] INFO  c.a.c.n.r.NacosServiceRegistry - [deregister,114] - De-registration finished.
06:03:05.342 [SpringApplicationShutdownHook] INFO  c.a.n.c.r.client - [shutdown,454] - Shutdown rpc client, set status to shutdown
06:03:05.342 [SpringApplicationShutdownHook] INFO  c.a.n.c.r.client - [shutdown,456] - Shutdown client event executor java.util.concurrent.ScheduledThreadPoolExecutor@5c66ecc0[Running, pool size = 2, active threads = 2, queued tasks = 0, completed tasks = 0]
06:03:05.342 [SpringApplicationShutdownHook] INFO  c.a.n.c.r.client - [closeConnection,591] - Close current connection 1683396295635_127.0.0.1_64966
06:03:05.345 [nacos-grpc-client-executor-9800] INFO  c.a.n.c.r.c.g.GrpcClient - [printIfInfoEnabled,60] - [1683396295635_127.0.0.1_64966]Ignore complete event,isRunning:false,isAbandon=false
06:03:05.359 [SpringApplicationShutdownHook] INFO  c.a.n.c.r.c.g.GrpcClient - [shutdown,85] - Shutdown grpc executor java.util.concurrent.ThreadPoolExecutor@223b9b84[Running, pool size = 6, active threads = 0, queued tasks = 0, completed tasks = 9801]
06:03:09.839 [background-preinit] INFO  o.h.v.i.util.Version - [<clinit>,21] - HV000001: Hibernate Validator 6.2.5.Final
06:03:10.864 [main] INFO  c.a.n.c.r.client - [lambda$createClient$0,80] - [RpcClientFactory] create a new rpc client of 367fab3e-69de-47c0-94ad-11b290225387_config-0
06:03:10.954 [main] INFO  o.r.Reflections - [scan,232] - Reflections took 54 ms to scan 1 urls, producing 3 keys and 6 values 
06:03:11.004 [main] INFO  o.r.Reflections - [scan,232] - Reflections took 32 ms to scan 1 urls, producing 4 keys and 9 values 
06:03:11.031 [main] INFO  o.r.Reflections - [scan,232] - Reflections took 24 ms to scan 1 urls, producing 3 keys and 10 values 
06:03:11.061 [main] INFO  o.r.Reflections - [scan,232] - Reflections took 23 ms to scan 1 urls, producing 1 keys and 5 values 
06:03:11.098 [main] INFO  o.r.Reflections - [scan,232] - Reflections took 34 ms to scan 1 urls, producing 1 keys and 7 values 
06:03:11.120 [main] INFO  o.r.Reflections - [scan,232] - Reflections took 19 ms to scan 1 urls, producing 2 keys and 8 values 
06:03:11.127 [main] INFO  c.a.n.c.r.client - [printIfInfoEnabled,60] - [367fab3e-69de-47c0-94ad-11b290225387_config-0] RpcClient init label, labels = {module=config, Vipserver-Tag=null, source=sdk, Amory-Tag=null, Location-Tag=null, taskId=0, AppName=unknown}
06:03:11.128 [main] INFO  c.a.n.c.r.client - [printIfInfoEnabled,60] - [367fab3e-69de-47c0-94ad-11b290225387_config-0] Register server push request handler:com.alibaba.nacos.client.config.impl.ClientWorker$ConfigRpcTransportClient$$Lambda$468/0x0000000800f1c710
06:03:11.129 [main] INFO  c.a.n.c.r.client - [printIfInfoEnabled,60] - [367fab3e-69de-47c0-94ad-11b290225387_config-0] Register server push request handler:com.alibaba.nacos.client.config.impl.ClientWorker$ConfigRpcTransportClient$$Lambda$469/0x0000000800f1c938
06:03:11.134 [main] INFO  c.a.n.c.r.client - [printIfInfoEnabled,60] - [367fab3e-69de-47c0-94ad-11b290225387_config-0] Registry connection listener to current client:com.alibaba.nacos.client.config.impl.ClientWorker$ConfigRpcTransportClient$1
06:03:11.136 [main] INFO  c.a.n.c.r.client - [printIfInfoEnabled,60] - [367fab3e-69de-47c0-94ad-11b290225387_config-0] RpcClient init, ServerListFactory = com.alibaba.nacos.client.config.impl.ClientWorker$ConfigRpcTransportClient$2
06:03:11.161 [main] INFO  c.a.n.c.r.client - [printIfInfoEnabled,60] - [367fab3e-69de-47c0-94ad-11b290225387_config-0] Try to connect to server on start up, server: {serverIp = '127.0.0.1', server main port = 8848}
06:03:12.277 [main] INFO  c.a.n.c.r.client - [printIfInfoEnabled,60] - [367fab3e-69de-47c0-94ad-11b290225387_config-0] Success to connect to server [127.0.0.1:8848] on start up, connectionId = 1683496992014_127.0.0.1_53266
06:03:12.278 [com.alibaba.nacos.client.remote.worker] INFO  c.a.n.c.r.client - [printIfInfoEnabled,60] - [367fab3e-69de-47c0-94ad-11b290225387_config-0] Notify connected event to listeners.
06:03:12.278 [main] INFO  c.a.n.c.r.client - [printIfInfoEnabled,60] - [367fab3e-69de-47c0-94ad-11b290225387_config-0] Register server push request handler:com.alibaba.nacos.common.remote.client.RpcClient$ConnectResetRequestHandler
06:03:12.279 [main] INFO  c.a.n.c.r.client - [printIfInfoEnabled,60] - [367fab3e-69de-47c0-94ad-11b290225387_config-0] Register server push request handler:com.alibaba.nacos.common.remote.client.RpcClient$$Lambda$480/0x000000080101d7d8
06:03:12.396 [main] INFO  c.c.a.RuoYiAuthApplication - [logStartupProfileInfo,637] - The following 1 profile is active: "dev"
06:03:15.446 [main] INFO  o.a.c.h.Http11NioProtocol - [log,173] - Initializing ProtocolHandler ["http-nio-9200"]
06:03:15.446 [main] INFO  o.a.c.c.StandardService - [log,173] - Starting service [Tomcat]
06:03:15.446 [main] INFO  o.a.c.c.StandardEngine - [log,173] - Starting Servlet engine: [Apache Tomcat/9.0.70]
06:03:15.595 [main] INFO  o.a.c.c.C.[.[.[/] - [log,173] - Initializing Spring embedded WebApplicationContext
06:03:16.820 [main] INFO  c.a.c.s.SentinelWebMvcConfigurer - [addInterceptors,52] - [Sentinel Starter] register SentinelWebInterceptor with urlPatterns: [/**].
06:03:17.627 [main] INFO  c.a.n.c.r.client - [lambda$createClient$0,80] - [RpcClientFactory] create a new rpc client of 3e49de27-fb0f-43f6-8179-08c71a311d24
06:03:17.627 [main] INFO  c.a.n.c.r.client - [printIfInfoEnabled,60] - [3e49de27-fb0f-43f6-8179-08c71a311d24] RpcClient init label, labels = {module=naming, source=sdk}
06:03:17.629 [main] INFO  c.a.n.c.r.client - [printIfInfoEnabled,60] - [3e49de27-fb0f-43f6-8179-08c71a311d24] RpcClient init, ServerListFactory = com.alibaba.nacos.client.naming.core.ServerListManager
06:03:17.629 [main] INFO  c.a.n.c.r.client - [printIfInfoEnabled,60] - [3e49de27-fb0f-43f6-8179-08c71a311d24] Registry connection listener to current client:com.alibaba.nacos.client.naming.remote.gprc.redo.NamingGrpcRedoService
06:03:17.629 [main] INFO  c.a.n.c.r.client - [printIfInfoEnabled,60] - [3e49de27-fb0f-43f6-8179-08c71a311d24] Register server push request handler:com.alibaba.nacos.client.naming.remote.gprc.NamingPushRequestHandler
06:03:17.630 [main] INFO  c.a.n.c.r.client - [printIfInfoEnabled,60] - [3e49de27-fb0f-43f6-8179-08c71a311d24] Try to connect to server on start up, server: {serverIp = '127.0.0.1', server main port = 8848}
06:03:17.768 [main] INFO  c.a.n.c.r.client - [printIfInfoEnabled,60] - [3e49de27-fb0f-43f6-8179-08c71a311d24] Success to connect to server [127.0.0.1:8848] on start up, connectionId = 1683496997646_127.0.0.1_53352
06:03:17.768 [main] INFO  c.a.n.c.r.client - [printIfInfoEnabled,60] - [3e49de27-fb0f-43f6-8179-08c71a311d24] Register server push request handler:com.alibaba.nacos.common.remote.client.RpcClient$ConnectResetRequestHandler
06:03:17.768 [com.alibaba.nacos.client.remote.worker] INFO  c.a.n.c.r.client - [printIfInfoEnabled,60] - [3e49de27-fb0f-43f6-8179-08c71a311d24] Notify connected event to listeners.
06:03:17.768 [main] INFO  c.a.n.c.r.client - [printIfInfoEnabled,60] - [3e49de27-fb0f-43f6-8179-08c71a311d24] Register server push request handler:com.alibaba.nacos.common.remote.client.RpcClient$$Lambda$480/0x000000080101d7d8
06:03:17.799 [main] INFO  o.a.c.h.Http11NioProtocol - [log,173] - Starting ProtocolHandler ["http-nio-9200"]
06:03:17.820 [main] INFO  c.a.c.n.r.NacosServiceRegistry - [register,75] - nacos registry, DEFAULT_GROUP cms-auth 192.168.1.3:9200 register finished
06:03:17.845 [main] INFO  c.c.a.RuoYiAuthApplication - [logStarted,61] - Started RuoYiAuthApplication in 8.639 seconds (JVM running for 9.664)
06:03:17.853 [main] INFO  c.a.c.n.r.NacosContextRefresher - [registerNacosListener,129] - [Nacos Config] Listening config: dataId=cms-auth.yml, group=DEFAULT_GROUP
06:03:17.853 [main] INFO  c.a.c.n.r.NacosContextRefresher - [registerNacosListener,129] - [Nacos Config] Listening config: dataId=cms-auth, group=DEFAULT_GROUP
06:03:17.854 [main] INFO  c.a.c.n.r.NacosContextRefresher - [registerNacosListener,129] - [Nacos Config] Listening config: dataId=cms-auth-dev.yml, group=DEFAULT_GROUP
06:03:18.065 [RMI TCP Connection(7)-192.168.1.3] INFO  o.a.c.c.C.[.[.[/] - [log,173] - Initializing Spring DispatcherServlet 'dispatcherServlet'
06:03:18.297 [nacos-grpc-client-executor-12] INFO  c.a.n.c.r.client - [printIfInfoEnabled,60] - [3e49de27-fb0f-43f6-8179-08c71a311d24] Receive server push request, request = NotifySubscriberRequest, requestId = 581
06:03:18.300 [nacos-grpc-client-executor-12] INFO  c.a.n.c.r.client - [printIfInfoEnabled,60] - [3e49de27-fb0f-43f6-8179-08c71a311d24] Ack server push request, request = NotifySubscriberRequest, requestId = 581
06:55:54.658 [SpringApplicationShutdownHook] INFO  c.a.c.n.r.NacosServiceRegistry - [deregister,94] - De-registering from Nacos Server now...
06:55:54.660 [SpringApplicationShutdownHook] INFO  c.a.c.n.r.NacosServiceRegistry - [deregister,114] - De-registration finished.
06:55:54.971 [SpringApplicationShutdownHook] INFO  c.a.n.c.r.client - [shutdown,454] - Shutdown rpc client, set status to shutdown
06:55:54.972 [SpringApplicationShutdownHook] INFO  c.a.n.c.r.client - [shutdown,456] - Shutdown client event executor java.util.concurrent.ScheduledThreadPoolExecutor@718e29cf[Running, pool size = 2, active threads = 2, queued tasks = 0, completed tasks = 0]
06:55:54.972 [SpringApplicationShutdownHook] INFO  c.a.n.c.r.client - [closeConnection,591] - Close current connection 1683496997646_127.0.0.1_53352
06:55:54.974 [nacos-grpc-client-executor-768] INFO  c.a.n.c.r.c.g.GrpcClient - [printIfInfoEnabled,60] - [1683496997646_127.0.0.1_53352]Ignore complete event,isRunning:false,isAbandon=false
06:55:54.978 [SpringApplicationShutdownHook] INFO  c.a.n.c.r.c.g.GrpcClient - [shutdown,85] - Shutdown grpc executor java.util.concurrent.ThreadPoolExecutor@ea266ca[Running, pool size = 5, active threads = 0, queued tasks = 0, completed tasks = 769]
06:56:05.276 [background-preinit] INFO  o.h.v.i.util.Version - [<clinit>,21] - HV000001: Hibernate Validator 6.2.5.Final
06:56:05.885 [main] INFO  c.a.n.c.r.client - [lambda$createClient$0,80] - [RpcClientFactory] create a new rpc client of 0eb1b11c-a35d-4ac7-9a68-52cfce341a0e_config-0
06:56:05.931 [main] INFO  o.r.Reflections - [scan,232] - Reflections took 28 ms to scan 1 urls, producing 3 keys and 6 values 
06:56:05.962 [main] INFO  o.r.Reflections - [scan,232] - Reflections took 20 ms to scan 1 urls, producing 4 keys and 9 values 
06:56:05.984 [main] INFO  o.r.Reflections - [scan,232] - Reflections took 20 ms to scan 1 urls, producing 3 keys and 10 values 
06:56:06.007 [main] INFO  o.r.Reflections - [scan,232] - Reflections took 19 ms to scan 1 urls, producing 1 keys and 5 values 
06:56:06.041 [main] INFO  o.r.Reflections - [scan,232] - Reflections took 30 ms to scan 1 urls, producing 1 keys and 7 values 
06:56:06.057 [main] INFO  o.r.Reflections - [scan,232] - Reflections took 13 ms to scan 1 urls, producing 2 keys and 8 values 
06:56:06.061 [main] INFO  c.a.n.c.r.client - [printIfInfoEnabled,60] - [0eb1b11c-a35d-4ac7-9a68-52cfce341a0e_config-0] RpcClient init label, labels = {module=config, Vipserver-Tag=null, source=sdk, Amory-Tag=null, Location-Tag=null, taskId=0, AppName=unknown}
06:56:06.062 [main] INFO  c.a.n.c.r.client - [printIfInfoEnabled,60] - [0eb1b11c-a35d-4ac7-9a68-52cfce341a0e_config-0] Register server push request handler:com.alibaba.nacos.client.config.impl.ClientWorker$ConfigRpcTransportClient$$Lambda$468/0x0000000800f3cea8
06:56:06.062 [main] INFO  c.a.n.c.r.client - [printIfInfoEnabled,60] - [0eb1b11c-a35d-4ac7-9a68-52cfce341a0e_config-0] Register server push request handler:com.alibaba.nacos.client.config.impl.ClientWorker$ConfigRpcTransportClient$$Lambda$469/0x0000000800f3d0d0
06:56:06.063 [main] INFO  c.a.n.c.r.client - [printIfInfoEnabled,60] - [0eb1b11c-a35d-4ac7-9a68-52cfce341a0e_config-0] Registry connection listener to current client:com.alibaba.nacos.client.config.impl.ClientWorker$ConfigRpcTransportClient$1
06:56:06.064 [main] INFO  c.a.n.c.r.client - [printIfInfoEnabled,60] - [0eb1b11c-a35d-4ac7-9a68-52cfce341a0e_config-0] RpcClient init, ServerListFactory = com.alibaba.nacos.client.config.impl.ClientWorker$ConfigRpcTransportClient$2
06:56:06.072 [main] INFO  c.a.n.c.r.client - [printIfInfoEnabled,60] - [0eb1b11c-a35d-4ac7-9a68-52cfce341a0e_config-0] Try to connect to server on start up, server: {serverIp = '127.0.0.1', server main port = 8848}
06:56:06.702 [main] INFO  c.a.n.c.r.client - [printIfInfoEnabled,60] - [0eb1b11c-a35d-4ac7-9a68-52cfce341a0e_config-0] Success to connect to server [127.0.0.1:8848] on start up, connectionId = 1683500166512_127.0.0.1_57574
06:56:06.702 [com.alibaba.nacos.client.remote.worker] INFO  c.a.n.c.r.client - [printIfInfoEnabled,60] - [0eb1b11c-a35d-4ac7-9a68-52cfce341a0e_config-0] Notify connected event to listeners.
06:56:06.702 [main] INFO  c.a.n.c.r.client - [printIfInfoEnabled,60] - [0eb1b11c-a35d-4ac7-9a68-52cfce341a0e_config-0] Register server push request handler:com.alibaba.nacos.common.remote.client.RpcClient$ConnectResetRequestHandler
06:56:06.703 [main] INFO  c.a.n.c.r.client - [printIfInfoEnabled,60] - [0eb1b11c-a35d-4ac7-9a68-52cfce341a0e_config-0] Register server push request handler:com.alibaba.nacos.common.remote.client.RpcClient$$Lambda$480/0x000000080103d7d8
06:56:06.793 [main] INFO  c.c.a.RuoYiAuthApplication - [logStartupProfileInfo,637] - The following 1 profile is active: "dev"
06:56:09.716 [main] INFO  o.a.c.h.Http11NioProtocol - [log,173] - Initializing ProtocolHandler ["http-nio-9200"]
06:56:09.717 [main] INFO  o.a.c.c.StandardService - [log,173] - Starting service [Tomcat]
06:56:09.718 [main] INFO  o.a.c.c.StandardEngine - [log,173] - Starting Servlet engine: [Apache Tomcat/9.0.70]
06:56:09.960 [main] INFO  o.a.c.c.C.[.[.[/] - [log,173] - Initializing Spring embedded WebApplicationContext
06:56:11.727 [main] INFO  c.a.c.s.SentinelWebMvcConfigurer - [addInterceptors,52] - [Sentinel Starter] register SentinelWebInterceptor with urlPatterns: [/**].
06:56:13.356 [main] INFO  c.a.n.c.r.client - [lambda$createClient$0,80] - [RpcClientFactory] create a new rpc client of 9202fd8e-acd0-41ec-b481-7799f7c297a9
06:56:13.357 [main] INFO  c.a.n.c.r.client - [printIfInfoEnabled,60] - [9202fd8e-acd0-41ec-b481-7799f7c297a9] RpcClient init label, labels = {module=naming, source=sdk}
06:56:13.358 [main] INFO  c.a.n.c.r.client - [printIfInfoEnabled,60] - [9202fd8e-acd0-41ec-b481-7799f7c297a9] RpcClient init, ServerListFactory = com.alibaba.nacos.client.naming.core.ServerListManager
06:56:13.359 [main] INFO  c.a.n.c.r.client - [printIfInfoEnabled,60] - [9202fd8e-acd0-41ec-b481-7799f7c297a9] Registry connection listener to current client:com.alibaba.nacos.client.naming.remote.gprc.redo.NamingGrpcRedoService
06:56:13.359 [main] INFO  c.a.n.c.r.client - [printIfInfoEnabled,60] - [9202fd8e-acd0-41ec-b481-7799f7c297a9] Register server push request handler:com.alibaba.nacos.client.naming.remote.gprc.NamingPushRequestHandler
06:56:13.367 [main] INFO  c.a.n.c.r.client - [printIfInfoEnabled,60] - [9202fd8e-acd0-41ec-b481-7799f7c297a9] Try to connect to server on start up, server: {serverIp = '127.0.0.1', server main port = 8848}
06:56:13.507 [main] INFO  c.a.n.c.r.client - [printIfInfoEnabled,60] - [9202fd8e-acd0-41ec-b481-7799f7c297a9] Success to connect to server [127.0.0.1:8848] on start up, connectionId = 1683500173383_127.0.0.1_57677
06:56:13.508 [main] INFO  c.a.n.c.r.client - [printIfInfoEnabled,60] - [9202fd8e-acd0-41ec-b481-7799f7c297a9] Register server push request handler:com.alibaba.nacos.common.remote.client.RpcClient$ConnectResetRequestHandler
06:56:13.508 [com.alibaba.nacos.client.remote.worker] INFO  c.a.n.c.r.client - [printIfInfoEnabled,60] - [9202fd8e-acd0-41ec-b481-7799f7c297a9] Notify connected event to listeners.
06:56:13.508 [main] INFO  c.a.n.c.r.client - [printIfInfoEnabled,60] - [9202fd8e-acd0-41ec-b481-7799f7c297a9] Register server push request handler:com.alibaba.nacos.common.remote.client.RpcClient$$Lambda$480/0x000000080103d7d8
06:56:13.548 [main] INFO  o.a.c.h.Http11NioProtocol - [log,173] - Starting ProtocolHandler ["http-nio-9200"]
06:56:13.592 [main] INFO  c.a.c.n.r.NacosServiceRegistry - [register,75] - nacos registry, DEFAULT_GROUP cms-auth 192.168.1.3:9200 register finished
06:56:13.639 [main] INFO  c.c.a.RuoYiAuthApplication - [logStarted,61] - Started RuoYiAuthApplication in 9.242 seconds (JVM running for 10.235)
06:56:13.654 [main] INFO  c.a.c.n.r.NacosContextRefresher - [registerNacosListener,129] - [Nacos Config] Listening config: dataId=cms-auth.yml, group=DEFAULT_GROUP
06:56:13.655 [main] INFO  c.a.c.n.r.NacosContextRefresher - [registerNacosListener,129] - [Nacos Config] Listening config: dataId=cms-auth, group=DEFAULT_GROUP
06:56:13.656 [main] INFO  c.a.c.n.r.NacosContextRefresher - [registerNacosListener,129] - [Nacos Config] Listening config: dataId=cms-auth-dev.yml, group=DEFAULT_GROUP
06:56:14.084 [RMI TCP Connection(3)-192.168.1.3] INFO  o.a.c.c.C.[.[.[/] - [log,173] - Initializing Spring DispatcherServlet 'dispatcherServlet'
06:56:14.098 [nacos-grpc-client-executor-9] INFO  c.a.n.c.r.client - [printIfInfoEnabled,60] - [9202fd8e-acd0-41ec-b481-7799f7c297a9] Receive server push request, request = NotifySubscriberRequest, requestId = 628
06:56:14.102 [nacos-grpc-client-executor-9] INFO  c.a.n.c.r.client - [printIfInfoEnabled,60] - [9202fd8e-acd0-41ec-b481-7799f7c297a9] Ack server push request, request = NotifySubscriberRequest, requestId = 628
19:43:35.291 [nacos-grpc-client-executor-4378] INFO  c.a.n.c.r.client - [printIfInfoEnabled,60] - [9202fd8e-acd0-41ec-b481-7799f7c297a9] Receive server push request, request = NotifySubscriberRequest, requestId = 684
19:43:35.292 [nacos-grpc-client-executor-4378] INFO  c.a.n.c.r.client - [printIfInfoEnabled,60] - [9202fd8e-acd0-41ec-b481-7799f7c297a9] Ack server push request, request = NotifySubscriberRequest, requestId = 684
