21:42:13.513 [nacos-grpc-client-executor-23003] INFO  c.a.n.c.r.client - [printIfInfoEnabled,60] - [cf91fff1-f9ec-41b2-9108-e00c90217c58] Receive server push request, request = NotifySubscriberRequest, requestId = 153
21:42:13.544 [nacos-grpc-client-executor-23003] INFO  c.a.n.c.r.client - [printIfInfoEnabled,60] - [cf91fff1-f9ec-41b2-9108-e00c90217c58] Ack server push request, request = NotifySubscriberRequest, requestId = 153
21:42:30.571 [nacos-grpc-client-executor-23007] INFO  c.a.n.c.r.client - [printIfInfoEnabled,60] - [cf91fff1-f9ec-41b2-9108-e00c90217c58] Receive server push request, request = NotifySubscriberRequest, requestId = 158
21:42:30.573 [nacos-grpc-client-executor-23007] INFO  c.a.n.c.r.client - [printIfInfoEnabled,60] - [cf91fff1-f9ec-41b2-9108-e00c90217c58] Ack server push request, request = NotifySubscriberRequest, requestId = 158
21:45:05.731 [SpringApplicationShutdownHook] INFO  c.a.c.n.r.NacosServiceRegistry - [deregister,94] - De-registering from Nacos Server now...
21:45:05.736 [SpringApplicationShutdownHook] INFO  c.a.c.n.r.NacosServiceRegistry - [deregister,114] - De-registration finished.
21:45:06.053 [SpringApplicationShutdownHook] INFO  c.a.n.c.r.client - [shutdown,454] - Shutdown rpc client, set status to shutdown
21:45:06.054 [SpringApplicationShutdownHook] INFO  c.a.n.c.r.client - [shutdown,456] - Shutdown client event executor java.util.concurrent.ScheduledThreadPoolExecutor@6c6f30a8[Running, pool size = 2, active threads = 2, queued tasks = 0, completed tasks = 0]
21:45:06.054 [SpringApplicationShutdownHook] INFO  c.a.n.c.r.client - [closeConnection,591] - Close current connection 1682618610922_127.0.0.1_52562
21:45:06.059 [nacos-grpc-client-executor-23041] INFO  c.a.n.c.r.c.g.GrpcClient - [printIfInfoEnabled,60] - [1682618610922_127.0.0.1_52562]Ignore complete event,isRunning:false,isAbandon=false
21:45:06.077 [SpringApplicationShutdownHook] INFO  c.a.n.c.r.c.g.GrpcClient - [shutdown,85] - Shutdown grpc executor java.util.concurrent.ThreadPoolExecutor@3001c257[Running, pool size = 5, active threads = 0, queued tasks = 0, completed tasks = 23042]
21:45:11.206 [background-preinit] INFO  o.h.v.i.util.Version - [<clinit>,21] - HV000001: Hibernate Validator 6.2.5.Final
21:45:11.752 [main] INFO  c.a.n.c.r.client - [lambda$createClient$0,80] - [RpcClientFactory] create a new rpc client of 5fe35e3a-6513-4b55-9c75-b36ad76c8a26_config-0
21:45:11.812 [main] INFO  o.r.Reflections - [scan,232] - Reflections took 33 ms to scan 1 urls, producing 3 keys and 6 values 
21:45:11.849 [main] INFO  o.r.Reflections - [scan,232] - Reflections took 18 ms to scan 1 urls, producing 4 keys and 9 values 
21:45:11.862 [main] INFO  o.r.Reflections - [scan,232] - Reflections took 11 ms to scan 1 urls, producing 3 keys and 10 values 
21:45:11.876 [main] INFO  o.r.Reflections - [scan,232] - Reflections took 11 ms to scan 1 urls, producing 1 keys and 5 values 
21:45:11.890 [main] INFO  o.r.Reflections - [scan,232] - Reflections took 11 ms to scan 1 urls, producing 1 keys and 7 values 
21:45:11.903 [main] INFO  o.r.Reflections - [scan,232] - Reflections took 11 ms to scan 1 urls, producing 2 keys and 8 values 
21:45:11.906 [main] INFO  c.a.n.c.r.client - [printIfInfoEnabled,60] - [5fe35e3a-6513-4b55-9c75-b36ad76c8a26_config-0] RpcClient init label, labels = {module=config, Vipserver-Tag=null, source=sdk, Amory-Tag=null, Location-Tag=null, taskId=0, AppName=unknown}
21:45:11.906 [main] INFO  c.a.n.c.r.client - [printIfInfoEnabled,60] - [5fe35e3a-6513-4b55-9c75-b36ad76c8a26_config-0] Register server push request handler:com.alibaba.nacos.client.config.impl.ClientWorker$ConfigRpcTransportClient$$Lambda$468/0x0000000800f3d878
21:45:11.906 [main] INFO  c.a.n.c.r.client - [printIfInfoEnabled,60] - [5fe35e3a-6513-4b55-9c75-b36ad76c8a26_config-0] Register server push request handler:com.alibaba.nacos.client.config.impl.ClientWorker$ConfigRpcTransportClient$$Lambda$469/0x0000000800f3daa0
21:45:11.907 [main] INFO  c.a.n.c.r.client - [printIfInfoEnabled,60] - [5fe35e3a-6513-4b55-9c75-b36ad76c8a26_config-0] Registry connection listener to current client:com.alibaba.nacos.client.config.impl.ClientWorker$ConfigRpcTransportClient$1
21:45:11.907 [main] INFO  c.a.n.c.r.client - [printIfInfoEnabled,60] - [5fe35e3a-6513-4b55-9c75-b36ad76c8a26_config-0] RpcClient init, ServerListFactory = com.alibaba.nacos.client.config.impl.ClientWorker$ConfigRpcTransportClient$2
21:45:11.916 [main] INFO  c.a.n.c.r.client - [printIfInfoEnabled,60] - [5fe35e3a-6513-4b55-9c75-b36ad76c8a26_config-0] Try to connect to server on start up, server: {serverIp = '127.0.0.1', server main port = 8848}
21:45:12.593 [main] INFO  c.a.n.c.r.client - [printIfInfoEnabled,60] - [5fe35e3a-6513-4b55-9c75-b36ad76c8a26_config-0] Success to connect to server [127.0.0.1:8848] on start up, connectionId = 1683380712395_127.0.0.1_58793
21:45:12.595 [com.alibaba.nacos.client.remote.worker] INFO  c.a.n.c.r.client - [printIfInfoEnabled,60] - [5fe35e3a-6513-4b55-9c75-b36ad76c8a26_config-0] Notify connected event to listeners.
21:45:12.595 [main] INFO  c.a.n.c.r.client - [printIfInfoEnabled,60] - [5fe35e3a-6513-4b55-9c75-b36ad76c8a26_config-0] Register server push request handler:com.alibaba.nacos.common.remote.client.RpcClient$ConnectResetRequestHandler
21:45:12.596 [main] INFO  c.a.n.c.r.client - [printIfInfoEnabled,60] - [5fe35e3a-6513-4b55-9c75-b36ad76c8a26_config-0] Register server push request handler:com.alibaba.nacos.common.remote.client.RpcClient$$Lambda$480/0x000000080103d7d8
21:45:12.691 [main] INFO  c.c.a.RuoYiAuthApplication - [logStartupProfileInfo,637] - The following 1 profile is active: "dev"
21:45:14.790 [main] INFO  o.a.c.h.Http11NioProtocol - [log,173] - Initializing ProtocolHandler ["http-nio-9200"]
21:45:14.791 [main] INFO  o.a.c.c.StandardService - [log,173] - Starting service [Tomcat]
21:45:14.791 [main] INFO  o.a.c.c.StandardEngine - [log,173] - Starting Servlet engine: [Apache Tomcat/9.0.70]
21:45:15.019 [main] INFO  o.a.c.c.C.[.[.[/] - [log,173] - Initializing Spring embedded WebApplicationContext
21:45:16.905 [main] INFO  c.a.c.s.SentinelWebMvcConfigurer - [addInterceptors,52] - [Sentinel Starter] register SentinelWebInterceptor with urlPatterns: [/**].
21:45:20.664 [main] INFO  c.a.n.c.r.client - [lambda$createClient$0,80] - [RpcClientFactory] create a new rpc client of 1d637c49-95b1-4ceb-b1a7-8ec273e2a800
21:45:20.664 [main] INFO  c.a.n.c.r.client - [printIfInfoEnabled,60] - [1d637c49-95b1-4ceb-b1a7-8ec273e2a800] RpcClient init label, labels = {module=naming, source=sdk}
21:45:20.666 [main] INFO  c.a.n.c.r.client - [printIfInfoEnabled,60] - [1d637c49-95b1-4ceb-b1a7-8ec273e2a800] RpcClient init, ServerListFactory = com.alibaba.nacos.client.naming.core.ServerListManager
21:45:20.666 [main] INFO  c.a.n.c.r.client - [printIfInfoEnabled,60] - [1d637c49-95b1-4ceb-b1a7-8ec273e2a800] Registry connection listener to current client:com.alibaba.nacos.client.naming.remote.gprc.redo.NamingGrpcRedoService
21:45:20.667 [main] INFO  c.a.n.c.r.client - [printIfInfoEnabled,60] - [1d637c49-95b1-4ceb-b1a7-8ec273e2a800] Register server push request handler:com.alibaba.nacos.client.naming.remote.gprc.NamingPushRequestHandler
21:45:20.667 [main] INFO  c.a.n.c.r.client - [printIfInfoEnabled,60] - [1d637c49-95b1-4ceb-b1a7-8ec273e2a800] Try to connect to server on start up, server: {serverIp = '127.0.0.1', server main port = 8848}
21:45:20.796 [main] INFO  c.a.n.c.r.client - [printIfInfoEnabled,60] - [1d637c49-95b1-4ceb-b1a7-8ec273e2a800] Success to connect to server [127.0.0.1:8848] on start up, connectionId = 1683380720678_127.0.0.1_58819
21:45:20.797 [main] INFO  c.a.n.c.r.client - [printIfInfoEnabled,60] - [1d637c49-95b1-4ceb-b1a7-8ec273e2a800] Register server push request handler:com.alibaba.nacos.common.remote.client.RpcClient$ConnectResetRequestHandler
21:45:20.797 [com.alibaba.nacos.client.remote.worker] INFO  c.a.n.c.r.client - [printIfInfoEnabled,60] - [1d637c49-95b1-4ceb-b1a7-8ec273e2a800] Notify connected event to listeners.
21:45:20.797 [main] INFO  c.a.n.c.r.client - [printIfInfoEnabled,60] - [1d637c49-95b1-4ceb-b1a7-8ec273e2a800] Register server push request handler:com.alibaba.nacos.common.remote.client.RpcClient$$Lambda$480/0x000000080103d7d8
21:45:20.828 [main] INFO  o.a.c.h.Http11NioProtocol - [log,173] - Starting ProtocolHandler ["http-nio-9200"]
21:45:20.848 [main] INFO  c.a.c.n.r.NacosServiceRegistry - [register,75] - nacos registry, DEFAULT_GROUP cms-auth 192.168.1.3:9200 register finished
21:45:21.292 [main] INFO  c.c.a.RuoYiAuthApplication - [logStarted,61] - Started RuoYiAuthApplication in 11.213 seconds (JVM running for 12.452)
21:45:21.308 [main] INFO  c.a.c.n.r.NacosContextRefresher - [registerNacosListener,129] - [Nacos Config] Listening config: dataId=cms-auth.yml, group=DEFAULT_GROUP
21:45:21.309 [main] INFO  c.a.c.n.r.NacosContextRefresher - [registerNacosListener,129] - [Nacos Config] Listening config: dataId=cms-auth, group=DEFAULT_GROUP
21:45:21.310 [main] INFO  c.a.c.n.r.NacosContextRefresher - [registerNacosListener,129] - [Nacos Config] Listening config: dataId=cms-auth-dev.yml, group=DEFAULT_GROUP
21:45:21.353 [nacos-grpc-client-executor-8] INFO  c.a.n.c.r.client - [printIfInfoEnabled,60] - [1d637c49-95b1-4ceb-b1a7-8ec273e2a800] Receive server push request, request = NotifySubscriberRequest, requestId = 166
21:45:21.358 [nacos-grpc-client-executor-8] INFO  c.a.n.c.r.client - [printIfInfoEnabled,60] - [1d637c49-95b1-4ceb-b1a7-8ec273e2a800] Ack server push request, request = NotifySubscriberRequest, requestId = 166
21:45:21.459 [RMI TCP Connection(9)-127.0.0.1] INFO  o.a.c.c.C.[.[.[/] - [log,173] - Initializing Spring DispatcherServlet 'dispatcherServlet'
21:46:13.756 [nacos-grpc-client-executor-30] INFO  c.a.n.c.r.client - [printIfInfoEnabled,60] - [1d637c49-95b1-4ceb-b1a7-8ec273e2a800] Receive server push request, request = NotifySubscriberRequest, requestId = 199
21:46:13.757 [nacos-grpc-client-executor-30] INFO  c.a.n.c.r.client - [printIfInfoEnabled,60] - [1d637c49-95b1-4ceb-b1a7-8ec273e2a800] Ack server push request, request = NotifySubscriberRequest, requestId = 199
22:23:51.599 [nacos-grpc-client-executor-722] INFO  c.a.n.c.r.client - [printIfInfoEnabled,60] - [1d637c49-95b1-4ceb-b1a7-8ec273e2a800] Receive server push request, request = NotifySubscriberRequest, requestId = 207
22:23:51.602 [nacos-grpc-client-executor-722] INFO  c.a.n.c.r.client - [printIfInfoEnabled,60] - [1d637c49-95b1-4ceb-b1a7-8ec273e2a800] Ack server push request, request = NotifySubscriberRequest, requestId = 207
22:24:07.285 [nacos-grpc-client-executor-725] INFO  c.a.n.c.r.client - [printIfInfoEnabled,60] - [1d637c49-95b1-4ceb-b1a7-8ec273e2a800] Receive server push request, request = NotifySubscriberRequest, requestId = 213
22:24:07.287 [nacos-grpc-client-executor-725] INFO  c.a.n.c.r.client - [printIfInfoEnabled,60] - [1d637c49-95b1-4ceb-b1a7-8ec273e2a800] Ack server push request, request = NotifySubscriberRequest, requestId = 213
