13:53:04.563 [SpringApplicationShutdownHook] INFO  o.q.c.QuartzScheduler - [standby,585] - Scheduler quartzScheduler_$_NON_CLUSTERED paused.
13:53:05.623 [SpringApplicationShutdownHook] INFO  c.a.c.n.r.NacosServiceRegistry - [deregister,94] - De-registering from Nacos Server now...
13:53:05.628 [SpringApplicationShutdownHook] INFO  c.a.c.n.r.NacosServiceRegistry - [deregister,114] - De-registration finished.
13:53:05.943 [SpringApplicationShutdownHook] INFO  c.a.n.c.r.client - [shutdown,454] - Shutdown rpc client, set status to shutdown
13:53:05.944 [SpringApplicationShutdownHook] INFO  c.a.n.c.r.client - [shutdown,456] - Shutdown client event executor java.util.concurrent.ScheduledThreadPoolExecutor@757773b7[Running, pool size = 2, active threads = 2, queued tasks = 0, completed tasks = 0]
13:53:05.944 [SpringApplicationShutdownHook] INFO  c.a.n.c.r.client - [closeConnection,591] - Close current connection 1706196464280_127.0.0.1_60458
13:53:05.945 [nacos-grpc-client-executor-1627] INFO  c.a.n.c.r.c.g.GrpcClient - [printIfInfoEnabled,60] - [1706196464280_127.0.0.1_60458]Ignore complete event,isRunning:false,isAbandon=false
13:53:05.951 [SpringApplicationShutdownHook] INFO  c.a.n.c.r.c.g.GrpcClient - [shutdown,85] - Shutdown grpc executor java.util.concurrent.ThreadPoolExecutor@529a327d[Running, pool size = 6, active threads = 0, queued tasks = 0, completed tasks = 1628]
13:53:06.086 [SpringApplicationShutdownHook] INFO  o.q.c.QuartzScheduler - [shutdown,666] - Scheduler quartzScheduler_$_NON_CLUSTERED shutting down.
13:53:06.086 [SpringApplicationShutdownHook] INFO  o.q.c.QuartzScheduler - [standby,585] - Scheduler quartzScheduler_$_NON_CLUSTERED paused.
13:53:06.086 [SpringApplicationShutdownHook] INFO  o.q.c.QuartzScheduler - [shutdown,740] - Scheduler quartzScheduler_$_NON_CLUSTERED shutdown complete.
13:53:06.088 [SpringApplicationShutdownHook] INFO  c.z.h.HikariDataSource - [close,350] - HikariPool-1 - Shutdown initiated...
13:53:06.092 [SpringApplicationShutdownHook] INFO  c.z.h.HikariDataSource - [close,352] - HikariPool-1 - Shutdown completed.
13:53:28.828 [background-preinit] INFO  o.h.v.i.util.Version - [<clinit>,21] - HV000001: Hibernate Validator 6.2.5.Final
13:53:29.577 [main] INFO  c.a.n.c.r.client - [lambda$createClient$0,80] - [RpcClientFactory] create a new rpc client of ba496e91-9839-41c4-a309-7d1a9fa95088_config-0
13:53:29.635 [main] INFO  o.r.Reflections - [scan,232] - Reflections took 40 ms to scan 1 urls, producing 3 keys and 6 values 
13:53:29.663 [main] INFO  o.r.Reflections - [scan,232] - Reflections took 15 ms to scan 1 urls, producing 4 keys and 9 values 
13:53:29.682 [main] INFO  o.r.Reflections - [scan,232] - Reflections took 16 ms to scan 1 urls, producing 3 keys and 10 values 
13:53:29.702 [main] INFO  o.r.Reflections - [scan,232] - Reflections took 16 ms to scan 1 urls, producing 1 keys and 5 values 
13:53:29.729 [main] INFO  o.r.Reflections - [scan,232] - Reflections took 24 ms to scan 1 urls, producing 1 keys and 7 values 
13:53:29.741 [main] INFO  o.r.Reflections - [scan,232] - Reflections took 11 ms to scan 1 urls, producing 2 keys and 8 values 
13:53:29.744 [main] INFO  c.a.n.c.r.client - [printIfInfoEnabled,60] - [ba496e91-9839-41c4-a309-7d1a9fa95088_config-0] RpcClient init label, labels = {module=config, Vipserver-Tag=null, source=sdk, Amory-Tag=null, Location-Tag=null, taskId=0, AppName=unknown}
13:53:29.745 [main] INFO  c.a.n.c.r.client - [printIfInfoEnabled,60] - [ba496e91-9839-41c4-a309-7d1a9fa95088_config-0] Register server push request handler:com.alibaba.nacos.client.config.impl.ClientWorker$ConfigRpcTransportClient$$Lambda$468/0x0000000800f1cc28
13:53:29.745 [main] INFO  c.a.n.c.r.client - [printIfInfoEnabled,60] - [ba496e91-9839-41c4-a309-7d1a9fa95088_config-0] Register server push request handler:com.alibaba.nacos.client.config.impl.ClientWorker$ConfigRpcTransportClient$$Lambda$469/0x0000000800f1ce50
13:53:29.746 [main] INFO  c.a.n.c.r.client - [printIfInfoEnabled,60] - [ba496e91-9839-41c4-a309-7d1a9fa95088_config-0] Registry connection listener to current client:com.alibaba.nacos.client.config.impl.ClientWorker$ConfigRpcTransportClient$1
13:53:29.747 [main] INFO  c.a.n.c.r.client - [printIfInfoEnabled,60] - [ba496e91-9839-41c4-a309-7d1a9fa95088_config-0] RpcClient init, ServerListFactory = com.alibaba.nacos.client.config.impl.ClientWorker$ConfigRpcTransportClient$2
13:53:29.754 [main] INFO  c.a.n.c.r.client - [printIfInfoEnabled,60] - [ba496e91-9839-41c4-a309-7d1a9fa95088_config-0] Try to connect to server on start up, server: {serverIp = '127.0.0.1', server main port = 8848}
13:53:30.432 [main] INFO  c.a.n.c.r.client - [printIfInfoEnabled,60] - [ba496e91-9839-41c4-a309-7d1a9fa95088_config-0] Success to connect to server [127.0.0.1:8848] on start up, connectionId = 1706248410213_127.0.0.1_53046
13:53:30.433 [com.alibaba.nacos.client.remote.worker] INFO  c.a.n.c.r.client - [printIfInfoEnabled,60] - [ba496e91-9839-41c4-a309-7d1a9fa95088_config-0] Notify connected event to listeners.
13:53:30.434 [main] INFO  c.a.n.c.r.client - [printIfInfoEnabled,60] - [ba496e91-9839-41c4-a309-7d1a9fa95088_config-0] Register server push request handler:com.alibaba.nacos.common.remote.client.RpcClient$ConnectResetRequestHandler
13:53:30.434 [main] INFO  c.a.n.c.r.client - [printIfInfoEnabled,60] - [ba496e91-9839-41c4-a309-7d1a9fa95088_config-0] Register server push request handler:com.alibaba.nacos.common.remote.client.RpcClient$$Lambda$480/0x000000080101d7d8
13:53:30.551 [main] INFO  c.c.j.CMSJobApplication - [logStartupProfileInfo,637] - The following 1 profile is active: "dev"
13:53:34.692 [main] INFO  o.a.c.h.Http11NioProtocol - [log,173] - Initializing ProtocolHandler ["http-nio-9203"]
13:53:34.694 [main] INFO  o.a.c.c.StandardService - [log,173] - Starting service [Tomcat]
13:53:34.694 [main] INFO  o.a.c.c.StandardEngine - [log,173] - Starting Servlet engine: [Apache Tomcat/9.0.70]
13:53:35.074 [main] INFO  o.a.c.c.C.[.[.[/] - [log,173] - Initializing Spring embedded WebApplicationContext
13:53:36.136 [main] INFO  o.q.i.StdSchedulerFactory - [instantiate,1220] - Using default implementation for ThreadExecutor
13:53:36.157 [main] INFO  o.q.c.SchedulerSignalerImpl - [<init>,61] - Initialized Scheduler Signaller of type: class org.quartz.core.SchedulerSignalerImpl
13:53:36.158 [main] INFO  o.q.c.QuartzScheduler - [<init>,229] - Quartz Scheduler v.2.3.2 created.
13:53:36.159 [main] INFO  o.q.s.RAMJobStore - [initialize,155] - RAMJobStore initialized.
13:53:36.161 [main] INFO  o.q.c.QuartzScheduler - [initialize,294] - Scheduler meta-data: Quartz Scheduler (v2.3.2) 'quartzScheduler' with instanceId 'NON_CLUSTERED'
  Scheduler class: 'org.quartz.core.QuartzScheduler' - running locally.
  NOT STARTED.
  Currently in standby mode.
  Number of jobs executed: 0
  Using thread pool 'org.quartz.simpl.SimpleThreadPool' - with 10 threads.
  Using job-store 'org.quartz.simpl.RAMJobStore' - which does not support persistence. and is not clustered.

13:53:36.162 [main] INFO  o.q.i.StdSchedulerFactory - [instantiate,1374] - Quartz scheduler 'quartzScheduler' initialized from an externally provided properties instance.
13:53:36.163 [main] INFO  o.q.i.StdSchedulerFactory - [instantiate,1378] - Quartz scheduler version: 2.3.2
13:53:36.164 [main] INFO  o.q.c.QuartzScheduler - [setJobFactory,2293] - JobFactory set to: org.springframework.scheduling.quartz.SpringBeanJobFactory@4742466e
13:53:36.601 [main] INFO  c.z.h.HikariDataSource - [getConnection,110] - HikariPool-1 - Starting...
13:53:36.954 [main] INFO  c.z.h.HikariDataSource - [getConnection,123] - HikariPool-1 - Start completed.
13:53:37.675 [main] INFO  c.a.c.s.SentinelWebMvcConfigurer - [addInterceptors,52] - [Sentinel Starter] register SentinelWebInterceptor with urlPatterns: [/**].
13:53:39.991 [main] INFO  c.a.n.c.r.client - [lambda$createClient$0,80] - [RpcClientFactory] create a new rpc client of 7371768f-97e2-4e16-b23b-038ea51a580d
13:53:39.991 [main] INFO  c.a.n.c.r.client - [printIfInfoEnabled,60] - [7371768f-97e2-4e16-b23b-038ea51a580d] RpcClient init label, labels = {module=naming, source=sdk}
13:53:39.993 [main] INFO  c.a.n.c.r.client - [printIfInfoEnabled,60] - [7371768f-97e2-4e16-b23b-038ea51a580d] RpcClient init, ServerListFactory = com.alibaba.nacos.client.naming.core.ServerListManager
13:53:39.993 [main] INFO  c.a.n.c.r.client - [printIfInfoEnabled,60] - [7371768f-97e2-4e16-b23b-038ea51a580d] Registry connection listener to current client:com.alibaba.nacos.client.naming.remote.gprc.redo.NamingGrpcRedoService
13:53:39.994 [main] INFO  c.a.n.c.r.client - [printIfInfoEnabled,60] - [7371768f-97e2-4e16-b23b-038ea51a580d] Register server push request handler:com.alibaba.nacos.client.naming.remote.gprc.NamingPushRequestHandler
13:53:39.994 [main] INFO  c.a.n.c.r.client - [printIfInfoEnabled,60] - [7371768f-97e2-4e16-b23b-038ea51a580d] Try to connect to server on start up, server: {serverIp = '127.0.0.1', server main port = 8848}
13:53:40.132 [main] INFO  c.a.n.c.r.client - [printIfInfoEnabled,60] - [7371768f-97e2-4e16-b23b-038ea51a580d] Success to connect to server [127.0.0.1:8848] on start up, connectionId = 1706248420012_127.0.0.1_53090
13:53:40.134 [main] INFO  c.a.n.c.r.client - [printIfInfoEnabled,60] - [7371768f-97e2-4e16-b23b-038ea51a580d] Register server push request handler:com.alibaba.nacos.common.remote.client.RpcClient$ConnectResetRequestHandler
13:53:40.134 [main] INFO  c.a.n.c.r.client - [printIfInfoEnabled,60] - [7371768f-97e2-4e16-b23b-038ea51a580d] Register server push request handler:com.alibaba.nacos.common.remote.client.RpcClient$$Lambda$480/0x000000080101d7d8
13:53:40.137 [com.alibaba.nacos.client.remote.worker] INFO  c.a.n.c.r.client - [printIfInfoEnabled,60] - [7371768f-97e2-4e16-b23b-038ea51a580d] Notify connected event to listeners.
13:53:40.192 [main] INFO  o.a.c.h.Http11NioProtocol - [log,173] - Starting ProtocolHandler ["http-nio-9203"]
13:53:40.220 [main] INFO  c.a.c.n.r.NacosServiceRegistry - [register,75] - nacos registry, DEFAULT_GROUP cms-job 10.10.8.130:9203 register finished
13:53:40.522 [main] INFO  o.q.c.QuartzScheduler - [start,547] - Scheduler quartzScheduler_$_NON_CLUSTERED started.
13:53:40.542 [main] INFO  c.c.j.CMSJobApplication - [logStarted,61] - Started CMSJobApplication in 12.55 seconds (JVM running for 13.928)
13:53:40.553 [main] INFO  c.a.c.n.r.NacosContextRefresher - [registerNacosListener,129] - [Nacos Config] Listening config: dataId=cms-job-dev.yml, group=DEFAULT_GROUP
13:53:40.553 [main] INFO  c.a.c.n.r.NacosContextRefresher - [registerNacosListener,129] - [Nacos Config] Listening config: dataId=cms-job.yml, group=DEFAULT_GROUP
13:53:40.554 [main] INFO  c.a.c.n.r.NacosContextRefresher - [registerNacosListener,129] - [Nacos Config] Listening config: dataId=cms-job, group=DEFAULT_GROUP
13:53:40.683 [nacos-grpc-client-executor-10] INFO  c.a.n.c.r.client - [printIfInfoEnabled,60] - [7371768f-97e2-4e16-b23b-038ea51a580d] Receive server push request, request = NotifySubscriberRequest, requestId = 70
13:53:40.686 [nacos-grpc-client-executor-10] INFO  c.a.n.c.r.client - [printIfInfoEnabled,60] - [7371768f-97e2-4e16-b23b-038ea51a580d] Ack server push request, request = NotifySubscriberRequest, requestId = 70
13:53:40.949 [RMI TCP Connection(3)-127.0.0.1] INFO  o.a.c.c.C.[.[.[/] - [log,173] - Initializing Spring DispatcherServlet 'dispatcherServlet'
