08:54:46.400 [SpringApplicationShutdownHook] INFO  o.q.c.QuartzScheduler - [standby,585] - Scheduler quartzScheduler_$_NON_CLUSTERED paused.
08:54:46.475 [SpringApplicationShutdownHook] INFO  c.a.c.n.r.NacosServiceRegistry - [deregister,94] - De-registering from Nacos Server now...
08:54:46.495 [SpringApplicationShutdownHook] INFO  c.a.c.n.r.NacosServiceRegistry - [deregister,114] - De-registration finished.
08:54:46.803 [SpringApplicationShutdownHook] INFO  c.a.n.c.r.client - [shutdown,454] - Shutdown rpc client, set status to shutdown
08:54:46.803 [SpringApplicationShutdownHook] INFO  c.a.n.c.r.client - [shutdown,456] - Shutdown client event executor java.util.concurrent.ScheduledThreadPoolExecutor@1c620b8c[Running, pool size = 2, active threads = 2, queued tasks = 0, completed tasks = 0]
08:54:46.804 [SpringApplicationShutdownHook] INFO  c.a.n.c.r.client - [closeConnection,591] - Close current connection 1685635079419_127.0.0.1_64831
08:54:46.807 [nacos-grpc-client-executor-1079] INFO  c.a.n.c.r.c.g.GrpcClient - [printIfInfoEnabled,60] - [1685635079419_127.0.0.1_64831]Ignore complete event,isRunning:false,isAbandon=false
08:54:46.822 [SpringApplicationShutdownHook] INFO  c.a.n.c.r.c.g.GrpcClient - [shutdown,85] - Shutdown grpc executor java.util.concurrent.ThreadPoolExecutor@6d2ef1d[Running, pool size = 5, active threads = 0, queued tasks = 0, completed tasks = 1080]
08:54:47.006 [SpringApplicationShutdownHook] INFO  o.q.c.QuartzScheduler - [shutdown,666] - Scheduler quartzScheduler_$_NON_CLUSTERED shutting down.
08:54:47.006 [SpringApplicationShutdownHook] INFO  o.q.c.QuartzScheduler - [standby,585] - Scheduler quartzScheduler_$_NON_CLUSTERED paused.
08:54:47.007 [SpringApplicationShutdownHook] INFO  o.q.c.QuartzScheduler - [shutdown,740] - Scheduler quartzScheduler_$_NON_CLUSTERED shutdown complete.
08:54:47.011 [SpringApplicationShutdownHook] INFO  c.z.h.HikariDataSource - [close,350] - HikariPool-1 - Shutdown initiated...
08:54:47.034 [SpringApplicationShutdownHook] INFO  c.z.h.HikariDataSource - [close,352] - HikariPool-1 - Shutdown completed.
08:55:02.996 [background-preinit] INFO  o.h.v.i.util.Version - [<clinit>,21] - HV000001: Hibernate Validator 6.2.5.Final
08:55:03.716 [main] INFO  c.a.n.c.r.client - [lambda$createClient$0,80] - [RpcClientFactory] create a new rpc client of 7bdb7ed5-f19c-47b5-a424-73b621a457c1_config-0
08:55:03.789 [main] INFO  o.r.Reflections - [scan,232] - Reflections took 51 ms to scan 1 urls, producing 3 keys and 6 values 
08:55:03.825 [main] INFO  o.r.Reflections - [scan,232] - Reflections took 21 ms to scan 1 urls, producing 4 keys and 9 values 
08:55:03.848 [main] INFO  o.r.Reflections - [scan,232] - Reflections took 18 ms to scan 1 urls, producing 3 keys and 10 values 
08:55:03.873 [main] INFO  o.r.Reflections - [scan,232] - Reflections took 19 ms to scan 1 urls, producing 1 keys and 5 values 
08:55:03.917 [main] INFO  o.r.Reflections - [scan,232] - Reflections took 41 ms to scan 1 urls, producing 1 keys and 7 values 
08:55:03.940 [main] INFO  o.r.Reflections - [scan,232] - Reflections took 19 ms to scan 1 urls, producing 2 keys and 8 values 
08:55:03.946 [main] INFO  c.a.n.c.r.client - [printIfInfoEnabled,60] - [7bdb7ed5-f19c-47b5-a424-73b621a457c1_config-0] RpcClient init label, labels = {module=config, Vipserver-Tag=null, source=sdk, Amory-Tag=null, Location-Tag=null, taskId=0, AppName=unknown}
08:55:03.947 [main] INFO  c.a.n.c.r.client - [printIfInfoEnabled,60] - [7bdb7ed5-f19c-47b5-a424-73b621a457c1_config-0] Register server push request handler:com.alibaba.nacos.client.config.impl.ClientWorker$ConfigRpcTransportClient$$Lambda$468/0x0000000800f1d5f0
08:55:03.948 [main] INFO  c.a.n.c.r.client - [printIfInfoEnabled,60] - [7bdb7ed5-f19c-47b5-a424-73b621a457c1_config-0] Register server push request handler:com.alibaba.nacos.client.config.impl.ClientWorker$ConfigRpcTransportClient$$Lambda$469/0x0000000800f1d818
08:55:03.949 [main] INFO  c.a.n.c.r.client - [printIfInfoEnabled,60] - [7bdb7ed5-f19c-47b5-a424-73b621a457c1_config-0] Registry connection listener to current client:com.alibaba.nacos.client.config.impl.ClientWorker$ConfigRpcTransportClient$1
08:55:03.951 [main] INFO  c.a.n.c.r.client - [printIfInfoEnabled,60] - [7bdb7ed5-f19c-47b5-a424-73b621a457c1_config-0] RpcClient init, ServerListFactory = com.alibaba.nacos.client.config.impl.ClientWorker$ConfigRpcTransportClient$2
08:55:03.967 [main] INFO  c.a.n.c.r.client - [printIfInfoEnabled,60] - [7bdb7ed5-f19c-47b5-a424-73b621a457c1_config-0] Try to connect to server on start up, server: {serverIp = '127.0.0.1', server main port = 8848}
08:55:04.722 [main] INFO  c.a.n.c.r.client - [printIfInfoEnabled,60] - [7bdb7ed5-f19c-47b5-a424-73b621a457c1_config-0] Success to connect to server [127.0.0.1:8848] on start up, connectionId = 1685667304508_127.0.0.1_51705
08:55:04.724 [com.alibaba.nacos.client.remote.worker] INFO  c.a.n.c.r.client - [printIfInfoEnabled,60] - [7bdb7ed5-f19c-47b5-a424-73b621a457c1_config-0] Notify connected event to listeners.
08:55:04.725 [main] INFO  c.a.n.c.r.client - [printIfInfoEnabled,60] - [7bdb7ed5-f19c-47b5-a424-73b621a457c1_config-0] Register server push request handler:com.alibaba.nacos.common.remote.client.RpcClient$ConnectResetRequestHandler
08:55:04.726 [main] INFO  c.a.n.c.r.client - [printIfInfoEnabled,60] - [7bdb7ed5-f19c-47b5-a424-73b621a457c1_config-0] Register server push request handler:com.alibaba.nacos.common.remote.client.RpcClient$$Lambda$480/0x000000080102d7d8
08:55:04.877 [main] INFO  c.c.j.CMSJobApplication - [logStartupProfileInfo,637] - The following 1 profile is active: "dev"
08:55:09.247 [main] INFO  o.a.c.h.Http11NioProtocol - [log,173] - Initializing ProtocolHandler ["http-nio-9203"]
08:55:09.251 [main] INFO  o.a.c.c.StandardService - [log,173] - Starting service [Tomcat]
08:55:09.252 [main] INFO  o.a.c.c.StandardEngine - [log,173] - Starting Servlet engine: [Apache Tomcat/9.0.70]
08:55:09.605 [main] INFO  o.a.c.c.C.[.[.[/] - [log,173] - Initializing Spring embedded WebApplicationContext
08:55:10.537 [main] INFO  o.q.i.StdSchedulerFactory - [instantiate,1220] - Using default implementation for ThreadExecutor
08:55:10.567 [main] INFO  o.q.c.SchedulerSignalerImpl - [<init>,61] - Initialized Scheduler Signaller of type: class org.quartz.core.SchedulerSignalerImpl
08:55:10.568 [main] INFO  o.q.c.QuartzScheduler - [<init>,229] - Quartz Scheduler v.2.3.2 created.
08:55:10.569 [main] INFO  o.q.s.RAMJobStore - [initialize,155] - RAMJobStore initialized.
08:55:10.579 [main] INFO  o.q.c.QuartzScheduler - [initialize,294] - Scheduler meta-data: Quartz Scheduler (v2.3.2) 'quartzScheduler' with instanceId 'NON_CLUSTERED'
  Scheduler class: 'org.quartz.core.QuartzScheduler' - running locally.
  NOT STARTED.
  Currently in standby mode.
  Number of jobs executed: 0
  Using thread pool 'org.quartz.simpl.SimpleThreadPool' - with 10 threads.
  Using job-store 'org.quartz.simpl.RAMJobStore' - which does not support persistence. and is not clustered.

08:55:10.579 [main] INFO  o.q.i.StdSchedulerFactory - [instantiate,1374] - Quartz scheduler 'quartzScheduler' initialized from an externally provided properties instance.
08:55:10.579 [main] INFO  o.q.i.StdSchedulerFactory - [instantiate,1378] - Quartz scheduler version: 2.3.2
08:55:10.580 [main] INFO  o.q.c.QuartzScheduler - [setJobFactory,2293] - JobFactory set to: org.springframework.scheduling.quartz.SpringBeanJobFactory@13c81bc5
08:55:11.045 [main] INFO  c.z.h.HikariDataSource - [getConnection,110] - HikariPool-1 - Starting...
08:55:11.462 [main] INFO  c.z.h.HikariDataSource - [getConnection,123] - HikariPool-1 - Start completed.
08:55:12.184 [main] INFO  c.a.c.s.SentinelWebMvcConfigurer - [addInterceptors,52] - [Sentinel Starter] register SentinelWebInterceptor with urlPatterns: [/**].
08:55:14.384 [main] INFO  c.a.n.c.r.client - [lambda$createClient$0,80] - [RpcClientFactory] create a new rpc client of ca98c399-cf44-4f58-865e-f5f3b86bcd44
08:55:14.384 [main] INFO  c.a.n.c.r.client - [printIfInfoEnabled,60] - [ca98c399-cf44-4f58-865e-f5f3b86bcd44] RpcClient init label, labels = {module=naming, source=sdk}
08:55:14.385 [main] INFO  c.a.n.c.r.client - [printIfInfoEnabled,60] - [ca98c399-cf44-4f58-865e-f5f3b86bcd44] RpcClient init, ServerListFactory = com.alibaba.nacos.client.naming.core.ServerListManager
08:55:14.386 [main] INFO  c.a.n.c.r.client - [printIfInfoEnabled,60] - [ca98c399-cf44-4f58-865e-f5f3b86bcd44] Registry connection listener to current client:com.alibaba.nacos.client.naming.remote.gprc.redo.NamingGrpcRedoService
08:55:14.386 [main] INFO  c.a.n.c.r.client - [printIfInfoEnabled,60] - [ca98c399-cf44-4f58-865e-f5f3b86bcd44] Register server push request handler:com.alibaba.nacos.client.naming.remote.gprc.NamingPushRequestHandler
08:55:14.387 [main] INFO  c.a.n.c.r.client - [printIfInfoEnabled,60] - [ca98c399-cf44-4f58-865e-f5f3b86bcd44] Try to connect to server on start up, server: {serverIp = '127.0.0.1', server main port = 8848}
08:55:14.517 [main] INFO  c.a.n.c.r.client - [printIfInfoEnabled,60] - [ca98c399-cf44-4f58-865e-f5f3b86bcd44] Success to connect to server [127.0.0.1:8848] on start up, connectionId = 1685667314399_127.0.0.1_51760
08:55:14.517 [main] INFO  c.a.n.c.r.client - [printIfInfoEnabled,60] - [ca98c399-cf44-4f58-865e-f5f3b86bcd44] Register server push request handler:com.alibaba.nacos.common.remote.client.RpcClient$ConnectResetRequestHandler
08:55:14.517 [com.alibaba.nacos.client.remote.worker] INFO  c.a.n.c.r.client - [printIfInfoEnabled,60] - [ca98c399-cf44-4f58-865e-f5f3b86bcd44] Notify connected event to listeners.
08:55:14.517 [main] INFO  c.a.n.c.r.client - [printIfInfoEnabled,60] - [ca98c399-cf44-4f58-865e-f5f3b86bcd44] Register server push request handler:com.alibaba.nacos.common.remote.client.RpcClient$$Lambda$480/0x000000080102d7d8
08:55:14.546 [main] INFO  o.a.c.h.Http11NioProtocol - [log,173] - Starting ProtocolHandler ["http-nio-9203"]
08:55:14.566 [main] INFO  c.a.c.n.r.NacosServiceRegistry - [register,75] - nacos registry, DEFAULT_GROUP cms-job 10.110.169.44:9203 register finished
08:55:14.817 [main] INFO  o.q.c.QuartzScheduler - [start,547] - Scheduler quartzScheduler_$_NON_CLUSTERED started.
08:55:14.836 [main] INFO  c.c.j.CMSJobApplication - [logStarted,61] - Started CMSJobApplication in 12.598 seconds (JVM running for 14.06)
08:55:14.844 [main] INFO  c.a.c.n.r.NacosContextRefresher - [registerNacosListener,129] - [Nacos Config] Listening config: dataId=cms-job-dev.yml, group=DEFAULT_GROUP
08:55:14.844 [main] INFO  c.a.c.n.r.NacosContextRefresher - [registerNacosListener,129] - [Nacos Config] Listening config: dataId=cms-job.yml, group=DEFAULT_GROUP
08:55:14.844 [main] INFO  c.a.c.n.r.NacosContextRefresher - [registerNacosListener,129] - [Nacos Config] Listening config: dataId=cms-job, group=DEFAULT_GROUP
08:55:15.093 [nacos-grpc-client-executor-9] INFO  c.a.n.c.r.client - [printIfInfoEnabled,60] - [ca98c399-cf44-4f58-865e-f5f3b86bcd44] Receive server push request, request = NotifySubscriberRequest, requestId = 138
08:55:15.097 [nacos-grpc-client-executor-9] INFO  c.a.n.c.r.client - [printIfInfoEnabled,60] - [ca98c399-cf44-4f58-865e-f5f3b86bcd44] Ack server push request, request = NotifySubscriberRequest, requestId = 138
08:55:15.132 [RMI TCP Connection(7)-10.110.169.44] INFO  o.a.c.c.C.[.[.[/] - [log,173] - Initializing Spring DispatcherServlet 'dispatcherServlet'
