18:59:59.195 [SpringApplicationShutdownHook] INFO  o.q.c.QuartzScheduler - [standby,585] - Scheduler quartzScheduler_$_NON_CLUSTERED paused.
19:00:00.584 [SpringApplicationShutdownHook] INFO  c.a.c.n.r.NacosServiceRegistry - [deregister,94] - De-registering from Nacos Server now...
19:00:00.592 [SpringApplicationShutdownHook] INFO  c.a.c.n.r.NacosServiceRegistry - [deregister,114] - De-registration finished.
19:00:00.913 [SpringApplicationShutdownHook] INFO  c.a.n.c.r.client - [shutdown,454] - Shutdown rpc client, set status to shutdown
19:00:00.913 [SpringApplicationShutdownHook] INFO  c.a.n.c.r.client - [shutdown,456] - Shutdown client event executor java.util.concurrent.ScheduledThreadPoolExecutor@5acae2bb[Running, pool size = 2, active threads = 2, queued tasks = 0, completed tasks = 0]
19:00:00.920 [SpringApplicationShutdownHook] INFO  c.a.n.c.r.client - [closeConnection,591] - Close current connection 1683500188291_127.0.0.1_57934
19:00:00.929 [nacos-grpc-client-executor-7042] INFO  c.a.n.c.r.c.g.GrpcClient - [printIfInfoEnabled,60] - [1683500188291_127.0.0.1_57934]Ignore complete event,isRunning:false,isAbandon=false
19:00:00.968 [SpringApplicationShutdownHook] INFO  c.a.n.c.r.c.g.GrpcClient - [shutdown,85] - Shutdown grpc executor java.util.concurrent.ThreadPoolExecutor@610b4542[Running, pool size = 6, active threads = 0, queued tasks = 0, completed tasks = 7043]
19:00:01.192 [SpringApplicationShutdownHook] INFO  o.q.c.QuartzScheduler - [shutdown,666] - Scheduler quartzScheduler_$_NON_CLUSTERED shutting down.
19:00:01.192 [SpringApplicationShutdownHook] INFO  o.q.c.QuartzScheduler - [standby,585] - Scheduler quartzScheduler_$_NON_CLUSTERED paused.
19:00:01.194 [SpringApplicationShutdownHook] INFO  o.q.c.QuartzScheduler - [shutdown,740] - Scheduler quartzScheduler_$_NON_CLUSTERED shutdown complete.
19:00:01.198 [SpringApplicationShutdownHook] INFO  c.z.h.HikariDataSource - [close,350] - HikariPool-1 - Shutdown initiated...
19:00:01.204 [SpringApplicationShutdownHook] INFO  c.z.h.HikariDataSource - [close,352] - HikariPool-1 - Shutdown completed.
19:00:06.987 [background-preinit] INFO  o.h.v.i.util.Version - [<clinit>,21] - HV000001: Hibernate Validator 6.2.5.Final
19:00:07.458 [main] INFO  c.a.n.c.r.client - [lambda$createClient$0,80] - [RpcClientFactory] create a new rpc client of 2ba2505a-89f8-4e4c-bcdf-15bd1baa8605_config-0
19:00:07.517 [main] INFO  o.r.Reflections - [scan,232] - Reflections took 29 ms to scan 1 urls, producing 3 keys and 6 values 
19:00:07.552 [main] INFO  o.r.Reflections - [scan,232] - Reflections took 19 ms to scan 1 urls, producing 4 keys and 9 values 
19:00:07.570 [main] INFO  o.r.Reflections - [scan,232] - Reflections took 15 ms to scan 1 urls, producing 3 keys and 10 values 
19:00:07.592 [main] INFO  o.r.Reflections - [scan,232] - Reflections took 17 ms to scan 1 urls, producing 1 keys and 5 values 
19:00:07.608 [main] INFO  o.r.Reflections - [scan,232] - Reflections took 14 ms to scan 1 urls, producing 1 keys and 7 values 
19:00:07.627 [main] INFO  o.r.Reflections - [scan,232] - Reflections took 16 ms to scan 1 urls, producing 2 keys and 8 values 
19:00:07.631 [main] INFO  c.a.n.c.r.client - [printIfInfoEnabled,60] - [2ba2505a-89f8-4e4c-bcdf-15bd1baa8605_config-0] RpcClient init label, labels = {module=config, Vipserver-Tag=null, source=sdk, Amory-Tag=null, Location-Tag=null, taskId=0, AppName=unknown}
19:00:07.632 [main] INFO  c.a.n.c.r.client - [printIfInfoEnabled,60] - [2ba2505a-89f8-4e4c-bcdf-15bd1baa8605_config-0] Register server push request handler:com.alibaba.nacos.client.config.impl.ClientWorker$ConfigRpcTransportClient$$Lambda$468/0x0000000800f3c008
19:00:07.633 [main] INFO  c.a.n.c.r.client - [printIfInfoEnabled,60] - [2ba2505a-89f8-4e4c-bcdf-15bd1baa8605_config-0] Register server push request handler:com.alibaba.nacos.client.config.impl.ClientWorker$ConfigRpcTransportClient$$Lambda$469/0x0000000800f3c230
19:00:07.634 [main] INFO  c.a.n.c.r.client - [printIfInfoEnabled,60] - [2ba2505a-89f8-4e4c-bcdf-15bd1baa8605_config-0] Registry connection listener to current client:com.alibaba.nacos.client.config.impl.ClientWorker$ConfigRpcTransportClient$1
19:00:07.634 [main] INFO  c.a.n.c.r.client - [printIfInfoEnabled,60] - [2ba2505a-89f8-4e4c-bcdf-15bd1baa8605_config-0] RpcClient init, ServerListFactory = com.alibaba.nacos.client.config.impl.ClientWorker$ConfigRpcTransportClient$2
19:00:07.645 [main] INFO  c.a.n.c.r.client - [printIfInfoEnabled,60] - [2ba2505a-89f8-4e4c-bcdf-15bd1baa8605_config-0] Try to connect to server on start up, server: {serverIp = '127.0.0.1', server main port = 8848}
19:00:08.317 [main] INFO  c.a.n.c.r.client - [printIfInfoEnabled,60] - [2ba2505a-89f8-4e4c-bcdf-15bd1baa8605_config-0] Success to connect to server [127.0.0.1:8848] on start up, connectionId = 1683630008112_127.0.0.1_51829
19:00:08.318 [com.alibaba.nacos.client.remote.worker] INFO  c.a.n.c.r.client - [printIfInfoEnabled,60] - [2ba2505a-89f8-4e4c-bcdf-15bd1baa8605_config-0] Notify connected event to listeners.
19:00:08.318 [main] INFO  c.a.n.c.r.client - [printIfInfoEnabled,60] - [2ba2505a-89f8-4e4c-bcdf-15bd1baa8605_config-0] Register server push request handler:com.alibaba.nacos.common.remote.client.RpcClient$ConnectResetRequestHandler
19:00:08.319 [main] INFO  c.a.n.c.r.client - [printIfInfoEnabled,60] - [2ba2505a-89f8-4e4c-bcdf-15bd1baa8605_config-0] Register server push request handler:com.alibaba.nacos.common.remote.client.RpcClient$$Lambda$480/0x000000080103c290
19:00:08.423 [main] INFO  c.c.j.RuoYiJobApplication - [logStartupProfileInfo,637] - The following 1 profile is active: "dev"
19:00:11.016 [main] INFO  o.a.c.h.Http11NioProtocol - [log,173] - Initializing ProtocolHandler ["http-nio-9203"]
19:00:11.017 [main] INFO  o.a.c.c.StandardService - [log,173] - Starting service [Tomcat]
19:00:11.017 [main] INFO  o.a.c.c.StandardEngine - [log,173] - Starting Servlet engine: [Apache Tomcat/9.0.70]
19:00:11.145 [main] INFO  o.a.c.c.C.[.[.[/] - [log,173] - Initializing Spring embedded WebApplicationContext
19:00:11.470 [main] INFO  o.q.i.StdSchedulerFactory - [instantiate,1220] - Using default implementation for ThreadExecutor
19:00:11.481 [main] INFO  o.q.c.SchedulerSignalerImpl - [<init>,61] - Initialized Scheduler Signaller of type: class org.quartz.core.SchedulerSignalerImpl
19:00:11.482 [main] INFO  o.q.c.QuartzScheduler - [<init>,229] - Quartz Scheduler v.2.3.2 created.
19:00:11.482 [main] INFO  o.q.s.RAMJobStore - [initialize,155] - RAMJobStore initialized.
19:00:11.483 [main] INFO  o.q.c.QuartzScheduler - [initialize,294] - Scheduler meta-data: Quartz Scheduler (v2.3.2) 'quartzScheduler' with instanceId 'NON_CLUSTERED'
  Scheduler class: 'org.quartz.core.QuartzScheduler' - running locally.
  NOT STARTED.
  Currently in standby mode.
  Number of jobs executed: 0
  Using thread pool 'org.quartz.simpl.SimpleThreadPool' - with 10 threads.
  Using job-store 'org.quartz.simpl.RAMJobStore' - which does not support persistence. and is not clustered.

19:00:11.483 [main] INFO  o.q.i.StdSchedulerFactory - [instantiate,1374] - Quartz scheduler 'quartzScheduler' initialized from an externally provided properties instance.
19:00:11.483 [main] INFO  o.q.i.StdSchedulerFactory - [instantiate,1378] - Quartz scheduler version: 2.3.2
19:00:11.483 [main] INFO  o.q.c.QuartzScheduler - [setJobFactory,2293] - JobFactory set to: org.springframework.scheduling.quartz.SpringBeanJobFactory@8dbf0f2
19:00:11.721 [main] INFO  c.z.h.HikariDataSource - [getConnection,110] - HikariPool-1 - Starting...
19:00:11.983 [main] INFO  c.z.h.HikariDataSource - [getConnection,123] - HikariPool-1 - Start completed.
19:00:13.221 [main] INFO  c.a.c.s.SentinelWebMvcConfigurer - [addInterceptors,52] - [Sentinel Starter] register SentinelWebInterceptor with urlPatterns: [/**].
19:00:16.297 [main] INFO  c.a.n.c.r.client - [lambda$createClient$0,80] - [RpcClientFactory] create a new rpc client of 27b8125b-81d4-45ae-9297-11d043642c59
19:00:16.298 [main] INFO  c.a.n.c.r.client - [printIfInfoEnabled,60] - [27b8125b-81d4-45ae-9297-11d043642c59] RpcClient init label, labels = {module=naming, source=sdk}
19:00:16.300 [main] INFO  c.a.n.c.r.client - [printIfInfoEnabled,60] - [27b8125b-81d4-45ae-9297-11d043642c59] RpcClient init, ServerListFactory = com.alibaba.nacos.client.naming.core.ServerListManager
19:00:16.300 [main] INFO  c.a.n.c.r.client - [printIfInfoEnabled,60] - [27b8125b-81d4-45ae-9297-11d043642c59] Registry connection listener to current client:com.alibaba.nacos.client.naming.remote.gprc.redo.NamingGrpcRedoService
19:00:16.300 [main] INFO  c.a.n.c.r.client - [printIfInfoEnabled,60] - [27b8125b-81d4-45ae-9297-11d043642c59] Register server push request handler:com.alibaba.nacos.client.naming.remote.gprc.NamingPushRequestHandler
19:00:16.301 [main] INFO  c.a.n.c.r.client - [printIfInfoEnabled,60] - [27b8125b-81d4-45ae-9297-11d043642c59] Try to connect to server on start up, server: {serverIp = '127.0.0.1', server main port = 8848}
19:00:16.434 [main] INFO  c.a.n.c.r.client - [printIfInfoEnabled,60] - [27b8125b-81d4-45ae-9297-11d043642c59] Success to connect to server [127.0.0.1:8848] on start up, connectionId = 1683630016317_127.0.0.1_51945
19:00:16.435 [main] INFO  c.a.n.c.r.client - [printIfInfoEnabled,60] - [27b8125b-81d4-45ae-9297-11d043642c59] Register server push request handler:com.alibaba.nacos.common.remote.client.RpcClient$ConnectResetRequestHandler
19:00:16.435 [com.alibaba.nacos.client.remote.worker] INFO  c.a.n.c.r.client - [printIfInfoEnabled,60] - [27b8125b-81d4-45ae-9297-11d043642c59] Notify connected event to listeners.
19:00:16.435 [main] INFO  c.a.n.c.r.client - [printIfInfoEnabled,60] - [27b8125b-81d4-45ae-9297-11d043642c59] Register server push request handler:com.alibaba.nacos.common.remote.client.RpcClient$$Lambda$480/0x000000080103c290
19:00:16.462 [main] INFO  o.a.c.h.Http11NioProtocol - [log,173] - Starting ProtocolHandler ["http-nio-9203"]
19:00:16.482 [main] INFO  c.a.c.n.r.NacosServiceRegistry - [register,75] - nacos registry, DEFAULT_GROUP cms-job 192.168.1.9:9203 register finished
19:00:16.801 [main] INFO  o.q.c.QuartzScheduler - [start,547] - Scheduler quartzScheduler_$_NON_CLUSTERED started.
19:00:16.820 [main] INFO  c.c.j.RuoYiJobApplication - [logStarted,61] - Started RuoYiJobApplication in 10.46 seconds (JVM running for 11.682)
19:00:16.840 [main] INFO  c.a.c.n.r.NacosContextRefresher - [registerNacosListener,129] - [Nacos Config] Listening config: dataId=cms-job-dev.yml, group=DEFAULT_GROUP
19:00:16.841 [main] INFO  c.a.c.n.r.NacosContextRefresher - [registerNacosListener,129] - [Nacos Config] Listening config: dataId=cms-job.yml, group=DEFAULT_GROUP
19:00:16.841 [main] INFO  c.a.c.n.r.NacosContextRefresher - [registerNacosListener,129] - [Nacos Config] Listening config: dataId=cms-job, group=DEFAULT_GROUP
19:00:16.968 [nacos-grpc-client-executor-9] INFO  c.a.n.c.r.client - [printIfInfoEnabled,60] - [27b8125b-81d4-45ae-9297-11d043642c59] Receive server push request, request = NotifySubscriberRequest, requestId = 697
19:00:16.971 [nacos-grpc-client-executor-9] INFO  c.a.n.c.r.client - [printIfInfoEnabled,60] - [27b8125b-81d4-45ae-9297-11d043642c59] Ack server push request, request = NotifySubscriberRequest, requestId = 697
19:00:17.164 [RMI TCP Connection(2)-192.168.1.9] INFO  o.a.c.c.C.[.[.[/] - [log,173] - Initializing Spring DispatcherServlet 'dispatcherServlet'
23:14:54.067 [SpringApplicationShutdownHook] INFO  o.q.c.QuartzScheduler - [standby,585] - Scheduler quartzScheduler_$_NON_CLUSTERED paused.
23:14:55.159 [SpringApplicationShutdownHook] INFO  c.a.c.n.r.NacosServiceRegistry - [deregister,94] - De-registering from Nacos Server now...
23:14:55.163 [SpringApplicationShutdownHook] INFO  c.a.c.n.r.NacosServiceRegistry - [deregister,114] - De-registration finished.
23:14:55.474 [SpringApplicationShutdownHook] INFO  c.a.n.c.r.client - [shutdown,454] - Shutdown rpc client, set status to shutdown
23:14:55.475 [SpringApplicationShutdownHook] INFO  c.a.n.c.r.client - [shutdown,456] - Shutdown client event executor java.util.concurrent.ScheduledThreadPoolExecutor@30b9cf73[Running, pool size = 2, active threads = 2, queued tasks = 0, completed tasks = 0]
23:14:55.476 [SpringApplicationShutdownHook] INFO  c.a.n.c.r.client - [closeConnection,591] - Close current connection 1683630016317_127.0.0.1_51945
23:14:55.482 [nacos-grpc-client-executor-499] INFO  c.a.n.c.r.c.g.GrpcClient - [printIfInfoEnabled,60] - [1683630016317_127.0.0.1_51945]Ignore complete event,isRunning:false,isAbandon=false
23:14:55.490 [SpringApplicationShutdownHook] INFO  c.a.n.c.r.c.g.GrpcClient - [shutdown,85] - Shutdown grpc executor java.util.concurrent.ThreadPoolExecutor@35e53a10[Running, pool size = 4, active threads = 0, queued tasks = 0, completed tasks = 500]
23:14:55.644 [SpringApplicationShutdownHook] INFO  o.q.c.QuartzScheduler - [shutdown,666] - Scheduler quartzScheduler_$_NON_CLUSTERED shutting down.
23:14:55.645 [SpringApplicationShutdownHook] INFO  o.q.c.QuartzScheduler - [standby,585] - Scheduler quartzScheduler_$_NON_CLUSTERED paused.
23:14:55.645 [SpringApplicationShutdownHook] INFO  o.q.c.QuartzScheduler - [shutdown,740] - Scheduler quartzScheduler_$_NON_CLUSTERED shutdown complete.
23:14:55.649 [SpringApplicationShutdownHook] INFO  c.z.h.HikariDataSource - [close,350] - HikariPool-1 - Shutdown initiated...
23:14:55.654 [SpringApplicationShutdownHook] INFO  c.z.h.HikariDataSource - [close,352] - HikariPool-1 - Shutdown completed.
23:15:02.666 [background-preinit] INFO  o.h.v.i.util.Version - [<clinit>,21] - HV000001: Hibernate Validator 6.2.5.Final
23:15:03.274 [main] INFO  c.a.n.c.r.client - [lambda$createClient$0,80] - [RpcClientFactory] create a new rpc client of 17c1673a-acd5-4147-b1e9-30f60d39dc56_config-0
23:15:03.317 [main] INFO  o.r.Reflections - [scan,232] - Reflections took 29 ms to scan 1 urls, producing 3 keys and 6 values 
23:15:03.342 [main] INFO  o.r.Reflections - [scan,232] - Reflections took 15 ms to scan 1 urls, producing 4 keys and 9 values 
23:15:03.358 [main] INFO  o.r.Reflections - [scan,232] - Reflections took 13 ms to scan 1 urls, producing 3 keys and 10 values 
23:15:03.374 [main] INFO  o.r.Reflections - [scan,232] - Reflections took 13 ms to scan 1 urls, producing 1 keys and 5 values 
23:15:03.388 [main] INFO  o.r.Reflections - [scan,232] - Reflections took 12 ms to scan 1 urls, producing 1 keys and 7 values 
23:15:03.409 [main] INFO  o.r.Reflections - [scan,232] - Reflections took 19 ms to scan 1 urls, producing 2 keys and 8 values 
23:15:03.413 [main] INFO  c.a.n.c.r.client - [printIfInfoEnabled,60] - [17c1673a-acd5-4147-b1e9-30f60d39dc56_config-0] RpcClient init label, labels = {module=config, Vipserver-Tag=null, source=sdk, Amory-Tag=null, Location-Tag=null, taskId=0, AppName=unknown}
23:15:03.414 [main] INFO  c.a.n.c.r.client - [printIfInfoEnabled,60] - [17c1673a-acd5-4147-b1e9-30f60d39dc56_config-0] Register server push request handler:com.alibaba.nacos.client.config.impl.ClientWorker$ConfigRpcTransportClient$$Lambda$468/0x0000000800f1cc28
23:15:03.415 [main] INFO  c.a.n.c.r.client - [printIfInfoEnabled,60] - [17c1673a-acd5-4147-b1e9-30f60d39dc56_config-0] Register server push request handler:com.alibaba.nacos.client.config.impl.ClientWorker$ConfigRpcTransportClient$$Lambda$469/0x0000000800f1ce50
23:15:03.415 [main] INFO  c.a.n.c.r.client - [printIfInfoEnabled,60] - [17c1673a-acd5-4147-b1e9-30f60d39dc56_config-0] Registry connection listener to current client:com.alibaba.nacos.client.config.impl.ClientWorker$ConfigRpcTransportClient$1
23:15:03.416 [main] INFO  c.a.n.c.r.client - [printIfInfoEnabled,60] - [17c1673a-acd5-4147-b1e9-30f60d39dc56_config-0] RpcClient init, ServerListFactory = com.alibaba.nacos.client.config.impl.ClientWorker$ConfigRpcTransportClient$2
23:15:03.423 [main] INFO  c.a.n.c.r.client - [printIfInfoEnabled,60] - [17c1673a-acd5-4147-b1e9-30f60d39dc56_config-0] Try to connect to server on start up, server: {serverIp = '127.0.0.1', server main port = 8848}
23:15:03.938 [main] INFO  c.a.n.c.r.client - [printIfInfoEnabled,60] - [17c1673a-acd5-4147-b1e9-30f60d39dc56_config-0] Success to connect to server [127.0.0.1:8848] on start up, connectionId = 1683645303766_127.0.0.1_63719
23:15:03.939 [com.alibaba.nacos.client.remote.worker] INFO  c.a.n.c.r.client - [printIfInfoEnabled,60] - [17c1673a-acd5-4147-b1e9-30f60d39dc56_config-0] Notify connected event to listeners.
23:15:03.939 [main] INFO  c.a.n.c.r.client - [printIfInfoEnabled,60] - [17c1673a-acd5-4147-b1e9-30f60d39dc56_config-0] Register server push request handler:com.alibaba.nacos.common.remote.client.RpcClient$ConnectResetRequestHandler
23:15:03.940 [main] INFO  c.a.n.c.r.client - [printIfInfoEnabled,60] - [17c1673a-acd5-4147-b1e9-30f60d39dc56_config-0] Register server push request handler:com.alibaba.nacos.common.remote.client.RpcClient$$Lambda$480/0x000000080101d7d8
23:15:04.056 [main] INFO  c.c.j.RuoYiJobApplication - [logStartupProfileInfo,637] - The following 1 profile is active: "dev"
23:15:06.295 [main] INFO  o.a.c.h.Http11NioProtocol - [log,173] - Initializing ProtocolHandler ["http-nio-9203"]
23:15:06.295 [main] INFO  o.a.c.c.StandardService - [log,173] - Starting service [Tomcat]
23:15:06.295 [main] INFO  o.a.c.c.StandardEngine - [log,173] - Starting Servlet engine: [Apache Tomcat/9.0.70]
23:15:06.442 [main] INFO  o.a.c.c.C.[.[.[/] - [log,173] - Initializing Spring embedded WebApplicationContext
23:15:06.782 [main] INFO  o.q.i.StdSchedulerFactory - [instantiate,1220] - Using default implementation for ThreadExecutor
23:15:06.797 [main] INFO  o.q.c.SchedulerSignalerImpl - [<init>,61] - Initialized Scheduler Signaller of type: class org.quartz.core.SchedulerSignalerImpl
23:15:06.797 [main] INFO  o.q.c.QuartzScheduler - [<init>,229] - Quartz Scheduler v.2.3.2 created.
23:15:06.797 [main] INFO  o.q.s.RAMJobStore - [initialize,155] - RAMJobStore initialized.
23:15:06.798 [main] INFO  o.q.c.QuartzScheduler - [initialize,294] - Scheduler meta-data: Quartz Scheduler (v2.3.2) 'quartzScheduler' with instanceId 'NON_CLUSTERED'
  Scheduler class: 'org.quartz.core.QuartzScheduler' - running locally.
  NOT STARTED.
  Currently in standby mode.
  Number of jobs executed: 0
  Using thread pool 'org.quartz.simpl.SimpleThreadPool' - with 10 threads.
  Using job-store 'org.quartz.simpl.RAMJobStore' - which does not support persistence. and is not clustered.

23:15:06.798 [main] INFO  o.q.i.StdSchedulerFactory - [instantiate,1374] - Quartz scheduler 'quartzScheduler' initialized from an externally provided properties instance.
23:15:06.798 [main] INFO  o.q.i.StdSchedulerFactory - [instantiate,1378] - Quartz scheduler version: 2.3.2
23:15:06.798 [main] INFO  o.q.c.QuartzScheduler - [setJobFactory,2293] - JobFactory set to: org.springframework.scheduling.quartz.SpringBeanJobFactory@50d05167
23:15:07.002 [main] INFO  c.z.h.HikariDataSource - [getConnection,110] - HikariPool-1 - Starting...
23:15:07.387 [main] INFO  c.z.h.HikariDataSource - [getConnection,123] - HikariPool-1 - Start completed.
23:15:08.087 [main] INFO  c.a.c.s.SentinelWebMvcConfigurer - [addInterceptors,52] - [Sentinel Starter] register SentinelWebInterceptor with urlPatterns: [/**].
23:15:10.941 [main] INFO  c.a.n.c.r.client - [lambda$createClient$0,80] - [RpcClientFactory] create a new rpc client of bf56ba67-e3cc-4e38-b054-72763d179a69
23:15:10.942 [main] INFO  c.a.n.c.r.client - [printIfInfoEnabled,60] - [bf56ba67-e3cc-4e38-b054-72763d179a69] RpcClient init label, labels = {module=naming, source=sdk}
23:15:10.944 [main] INFO  c.a.n.c.r.client - [printIfInfoEnabled,60] - [bf56ba67-e3cc-4e38-b054-72763d179a69] RpcClient init, ServerListFactory = com.alibaba.nacos.client.naming.core.ServerListManager
23:15:10.945 [main] INFO  c.a.n.c.r.client - [printIfInfoEnabled,60] - [bf56ba67-e3cc-4e38-b054-72763d179a69] Registry connection listener to current client:com.alibaba.nacos.client.naming.remote.gprc.redo.NamingGrpcRedoService
23:15:10.945 [main] INFO  c.a.n.c.r.client - [printIfInfoEnabled,60] - [bf56ba67-e3cc-4e38-b054-72763d179a69] Register server push request handler:com.alibaba.nacos.client.naming.remote.gprc.NamingPushRequestHandler
23:15:10.946 [main] INFO  c.a.n.c.r.client - [printIfInfoEnabled,60] - [bf56ba67-e3cc-4e38-b054-72763d179a69] Try to connect to server on start up, server: {serverIp = '127.0.0.1', server main port = 8848}
23:15:11.081 [main] INFO  c.a.n.c.r.client - [printIfInfoEnabled,60] - [bf56ba67-e3cc-4e38-b054-72763d179a69] Success to connect to server [127.0.0.1:8848] on start up, connectionId = 1683645310960_127.0.0.1_63855
23:15:11.082 [main] INFO  c.a.n.c.r.client - [printIfInfoEnabled,60] - [bf56ba67-e3cc-4e38-b054-72763d179a69] Register server push request handler:com.alibaba.nacos.common.remote.client.RpcClient$ConnectResetRequestHandler
23:15:11.082 [com.alibaba.nacos.client.remote.worker] INFO  c.a.n.c.r.client - [printIfInfoEnabled,60] - [bf56ba67-e3cc-4e38-b054-72763d179a69] Notify connected event to listeners.
23:15:11.082 [main] INFO  c.a.n.c.r.client - [printIfInfoEnabled,60] - [bf56ba67-e3cc-4e38-b054-72763d179a69] Register server push request handler:com.alibaba.nacos.common.remote.client.RpcClient$$Lambda$480/0x000000080101d7d8
23:15:11.155 [main] INFO  o.a.c.h.Http11NioProtocol - [log,173] - Starting ProtocolHandler ["http-nio-9203"]
23:15:11.203 [main] INFO  c.a.c.n.r.NacosServiceRegistry - [register,75] - nacos registry, DEFAULT_GROUP cms-job 192.168.1.9:9203 register finished
23:15:11.652 [nacos-grpc-client-executor-9] INFO  c.a.n.c.r.client - [printIfInfoEnabled,60] - [bf56ba67-e3cc-4e38-b054-72763d179a69] Receive server push request, request = NotifySubscriberRequest, requestId = 731
23:15:11.661 [nacos-grpc-client-executor-9] INFO  c.a.n.c.r.client - [printIfInfoEnabled,60] - [bf56ba67-e3cc-4e38-b054-72763d179a69] Ack server push request, request = NotifySubscriberRequest, requestId = 731
23:15:11.719 [main] INFO  o.q.c.QuartzScheduler - [start,547] - Scheduler quartzScheduler_$_NON_CLUSTERED started.
23:15:11.740 [main] INFO  c.c.j.RuoYiJobApplication - [logStarted,61] - Started RuoYiJobApplication in 10.035 seconds (JVM running for 11.187)
23:15:11.752 [main] INFO  c.a.c.n.r.NacosContextRefresher - [registerNacosListener,129] - [Nacos Config] Listening config: dataId=cms-job-dev.yml, group=DEFAULT_GROUP
23:15:11.752 [main] INFO  c.a.c.n.r.NacosContextRefresher - [registerNacosListener,129] - [Nacos Config] Listening config: dataId=cms-job.yml, group=DEFAULT_GROUP
23:15:11.753 [main] INFO  c.a.c.n.r.NacosContextRefresher - [registerNacosListener,129] - [Nacos Config] Listening config: dataId=cms-job, group=DEFAULT_GROUP
23:15:12.170 [RMI TCP Connection(3)-192.168.1.9] INFO  o.a.c.c.C.[.[.[/] - [log,173] - Initializing Spring DispatcherServlet 'dispatcherServlet'
23:32:34.143 [SpringApplicationShutdownHook] INFO  o.q.c.QuartzScheduler - [standby,585] - Scheduler quartzScheduler_$_NON_CLUSTERED paused.
23:32:35.177 [SpringApplicationShutdownHook] INFO  c.a.c.n.r.NacosServiceRegistry - [deregister,94] - De-registering from Nacos Server now...
23:32:35.180 [SpringApplicationShutdownHook] INFO  c.a.c.n.r.NacosServiceRegistry - [deregister,114] - De-registration finished.
23:32:35.489 [SpringApplicationShutdownHook] INFO  c.a.n.c.r.client - [shutdown,454] - Shutdown rpc client, set status to shutdown
23:32:35.490 [SpringApplicationShutdownHook] INFO  c.a.n.c.r.client - [shutdown,456] - Shutdown client event executor java.util.concurrent.ScheduledThreadPoolExecutor@1990d7cb[Running, pool size = 2, active threads = 2, queued tasks = 0, completed tasks = 0]
23:32:35.490 [SpringApplicationShutdownHook] INFO  c.a.n.c.r.client - [closeConnection,591] - Close current connection 1683645310960_127.0.0.1_63855
23:32:35.491 [nacos-grpc-client-executor-297] INFO  c.a.n.c.r.c.g.GrpcClient - [printIfInfoEnabled,60] - [1683645310960_127.0.0.1_63855]Ignore complete event,isRunning:false,isAbandon=false
23:32:35.495 [SpringApplicationShutdownHook] INFO  c.a.n.c.r.c.g.GrpcClient - [shutdown,85] - Shutdown grpc executor java.util.concurrent.ThreadPoolExecutor@513a6cbf[Running, pool size = 5, active threads = 0, queued tasks = 0, completed tasks = 298]
23:32:35.670 [SpringApplicationShutdownHook] INFO  o.q.c.QuartzScheduler - [shutdown,666] - Scheduler quartzScheduler_$_NON_CLUSTERED shutting down.
23:32:35.671 [SpringApplicationShutdownHook] INFO  o.q.c.QuartzScheduler - [standby,585] - Scheduler quartzScheduler_$_NON_CLUSTERED paused.
23:32:35.673 [SpringApplicationShutdownHook] INFO  o.q.c.QuartzScheduler - [shutdown,740] - Scheduler quartzScheduler_$_NON_CLUSTERED shutdown complete.
23:32:35.678 [SpringApplicationShutdownHook] INFO  c.z.h.HikariDataSource - [close,350] - HikariPool-1 - Shutdown initiated...
23:32:35.697 [SpringApplicationShutdownHook] INFO  c.z.h.HikariDataSource - [close,352] - HikariPool-1 - Shutdown completed.
23:32:42.444 [background-preinit] INFO  o.h.v.i.util.Version - [<clinit>,21] - HV000001: Hibernate Validator 6.2.5.Final
23:32:42.973 [main] INFO  c.a.n.c.r.client - [lambda$createClient$0,80] - [RpcClientFactory] create a new rpc client of 11a1bcc1-2084-4460-b80d-67d830300623_config-0
23:32:43.016 [main] INFO  o.r.Reflections - [scan,232] - Reflections took 30 ms to scan 1 urls, producing 3 keys and 6 values 
23:32:43.061 [main] INFO  o.r.Reflections - [scan,232] - Reflections took 23 ms to scan 1 urls, producing 4 keys and 9 values 
23:32:43.079 [main] INFO  o.r.Reflections - [scan,232] - Reflections took 15 ms to scan 1 urls, producing 3 keys and 10 values 
23:32:43.097 [main] INFO  o.r.Reflections - [scan,232] - Reflections took 15 ms to scan 1 urls, producing 1 keys and 5 values 
23:32:43.114 [main] INFO  o.r.Reflections - [scan,232] - Reflections took 15 ms to scan 1 urls, producing 1 keys and 7 values 
23:32:43.133 [main] INFO  o.r.Reflections - [scan,232] - Reflections took 14 ms to scan 1 urls, producing 2 keys and 8 values 
23:32:43.138 [main] INFO  c.a.n.c.r.client - [printIfInfoEnabled,60] - [11a1bcc1-2084-4460-b80d-67d830300623_config-0] RpcClient init label, labels = {module=config, Vipserver-Tag=null, source=sdk, Amory-Tag=null, Location-Tag=null, taskId=0, AppName=unknown}
23:32:43.139 [main] INFO  c.a.n.c.r.client - [printIfInfoEnabled,60] - [11a1bcc1-2084-4460-b80d-67d830300623_config-0] Register server push request handler:com.alibaba.nacos.client.config.impl.ClientWorker$ConfigRpcTransportClient$$Lambda$468/0x0000000800f3cea8
23:32:43.139 [main] INFO  c.a.n.c.r.client - [printIfInfoEnabled,60] - [11a1bcc1-2084-4460-b80d-67d830300623_config-0] Register server push request handler:com.alibaba.nacos.client.config.impl.ClientWorker$ConfigRpcTransportClient$$Lambda$469/0x0000000800f3d0d0
23:32:43.140 [main] INFO  c.a.n.c.r.client - [printIfInfoEnabled,60] - [11a1bcc1-2084-4460-b80d-67d830300623_config-0] Registry connection listener to current client:com.alibaba.nacos.client.config.impl.ClientWorker$ConfigRpcTransportClient$1
23:32:43.140 [main] INFO  c.a.n.c.r.client - [printIfInfoEnabled,60] - [11a1bcc1-2084-4460-b80d-67d830300623_config-0] RpcClient init, ServerListFactory = com.alibaba.nacos.client.config.impl.ClientWorker$ConfigRpcTransportClient$2
23:32:43.147 [main] INFO  c.a.n.c.r.client - [printIfInfoEnabled,60] - [11a1bcc1-2084-4460-b80d-67d830300623_config-0] Try to connect to server on start up, server: {serverIp = '127.0.0.1', server main port = 8848}
23:32:43.648 [main] INFO  c.a.n.c.r.client - [printIfInfoEnabled,60] - [11a1bcc1-2084-4460-b80d-67d830300623_config-0] Success to connect to server [127.0.0.1:8848] on start up, connectionId = 1683646363457_127.0.0.1_58228
23:32:43.649 [main] INFO  c.a.n.c.r.client - [printIfInfoEnabled,60] - [11a1bcc1-2084-4460-b80d-67d830300623_config-0] Register server push request handler:com.alibaba.nacos.common.remote.client.RpcClient$ConnectResetRequestHandler
23:32:43.649 [com.alibaba.nacos.client.remote.worker] INFO  c.a.n.c.r.client - [printIfInfoEnabled,60] - [11a1bcc1-2084-4460-b80d-67d830300623_config-0] Notify connected event to listeners.
23:32:43.650 [main] INFO  c.a.n.c.r.client - [printIfInfoEnabled,60] - [11a1bcc1-2084-4460-b80d-67d830300623_config-0] Register server push request handler:com.alibaba.nacos.common.remote.client.RpcClient$$Lambda$480/0x000000080103d7d8
23:32:43.726 [main] INFO  c.c.j.RuoYiJobApplication - [logStartupProfileInfo,637] - The following 1 profile is active: "dev"
23:32:46.109 [main] INFO  o.a.c.h.Http11NioProtocol - [log,173] - Initializing ProtocolHandler ["http-nio-9203"]
23:32:46.109 [main] INFO  o.a.c.c.StandardService - [log,173] - Starting service [Tomcat]
23:32:46.109 [main] INFO  o.a.c.c.StandardEngine - [log,173] - Starting Servlet engine: [Apache Tomcat/9.0.70]
23:32:46.237 [main] INFO  o.a.c.c.C.[.[.[/] - [log,173] - Initializing Spring embedded WebApplicationContext
23:32:46.587 [main] INFO  o.q.i.StdSchedulerFactory - [instantiate,1220] - Using default implementation for ThreadExecutor
23:32:46.598 [main] INFO  o.q.c.SchedulerSignalerImpl - [<init>,61] - Initialized Scheduler Signaller of type: class org.quartz.core.SchedulerSignalerImpl
23:32:46.599 [main] INFO  o.q.c.QuartzScheduler - [<init>,229] - Quartz Scheduler v.2.3.2 created.
23:32:46.599 [main] INFO  o.q.s.RAMJobStore - [initialize,155] - RAMJobStore initialized.
23:32:46.600 [main] INFO  o.q.c.QuartzScheduler - [initialize,294] - Scheduler meta-data: Quartz Scheduler (v2.3.2) 'quartzScheduler' with instanceId 'NON_CLUSTERED'
  Scheduler class: 'org.quartz.core.QuartzScheduler' - running locally.
  NOT STARTED.
  Currently in standby mode.
  Number of jobs executed: 0
  Using thread pool 'org.quartz.simpl.SimpleThreadPool' - with 10 threads.
  Using job-store 'org.quartz.simpl.RAMJobStore' - which does not support persistence. and is not clustered.

23:32:46.600 [main] INFO  o.q.i.StdSchedulerFactory - [instantiate,1374] - Quartz scheduler 'quartzScheduler' initialized from an externally provided properties instance.
23:32:46.600 [main] INFO  o.q.i.StdSchedulerFactory - [instantiate,1378] - Quartz scheduler version: 2.3.2
23:32:46.600 [main] INFO  o.q.c.QuartzScheduler - [setJobFactory,2293] - JobFactory set to: org.springframework.scheduling.quartz.SpringBeanJobFactory@13c81bc5
23:32:47.025 [main] INFO  c.z.h.HikariDataSource - [getConnection,110] - HikariPool-1 - Starting...
23:32:47.403 [main] INFO  c.z.h.HikariDataSource - [getConnection,123] - HikariPool-1 - Start completed.
23:32:48.364 [main] INFO  c.a.c.s.SentinelWebMvcConfigurer - [addInterceptors,52] - [Sentinel Starter] register SentinelWebInterceptor with urlPatterns: [/**].
23:32:51.094 [main] INFO  c.a.n.c.r.client - [lambda$createClient$0,80] - [RpcClientFactory] create a new rpc client of 9e8a3fd7-0dac-4156-a252-3f408a0d846c
23:32:51.095 [main] INFO  c.a.n.c.r.client - [printIfInfoEnabled,60] - [9e8a3fd7-0dac-4156-a252-3f408a0d846c] RpcClient init label, labels = {module=naming, source=sdk}
23:32:51.097 [main] INFO  c.a.n.c.r.client - [printIfInfoEnabled,60] - [9e8a3fd7-0dac-4156-a252-3f408a0d846c] RpcClient init, ServerListFactory = com.alibaba.nacos.client.naming.core.ServerListManager
23:32:51.098 [main] INFO  c.a.n.c.r.client - [printIfInfoEnabled,60] - [9e8a3fd7-0dac-4156-a252-3f408a0d846c] Registry connection listener to current client:com.alibaba.nacos.client.naming.remote.gprc.redo.NamingGrpcRedoService
23:32:51.098 [main] INFO  c.a.n.c.r.client - [printIfInfoEnabled,60] - [9e8a3fd7-0dac-4156-a252-3f408a0d846c] Register server push request handler:com.alibaba.nacos.client.naming.remote.gprc.NamingPushRequestHandler
23:32:51.100 [main] INFO  c.a.n.c.r.client - [printIfInfoEnabled,60] - [9e8a3fd7-0dac-4156-a252-3f408a0d846c] Try to connect to server on start up, server: {serverIp = '127.0.0.1', server main port = 8848}
23:32:51.268 [main] INFO  c.a.n.c.r.client - [printIfInfoEnabled,60] - [9e8a3fd7-0dac-4156-a252-3f408a0d846c] Success to connect to server [127.0.0.1:8848] on start up, connectionId = 1683646371125_127.0.0.1_58351
23:32:51.268 [main] INFO  c.a.n.c.r.client - [printIfInfoEnabled,60] - [9e8a3fd7-0dac-4156-a252-3f408a0d846c] Register server push request handler:com.alibaba.nacos.common.remote.client.RpcClient$ConnectResetRequestHandler
23:32:51.268 [main] INFO  c.a.n.c.r.client - [printIfInfoEnabled,60] - [9e8a3fd7-0dac-4156-a252-3f408a0d846c] Register server push request handler:com.alibaba.nacos.common.remote.client.RpcClient$$Lambda$480/0x000000080103d7d8
23:32:51.271 [com.alibaba.nacos.client.remote.worker] INFO  c.a.n.c.r.client - [printIfInfoEnabled,60] - [9e8a3fd7-0dac-4156-a252-3f408a0d846c] Notify connected event to listeners.
23:32:51.329 [main] INFO  o.a.c.h.Http11NioProtocol - [log,173] - Starting ProtocolHandler ["http-nio-9203"]
23:32:51.381 [main] INFO  c.a.c.n.r.NacosServiceRegistry - [register,75] - nacos registry, DEFAULT_GROUP cms-job 192.168.1.9:9203 register finished
23:32:51.827 [nacos-grpc-client-executor-11] INFO  c.a.n.c.r.client - [printIfInfoEnabled,60] - [9e8a3fd7-0dac-4156-a252-3f408a0d846c] Receive server push request, request = NotifySubscriberRequest, requestId = 765
23:32:51.834 [nacos-grpc-client-executor-11] INFO  c.a.n.c.r.client - [printIfInfoEnabled,60] - [9e8a3fd7-0dac-4156-a252-3f408a0d846c] Ack server push request, request = NotifySubscriberRequest, requestId = 765
23:32:51.912 [main] INFO  o.q.c.QuartzScheduler - [start,547] - Scheduler quartzScheduler_$_NON_CLUSTERED started.
23:32:51.938 [main] INFO  c.c.j.RuoYiJobApplication - [logStarted,61] - Started RuoYiJobApplication in 10.281 seconds (JVM running for 11.159)
23:32:51.950 [main] INFO  c.a.c.n.r.NacosContextRefresher - [registerNacosListener,129] - [Nacos Config] Listening config: dataId=cms-job-dev.yml, group=DEFAULT_GROUP
23:32:51.951 [main] INFO  c.a.c.n.r.NacosContextRefresher - [registerNacosListener,129] - [Nacos Config] Listening config: dataId=cms-job.yml, group=DEFAULT_GROUP
23:32:51.951 [main] INFO  c.a.c.n.r.NacosContextRefresher - [registerNacosListener,129] - [Nacos Config] Listening config: dataId=cms-job, group=DEFAULT_GROUP
23:32:52.418 [RMI TCP Connection(3)-192.168.1.9] INFO  o.a.c.c.C.[.[.[/] - [log,173] - Initializing Spring DispatcherServlet 'dispatcherServlet'
