18:30:11.320 [background-preinit] INFO  o.h.v.i.util.Version - [<clinit>,21] - HV000001: Hibernate Validator 6.2.5.Final
18:30:11.797 [main] INFO  c.a.n.c.r.client - [lambda$createClient$0,80] - [RpcClientFactory] create a new rpc client of 2e067528-14cb-4f83-bbca-0248769e3d9a_config-0
18:30:11.883 [main] INFO  o.r.Reflections - [scan,232] - Reflections took 43 ms to scan 1 urls, producing 3 keys and 6 values 
18:30:11.914 [main] INFO  o.r.Reflections - [scan,232] - Reflections took 13 ms to scan 1 urls, producing 4 keys and 9 values 
18:30:11.927 [main] INFO  o.r.Reflections - [scan,232] - Reflections took 10 ms to scan 1 urls, producing 3 keys and 10 values 
18:30:11.945 [main] INFO  o.r.Reflections - [scan,232] - Reflections took 13 ms to scan 1 urls, producing 1 keys and 5 values 
18:30:11.959 [main] INFO  o.r.Reflections - [scan,232] - Reflections took 12 ms to scan 1 urls, producing 1 keys and 7 values 
18:30:11.971 [main] INFO  o.r.Reflections - [scan,232] - Reflections took 10 ms to scan 1 urls, producing 2 keys and 8 values 
18:30:11.980 [main] INFO  c.a.n.c.r.client - [printIfInfoEnabled,60] - [2e067528-14cb-4f83-bbca-0248769e3d9a_config-0] RpcClient init label, labels = {module=config, Vipserver-Tag=null, source=sdk, Amory-Tag=null, Location-Tag=null, taskId=0, AppName=unknown}
18:30:11.981 [main] INFO  c.a.n.c.r.client - [printIfInfoEnabled,60] - [2e067528-14cb-4f83-bbca-0248769e3d9a_config-0] Register server push request handler:com.alibaba.nacos.client.config.impl.ClientWorker$ConfigRpcTransportClient$$Lambda$468/0x0000000800f3c710
18:30:11.981 [main] INFO  c.a.n.c.r.client - [printIfInfoEnabled,60] - [2e067528-14cb-4f83-bbca-0248769e3d9a_config-0] Register server push request handler:com.alibaba.nacos.client.config.impl.ClientWorker$ConfigRpcTransportClient$$Lambda$469/0x0000000800f3c938
18:30:11.981 [main] INFO  c.a.n.c.r.client - [printIfInfoEnabled,60] - [2e067528-14cb-4f83-bbca-0248769e3d9a_config-0] Registry connection listener to current client:com.alibaba.nacos.client.config.impl.ClientWorker$ConfigRpcTransportClient$1
18:30:11.982 [main] INFO  c.a.n.c.r.client - [printIfInfoEnabled,60] - [2e067528-14cb-4f83-bbca-0248769e3d9a_config-0] RpcClient init, ServerListFactory = com.alibaba.nacos.client.config.impl.ClientWorker$ConfigRpcTransportClient$2
18:30:11.988 [main] INFO  c.a.n.c.r.client - [printIfInfoEnabled,60] - [2e067528-14cb-4f83-bbca-0248769e3d9a_config-0] Try to connect to server on start up, server: {serverIp = '127.0.0.1', server main port = 8848}
18:30:12.592 [main] INFO  c.a.n.c.r.client - [printIfInfoEnabled,60] - [2e067528-14cb-4f83-bbca-0248769e3d9a_config-0] Success to connect to server [127.0.0.1:8848] on start up, connectionId = 1706178612392_127.0.0.1_57403
18:30:12.593 [com.alibaba.nacos.client.remote.worker] INFO  c.a.n.c.r.client - [printIfInfoEnabled,60] - [2e067528-14cb-4f83-bbca-0248769e3d9a_config-0] Notify connected event to listeners.
18:30:12.594 [main] INFO  c.a.n.c.r.client - [printIfInfoEnabled,60] - [2e067528-14cb-4f83-bbca-0248769e3d9a_config-0] Register server push request handler:com.alibaba.nacos.common.remote.client.RpcClient$ConnectResetRequestHandler
18:30:12.595 [main] INFO  c.a.n.c.r.client - [printIfInfoEnabled,60] - [2e067528-14cb-4f83-bbca-0248769e3d9a_config-0] Register server push request handler:com.alibaba.nacos.common.remote.client.RpcClient$$Lambda$480/0x000000080103c290
18:30:12.762 [main] INFO  c.c.j.CMSJobApplication - [logStartupProfileInfo,637] - The following 1 profile is active: "dev"
18:30:16.279 [main] INFO  o.a.c.h.Http11NioProtocol - [log,173] - Initializing ProtocolHandler ["http-nio-9203"]
18:30:16.279 [main] INFO  o.a.c.c.StandardService - [log,173] - Starting service [Tomcat]
18:30:16.279 [main] INFO  o.a.c.c.StandardEngine - [log,173] - Starting Servlet engine: [Apache Tomcat/9.0.70]
18:30:16.496 [main] INFO  o.a.c.c.C.[.[.[/] - [log,173] - Initializing Spring embedded WebApplicationContext
18:30:17.151 [main] INFO  o.q.i.StdSchedulerFactory - [instantiate,1220] - Using default implementation for ThreadExecutor
18:30:17.164 [main] INFO  o.q.c.SchedulerSignalerImpl - [<init>,61] - Initialized Scheduler Signaller of type: class org.quartz.core.SchedulerSignalerImpl
18:30:17.165 [main] INFO  o.q.c.QuartzScheduler - [<init>,229] - Quartz Scheduler v.2.3.2 created.
18:30:17.166 [main] INFO  o.q.s.RAMJobStore - [initialize,155] - RAMJobStore initialized.
18:30:17.166 [main] INFO  o.q.c.QuartzScheduler - [initialize,294] - Scheduler meta-data: Quartz Scheduler (v2.3.2) 'quartzScheduler' with instanceId 'NON_CLUSTERED'
  Scheduler class: 'org.quartz.core.QuartzScheduler' - running locally.
  NOT STARTED.
  Currently in standby mode.
  Number of jobs executed: 0
  Using thread pool 'org.quartz.simpl.SimpleThreadPool' - with 10 threads.
  Using job-store 'org.quartz.simpl.RAMJobStore' - which does not support persistence. and is not clustered.

18:30:17.167 [main] INFO  o.q.i.StdSchedulerFactory - [instantiate,1374] - Quartz scheduler 'quartzScheduler' initialized from an externally provided properties instance.
18:30:17.167 [main] INFO  o.q.i.StdSchedulerFactory - [instantiate,1378] - Quartz scheduler version: 2.3.2
18:30:17.167 [main] INFO  o.q.c.QuartzScheduler - [setJobFactory,2293] - JobFactory set to: org.springframework.scheduling.quartz.SpringBeanJobFactory@1cca3e8c
18:30:17.497 [main] INFO  c.z.h.HikariDataSource - [getConnection,110] - HikariPool-1 - Starting...
18:30:18.050 [main] INFO  c.z.h.HikariDataSource - [getConnection,123] - HikariPool-1 - Start completed.
18:30:19.000 [main] INFO  c.a.c.s.SentinelWebMvcConfigurer - [addInterceptors,52] - [Sentinel Starter] register SentinelWebInterceptor with urlPatterns: [/**].
18:30:21.292 [main] INFO  c.a.n.c.r.client - [lambda$createClient$0,80] - [RpcClientFactory] create a new rpc client of 11c543a8-b4a0-46ce-b530-9747b111e308
18:30:21.293 [main] INFO  c.a.n.c.r.client - [printIfInfoEnabled,60] - [11c543a8-b4a0-46ce-b530-9747b111e308] RpcClient init label, labels = {module=naming, source=sdk}
18:30:21.294 [main] INFO  c.a.n.c.r.client - [printIfInfoEnabled,60] - [11c543a8-b4a0-46ce-b530-9747b111e308] RpcClient init, ServerListFactory = com.alibaba.nacos.client.naming.core.ServerListManager
18:30:21.295 [main] INFO  c.a.n.c.r.client - [printIfInfoEnabled,60] - [11c543a8-b4a0-46ce-b530-9747b111e308] Registry connection listener to current client:com.alibaba.nacos.client.naming.remote.gprc.redo.NamingGrpcRedoService
18:30:21.295 [main] INFO  c.a.n.c.r.client - [printIfInfoEnabled,60] - [11c543a8-b4a0-46ce-b530-9747b111e308] Register server push request handler:com.alibaba.nacos.client.naming.remote.gprc.NamingPushRequestHandler
18:30:21.296 [main] INFO  c.a.n.c.r.client - [printIfInfoEnabled,60] - [11c543a8-b4a0-46ce-b530-9747b111e308] Try to connect to server on start up, server: {serverIp = '127.0.0.1', server main port = 8848}
18:30:21.437 [main] INFO  c.a.n.c.r.client - [printIfInfoEnabled,60] - [11c543a8-b4a0-46ce-b530-9747b111e308] Success to connect to server [127.0.0.1:8848] on start up, connectionId = 1706178621311_127.0.0.1_57429
18:30:21.437 [com.alibaba.nacos.client.remote.worker] INFO  c.a.n.c.r.client - [printIfInfoEnabled,60] - [11c543a8-b4a0-46ce-b530-9747b111e308] Notify connected event to listeners.
18:30:21.437 [main] INFO  c.a.n.c.r.client - [printIfInfoEnabled,60] - [11c543a8-b4a0-46ce-b530-9747b111e308] Register server push request handler:com.alibaba.nacos.common.remote.client.RpcClient$ConnectResetRequestHandler
18:30:21.437 [main] INFO  c.a.n.c.r.client - [printIfInfoEnabled,60] - [11c543a8-b4a0-46ce-b530-9747b111e308] Register server push request handler:com.alibaba.nacos.common.remote.client.RpcClient$$Lambda$480/0x000000080103c290
18:30:21.481 [main] INFO  o.a.c.h.Http11NioProtocol - [log,173] - Starting ProtocolHandler ["http-nio-9203"]
18:30:21.507 [main] INFO  c.a.c.n.r.NacosServiceRegistry - [register,75] - nacos registry, DEFAULT_GROUP cms-job 192.168.1.3:9203 register finished
18:30:21.879 [main] INFO  o.q.c.QuartzScheduler - [start,547] - Scheduler quartzScheduler_$_NON_CLUSTERED started.
18:30:21.902 [main] INFO  c.c.j.CMSJobApplication - [logStarted,61] - Started CMSJobApplication in 11.266 seconds (JVM running for 12.072)
18:30:21.913 [main] INFO  c.a.c.n.r.NacosContextRefresher - [registerNacosListener,129] - [Nacos Config] Listening config: dataId=cms-job-dev.yml, group=DEFAULT_GROUP
18:30:21.914 [main] INFO  c.a.c.n.r.NacosContextRefresher - [registerNacosListener,129] - [Nacos Config] Listening config: dataId=cms-job.yml, group=DEFAULT_GROUP
18:30:21.914 [main] INFO  c.a.c.n.r.NacosContextRefresher - [registerNacosListener,129] - [Nacos Config] Listening config: dataId=cms-job, group=DEFAULT_GROUP
18:30:22.043 [nacos-grpc-client-executor-9] INFO  c.a.n.c.r.client - [printIfInfoEnabled,60] - [11c543a8-b4a0-46ce-b530-9747b111e308] Receive server push request, request = NotifySubscriberRequest, requestId = 6
18:30:22.046 [nacos-grpc-client-executor-9] INFO  c.a.n.c.r.client - [printIfInfoEnabled,60] - [11c543a8-b4a0-46ce-b530-9747b111e308] Ack server push request, request = NotifySubscriberRequest, requestId = 6
18:30:22.401 [RMI TCP Connection(1)-192.168.1.3] INFO  o.a.c.c.C.[.[.[/] - [log,173] - Initializing Spring DispatcherServlet 'dispatcherServlet'
23:27:09.736 [SpringApplicationShutdownHook] INFO  o.q.c.QuartzScheduler - [standby,585] - Scheduler quartzScheduler_$_NON_CLUSTERED paused.
23:27:10.099 [SpringApplicationShutdownHook] INFO  c.a.c.n.r.NacosServiceRegistry - [deregister,94] - De-registering from Nacos Server now...
23:27:10.111 [SpringApplicationShutdownHook] INFO  c.a.c.n.r.NacosServiceRegistry - [deregister,114] - De-registration finished.
23:27:10.432 [SpringApplicationShutdownHook] INFO  c.a.n.c.r.client - [shutdown,454] - Shutdown rpc client, set status to shutdown
23:27:10.432 [SpringApplicationShutdownHook] INFO  c.a.n.c.r.client - [shutdown,456] - Shutdown client event executor java.util.concurrent.ScheduledThreadPoolExecutor@5cb0904d[Running, pool size = 2, active threads = 2, queued tasks = 0, completed tasks = 0]
23:27:10.433 [SpringApplicationShutdownHook] INFO  c.a.n.c.r.client - [closeConnection,591] - Close current connection 1706178621311_127.0.0.1_57429
23:27:10.445 [nacos-grpc-client-executor-830] INFO  c.a.n.c.r.c.g.GrpcClient - [printIfInfoEnabled,60] - [1706178621311_127.0.0.1_57429]Ignore complete event,isRunning:false,isAbandon=false
23:27:10.462 [SpringApplicationShutdownHook] INFO  c.a.n.c.r.c.g.GrpcClient - [shutdown,85] - Shutdown grpc executor java.util.concurrent.ThreadPoolExecutor@77055120[Running, pool size = 4, active threads = 0, queued tasks = 0, completed tasks = 831]
23:27:10.742 [SpringApplicationShutdownHook] INFO  o.q.c.QuartzScheduler - [shutdown,666] - Scheduler quartzScheduler_$_NON_CLUSTERED shutting down.
23:27:10.743 [SpringApplicationShutdownHook] INFO  o.q.c.QuartzScheduler - [standby,585] - Scheduler quartzScheduler_$_NON_CLUSTERED paused.
23:27:10.743 [SpringApplicationShutdownHook] INFO  o.q.c.QuartzScheduler - [shutdown,740] - Scheduler quartzScheduler_$_NON_CLUSTERED shutdown complete.
23:27:10.746 [SpringApplicationShutdownHook] INFO  c.z.h.HikariDataSource - [close,350] - HikariPool-1 - Shutdown initiated...
23:27:10.762 [SpringApplicationShutdownHook] INFO  c.z.h.HikariDataSource - [close,352] - HikariPool-1 - Shutdown completed.
23:27:34.984 [background-preinit] INFO  o.h.v.i.util.Version - [<clinit>,21] - HV000001: Hibernate Validator 6.2.5.Final
23:27:35.514 [main] INFO  c.a.n.c.r.client - [lambda$createClient$0,80] - [RpcClientFactory] create a new rpc client of 6ef57672-bf7c-4ce8-8fb4-2bf3c8427ced_config-0
23:27:35.567 [main] INFO  o.r.Reflections - [scan,232] - Reflections took 35 ms to scan 1 urls, producing 3 keys and 6 values 
23:27:35.602 [main] INFO  o.r.Reflections - [scan,232] - Reflections took 21 ms to scan 1 urls, producing 4 keys and 9 values 
23:27:35.623 [main] INFO  o.r.Reflections - [scan,232] - Reflections took 17 ms to scan 1 urls, producing 3 keys and 10 values 
23:27:35.643 [main] INFO  o.r.Reflections - [scan,232] - Reflections took 14 ms to scan 1 urls, producing 1 keys and 5 values 
23:27:35.665 [main] INFO  o.r.Reflections - [scan,232] - Reflections took 19 ms to scan 1 urls, producing 1 keys and 7 values 
23:27:35.696 [main] INFO  o.r.Reflections - [scan,232] - Reflections took 27 ms to scan 1 urls, producing 2 keys and 8 values 
23:27:35.699 [main] INFO  c.a.n.c.r.client - [printIfInfoEnabled,60] - [6ef57672-bf7c-4ce8-8fb4-2bf3c8427ced_config-0] RpcClient init label, labels = {module=config, Vipserver-Tag=null, source=sdk, Amory-Tag=null, Location-Tag=null, taskId=0, AppName=unknown}
23:27:35.701 [main] INFO  c.a.n.c.r.client - [printIfInfoEnabled,60] - [6ef57672-bf7c-4ce8-8fb4-2bf3c8427ced_config-0] Register server push request handler:com.alibaba.nacos.client.config.impl.ClientWorker$ConfigRpcTransportClient$$Lambda$468/0x0000000800f3cea8
23:27:35.702 [main] INFO  c.a.n.c.r.client - [printIfInfoEnabled,60] - [6ef57672-bf7c-4ce8-8fb4-2bf3c8427ced_config-0] Register server push request handler:com.alibaba.nacos.client.config.impl.ClientWorker$ConfigRpcTransportClient$$Lambda$469/0x0000000800f3d0d0
23:27:35.703 [main] INFO  c.a.n.c.r.client - [printIfInfoEnabled,60] - [6ef57672-bf7c-4ce8-8fb4-2bf3c8427ced_config-0] Registry connection listener to current client:com.alibaba.nacos.client.config.impl.ClientWorker$ConfigRpcTransportClient$1
23:27:35.703 [main] INFO  c.a.n.c.r.client - [printIfInfoEnabled,60] - [6ef57672-bf7c-4ce8-8fb4-2bf3c8427ced_config-0] RpcClient init, ServerListFactory = com.alibaba.nacos.client.config.impl.ClientWorker$ConfigRpcTransportClient$2
23:27:35.713 [main] INFO  c.a.n.c.r.client - [printIfInfoEnabled,60] - [6ef57672-bf7c-4ce8-8fb4-2bf3c8427ced_config-0] Try to connect to server on start up, server: {serverIp = '127.0.0.1', server main port = 8848}
23:27:36.415 [main] INFO  c.a.n.c.r.client - [printIfInfoEnabled,60] - [6ef57672-bf7c-4ce8-8fb4-2bf3c8427ced_config-0] Success to connect to server [127.0.0.1:8848] on start up, connectionId = 1706196456195_127.0.0.1_60432
23:27:36.416 [main] INFO  c.a.n.c.r.client - [printIfInfoEnabled,60] - [6ef57672-bf7c-4ce8-8fb4-2bf3c8427ced_config-0] Register server push request handler:com.alibaba.nacos.common.remote.client.RpcClient$ConnectResetRequestHandler
23:27:36.417 [main] INFO  c.a.n.c.r.client - [printIfInfoEnabled,60] - [6ef57672-bf7c-4ce8-8fb4-2bf3c8427ced_config-0] Register server push request handler:com.alibaba.nacos.common.remote.client.RpcClient$$Lambda$480/0x000000080103e970
23:27:36.417 [com.alibaba.nacos.client.remote.worker] INFO  c.a.n.c.r.client - [printIfInfoEnabled,60] - [6ef57672-bf7c-4ce8-8fb4-2bf3c8427ced_config-0] Notify connected event to listeners.
23:27:36.534 [main] INFO  c.c.j.CMSJobApplication - [logStartupProfileInfo,637] - The following 1 profile is active: "dev"
23:27:39.602 [main] INFO  o.a.c.h.Http11NioProtocol - [log,173] - Initializing ProtocolHandler ["http-nio-9203"]
23:27:39.603 [main] INFO  o.a.c.c.StandardService - [log,173] - Starting service [Tomcat]
23:27:39.603 [main] INFO  o.a.c.c.StandardEngine - [log,173] - Starting Servlet engine: [Apache Tomcat/9.0.70]
23:27:39.747 [main] INFO  o.a.c.c.C.[.[.[/] - [log,173] - Initializing Spring embedded WebApplicationContext
23:27:40.329 [main] INFO  o.q.i.StdSchedulerFactory - [instantiate,1220] - Using default implementation for ThreadExecutor
23:27:40.355 [main] INFO  o.q.c.SchedulerSignalerImpl - [<init>,61] - Initialized Scheduler Signaller of type: class org.quartz.core.SchedulerSignalerImpl
23:27:40.357 [main] INFO  o.q.c.QuartzScheduler - [<init>,229] - Quartz Scheduler v.2.3.2 created.
23:27:40.359 [main] INFO  o.q.s.RAMJobStore - [initialize,155] - RAMJobStore initialized.
23:27:40.360 [main] INFO  o.q.c.QuartzScheduler - [initialize,294] - Scheduler meta-data: Quartz Scheduler (v2.3.2) 'quartzScheduler' with instanceId 'NON_CLUSTERED'
  Scheduler class: 'org.quartz.core.QuartzScheduler' - running locally.
  NOT STARTED.
  Currently in standby mode.
  Number of jobs executed: 0
  Using thread pool 'org.quartz.simpl.SimpleThreadPool' - with 10 threads.
  Using job-store 'org.quartz.simpl.RAMJobStore' - which does not support persistence. and is not clustered.

23:27:40.360 [main] INFO  o.q.i.StdSchedulerFactory - [instantiate,1374] - Quartz scheduler 'quartzScheduler' initialized from an externally provided properties instance.
23:27:40.360 [main] INFO  o.q.i.StdSchedulerFactory - [instantiate,1378] - Quartz scheduler version: 2.3.2
23:27:40.360 [main] INFO  o.q.c.QuartzScheduler - [setJobFactory,2293] - JobFactory set to: org.springframework.scheduling.quartz.SpringBeanJobFactory@46b2a11a
23:27:41.114 [main] INFO  c.z.h.HikariDataSource - [getConnection,110] - HikariPool-1 - Starting...
23:27:41.467 [main] INFO  c.z.h.HikariDataSource - [getConnection,123] - HikariPool-1 - Start completed.
23:27:42.171 [main] INFO  c.a.c.s.SentinelWebMvcConfigurer - [addInterceptors,52] - [Sentinel Starter] register SentinelWebInterceptor with urlPatterns: [/**].
23:27:44.260 [main] INFO  c.a.n.c.r.client - [lambda$createClient$0,80] - [RpcClientFactory] create a new rpc client of 4a6488ef-8bcd-4be2-a72d-7777a7946a60
23:27:44.261 [main] INFO  c.a.n.c.r.client - [printIfInfoEnabled,60] - [4a6488ef-8bcd-4be2-a72d-7777a7946a60] RpcClient init label, labels = {module=naming, source=sdk}
23:27:44.262 [main] INFO  c.a.n.c.r.client - [printIfInfoEnabled,60] - [4a6488ef-8bcd-4be2-a72d-7777a7946a60] RpcClient init, ServerListFactory = com.alibaba.nacos.client.naming.core.ServerListManager
23:27:44.263 [main] INFO  c.a.n.c.r.client - [printIfInfoEnabled,60] - [4a6488ef-8bcd-4be2-a72d-7777a7946a60] Registry connection listener to current client:com.alibaba.nacos.client.naming.remote.gprc.redo.NamingGrpcRedoService
23:27:44.263 [main] INFO  c.a.n.c.r.client - [printIfInfoEnabled,60] - [4a6488ef-8bcd-4be2-a72d-7777a7946a60] Register server push request handler:com.alibaba.nacos.client.naming.remote.gprc.NamingPushRequestHandler
23:27:44.263 [main] INFO  c.a.n.c.r.client - [printIfInfoEnabled,60] - [4a6488ef-8bcd-4be2-a72d-7777a7946a60] Try to connect to server on start up, server: {serverIp = '127.0.0.1', server main port = 8848}
23:27:44.412 [main] INFO  c.a.n.c.r.client - [printIfInfoEnabled,60] - [4a6488ef-8bcd-4be2-a72d-7777a7946a60] Success to connect to server [127.0.0.1:8848] on start up, connectionId = 1706196464280_127.0.0.1_60458
23:27:44.413 [main] INFO  c.a.n.c.r.client - [printIfInfoEnabled,60] - [4a6488ef-8bcd-4be2-a72d-7777a7946a60] Register server push request handler:com.alibaba.nacos.common.remote.client.RpcClient$ConnectResetRequestHandler
23:27:44.413 [com.alibaba.nacos.client.remote.worker] INFO  c.a.n.c.r.client - [printIfInfoEnabled,60] - [4a6488ef-8bcd-4be2-a72d-7777a7946a60] Notify connected event to listeners.
23:27:44.413 [main] INFO  c.a.n.c.r.client - [printIfInfoEnabled,60] - [4a6488ef-8bcd-4be2-a72d-7777a7946a60] Register server push request handler:com.alibaba.nacos.common.remote.client.RpcClient$$Lambda$480/0x000000080103e970
23:27:44.446 [main] INFO  o.a.c.h.Http11NioProtocol - [log,173] - Starting ProtocolHandler ["http-nio-9203"]
23:27:44.472 [main] INFO  c.a.c.n.r.NacosServiceRegistry - [register,75] - nacos registry, DEFAULT_GROUP cms-job 172.20.10.2:9203 register finished
23:27:44.989 [nacos-grpc-client-executor-10] INFO  c.a.n.c.r.client - [printIfInfoEnabled,60] - [4a6488ef-8bcd-4be2-a72d-7777a7946a60] Receive server push request, request = NotifySubscriberRequest, requestId = 46
23:27:45.000 [nacos-grpc-client-executor-10] INFO  c.a.n.c.r.client - [printIfInfoEnabled,60] - [4a6488ef-8bcd-4be2-a72d-7777a7946a60] Ack server push request, request = NotifySubscriberRequest, requestId = 46
23:27:45.146 [main] INFO  o.q.c.QuartzScheduler - [start,547] - Scheduler quartzScheduler_$_NON_CLUSTERED started.
23:27:45.218 [main] INFO  c.c.j.CMSJobApplication - [logStarted,61] - Started CMSJobApplication in 10.977 seconds (JVM running for 12.118)
23:27:45.259 [main] INFO  c.a.c.n.r.NacosContextRefresher - [registerNacosListener,129] - [Nacos Config] Listening config: dataId=cms-job-dev.yml, group=DEFAULT_GROUP
23:27:45.259 [main] INFO  c.a.c.n.r.NacosContextRefresher - [registerNacosListener,129] - [Nacos Config] Listening config: dataId=cms-job.yml, group=DEFAULT_GROUP
23:27:45.260 [main] INFO  c.a.c.n.r.NacosContextRefresher - [registerNacosListener,129] - [Nacos Config] Listening config: dataId=cms-job, group=DEFAULT_GROUP
23:27:45.402 [RMI TCP Connection(3)-127.0.0.1] INFO  o.a.c.c.C.[.[.[/] - [log,173] - Initializing Spring DispatcherServlet 'dispatcherServlet'
