17:41:53.965 [SpringApplicationShutdownHook] INFO  o.q.c.QuartzScheduler - [standby,585] - Scheduler quartzScheduler_$_NON_CLUSTERED paused.
17:41:54.073 [SpringApplicationShutdownHook] INFO  c.a.c.n.r.NacosServiceRegistry - [deregister,94] - De-registering from Nacos Server now...
17:41:54.078 [SpringApplicationShutdownHook] INFO  c.a.c.n.r.NacosServiceRegistry - [deregister,114] - De-registration finished.
17:41:54.390 [SpringApplicationShutdownHook] INFO  c.a.n.c.r.client - [shutdown,454] - Shutdown rpc client, set status to shutdown
17:41:54.391 [SpringApplicationShutdownHook] INFO  c.a.n.c.r.client - [shutdown,456] - Shutdown client event executor java.util.concurrent.ScheduledThreadPoolExecutor@35f0a0d0[Running, pool size = 2, active threads = 2, queued tasks = 0, completed tasks = 0]
17:41:54.391 [SpringApplicationShutdownHook] INFO  c.a.n.c.r.client - [closeConnection,591] - Close current connection 1684943112588_127.0.0.1_62373
17:41:54.394 [nacos-grpc-client-executor-2919] INFO  c.a.n.c.r.c.g.GrpcClient - [printIfInfoEnabled,60] - [1684943112588_127.0.0.1_62373]Ignore complete event,isRunning:false,isAbandon=false
17:41:54.401 [SpringApplicationShutdownHook] INFO  c.a.n.c.r.c.g.GrpcClient - [shutdown,85] - Shutdown grpc executor java.util.concurrent.ThreadPoolExecutor@17822ee6[Running, pool size = 5, active threads = 0, queued tasks = 0, completed tasks = 2920]
17:41:54.549 [SpringApplicationShutdownHook] INFO  o.q.c.QuartzScheduler - [shutdown,666] - Scheduler quartzScheduler_$_NON_CLUSTERED shutting down.
17:41:54.549 [SpringApplicationShutdownHook] INFO  o.q.c.QuartzScheduler - [standby,585] - Scheduler quartzScheduler_$_NON_CLUSTERED paused.
17:41:54.550 [SpringApplicationShutdownHook] INFO  o.q.c.QuartzScheduler - [shutdown,740] - Scheduler quartzScheduler_$_NON_CLUSTERED shutdown complete.
17:41:54.557 [SpringApplicationShutdownHook] INFO  c.z.h.HikariDataSource - [close,350] - HikariPool-1 - Shutdown initiated...
17:41:54.578 [SpringApplicationShutdownHook] INFO  c.z.h.HikariDataSource - [close,352] - HikariPool-1 - Shutdown completed.
17:42:14.269 [background-preinit] INFO  o.h.v.i.util.Version - [<clinit>,21] - HV000001: Hibernate Validator 6.2.5.Final
17:42:14.954 [main] INFO  c.a.n.c.r.client - [lambda$createClient$0,80] - [RpcClientFactory] create a new rpc client of 2cd10e56-cc21-4582-b742-3130d472c1d6_config-0
17:42:15.018 [main] INFO  o.r.Reflections - [scan,232] - Reflections took 47 ms to scan 1 urls, producing 3 keys and 6 values 
17:42:15.055 [main] INFO  o.r.Reflections - [scan,232] - Reflections took 22 ms to scan 1 urls, producing 4 keys and 9 values 
17:42:15.078 [main] INFO  o.r.Reflections - [scan,232] - Reflections took 19 ms to scan 1 urls, producing 3 keys and 10 values 
17:42:15.102 [main] INFO  o.r.Reflections - [scan,232] - Reflections took 19 ms to scan 1 urls, producing 1 keys and 5 values 
17:42:15.134 [main] INFO  o.r.Reflections - [scan,232] - Reflections took 30 ms to scan 1 urls, producing 1 keys and 7 values 
17:42:15.150 [main] INFO  o.r.Reflections - [scan,232] - Reflections took 13 ms to scan 1 urls, producing 2 keys and 8 values 
17:42:15.154 [main] INFO  c.a.n.c.r.client - [printIfInfoEnabled,60] - [2cd10e56-cc21-4582-b742-3130d472c1d6_config-0] RpcClient init label, labels = {module=config, Vipserver-Tag=null, source=sdk, Amory-Tag=null, Location-Tag=null, taskId=0, AppName=unknown}
17:42:15.155 [main] INFO  c.a.n.c.r.client - [printIfInfoEnabled,60] - [2cd10e56-cc21-4582-b742-3130d472c1d6_config-0] Register server push request handler:com.alibaba.nacos.client.config.impl.ClientWorker$ConfigRpcTransportClient$$Lambda$468/0x0000000800f3cc28
17:42:15.156 [main] INFO  c.a.n.c.r.client - [printIfInfoEnabled,60] - [2cd10e56-cc21-4582-b742-3130d472c1d6_config-0] Register server push request handler:com.alibaba.nacos.client.config.impl.ClientWorker$ConfigRpcTransportClient$$Lambda$469/0x0000000800f3ce50
17:42:15.157 [main] INFO  c.a.n.c.r.client - [printIfInfoEnabled,60] - [2cd10e56-cc21-4582-b742-3130d472c1d6_config-0] Registry connection listener to current client:com.alibaba.nacos.client.config.impl.ClientWorker$ConfigRpcTransportClient$1
17:42:15.158 [main] INFO  c.a.n.c.r.client - [printIfInfoEnabled,60] - [2cd10e56-cc21-4582-b742-3130d472c1d6_config-0] RpcClient init, ServerListFactory = com.alibaba.nacos.client.config.impl.ClientWorker$ConfigRpcTransportClient$2
17:42:15.167 [main] INFO  c.a.n.c.r.client - [printIfInfoEnabled,60] - [2cd10e56-cc21-4582-b742-3130d472c1d6_config-0] Try to connect to server on start up, server: {serverIp = '127.0.0.1', server main port = 8848}
17:42:16.009 [main] INFO  c.a.n.c.r.client - [printIfInfoEnabled,60] - [2cd10e56-cc21-4582-b742-3130d472c1d6_config-0] Success to connect to server [127.0.0.1:8848] on start up, connectionId = 1685007735677_127.0.0.1_52216
17:42:16.010 [com.alibaba.nacos.client.remote.worker] INFO  c.a.n.c.r.client - [printIfInfoEnabled,60] - [2cd10e56-cc21-4582-b742-3130d472c1d6_config-0] Notify connected event to listeners.
17:42:16.010 [main] INFO  c.a.n.c.r.client - [printIfInfoEnabled,60] - [2cd10e56-cc21-4582-b742-3130d472c1d6_config-0] Register server push request handler:com.alibaba.nacos.common.remote.client.RpcClient$ConnectResetRequestHandler
17:42:16.010 [main] INFO  c.a.n.c.r.client - [printIfInfoEnabled,60] - [2cd10e56-cc21-4582-b742-3130d472c1d6_config-0] Register server push request handler:com.alibaba.nacos.common.remote.client.RpcClient$$Lambda$480/0x000000080103cba8
17:42:16.133 [main] INFO  c.c.j.RuoYiJobApplication - [logStartupProfileInfo,637] - The following 1 profile is active: "dev"
17:42:21.099 [main] INFO  o.a.c.h.Http11NioProtocol - [log,173] - Initializing ProtocolHandler ["http-nio-9203"]
17:42:21.099 [main] INFO  o.a.c.c.StandardService - [log,173] - Starting service [Tomcat]
17:42:21.099 [main] INFO  o.a.c.c.StandardEngine - [log,173] - Starting Servlet engine: [Apache Tomcat/9.0.70]
17:42:21.509 [main] INFO  o.a.c.c.C.[.[.[/] - [log,173] - Initializing Spring embedded WebApplicationContext
17:42:22.375 [main] INFO  o.q.i.StdSchedulerFactory - [instantiate,1220] - Using default implementation for ThreadExecutor
17:42:22.389 [main] INFO  o.q.c.SchedulerSignalerImpl - [<init>,61] - Initialized Scheduler Signaller of type: class org.quartz.core.SchedulerSignalerImpl
17:42:22.390 [main] INFO  o.q.c.QuartzScheduler - [<init>,229] - Quartz Scheduler v.2.3.2 created.
17:42:22.391 [main] INFO  o.q.s.RAMJobStore - [initialize,155] - RAMJobStore initialized.
17:42:22.392 [main] INFO  o.q.c.QuartzScheduler - [initialize,294] - Scheduler meta-data: Quartz Scheduler (v2.3.2) 'quartzScheduler' with instanceId 'NON_CLUSTERED'
  Scheduler class: 'org.quartz.core.QuartzScheduler' - running locally.
  NOT STARTED.
  Currently in standby mode.
  Number of jobs executed: 0
  Using thread pool 'org.quartz.simpl.SimpleThreadPool' - with 10 threads.
  Using job-store 'org.quartz.simpl.RAMJobStore' - which does not support persistence. and is not clustered.

17:42:22.392 [main] INFO  o.q.i.StdSchedulerFactory - [instantiate,1374] - Quartz scheduler 'quartzScheduler' initialized from an externally provided properties instance.
17:42:22.392 [main] INFO  o.q.i.StdSchedulerFactory - [instantiate,1378] - Quartz scheduler version: 2.3.2
17:42:22.392 [main] INFO  o.q.c.QuartzScheduler - [setJobFactory,2293] - JobFactory set to: org.springframework.scheduling.quartz.SpringBeanJobFactory@6ef61cd0
17:42:22.859 [main] INFO  c.z.h.HikariDataSource - [getConnection,110] - HikariPool-1 - Starting...
17:42:23.270 [main] INFO  c.z.h.HikariDataSource - [getConnection,123] - HikariPool-1 - Start completed.
17:42:24.003 [main] INFO  c.a.c.s.SentinelWebMvcConfigurer - [addInterceptors,52] - [Sentinel Starter] register SentinelWebInterceptor with urlPatterns: [/**].
17:42:27.216 [main] INFO  c.a.n.c.r.client - [lambda$createClient$0,80] - [RpcClientFactory] create a new rpc client of 7bcc422d-d5a9-411e-b922-7b04d397cd90
17:42:27.217 [main] INFO  c.a.n.c.r.client - [printIfInfoEnabled,60] - [7bcc422d-d5a9-411e-b922-7b04d397cd90] RpcClient init label, labels = {module=naming, source=sdk}
17:42:27.219 [main] INFO  c.a.n.c.r.client - [printIfInfoEnabled,60] - [7bcc422d-d5a9-411e-b922-7b04d397cd90] RpcClient init, ServerListFactory = com.alibaba.nacos.client.naming.core.ServerListManager
17:42:27.219 [main] INFO  c.a.n.c.r.client - [printIfInfoEnabled,60] - [7bcc422d-d5a9-411e-b922-7b04d397cd90] Registry connection listener to current client:com.alibaba.nacos.client.naming.remote.gprc.redo.NamingGrpcRedoService
17:42:27.220 [main] INFO  c.a.n.c.r.client - [printIfInfoEnabled,60] - [7bcc422d-d5a9-411e-b922-7b04d397cd90] Register server push request handler:com.alibaba.nacos.client.naming.remote.gprc.NamingPushRequestHandler
17:42:27.220 [main] INFO  c.a.n.c.r.client - [printIfInfoEnabled,60] - [7bcc422d-d5a9-411e-b922-7b04d397cd90] Try to connect to server on start up, server: {serverIp = '127.0.0.1', server main port = 8848}
17:42:27.360 [main] INFO  c.a.n.c.r.client - [printIfInfoEnabled,60] - [7bcc422d-d5a9-411e-b922-7b04d397cd90] Success to connect to server [127.0.0.1:8848] on start up, connectionId = 1685007747238_127.0.0.1_52282
17:42:27.360 [main] INFO  c.a.n.c.r.client - [printIfInfoEnabled,60] - [7bcc422d-d5a9-411e-b922-7b04d397cd90] Register server push request handler:com.alibaba.nacos.common.remote.client.RpcClient$ConnectResetRequestHandler
17:42:27.360 [com.alibaba.nacos.client.remote.worker] INFO  c.a.n.c.r.client - [printIfInfoEnabled,60] - [7bcc422d-d5a9-411e-b922-7b04d397cd90] Notify connected event to listeners.
17:42:27.360 [main] INFO  c.a.n.c.r.client - [printIfInfoEnabled,60] - [7bcc422d-d5a9-411e-b922-7b04d397cd90] Register server push request handler:com.alibaba.nacos.common.remote.client.RpcClient$$Lambda$480/0x000000080103cba8
17:42:27.389 [main] INFO  o.a.c.h.Http11NioProtocol - [log,173] - Starting ProtocolHandler ["http-nio-9203"]
17:42:27.482 [main] INFO  c.a.c.n.r.NacosServiceRegistry - [register,75] - nacos registry, DEFAULT_GROUP cms-job 192.168.1.4:9203 register finished
17:42:27.825 [main] INFO  o.q.c.QuartzScheduler - [start,547] - Scheduler quartzScheduler_$_NON_CLUSTERED started.
17:42:27.863 [main] INFO  c.c.j.RuoYiJobApplication - [logStarted,61] - Started RuoYiJobApplication in 14.391 seconds (JVM running for 15.589)
17:42:27.888 [main] INFO  c.a.c.n.r.NacosContextRefresher - [registerNacosListener,129] - [Nacos Config] Listening config: dataId=cms-job-dev.yml, group=DEFAULT_GROUP
17:42:27.890 [main] INFO  c.a.c.n.r.NacosContextRefresher - [registerNacosListener,129] - [Nacos Config] Listening config: dataId=cms-job.yml, group=DEFAULT_GROUP
17:42:27.891 [main] INFO  c.a.c.n.r.NacosContextRefresher - [registerNacosListener,129] - [Nacos Config] Listening config: dataId=cms-job, group=DEFAULT_GROUP
17:42:27.968 [nacos-grpc-client-executor-9] INFO  c.a.n.c.r.client - [printIfInfoEnabled,60] - [7bcc422d-d5a9-411e-b922-7b04d397cd90] Receive server push request, request = NotifySubscriberRequest, requestId = 158
17:42:27.972 [nacos-grpc-client-executor-9] INFO  c.a.n.c.r.client - [printIfInfoEnabled,60] - [7bcc422d-d5a9-411e-b922-7b04d397cd90] Ack server push request, request = NotifySubscriberRequest, requestId = 158
17:42:28.311 [RMI TCP Connection(10)-192.168.1.4] INFO  o.a.c.c.C.[.[.[/] - [log,173] - Initializing Spring DispatcherServlet 'dispatcherServlet'
17:53:29.135 [SpringApplicationShutdownHook] INFO  o.q.c.QuartzScheduler - [standby,585] - Scheduler quartzScheduler_$_NON_CLUSTERED paused.
17:53:29.162 [SpringApplicationShutdownHook] INFO  c.a.c.n.r.NacosServiceRegistry - [deregister,94] - De-registering from Nacos Server now...
17:53:29.165 [SpringApplicationShutdownHook] INFO  c.a.c.n.r.NacosServiceRegistry - [deregister,114] - De-registration finished.
17:53:29.478 [SpringApplicationShutdownHook] INFO  c.a.n.c.r.client - [shutdown,454] - Shutdown rpc client, set status to shutdown
17:53:29.478 [SpringApplicationShutdownHook] INFO  c.a.n.c.r.client - [shutdown,456] - Shutdown client event executor java.util.concurrent.ScheduledThreadPoolExecutor@2222a55c[Running, pool size = 2, active threads = 2, queued tasks = 0, completed tasks = 0]
17:53:29.479 [SpringApplicationShutdownHook] INFO  c.a.n.c.r.client - [closeConnection,591] - Close current connection 1685007747238_127.0.0.1_52282
17:53:29.480 [nacos-grpc-client-executor-182] INFO  c.a.n.c.r.c.g.GrpcClient - [printIfInfoEnabled,60] - [1685007747238_127.0.0.1_52282]Ignore complete event,isRunning:false,isAbandon=false
17:53:29.483 [SpringApplicationShutdownHook] INFO  c.a.n.c.r.c.g.GrpcClient - [shutdown,85] - Shutdown grpc executor java.util.concurrent.ThreadPoolExecutor@49b9604b[Running, pool size = 6, active threads = 0, queued tasks = 0, completed tasks = 183]
17:53:29.619 [SpringApplicationShutdownHook] INFO  o.q.c.QuartzScheduler - [shutdown,666] - Scheduler quartzScheduler_$_NON_CLUSTERED shutting down.
17:53:29.620 [SpringApplicationShutdownHook] INFO  o.q.c.QuartzScheduler - [standby,585] - Scheduler quartzScheduler_$_NON_CLUSTERED paused.
17:53:29.620 [SpringApplicationShutdownHook] INFO  o.q.c.QuartzScheduler - [shutdown,740] - Scheduler quartzScheduler_$_NON_CLUSTERED shutdown complete.
17:53:29.621 [SpringApplicationShutdownHook] INFO  c.z.h.HikariDataSource - [close,350] - HikariPool-1 - Shutdown initiated...
17:53:29.634 [SpringApplicationShutdownHook] INFO  c.z.h.HikariDataSource - [close,352] - HikariPool-1 - Shutdown completed.
17:53:49.343 [background-preinit] INFO  o.h.v.i.util.Version - [<clinit>,21] - HV000001: Hibernate Validator 6.2.5.Final
17:53:49.980 [main] INFO  c.a.n.c.r.client - [lambda$createClient$0,80] - [RpcClientFactory] create a new rpc client of 7f379840-8edc-45c7-a07a-193e11b27e00_config-0
17:53:50.040 [main] INFO  o.r.Reflections - [scan,232] - Reflections took 43 ms to scan 1 urls, producing 3 keys and 6 values 
17:53:50.080 [main] INFO  o.r.Reflections - [scan,232] - Reflections took 26 ms to scan 1 urls, producing 4 keys and 9 values 
17:53:50.105 [main] INFO  o.r.Reflections - [scan,232] - Reflections took 20 ms to scan 1 urls, producing 3 keys and 10 values 
17:53:50.129 [main] INFO  o.r.Reflections - [scan,232] - Reflections took 18 ms to scan 1 urls, producing 1 keys and 5 values 
17:53:50.158 [main] INFO  o.r.Reflections - [scan,232] - Reflections took 26 ms to scan 1 urls, producing 1 keys and 7 values 
17:53:50.175 [main] INFO  o.r.Reflections - [scan,232] - Reflections took 14 ms to scan 1 urls, producing 2 keys and 8 values 
17:53:50.180 [main] INFO  c.a.n.c.r.client - [printIfInfoEnabled,60] - [7f379840-8edc-45c7-a07a-193e11b27e00_config-0] RpcClient init label, labels = {module=config, Vipserver-Tag=null, source=sdk, Amory-Tag=null, Location-Tag=null, taskId=0, AppName=unknown}
17:53:50.181 [main] INFO  c.a.n.c.r.client - [printIfInfoEnabled,60] - [7f379840-8edc-45c7-a07a-193e11b27e00_config-0] Register server push request handler:com.alibaba.nacos.client.config.impl.ClientWorker$ConfigRpcTransportClient$$Lambda$468/0x0000000800f1d100
17:53:50.183 [main] INFO  c.a.n.c.r.client - [printIfInfoEnabled,60] - [7f379840-8edc-45c7-a07a-193e11b27e00_config-0] Register server push request handler:com.alibaba.nacos.client.config.impl.ClientWorker$ConfigRpcTransportClient$$Lambda$469/0x0000000800f1d328
17:53:50.184 [main] INFO  c.a.n.c.r.client - [printIfInfoEnabled,60] - [7f379840-8edc-45c7-a07a-193e11b27e00_config-0] Registry connection listener to current client:com.alibaba.nacos.client.config.impl.ClientWorker$ConfigRpcTransportClient$1
17:53:50.185 [main] INFO  c.a.n.c.r.client - [printIfInfoEnabled,60] - [7f379840-8edc-45c7-a07a-193e11b27e00_config-0] RpcClient init, ServerListFactory = com.alibaba.nacos.client.config.impl.ClientWorker$ConfigRpcTransportClient$2
17:53:50.196 [main] INFO  c.a.n.c.r.client - [printIfInfoEnabled,60] - [7f379840-8edc-45c7-a07a-193e11b27e00_config-0] Try to connect to server on start up, server: {serverIp = '127.0.0.1', server main port = 8848}
17:53:50.937 [main] INFO  c.a.n.c.r.client - [printIfInfoEnabled,60] - [7f379840-8edc-45c7-a07a-193e11b27e00_config-0] Success to connect to server [127.0.0.1:8848] on start up, connectionId = 1685008430712_127.0.0.1_52871
17:53:50.938 [com.alibaba.nacos.client.remote.worker] INFO  c.a.n.c.r.client - [printIfInfoEnabled,60] - [7f379840-8edc-45c7-a07a-193e11b27e00_config-0] Notify connected event to listeners.
17:53:50.938 [main] INFO  c.a.n.c.r.client - [printIfInfoEnabled,60] - [7f379840-8edc-45c7-a07a-193e11b27e00_config-0] Register server push request handler:com.alibaba.nacos.common.remote.client.RpcClient$ConnectResetRequestHandler
17:53:50.939 [main] INFO  c.a.n.c.r.client - [printIfInfoEnabled,60] - [7f379840-8edc-45c7-a07a-193e11b27e00_config-0] Register server push request handler:com.alibaba.nacos.common.remote.client.RpcClient$$Lambda$480/0x000000080101f2e0
17:53:51.078 [main] INFO  c.c.j.RuoYiJobApplication - [logStartupProfileInfo,637] - The following 1 profile is active: "dev"
17:53:54.815 [main] INFO  o.a.c.h.Http11NioProtocol - [log,173] - Initializing ProtocolHandler ["http-nio-9203"]
17:53:54.816 [main] INFO  o.a.c.c.StandardService - [log,173] - Starting service [Tomcat]
17:53:54.816 [main] INFO  o.a.c.c.StandardEngine - [log,173] - Starting Servlet engine: [Apache Tomcat/9.0.70]
17:53:54.998 [main] INFO  o.a.c.c.C.[.[.[/] - [log,173] - Initializing Spring embedded WebApplicationContext
17:53:55.521 [main] INFO  o.q.i.StdSchedulerFactory - [instantiate,1220] - Using default implementation for ThreadExecutor
17:53:55.535 [main] INFO  o.q.c.SchedulerSignalerImpl - [<init>,61] - Initialized Scheduler Signaller of type: class org.quartz.core.SchedulerSignalerImpl
17:53:55.535 [main] INFO  o.q.c.QuartzScheduler - [<init>,229] - Quartz Scheduler v.2.3.2 created.
17:53:55.536 [main] INFO  o.q.s.RAMJobStore - [initialize,155] - RAMJobStore initialized.
17:53:55.536 [main] INFO  o.q.c.QuartzScheduler - [initialize,294] - Scheduler meta-data: Quartz Scheduler (v2.3.2) 'quartzScheduler' with instanceId 'NON_CLUSTERED'
  Scheduler class: 'org.quartz.core.QuartzScheduler' - running locally.
  NOT STARTED.
  Currently in standby mode.
  Number of jobs executed: 0
  Using thread pool 'org.quartz.simpl.SimpleThreadPool' - with 10 threads.
  Using job-store 'org.quartz.simpl.RAMJobStore' - which does not support persistence. and is not clustered.

17:53:55.536 [main] INFO  o.q.i.StdSchedulerFactory - [instantiate,1374] - Quartz scheduler 'quartzScheduler' initialized from an externally provided properties instance.
17:53:55.536 [main] INFO  o.q.i.StdSchedulerFactory - [instantiate,1378] - Quartz scheduler version: 2.3.2
17:53:55.537 [main] INFO  o.q.c.QuartzScheduler - [setJobFactory,2293] - JobFactory set to: org.springframework.scheduling.quartz.SpringBeanJobFactory@5cf33d25
17:53:55.752 [main] INFO  c.z.h.HikariDataSource - [getConnection,110] - HikariPool-1 - Starting...
17:53:55.997 [main] INFO  c.z.h.HikariDataSource - [getConnection,123] - HikariPool-1 - Start completed.
17:53:56.647 [main] INFO  c.a.c.s.SentinelWebMvcConfigurer - [addInterceptors,52] - [Sentinel Starter] register SentinelWebInterceptor with urlPatterns: [/**].
17:53:59.356 [main] INFO  c.a.n.c.r.client - [lambda$createClient$0,80] - [RpcClientFactory] create a new rpc client of ab6134ed-060c-4516-8041-3380008513c8
17:53:59.356 [main] INFO  c.a.n.c.r.client - [printIfInfoEnabled,60] - [ab6134ed-060c-4516-8041-3380008513c8] RpcClient init label, labels = {module=naming, source=sdk}
17:53:59.358 [main] INFO  c.a.n.c.r.client - [printIfInfoEnabled,60] - [ab6134ed-060c-4516-8041-3380008513c8] RpcClient init, ServerListFactory = com.alibaba.nacos.client.naming.core.ServerListManager
17:53:59.358 [main] INFO  c.a.n.c.r.client - [printIfInfoEnabled,60] - [ab6134ed-060c-4516-8041-3380008513c8] Registry connection listener to current client:com.alibaba.nacos.client.naming.remote.gprc.redo.NamingGrpcRedoService
17:53:59.358 [main] INFO  c.a.n.c.r.client - [printIfInfoEnabled,60] - [ab6134ed-060c-4516-8041-3380008513c8] Register server push request handler:com.alibaba.nacos.client.naming.remote.gprc.NamingPushRequestHandler
17:53:59.359 [main] INFO  c.a.n.c.r.client - [printIfInfoEnabled,60] - [ab6134ed-060c-4516-8041-3380008513c8] Try to connect to server on start up, server: {serverIp = '127.0.0.1', server main port = 8848}
17:53:59.495 [main] INFO  c.a.n.c.r.client - [printIfInfoEnabled,60] - [ab6134ed-060c-4516-8041-3380008513c8] Success to connect to server [127.0.0.1:8848] on start up, connectionId = 1685008439375_127.0.0.1_52924
17:53:59.496 [main] INFO  c.a.n.c.r.client - [printIfInfoEnabled,60] - [ab6134ed-060c-4516-8041-3380008513c8] Register server push request handler:com.alibaba.nacos.common.remote.client.RpcClient$ConnectResetRequestHandler
17:53:59.496 [com.alibaba.nacos.client.remote.worker] INFO  c.a.n.c.r.client - [printIfInfoEnabled,60] - [ab6134ed-060c-4516-8041-3380008513c8] Notify connected event to listeners.
17:53:59.496 [main] INFO  c.a.n.c.r.client - [printIfInfoEnabled,60] - [ab6134ed-060c-4516-8041-3380008513c8] Register server push request handler:com.alibaba.nacos.common.remote.client.RpcClient$$Lambda$480/0x000000080101f2e0
17:53:59.526 [main] INFO  o.a.c.h.Http11NioProtocol - [log,173] - Starting ProtocolHandler ["http-nio-9203"]
17:53:59.548 [main] INFO  c.a.c.n.r.NacosServiceRegistry - [register,75] - nacos registry, DEFAULT_GROUP cms-job 192.168.1.4:9203 register finished
17:53:59.862 [main] INFO  o.q.c.QuartzScheduler - [start,547] - Scheduler quartzScheduler_$_NON_CLUSTERED started.
17:53:59.883 [main] INFO  c.c.j.RuoYiJobApplication - [logStarted,61] - Started RuoYiJobApplication in 11.696 seconds (JVM running for 13.282)
17:53:59.893 [main] INFO  c.a.c.n.r.NacosContextRefresher - [registerNacosListener,129] - [Nacos Config] Listening config: dataId=cms-job-dev.yml, group=DEFAULT_GROUP
17:53:59.893 [main] INFO  c.a.c.n.r.NacosContextRefresher - [registerNacosListener,129] - [Nacos Config] Listening config: dataId=cms-job.yml, group=DEFAULT_GROUP
17:53:59.894 [main] INFO  c.a.c.n.r.NacosContextRefresher - [registerNacosListener,129] - [Nacos Config] Listening config: dataId=cms-job, group=DEFAULT_GROUP
17:54:00.052 [RMI TCP Connection(6)-192.168.1.4] INFO  o.a.c.c.C.[.[.[/] - [log,173] - Initializing Spring DispatcherServlet 'dispatcherServlet'
17:54:00.116 [nacos-grpc-client-executor-11] INFO  c.a.n.c.r.client - [printIfInfoEnabled,60] - [ab6134ed-060c-4516-8041-3380008513c8] Receive server push request, request = NotifySubscriberRequest, requestId = 184
17:54:00.120 [nacos-grpc-client-executor-11] INFO  c.a.n.c.r.client - [printIfInfoEnabled,60] - [ab6134ed-060c-4516-8041-3380008513c8] Ack server push request, request = NotifySubscriberRequest, requestId = 184
22:44:51.481 [SpringApplicationShutdownHook] INFO  o.q.c.QuartzScheduler - [standby,585] - Scheduler quartzScheduler_$_NON_CLUSTERED paused.
22:44:52.572 [SpringApplicationShutdownHook] INFO  c.a.c.n.r.NacosServiceRegistry - [deregister,94] - De-registering from Nacos Server now...
22:44:52.576 [SpringApplicationShutdownHook] INFO  c.a.c.n.r.NacosServiceRegistry - [deregister,114] - De-registration finished.
22:44:52.897 [SpringApplicationShutdownHook] INFO  c.a.n.c.r.client - [shutdown,454] - Shutdown rpc client, set status to shutdown
22:44:52.898 [SpringApplicationShutdownHook] INFO  c.a.n.c.r.client - [shutdown,456] - Shutdown client event executor java.util.concurrent.ScheduledThreadPoolExecutor@1125dd3c[Running, pool size = 2, active threads = 2, queued tasks = 0, completed tasks = 0]
22:44:52.899 [SpringApplicationShutdownHook] INFO  c.a.n.c.r.client - [closeConnection,591] - Close current connection 1685008439375_127.0.0.1_52924
22:44:52.904 [nacos-grpc-client-executor-2670] INFO  c.a.n.c.r.c.g.GrpcClient - [printIfInfoEnabled,60] - [1685008439375_127.0.0.1_52924]Ignore complete event,isRunning:false,isAbandon=false
22:44:52.913 [SpringApplicationShutdownHook] INFO  c.a.n.c.r.c.g.GrpcClient - [shutdown,85] - Shutdown grpc executor java.util.concurrent.ThreadPoolExecutor@3ed64e98[Running, pool size = 5, active threads = 0, queued tasks = 0, completed tasks = 2671]
22:44:53.057 [SpringApplicationShutdownHook] INFO  o.q.c.QuartzScheduler - [shutdown,666] - Scheduler quartzScheduler_$_NON_CLUSTERED shutting down.
22:44:53.057 [SpringApplicationShutdownHook] INFO  o.q.c.QuartzScheduler - [standby,585] - Scheduler quartzScheduler_$_NON_CLUSTERED paused.
22:44:53.058 [SpringApplicationShutdownHook] INFO  o.q.c.QuartzScheduler - [shutdown,740] - Scheduler quartzScheduler_$_NON_CLUSTERED shutdown complete.
22:44:53.061 [SpringApplicationShutdownHook] INFO  c.z.h.HikariDataSource - [close,350] - HikariPool-1 - Shutdown initiated...
22:44:53.075 [SpringApplicationShutdownHook] INFO  c.z.h.HikariDataSource - [close,352] - HikariPool-1 - Shutdown completed.
22:45:18.684 [background-preinit] INFO  o.h.v.i.util.Version - [<clinit>,21] - HV000001: Hibernate Validator 6.2.5.Final
22:45:19.509 [main] INFO  c.a.n.c.r.client - [lambda$createClient$0,80] - [RpcClientFactory] create a new rpc client of 27b3312c-64a1-44e8-a7bf-4aa8fd025b1f_config-0
22:45:19.579 [main] INFO  o.r.Reflections - [scan,232] - Reflections took 42 ms to scan 1 urls, producing 3 keys and 6 values 
22:45:19.628 [main] INFO  o.r.Reflections - [scan,232] - Reflections took 28 ms to scan 1 urls, producing 4 keys and 9 values 
22:45:19.654 [main] INFO  o.r.Reflections - [scan,232] - Reflections took 21 ms to scan 1 urls, producing 3 keys and 10 values 
22:45:19.684 [main] INFO  o.r.Reflections - [scan,232] - Reflections took 23 ms to scan 1 urls, producing 1 keys and 5 values 
22:45:19.738 [main] INFO  o.r.Reflections - [scan,232] - Reflections took 51 ms to scan 1 urls, producing 1 keys and 7 values 
22:45:19.761 [main] INFO  o.r.Reflections - [scan,232] - Reflections took 18 ms to scan 1 urls, producing 2 keys and 8 values 
22:45:19.768 [main] INFO  c.a.n.c.r.client - [printIfInfoEnabled,60] - [27b3312c-64a1-44e8-a7bf-4aa8fd025b1f_config-0] RpcClient init label, labels = {module=config, Vipserver-Tag=null, source=sdk, Amory-Tag=null, Location-Tag=null, taskId=0, AppName=unknown}
22:45:19.769 [main] INFO  c.a.n.c.r.client - [printIfInfoEnabled,60] - [27b3312c-64a1-44e8-a7bf-4aa8fd025b1f_config-0] Register server push request handler:com.alibaba.nacos.client.config.impl.ClientWorker$ConfigRpcTransportClient$$Lambda$468/0x0000000800f1cc28
22:45:19.770 [main] INFO  c.a.n.c.r.client - [printIfInfoEnabled,60] - [27b3312c-64a1-44e8-a7bf-4aa8fd025b1f_config-0] Register server push request handler:com.alibaba.nacos.client.config.impl.ClientWorker$ConfigRpcTransportClient$$Lambda$469/0x0000000800f1ce50
22:45:19.772 [main] INFO  c.a.n.c.r.client - [printIfInfoEnabled,60] - [27b3312c-64a1-44e8-a7bf-4aa8fd025b1f_config-0] Registry connection listener to current client:com.alibaba.nacos.client.config.impl.ClientWorker$ConfigRpcTransportClient$1
22:45:19.775 [main] INFO  c.a.n.c.r.client - [printIfInfoEnabled,60] - [27b3312c-64a1-44e8-a7bf-4aa8fd025b1f_config-0] RpcClient init, ServerListFactory = com.alibaba.nacos.client.config.impl.ClientWorker$ConfigRpcTransportClient$2
22:45:19.799 [main] INFO  c.a.n.c.r.client - [printIfInfoEnabled,60] - [27b3312c-64a1-44e8-a7bf-4aa8fd025b1f_config-0] Try to connect to server on start up, server: {serverIp = '127.0.0.1', server main port = 8848}
22:45:20.622 [main] INFO  c.a.n.c.r.client - [printIfInfoEnabled,60] - [27b3312c-64a1-44e8-a7bf-4aa8fd025b1f_config-0] Success to connect to server [127.0.0.1:8848] on start up, connectionId = 1685025920392_127.0.0.1_64768
22:45:20.623 [main] INFO  c.a.n.c.r.client - [printIfInfoEnabled,60] - [27b3312c-64a1-44e8-a7bf-4aa8fd025b1f_config-0] Register server push request handler:com.alibaba.nacos.common.remote.client.RpcClient$ConnectResetRequestHandler
22:45:20.624 [main] INFO  c.a.n.c.r.client - [printIfInfoEnabled,60] - [27b3312c-64a1-44e8-a7bf-4aa8fd025b1f_config-0] Register server push request handler:com.alibaba.nacos.common.remote.client.RpcClient$$Lambda$480/0x000000080101d7d8
22:45:20.623 [com.alibaba.nacos.client.remote.worker] INFO  c.a.n.c.r.client - [printIfInfoEnabled,60] - [27b3312c-64a1-44e8-a7bf-4aa8fd025b1f_config-0] Notify connected event to listeners.
22:45:20.711 [main] INFO  c.c.j.CMSJobApplication - [logStartupProfileInfo,637] - The following 1 profile is active: "dev"
22:45:25.345 [main] INFO  o.a.c.h.Http11NioProtocol - [log,173] - Initializing ProtocolHandler ["http-nio-9203"]
22:45:25.346 [main] INFO  o.a.c.c.StandardService - [log,173] - Starting service [Tomcat]
22:45:25.347 [main] INFO  o.a.c.c.StandardEngine - [log,173] - Starting Servlet engine: [Apache Tomcat/9.0.70]
22:45:25.517 [main] INFO  o.a.c.c.C.[.[.[/] - [log,173] - Initializing Spring embedded WebApplicationContext
22:45:25.865 [main] INFO  o.q.i.StdSchedulerFactory - [instantiate,1220] - Using default implementation for ThreadExecutor
22:45:25.880 [main] INFO  o.q.c.SchedulerSignalerImpl - [<init>,61] - Initialized Scheduler Signaller of type: class org.quartz.core.SchedulerSignalerImpl
22:45:25.880 [main] INFO  o.q.c.QuartzScheduler - [<init>,229] - Quartz Scheduler v.2.3.2 created.
22:45:25.881 [main] INFO  o.q.s.RAMJobStore - [initialize,155] - RAMJobStore initialized.
22:45:25.881 [main] INFO  o.q.c.QuartzScheduler - [initialize,294] - Scheduler meta-data: Quartz Scheduler (v2.3.2) 'quartzScheduler' with instanceId 'NON_CLUSTERED'
  Scheduler class: 'org.quartz.core.QuartzScheduler' - running locally.
  NOT STARTED.
  Currently in standby mode.
  Number of jobs executed: 0
  Using thread pool 'org.quartz.simpl.SimpleThreadPool' - with 10 threads.
  Using job-store 'org.quartz.simpl.RAMJobStore' - which does not support persistence. and is not clustered.

22:45:25.882 [main] INFO  o.q.i.StdSchedulerFactory - [instantiate,1374] - Quartz scheduler 'quartzScheduler' initialized from an externally provided properties instance.
22:45:25.882 [main] INFO  o.q.i.StdSchedulerFactory - [instantiate,1378] - Quartz scheduler version: 2.3.2
22:45:25.882 [main] INFO  o.q.c.QuartzScheduler - [setJobFactory,2293] - JobFactory set to: org.springframework.scheduling.quartz.SpringBeanJobFactory@38093ffe
22:45:26.085 [main] INFO  c.z.h.HikariDataSource - [getConnection,110] - HikariPool-1 - Starting...
22:45:26.366 [main] INFO  c.z.h.HikariDataSource - [getConnection,123] - HikariPool-1 - Start completed.
22:45:26.922 [main] INFO  c.a.c.s.SentinelWebMvcConfigurer - [addInterceptors,52] - [Sentinel Starter] register SentinelWebInterceptor with urlPatterns: [/**].
22:45:28.662 [main] INFO  c.a.n.c.r.client - [lambda$createClient$0,80] - [RpcClientFactory] create a new rpc client of 8cdf9e85-d720-42c0-9029-b242080d3ce9
22:45:28.662 [main] INFO  c.a.n.c.r.client - [printIfInfoEnabled,60] - [8cdf9e85-d720-42c0-9029-b242080d3ce9] RpcClient init label, labels = {module=naming, source=sdk}
22:45:28.664 [main] INFO  c.a.n.c.r.client - [printIfInfoEnabled,60] - [8cdf9e85-d720-42c0-9029-b242080d3ce9] RpcClient init, ServerListFactory = com.alibaba.nacos.client.naming.core.ServerListManager
22:45:28.665 [main] INFO  c.a.n.c.r.client - [printIfInfoEnabled,60] - [8cdf9e85-d720-42c0-9029-b242080d3ce9] Registry connection listener to current client:com.alibaba.nacos.client.naming.remote.gprc.redo.NamingGrpcRedoService
22:45:28.665 [main] INFO  c.a.n.c.r.client - [printIfInfoEnabled,60] - [8cdf9e85-d720-42c0-9029-b242080d3ce9] Register server push request handler:com.alibaba.nacos.client.naming.remote.gprc.NamingPushRequestHandler
22:45:28.666 [main] INFO  c.a.n.c.r.client - [printIfInfoEnabled,60] - [8cdf9e85-d720-42c0-9029-b242080d3ce9] Try to connect to server on start up, server: {serverIp = '127.0.0.1', server main port = 8848}
22:45:28.816 [main] INFO  c.a.n.c.r.client - [printIfInfoEnabled,60] - [8cdf9e85-d720-42c0-9029-b242080d3ce9] Success to connect to server [127.0.0.1:8848] on start up, connectionId = 1685025928683_127.0.0.1_64805
22:45:28.817 [main] INFO  c.a.n.c.r.client - [printIfInfoEnabled,60] - [8cdf9e85-d720-42c0-9029-b242080d3ce9] Register server push request handler:com.alibaba.nacos.common.remote.client.RpcClient$ConnectResetRequestHandler
22:45:28.817 [com.alibaba.nacos.client.remote.worker] INFO  c.a.n.c.r.client - [printIfInfoEnabled,60] - [8cdf9e85-d720-42c0-9029-b242080d3ce9] Notify connected event to listeners.
22:45:28.817 [main] INFO  c.a.n.c.r.client - [printIfInfoEnabled,60] - [8cdf9e85-d720-42c0-9029-b242080d3ce9] Register server push request handler:com.alibaba.nacos.common.remote.client.RpcClient$$Lambda$480/0x000000080101d7d8
22:45:28.848 [main] INFO  o.a.c.h.Http11NioProtocol - [log,173] - Starting ProtocolHandler ["http-nio-9203"]
22:45:28.903 [main] INFO  c.a.c.n.r.NacosServiceRegistry - [register,75] - nacos registry, DEFAULT_GROUP cms-job 192.168.1.4:9203 register finished
22:45:29.335 [main] INFO  o.q.c.QuartzScheduler - [start,547] - Scheduler quartzScheduler_$_NON_CLUSTERED started.
22:45:29.379 [main] INFO  c.c.j.CMSJobApplication - [logStarted,61] - Started CMSJobApplication in 11.773 seconds (JVM running for 13.139)
22:45:29.414 [main] INFO  c.a.c.n.r.NacosContextRefresher - [registerNacosListener,129] - [Nacos Config] Listening config: dataId=cms-job-dev.yml, group=DEFAULT_GROUP
22:45:29.415 [main] INFO  c.a.c.n.r.NacosContextRefresher - [registerNacosListener,129] - [Nacos Config] Listening config: dataId=cms-job.yml, group=DEFAULT_GROUP
22:45:29.416 [main] INFO  c.a.c.n.r.NacosContextRefresher - [registerNacosListener,129] - [Nacos Config] Listening config: dataId=cms-job, group=DEFAULT_GROUP
22:45:29.423 [nacos-grpc-client-executor-8] INFO  c.a.n.c.r.client - [printIfInfoEnabled,60] - [8cdf9e85-d720-42c0-9029-b242080d3ce9] Receive server push request, request = NotifySubscriberRequest, requestId = 228
22:45:29.438 [nacos-grpc-client-executor-8] INFO  c.a.n.c.r.client - [printIfInfoEnabled,60] - [8cdf9e85-d720-42c0-9029-b242080d3ce9] Ack server push request, request = NotifySubscriberRequest, requestId = 228
22:45:29.912 [RMI TCP Connection(4)-192.168.1.4] INFO  o.a.c.c.C.[.[.[/] - [log,173] - Initializing Spring DispatcherServlet 'dispatcherServlet'
22:47:28.128 [SpringApplicationShutdownHook] INFO  o.q.c.QuartzScheduler - [standby,585] - Scheduler quartzScheduler_$_NON_CLUSTERED paused.
22:47:29.148 [SpringApplicationShutdownHook] INFO  c.a.c.n.r.NacosServiceRegistry - [deregister,94] - De-registering from Nacos Server now...
22:47:29.151 [SpringApplicationShutdownHook] INFO  c.a.c.n.r.NacosServiceRegistry - [deregister,114] - De-registration finished.
22:47:29.457 [SpringApplicationShutdownHook] INFO  c.a.n.c.r.client - [shutdown,454] - Shutdown rpc client, set status to shutdown
22:47:29.458 [SpringApplicationShutdownHook] INFO  c.a.n.c.r.client - [shutdown,456] - Shutdown client event executor java.util.concurrent.ScheduledThreadPoolExecutor@1a86200c[Running, pool size = 2, active threads = 2, queued tasks = 0, completed tasks = 0]
22:47:29.458 [SpringApplicationShutdownHook] INFO  c.a.n.c.r.client - [closeConnection,591] - Close current connection 1685025928683_127.0.0.1_64805
22:47:29.460 [nacos-grpc-client-executor-54] INFO  c.a.n.c.r.c.g.GrpcClient - [printIfInfoEnabled,60] - [1685025928683_127.0.0.1_64805]Ignore complete event,isRunning:false,isAbandon=false
22:47:29.460 [SpringApplicationShutdownHook] INFO  c.a.n.c.r.c.g.GrpcClient - [shutdown,85] - Shutdown grpc executor java.util.concurrent.ThreadPoolExecutor@42491425[Running, pool size = 7, active threads = 0, queued tasks = 0, completed tasks = 55]
22:47:29.580 [SpringApplicationShutdownHook] INFO  o.q.c.QuartzScheduler - [shutdown,666] - Scheduler quartzScheduler_$_NON_CLUSTERED shutting down.
22:47:29.581 [SpringApplicationShutdownHook] INFO  o.q.c.QuartzScheduler - [standby,585] - Scheduler quartzScheduler_$_NON_CLUSTERED paused.
22:47:29.581 [SpringApplicationShutdownHook] INFO  o.q.c.QuartzScheduler - [shutdown,740] - Scheduler quartzScheduler_$_NON_CLUSTERED shutdown complete.
22:47:29.582 [SpringApplicationShutdownHook] INFO  c.z.h.HikariDataSource - [close,350] - HikariPool-1 - Shutdown initiated...
22:47:29.591 [SpringApplicationShutdownHook] INFO  c.z.h.HikariDataSource - [close,352] - HikariPool-1 - Shutdown completed.
22:47:49.189 [background-preinit] INFO  o.h.v.i.util.Version - [<clinit>,21] - HV000001: Hibernate Validator 6.2.5.Final
22:47:50.059 [main] INFO  c.a.n.c.r.client - [lambda$createClient$0,80] - [RpcClientFactory] create a new rpc client of 1597c7a1-87cb-4b84-b414-c4c5bb795dfb_config-0
22:47:50.138 [main] INFO  o.r.Reflections - [scan,232] - Reflections took 51 ms to scan 1 urls, producing 3 keys and 6 values 
22:47:50.195 [main] INFO  o.r.Reflections - [scan,232] - Reflections took 37 ms to scan 1 urls, producing 4 keys and 9 values 
22:47:50.221 [main] INFO  o.r.Reflections - [scan,232] - Reflections took 22 ms to scan 1 urls, producing 3 keys and 10 values 
22:47:50.251 [main] INFO  o.r.Reflections - [scan,232] - Reflections took 23 ms to scan 1 urls, producing 1 keys and 5 values 
22:47:50.277 [main] INFO  o.r.Reflections - [scan,232] - Reflections took 23 ms to scan 1 urls, producing 1 keys and 7 values 
22:47:50.312 [main] INFO  o.r.Reflections - [scan,232] - Reflections took 30 ms to scan 1 urls, producing 2 keys and 8 values 
22:47:50.316 [main] INFO  c.a.n.c.r.client - [printIfInfoEnabled,60] - [1597c7a1-87cb-4b84-b414-c4c5bb795dfb_config-0] RpcClient init label, labels = {module=config, Vipserver-Tag=null, source=sdk, Amory-Tag=null, Location-Tag=null, taskId=0, AppName=unknown}
22:47:50.317 [main] INFO  c.a.n.c.r.client - [printIfInfoEnabled,60] - [1597c7a1-87cb-4b84-b414-c4c5bb795dfb_config-0] Register server push request handler:com.alibaba.nacos.client.config.impl.ClientWorker$ConfigRpcTransportClient$$Lambda$468/0x0000000800f1bb38
22:47:50.317 [main] INFO  c.a.n.c.r.client - [printIfInfoEnabled,60] - [1597c7a1-87cb-4b84-b414-c4c5bb795dfb_config-0] Register server push request handler:com.alibaba.nacos.client.config.impl.ClientWorker$ConfigRpcTransportClient$$Lambda$469/0x0000000800f1bd60
22:47:50.318 [main] INFO  c.a.n.c.r.client - [printIfInfoEnabled,60] - [1597c7a1-87cb-4b84-b414-c4c5bb795dfb_config-0] Registry connection listener to current client:com.alibaba.nacos.client.config.impl.ClientWorker$ConfigRpcTransportClient$1
22:47:50.318 [main] INFO  c.a.n.c.r.client - [printIfInfoEnabled,60] - [1597c7a1-87cb-4b84-b414-c4c5bb795dfb_config-0] RpcClient init, ServerListFactory = com.alibaba.nacos.client.config.impl.ClientWorker$ConfigRpcTransportClient$2
22:47:50.328 [main] INFO  c.a.n.c.r.client - [printIfInfoEnabled,60] - [1597c7a1-87cb-4b84-b414-c4c5bb795dfb_config-0] Try to connect to server on start up, server: {serverIp = '127.0.0.1', server main port = 8848}
22:47:51.214 [main] INFO  c.a.n.c.r.client - [printIfInfoEnabled,60] - [1597c7a1-87cb-4b84-b414-c4c5bb795dfb_config-0] Success to connect to server [127.0.0.1:8848] on start up, connectionId = 1685026070957_127.0.0.1_65008
22:47:51.215 [com.alibaba.nacos.client.remote.worker] INFO  c.a.n.c.r.client - [printIfInfoEnabled,60] - [1597c7a1-87cb-4b84-b414-c4c5bb795dfb_config-0] Notify connected event to listeners.
22:47:51.216 [main] INFO  c.a.n.c.r.client - [printIfInfoEnabled,60] - [1597c7a1-87cb-4b84-b414-c4c5bb795dfb_config-0] Register server push request handler:com.alibaba.nacos.common.remote.client.RpcClient$ConnectResetRequestHandler
22:47:51.216 [main] INFO  c.a.n.c.r.client - [printIfInfoEnabled,60] - [1597c7a1-87cb-4b84-b414-c4c5bb795dfb_config-0] Register server push request handler:com.alibaba.nacos.common.remote.client.RpcClient$$Lambda$480/0x000000080101c290
22:47:51.318 [main] INFO  c.c.j.CMSJobApplication - [logStartupProfileInfo,637] - The following 1 profile is active: "dev"
22:47:55.134 [main] INFO  o.a.c.h.Http11NioProtocol - [log,173] - Initializing ProtocolHandler ["http-nio-9203"]
22:47:55.135 [main] INFO  o.a.c.c.StandardService - [log,173] - Starting service [Tomcat]
22:47:55.136 [main] INFO  o.a.c.c.StandardEngine - [log,173] - Starting Servlet engine: [Apache Tomcat/9.0.70]
22:47:55.351 [main] INFO  o.a.c.c.C.[.[.[/] - [log,173] - Initializing Spring embedded WebApplicationContext
22:47:55.824 [main] INFO  o.q.i.StdSchedulerFactory - [instantiate,1220] - Using default implementation for ThreadExecutor
22:47:55.844 [main] INFO  o.q.c.SchedulerSignalerImpl - [<init>,61] - Initialized Scheduler Signaller of type: class org.quartz.core.SchedulerSignalerImpl
22:47:55.844 [main] INFO  o.q.c.QuartzScheduler - [<init>,229] - Quartz Scheduler v.2.3.2 created.
22:47:55.844 [main] INFO  o.q.s.RAMJobStore - [initialize,155] - RAMJobStore initialized.
22:47:55.845 [main] INFO  o.q.c.QuartzScheduler - [initialize,294] - Scheduler meta-data: Quartz Scheduler (v2.3.2) 'quartzScheduler' with instanceId 'NON_CLUSTERED'
  Scheduler class: 'org.quartz.core.QuartzScheduler' - running locally.
  NOT STARTED.
  Currently in standby mode.
  Number of jobs executed: 0
  Using thread pool 'org.quartz.simpl.SimpleThreadPool' - with 10 threads.
  Using job-store 'org.quartz.simpl.RAMJobStore' - which does not support persistence. and is not clustered.

22:47:55.845 [main] INFO  o.q.i.StdSchedulerFactory - [instantiate,1374] - Quartz scheduler 'quartzScheduler' initialized from an externally provided properties instance.
22:47:55.845 [main] INFO  o.q.i.StdSchedulerFactory - [instantiate,1378] - Quartz scheduler version: 2.3.2
22:47:55.845 [main] INFO  o.q.c.QuartzScheduler - [setJobFactory,2293] - JobFactory set to: org.springframework.scheduling.quartz.SpringBeanJobFactory@6ef61cd0
22:47:56.125 [main] INFO  c.z.h.HikariDataSource - [getConnection,110] - HikariPool-1 - Starting...
22:47:56.386 [main] INFO  c.z.h.HikariDataSource - [getConnection,123] - HikariPool-1 - Start completed.
22:47:57.106 [main] INFO  c.a.c.s.SentinelWebMvcConfigurer - [addInterceptors,52] - [Sentinel Starter] register SentinelWebInterceptor with urlPatterns: [/**].
22:47:59.270 [main] INFO  c.a.n.c.r.client - [lambda$createClient$0,80] - [RpcClientFactory] create a new rpc client of 23bec4ea-bc83-420d-817b-4bfd247163ba
22:47:59.270 [main] INFO  c.a.n.c.r.client - [printIfInfoEnabled,60] - [23bec4ea-bc83-420d-817b-4bfd247163ba] RpcClient init label, labels = {module=naming, source=sdk}
22:47:59.272 [main] INFO  c.a.n.c.r.client - [printIfInfoEnabled,60] - [23bec4ea-bc83-420d-817b-4bfd247163ba] RpcClient init, ServerListFactory = com.alibaba.nacos.client.naming.core.ServerListManager
22:47:59.273 [main] INFO  c.a.n.c.r.client - [printIfInfoEnabled,60] - [23bec4ea-bc83-420d-817b-4bfd247163ba] Registry connection listener to current client:com.alibaba.nacos.client.naming.remote.gprc.redo.NamingGrpcRedoService
22:47:59.273 [main] INFO  c.a.n.c.r.client - [printIfInfoEnabled,60] - [23bec4ea-bc83-420d-817b-4bfd247163ba] Register server push request handler:com.alibaba.nacos.client.naming.remote.gprc.NamingPushRequestHandler
22:47:59.274 [main] INFO  c.a.n.c.r.client - [printIfInfoEnabled,60] - [23bec4ea-bc83-420d-817b-4bfd247163ba] Try to connect to server on start up, server: {serverIp = '127.0.0.1', server main port = 8848}
22:47:59.441 [main] INFO  c.a.n.c.r.client - [printIfInfoEnabled,60] - [23bec4ea-bc83-420d-817b-4bfd247163ba] Success to connect to server [127.0.0.1:8848] on start up, connectionId = 1685026079310_127.0.0.1_65052
22:47:59.441 [main] INFO  c.a.n.c.r.client - [printIfInfoEnabled,60] - [23bec4ea-bc83-420d-817b-4bfd247163ba] Register server push request handler:com.alibaba.nacos.common.remote.client.RpcClient$ConnectResetRequestHandler
22:47:59.441 [com.alibaba.nacos.client.remote.worker] INFO  c.a.n.c.r.client - [printIfInfoEnabled,60] - [23bec4ea-bc83-420d-817b-4bfd247163ba] Notify connected event to listeners.
22:47:59.441 [main] INFO  c.a.n.c.r.client - [printIfInfoEnabled,60] - [23bec4ea-bc83-420d-817b-4bfd247163ba] Register server push request handler:com.alibaba.nacos.common.remote.client.RpcClient$$Lambda$480/0x000000080101c290
22:47:59.470 [main] INFO  o.a.c.h.Http11NioProtocol - [log,173] - Starting ProtocolHandler ["http-nio-9203"]
22:47:59.488 [main] INFO  c.a.c.n.r.NacosServiceRegistry - [register,75] - nacos registry, DEFAULT_GROUP cms-job 192.168.1.4:9203 register finished
22:47:59.733 [main] INFO  o.q.c.QuartzScheduler - [start,547] - Scheduler quartzScheduler_$_NON_CLUSTERED started.
22:47:59.750 [main] INFO  c.c.j.CMSJobApplication - [logStarted,61] - Started CMSJobApplication in 11.719 seconds (JVM running for 13.294)
22:47:59.757 [main] INFO  c.a.c.n.r.NacosContextRefresher - [registerNacosListener,129] - [Nacos Config] Listening config: dataId=cms-job-dev.yml, group=DEFAULT_GROUP
22:47:59.758 [main] INFO  c.a.c.n.r.NacosContextRefresher - [registerNacosListener,129] - [Nacos Config] Listening config: dataId=cms-job.yml, group=DEFAULT_GROUP
22:47:59.758 [main] INFO  c.a.c.n.r.NacosContextRefresher - [registerNacosListener,129] - [Nacos Config] Listening config: dataId=cms-job, group=DEFAULT_GROUP
22:47:59.865 [RMI TCP Connection(1)-192.168.1.4] INFO  o.a.c.c.C.[.[.[/] - [log,173] - Initializing Spring DispatcherServlet 'dispatcherServlet'
22:48:00.013 [nacos-grpc-client-executor-12] INFO  c.a.n.c.r.client - [printIfInfoEnabled,60] - [23bec4ea-bc83-420d-817b-4bfd247163ba] Receive server push request, request = NotifySubscriberRequest, requestId = 257
22:48:00.015 [nacos-grpc-client-executor-12] INFO  c.a.n.c.r.client - [printIfInfoEnabled,60] - [23bec4ea-bc83-420d-817b-4bfd247163ba] Ack server push request, request = NotifySubscriberRequest, requestId = 257
