14:30:49.727 [background-preinit] INFO  o.h.v.i.util.Version - [<clinit>,21] - HV000001: Hibernate Validator 6.2.5.Final
14:30:50.355 [main] INFO  c.a.n.c.r.client - [lambda$createClient$0,80] - [RpcClientFactory] create a new rpc client of 94b04fe6-5c88-4a34-98e0-a6044e82dae4_config-0
14:30:50.395 [main] INFO  o.r.Reflections - [scan,232] - Reflections took 25 ms to scan 1 urls, producing 3 keys and 6 values 
14:30:50.419 [main] INFO  o.r.Reflections - [scan,232] - Reflections took 14 ms to scan 1 urls, producing 4 keys and 9 values 
14:30:50.433 [main] INFO  o.r.Reflections - [scan,232] - Reflections took 11 ms to scan 1 urls, producing 3 keys and 10 values 
14:30:50.448 [main] INFO  o.r.Reflections - [scan,232] - Reflections took 12 ms to scan 1 urls, producing 1 keys and 5 values 
14:30:50.465 [main] INFO  o.r.Reflections - [scan,232] - Reflections took 15 ms to scan 1 urls, producing 1 keys and 7 values 
14:30:50.483 [main] INFO  o.r.Reflections - [scan,232] - Reflections took 16 ms to scan 1 urls, producing 2 keys and 8 values 
14:30:50.487 [main] INFO  c.a.n.c.r.client - [printIfInfoEnabled,60] - [94b04fe6-5c88-4a34-98e0-a6044e82dae4_config-0] RpcClient init label, labels = {module=config, Vipserver-Tag=null, source=sdk, Amory-Tag=null, Location-Tag=null, taskId=0, AppName=unknown}
14:30:50.487 [main] INFO  c.a.n.c.r.client - [printIfInfoEnabled,60] - [94b04fe6-5c88-4a34-98e0-a6044e82dae4_config-0] Register server push request handler:com.alibaba.nacos.client.config.impl.ClientWorker$ConfigRpcTransportClient$$Lambda$468/0x0000000800f1cea8
14:30:50.488 [main] INFO  c.a.n.c.r.client - [printIfInfoEnabled,60] - [94b04fe6-5c88-4a34-98e0-a6044e82dae4_config-0] Register server push request handler:com.alibaba.nacos.client.config.impl.ClientWorker$ConfigRpcTransportClient$$Lambda$469/0x0000000800f1d0d0
14:30:50.488 [main] INFO  c.a.n.c.r.client - [printIfInfoEnabled,60] - [94b04fe6-5c88-4a34-98e0-a6044e82dae4_config-0] Registry connection listener to current client:com.alibaba.nacos.client.config.impl.ClientWorker$ConfigRpcTransportClient$1
14:30:50.489 [main] INFO  c.a.n.c.r.client - [printIfInfoEnabled,60] - [94b04fe6-5c88-4a34-98e0-a6044e82dae4_config-0] RpcClient init, ServerListFactory = com.alibaba.nacos.client.config.impl.ClientWorker$ConfigRpcTransportClient$2
14:30:50.504 [main] INFO  c.a.n.c.r.client - [printIfInfoEnabled,60] - [94b04fe6-5c88-4a34-98e0-a6044e82dae4_config-0] Try to connect to server on start up, server: {serverIp = '127.0.0.1', server main port = 8848}
14:30:51.133 [main] INFO  c.a.n.c.r.client - [printIfInfoEnabled,60] - [94b04fe6-5c88-4a34-98e0-a6044e82dae4_config-0] Success to connect to server [127.0.0.1:8848] on start up, connectionId = 1680935450903_127.0.0.1_51548
14:30:51.134 [com.alibaba.nacos.client.remote.worker] INFO  c.a.n.c.r.client - [printIfInfoEnabled,60] - [94b04fe6-5c88-4a34-98e0-a6044e82dae4_config-0] Notify connected event to listeners.
14:30:51.134 [main] INFO  c.a.n.c.r.client - [printIfInfoEnabled,60] - [94b04fe6-5c88-4a34-98e0-a6044e82dae4_config-0] Register server push request handler:com.alibaba.nacos.common.remote.client.RpcClient$ConnectResetRequestHandler
14:30:51.135 [main] INFO  c.a.n.c.r.client - [printIfInfoEnabled,60] - [94b04fe6-5c88-4a34-98e0-a6044e82dae4_config-0] Register server push request handler:com.alibaba.nacos.common.remote.client.RpcClient$$Lambda$480/0x000000080101d7d8
14:30:51.265 [main] INFO  c.c.j.RuoYiJobApplication - [logStartupProfileInfo,637] - The following 1 profile is active: "dev"
14:30:55.229 [main] INFO  o.a.c.h.Http11NioProtocol - [log,173] - Initializing ProtocolHandler ["http-nio-9203"]
14:30:55.229 [main] INFO  o.a.c.c.StandardService - [log,173] - Starting service [Tomcat]
14:30:55.229 [main] INFO  o.a.c.c.StandardEngine - [log,173] - Starting Servlet engine: [Apache Tomcat/9.0.70]
14:30:55.403 [main] INFO  o.a.c.c.C.[.[.[/] - [log,173] - Initializing Spring embedded WebApplicationContext
14:30:55.860 [main] INFO  o.q.i.StdSchedulerFactory - [instantiate,1220] - Using default implementation for ThreadExecutor
14:30:55.874 [main] INFO  o.q.c.SchedulerSignalerImpl - [<init>,61] - Initialized Scheduler Signaller of type: class org.quartz.core.SchedulerSignalerImpl
14:30:55.875 [main] INFO  o.q.c.QuartzScheduler - [<init>,229] - Quartz Scheduler v.2.3.2 created.
14:30:55.875 [main] INFO  o.q.s.RAMJobStore - [initialize,155] - RAMJobStore initialized.
14:30:55.876 [main] INFO  o.q.c.QuartzScheduler - [initialize,294] - Scheduler meta-data: Quartz Scheduler (v2.3.2) 'quartzScheduler' with instanceId 'NON_CLUSTERED'
  Scheduler class: 'org.quartz.core.QuartzScheduler' - running locally.
  NOT STARTED.
  Currently in standby mode.
  Number of jobs executed: 0
  Using thread pool 'org.quartz.simpl.SimpleThreadPool' - with 10 threads.
  Using job-store 'org.quartz.simpl.RAMJobStore' - which does not support persistence. and is not clustered.

14:30:55.877 [main] INFO  o.q.i.StdSchedulerFactory - [instantiate,1374] - Quartz scheduler 'quartzScheduler' initialized from an externally provided properties instance.
14:30:55.877 [main] INFO  o.q.i.StdSchedulerFactory - [instantiate,1378] - Quartz scheduler version: 2.3.2
14:30:55.877 [main] INFO  o.q.c.QuartzScheduler - [setJobFactory,2293] - JobFactory set to: org.springframework.scheduling.quartz.SpringBeanJobFactory@55c8fc60
14:30:56.190 [main] INFO  c.z.h.HikariDataSource - [getConnection,110] - HikariPool-1 - Starting...
14:30:56.554 [main] INFO  c.z.h.HikariDataSource - [getConnection,123] - HikariPool-1 - Start completed.
14:30:57.547 [main] INFO  c.a.c.s.SentinelWebMvcConfigurer - [addInterceptors,52] - [Sentinel Starter] register SentinelWebInterceptor with urlPatterns: [/**].
14:31:00.232 [main] INFO  c.a.n.c.r.client - [lambda$createClient$0,80] - [RpcClientFactory] create a new rpc client of 1a665f35-3153-4972-9858-b59eaeccb19a
14:31:00.234 [main] INFO  c.a.n.c.r.client - [printIfInfoEnabled,60] - [1a665f35-3153-4972-9858-b59eaeccb19a] RpcClient init label, labels = {module=naming, source=sdk}
14:31:00.252 [main] INFO  c.a.n.c.r.client - [printIfInfoEnabled,60] - [1a665f35-3153-4972-9858-b59eaeccb19a] RpcClient init, ServerListFactory = com.alibaba.nacos.client.naming.core.ServerListManager
14:31:00.256 [main] INFO  c.a.n.c.r.client - [printIfInfoEnabled,60] - [1a665f35-3153-4972-9858-b59eaeccb19a] Registry connection listener to current client:com.alibaba.nacos.client.naming.remote.gprc.redo.NamingGrpcRedoService
14:31:00.259 [main] INFO  c.a.n.c.r.client - [printIfInfoEnabled,60] - [1a665f35-3153-4972-9858-b59eaeccb19a] Register server push request handler:com.alibaba.nacos.client.naming.remote.gprc.NamingPushRequestHandler
14:31:00.263 [main] INFO  c.a.n.c.r.client - [printIfInfoEnabled,60] - [1a665f35-3153-4972-9858-b59eaeccb19a] Try to connect to server on start up, server: {serverIp = '127.0.0.1', server main port = 8848}
14:31:00.420 [main] INFO  c.a.n.c.r.client - [printIfInfoEnabled,60] - [1a665f35-3153-4972-9858-b59eaeccb19a] Success to connect to server [127.0.0.1:8848] on start up, connectionId = 1680935460289_127.0.0.1_51636
14:31:00.421 [main] INFO  c.a.n.c.r.client - [printIfInfoEnabled,60] - [1a665f35-3153-4972-9858-b59eaeccb19a] Register server push request handler:com.alibaba.nacos.common.remote.client.RpcClient$ConnectResetRequestHandler
14:31:00.421 [com.alibaba.nacos.client.remote.worker] INFO  c.a.n.c.r.client - [printIfInfoEnabled,60] - [1a665f35-3153-4972-9858-b59eaeccb19a] Notify connected event to listeners.
14:31:00.421 [main] INFO  c.a.n.c.r.client - [printIfInfoEnabled,60] - [1a665f35-3153-4972-9858-b59eaeccb19a] Register server push request handler:com.alibaba.nacos.common.remote.client.RpcClient$$Lambda$480/0x000000080101d7d8
14:31:00.471 [main] INFO  o.a.c.h.Http11NioProtocol - [log,173] - Starting ProtocolHandler ["http-nio-9203"]
14:31:00.544 [main] INFO  c.a.c.n.r.NacosServiceRegistry - [register,75] - nacos registry, DEFAULT_GROUP cms-job 192.168.1.2:9203 register finished
14:31:00.961 [nacos-grpc-client-executor-11] INFO  c.a.n.c.r.client - [printIfInfoEnabled,60] - [1a665f35-3153-4972-9858-b59eaeccb19a] Receive server push request, request = NotifySubscriberRequest, requestId = 13
14:31:00.967 [nacos-grpc-client-executor-11] INFO  c.a.n.c.r.client - [printIfInfoEnabled,60] - [1a665f35-3153-4972-9858-b59eaeccb19a] Ack server push request, request = NotifySubscriberRequest, requestId = 13
14:31:01.111 [http-nio-9203-exec-1] INFO  o.a.c.c.C.[.[.[/] - [log,173] - Initializing Spring DispatcherServlet 'dispatcherServlet'
14:31:01.670 [main] INFO  o.q.c.QuartzScheduler - [start,547] - Scheduler quartzScheduler_$_NON_CLUSTERED started.
14:31:01.713 [main] INFO  c.c.j.RuoYiJobApplication - [logStarted,61] - Started RuoYiJobApplication in 12.857 seconds (JVM running for 14.173)
14:31:01.724 [main] INFO  c.a.c.n.r.NacosContextRefresher - [registerNacosListener,129] - [Nacos Config] Listening config: dataId=cms-job-dev.yml, group=DEFAULT_GROUP
14:31:01.725 [main] INFO  c.a.c.n.r.NacosContextRefresher - [registerNacosListener,129] - [Nacos Config] Listening config: dataId=cms-job.yml, group=DEFAULT_GROUP
14:31:01.725 [main] INFO  c.a.c.n.r.NacosContextRefresher - [registerNacosListener,129] - [Nacos Config] Listening config: dataId=cms-job, group=DEFAULT_GROUP
14:57:54.580 [SpringApplicationShutdownHook] INFO  o.q.c.QuartzScheduler - [standby,585] - Scheduler quartzScheduler_$_NON_CLUSTERED paused.
14:57:55.609 [SpringApplicationShutdownHook] INFO  c.a.c.n.r.NacosServiceRegistry - [deregister,94] - De-registering from Nacos Server now...
14:57:55.611 [SpringApplicationShutdownHook] INFO  c.a.c.n.r.NacosServiceRegistry - [deregister,114] - De-registration finished.
14:57:55.923 [SpringApplicationShutdownHook] INFO  c.a.n.c.r.client - [shutdown,454] - Shutdown rpc client, set status to shutdown
14:57:55.923 [SpringApplicationShutdownHook] INFO  c.a.n.c.r.client - [shutdown,456] - Shutdown client event executor java.util.concurrent.ScheduledThreadPoolExecutor@6fdc8101[Running, pool size = 2, active threads = 2, queued tasks = 0, completed tasks = 0]
14:57:55.924 [SpringApplicationShutdownHook] INFO  c.a.n.c.r.client - [closeConnection,591] - Close current connection 1680935460289_127.0.0.1_51636
14:57:55.925 [nacos-grpc-client-executor-414] INFO  c.a.n.c.r.c.g.GrpcClient - [printIfInfoEnabled,60] - [1680935460289_127.0.0.1_51636]Ignore complete event,isRunning:false,isAbandon=false
14:57:55.926 [SpringApplicationShutdownHook] INFO  c.a.n.c.r.c.g.GrpcClient - [shutdown,85] - Shutdown grpc executor java.util.concurrent.ThreadPoolExecutor@180a3b1b[Running, pool size = 5, active threads = 0, queued tasks = 0, completed tasks = 415]
14:57:56.052 [SpringApplicationShutdownHook] INFO  o.q.c.QuartzScheduler - [shutdown,666] - Scheduler quartzScheduler_$_NON_CLUSTERED shutting down.
14:57:56.053 [SpringApplicationShutdownHook] INFO  o.q.c.QuartzScheduler - [standby,585] - Scheduler quartzScheduler_$_NON_CLUSTERED paused.
14:57:56.053 [SpringApplicationShutdownHook] INFO  o.q.c.QuartzScheduler - [shutdown,740] - Scheduler quartzScheduler_$_NON_CLUSTERED shutdown complete.
14:57:56.055 [SpringApplicationShutdownHook] INFO  c.z.h.HikariDataSource - [close,350] - HikariPool-1 - Shutdown initiated...
14:57:56.065 [SpringApplicationShutdownHook] INFO  c.z.h.HikariDataSource - [close,352] - HikariPool-1 - Shutdown completed.
15:00:18.533 [background-preinit] INFO  o.h.v.i.util.Version - [<clinit>,21] - HV000001: Hibernate Validator 6.2.5.Final
15:00:19.237 [main] INFO  c.a.n.c.r.client - [lambda$createClient$0,80] - [RpcClientFactory] create a new rpc client of 7c808af0-d0f9-4121-a3a3-5c99416276aa_config-0
15:00:19.279 [main] INFO  o.r.Reflections - [scan,232] - Reflections took 27 ms to scan 1 urls, producing 3 keys and 6 values 
15:00:19.305 [main] INFO  o.r.Reflections - [scan,232] - Reflections took 16 ms to scan 1 urls, producing 4 keys and 9 values 
15:00:19.321 [main] INFO  o.r.Reflections - [scan,232] - Reflections took 13 ms to scan 1 urls, producing 3 keys and 10 values 
15:00:19.338 [main] INFO  o.r.Reflections - [scan,232] - Reflections took 13 ms to scan 1 urls, producing 1 keys and 5 values 
15:00:19.354 [main] INFO  o.r.Reflections - [scan,232] - Reflections took 14 ms to scan 1 urls, producing 1 keys and 7 values 
15:00:19.370 [main] INFO  o.r.Reflections - [scan,232] - Reflections took 13 ms to scan 1 urls, producing 2 keys and 8 values 
15:00:19.384 [main] INFO  c.a.n.c.r.client - [printIfInfoEnabled,60] - [7c808af0-d0f9-4121-a3a3-5c99416276aa_config-0] RpcClient init label, labels = {module=config, Vipserver-Tag=null, source=sdk, Amory-Tag=null, Location-Tag=null, taskId=0, AppName=unknown}
15:00:19.385 [main] INFO  c.a.n.c.r.client - [printIfInfoEnabled,60] - [7c808af0-d0f9-4121-a3a3-5c99416276aa_config-0] Register server push request handler:com.alibaba.nacos.client.config.impl.ClientWorker$ConfigRpcTransportClient$$Lambda$468/0x0000000800f3cc28
15:00:19.385 [main] INFO  c.a.n.c.r.client - [printIfInfoEnabled,60] - [7c808af0-d0f9-4121-a3a3-5c99416276aa_config-0] Register server push request handler:com.alibaba.nacos.client.config.impl.ClientWorker$ConfigRpcTransportClient$$Lambda$469/0x0000000800f3ce50
15:00:19.385 [main] INFO  c.a.n.c.r.client - [printIfInfoEnabled,60] - [7c808af0-d0f9-4121-a3a3-5c99416276aa_config-0] Registry connection listener to current client:com.alibaba.nacos.client.config.impl.ClientWorker$ConfigRpcTransportClient$1
15:00:19.386 [main] INFO  c.a.n.c.r.client - [printIfInfoEnabled,60] - [7c808af0-d0f9-4121-a3a3-5c99416276aa_config-0] RpcClient init, ServerListFactory = com.alibaba.nacos.client.config.impl.ClientWorker$ConfigRpcTransportClient$2
15:00:19.399 [main] INFO  c.a.n.c.r.client - [printIfInfoEnabled,60] - [7c808af0-d0f9-4121-a3a3-5c99416276aa_config-0] Try to connect to server on start up, server: {serverIp = '127.0.0.1', server main port = 8848}
15:00:20.165 [main] INFO  c.a.n.c.r.client - [printIfInfoEnabled,60] - [7c808af0-d0f9-4121-a3a3-5c99416276aa_config-0] Success to connect to server [127.0.0.1:8848] on start up, connectionId = 1680937219914_127.0.0.1_52840
15:00:20.167 [com.alibaba.nacos.client.remote.worker] INFO  c.a.n.c.r.client - [printIfInfoEnabled,60] - [7c808af0-d0f9-4121-a3a3-5c99416276aa_config-0] Notify connected event to listeners.
15:00:20.167 [main] INFO  c.a.n.c.r.client - [printIfInfoEnabled,60] - [7c808af0-d0f9-4121-a3a3-5c99416276aa_config-0] Register server push request handler:com.alibaba.nacos.common.remote.client.RpcClient$ConnectResetRequestHandler
15:00:20.167 [main] INFO  c.a.n.c.r.client - [printIfInfoEnabled,60] - [7c808af0-d0f9-4121-a3a3-5c99416276aa_config-0] Register server push request handler:com.alibaba.nacos.common.remote.client.RpcClient$$Lambda$480/0x000000080103ea00
15:00:20.335 [main] INFO  c.c.j.RuoYiJobApplication - [logStartupProfileInfo,637] - The following 1 profile is active: "dev"
15:00:24.432 [main] INFO  o.a.c.h.Http11NioProtocol - [log,173] - Initializing ProtocolHandler ["http-nio-9203"]
15:00:24.432 [main] INFO  o.a.c.c.StandardService - [log,173] - Starting service [Tomcat]
15:00:24.433 [main] INFO  o.a.c.c.StandardEngine - [log,173] - Starting Servlet engine: [Apache Tomcat/9.0.70]
15:00:24.652 [main] INFO  o.a.c.c.C.[.[.[/] - [log,173] - Initializing Spring embedded WebApplicationContext
15:00:25.063 [main] INFO  o.q.i.StdSchedulerFactory - [instantiate,1220] - Using default implementation for ThreadExecutor
15:00:25.079 [main] INFO  o.q.c.SchedulerSignalerImpl - [<init>,61] - Initialized Scheduler Signaller of type: class org.quartz.core.SchedulerSignalerImpl
15:00:25.079 [main] INFO  o.q.c.QuartzScheduler - [<init>,229] - Quartz Scheduler v.2.3.2 created.
15:00:25.081 [main] INFO  o.q.s.RAMJobStore - [initialize,155] - RAMJobStore initialized.
15:00:25.083 [main] INFO  o.q.c.QuartzScheduler - [initialize,294] - Scheduler meta-data: Quartz Scheduler (v2.3.2) 'quartzScheduler' with instanceId 'NON_CLUSTERED'
  Scheduler class: 'org.quartz.core.QuartzScheduler' - running locally.
  NOT STARTED.
  Currently in standby mode.
  Number of jobs executed: 0
  Using thread pool 'org.quartz.simpl.SimpleThreadPool' - with 10 threads.
  Using job-store 'org.quartz.simpl.RAMJobStore' - which does not support persistence. and is not clustered.

15:00:25.084 [main] INFO  o.q.i.StdSchedulerFactory - [instantiate,1374] - Quartz scheduler 'quartzScheduler' initialized from an externally provided properties instance.
15:00:25.084 [main] INFO  o.q.i.StdSchedulerFactory - [instantiate,1378] - Quartz scheduler version: 2.3.2
15:00:25.085 [main] INFO  o.q.c.QuartzScheduler - [setJobFactory,2293] - JobFactory set to: org.springframework.scheduling.quartz.SpringBeanJobFactory@197cc325
15:00:25.513 [main] INFO  c.z.h.HikariDataSource - [getConnection,110] - HikariPool-1 - Starting...
15:00:25.846 [main] INFO  c.z.h.HikariDataSource - [getConnection,123] - HikariPool-1 - Start completed.
15:00:27.024 [main] INFO  c.a.c.s.SentinelWebMvcConfigurer - [addInterceptors,52] - [Sentinel Starter] register SentinelWebInterceptor with urlPatterns: [/**].
15:00:30.388 [main] INFO  c.a.n.c.r.client - [lambda$createClient$0,80] - [RpcClientFactory] create a new rpc client of 6513cecf-44ad-4cc4-bd77-eabe57fbe476
15:00:30.389 [main] INFO  c.a.n.c.r.client - [printIfInfoEnabled,60] - [6513cecf-44ad-4cc4-bd77-eabe57fbe476] RpcClient init label, labels = {module=naming, source=sdk}
15:00:30.390 [main] INFO  c.a.n.c.r.client - [printIfInfoEnabled,60] - [6513cecf-44ad-4cc4-bd77-eabe57fbe476] RpcClient init, ServerListFactory = com.alibaba.nacos.client.naming.core.ServerListManager
15:00:30.390 [main] INFO  c.a.n.c.r.client - [printIfInfoEnabled,60] - [6513cecf-44ad-4cc4-bd77-eabe57fbe476] Registry connection listener to current client:com.alibaba.nacos.client.naming.remote.gprc.redo.NamingGrpcRedoService
15:00:30.391 [main] INFO  c.a.n.c.r.client - [printIfInfoEnabled,60] - [6513cecf-44ad-4cc4-bd77-eabe57fbe476] Register server push request handler:com.alibaba.nacos.client.naming.remote.gprc.NamingPushRequestHandler
15:00:30.391 [main] INFO  c.a.n.c.r.client - [printIfInfoEnabled,60] - [6513cecf-44ad-4cc4-bd77-eabe57fbe476] Try to connect to server on start up, server: {serverIp = '127.0.0.1', server main port = 8848}
15:00:30.526 [main] INFO  c.a.n.c.r.client - [printIfInfoEnabled,60] - [6513cecf-44ad-4cc4-bd77-eabe57fbe476] Success to connect to server [127.0.0.1:8848] on start up, connectionId = 1680937230406_127.0.0.1_52885
15:00:30.526 [main] INFO  c.a.n.c.r.client - [printIfInfoEnabled,60] - [6513cecf-44ad-4cc4-bd77-eabe57fbe476] Register server push request handler:com.alibaba.nacos.common.remote.client.RpcClient$ConnectResetRequestHandler
15:00:30.526 [com.alibaba.nacos.client.remote.worker] INFO  c.a.n.c.r.client - [printIfInfoEnabled,60] - [6513cecf-44ad-4cc4-bd77-eabe57fbe476] Notify connected event to listeners.
15:00:30.526 [main] INFO  c.a.n.c.r.client - [printIfInfoEnabled,60] - [6513cecf-44ad-4cc4-bd77-eabe57fbe476] Register server push request handler:com.alibaba.nacos.common.remote.client.RpcClient$$Lambda$480/0x000000080103ea00
15:00:30.554 [main] INFO  o.a.c.h.Http11NioProtocol - [log,173] - Starting ProtocolHandler ["http-nio-9203"]
15:00:30.582 [main] INFO  c.a.c.n.r.NacosServiceRegistry - [register,75] - nacos registry, DEFAULT_GROUP cms-job 192.168.1.2:9203 register finished
15:00:30.939 [main] INFO  o.q.c.QuartzScheduler - [start,547] - Scheduler quartzScheduler_$_NON_CLUSTERED started.
15:00:30.963 [main] INFO  c.c.j.RuoYiJobApplication - [logStarted,61] - Started RuoYiJobApplication in 13.216 seconds (JVM running for 14.355)
15:00:30.974 [main] INFO  c.a.c.n.r.NacosContextRefresher - [registerNacosListener,129] - [Nacos Config] Listening config: dataId=cms-job-dev.yml, group=DEFAULT_GROUP
15:00:30.975 [main] INFO  c.a.c.n.r.NacosContextRefresher - [registerNacosListener,129] - [Nacos Config] Listening config: dataId=cms-job.yml, group=DEFAULT_GROUP
15:00:30.975 [main] INFO  c.a.c.n.r.NacosContextRefresher - [registerNacosListener,129] - [Nacos Config] Listening config: dataId=cms-job, group=DEFAULT_GROUP
15:00:31.060 [nacos-grpc-client-executor-11] INFO  c.a.n.c.r.client - [printIfInfoEnabled,60] - [6513cecf-44ad-4cc4-bd77-eabe57fbe476] Receive server push request, request = NotifySubscriberRequest, requestId = 55
15:00:31.063 [nacos-grpc-client-executor-11] INFO  c.a.n.c.r.client - [printIfInfoEnabled,60] - [6513cecf-44ad-4cc4-bd77-eabe57fbe476] Ack server push request, request = NotifySubscriberRequest, requestId = 55
15:00:31.427 [RMI TCP Connection(11)-192.168.1.2] INFO  o.a.c.c.C.[.[.[/] - [log,173] - Initializing Spring DispatcherServlet 'dispatcherServlet'
