06:03:32.927 [SpringApplicationShutdownHook] INFO  o.q.c.QuartzScheduler - [standby,585] - Scheduler quartzScheduler_$_NON_CLUSTERED paused.
06:03:34.111 [SpringApplicationShutdownHook] INFO  c.a.c.n.r.NacosServiceRegistry - [deregister,94] - De-registering from Nacos Server now...
06:03:34.116 [SpringApplicationShutdownHook] INFO  c.a.c.n.r.NacosServiceRegistry - [deregister,114] - De-registration finished.
06:03:34.431 [SpringApplicationShutdownHook] INFO  c.a.n.c.r.client - [shutdown,454] - Shutdown rpc client, set status to shutdown
06:03:34.431 [SpringApplicationShutdownHook] INFO  c.a.n.c.r.client - [shutdown,456] - Shutdown client event executor java.util.concurrent.ScheduledThreadPoolExecutor@3190b491[Running, pool size = 2, active threads = 2, queued tasks = 0, completed tasks = 0]
06:03:34.431 [SpringApplicationShutdownHook] INFO  c.a.n.c.r.client - [closeConnection,591] - Close current connection 1683396322575_127.0.0.1_65049
06:03:34.434 [nacos-grpc-client-executor-9594] INFO  c.a.n.c.r.c.g.GrpcClient - [printIfInfoEnabled,60] - [1683396322575_127.0.0.1_65049]Ignore complete event,isRunning:false,isAbandon=false
06:03:34.452 [SpringApplicationShutdownHook] INFO  c.a.n.c.r.c.g.GrpcClient - [shutdown,85] - Shutdown grpc executor java.util.concurrent.ThreadPoolExecutor@34098140[Running, pool size = 5, active threads = 0, queued tasks = 0, completed tasks = 9595]
06:03:34.609 [SpringApplicationShutdownHook] INFO  o.q.c.QuartzScheduler - [shutdown,666] - Scheduler quartzScheduler_$_NON_CLUSTERED shutting down.
06:03:34.609 [SpringApplicationShutdownHook] INFO  o.q.c.QuartzScheduler - [standby,585] - Scheduler quartzScheduler_$_NON_CLUSTERED paused.
06:03:34.610 [SpringApplicationShutdownHook] INFO  o.q.c.QuartzScheduler - [shutdown,740] - Scheduler quartzScheduler_$_NON_CLUSTERED shutdown complete.
06:03:34.612 [SpringApplicationShutdownHook] INFO  c.z.h.HikariDataSource - [close,350] - HikariPool-1 - Shutdown initiated...
06:03:34.623 [SpringApplicationShutdownHook] INFO  c.z.h.HikariDataSource - [close,352] - HikariPool-1 - Shutdown completed.
06:03:39.477 [background-preinit] INFO  o.h.v.i.util.Version - [<clinit>,21] - HV000001: Hibernate Validator 6.2.5.Final
06:03:39.954 [main] INFO  c.a.n.c.r.client - [lambda$createClient$0,80] - [RpcClientFactory] create a new rpc client of d77ae8e9-8498-4f5c-976b-08f71554067c_config-0
06:03:40.003 [main] INFO  o.r.Reflections - [scan,232] - Reflections took 33 ms to scan 1 urls, producing 3 keys and 6 values 
06:03:40.033 [main] INFO  o.r.Reflections - [scan,232] - Reflections took 15 ms to scan 1 urls, producing 4 keys and 9 values 
06:03:40.049 [main] INFO  o.r.Reflections - [scan,232] - Reflections took 13 ms to scan 1 urls, producing 3 keys and 10 values 
06:03:40.065 [main] INFO  o.r.Reflections - [scan,232] - Reflections took 13 ms to scan 1 urls, producing 1 keys and 5 values 
06:03:40.080 [main] INFO  o.r.Reflections - [scan,232] - Reflections took 13 ms to scan 1 urls, producing 1 keys and 7 values 
06:03:40.096 [main] INFO  o.r.Reflections - [scan,232] - Reflections took 13 ms to scan 1 urls, producing 2 keys and 8 values 
06:03:40.099 [main] INFO  c.a.n.c.r.client - [printIfInfoEnabled,60] - [d77ae8e9-8498-4f5c-976b-08f71554067c_config-0] RpcClient init label, labels = {module=config, Vipserver-Tag=null, source=sdk, Amory-Tag=null, Location-Tag=null, taskId=0, AppName=unknown}
06:03:40.100 [main] INFO  c.a.n.c.r.client - [printIfInfoEnabled,60] - [d77ae8e9-8498-4f5c-976b-08f71554067c_config-0] Register server push request handler:com.alibaba.nacos.client.config.impl.ClientWorker$ConfigRpcTransportClient$$Lambda$468/0x0000000800f1cea8
06:03:40.100 [main] INFO  c.a.n.c.r.client - [printIfInfoEnabled,60] - [d77ae8e9-8498-4f5c-976b-08f71554067c_config-0] Register server push request handler:com.alibaba.nacos.client.config.impl.ClientWorker$ConfigRpcTransportClient$$Lambda$469/0x0000000800f1d0d0
06:03:40.100 [main] INFO  c.a.n.c.r.client - [printIfInfoEnabled,60] - [d77ae8e9-8498-4f5c-976b-08f71554067c_config-0] Registry connection listener to current client:com.alibaba.nacos.client.config.impl.ClientWorker$ConfigRpcTransportClient$1
06:03:40.101 [main] INFO  c.a.n.c.r.client - [printIfInfoEnabled,60] - [d77ae8e9-8498-4f5c-976b-08f71554067c_config-0] RpcClient init, ServerListFactory = com.alibaba.nacos.client.config.impl.ClientWorker$ConfigRpcTransportClient$2
06:03:40.111 [main] INFO  c.a.n.c.r.client - [printIfInfoEnabled,60] - [d77ae8e9-8498-4f5c-976b-08f71554067c_config-0] Try to connect to server on start up, server: {serverIp = '127.0.0.1', server main port = 8848}
06:03:40.781 [main] INFO  c.a.n.c.r.client - [printIfInfoEnabled,60] - [d77ae8e9-8498-4f5c-976b-08f71554067c_config-0] Success to connect to server [127.0.0.1:8848] on start up, connectionId = 1683497020493_127.0.0.1_53680
06:03:40.782 [main] INFO  c.a.n.c.r.client - [printIfInfoEnabled,60] - [d77ae8e9-8498-4f5c-976b-08f71554067c_config-0] Register server push request handler:com.alibaba.nacos.common.remote.client.RpcClient$ConnectResetRequestHandler
06:03:40.783 [main] INFO  c.a.n.c.r.client - [printIfInfoEnabled,60] - [d77ae8e9-8498-4f5c-976b-08f71554067c_config-0] Register server push request handler:com.alibaba.nacos.common.remote.client.RpcClient$$Lambda$480/0x000000080101d7d8
06:03:40.786 [com.alibaba.nacos.client.remote.worker] INFO  c.a.n.c.r.client - [printIfInfoEnabled,60] - [d77ae8e9-8498-4f5c-976b-08f71554067c_config-0] Notify connected event to listeners.
06:03:40.894 [main] INFO  c.c.j.RuoYiJobApplication - [logStartupProfileInfo,637] - The following 1 profile is active: "dev"
06:03:43.028 [main] INFO  o.a.c.h.Http11NioProtocol - [log,173] - Initializing ProtocolHandler ["http-nio-9203"]
06:03:43.029 [main] INFO  o.a.c.c.StandardService - [log,173] - Starting service [Tomcat]
06:03:43.029 [main] INFO  o.a.c.c.StandardEngine - [log,173] - Starting Servlet engine: [Apache Tomcat/9.0.70]
06:03:43.184 [main] INFO  o.a.c.c.C.[.[.[/] - [log,173] - Initializing Spring embedded WebApplicationContext
06:03:43.903 [main] INFO  o.q.i.StdSchedulerFactory - [instantiate,1220] - Using default implementation for ThreadExecutor
06:03:43.917 [main] INFO  o.q.c.SchedulerSignalerImpl - [<init>,61] - Initialized Scheduler Signaller of type: class org.quartz.core.SchedulerSignalerImpl
06:03:43.917 [main] INFO  o.q.c.QuartzScheduler - [<init>,229] - Quartz Scheduler v.2.3.2 created.
06:03:43.918 [main] INFO  o.q.s.RAMJobStore - [initialize,155] - RAMJobStore initialized.
06:03:43.919 [main] INFO  o.q.c.QuartzScheduler - [initialize,294] - Scheduler meta-data: Quartz Scheduler (v2.3.2) 'quartzScheduler' with instanceId 'NON_CLUSTERED'
  Scheduler class: 'org.quartz.core.QuartzScheduler' - running locally.
  NOT STARTED.
  Currently in standby mode.
  Number of jobs executed: 0
  Using thread pool 'org.quartz.simpl.SimpleThreadPool' - with 10 threads.
  Using job-store 'org.quartz.simpl.RAMJobStore' - which does not support persistence. and is not clustered.

06:03:43.919 [main] INFO  o.q.i.StdSchedulerFactory - [instantiate,1374] - Quartz scheduler 'quartzScheduler' initialized from an externally provided properties instance.
06:03:43.919 [main] INFO  o.q.i.StdSchedulerFactory - [instantiate,1378] - Quartz scheduler version: 2.3.2
06:03:43.919 [main] INFO  o.q.c.QuartzScheduler - [setJobFactory,2293] - JobFactory set to: org.springframework.scheduling.quartz.SpringBeanJobFactory@efa04b5
06:03:44.168 [main] INFO  c.z.h.HikariDataSource - [getConnection,110] - HikariPool-1 - Starting...
06:03:44.446 [main] INFO  c.z.h.HikariDataSource - [getConnection,123] - HikariPool-1 - Start completed.
06:03:45.265 [main] INFO  c.a.c.s.SentinelWebMvcConfigurer - [addInterceptors,52] - [Sentinel Starter] register SentinelWebInterceptor with urlPatterns: [/**].
06:03:47.363 [main] INFO  c.a.n.c.r.client - [lambda$createClient$0,80] - [RpcClientFactory] create a new rpc client of d656bd91-de4d-490b-b334-10167cb0fc57
06:03:47.363 [main] INFO  c.a.n.c.r.client - [printIfInfoEnabled,60] - [d656bd91-de4d-490b-b334-10167cb0fc57] RpcClient init label, labels = {module=naming, source=sdk}
06:03:47.364 [main] INFO  c.a.n.c.r.client - [printIfInfoEnabled,60] - [d656bd91-de4d-490b-b334-10167cb0fc57] RpcClient init, ServerListFactory = com.alibaba.nacos.client.naming.core.ServerListManager
06:03:47.365 [main] INFO  c.a.n.c.r.client - [printIfInfoEnabled,60] - [d656bd91-de4d-490b-b334-10167cb0fc57] Registry connection listener to current client:com.alibaba.nacos.client.naming.remote.gprc.redo.NamingGrpcRedoService
06:03:47.365 [main] INFO  c.a.n.c.r.client - [printIfInfoEnabled,60] - [d656bd91-de4d-490b-b334-10167cb0fc57] Register server push request handler:com.alibaba.nacos.client.naming.remote.gprc.NamingPushRequestHandler
06:03:47.365 [main] INFO  c.a.n.c.r.client - [printIfInfoEnabled,60] - [d656bd91-de4d-490b-b334-10167cb0fc57] Try to connect to server on start up, server: {serverIp = '127.0.0.1', server main port = 8848}
06:03:47.493 [main] INFO  c.a.n.c.r.client - [printIfInfoEnabled,60] - [d656bd91-de4d-490b-b334-10167cb0fc57] Success to connect to server [127.0.0.1:8848] on start up, connectionId = 1683497027378_127.0.0.1_53795
06:03:47.493 [main] INFO  c.a.n.c.r.client - [printIfInfoEnabled,60] - [d656bd91-de4d-490b-b334-10167cb0fc57] Register server push request handler:com.alibaba.nacos.common.remote.client.RpcClient$ConnectResetRequestHandler
06:03:47.493 [main] INFO  c.a.n.c.r.client - [printIfInfoEnabled,60] - [d656bd91-de4d-490b-b334-10167cb0fc57] Register server push request handler:com.alibaba.nacos.common.remote.client.RpcClient$$Lambda$480/0x000000080101d7d8
06:03:47.493 [com.alibaba.nacos.client.remote.worker] INFO  c.a.n.c.r.client - [printIfInfoEnabled,60] - [d656bd91-de4d-490b-b334-10167cb0fc57] Notify connected event to listeners.
06:03:47.529 [main] INFO  o.a.c.h.Http11NioProtocol - [log,173] - Starting ProtocolHandler ["http-nio-9203"]
06:03:47.549 [main] INFO  c.a.c.n.r.NacosServiceRegistry - [register,75] - nacos registry, DEFAULT_GROUP cms-job 192.168.1.3:9203 register finished
06:03:47.828 [main] INFO  o.q.c.QuartzScheduler - [start,547] - Scheduler quartzScheduler_$_NON_CLUSTERED started.
06:03:47.847 [main] INFO  c.c.j.RuoYiJobApplication - [logStarted,61] - Started RuoYiJobApplication in 9.172 seconds (JVM running for 10.435)
06:03:47.857 [main] INFO  c.a.c.n.r.NacosContextRefresher - [registerNacosListener,129] - [Nacos Config] Listening config: dataId=cms-job-dev.yml, group=DEFAULT_GROUP
06:03:47.857 [main] INFO  c.a.c.n.r.NacosContextRefresher - [registerNacosListener,129] - [Nacos Config] Listening config: dataId=cms-job.yml, group=DEFAULT_GROUP
06:03:47.857 [main] INFO  c.a.c.n.r.NacosContextRefresher - [registerNacosListener,129] - [Nacos Config] Listening config: dataId=cms-job, group=DEFAULT_GROUP
06:03:48.003 [RMI TCP Connection(2)-192.168.1.3] INFO  o.a.c.c.C.[.[.[/] - [log,173] - Initializing Spring DispatcherServlet 'dispatcherServlet'
06:03:48.043 [nacos-grpc-client-executor-9] INFO  c.a.n.c.r.client - [printIfInfoEnabled,60] - [d656bd91-de4d-490b-b334-10167cb0fc57] Receive server push request, request = NotifySubscriberRequest, requestId = 600
06:03:48.046 [nacos-grpc-client-executor-9] INFO  c.a.n.c.r.client - [printIfInfoEnabled,60] - [d656bd91-de4d-490b-b334-10167cb0fc57] Ack server push request, request = NotifySubscriberRequest, requestId = 600
06:55:53.936 [SpringApplicationShutdownHook] INFO  o.q.c.QuartzScheduler - [standby,585] - Scheduler quartzScheduler_$_NON_CLUSTERED paused.
06:55:54.978 [SpringApplicationShutdownHook] INFO  c.a.c.n.r.NacosServiceRegistry - [deregister,94] - De-registering from Nacos Server now...
06:55:54.980 [SpringApplicationShutdownHook] INFO  c.a.c.n.r.NacosServiceRegistry - [deregister,114] - De-registration finished.
06:55:55.294 [SpringApplicationShutdownHook] INFO  c.a.n.c.r.client - [shutdown,454] - Shutdown rpc client, set status to shutdown
06:55:55.294 [SpringApplicationShutdownHook] INFO  c.a.n.c.r.client - [shutdown,456] - Shutdown client event executor java.util.concurrent.ScheduledThreadPoolExecutor@43046bbd[Running, pool size = 2, active threads = 2, queued tasks = 0, completed tasks = 0]
06:55:55.295 [SpringApplicationShutdownHook] INFO  c.a.n.c.r.client - [closeConnection,591] - Close current connection 1683497027378_127.0.0.1_53795
06:55:55.297 [nacos-grpc-client-executor-721] INFO  c.a.n.c.r.c.g.GrpcClient - [printIfInfoEnabled,60] - [1683497027378_127.0.0.1_53795]Ignore complete event,isRunning:false,isAbandon=false
06:55:55.302 [SpringApplicationShutdownHook] INFO  c.a.n.c.r.c.g.GrpcClient - [shutdown,85] - Shutdown grpc executor java.util.concurrent.ThreadPoolExecutor@7277e445[Running, pool size = 5, active threads = 0, queued tasks = 0, completed tasks = 722]
06:55:55.432 [SpringApplicationShutdownHook] INFO  o.q.c.QuartzScheduler - [shutdown,666] - Scheduler quartzScheduler_$_NON_CLUSTERED shutting down.
06:55:55.432 [SpringApplicationShutdownHook] INFO  o.q.c.QuartzScheduler - [standby,585] - Scheduler quartzScheduler_$_NON_CLUSTERED paused.
06:55:55.433 [SpringApplicationShutdownHook] INFO  o.q.c.QuartzScheduler - [shutdown,740] - Scheduler quartzScheduler_$_NON_CLUSTERED shutdown complete.
06:55:55.435 [SpringApplicationShutdownHook] INFO  c.z.h.HikariDataSource - [close,350] - HikariPool-1 - Shutdown initiated...
06:55:55.444 [SpringApplicationShutdownHook] INFO  c.z.h.HikariDataSource - [close,352] - HikariPool-1 - Shutdown completed.
06:56:17.187 [background-preinit] INFO  o.h.v.i.util.Version - [<clinit>,21] - HV000001: Hibernate Validator 6.2.5.Final
06:56:18.038 [main] INFO  c.a.n.c.r.client - [lambda$createClient$0,80] - [RpcClientFactory] create a new rpc client of 9ce7d48a-659f-442f-a6af-0ec4782ec482_config-0
06:56:18.105 [main] INFO  o.r.Reflections - [scan,232] - Reflections took 42 ms to scan 1 urls, producing 3 keys and 6 values 
06:56:18.147 [main] INFO  o.r.Reflections - [scan,232] - Reflections took 23 ms to scan 1 urls, producing 4 keys and 9 values 
06:56:18.172 [main] INFO  o.r.Reflections - [scan,232] - Reflections took 22 ms to scan 1 urls, producing 3 keys and 10 values 
06:56:18.199 [main] INFO  o.r.Reflections - [scan,232] - Reflections took 20 ms to scan 1 urls, producing 1 keys and 5 values 
06:56:18.256 [main] INFO  o.r.Reflections - [scan,232] - Reflections took 54 ms to scan 1 urls, producing 1 keys and 7 values 
06:56:18.274 [main] INFO  o.r.Reflections - [scan,232] - Reflections took 14 ms to scan 1 urls, producing 2 keys and 8 values 
06:56:18.279 [main] INFO  c.a.n.c.r.client - [printIfInfoEnabled,60] - [9ce7d48a-659f-442f-a6af-0ec4782ec482_config-0] RpcClient init label, labels = {module=config, Vipserver-Tag=null, source=sdk, Amory-Tag=null, Location-Tag=null, taskId=0, AppName=unknown}
06:56:18.280 [main] INFO  c.a.n.c.r.client - [printIfInfoEnabled,60] - [9ce7d48a-659f-442f-a6af-0ec4782ec482_config-0] Register server push request handler:com.alibaba.nacos.client.config.impl.ClientWorker$ConfigRpcTransportClient$$Lambda$468/0x0000000800f1d388
06:56:18.281 [main] INFO  c.a.n.c.r.client - [printIfInfoEnabled,60] - [9ce7d48a-659f-442f-a6af-0ec4782ec482_config-0] Register server push request handler:com.alibaba.nacos.client.config.impl.ClientWorker$ConfigRpcTransportClient$$Lambda$469/0x0000000800f1d5b0
06:56:18.282 [main] INFO  c.a.n.c.r.client - [printIfInfoEnabled,60] - [9ce7d48a-659f-442f-a6af-0ec4782ec482_config-0] Registry connection listener to current client:com.alibaba.nacos.client.config.impl.ClientWorker$ConfigRpcTransportClient$1
06:56:18.283 [main] INFO  c.a.n.c.r.client - [printIfInfoEnabled,60] - [9ce7d48a-659f-442f-a6af-0ec4782ec482_config-0] RpcClient init, ServerListFactory = com.alibaba.nacos.client.config.impl.ClientWorker$ConfigRpcTransportClient$2
06:56:18.298 [main] INFO  c.a.n.c.r.client - [printIfInfoEnabled,60] - [9ce7d48a-659f-442f-a6af-0ec4782ec482_config-0] Try to connect to server on start up, server: {serverIp = '127.0.0.1', server main port = 8848}
06:56:19.094 [main] INFO  c.a.n.c.r.client - [printIfInfoEnabled,60] - [9ce7d48a-659f-442f-a6af-0ec4782ec482_config-0] Success to connect to server [127.0.0.1:8848] on start up, connectionId = 1683500178814_127.0.0.1_57754
06:56:19.096 [com.alibaba.nacos.client.remote.worker] INFO  c.a.n.c.r.client - [printIfInfoEnabled,60] - [9ce7d48a-659f-442f-a6af-0ec4782ec482_config-0] Notify connected event to listeners.
06:56:19.096 [main] INFO  c.a.n.c.r.client - [printIfInfoEnabled,60] - [9ce7d48a-659f-442f-a6af-0ec4782ec482_config-0] Register server push request handler:com.alibaba.nacos.common.remote.client.RpcClient$ConnectResetRequestHandler
06:56:19.097 [main] INFO  c.a.n.c.r.client - [printIfInfoEnabled,60] - [9ce7d48a-659f-442f-a6af-0ec4782ec482_config-0] Register server push request handler:com.alibaba.nacos.common.remote.client.RpcClient$$Lambda$480/0x000000080101e0e8
06:56:19.258 [main] INFO  c.c.j.RuoYiJobApplication - [logStartupProfileInfo,637] - The following 1 profile is active: "dev"
06:56:23.124 [main] INFO  o.a.c.h.Http11NioProtocol - [log,173] - Initializing ProtocolHandler ["http-nio-9203"]
06:56:23.126 [main] INFO  o.a.c.c.StandardService - [log,173] - Starting service [Tomcat]
06:56:23.126 [main] INFO  o.a.c.c.StandardEngine - [log,173] - Starting Servlet engine: [Apache Tomcat/9.0.70]
06:56:23.271 [main] INFO  o.a.c.c.C.[.[.[/] - [log,173] - Initializing Spring embedded WebApplicationContext
06:56:23.645 [main] INFO  o.q.i.StdSchedulerFactory - [instantiate,1220] - Using default implementation for ThreadExecutor
06:56:23.658 [main] INFO  o.q.c.SchedulerSignalerImpl - [<init>,61] - Initialized Scheduler Signaller of type: class org.quartz.core.SchedulerSignalerImpl
06:56:23.658 [main] INFO  o.q.c.QuartzScheduler - [<init>,229] - Quartz Scheduler v.2.3.2 created.
06:56:23.659 [main] INFO  o.q.s.RAMJobStore - [initialize,155] - RAMJobStore initialized.
06:56:23.659 [main] INFO  o.q.c.QuartzScheduler - [initialize,294] - Scheduler meta-data: Quartz Scheduler (v2.3.2) 'quartzScheduler' with instanceId 'NON_CLUSTERED'
  Scheduler class: 'org.quartz.core.QuartzScheduler' - running locally.
  NOT STARTED.
  Currently in standby mode.
  Number of jobs executed: 0
  Using thread pool 'org.quartz.simpl.SimpleThreadPool' - with 10 threads.
  Using job-store 'org.quartz.simpl.RAMJobStore' - which does not support persistence. and is not clustered.

06:56:23.659 [main] INFO  o.q.i.StdSchedulerFactory - [instantiate,1374] - Quartz scheduler 'quartzScheduler' initialized from an externally provided properties instance.
06:56:23.660 [main] INFO  o.q.i.StdSchedulerFactory - [instantiate,1378] - Quartz scheduler version: 2.3.2
06:56:23.660 [main] INFO  o.q.c.QuartzScheduler - [setJobFactory,2293] - JobFactory set to: org.springframework.scheduling.quartz.SpringBeanJobFactory@6ef61cd0
06:56:23.893 [main] INFO  c.z.h.HikariDataSource - [getConnection,110] - HikariPool-1 - Starting...
06:56:24.206 [main] INFO  c.z.h.HikariDataSource - [getConnection,123] - HikariPool-1 - Start completed.
06:56:25.036 [main] INFO  c.a.c.s.SentinelWebMvcConfigurer - [addInterceptors,52] - [Sentinel Starter] register SentinelWebInterceptor with urlPatterns: [/**].
06:56:28.276 [main] INFO  c.a.n.c.r.client - [lambda$createClient$0,80] - [RpcClientFactory] create a new rpc client of 5fa3715b-1e83-4333-877b-a0d7b20ce33b
06:56:28.276 [main] INFO  c.a.n.c.r.client - [printIfInfoEnabled,60] - [5fa3715b-1e83-4333-877b-a0d7b20ce33b] RpcClient init label, labels = {module=naming, source=sdk}
06:56:28.277 [main] INFO  c.a.n.c.r.client - [printIfInfoEnabled,60] - [5fa3715b-1e83-4333-877b-a0d7b20ce33b] RpcClient init, ServerListFactory = com.alibaba.nacos.client.naming.core.ServerListManager
06:56:28.277 [main] INFO  c.a.n.c.r.client - [printIfInfoEnabled,60] - [5fa3715b-1e83-4333-877b-a0d7b20ce33b] Registry connection listener to current client:com.alibaba.nacos.client.naming.remote.gprc.redo.NamingGrpcRedoService
06:56:28.277 [main] INFO  c.a.n.c.r.client - [printIfInfoEnabled,60] - [5fa3715b-1e83-4333-877b-a0d7b20ce33b] Register server push request handler:com.alibaba.nacos.client.naming.remote.gprc.NamingPushRequestHandler
06:56:28.278 [main] INFO  c.a.n.c.r.client - [printIfInfoEnabled,60] - [5fa3715b-1e83-4333-877b-a0d7b20ce33b] Try to connect to server on start up, server: {serverIp = '127.0.0.1', server main port = 8848}
06:56:28.410 [main] INFO  c.a.n.c.r.client - [printIfInfoEnabled,60] - [5fa3715b-1e83-4333-877b-a0d7b20ce33b] Success to connect to server [127.0.0.1:8848] on start up, connectionId = 1683500188291_127.0.0.1_57934
06:56:28.412 [main] INFO  c.a.n.c.r.client - [printIfInfoEnabled,60] - [5fa3715b-1e83-4333-877b-a0d7b20ce33b] Register server push request handler:com.alibaba.nacos.common.remote.client.RpcClient$ConnectResetRequestHandler
06:56:28.412 [com.alibaba.nacos.client.remote.worker] INFO  c.a.n.c.r.client - [printIfInfoEnabled,60] - [5fa3715b-1e83-4333-877b-a0d7b20ce33b] Notify connected event to listeners.
06:56:28.413 [main] INFO  c.a.n.c.r.client - [printIfInfoEnabled,60] - [5fa3715b-1e83-4333-877b-a0d7b20ce33b] Register server push request handler:com.alibaba.nacos.common.remote.client.RpcClient$$Lambda$480/0x000000080101e0e8
06:56:28.437 [main] INFO  o.a.c.h.Http11NioProtocol - [log,173] - Starting ProtocolHandler ["http-nio-9203"]
06:56:28.455 [main] INFO  c.a.c.n.r.NacosServiceRegistry - [register,75] - nacos registry, DEFAULT_GROUP cms-job 192.168.1.3:9203 register finished
06:56:28.709 [main] INFO  o.q.c.QuartzScheduler - [start,547] - Scheduler quartzScheduler_$_NON_CLUSTERED started.
06:56:28.726 [main] INFO  c.c.j.RuoYiJobApplication - [logStarted,61] - Started RuoYiJobApplication in 12.54 seconds (JVM running for 13.783)
06:56:28.734 [main] INFO  c.a.c.n.r.NacosContextRefresher - [registerNacosListener,129] - [Nacos Config] Listening config: dataId=cms-job-dev.yml, group=DEFAULT_GROUP
06:56:28.735 [main] INFO  c.a.c.n.r.NacosContextRefresher - [registerNacosListener,129] - [Nacos Config] Listening config: dataId=cms-job.yml, group=DEFAULT_GROUP
06:56:28.735 [main] INFO  c.a.c.n.r.NacosContextRefresher - [registerNacosListener,129] - [Nacos Config] Listening config: dataId=cms-job, group=DEFAULT_GROUP
06:56:28.946 [RMI TCP Connection(9)-192.168.1.3] INFO  o.a.c.c.C.[.[.[/] - [log,173] - Initializing Spring DispatcherServlet 'dispatcherServlet'
06:56:29.036 [nacos-grpc-client-executor-11] INFO  c.a.n.c.r.client - [printIfInfoEnabled,60] - [5fa3715b-1e83-4333-877b-a0d7b20ce33b] Receive server push request, request = NotifySubscriberRequest, requestId = 647
06:56:29.040 [nacos-grpc-client-executor-11] INFO  c.a.n.c.r.client - [printIfInfoEnabled,60] - [5fa3715b-1e83-4333-877b-a0d7b20ce33b] Ack server push request, request = NotifySubscriberRequest, requestId = 647
