22:04:03.090 [SpringApplicationShutdownHook] INFO  o.q.c.QuartzScheduler - [standby,585] - Scheduler quartzScheduler_$_NON_CLUSTERED paused.
22:04:04.358 [SpringApplicationShutdownHook] INFO  c.a.c.n.r.NacosServiceRegistry - [deregister,94] - De-registering from Nacos Server now...
22:04:04.364 [SpringApplicationShutdownHook] INFO  c.a.c.n.r.NacosServiceRegistry - [deregister,114] - De-registration finished.
22:04:04.692 [SpringApplicationShutdownHook] INFO  c.a.n.c.r.client - [shutdown,454] - Shutdown rpc client, set status to shutdown
22:04:04.693 [SpringApplicationShutdownHook] INFO  c.a.n.c.r.client - [shutdown,456] - Shutdown client event executor java.util.concurrent.ScheduledThreadPoolExecutor@76878680[Running, pool size = 2, active threads = 2, queued tasks = 0, completed tasks = 0]
22:04:04.693 [SpringApplicationShutdownHook] INFO  c.a.n.c.r.client - [closeConnection,591] - Close current connection 1684084385986_127.0.0.1_51976
22:04:04.702 [nacos-grpc-client-executor-10743] INFO  c.a.n.c.r.c.g.GrpcClient - [printIfInfoEnabled,60] - [1684084385986_127.0.0.1_51976]Ignore complete event,isRunning:false,isAbandon=false
22:04:04.737 [SpringApplicationShutdownHook] INFO  c.a.n.c.r.c.g.GrpcClient - [shutdown,85] - Shutdown grpc executor java.util.concurrent.ThreadPoolExecutor@5a815bf9[Running, pool size = 8, active threads = 0, queued tasks = 0, completed tasks = 10744]
22:04:04.980 [SpringApplicationShutdownHook] INFO  o.q.c.QuartzScheduler - [shutdown,666] - Scheduler quartzScheduler_$_NON_CLUSTERED shutting down.
22:04:04.981 [SpringApplicationShutdownHook] INFO  o.q.c.QuartzScheduler - [standby,585] - Scheduler quartzScheduler_$_NON_CLUSTERED paused.
22:04:04.982 [SpringApplicationShutdownHook] INFO  o.q.c.QuartzScheduler - [shutdown,740] - Scheduler quartzScheduler_$_NON_CLUSTERED shutdown complete.
22:04:04.985 [SpringApplicationShutdownHook] INFO  c.z.h.HikariDataSource - [close,350] - HikariPool-1 - Shutdown initiated...
22:04:04.995 [SpringApplicationShutdownHook] INFO  c.z.h.HikariDataSource - [close,352] - HikariPool-1 - Shutdown completed.
22:04:29.732 [background-preinit] INFO  o.h.v.i.util.Version - [<clinit>,21] - HV000001: Hibernate Validator 6.2.5.Final
22:04:30.458 [main] INFO  c.a.n.c.r.client - [lambda$createClient$0,80] - [RpcClientFactory] create a new rpc client of 8fbecd15-3263-40c3-b227-4345ff1ce371_config-0
22:04:30.526 [main] INFO  o.r.Reflections - [scan,232] - Reflections took 40 ms to scan 1 urls, producing 3 keys and 6 values 
22:04:30.574 [main] INFO  o.r.Reflections - [scan,232] - Reflections took 25 ms to scan 1 urls, producing 4 keys and 9 values 
22:04:30.598 [main] INFO  o.r.Reflections - [scan,232] - Reflections took 20 ms to scan 1 urls, producing 3 keys and 10 values 
22:04:30.622 [main] INFO  o.r.Reflections - [scan,232] - Reflections took 18 ms to scan 1 urls, producing 1 keys and 5 values 
22:04:30.655 [main] INFO  o.r.Reflections - [scan,232] - Reflections took 30 ms to scan 1 urls, producing 1 keys and 7 values 
22:04:30.673 [main] INFO  o.r.Reflections - [scan,232] - Reflections took 15 ms to scan 1 urls, producing 2 keys and 8 values 
22:04:30.681 [main] INFO  c.a.n.c.r.client - [printIfInfoEnabled,60] - [8fbecd15-3263-40c3-b227-4345ff1ce371_config-0] RpcClient init label, labels = {module=config, Vipserver-Tag=null, source=sdk, Amory-Tag=null, Location-Tag=null, taskId=0, AppName=unknown}
22:04:30.683 [main] INFO  c.a.n.c.r.client - [printIfInfoEnabled,60] - [8fbecd15-3263-40c3-b227-4345ff1ce371_config-0] Register server push request handler:com.alibaba.nacos.client.config.impl.ClientWorker$ConfigRpcTransportClient$$Lambda$468/0x0000000800f1c710
22:04:30.684 [main] INFO  c.a.n.c.r.client - [printIfInfoEnabled,60] - [8fbecd15-3263-40c3-b227-4345ff1ce371_config-0] Register server push request handler:com.alibaba.nacos.client.config.impl.ClientWorker$ConfigRpcTransportClient$$Lambda$469/0x0000000800f1c938
22:04:30.685 [main] INFO  c.a.n.c.r.client - [printIfInfoEnabled,60] - [8fbecd15-3263-40c3-b227-4345ff1ce371_config-0] Registry connection listener to current client:com.alibaba.nacos.client.config.impl.ClientWorker$ConfigRpcTransportClient$1
22:04:30.688 [main] INFO  c.a.n.c.r.client - [printIfInfoEnabled,60] - [8fbecd15-3263-40c3-b227-4345ff1ce371_config-0] RpcClient init, ServerListFactory = com.alibaba.nacos.client.config.impl.ClientWorker$ConfigRpcTransportClient$2
22:04:30.704 [main] INFO  c.a.n.c.r.client - [printIfInfoEnabled,60] - [8fbecd15-3263-40c3-b227-4345ff1ce371_config-0] Try to connect to server on start up, server: {serverIp = '127.0.0.1', server main port = 8848}
22:04:31.924 [main] INFO  c.a.n.c.r.client - [printIfInfoEnabled,60] - [8fbecd15-3263-40c3-b227-4345ff1ce371_config-0] Success to connect to server [127.0.0.1:8848] on start up, connectionId = 1684245871647_127.0.0.1_60999
22:04:31.926 [com.alibaba.nacos.client.remote.worker] INFO  c.a.n.c.r.client - [printIfInfoEnabled,60] - [8fbecd15-3263-40c3-b227-4345ff1ce371_config-0] Notify connected event to listeners.
22:04:31.926 [main] INFO  c.a.n.c.r.client - [printIfInfoEnabled,60] - [8fbecd15-3263-40c3-b227-4345ff1ce371_config-0] Register server push request handler:com.alibaba.nacos.common.remote.client.RpcClient$ConnectResetRequestHandler
22:04:31.927 [main] INFO  c.a.n.c.r.client - [printIfInfoEnabled,60] - [8fbecd15-3263-40c3-b227-4345ff1ce371_config-0] Register server push request handler:com.alibaba.nacos.common.remote.client.RpcClient$$Lambda$480/0x000000080101d7d8
22:04:32.075 [main] INFO  c.c.j.RuoYiJobApplication - [logStartupProfileInfo,637] - The following 1 profile is active: "dev"
22:04:36.867 [main] INFO  o.a.c.h.Http11NioProtocol - [log,173] - Initializing ProtocolHandler ["http-nio-9203"]
22:04:36.868 [main] INFO  o.a.c.c.StandardService - [log,173] - Starting service [Tomcat]
22:04:36.869 [main] INFO  o.a.c.c.StandardEngine - [log,173] - Starting Servlet engine: [Apache Tomcat/9.0.70]
22:04:37.172 [main] INFO  o.a.c.c.C.[.[.[/] - [log,173] - Initializing Spring embedded WebApplicationContext
22:04:38.012 [main] INFO  o.q.i.StdSchedulerFactory - [instantiate,1220] - Using default implementation for ThreadExecutor
22:04:38.032 [main] INFO  o.q.c.SchedulerSignalerImpl - [<init>,61] - Initialized Scheduler Signaller of type: class org.quartz.core.SchedulerSignalerImpl
22:04:38.032 [main] INFO  o.q.c.QuartzScheduler - [<init>,229] - Quartz Scheduler v.2.3.2 created.
22:04:38.034 [main] INFO  o.q.s.RAMJobStore - [initialize,155] - RAMJobStore initialized.
22:04:38.035 [main] INFO  o.q.c.QuartzScheduler - [initialize,294] - Scheduler meta-data: Quartz Scheduler (v2.3.2) 'quartzScheduler' with instanceId 'NON_CLUSTERED'
  Scheduler class: 'org.quartz.core.QuartzScheduler' - running locally.
  NOT STARTED.
  Currently in standby mode.
  Number of jobs executed: 0
  Using thread pool 'org.quartz.simpl.SimpleThreadPool' - with 10 threads.
  Using job-store 'org.quartz.simpl.RAMJobStore' - which does not support persistence. and is not clustered.

22:04:38.037 [main] INFO  o.q.i.StdSchedulerFactory - [instantiate,1374] - Quartz scheduler 'quartzScheduler' initialized from an externally provided properties instance.
22:04:38.038 [main] INFO  o.q.i.StdSchedulerFactory - [instantiate,1378] - Quartz scheduler version: 2.3.2
22:04:38.038 [main] INFO  o.q.c.QuartzScheduler - [setJobFactory,2293] - JobFactory set to: org.springframework.scheduling.quartz.SpringBeanJobFactory@1cca3e8c
22:04:38.579 [main] INFO  c.z.h.HikariDataSource - [getConnection,110] - HikariPool-1 - Starting...
22:04:39.125 [main] INFO  c.z.h.HikariDataSource - [getConnection,123] - HikariPool-1 - Start completed.
22:04:40.171 [main] INFO  c.a.c.s.SentinelWebMvcConfigurer - [addInterceptors,52] - [Sentinel Starter] register SentinelWebInterceptor with urlPatterns: [/**].
22:04:43.651 [main] INFO  c.a.n.c.r.client - [lambda$createClient$0,80] - [RpcClientFactory] create a new rpc client of eb9771cb-c4bf-4bd4-8b27-82f3c424bb09
22:04:43.652 [main] INFO  c.a.n.c.r.client - [printIfInfoEnabled,60] - [eb9771cb-c4bf-4bd4-8b27-82f3c424bb09] RpcClient init label, labels = {module=naming, source=sdk}
22:04:43.653 [main] INFO  c.a.n.c.r.client - [printIfInfoEnabled,60] - [eb9771cb-c4bf-4bd4-8b27-82f3c424bb09] RpcClient init, ServerListFactory = com.alibaba.nacos.client.naming.core.ServerListManager
22:04:43.654 [main] INFO  c.a.n.c.r.client - [printIfInfoEnabled,60] - [eb9771cb-c4bf-4bd4-8b27-82f3c424bb09] Registry connection listener to current client:com.alibaba.nacos.client.naming.remote.gprc.redo.NamingGrpcRedoService
22:04:43.654 [main] INFO  c.a.n.c.r.client - [printIfInfoEnabled,60] - [eb9771cb-c4bf-4bd4-8b27-82f3c424bb09] Register server push request handler:com.alibaba.nacos.client.naming.remote.gprc.NamingPushRequestHandler
22:04:43.655 [main] INFO  c.a.n.c.r.client - [printIfInfoEnabled,60] - [eb9771cb-c4bf-4bd4-8b27-82f3c424bb09] Try to connect to server on start up, server: {serverIp = '127.0.0.1', server main port = 8848}
22:04:43.792 [main] INFO  c.a.n.c.r.client - [printIfInfoEnabled,60] - [eb9771cb-c4bf-4bd4-8b27-82f3c424bb09] Success to connect to server [127.0.0.1:8848] on start up, connectionId = 1684245883672_127.0.0.1_61069
22:04:43.793 [main] INFO  c.a.n.c.r.client - [printIfInfoEnabled,60] - [eb9771cb-c4bf-4bd4-8b27-82f3c424bb09] Register server push request handler:com.alibaba.nacos.common.remote.client.RpcClient$ConnectResetRequestHandler
22:04:43.793 [main] INFO  c.a.n.c.r.client - [printIfInfoEnabled,60] - [eb9771cb-c4bf-4bd4-8b27-82f3c424bb09] Register server push request handler:com.alibaba.nacos.common.remote.client.RpcClient$$Lambda$480/0x000000080101d7d8
22:04:43.793 [com.alibaba.nacos.client.remote.worker] INFO  c.a.n.c.r.client - [printIfInfoEnabled,60] - [eb9771cb-c4bf-4bd4-8b27-82f3c424bb09] Notify connected event to listeners.
22:04:43.825 [main] INFO  o.a.c.h.Http11NioProtocol - [log,173] - Starting ProtocolHandler ["http-nio-9203"]
22:04:43.854 [main] INFO  c.a.c.n.r.NacosServiceRegistry - [register,75] - nacos registry, DEFAULT_GROUP cms-job 192.168.1.3:9203 register finished
22:04:44.145 [main] INFO  o.q.c.QuartzScheduler - [start,547] - Scheduler quartzScheduler_$_NON_CLUSTERED started.
22:04:44.166 [main] INFO  c.c.j.RuoYiJobApplication - [logStarted,61] - Started RuoYiJobApplication in 15.43 seconds (JVM running for 16.718)
22:04:44.176 [main] INFO  c.a.c.n.r.NacosContextRefresher - [registerNacosListener,129] - [Nacos Config] Listening config: dataId=cms-job-dev.yml, group=DEFAULT_GROUP
22:04:44.176 [main] INFO  c.a.c.n.r.NacosContextRefresher - [registerNacosListener,129] - [Nacos Config] Listening config: dataId=cms-job.yml, group=DEFAULT_GROUP
22:04:44.176 [main] INFO  c.a.c.n.r.NacosContextRefresher - [registerNacosListener,129] - [Nacos Config] Listening config: dataId=cms-job, group=DEFAULT_GROUP
22:04:44.318 [nacos-grpc-client-executor-9] INFO  c.a.n.c.r.client - [printIfInfoEnabled,60] - [eb9771cb-c4bf-4bd4-8b27-82f3c424bb09] Receive server push request, request = NotifySubscriberRequest, requestId = 907
22:04:44.321 [nacos-grpc-client-executor-9] INFO  c.a.n.c.r.client - [printIfInfoEnabled,60] - [eb9771cb-c4bf-4bd4-8b27-82f3c424bb09] Ack server push request, request = NotifySubscriberRequest, requestId = 907
22:04:44.398 [RMI TCP Connection(2)-192.168.1.3] INFO  o.a.c.c.C.[.[.[/] - [log,173] - Initializing Spring DispatcherServlet 'dispatcherServlet'
