19:19:04.153 [SpringApplicationShutdownHook] INFO  o.q.c.QuartzScheduler - [standby,585] - Scheduler quartzScheduler_$_NON_CLUSTERED paused.
19:19:04.433 [SpringApplicationShutdownHook] INFO  c.a.c.n.r.NacosServiceRegistry - [deregister,94] - De-registering from Nacos Server now...
19:19:04.459 [SpringApplicationShutdownHook] INFO  c.a.c.n.r.NacosServiceRegistry - [deregister,114] - De-registration finished.
19:19:04.776 [SpringApplicationShutdownHook] INFO  c.a.n.c.r.client - [shutdown,454] - Shutdown rpc client, set status to shutdown
19:19:04.777 [SpringApplicationShutdownHook] INFO  c.a.n.c.r.client - [shutdown,456] - Shutdown client event executor java.util.concurrent.ScheduledThreadPoolExecutor@4e996a0c[Running, pool size = 2, active threads = 2, queued tasks = 0, completed tasks = 0]
19:19:04.778 [SpringApplicationShutdownHook] INFO  c.a.n.c.r.client - [closeConnection,591] - Close current connection 1681990204339_127.0.0.1_52665
19:19:04.780 [nacos-grpc-client-executor-8751] INFO  c.a.n.c.r.c.g.GrpcClient - [printIfInfoEnabled,60] - [1681990204339_127.0.0.1_52665]Ignore complete event,isRunning:false,isAbandon=false
19:19:04.790 [SpringApplicationShutdownHook] INFO  c.a.n.c.r.c.g.GrpcClient - [shutdown,85] - Shutdown grpc executor java.util.concurrent.ThreadPoolExecutor@970e564[Running, pool size = 5, active threads = 0, queued tasks = 0, completed tasks = 8752]
19:19:04.977 [SpringApplicationShutdownHook] INFO  o.q.c.QuartzScheduler - [shutdown,666] - Scheduler quartzScheduler_$_NON_CLUSTERED shutting down.
19:19:04.978 [SpringApplicationShutdownHook] INFO  o.q.c.QuartzScheduler - [standby,585] - Scheduler quartzScheduler_$_NON_CLUSTERED paused.
19:19:04.978 [SpringApplicationShutdownHook] INFO  o.q.c.QuartzScheduler - [shutdown,740] - Scheduler quartzScheduler_$_NON_CLUSTERED shutdown complete.
19:19:04.981 [SpringApplicationShutdownHook] INFO  c.z.h.HikariDataSource - [close,350] - HikariPool-1 - Shutdown initiated...
19:19:04.985 [SpringApplicationShutdownHook] INFO  c.z.h.HikariDataSource - [close,352] - HikariPool-1 - Shutdown completed.
19:19:37.865 [background-preinit] INFO  o.h.v.i.util.Version - [<clinit>,21] - HV000001: Hibernate Validator 6.2.5.Final
19:19:38.655 [main] INFO  c.a.n.c.r.client - [lambda$createClient$0,80] - [RpcClientFactory] create a new rpc client of 95572435-d69e-41a9-b6b0-ff89fd54d279_config-0
19:19:38.785 [main] INFO  o.r.Reflections - [scan,232] - Reflections took 58 ms to scan 1 urls, producing 3 keys and 6 values 
19:19:38.835 [main] INFO  o.r.Reflections - [scan,232] - Reflections took 26 ms to scan 1 urls, producing 4 keys and 9 values 
19:19:38.865 [main] INFO  o.r.Reflections - [scan,232] - Reflections took 24 ms to scan 1 urls, producing 3 keys and 10 values 
19:19:38.895 [main] INFO  o.r.Reflections - [scan,232] - Reflections took 24 ms to scan 1 urls, producing 1 keys and 5 values 
19:19:38.936 [main] INFO  o.r.Reflections - [scan,232] - Reflections took 35 ms to scan 1 urls, producing 1 keys and 7 values 
19:19:38.951 [main] INFO  o.r.Reflections - [scan,232] - Reflections took 12 ms to scan 1 urls, producing 2 keys and 8 values 
19:19:38.956 [main] INFO  c.a.n.c.r.client - [printIfInfoEnabled,60] - [95572435-d69e-41a9-b6b0-ff89fd54d279_config-0] RpcClient init label, labels = {module=config, Vipserver-Tag=null, source=sdk, Amory-Tag=null, Location-Tag=null, taskId=0, AppName=unknown}
19:19:38.957 [main] INFO  c.a.n.c.r.client - [printIfInfoEnabled,60] - [95572435-d69e-41a9-b6b0-ff89fd54d279_config-0] Register server push request handler:com.alibaba.nacos.client.config.impl.ClientWorker$ConfigRpcTransportClient$$Lambda$468/0x0000000800f1c990
19:19:38.957 [main] INFO  c.a.n.c.r.client - [printIfInfoEnabled,60] - [95572435-d69e-41a9-b6b0-ff89fd54d279_config-0] Register server push request handler:com.alibaba.nacos.client.config.impl.ClientWorker$ConfigRpcTransportClient$$Lambda$469/0x0000000800f1cbb8
19:19:38.958 [main] INFO  c.a.n.c.r.client - [printIfInfoEnabled,60] - [95572435-d69e-41a9-b6b0-ff89fd54d279_config-0] Registry connection listener to current client:com.alibaba.nacos.client.config.impl.ClientWorker$ConfigRpcTransportClient$1
19:19:38.959 [main] INFO  c.a.n.c.r.client - [printIfInfoEnabled,60] - [95572435-d69e-41a9-b6b0-ff89fd54d279_config-0] RpcClient init, ServerListFactory = com.alibaba.nacos.client.config.impl.ClientWorker$ConfigRpcTransportClient$2
19:19:38.968 [main] INFO  c.a.n.c.r.client - [printIfInfoEnabled,60] - [95572435-d69e-41a9-b6b0-ff89fd54d279_config-0] Try to connect to server on start up, server: {serverIp = '127.0.0.1', server main port = 8848}
19:19:39.671 [main] INFO  c.a.n.c.r.client - [printIfInfoEnabled,60] - [95572435-d69e-41a9-b6b0-ff89fd54d279_config-0] Success to connect to server [127.0.0.1:8848] on start up, connectionId = 1682162379436_127.0.0.1_55925
19:19:39.672 [com.alibaba.nacos.client.remote.worker] INFO  c.a.n.c.r.client - [printIfInfoEnabled,60] - [95572435-d69e-41a9-b6b0-ff89fd54d279_config-0] Notify connected event to listeners.
19:19:39.672 [main] INFO  c.a.n.c.r.client - [printIfInfoEnabled,60] - [95572435-d69e-41a9-b6b0-ff89fd54d279_config-0] Register server push request handler:com.alibaba.nacos.common.remote.client.RpcClient$ConnectResetRequestHandler
19:19:39.673 [main] INFO  c.a.n.c.r.client - [printIfInfoEnabled,60] - [95572435-d69e-41a9-b6b0-ff89fd54d279_config-0] Register server push request handler:com.alibaba.nacos.common.remote.client.RpcClient$$Lambda$480/0x000000080101d8c0
19:19:39.779 [main] INFO  c.c.j.RuoYiJobApplication - [logStartupProfileInfo,637] - The following 1 profile is active: "dev"
19:19:44.795 [main] INFO  o.a.c.h.Http11NioProtocol - [log,173] - Initializing ProtocolHandler ["http-nio-9203"]
19:19:44.796 [main] INFO  o.a.c.c.StandardService - [log,173] - Starting service [Tomcat]
19:19:44.797 [main] INFO  o.a.c.c.StandardEngine - [log,173] - Starting Servlet engine: [Apache Tomcat/9.0.70]
19:19:45.038 [main] INFO  o.a.c.c.C.[.[.[/] - [log,173] - Initializing Spring embedded WebApplicationContext
19:19:46.056 [main] INFO  o.q.i.StdSchedulerFactory - [instantiate,1220] - Using default implementation for ThreadExecutor
19:19:46.083 [main] INFO  o.q.c.SchedulerSignalerImpl - [<init>,61] - Initialized Scheduler Signaller of type: class org.quartz.core.SchedulerSignalerImpl
19:19:46.083 [main] INFO  o.q.c.QuartzScheduler - [<init>,229] - Quartz Scheduler v.2.3.2 created.
19:19:46.085 [main] INFO  o.q.s.RAMJobStore - [initialize,155] - RAMJobStore initialized.
19:19:46.087 [main] INFO  o.q.c.QuartzScheduler - [initialize,294] - Scheduler meta-data: Quartz Scheduler (v2.3.2) 'quartzScheduler' with instanceId 'NON_CLUSTERED'
  Scheduler class: 'org.quartz.core.QuartzScheduler' - running locally.
  NOT STARTED.
  Currently in standby mode.
  Number of jobs executed: 0
  Using thread pool 'org.quartz.simpl.SimpleThreadPool' - with 10 threads.
  Using job-store 'org.quartz.simpl.RAMJobStore' - which does not support persistence. and is not clustered.

19:19:46.089 [main] INFO  o.q.i.StdSchedulerFactory - [instantiate,1374] - Quartz scheduler 'quartzScheduler' initialized from an externally provided properties instance.
19:19:46.089 [main] INFO  o.q.i.StdSchedulerFactory - [instantiate,1378] - Quartz scheduler version: 2.3.2
19:19:46.090 [main] INFO  o.q.c.QuartzScheduler - [setJobFactory,2293] - JobFactory set to: org.springframework.scheduling.quartz.SpringBeanJobFactory@6ef61cd0
19:19:46.801 [main] INFO  c.z.h.HikariDataSource - [getConnection,110] - HikariPool-1 - Starting...
19:19:47.415 [main] INFO  c.z.h.HikariDataSource - [getConnection,123] - HikariPool-1 - Start completed.
19:19:48.646 [main] INFO  c.a.c.s.SentinelWebMvcConfigurer - [addInterceptors,52] - [Sentinel Starter] register SentinelWebInterceptor with urlPatterns: [/**].
19:19:52.140 [main] INFO  c.a.n.c.r.client - [lambda$createClient$0,80] - [RpcClientFactory] create a new rpc client of 59f16053-9ff0-4fa8-ba06-0af4bc212048
19:19:52.140 [main] INFO  c.a.n.c.r.client - [printIfInfoEnabled,60] - [59f16053-9ff0-4fa8-ba06-0af4bc212048] RpcClient init label, labels = {module=naming, source=sdk}
19:19:52.142 [main] INFO  c.a.n.c.r.client - [printIfInfoEnabled,60] - [59f16053-9ff0-4fa8-ba06-0af4bc212048] RpcClient init, ServerListFactory = com.alibaba.nacos.client.naming.core.ServerListManager
19:19:52.142 [main] INFO  c.a.n.c.r.client - [printIfInfoEnabled,60] - [59f16053-9ff0-4fa8-ba06-0af4bc212048] Registry connection listener to current client:com.alibaba.nacos.client.naming.remote.gprc.redo.NamingGrpcRedoService
19:19:52.143 [main] INFO  c.a.n.c.r.client - [printIfInfoEnabled,60] - [59f16053-9ff0-4fa8-ba06-0af4bc212048] Register server push request handler:com.alibaba.nacos.client.naming.remote.gprc.NamingPushRequestHandler
19:19:52.144 [main] INFO  c.a.n.c.r.client - [printIfInfoEnabled,60] - [59f16053-9ff0-4fa8-ba06-0af4bc212048] Try to connect to server on start up, server: {serverIp = '127.0.0.1', server main port = 8848}
19:19:52.296 [main] INFO  c.a.n.c.r.client - [printIfInfoEnabled,60] - [59f16053-9ff0-4fa8-ba06-0af4bc212048] Success to connect to server [127.0.0.1:8848] on start up, connectionId = 1682162392162_127.0.0.1_55999
19:19:52.297 [main] INFO  c.a.n.c.r.client - [printIfInfoEnabled,60] - [59f16053-9ff0-4fa8-ba06-0af4bc212048] Register server push request handler:com.alibaba.nacos.common.remote.client.RpcClient$ConnectResetRequestHandler
19:19:52.297 [com.alibaba.nacos.client.remote.worker] INFO  c.a.n.c.r.client - [printIfInfoEnabled,60] - [59f16053-9ff0-4fa8-ba06-0af4bc212048] Notify connected event to listeners.
19:19:52.297 [main] INFO  c.a.n.c.r.client - [printIfInfoEnabled,60] - [59f16053-9ff0-4fa8-ba06-0af4bc212048] Register server push request handler:com.alibaba.nacos.common.remote.client.RpcClient$$Lambda$480/0x000000080101d8c0
19:19:52.330 [main] INFO  o.a.c.h.Http11NioProtocol - [log,173] - Starting ProtocolHandler ["http-nio-9203"]
19:19:52.349 [main] INFO  c.a.c.n.r.NacosServiceRegistry - [register,75] - nacos registry, DEFAULT_GROUP cms-job 192.168.1.9:9203 register finished
19:19:52.634 [main] INFO  o.q.c.QuartzScheduler - [start,547] - Scheduler quartzScheduler_$_NON_CLUSTERED started.
19:19:52.653 [main] INFO  c.c.j.RuoYiJobApplication - [logStarted,61] - Started RuoYiJobApplication in 15.616 seconds (JVM running for 16.859)
19:19:52.663 [main] INFO  c.a.c.n.r.NacosContextRefresher - [registerNacosListener,129] - [Nacos Config] Listening config: dataId=cms-job-dev.yml, group=DEFAULT_GROUP
19:19:52.674 [main] INFO  c.a.c.n.r.NacosContextRefresher - [registerNacosListener,129] - [Nacos Config] Listening config: dataId=cms-job.yml, group=DEFAULT_GROUP
19:19:52.675 [main] INFO  c.a.c.n.r.NacosContextRefresher - [registerNacosListener,129] - [Nacos Config] Listening config: dataId=cms-job, group=DEFAULT_GROUP
19:19:52.846 [nacos-grpc-client-executor-10] INFO  c.a.n.c.r.client - [printIfInfoEnabled,60] - [59f16053-9ff0-4fa8-ba06-0af4bc212048] Receive server push request, request = NotifySubscriberRequest, requestId = 232
19:19:52.850 [nacos-grpc-client-executor-10] INFO  c.a.n.c.r.client - [printIfInfoEnabled,60] - [59f16053-9ff0-4fa8-ba06-0af4bc212048] Ack server push request, request = NotifySubscriberRequest, requestId = 232
19:19:53.104 [RMI TCP Connection(7)-192.168.1.9] INFO  o.a.c.c.C.[.[.[/] - [log,173] - Initializing Spring DispatcherServlet 'dispatcherServlet'
