23:56:12.253 [background-preinit] INFO  o.h.v.i.util.Version - [<clinit>,21] - HV000001: Hibernate Validator 6.2.5.Final
23:56:12.850 [main] INFO  c.a.n.c.r.client - [lambda$createClient$0,80] - [RpcClientFactory] create a new rpc client of aabcbbe1-21d8-4871-915a-598bfdf17c5c_config-0
23:56:12.904 [main] INFO  o.r.Reflections - [scan,232] - Reflections took 34 ms to scan 1 urls, producing 3 keys and 6 values 
23:56:12.947 [main] INFO  o.r.Reflections - [scan,232] - Reflections took 31 ms to scan 1 urls, producing 4 keys and 9 values 
23:56:12.971 [main] INFO  o.r.Reflections - [scan,232] - Reflections took 19 ms to scan 1 urls, producing 3 keys and 10 values 
23:56:12.992 [main] INFO  o.r.Reflections - [scan,232] - Reflections took 16 ms to scan 1 urls, producing 1 keys and 5 values 
23:56:13.016 [main] INFO  o.r.Reflections - [scan,232] - Reflections took 21 ms to scan 1 urls, producing 1 keys and 7 values 
23:56:13.032 [main] INFO  o.r.Reflections - [scan,232] - Reflections took 14 ms to scan 1 urls, producing 2 keys and 8 values 
23:56:13.036 [main] INFO  c.a.n.c.r.client - [printIfInfoEnabled,60] - [aabcbbe1-21d8-4871-915a-598bfdf17c5c_config-0] RpcClient init label, labels = {module=config, Vipserver-Tag=null, source=sdk, Amory-Tag=null, Location-Tag=null, taskId=0, AppName=unknown}
23:56:13.037 [main] INFO  c.a.n.c.r.client - [printIfInfoEnabled,60] - [aabcbbe1-21d8-4871-915a-598bfdf17c5c_config-0] Register server push request handler:com.alibaba.nacos.client.config.impl.ClientWorker$ConfigRpcTransportClient$$Lambda$468/0x0000000800f3c008
23:56:13.037 [main] INFO  c.a.n.c.r.client - [printIfInfoEnabled,60] - [aabcbbe1-21d8-4871-915a-598bfdf17c5c_config-0] Register server push request handler:com.alibaba.nacos.client.config.impl.ClientWorker$ConfigRpcTransportClient$$Lambda$469/0x0000000800f3c230
23:56:13.038 [main] INFO  c.a.n.c.r.client - [printIfInfoEnabled,60] - [aabcbbe1-21d8-4871-915a-598bfdf17c5c_config-0] Registry connection listener to current client:com.alibaba.nacos.client.config.impl.ClientWorker$ConfigRpcTransportClient$1
23:56:13.039 [main] INFO  c.a.n.c.r.client - [printIfInfoEnabled,60] - [aabcbbe1-21d8-4871-915a-598bfdf17c5c_config-0] RpcClient init, ServerListFactory = com.alibaba.nacos.client.config.impl.ClientWorker$ConfigRpcTransportClient$2
23:56:13.047 [main] INFO  c.a.n.c.r.client - [printIfInfoEnabled,60] - [aabcbbe1-21d8-4871-915a-598bfdf17c5c_config-0] Try to connect to server on start up, server: {serverIp = '127.0.0.1', server main port = 8848}
23:56:13.663 [main] INFO  c.a.n.c.r.client - [printIfInfoEnabled,60] - [aabcbbe1-21d8-4871-915a-598bfdf17c5c_config-0] Success to connect to server [127.0.0.1:8848] on start up, connectionId = 1685634973481_127.0.0.1_64645
23:56:13.663 [com.alibaba.nacos.client.remote.worker] INFO  c.a.n.c.r.client - [printIfInfoEnabled,60] - [aabcbbe1-21d8-4871-915a-598bfdf17c5c_config-0] Notify connected event to listeners.
23:56:13.663 [main] INFO  c.a.n.c.r.client - [printIfInfoEnabled,60] - [aabcbbe1-21d8-4871-915a-598bfdf17c5c_config-0] Register server push request handler:com.alibaba.nacos.common.remote.client.RpcClient$ConnectResetRequestHandler
23:56:13.664 [main] INFO  c.a.n.c.r.client - [printIfInfoEnabled,60] - [aabcbbe1-21d8-4871-915a-598bfdf17c5c_config-0] Register server push request handler:com.alibaba.nacos.common.remote.client.RpcClient$$Lambda$480/0x000000080103cba8
23:56:13.747 [main] INFO  c.c.j.CMSJobApplication - [logStartupProfileInfo,637] - The following 1 profile is active: "dev"
23:56:16.370 [main] INFO  o.a.c.h.Http11NioProtocol - [log,173] - Initializing ProtocolHandler ["http-nio-9203"]
23:56:16.370 [main] INFO  o.a.c.c.StandardService - [log,173] - Starting service [Tomcat]
23:56:16.370 [main] INFO  o.a.c.c.StandardEngine - [log,173] - Starting Servlet engine: [Apache Tomcat/9.0.70]
23:56:16.511 [main] INFO  o.a.c.c.C.[.[.[/] - [log,173] - Initializing Spring embedded WebApplicationContext
23:56:16.884 [main] INFO  o.q.i.StdSchedulerFactory - [instantiate,1220] - Using default implementation for ThreadExecutor
23:56:16.899 [main] INFO  o.q.c.SchedulerSignalerImpl - [<init>,61] - Initialized Scheduler Signaller of type: class org.quartz.core.SchedulerSignalerImpl
23:56:16.899 [main] INFO  o.q.c.QuartzScheduler - [<init>,229] - Quartz Scheduler v.2.3.2 created.
23:56:16.899 [main] INFO  o.q.s.RAMJobStore - [initialize,155] - RAMJobStore initialized.
23:56:16.900 [main] INFO  o.q.c.QuartzScheduler - [initialize,294] - Scheduler meta-data: Quartz Scheduler (v2.3.2) 'quartzScheduler' with instanceId 'NON_CLUSTERED'
  Scheduler class: 'org.quartz.core.QuartzScheduler' - running locally.
  NOT STARTED.
  Currently in standby mode.
  Number of jobs executed: 0
  Using thread pool 'org.quartz.simpl.SimpleThreadPool' - with 10 threads.
  Using job-store 'org.quartz.simpl.RAMJobStore' - which does not support persistence. and is not clustered.

23:56:16.900 [main] INFO  o.q.i.StdSchedulerFactory - [instantiate,1374] - Quartz scheduler 'quartzScheduler' initialized from an externally provided properties instance.
23:56:16.900 [main] INFO  o.q.i.StdSchedulerFactory - [instantiate,1378] - Quartz scheduler version: 2.3.2
23:56:16.901 [main] INFO  o.q.c.QuartzScheduler - [setJobFactory,2293] - JobFactory set to: org.springframework.scheduling.quartz.SpringBeanJobFactory@8dbf0f2
23:56:17.188 [main] INFO  c.z.h.HikariDataSource - [getConnection,110] - HikariPool-1 - Starting...
23:56:17.615 [main] INFO  c.z.h.HikariDataSource - [getConnection,123] - HikariPool-1 - Start completed.
23:56:18.262 [main] INFO  c.a.c.s.SentinelWebMvcConfigurer - [addInterceptors,52] - [Sentinel Starter] register SentinelWebInterceptor with urlPatterns: [/**].
23:56:20.192 [main] INFO  c.a.n.c.r.client - [lambda$createClient$0,80] - [RpcClientFactory] create a new rpc client of f2abeeac-b7ff-4b5f-9b57-da74c3026a66
23:56:20.193 [main] INFO  c.a.n.c.r.client - [printIfInfoEnabled,60] - [f2abeeac-b7ff-4b5f-9b57-da74c3026a66] RpcClient init label, labels = {module=naming, source=sdk}
23:56:20.194 [main] INFO  c.a.n.c.r.client - [printIfInfoEnabled,60] - [f2abeeac-b7ff-4b5f-9b57-da74c3026a66] RpcClient init, ServerListFactory = com.alibaba.nacos.client.naming.core.ServerListManager
23:56:20.195 [main] INFO  c.a.n.c.r.client - [printIfInfoEnabled,60] - [f2abeeac-b7ff-4b5f-9b57-da74c3026a66] Registry connection listener to current client:com.alibaba.nacos.client.naming.remote.gprc.redo.NamingGrpcRedoService
23:56:20.195 [main] INFO  c.a.n.c.r.client - [printIfInfoEnabled,60] - [f2abeeac-b7ff-4b5f-9b57-da74c3026a66] Register server push request handler:com.alibaba.nacos.client.naming.remote.gprc.NamingPushRequestHandler
23:56:20.196 [main] INFO  c.a.n.c.r.client - [printIfInfoEnabled,60] - [f2abeeac-b7ff-4b5f-9b57-da74c3026a66] Try to connect to server on start up, server: {serverIp = '127.0.0.1', server main port = 8848}
23:56:20.328 [main] INFO  c.a.n.c.r.client - [printIfInfoEnabled,60] - [f2abeeac-b7ff-4b5f-9b57-da74c3026a66] Success to connect to server [127.0.0.1:8848] on start up, connectionId = 1685634980212_127.0.0.1_64673
23:56:20.328 [main] INFO  c.a.n.c.r.client - [printIfInfoEnabled,60] - [f2abeeac-b7ff-4b5f-9b57-da74c3026a66] Register server push request handler:com.alibaba.nacos.common.remote.client.RpcClient$ConnectResetRequestHandler
23:56:20.328 [com.alibaba.nacos.client.remote.worker] INFO  c.a.n.c.r.client - [printIfInfoEnabled,60] - [f2abeeac-b7ff-4b5f-9b57-da74c3026a66] Notify connected event to listeners.
23:56:20.328 [main] INFO  c.a.n.c.r.client - [printIfInfoEnabled,60] - [f2abeeac-b7ff-4b5f-9b57-da74c3026a66] Register server push request handler:com.alibaba.nacos.common.remote.client.RpcClient$$Lambda$480/0x000000080103cba8
23:56:20.363 [main] INFO  o.a.c.h.Http11NioProtocol - [log,173] - Starting ProtocolHandler ["http-nio-9203"]
23:56:20.385 [main] INFO  c.a.c.n.r.NacosServiceRegistry - [register,75] - nacos registry, DEFAULT_GROUP cms-job 10.110.28.98:9203 register finished
23:56:20.693 [main] INFO  o.q.c.QuartzScheduler - [start,547] - Scheduler quartzScheduler_$_NON_CLUSTERED started.
23:56:20.715 [main] INFO  c.c.j.CMSJobApplication - [logStarted,61] - Started CMSJobApplication in 9.054 seconds (JVM running for 9.942)
23:56:20.727 [main] INFO  c.a.c.n.r.NacosContextRefresher - [registerNacosListener,129] - [Nacos Config] Listening config: dataId=cms-job-dev.yml, group=DEFAULT_GROUP
23:56:20.727 [main] INFO  c.a.c.n.r.NacosContextRefresher - [registerNacosListener,129] - [Nacos Config] Listening config: dataId=cms-job.yml, group=DEFAULT_GROUP
23:56:20.727 [main] INFO  c.a.c.n.r.NacosContextRefresher - [registerNacosListener,129] - [Nacos Config] Listening config: dataId=cms-job, group=DEFAULT_GROUP
23:56:20.869 [nacos-grpc-client-executor-9] INFO  c.a.n.c.r.client - [printIfInfoEnabled,60] - [f2abeeac-b7ff-4b5f-9b57-da74c3026a66] Receive server push request, request = NotifySubscriberRequest, requestId = 51
23:56:20.872 [nacos-grpc-client-executor-9] INFO  c.a.n.c.r.client - [printIfInfoEnabled,60] - [f2abeeac-b7ff-4b5f-9b57-da74c3026a66] Ack server push request, request = NotifySubscriberRequest, requestId = 51
23:56:20.976 [RMI TCP Connection(6)-127.0.0.1] INFO  o.a.c.c.C.[.[.[/] - [log,173] - Initializing Spring DispatcherServlet 'dispatcherServlet'
23:56:33.929 [SpringApplicationShutdownHook] INFO  o.q.c.QuartzScheduler - [standby,585] - Scheduler quartzScheduler_$_NON_CLUSTERED paused.
23:56:33.966 [SpringApplicationShutdownHook] INFO  c.a.c.n.r.NacosServiceRegistry - [deregister,94] - De-registering from Nacos Server now...
23:56:33.971 [SpringApplicationShutdownHook] INFO  c.a.c.n.r.NacosServiceRegistry - [deregister,114] - De-registration finished.
23:56:34.278 [SpringApplicationShutdownHook] INFO  c.a.n.c.r.client - [shutdown,454] - Shutdown rpc client, set status to shutdown
23:56:34.278 [SpringApplicationShutdownHook] INFO  c.a.n.c.r.client - [shutdown,456] - Shutdown client event executor java.util.concurrent.ScheduledThreadPoolExecutor@4f39ca29[Running, pool size = 2, active threads = 2, queued tasks = 0, completed tasks = 0]
23:56:34.279 [SpringApplicationShutdownHook] INFO  c.a.n.c.r.client - [closeConnection,591] - Close current connection 1685634980212_127.0.0.1_64673
23:56:34.281 [nacos-grpc-client-executor-20] INFO  c.a.n.c.r.c.g.GrpcClient - [printIfInfoEnabled,60] - [1685634980212_127.0.0.1_64673]Ignore complete event,isRunning:false,isAbandon=false
23:56:34.284 [SpringApplicationShutdownHook] INFO  c.a.n.c.r.c.g.GrpcClient - [shutdown,85] - Shutdown grpc executor java.util.concurrent.ThreadPoolExecutor@7132ae9d[Running, pool size = 7, active threads = 0, queued tasks = 0, completed tasks = 21]
23:56:34.423 [SpringApplicationShutdownHook] INFO  o.q.c.QuartzScheduler - [shutdown,666] - Scheduler quartzScheduler_$_NON_CLUSTERED shutting down.
23:56:34.424 [SpringApplicationShutdownHook] INFO  o.q.c.QuartzScheduler - [standby,585] - Scheduler quartzScheduler_$_NON_CLUSTERED paused.
23:56:34.425 [SpringApplicationShutdownHook] INFO  o.q.c.QuartzScheduler - [shutdown,740] - Scheduler quartzScheduler_$_NON_CLUSTERED shutdown complete.
23:56:34.429 [SpringApplicationShutdownHook] INFO  c.z.h.HikariDataSource - [close,350] - HikariPool-1 - Shutdown initiated...
23:56:34.450 [SpringApplicationShutdownHook] INFO  c.z.h.HikariDataSource - [close,352] - HikariPool-1 - Shutdown completed.
23:57:40.407 [background-preinit] INFO  o.h.v.i.util.Version - [<clinit>,21] - HV000001: Hibernate Validator 6.2.5.Final
23:57:41.350 [main] INFO  c.a.n.c.r.client - [lambda$createClient$0,80] - [RpcClientFactory] create a new rpc client of 479cf725-2503-493b-87fb-5404699b70ad_config-0
23:57:41.424 [main] INFO  o.r.Reflections - [scan,232] - Reflections took 48 ms to scan 1 urls, producing 3 keys and 6 values 
23:57:41.470 [main] INFO  o.r.Reflections - [scan,232] - Reflections took 28 ms to scan 1 urls, producing 4 keys and 9 values 
23:57:41.495 [main] INFO  o.r.Reflections - [scan,232] - Reflections took 21 ms to scan 1 urls, producing 3 keys and 10 values 
23:57:41.529 [main] INFO  o.r.Reflections - [scan,232] - Reflections took 26 ms to scan 1 urls, producing 1 keys and 5 values 
23:57:41.572 [main] INFO  o.r.Reflections - [scan,232] - Reflections took 39 ms to scan 1 urls, producing 1 keys and 7 values 
23:57:41.598 [main] INFO  o.r.Reflections - [scan,232] - Reflections took 20 ms to scan 1 urls, producing 2 keys and 8 values 
23:57:41.605 [main] INFO  c.a.n.c.r.client - [printIfInfoEnabled,60] - [479cf725-2503-493b-87fb-5404699b70ad_config-0] RpcClient init label, labels = {module=config, Vipserver-Tag=null, source=sdk, Amory-Tag=null, Location-Tag=null, taskId=0, AppName=unknown}
23:57:41.606 [main] INFO  c.a.n.c.r.client - [printIfInfoEnabled,60] - [479cf725-2503-493b-87fb-5404699b70ad_config-0] Register server push request handler:com.alibaba.nacos.client.config.impl.ClientWorker$ConfigRpcTransportClient$$Lambda$468/0x0000000800f1cea8
23:57:41.607 [main] INFO  c.a.n.c.r.client - [printIfInfoEnabled,60] - [479cf725-2503-493b-87fb-5404699b70ad_config-0] Register server push request handler:com.alibaba.nacos.client.config.impl.ClientWorker$ConfigRpcTransportClient$$Lambda$469/0x0000000800f1d0d0
23:57:41.608 [main] INFO  c.a.n.c.r.client - [printIfInfoEnabled,60] - [479cf725-2503-493b-87fb-5404699b70ad_config-0] Registry connection listener to current client:com.alibaba.nacos.client.config.impl.ClientWorker$ConfigRpcTransportClient$1
23:57:41.609 [main] INFO  c.a.n.c.r.client - [printIfInfoEnabled,60] - [479cf725-2503-493b-87fb-5404699b70ad_config-0] RpcClient init, ServerListFactory = com.alibaba.nacos.client.config.impl.ClientWorker$ConfigRpcTransportClient$2
23:57:41.621 [main] INFO  c.a.n.c.r.client - [printIfInfoEnabled,60] - [479cf725-2503-493b-87fb-5404699b70ad_config-0] Try to connect to server on start up, server: {serverIp = '127.0.0.1', server main port = 8848}
23:57:42.502 [main] INFO  c.a.n.c.r.client - [printIfInfoEnabled,60] - [479cf725-2503-493b-87fb-5404699b70ad_config-0] Success to connect to server [127.0.0.1:8848] on start up, connectionId = 1685635062255_127.0.0.1_64778
23:57:42.504 [main] INFO  c.a.n.c.r.client - [printIfInfoEnabled,60] - [479cf725-2503-493b-87fb-5404699b70ad_config-0] Register server push request handler:com.alibaba.nacos.common.remote.client.RpcClient$ConnectResetRequestHandler
23:57:42.505 [main] INFO  c.a.n.c.r.client - [printIfInfoEnabled,60] - [479cf725-2503-493b-87fb-5404699b70ad_config-0] Register server push request handler:com.alibaba.nacos.common.remote.client.RpcClient$$Lambda$480/0x000000080102cdb0
23:57:42.507 [com.alibaba.nacos.client.remote.worker] INFO  c.a.n.c.r.client - [printIfInfoEnabled,60] - [479cf725-2503-493b-87fb-5404699b70ad_config-0] Notify connected event to listeners.
23:57:42.656 [main] INFO  c.c.j.CMSJobApplication - [logStartupProfileInfo,637] - The following 1 profile is active: "dev"
23:57:49.632 [main] INFO  o.a.c.h.Http11NioProtocol - [log,173] - Initializing ProtocolHandler ["http-nio-9203"]
23:57:49.633 [main] INFO  o.a.c.c.StandardService - [log,173] - Starting service [Tomcat]
23:57:49.633 [main] INFO  o.a.c.c.StandardEngine - [log,173] - Starting Servlet engine: [Apache Tomcat/9.0.70]
23:57:50.046 [main] INFO  o.a.c.c.C.[.[.[/] - [log,173] - Initializing Spring embedded WebApplicationContext
23:57:51.216 [main] INFO  o.q.i.StdSchedulerFactory - [instantiate,1220] - Using default implementation for ThreadExecutor
23:57:51.343 [main] INFO  o.q.c.SchedulerSignalerImpl - [<init>,61] - Initialized Scheduler Signaller of type: class org.quartz.core.SchedulerSignalerImpl
23:57:51.343 [main] INFO  o.q.c.QuartzScheduler - [<init>,229] - Quartz Scheduler v.2.3.2 created.
23:57:51.344 [main] INFO  o.q.s.RAMJobStore - [initialize,155] - RAMJobStore initialized.
23:57:51.346 [main] INFO  o.q.c.QuartzScheduler - [initialize,294] - Scheduler meta-data: Quartz Scheduler (v2.3.2) 'quartzScheduler' with instanceId 'NON_CLUSTERED'
  Scheduler class: 'org.quartz.core.QuartzScheduler' - running locally.
  NOT STARTED.
  Currently in standby mode.
  Number of jobs executed: 0
  Using thread pool 'org.quartz.simpl.SimpleThreadPool' - with 10 threads.
  Using job-store 'org.quartz.simpl.RAMJobStore' - which does not support persistence. and is not clustered.

23:57:51.346 [main] INFO  o.q.i.StdSchedulerFactory - [instantiate,1374] - Quartz scheduler 'quartzScheduler' initialized from an externally provided properties instance.
23:57:51.346 [main] INFO  o.q.i.StdSchedulerFactory - [instantiate,1378] - Quartz scheduler version: 2.3.2
23:57:51.347 [main] INFO  o.q.c.QuartzScheduler - [setJobFactory,2293] - JobFactory set to: org.springframework.scheduling.quartz.SpringBeanJobFactory@582ca1e2
23:57:52.581 [main] INFO  c.z.h.HikariDataSource - [getConnection,110] - HikariPool-1 - Starting...
23:57:53.519 [main] INFO  c.z.h.HikariDataSource - [getConnection,123] - HikariPool-1 - Start completed.
23:57:55.461 [main] INFO  c.a.c.s.SentinelWebMvcConfigurer - [addInterceptors,52] - [Sentinel Starter] register SentinelWebInterceptor with urlPatterns: [/**].
23:57:59.396 [main] INFO  c.a.n.c.r.client - [lambda$createClient$0,80] - [RpcClientFactory] create a new rpc client of 0aa6cc35-3e7e-4c3c-b2f7-cce02fe69f6f
23:57:59.397 [main] INFO  c.a.n.c.r.client - [printIfInfoEnabled,60] - [0aa6cc35-3e7e-4c3c-b2f7-cce02fe69f6f] RpcClient init label, labels = {module=naming, source=sdk}
23:57:59.399 [main] INFO  c.a.n.c.r.client - [printIfInfoEnabled,60] - [0aa6cc35-3e7e-4c3c-b2f7-cce02fe69f6f] RpcClient init, ServerListFactory = com.alibaba.nacos.client.naming.core.ServerListManager
23:57:59.399 [main] INFO  c.a.n.c.r.client - [printIfInfoEnabled,60] - [0aa6cc35-3e7e-4c3c-b2f7-cce02fe69f6f] Registry connection listener to current client:com.alibaba.nacos.client.naming.remote.gprc.redo.NamingGrpcRedoService
23:57:59.400 [main] INFO  c.a.n.c.r.client - [printIfInfoEnabled,60] - [0aa6cc35-3e7e-4c3c-b2f7-cce02fe69f6f] Register server push request handler:com.alibaba.nacos.client.naming.remote.gprc.NamingPushRequestHandler
23:57:59.400 [main] INFO  c.a.n.c.r.client - [printIfInfoEnabled,60] - [0aa6cc35-3e7e-4c3c-b2f7-cce02fe69f6f] Try to connect to server on start up, server: {serverIp = '127.0.0.1', server main port = 8848}
23:57:59.541 [main] INFO  c.a.n.c.r.client - [printIfInfoEnabled,60] - [0aa6cc35-3e7e-4c3c-b2f7-cce02fe69f6f] Success to connect to server [127.0.0.1:8848] on start up, connectionId = 1685635079419_127.0.0.1_64831
23:57:59.541 [main] INFO  c.a.n.c.r.client - [printIfInfoEnabled,60] - [0aa6cc35-3e7e-4c3c-b2f7-cce02fe69f6f] Register server push request handler:com.alibaba.nacos.common.remote.client.RpcClient$ConnectResetRequestHandler
23:57:59.542 [main] INFO  c.a.n.c.r.client - [printIfInfoEnabled,60] - [0aa6cc35-3e7e-4c3c-b2f7-cce02fe69f6f] Register server push request handler:com.alibaba.nacos.common.remote.client.RpcClient$$Lambda$480/0x000000080102cdb0
23:57:59.542 [com.alibaba.nacos.client.remote.worker] INFO  c.a.n.c.r.client - [printIfInfoEnabled,60] - [0aa6cc35-3e7e-4c3c-b2f7-cce02fe69f6f] Notify connected event to listeners.
23:57:59.583 [main] INFO  o.a.c.h.Http11NioProtocol - [log,173] - Starting ProtocolHandler ["http-nio-9203"]
23:57:59.624 [main] INFO  c.a.c.n.r.NacosServiceRegistry - [register,75] - nacos registry, DEFAULT_GROUP cms-job 10.110.28.98:9203 register finished
23:58:00.174 [nacos-grpc-client-executor-11] INFO  c.a.n.c.r.client - [printIfInfoEnabled,60] - [0aa6cc35-3e7e-4c3c-b2f7-cce02fe69f6f] Receive server push request, request = NotifySubscriberRequest, requestId = 75
23:58:00.183 [nacos-grpc-client-executor-11] INFO  c.a.n.c.r.client - [printIfInfoEnabled,60] - [0aa6cc35-3e7e-4c3c-b2f7-cce02fe69f6f] Ack server push request, request = NotifySubscriberRequest, requestId = 75
23:58:00.235 [main] INFO  o.q.c.QuartzScheduler - [start,547] - Scheduler quartzScheduler_$_NON_CLUSTERED started.
23:58:00.268 [main] INFO  c.c.j.CMSJobApplication - [logStarted,61] - Started CMSJobApplication in 20.896 seconds (JVM running for 22.904)
23:58:00.287 [main] INFO  c.a.c.n.r.NacosContextRefresher - [registerNacosListener,129] - [Nacos Config] Listening config: dataId=cms-job-dev.yml, group=DEFAULT_GROUP
23:58:00.288 [main] INFO  c.a.c.n.r.NacosContextRefresher - [registerNacosListener,129] - [Nacos Config] Listening config: dataId=cms-job.yml, group=DEFAULT_GROUP
23:58:00.288 [main] INFO  c.a.c.n.r.NacosContextRefresher - [registerNacosListener,129] - [Nacos Config] Listening config: dataId=cms-job, group=DEFAULT_GROUP
23:58:00.632 [RMI TCP Connection(6)-127.0.0.1] INFO  o.a.c.c.C.[.[.[/] - [log,173] - Initializing Spring DispatcherServlet 'dispatcherServlet'
