23:43:47.637 [SpringApplicationShutdownHook] INFO  o.q.c.QuartzScheduler - [standby,585] - Scheduler quartzScheduler_$_NON_CLUSTERED paused.
23:43:49.396 [SpringApplicationShutdownHook] INFO  c.a.c.n.r.NacosServiceRegistry - [deregister,94] - De-registering from Nacos Server now...
23:43:49.406 [SpringApplicationShutdownHook] INFO  c.a.c.n.r.NacosServiceRegistry - [deregister,114] - De-registration finished.
23:43:49.728 [SpringApplicationShutdownHook] INFO  c.a.n.c.r.client - [shutdown,454] - Shutdown rpc client, set status to shutdown
23:43:49.728 [SpringApplicationShutdownHook] INFO  c.a.n.c.r.client - [shutdown,456] - Shutdown client event executor java.util.concurrent.ScheduledThreadPoolExecutor@79db921b[Running, pool size = 2, active threads = 2, queued tasks = 0, completed tasks = 0]
23:43:49.728 [SpringApplicationShutdownHook] INFO  c.a.n.c.r.client - [closeConnection,591] - Close current connection 1684603092921_127.0.0.1_60051
23:43:49.730 [nacos-grpc-client-executor-45485] INFO  c.a.n.c.r.c.g.GrpcClient - [printIfInfoEnabled,60] - [1684603092921_127.0.0.1_60051]Ignore complete event,isRunning:false,isAbandon=false
23:43:49.747 [SpringApplicationShutdownHook] INFO  c.a.n.c.r.c.g.GrpcClient - [shutdown,85] - Shutdown grpc executor java.util.concurrent.ThreadPoolExecutor@29cbb128[Running, pool size = 4, active threads = 0, queued tasks = 0, completed tasks = 45486]
23:43:49.935 [SpringApplicationShutdownHook] INFO  o.q.c.QuartzScheduler - [shutdown,666] - Scheduler quartzScheduler_$_NON_CLUSTERED shutting down.
23:43:49.935 [SpringApplicationShutdownHook] INFO  o.q.c.QuartzScheduler - [standby,585] - Scheduler quartzScheduler_$_NON_CLUSTERED paused.
23:43:49.936 [SpringApplicationShutdownHook] INFO  o.q.c.QuartzScheduler - [shutdown,740] - Scheduler quartzScheduler_$_NON_CLUSTERED shutdown complete.
23:43:49.941 [SpringApplicationShutdownHook] INFO  c.z.h.HikariDataSource - [close,350] - HikariPool-1 - Shutdown initiated...
23:43:49.955 [SpringApplicationShutdownHook] INFO  c.z.h.HikariDataSource - [close,352] - HikariPool-1 - Shutdown completed.
23:44:15.343 [background-preinit] INFO  o.h.v.i.util.Version - [<clinit>,21] - HV000001: Hibernate Validator 6.2.5.Final
23:44:15.930 [main] INFO  c.a.n.c.r.client - [lambda$createClient$0,80] - [RpcClientFactory] create a new rpc client of e06a2fc7-9fe0-4d43-a7f8-4bdf1c6161d4_config-0
23:44:15.973 [main] INFO  o.r.Reflections - [scan,232] - Reflections took 28 ms to scan 1 urls, producing 3 keys and 6 values 
23:44:16.000 [main] INFO  o.r.Reflections - [scan,232] - Reflections took 16 ms to scan 1 urls, producing 4 keys and 9 values 
23:44:16.019 [main] INFO  o.r.Reflections - [scan,232] - Reflections took 16 ms to scan 1 urls, producing 3 keys and 10 values 
23:44:16.037 [main] INFO  o.r.Reflections - [scan,232] - Reflections took 14 ms to scan 1 urls, producing 1 keys and 5 values 
23:44:16.057 [main] INFO  o.r.Reflections - [scan,232] - Reflections took 16 ms to scan 1 urls, producing 1 keys and 7 values 
23:44:16.074 [main] INFO  o.r.Reflections - [scan,232] - Reflections took 16 ms to scan 1 urls, producing 2 keys and 8 values 
23:44:16.080 [main] INFO  c.a.n.c.r.client - [printIfInfoEnabled,60] - [e06a2fc7-9fe0-4d43-a7f8-4bdf1c6161d4_config-0] RpcClient init label, labels = {module=config, Vipserver-Tag=null, source=sdk, Amory-Tag=null, Location-Tag=null, taskId=0, AppName=unknown}
23:44:16.080 [main] INFO  c.a.n.c.r.client - [printIfInfoEnabled,60] - [e06a2fc7-9fe0-4d43-a7f8-4bdf1c6161d4_config-0] Register server push request handler:com.alibaba.nacos.client.config.impl.ClientWorker$ConfigRpcTransportClient$$Lambda$468/0x0000000800f1d100
23:44:16.081 [main] INFO  c.a.n.c.r.client - [printIfInfoEnabled,60] - [e06a2fc7-9fe0-4d43-a7f8-4bdf1c6161d4_config-0] Register server push request handler:com.alibaba.nacos.client.config.impl.ClientWorker$ConfigRpcTransportClient$$Lambda$469/0x0000000800f1d328
23:44:16.081 [main] INFO  c.a.n.c.r.client - [printIfInfoEnabled,60] - [e06a2fc7-9fe0-4d43-a7f8-4bdf1c6161d4_config-0] Registry connection listener to current client:com.alibaba.nacos.client.config.impl.ClientWorker$ConfigRpcTransportClient$1
23:44:16.082 [main] INFO  c.a.n.c.r.client - [printIfInfoEnabled,60] - [e06a2fc7-9fe0-4d43-a7f8-4bdf1c6161d4_config-0] RpcClient init, ServerListFactory = com.alibaba.nacos.client.config.impl.ClientWorker$ConfigRpcTransportClient$2
23:44:16.090 [main] INFO  c.a.n.c.r.client - [printIfInfoEnabled,60] - [e06a2fc7-9fe0-4d43-a7f8-4bdf1c6161d4_config-0] Try to connect to server on start up, server: {serverIp = '127.0.0.1', server main port = 8848}
23:44:16.751 [main] INFO  c.a.n.c.r.client - [printIfInfoEnabled,60] - [e06a2fc7-9fe0-4d43-a7f8-4bdf1c6161d4_config-0] Success to connect to server [127.0.0.1:8848] on start up, connectionId = 1684943056538_127.0.0.1_62250
23:44:16.751 [com.alibaba.nacos.client.remote.worker] INFO  c.a.n.c.r.client - [printIfInfoEnabled,60] - [e06a2fc7-9fe0-4d43-a7f8-4bdf1c6161d4_config-0] Notify connected event to listeners.
23:44:16.751 [main] INFO  c.a.n.c.r.client - [printIfInfoEnabled,60] - [e06a2fc7-9fe0-4d43-a7f8-4bdf1c6161d4_config-0] Register server push request handler:com.alibaba.nacos.common.remote.client.RpcClient$ConnectResetRequestHandler
23:44:16.752 [main] INFO  c.a.n.c.r.client - [printIfInfoEnabled,60] - [e06a2fc7-9fe0-4d43-a7f8-4bdf1c6161d4_config-0] Register server push request handler:com.alibaba.nacos.common.remote.client.RpcClient$$Lambda$480/0x0000000801024db0
23:44:16.822 [main] INFO  c.c.j.RuoYiJobApplication - [logStartupProfileInfo,637] - The following 1 profile is active: "dev"
23:44:19.388 [main] INFO  o.a.c.h.Http11NioProtocol - [log,173] - Initializing ProtocolHandler ["http-nio-9203"]
23:44:19.388 [main] INFO  o.a.c.c.StandardService - [log,173] - Starting service [Tomcat]
23:44:19.388 [main] INFO  o.a.c.c.StandardEngine - [log,173] - Starting Servlet engine: [Apache Tomcat/9.0.70]
23:44:19.527 [main] INFO  o.a.c.c.C.[.[.[/] - [log,173] - Initializing Spring embedded WebApplicationContext
23:44:19.894 [main] INFO  o.q.i.StdSchedulerFactory - [instantiate,1220] - Using default implementation for ThreadExecutor
23:44:19.907 [main] INFO  o.q.c.SchedulerSignalerImpl - [<init>,61] - Initialized Scheduler Signaller of type: class org.quartz.core.SchedulerSignalerImpl
23:44:19.908 [main] INFO  o.q.c.QuartzScheduler - [<init>,229] - Quartz Scheduler v.2.3.2 created.
23:44:19.908 [main] INFO  o.q.s.RAMJobStore - [initialize,155] - RAMJobStore initialized.
23:44:19.909 [main] INFO  o.q.c.QuartzScheduler - [initialize,294] - Scheduler meta-data: Quartz Scheduler (v2.3.2) 'quartzScheduler' with instanceId 'NON_CLUSTERED'
  Scheduler class: 'org.quartz.core.QuartzScheduler' - running locally.
  NOT STARTED.
  Currently in standby mode.
  Number of jobs executed: 0
  Using thread pool 'org.quartz.simpl.SimpleThreadPool' - with 10 threads.
  Using job-store 'org.quartz.simpl.RAMJobStore' - which does not support persistence. and is not clustered.

23:44:19.909 [main] INFO  o.q.i.StdSchedulerFactory - [instantiate,1374] - Quartz scheduler 'quartzScheduler' initialized from an externally provided properties instance.
23:44:19.909 [main] INFO  o.q.i.StdSchedulerFactory - [instantiate,1378] - Quartz scheduler version: 2.3.2
23:44:19.909 [main] INFO  o.q.c.QuartzScheduler - [setJobFactory,2293] - JobFactory set to: org.springframework.scheduling.quartz.SpringBeanJobFactory@55c8fc60
23:44:20.357 [main] INFO  c.z.h.HikariDataSource - [getConnection,110] - HikariPool-1 - Starting...
23:44:20.754 [main] INFO  c.z.h.HikariDataSource - [getConnection,123] - HikariPool-1 - Start completed.
23:44:21.337 [main] INFO  c.a.c.s.SentinelWebMvcConfigurer - [addInterceptors,52] - [Sentinel Starter] register SentinelWebInterceptor with urlPatterns: [/**].
23:44:23.307 [main] INFO  c.a.n.c.r.client - [lambda$createClient$0,80] - [RpcClientFactory] create a new rpc client of 7518d421-a62a-4297-9f7b-cb55e609a460
23:44:23.308 [main] INFO  c.a.n.c.r.client - [printIfInfoEnabled,60] - [7518d421-a62a-4297-9f7b-cb55e609a460] RpcClient init label, labels = {module=naming, source=sdk}
23:44:23.309 [main] INFO  c.a.n.c.r.client - [printIfInfoEnabled,60] - [7518d421-a62a-4297-9f7b-cb55e609a460] RpcClient init, ServerListFactory = com.alibaba.nacos.client.naming.core.ServerListManager
23:44:23.310 [main] INFO  c.a.n.c.r.client - [printIfInfoEnabled,60] - [7518d421-a62a-4297-9f7b-cb55e609a460] Registry connection listener to current client:com.alibaba.nacos.client.naming.remote.gprc.redo.NamingGrpcRedoService
23:44:23.310 [main] INFO  c.a.n.c.r.client - [printIfInfoEnabled,60] - [7518d421-a62a-4297-9f7b-cb55e609a460] Register server push request handler:com.alibaba.nacos.client.naming.remote.gprc.NamingPushRequestHandler
23:44:23.311 [main] INFO  c.a.n.c.r.client - [printIfInfoEnabled,60] - [7518d421-a62a-4297-9f7b-cb55e609a460] Try to connect to server on start up, server: {serverIp = '127.0.0.1', server main port = 8848}
23:44:23.454 [main] INFO  c.a.n.c.r.client - [printIfInfoEnabled,60] - [7518d421-a62a-4297-9f7b-cb55e609a460] Success to connect to server [127.0.0.1:8848] on start up, connectionId = 1684943063328_127.0.0.1_62269
23:44:23.454 [main] INFO  c.a.n.c.r.client - [printIfInfoEnabled,60] - [7518d421-a62a-4297-9f7b-cb55e609a460] Register server push request handler:com.alibaba.nacos.common.remote.client.RpcClient$ConnectResetRequestHandler
23:44:23.455 [com.alibaba.nacos.client.remote.worker] INFO  c.a.n.c.r.client - [printIfInfoEnabled,60] - [7518d421-a62a-4297-9f7b-cb55e609a460] Notify connected event to listeners.
23:44:23.455 [main] INFO  c.a.n.c.r.client - [printIfInfoEnabled,60] - [7518d421-a62a-4297-9f7b-cb55e609a460] Register server push request handler:com.alibaba.nacos.common.remote.client.RpcClient$$Lambda$480/0x0000000801024db0
23:44:23.505 [main] INFO  o.a.c.h.Http11NioProtocol - [log,173] - Starting ProtocolHandler ["http-nio-9203"]
23:44:23.529 [main] INFO  c.a.c.n.r.NacosServiceRegistry - [register,75] - nacos registry, DEFAULT_GROUP cms-job 192.168.1.4:9203 register finished
23:44:23.791 [main] INFO  o.q.c.QuartzScheduler - [start,547] - Scheduler quartzScheduler_$_NON_CLUSTERED started.
23:44:23.808 [main] INFO  c.c.j.RuoYiJobApplication - [logStarted,61] - Started RuoYiJobApplication in 9.778 seconds (JVM running for 11.123)
23:44:23.817 [main] INFO  c.a.c.n.r.NacosContextRefresher - [registerNacosListener,129] - [Nacos Config] Listening config: dataId=cms-job-dev.yml, group=DEFAULT_GROUP
23:44:23.817 [main] INFO  c.a.c.n.r.NacosContextRefresher - [registerNacosListener,129] - [Nacos Config] Listening config: dataId=cms-job.yml, group=DEFAULT_GROUP
23:44:23.817 [main] INFO  c.a.c.n.r.NacosContextRefresher - [registerNacosListener,129] - [Nacos Config] Listening config: dataId=cms-job, group=DEFAULT_GROUP
23:44:24.069 [nacos-grpc-client-executor-9] INFO  c.a.n.c.r.client - [printIfInfoEnabled,60] - [7518d421-a62a-4297-9f7b-cb55e609a460] Receive server push request, request = NotifySubscriberRequest, requestId = 109
23:44:24.074 [RMI TCP Connection(2)-192.168.1.4] INFO  o.a.c.c.C.[.[.[/] - [log,173] - Initializing Spring DispatcherServlet 'dispatcherServlet'
23:44:24.075 [nacos-grpc-client-executor-9] INFO  c.a.n.c.r.client - [printIfInfoEnabled,60] - [7518d421-a62a-4297-9f7b-cb55e609a460] Ack server push request, request = NotifySubscriberRequest, requestId = 109
23:44:40.739 [SpringApplicationShutdownHook] INFO  o.q.c.QuartzScheduler - [standby,585] - Scheduler quartzScheduler_$_NON_CLUSTERED paused.
23:44:40.764 [SpringApplicationShutdownHook] INFO  c.a.c.n.r.NacosServiceRegistry - [deregister,94] - De-registering from Nacos Server now...
23:44:40.768 [SpringApplicationShutdownHook] INFO  c.a.c.n.r.NacosServiceRegistry - [deregister,114] - De-registration finished.
23:44:41.082 [SpringApplicationShutdownHook] INFO  c.a.n.c.r.client - [shutdown,454] - Shutdown rpc client, set status to shutdown
23:44:41.082 [SpringApplicationShutdownHook] INFO  c.a.n.c.r.client - [shutdown,456] - Shutdown client event executor java.util.concurrent.ScheduledThreadPoolExecutor@396025be[Running, pool size = 2, active threads = 2, queued tasks = 0, completed tasks = 0]
23:44:41.082 [SpringApplicationShutdownHook] INFO  c.a.n.c.r.client - [closeConnection,591] - Close current connection 1684943063328_127.0.0.1_62269
23:44:41.085 [nacos-grpc-client-executor-19] INFO  c.a.n.c.r.c.g.GrpcClient - [printIfInfoEnabled,60] - [1684943063328_127.0.0.1_62269]Ignore complete event,isRunning:false,isAbandon=false
23:44:41.086 [SpringApplicationShutdownHook] INFO  c.a.n.c.r.c.g.GrpcClient - [shutdown,85] - Shutdown grpc executor java.util.concurrent.ThreadPoolExecutor@5c70a84f[Running, pool size = 8, active threads = 0, queued tasks = 0, completed tasks = 20]
23:44:41.222 [SpringApplicationShutdownHook] INFO  o.q.c.QuartzScheduler - [shutdown,666] - Scheduler quartzScheduler_$_NON_CLUSTERED shutting down.
23:44:41.222 [SpringApplicationShutdownHook] INFO  o.q.c.QuartzScheduler - [standby,585] - Scheduler quartzScheduler_$_NON_CLUSTERED paused.
23:44:41.222 [SpringApplicationShutdownHook] INFO  o.q.c.QuartzScheduler - [shutdown,740] - Scheduler quartzScheduler_$_NON_CLUSTERED shutdown complete.
23:44:41.224 [SpringApplicationShutdownHook] INFO  c.z.h.HikariDataSource - [close,350] - HikariPool-1 - Shutdown initiated...
23:44:41.231 [SpringApplicationShutdownHook] INFO  c.z.h.HikariDataSource - [close,352] - HikariPool-1 - Shutdown completed.
23:45:02.663 [background-preinit] INFO  o.h.v.i.util.Version - [<clinit>,21] - HV000001: Hibernate Validator 6.2.5.Final
23:45:03.166 [main] INFO  c.a.n.c.r.client - [lambda$createClient$0,80] - [RpcClientFactory] create a new rpc client of 07dffa06-3fc5-4342-b198-7a49175ff173_config-0
23:45:03.209 [main] INFO  o.r.Reflections - [scan,232] - Reflections took 29 ms to scan 1 urls, producing 3 keys and 6 values 
23:45:03.238 [main] INFO  o.r.Reflections - [scan,232] - Reflections took 17 ms to scan 1 urls, producing 4 keys and 9 values 
23:45:03.254 [main] INFO  o.r.Reflections - [scan,232] - Reflections took 14 ms to scan 1 urls, producing 3 keys and 10 values 
23:45:03.273 [main] INFO  o.r.Reflections - [scan,232] - Reflections took 15 ms to scan 1 urls, producing 1 keys and 5 values 
23:45:03.289 [main] INFO  o.r.Reflections - [scan,232] - Reflections took 14 ms to scan 1 urls, producing 1 keys and 7 values 
23:45:03.305 [main] INFO  o.r.Reflections - [scan,232] - Reflections took 12 ms to scan 1 urls, producing 2 keys and 8 values 
23:45:03.308 [main] INFO  c.a.n.c.r.client - [printIfInfoEnabled,60] - [07dffa06-3fc5-4342-b198-7a49175ff173_config-0] RpcClient init label, labels = {module=config, Vipserver-Tag=null, source=sdk, Amory-Tag=null, Location-Tag=null, taskId=0, AppName=unknown}
23:45:03.308 [main] INFO  c.a.n.c.r.client - [printIfInfoEnabled,60] - [07dffa06-3fc5-4342-b198-7a49175ff173_config-0] Register server push request handler:com.alibaba.nacos.client.config.impl.ClientWorker$ConfigRpcTransportClient$$Lambda$468/0x0000000800f1cea8
23:45:03.309 [main] INFO  c.a.n.c.r.client - [printIfInfoEnabled,60] - [07dffa06-3fc5-4342-b198-7a49175ff173_config-0] Register server push request handler:com.alibaba.nacos.client.config.impl.ClientWorker$ConfigRpcTransportClient$$Lambda$469/0x0000000800f1d0d0
23:45:03.309 [main] INFO  c.a.n.c.r.client - [printIfInfoEnabled,60] - [07dffa06-3fc5-4342-b198-7a49175ff173_config-0] Registry connection listener to current client:com.alibaba.nacos.client.config.impl.ClientWorker$ConfigRpcTransportClient$1
23:45:03.310 [main] INFO  c.a.n.c.r.client - [printIfInfoEnabled,60] - [07dffa06-3fc5-4342-b198-7a49175ff173_config-0] RpcClient init, ServerListFactory = com.alibaba.nacos.client.config.impl.ClientWorker$ConfigRpcTransportClient$2
23:45:03.317 [main] INFO  c.a.n.c.r.client - [printIfInfoEnabled,60] - [07dffa06-3fc5-4342-b198-7a49175ff173_config-0] Try to connect to server on start up, server: {serverIp = '127.0.0.1', server main port = 8848}
23:45:04.086 [main] INFO  c.a.n.c.r.client - [printIfInfoEnabled,60] - [07dffa06-3fc5-4342-b198-7a49175ff173_config-0] Success to connect to server [127.0.0.1:8848] on start up, connectionId = 1684943103773_127.0.0.1_62335
23:45:04.087 [com.alibaba.nacos.client.remote.worker] INFO  c.a.n.c.r.client - [printIfInfoEnabled,60] - [07dffa06-3fc5-4342-b198-7a49175ff173_config-0] Notify connected event to listeners.
23:45:04.087 [main] INFO  c.a.n.c.r.client - [printIfInfoEnabled,60] - [07dffa06-3fc5-4342-b198-7a49175ff173_config-0] Register server push request handler:com.alibaba.nacos.common.remote.client.RpcClient$ConnectResetRequestHandler
23:45:04.089 [main] INFO  c.a.n.c.r.client - [printIfInfoEnabled,60] - [07dffa06-3fc5-4342-b198-7a49175ff173_config-0] Register server push request handler:com.alibaba.nacos.common.remote.client.RpcClient$$Lambda$480/0x0000000801024ba8
23:45:04.224 [main] INFO  c.c.j.RuoYiJobApplication - [logStartupProfileInfo,637] - The following 1 profile is active: "dev"
23:45:07.903 [main] INFO  o.a.c.h.Http11NioProtocol - [log,173] - Initializing ProtocolHandler ["http-nio-9203"]
23:45:07.904 [main] INFO  o.a.c.c.StandardService - [log,173] - Starting service [Tomcat]
23:45:07.904 [main] INFO  o.a.c.c.StandardEngine - [log,173] - Starting Servlet engine: [Apache Tomcat/9.0.70]
23:45:08.174 [main] INFO  o.a.c.c.C.[.[.[/] - [log,173] - Initializing Spring embedded WebApplicationContext
23:45:09.138 [main] INFO  o.q.i.StdSchedulerFactory - [instantiate,1220] - Using default implementation for ThreadExecutor
23:45:09.163 [main] INFO  o.q.c.SchedulerSignalerImpl - [<init>,61] - Initialized Scheduler Signaller of type: class org.quartz.core.SchedulerSignalerImpl
23:45:09.163 [main] INFO  o.q.c.QuartzScheduler - [<init>,229] - Quartz Scheduler v.2.3.2 created.
23:45:09.164 [main] INFO  o.q.s.RAMJobStore - [initialize,155] - RAMJobStore initialized.
23:45:09.165 [main] INFO  o.q.c.QuartzScheduler - [initialize,294] - Scheduler meta-data: Quartz Scheduler (v2.3.2) 'quartzScheduler' with instanceId 'NON_CLUSTERED'
  Scheduler class: 'org.quartz.core.QuartzScheduler' - running locally.
  NOT STARTED.
  Currently in standby mode.
  Number of jobs executed: 0
  Using thread pool 'org.quartz.simpl.SimpleThreadPool' - with 10 threads.
  Using job-store 'org.quartz.simpl.RAMJobStore' - which does not support persistence. and is not clustered.

23:45:09.166 [main] INFO  o.q.i.StdSchedulerFactory - [instantiate,1374] - Quartz scheduler 'quartzScheduler' initialized from an externally provided properties instance.
23:45:09.166 [main] INFO  o.q.i.StdSchedulerFactory - [instantiate,1378] - Quartz scheduler version: 2.3.2
23:45:09.166 [main] INFO  o.q.c.QuartzScheduler - [setJobFactory,2293] - JobFactory set to: org.springframework.scheduling.quartz.SpringBeanJobFactory@efa04b5
23:45:09.691 [main] INFO  c.z.h.HikariDataSource - [getConnection,110] - HikariPool-1 - Starting...
23:45:10.064 [main] INFO  c.z.h.HikariDataSource - [getConnection,123] - HikariPool-1 - Start completed.
23:45:10.770 [main] INFO  c.a.c.s.SentinelWebMvcConfigurer - [addInterceptors,52] - [Sentinel Starter] register SentinelWebInterceptor with urlPatterns: [/**].
23:45:12.571 [main] INFO  c.a.n.c.r.client - [lambda$createClient$0,80] - [RpcClientFactory] create a new rpc client of f41927a0-e65f-451a-ac0f-66f83ed1366a
23:45:12.572 [main] INFO  c.a.n.c.r.client - [printIfInfoEnabled,60] - [f41927a0-e65f-451a-ac0f-66f83ed1366a] RpcClient init label, labels = {module=naming, source=sdk}
23:45:12.574 [main] INFO  c.a.n.c.r.client - [printIfInfoEnabled,60] - [f41927a0-e65f-451a-ac0f-66f83ed1366a] RpcClient init, ServerListFactory = com.alibaba.nacos.client.naming.core.ServerListManager
23:45:12.574 [main] INFO  c.a.n.c.r.client - [printIfInfoEnabled,60] - [f41927a0-e65f-451a-ac0f-66f83ed1366a] Registry connection listener to current client:com.alibaba.nacos.client.naming.remote.gprc.redo.NamingGrpcRedoService
23:45:12.575 [main] INFO  c.a.n.c.r.client - [printIfInfoEnabled,60] - [f41927a0-e65f-451a-ac0f-66f83ed1366a] Register server push request handler:com.alibaba.nacos.client.naming.remote.gprc.NamingPushRequestHandler
23:45:12.575 [main] INFO  c.a.n.c.r.client - [printIfInfoEnabled,60] - [f41927a0-e65f-451a-ac0f-66f83ed1366a] Try to connect to server on start up, server: {serverIp = '127.0.0.1', server main port = 8848}
23:45:12.707 [main] INFO  c.a.n.c.r.client - [printIfInfoEnabled,60] - [f41927a0-e65f-451a-ac0f-66f83ed1366a] Success to connect to server [127.0.0.1:8848] on start up, connectionId = 1684943112588_127.0.0.1_62373
23:45:12.708 [main] INFO  c.a.n.c.r.client - [printIfInfoEnabled,60] - [f41927a0-e65f-451a-ac0f-66f83ed1366a] Register server push request handler:com.alibaba.nacos.common.remote.client.RpcClient$ConnectResetRequestHandler
23:45:12.708 [com.alibaba.nacos.client.remote.worker] INFO  c.a.n.c.r.client - [printIfInfoEnabled,60] - [f41927a0-e65f-451a-ac0f-66f83ed1366a] Notify connected event to listeners.
23:45:12.708 [main] INFO  c.a.n.c.r.client - [printIfInfoEnabled,60] - [f41927a0-e65f-451a-ac0f-66f83ed1366a] Register server push request handler:com.alibaba.nacos.common.remote.client.RpcClient$$Lambda$480/0x0000000801024ba8
23:45:12.740 [main] INFO  o.a.c.h.Http11NioProtocol - [log,173] - Starting ProtocolHandler ["http-nio-9203"]
23:45:12.766 [main] INFO  c.a.c.n.r.NacosServiceRegistry - [register,75] - nacos registry, DEFAULT_GROUP cms-job 192.168.1.4:9203 register finished
23:45:13.051 [main] INFO  o.q.c.QuartzScheduler - [start,547] - Scheduler quartzScheduler_$_NON_CLUSTERED started.
23:45:13.074 [main] INFO  c.c.j.RuoYiJobApplication - [logStarted,61] - Started RuoYiJobApplication in 11.193 seconds (JVM running for 12.312)
23:45:13.083 [main] INFO  c.a.c.n.r.NacosContextRefresher - [registerNacosListener,129] - [Nacos Config] Listening config: dataId=cms-job-dev.yml, group=DEFAULT_GROUP
23:45:13.084 [main] INFO  c.a.c.n.r.NacosContextRefresher - [registerNacosListener,129] - [Nacos Config] Listening config: dataId=cms-job.yml, group=DEFAULT_GROUP
23:45:13.084 [main] INFO  c.a.c.n.r.NacosContextRefresher - [registerNacosListener,129] - [Nacos Config] Listening config: dataId=cms-job, group=DEFAULT_GROUP
23:45:13.303 [nacos-grpc-client-executor-8] INFO  c.a.n.c.r.client - [printIfInfoEnabled,60] - [f41927a0-e65f-451a-ac0f-66f83ed1366a] Receive server push request, request = NotifySubscriberRequest, requestId = 131
23:45:13.306 [nacos-grpc-client-executor-8] INFO  c.a.n.c.r.client - [printIfInfoEnabled,60] - [f41927a0-e65f-451a-ac0f-66f83ed1366a] Ack server push request, request = NotifySubscriberRequest, requestId = 131
23:45:13.360 [RMI TCP Connection(7)-192.168.1.4] INFO  o.a.c.c.C.[.[.[/] - [log,173] - Initializing Spring DispatcherServlet 'dispatcherServlet'
