01:01:59.658 [SpringApplicationShutdownHook] INFO  o.q.c.QuartzScheduler - [standby,585] - Scheduler quartzScheduler_$_NON_CLUSTERED paused.
01:02:00.736 [SpringApplicationShutdownHook] INFO  c.a.c.n.r.NacosServiceRegistry - [deregister,94] - De-registering from Nacos Server now...
01:02:00.740 [SpringApplicationShutdownHook] INFO  c.a.c.n.r.NacosServiceRegistry - [deregister,114] - De-registration finished.
01:02:01.053 [SpringApplicationShutdownHook] INFO  c.a.n.c.r.client - [shutdown,454] - Shutdown rpc client, set status to shutdown
01:02:01.054 [SpringApplicationShutdownHook] INFO  c.a.n.c.r.client - [shutdown,456] - Shutdown client event executor java.util.concurrent.ScheduledThreadPoolExecutor@5da18c2c[Running, pool size = 2, active threads = 2, queued tasks = 0, completed tasks = 0]
01:02:01.054 [SpringApplicationShutdownHook] INFO  c.a.n.c.r.client - [closeConnection,591] - Close current connection 1684076055640_127.0.0.1_61831
01:02:01.058 [nacos-grpc-client-executor-1793] INFO  c.a.n.c.r.c.g.GrpcClient - [printIfInfoEnabled,60] - [1684076055640_127.0.0.1_61831]Ignore complete event,isRunning:false,isAbandon=false
01:02:01.066 [SpringApplicationShutdownHook] INFO  c.a.n.c.r.c.g.GrpcClient - [shutdown,85] - Shutdown grpc executor java.util.concurrent.ThreadPoolExecutor@20ecfb1a[Running, pool size = 4, active threads = 0, queued tasks = 0, completed tasks = 1794]
01:02:01.223 [SpringApplicationShutdownHook] INFO  o.q.c.QuartzScheduler - [shutdown,666] - Scheduler quartzScheduler_$_NON_CLUSTERED shutting down.
01:02:01.223 [SpringApplicationShutdownHook] INFO  o.q.c.QuartzScheduler - [standby,585] - Scheduler quartzScheduler_$_NON_CLUSTERED paused.
01:02:01.224 [SpringApplicationShutdownHook] INFO  o.q.c.QuartzScheduler - [shutdown,740] - Scheduler quartzScheduler_$_NON_CLUSTERED shutdown complete.
01:02:01.226 [SpringApplicationShutdownHook] INFO  c.z.h.HikariDataSource - [close,350] - HikariPool-1 - Shutdown initiated...
01:02:01.234 [SpringApplicationShutdownHook] INFO  c.z.h.HikariDataSource - [close,352] - HikariPool-1 - Shutdown completed.
01:02:22.091 [background-preinit] INFO  o.h.v.i.util.Version - [<clinit>,21] - HV000001: Hibernate Validator 6.2.5.Final
01:02:22.802 [main] INFO  c.a.n.c.r.client - [lambda$createClient$0,80] - [RpcClientFactory] create a new rpc client of ae0e4d21-80a8-496a-aa88-738fd015c719_config-0
01:02:22.879 [main] INFO  o.r.Reflections - [scan,232] - Reflections took 55 ms to scan 1 urls, producing 3 keys and 6 values 
01:02:22.947 [main] INFO  o.r.Reflections - [scan,232] - Reflections took 37 ms to scan 1 urls, producing 4 keys and 9 values 
01:02:22.979 [main] INFO  o.r.Reflections - [scan,232] - Reflections took 24 ms to scan 1 urls, producing 3 keys and 10 values 
01:02:23.007 [main] INFO  o.r.Reflections - [scan,232] - Reflections took 21 ms to scan 1 urls, producing 1 keys and 5 values 
01:02:23.053 [main] INFO  o.r.Reflections - [scan,232] - Reflections took 41 ms to scan 1 urls, producing 1 keys and 7 values 
01:02:23.073 [main] INFO  o.r.Reflections - [scan,232] - Reflections took 16 ms to scan 1 urls, producing 2 keys and 8 values 
01:02:23.079 [main] INFO  c.a.n.c.r.client - [printIfInfoEnabled,60] - [ae0e4d21-80a8-496a-aa88-738fd015c719_config-0] RpcClient init label, labels = {module=config, Vipserver-Tag=null, source=sdk, Amory-Tag=null, Location-Tag=null, taskId=0, AppName=unknown}
01:02:23.081 [main] INFO  c.a.n.c.r.client - [printIfInfoEnabled,60] - [ae0e4d21-80a8-496a-aa88-738fd015c719_config-0] Register server push request handler:com.alibaba.nacos.client.config.impl.ClientWorker$ConfigRpcTransportClient$$Lambda$468/0x0000000800f3c008
01:02:23.082 [main] INFO  c.a.n.c.r.client - [printIfInfoEnabled,60] - [ae0e4d21-80a8-496a-aa88-738fd015c719_config-0] Register server push request handler:com.alibaba.nacos.client.config.impl.ClientWorker$ConfigRpcTransportClient$$Lambda$469/0x0000000800f3c230
01:02:23.083 [main] INFO  c.a.n.c.r.client - [printIfInfoEnabled,60] - [ae0e4d21-80a8-496a-aa88-738fd015c719_config-0] Registry connection listener to current client:com.alibaba.nacos.client.config.impl.ClientWorker$ConfigRpcTransportClient$1
01:02:23.084 [main] INFO  c.a.n.c.r.client - [printIfInfoEnabled,60] - [ae0e4d21-80a8-496a-aa88-738fd015c719_config-0] RpcClient init, ServerListFactory = com.alibaba.nacos.client.config.impl.ClientWorker$ConfigRpcTransportClient$2
01:02:23.099 [main] INFO  c.a.n.c.r.client - [printIfInfoEnabled,60] - [ae0e4d21-80a8-496a-aa88-738fd015c719_config-0] Try to connect to server on start up, server: {serverIp = '127.0.0.1', server main port = 8848}
01:02:24.095 [main] INFO  c.a.n.c.r.client - [printIfInfoEnabled,60] - [ae0e4d21-80a8-496a-aa88-738fd015c719_config-0] Success to connect to server [127.0.0.1:8848] on start up, connectionId = 1684083743657_127.0.0.1_51317
01:02:24.096 [com.alibaba.nacos.client.remote.worker] INFO  c.a.n.c.r.client - [printIfInfoEnabled,60] - [ae0e4d21-80a8-496a-aa88-738fd015c719_config-0] Notify connected event to listeners.
01:02:24.096 [main] INFO  c.a.n.c.r.client - [printIfInfoEnabled,60] - [ae0e4d21-80a8-496a-aa88-738fd015c719_config-0] Register server push request handler:com.alibaba.nacos.common.remote.client.RpcClient$ConnectResetRequestHandler
01:02:24.096 [main] INFO  c.a.n.c.r.client - [printIfInfoEnabled,60] - [ae0e4d21-80a8-496a-aa88-738fd015c719_config-0] Register server push request handler:com.alibaba.nacos.common.remote.client.RpcClient$$Lambda$480/0x000000080103c290
01:02:24.214 [main] INFO  c.c.j.RuoYiJobApplication - [logStartupProfileInfo,637] - The following 1 profile is active: "dev"
01:02:28.481 [main] INFO  o.a.c.h.Http11NioProtocol - [log,173] - Initializing ProtocolHandler ["http-nio-9203"]
01:02:28.482 [main] INFO  o.a.c.c.StandardService - [log,173] - Starting service [Tomcat]
01:02:28.482 [main] INFO  o.a.c.c.StandardEngine - [log,173] - Starting Servlet engine: [Apache Tomcat/9.0.70]
01:02:28.672 [main] INFO  o.a.c.c.C.[.[.[/] - [log,173] - Initializing Spring embedded WebApplicationContext
01:02:29.295 [main] INFO  o.q.i.StdSchedulerFactory - [instantiate,1220] - Using default implementation for ThreadExecutor
01:02:29.312 [main] INFO  o.q.c.SchedulerSignalerImpl - [<init>,61] - Initialized Scheduler Signaller of type: class org.quartz.core.SchedulerSignalerImpl
01:02:29.312 [main] INFO  o.q.c.QuartzScheduler - [<init>,229] - Quartz Scheduler v.2.3.2 created.
01:02:29.313 [main] INFO  o.q.s.RAMJobStore - [initialize,155] - RAMJobStore initialized.
01:02:29.314 [main] INFO  o.q.c.QuartzScheduler - [initialize,294] - Scheduler meta-data: Quartz Scheduler (v2.3.2) 'quartzScheduler' with instanceId 'NON_CLUSTERED'
  Scheduler class: 'org.quartz.core.QuartzScheduler' - running locally.
  NOT STARTED.
  Currently in standby mode.
  Number of jobs executed: 0
  Using thread pool 'org.quartz.simpl.SimpleThreadPool' - with 10 threads.
  Using job-store 'org.quartz.simpl.RAMJobStore' - which does not support persistence. and is not clustered.

01:02:29.314 [main] INFO  o.q.i.StdSchedulerFactory - [instantiate,1374] - Quartz scheduler 'quartzScheduler' initialized from an externally provided properties instance.
01:02:29.314 [main] INFO  o.q.i.StdSchedulerFactory - [instantiate,1378] - Quartz scheduler version: 2.3.2
01:02:29.314 [main] INFO  o.q.c.QuartzScheduler - [setJobFactory,2293] - JobFactory set to: org.springframework.scheduling.quartz.SpringBeanJobFactory@38093ffe
01:02:29.692 [main] INFO  c.z.h.HikariDataSource - [getConnection,110] - HikariPool-1 - Starting...
01:02:30.104 [main] INFO  c.z.h.HikariDataSource - [getConnection,123] - HikariPool-1 - Start completed.
01:02:30.975 [main] INFO  c.a.c.s.SentinelWebMvcConfigurer - [addInterceptors,52] - [Sentinel Starter] register SentinelWebInterceptor with urlPatterns: [/**].
01:02:34.579 [main] INFO  c.a.n.c.r.client - [lambda$createClient$0,80] - [RpcClientFactory] create a new rpc client of 0785e01d-ce6b-415b-8945-88161a93fa28
01:02:34.580 [main] INFO  c.a.n.c.r.client - [printIfInfoEnabled,60] - [0785e01d-ce6b-415b-8945-88161a93fa28] RpcClient init label, labels = {module=naming, source=sdk}
01:02:34.581 [main] INFO  c.a.n.c.r.client - [printIfInfoEnabled,60] - [0785e01d-ce6b-415b-8945-88161a93fa28] RpcClient init, ServerListFactory = com.alibaba.nacos.client.naming.core.ServerListManager
01:02:34.581 [main] INFO  c.a.n.c.r.client - [printIfInfoEnabled,60] - [0785e01d-ce6b-415b-8945-88161a93fa28] Registry connection listener to current client:com.alibaba.nacos.client.naming.remote.gprc.redo.NamingGrpcRedoService
01:02:34.581 [main] INFO  c.a.n.c.r.client - [printIfInfoEnabled,60] - [0785e01d-ce6b-415b-8945-88161a93fa28] Register server push request handler:com.alibaba.nacos.client.naming.remote.gprc.NamingPushRequestHandler
01:02:34.582 [main] INFO  c.a.n.c.r.client - [printIfInfoEnabled,60] - [0785e01d-ce6b-415b-8945-88161a93fa28] Try to connect to server on start up, server: {serverIp = '127.0.0.1', server main port = 8848}
01:02:34.715 [main] INFO  c.a.n.c.r.client - [printIfInfoEnabled,60] - [0785e01d-ce6b-415b-8945-88161a93fa28] Success to connect to server [127.0.0.1:8848] on start up, connectionId = 1684083754595_127.0.0.1_51372
01:02:34.715 [main] INFO  c.a.n.c.r.client - [printIfInfoEnabled,60] - [0785e01d-ce6b-415b-8945-88161a93fa28] Register server push request handler:com.alibaba.nacos.common.remote.client.RpcClient$ConnectResetRequestHandler
01:02:34.715 [main] INFO  c.a.n.c.r.client - [printIfInfoEnabled,60] - [0785e01d-ce6b-415b-8945-88161a93fa28] Register server push request handler:com.alibaba.nacos.common.remote.client.RpcClient$$Lambda$480/0x000000080103c290
01:02:34.715 [com.alibaba.nacos.client.remote.worker] INFO  c.a.n.c.r.client - [printIfInfoEnabled,60] - [0785e01d-ce6b-415b-8945-88161a93fa28] Notify connected event to listeners.
01:02:34.755 [main] INFO  o.a.c.h.Http11NioProtocol - [log,173] - Starting ProtocolHandler ["http-nio-9203"]
01:02:34.785 [main] INFO  c.a.c.n.r.NacosServiceRegistry - [register,75] - nacos registry, DEFAULT_GROUP cms-job 192.168.1.9:9203 register finished
01:02:35.079 [main] INFO  o.q.c.QuartzScheduler - [start,547] - Scheduler quartzScheduler_$_NON_CLUSTERED started.
01:02:35.095 [main] INFO  c.c.j.RuoYiJobApplication - [logStarted,61] - Started RuoYiJobApplication in 13.843 seconds (JVM running for 14.996)
01:02:35.104 [main] INFO  c.a.c.n.r.NacosContextRefresher - [registerNacosListener,129] - [Nacos Config] Listening config: dataId=cms-job-dev.yml, group=DEFAULT_GROUP
01:02:35.104 [main] INFO  c.a.c.n.r.NacosContextRefresher - [registerNacosListener,129] - [Nacos Config] Listening config: dataId=cms-job.yml, group=DEFAULT_GROUP
01:02:35.104 [main] INFO  c.a.c.n.r.NacosContextRefresher - [registerNacosListener,129] - [Nacos Config] Listening config: dataId=cms-job, group=DEFAULT_GROUP
01:02:35.241 [nacos-grpc-client-executor-10] INFO  c.a.n.c.r.client - [printIfInfoEnabled,60] - [0785e01d-ce6b-415b-8945-88161a93fa28] Receive server push request, request = NotifySubscriberRequest, requestId = 524
01:02:35.244 [nacos-grpc-client-executor-10] INFO  c.a.n.c.r.client - [printIfInfoEnabled,60] - [0785e01d-ce6b-415b-8945-88161a93fa28] Ack server push request, request = NotifySubscriberRequest, requestId = 524
01:02:35.378 [RMI TCP Connection(3)-192.168.1.9] INFO  o.a.c.c.C.[.[.[/] - [log,173] - Initializing Spring DispatcherServlet 'dispatcherServlet'
01:12:31.558 [SpringApplicationShutdownHook] INFO  o.q.c.QuartzScheduler - [standby,585] - Scheduler quartzScheduler_$_NON_CLUSTERED paused.
01:12:32.598 [SpringApplicationShutdownHook] INFO  c.a.c.n.r.NacosServiceRegistry - [deregister,94] - De-registering from Nacos Server now...
01:12:32.601 [SpringApplicationShutdownHook] INFO  c.a.c.n.r.NacosServiceRegistry - [deregister,114] - De-registration finished.
01:12:32.915 [SpringApplicationShutdownHook] INFO  c.a.n.c.r.client - [shutdown,454] - Shutdown rpc client, set status to shutdown
01:12:32.915 [SpringApplicationShutdownHook] INFO  c.a.n.c.r.client - [shutdown,456] - Shutdown client event executor java.util.concurrent.ScheduledThreadPoolExecutor@7b08818[Running, pool size = 2, active threads = 2, queued tasks = 0, completed tasks = 0]
01:12:32.916 [SpringApplicationShutdownHook] INFO  c.a.n.c.r.client - [closeConnection,591] - Close current connection 1684083754595_127.0.0.1_51372
01:12:32.921 [SpringApplicationShutdownHook] INFO  c.a.n.c.r.c.g.GrpcClient - [shutdown,85] - Shutdown grpc executor java.util.concurrent.ThreadPoolExecutor@2b323168[Running, pool size = 3, active threads = 0, queued tasks = 0, completed tasks = 171]
01:12:33.058 [SpringApplicationShutdownHook] INFO  o.q.c.QuartzScheduler - [shutdown,666] - Scheduler quartzScheduler_$_NON_CLUSTERED shutting down.
01:12:33.058 [SpringApplicationShutdownHook] INFO  o.q.c.QuartzScheduler - [standby,585] - Scheduler quartzScheduler_$_NON_CLUSTERED paused.
01:12:33.058 [SpringApplicationShutdownHook] INFO  o.q.c.QuartzScheduler - [shutdown,740] - Scheduler quartzScheduler_$_NON_CLUSTERED shutdown complete.
01:12:33.060 [SpringApplicationShutdownHook] INFO  c.z.h.HikariDataSource - [close,350] - HikariPool-1 - Shutdown initiated...
01:12:33.075 [SpringApplicationShutdownHook] INFO  c.z.h.HikariDataSource - [close,352] - HikariPool-1 - Shutdown completed.
01:12:52.747 [background-preinit] INFO  o.h.v.i.util.Version - [<clinit>,21] - HV000001: Hibernate Validator 6.2.5.Final
01:12:53.612 [main] INFO  c.a.n.c.r.client - [lambda$createClient$0,80] - [RpcClientFactory] create a new rpc client of 93457cc2-573f-420b-998b-6e7228d3fbe0_config-0
01:12:53.699 [main] INFO  o.r.Reflections - [scan,232] - Reflections took 62 ms to scan 1 urls, producing 3 keys and 6 values 
01:12:53.746 [main] INFO  o.r.Reflections - [scan,232] - Reflections took 25 ms to scan 1 urls, producing 4 keys and 9 values 
01:12:53.773 [main] INFO  o.r.Reflections - [scan,232] - Reflections took 23 ms to scan 1 urls, producing 3 keys and 10 values 
01:12:53.822 [main] INFO  o.r.Reflections - [scan,232] - Reflections took 39 ms to scan 1 urls, producing 1 keys and 5 values 
01:12:53.879 [main] INFO  o.r.Reflections - [scan,232] - Reflections took 49 ms to scan 1 urls, producing 1 keys and 7 values 
01:12:53.904 [main] INFO  o.r.Reflections - [scan,232] - Reflections took 19 ms to scan 1 urls, producing 2 keys and 8 values 
01:12:53.914 [main] INFO  c.a.n.c.r.client - [printIfInfoEnabled,60] - [93457cc2-573f-420b-998b-6e7228d3fbe0_config-0] RpcClient init label, labels = {module=config, Vipserver-Tag=null, source=sdk, Amory-Tag=null, Location-Tag=null, taskId=0, AppName=unknown}
01:12:53.916 [main] INFO  c.a.n.c.r.client - [printIfInfoEnabled,60] - [93457cc2-573f-420b-998b-6e7228d3fbe0_config-0] Register server push request handler:com.alibaba.nacos.client.config.impl.ClientWorker$ConfigRpcTransportClient$$Lambda$468/0x0000000800f1cc28
01:12:53.916 [main] INFO  c.a.n.c.r.client - [printIfInfoEnabled,60] - [93457cc2-573f-420b-998b-6e7228d3fbe0_config-0] Register server push request handler:com.alibaba.nacos.client.config.impl.ClientWorker$ConfigRpcTransportClient$$Lambda$469/0x0000000800f1ce50
01:12:53.918 [main] INFO  c.a.n.c.r.client - [printIfInfoEnabled,60] - [93457cc2-573f-420b-998b-6e7228d3fbe0_config-0] Registry connection listener to current client:com.alibaba.nacos.client.config.impl.ClientWorker$ConfigRpcTransportClient$1
01:12:53.920 [main] INFO  c.a.n.c.r.client - [printIfInfoEnabled,60] - [93457cc2-573f-420b-998b-6e7228d3fbe0_config-0] RpcClient init, ServerListFactory = com.alibaba.nacos.client.config.impl.ClientWorker$ConfigRpcTransportClient$2
01:12:53.945 [main] INFO  c.a.n.c.r.client - [printIfInfoEnabled,60] - [93457cc2-573f-420b-998b-6e7228d3fbe0_config-0] Try to connect to server on start up, server: {serverIp = '127.0.0.1', server main port = 8848}
01:12:54.829 [main] INFO  c.a.n.c.r.client - [printIfInfoEnabled,60] - [93457cc2-573f-420b-998b-6e7228d3fbe0_config-0] Success to connect to server [127.0.0.1:8848] on start up, connectionId = 1684084374593_127.0.0.1_51917
01:12:54.829 [com.alibaba.nacos.client.remote.worker] INFO  c.a.n.c.r.client - [printIfInfoEnabled,60] - [93457cc2-573f-420b-998b-6e7228d3fbe0_config-0] Notify connected event to listeners.
01:12:54.830 [main] INFO  c.a.n.c.r.client - [printIfInfoEnabled,60] - [93457cc2-573f-420b-998b-6e7228d3fbe0_config-0] Register server push request handler:com.alibaba.nacos.common.remote.client.RpcClient$ConnectResetRequestHandler
01:12:54.830 [main] INFO  c.a.n.c.r.client - [printIfInfoEnabled,60] - [93457cc2-573f-420b-998b-6e7228d3fbe0_config-0] Register server push request handler:com.alibaba.nacos.common.remote.client.RpcClient$$Lambda$480/0x000000080101d7d8
01:12:54.931 [main] INFO  c.c.j.RuoYiJobApplication - [logStartupProfileInfo,637] - The following 1 profile is active: "dev"
01:12:59.799 [main] INFO  o.a.c.h.Http11NioProtocol - [log,173] - Initializing ProtocolHandler ["http-nio-9203"]
01:12:59.800 [main] INFO  o.a.c.c.StandardService - [log,173] - Starting service [Tomcat]
01:12:59.800 [main] INFO  o.a.c.c.StandardEngine - [log,173] - Starting Servlet engine: [Apache Tomcat/9.0.70]
01:13:00.144 [main] INFO  o.a.c.c.C.[.[.[/] - [log,173] - Initializing Spring embedded WebApplicationContext
01:13:00.950 [main] INFO  o.q.i.StdSchedulerFactory - [instantiate,1220] - Using default implementation for ThreadExecutor
01:13:00.970 [main] INFO  o.q.c.SchedulerSignalerImpl - [<init>,61] - Initialized Scheduler Signaller of type: class org.quartz.core.SchedulerSignalerImpl
01:13:00.970 [main] INFO  o.q.c.QuartzScheduler - [<init>,229] - Quartz Scheduler v.2.3.2 created.
01:13:00.971 [main] INFO  o.q.s.RAMJobStore - [initialize,155] - RAMJobStore initialized.
01:13:00.972 [main] INFO  o.q.c.QuartzScheduler - [initialize,294] - Scheduler meta-data: Quartz Scheduler (v2.3.2) 'quartzScheduler' with instanceId 'NON_CLUSTERED'
  Scheduler class: 'org.quartz.core.QuartzScheduler' - running locally.
  NOT STARTED.
  Currently in standby mode.
  Number of jobs executed: 0
  Using thread pool 'org.quartz.simpl.SimpleThreadPool' - with 10 threads.
  Using job-store 'org.quartz.simpl.RAMJobStore' - which does not support persistence. and is not clustered.

01:13:00.973 [main] INFO  o.q.i.StdSchedulerFactory - [instantiate,1374] - Quartz scheduler 'quartzScheduler' initialized from an externally provided properties instance.
01:13:00.973 [main] INFO  o.q.i.StdSchedulerFactory - [instantiate,1378] - Quartz scheduler version: 2.3.2
01:13:00.973 [main] INFO  o.q.c.QuartzScheduler - [setJobFactory,2293] - JobFactory set to: org.springframework.scheduling.quartz.SpringBeanJobFactory@582ca1e2
01:13:01.562 [main] INFO  c.z.h.HikariDataSource - [getConnection,110] - HikariPool-1 - Starting...
01:13:02.059 [main] INFO  c.z.h.HikariDataSource - [getConnection,123] - HikariPool-1 - Start completed.
01:13:03.217 [main] INFO  c.a.c.s.SentinelWebMvcConfigurer - [addInterceptors,52] - [Sentinel Starter] register SentinelWebInterceptor with urlPatterns: [/**].
01:13:05.965 [main] INFO  c.a.n.c.r.client - [lambda$createClient$0,80] - [RpcClientFactory] create a new rpc client of ee606455-b5e4-4c78-83a6-e1e663a09991
01:13:05.966 [main] INFO  c.a.n.c.r.client - [printIfInfoEnabled,60] - [ee606455-b5e4-4c78-83a6-e1e663a09991] RpcClient init label, labels = {module=naming, source=sdk}
01:13:05.969 [main] INFO  c.a.n.c.r.client - [printIfInfoEnabled,60] - [ee606455-b5e4-4c78-83a6-e1e663a09991] RpcClient init, ServerListFactory = com.alibaba.nacos.client.naming.core.ServerListManager
01:13:05.970 [main] INFO  c.a.n.c.r.client - [printIfInfoEnabled,60] - [ee606455-b5e4-4c78-83a6-e1e663a09991] Registry connection listener to current client:com.alibaba.nacos.client.naming.remote.gprc.redo.NamingGrpcRedoService
01:13:05.970 [main] INFO  c.a.n.c.r.client - [printIfInfoEnabled,60] - [ee606455-b5e4-4c78-83a6-e1e663a09991] Register server push request handler:com.alibaba.nacos.client.naming.remote.gprc.NamingPushRequestHandler
01:13:05.971 [main] INFO  c.a.n.c.r.client - [printIfInfoEnabled,60] - [ee606455-b5e4-4c78-83a6-e1e663a09991] Try to connect to server on start up, server: {serverIp = '127.0.0.1', server main port = 8848}
01:13:06.114 [main] INFO  c.a.n.c.r.client - [printIfInfoEnabled,60] - [ee606455-b5e4-4c78-83a6-e1e663a09991] Success to connect to server [127.0.0.1:8848] on start up, connectionId = 1684084385986_127.0.0.1_51976
01:13:06.115 [com.alibaba.nacos.client.remote.worker] INFO  c.a.n.c.r.client - [printIfInfoEnabled,60] - [ee606455-b5e4-4c78-83a6-e1e663a09991] Notify connected event to listeners.
01:13:06.115 [main] INFO  c.a.n.c.r.client - [printIfInfoEnabled,60] - [ee606455-b5e4-4c78-83a6-e1e663a09991] Register server push request handler:com.alibaba.nacos.common.remote.client.RpcClient$ConnectResetRequestHandler
01:13:06.115 [main] INFO  c.a.n.c.r.client - [printIfInfoEnabled,60] - [ee606455-b5e4-4c78-83a6-e1e663a09991] Register server push request handler:com.alibaba.nacos.common.remote.client.RpcClient$$Lambda$480/0x000000080101d7d8
01:13:06.142 [main] INFO  o.a.c.h.Http11NioProtocol - [log,173] - Starting ProtocolHandler ["http-nio-9203"]
01:13:06.218 [main] INFO  c.a.c.n.r.NacosServiceRegistry - [register,75] - nacos registry, DEFAULT_GROUP cms-job 192.168.1.9:9203 register finished
01:13:06.554 [main] INFO  o.q.c.QuartzScheduler - [start,547] - Scheduler quartzScheduler_$_NON_CLUSTERED started.
01:13:06.572 [main] INFO  c.c.j.RuoYiJobApplication - [logStarted,61] - Started RuoYiJobApplication in 14.773 seconds (JVM running for 16.066)
01:13:06.580 [main] INFO  c.a.c.n.r.NacosContextRefresher - [registerNacosListener,129] - [Nacos Config] Listening config: dataId=cms-job-dev.yml, group=DEFAULT_GROUP
01:13:06.580 [main] INFO  c.a.c.n.r.NacosContextRefresher - [registerNacosListener,129] - [Nacos Config] Listening config: dataId=cms-job.yml, group=DEFAULT_GROUP
01:13:06.581 [main] INFO  c.a.c.n.r.NacosContextRefresher - [registerNacosListener,129] - [Nacos Config] Listening config: dataId=cms-job, group=DEFAULT_GROUP
01:13:06.718 [nacos-grpc-client-executor-10] INFO  c.a.n.c.r.client - [printIfInfoEnabled,60] - [ee606455-b5e4-4c78-83a6-e1e663a09991] Receive server push request, request = NotifySubscriberRequest, requestId = 555
01:13:06.721 [nacos-grpc-client-executor-10] INFO  c.a.n.c.r.client - [printIfInfoEnabled,60] - [ee606455-b5e4-4c78-83a6-e1e663a09991] Ack server push request, request = NotifySubscriberRequest, requestId = 555
01:13:06.769 [RMI TCP Connection(2)-192.168.1.9] INFO  o.a.c.c.C.[.[.[/] - [log,173] - Initializing Spring DispatcherServlet 'dispatcherServlet'
