08:56:45.990 [SpringApplicationShutdownHook] INFO  o.q.c.QuartzScheduler - [standby,585] - Scheduler quartzScheduler_$_NON_CLUSTERED paused.
08:56:47.153 [SpringApplicationShutdownHook] INFO  c.a.c.n.r.NacosServiceRegistry - [deregister,94] - De-registering from Nacos Server now...
08:56:47.158 [SpringApplicationShutdownHook] INFO  c.a.c.n.r.NacosServiceRegistry - [deregister,114] - De-registration finished.
08:56:47.474 [SpringApplicationShutdownHook] INFO  c.a.n.c.r.client - [shutdown,454] - Shutdown rpc client, set status to shutdown
08:56:47.475 [SpringApplicationShutdownHook] INFO  c.a.n.c.r.client - [shutdown,456] - Shutdown client event executor java.util.concurrent.ScheduledThreadPoolExecutor@544fb502[Running, pool size = 2, active threads = 2, queued tasks = 0, completed tasks = 0]
08:56:47.475 [SpringApplicationShutdownHook] INFO  c.a.n.c.r.client - [closeConnection,591] - Close current connection 1682410220778_127.0.0.1_50980
08:56:47.482 [nacos-grpc-client-executor-5945] INFO  c.a.n.c.r.c.g.GrpcClient - [printIfInfoEnabled,60] - [1682410220778_127.0.0.1_50980]Ignore complete event,isRunning:false,isAbandon=false
08:56:47.504 [SpringApplicationShutdownHook] INFO  c.a.n.c.r.c.g.GrpcClient - [shutdown,85] - Shutdown grpc executor java.util.concurrent.ThreadPoolExecutor@78640102[Running, pool size = 6, active threads = 0, queued tasks = 0, completed tasks = 5946]
08:56:47.679 [SpringApplicationShutdownHook] INFO  o.q.c.QuartzScheduler - [shutdown,666] - Scheduler quartzScheduler_$_NON_CLUSTERED shutting down.
08:56:47.679 [SpringApplicationShutdownHook] INFO  o.q.c.QuartzScheduler - [standby,585] - Scheduler quartzScheduler_$_NON_CLUSTERED paused.
08:56:47.680 [SpringApplicationShutdownHook] INFO  o.q.c.QuartzScheduler - [shutdown,740] - Scheduler quartzScheduler_$_NON_CLUSTERED shutdown complete.
08:56:47.682 [SpringApplicationShutdownHook] INFO  c.z.h.HikariDataSource - [close,350] - HikariPool-1 - Shutdown initiated...
08:56:47.691 [SpringApplicationShutdownHook] INFO  c.z.h.HikariDataSource - [close,352] - HikariPool-1 - Shutdown completed.
08:57:37.523 [background-preinit] INFO  o.h.v.i.util.Version - [<clinit>,21] - HV000001: Hibernate Validator 6.2.5.Final
08:57:38.084 [main] INFO  c.a.n.c.r.client - [lambda$createClient$0,80] - [RpcClientFactory] create a new rpc client of e0f56e3c-2d59-44a4-bde9-161069e366c6_config-0
08:57:38.138 [main] INFO  o.r.Reflections - [scan,232] - Reflections took 33 ms to scan 1 urls, producing 3 keys and 6 values 
08:57:38.171 [main] INFO  o.r.Reflections - [scan,232] - Reflections took 16 ms to scan 1 urls, producing 4 keys and 9 values 
08:57:38.189 [main] INFO  o.r.Reflections - [scan,232] - Reflections took 14 ms to scan 1 urls, producing 3 keys and 10 values 
08:57:38.205 [main] INFO  o.r.Reflections - [scan,232] - Reflections took 12 ms to scan 1 urls, producing 1 keys and 5 values 
08:57:38.222 [main] INFO  o.r.Reflections - [scan,232] - Reflections took 15 ms to scan 1 urls, producing 1 keys and 7 values 
08:57:38.240 [main] INFO  o.r.Reflections - [scan,232] - Reflections took 16 ms to scan 1 urls, producing 2 keys and 8 values 
08:57:38.243 [main] INFO  c.a.n.c.r.client - [printIfInfoEnabled,60] - [e0f56e3c-2d59-44a4-bde9-161069e366c6_config-0] RpcClient init label, labels = {module=config, Vipserver-Tag=null, source=sdk, Amory-Tag=null, Location-Tag=null, taskId=0, AppName=unknown}
08:57:38.244 [main] INFO  c.a.n.c.r.client - [printIfInfoEnabled,60] - [e0f56e3c-2d59-44a4-bde9-161069e366c6_config-0] Register server push request handler:com.alibaba.nacos.client.config.impl.ClientWorker$ConfigRpcTransportClient$$Lambda$468/0x0000000800f3bb38
08:57:38.246 [main] INFO  c.a.n.c.r.client - [printIfInfoEnabled,60] - [e0f56e3c-2d59-44a4-bde9-161069e366c6_config-0] Register server push request handler:com.alibaba.nacos.client.config.impl.ClientWorker$ConfigRpcTransportClient$$Lambda$469/0x0000000800f3bd60
08:57:38.247 [main] INFO  c.a.n.c.r.client - [printIfInfoEnabled,60] - [e0f56e3c-2d59-44a4-bde9-161069e366c6_config-0] Registry connection listener to current client:com.alibaba.nacos.client.config.impl.ClientWorker$ConfigRpcTransportClient$1
08:57:38.249 [main] INFO  c.a.n.c.r.client - [printIfInfoEnabled,60] - [e0f56e3c-2d59-44a4-bde9-161069e366c6_config-0] RpcClient init, ServerListFactory = com.alibaba.nacos.client.config.impl.ClientWorker$ConfigRpcTransportClient$2
08:57:38.256 [main] INFO  c.a.n.c.r.client - [printIfInfoEnabled,60] - [e0f56e3c-2d59-44a4-bde9-161069e366c6_config-0] Try to connect to server on start up, server: {serverIp = '127.0.0.1', server main port = 8848}
08:57:38.798 [main] INFO  c.a.n.c.r.client - [printIfInfoEnabled,60] - [e0f56e3c-2d59-44a4-bde9-161069e366c6_config-0] Success to connect to server [127.0.0.1:8848] on start up, connectionId = 1682470658607_127.0.0.1_62602
08:57:38.799 [com.alibaba.nacos.client.remote.worker] INFO  c.a.n.c.r.client - [printIfInfoEnabled,60] - [e0f56e3c-2d59-44a4-bde9-161069e366c6_config-0] Notify connected event to listeners.
08:57:38.799 [main] INFO  c.a.n.c.r.client - [printIfInfoEnabled,60] - [e0f56e3c-2d59-44a4-bde9-161069e366c6_config-0] Register server push request handler:com.alibaba.nacos.common.remote.client.RpcClient$ConnectResetRequestHandler
08:57:38.799 [main] INFO  c.a.n.c.r.client - [printIfInfoEnabled,60] - [e0f56e3c-2d59-44a4-bde9-161069e366c6_config-0] Register server push request handler:com.alibaba.nacos.common.remote.client.RpcClient$$Lambda$480/0x000000080103c290
08:57:38.899 [main] INFO  c.c.j.RuoYiJobApplication - [logStartupProfileInfo,637] - The following 1 profile is active: "dev"
08:57:42.417 [main] INFO  o.a.c.h.Http11NioProtocol - [log,173] - Initializing ProtocolHandler ["http-nio-9203"]
08:57:42.419 [main] INFO  o.a.c.c.StandardService - [log,173] - Starting service [Tomcat]
08:57:42.419 [main] INFO  o.a.c.c.StandardEngine - [log,173] - Starting Servlet engine: [Apache Tomcat/9.0.70]
08:57:42.668 [main] INFO  o.a.c.c.C.[.[.[/] - [log,173] - Initializing Spring embedded WebApplicationContext
08:57:43.328 [main] INFO  o.q.i.StdSchedulerFactory - [instantiate,1220] - Using default implementation for ThreadExecutor
08:57:43.347 [main] INFO  o.q.c.SchedulerSignalerImpl - [<init>,61] - Initialized Scheduler Signaller of type: class org.quartz.core.SchedulerSignalerImpl
08:57:43.347 [main] INFO  o.q.c.QuartzScheduler - [<init>,229] - Quartz Scheduler v.2.3.2 created.
08:57:43.348 [main] INFO  o.q.s.RAMJobStore - [initialize,155] - RAMJobStore initialized.
08:57:43.349 [main] INFO  o.q.c.QuartzScheduler - [initialize,294] - Scheduler meta-data: Quartz Scheduler (v2.3.2) 'quartzScheduler' with instanceId 'NON_CLUSTERED'
  Scheduler class: 'org.quartz.core.QuartzScheduler' - running locally.
  NOT STARTED.
  Currently in standby mode.
  Number of jobs executed: 0
  Using thread pool 'org.quartz.simpl.SimpleThreadPool' - with 10 threads.
  Using job-store 'org.quartz.simpl.RAMJobStore' - which does not support persistence. and is not clustered.

08:57:43.349 [main] INFO  o.q.i.StdSchedulerFactory - [instantiate,1374] - Quartz scheduler 'quartzScheduler' initialized from an externally provided properties instance.
08:57:43.349 [main] INFO  o.q.i.StdSchedulerFactory - [instantiate,1378] - Quartz scheduler version: 2.3.2
08:57:43.350 [main] INFO  o.q.c.QuartzScheduler - [setJobFactory,2293] - JobFactory set to: org.springframework.scheduling.quartz.SpringBeanJobFactory@3ad558bf
08:57:43.887 [main] INFO  c.z.h.HikariDataSource - [getConnection,110] - HikariPool-1 - Starting...
08:57:44.350 [main] INFO  c.z.h.HikariDataSource - [getConnection,123] - HikariPool-1 - Start completed.
08:57:45.466 [main] INFO  c.a.c.s.SentinelWebMvcConfigurer - [addInterceptors,52] - [Sentinel Starter] register SentinelWebInterceptor with urlPatterns: [/**].
08:57:48.645 [main] INFO  c.a.n.c.r.client - [lambda$createClient$0,80] - [RpcClientFactory] create a new rpc client of cd1653e1-8877-4075-9bb8-91a27fe28b8b
08:57:48.645 [main] INFO  c.a.n.c.r.client - [printIfInfoEnabled,60] - [cd1653e1-8877-4075-9bb8-91a27fe28b8b] RpcClient init label, labels = {module=naming, source=sdk}
08:57:48.647 [main] INFO  c.a.n.c.r.client - [printIfInfoEnabled,60] - [cd1653e1-8877-4075-9bb8-91a27fe28b8b] RpcClient init, ServerListFactory = com.alibaba.nacos.client.naming.core.ServerListManager
08:57:48.647 [main] INFO  c.a.n.c.r.client - [printIfInfoEnabled,60] - [cd1653e1-8877-4075-9bb8-91a27fe28b8b] Registry connection listener to current client:com.alibaba.nacos.client.naming.remote.gprc.redo.NamingGrpcRedoService
08:57:48.647 [main] INFO  c.a.n.c.r.client - [printIfInfoEnabled,60] - [cd1653e1-8877-4075-9bb8-91a27fe28b8b] Register server push request handler:com.alibaba.nacos.client.naming.remote.gprc.NamingPushRequestHandler
08:57:48.647 [main] INFO  c.a.n.c.r.client - [printIfInfoEnabled,60] - [cd1653e1-8877-4075-9bb8-91a27fe28b8b] Try to connect to server on start up, server: {serverIp = '127.0.0.1', server main port = 8848}
08:57:48.774 [main] INFO  c.a.n.c.r.client - [printIfInfoEnabled,60] - [cd1653e1-8877-4075-9bb8-91a27fe28b8b] Success to connect to server [127.0.0.1:8848] on start up, connectionId = 1682470668659_127.0.0.1_62639
08:57:48.775 [main] INFO  c.a.n.c.r.client - [printIfInfoEnabled,60] - [cd1653e1-8877-4075-9bb8-91a27fe28b8b] Register server push request handler:com.alibaba.nacos.common.remote.client.RpcClient$ConnectResetRequestHandler
08:57:48.775 [com.alibaba.nacos.client.remote.worker] INFO  c.a.n.c.r.client - [printIfInfoEnabled,60] - [cd1653e1-8877-4075-9bb8-91a27fe28b8b] Notify connected event to listeners.
08:57:48.775 [main] INFO  c.a.n.c.r.client - [printIfInfoEnabled,60] - [cd1653e1-8877-4075-9bb8-91a27fe28b8b] Register server push request handler:com.alibaba.nacos.common.remote.client.RpcClient$$Lambda$480/0x000000080103c290
08:57:48.809 [main] INFO  o.a.c.h.Http11NioProtocol - [log,173] - Starting ProtocolHandler ["http-nio-9203"]
08:57:48.837 [main] INFO  c.a.c.n.r.NacosServiceRegistry - [register,75] - nacos registry, DEFAULT_GROUP cms-job 172.20.10.2:9203 register finished
08:57:49.324 [main] INFO  o.q.c.QuartzScheduler - [start,547] - Scheduler quartzScheduler_$_NON_CLUSTERED started.
08:57:49.326 [nacos-grpc-client-executor-7] INFO  c.a.n.c.r.client - [printIfInfoEnabled,60] - [cd1653e1-8877-4075-9bb8-91a27fe28b8b] Receive server push request, request = NotifySubscriberRequest, requestId = 540
08:57:49.331 [nacos-grpc-client-executor-7] INFO  c.a.n.c.r.client - [printIfInfoEnabled,60] - [cd1653e1-8877-4075-9bb8-91a27fe28b8b] Ack server push request, request = NotifySubscriberRequest, requestId = 540
08:57:49.364 [main] INFO  c.c.j.RuoYiJobApplication - [logStarted,61] - Started RuoYiJobApplication in 12.427 seconds (JVM running for 13.333)
08:57:49.395 [main] INFO  c.a.c.n.r.NacosContextRefresher - [registerNacosListener,129] - [Nacos Config] Listening config: dataId=cms-job-dev.yml, group=DEFAULT_GROUP
08:57:49.397 [main] INFO  c.a.c.n.r.NacosContextRefresher - [registerNacosListener,129] - [Nacos Config] Listening config: dataId=cms-job.yml, group=DEFAULT_GROUP
08:57:49.398 [main] INFO  c.a.c.n.r.NacosContextRefresher - [registerNacosListener,129] - [Nacos Config] Listening config: dataId=cms-job, group=DEFAULT_GROUP
08:57:49.711 [RMI TCP Connection(6)-127.0.0.1] INFO  o.a.c.c.C.[.[.[/] - [log,173] - Initializing Spring DispatcherServlet 'dispatcherServlet'
09:16:39.431 [SpringApplicationShutdownHook] INFO  o.q.c.QuartzScheduler - [standby,585] - Scheduler quartzScheduler_$_NON_CLUSTERED paused.
09:16:40.509 [SpringApplicationShutdownHook] INFO  c.a.c.n.r.NacosServiceRegistry - [deregister,94] - De-registering from Nacos Server now...
09:16:40.513 [SpringApplicationShutdownHook] INFO  c.a.c.n.r.NacosServiceRegistry - [deregister,114] - De-registration finished.
09:16:40.835 [SpringApplicationShutdownHook] INFO  c.a.n.c.r.client - [shutdown,454] - Shutdown rpc client, set status to shutdown
09:16:40.836 [SpringApplicationShutdownHook] INFO  c.a.n.c.r.client - [shutdown,456] - Shutdown client event executor java.util.concurrent.ScheduledThreadPoolExecutor@70af078c[Running, pool size = 2, active threads = 2, queued tasks = 0, completed tasks = 0]
09:16:40.836 [SpringApplicationShutdownHook] INFO  c.a.n.c.r.client - [closeConnection,591] - Close current connection 1682470668659_127.0.0.1_62639
09:16:40.838 [nacos-grpc-client-executor-294] INFO  c.a.n.c.r.c.g.GrpcClient - [printIfInfoEnabled,60] - [1682470668659_127.0.0.1_62639]Ignore complete event,isRunning:false,isAbandon=false
09:16:40.843 [SpringApplicationShutdownHook] INFO  c.a.n.c.r.c.g.GrpcClient - [shutdown,85] - Shutdown grpc executor java.util.concurrent.ThreadPoolExecutor@564e95cf[Running, pool size = 6, active threads = 0, queued tasks = 0, completed tasks = 295]
09:16:41.013 [SpringApplicationShutdownHook] INFO  o.q.c.QuartzScheduler - [shutdown,666] - Scheduler quartzScheduler_$_NON_CLUSTERED shutting down.
09:16:41.014 [SpringApplicationShutdownHook] INFO  o.q.c.QuartzScheduler - [standby,585] - Scheduler quartzScheduler_$_NON_CLUSTERED paused.
09:16:41.022 [SpringApplicationShutdownHook] INFO  o.q.c.QuartzScheduler - [shutdown,740] - Scheduler quartzScheduler_$_NON_CLUSTERED shutdown complete.
09:16:41.033 [SpringApplicationShutdownHook] INFO  c.z.h.HikariDataSource - [close,350] - HikariPool-1 - Shutdown initiated...
09:16:41.085 [SpringApplicationShutdownHook] INFO  c.z.h.HikariDataSource - [close,352] - HikariPool-1 - Shutdown completed.
09:18:15.905 [background-preinit] INFO  o.h.v.i.util.Version - [<clinit>,21] - HV000001: Hibernate Validator 6.2.5.Final
09:18:16.372 [main] INFO  c.a.n.c.r.client - [lambda$createClient$0,80] - [RpcClientFactory] create a new rpc client of cb89e60e-44c1-4618-8254-2ab454c92923_config-0
09:18:16.409 [main] INFO  o.r.Reflections - [scan,232] - Reflections took 24 ms to scan 1 urls, producing 3 keys and 6 values 
09:18:16.436 [main] INFO  o.r.Reflections - [scan,232] - Reflections took 17 ms to scan 1 urls, producing 4 keys and 9 values 
09:18:16.452 [main] INFO  o.r.Reflections - [scan,232] - Reflections took 13 ms to scan 1 urls, producing 3 keys and 10 values 
09:18:16.468 [main] INFO  o.r.Reflections - [scan,232] - Reflections took 13 ms to scan 1 urls, producing 1 keys and 5 values 
09:18:16.483 [main] INFO  o.r.Reflections - [scan,232] - Reflections took 13 ms to scan 1 urls, producing 1 keys and 7 values 
09:18:16.500 [main] INFO  o.r.Reflections - [scan,232] - Reflections took 13 ms to scan 1 urls, producing 2 keys and 8 values 
09:18:16.502 [main] INFO  c.a.n.c.r.client - [printIfInfoEnabled,60] - [cb89e60e-44c1-4618-8254-2ab454c92923_config-0] RpcClient init label, labels = {module=config, Vipserver-Tag=null, source=sdk, Amory-Tag=null, Location-Tag=null, taskId=0, AppName=unknown}
09:18:16.503 [main] INFO  c.a.n.c.r.client - [printIfInfoEnabled,60] - [cb89e60e-44c1-4618-8254-2ab454c92923_config-0] Register server push request handler:com.alibaba.nacos.client.config.impl.ClientWorker$ConfigRpcTransportClient$$Lambda$468/0x0000000800f3c710
09:18:16.503 [main] INFO  c.a.n.c.r.client - [printIfInfoEnabled,60] - [cb89e60e-44c1-4618-8254-2ab454c92923_config-0] Register server push request handler:com.alibaba.nacos.client.config.impl.ClientWorker$ConfigRpcTransportClient$$Lambda$469/0x0000000800f3c938
09:18:16.504 [main] INFO  c.a.n.c.r.client - [printIfInfoEnabled,60] - [cb89e60e-44c1-4618-8254-2ab454c92923_config-0] Registry connection listener to current client:com.alibaba.nacos.client.config.impl.ClientWorker$ConfigRpcTransportClient$1
09:18:16.504 [main] INFO  c.a.n.c.r.client - [printIfInfoEnabled,60] - [cb89e60e-44c1-4618-8254-2ab454c92923_config-0] RpcClient init, ServerListFactory = com.alibaba.nacos.client.config.impl.ClientWorker$ConfigRpcTransportClient$2
09:18:16.511 [main] INFO  c.a.n.c.r.client - [printIfInfoEnabled,60] - [cb89e60e-44c1-4618-8254-2ab454c92923_config-0] Try to connect to server on start up, server: {serverIp = '127.0.0.1', server main port = 8848}
09:18:17.034 [main] INFO  c.a.n.c.r.client - [printIfInfoEnabled,60] - [cb89e60e-44c1-4618-8254-2ab454c92923_config-0] Success to connect to server [127.0.0.1:8848] on start up, connectionId = 1682471896853_127.0.0.1_64370
09:18:17.035 [com.alibaba.nacos.client.remote.worker] INFO  c.a.n.c.r.client - [printIfInfoEnabled,60] - [cb89e60e-44c1-4618-8254-2ab454c92923_config-0] Notify connected event to listeners.
09:18:17.035 [main] INFO  c.a.n.c.r.client - [printIfInfoEnabled,60] - [cb89e60e-44c1-4618-8254-2ab454c92923_config-0] Register server push request handler:com.alibaba.nacos.common.remote.client.RpcClient$ConnectResetRequestHandler
09:18:17.035 [main] INFO  c.a.n.c.r.client - [printIfInfoEnabled,60] - [cb89e60e-44c1-4618-8254-2ab454c92923_config-0] Register server push request handler:com.alibaba.nacos.common.remote.client.RpcClient$$Lambda$480/0x000000080103d7d8
09:18:17.090 [main] INFO  c.c.j.RuoYiJobApplication - [logStartupProfileInfo,637] - The following 1 profile is active: "dev"
09:18:19.376 [main] INFO  o.a.c.h.Http11NioProtocol - [log,173] - Initializing ProtocolHandler ["http-nio-9203"]
09:18:19.377 [main] INFO  o.a.c.c.StandardService - [log,173] - Starting service [Tomcat]
09:18:19.377 [main] INFO  o.a.c.c.StandardEngine - [log,173] - Starting Servlet engine: [Apache Tomcat/9.0.70]
09:18:19.503 [main] INFO  o.a.c.c.C.[.[.[/] - [log,173] - Initializing Spring embedded WebApplicationContext
09:18:19.872 [main] INFO  o.q.i.StdSchedulerFactory - [instantiate,1220] - Using default implementation for ThreadExecutor
09:18:19.887 [main] INFO  o.q.c.SchedulerSignalerImpl - [<init>,61] - Initialized Scheduler Signaller of type: class org.quartz.core.SchedulerSignalerImpl
09:18:19.888 [main] INFO  o.q.c.QuartzScheduler - [<init>,229] - Quartz Scheduler v.2.3.2 created.
09:18:19.888 [main] INFO  o.q.s.RAMJobStore - [initialize,155] - RAMJobStore initialized.
09:18:19.889 [main] INFO  o.q.c.QuartzScheduler - [initialize,294] - Scheduler meta-data: Quartz Scheduler (v2.3.2) 'quartzScheduler' with instanceId 'NON_CLUSTERED'
  Scheduler class: 'org.quartz.core.QuartzScheduler' - running locally.
  NOT STARTED.
  Currently in standby mode.
  Number of jobs executed: 0
  Using thread pool 'org.quartz.simpl.SimpleThreadPool' - with 10 threads.
  Using job-store 'org.quartz.simpl.RAMJobStore' - which does not support persistence. and is not clustered.

09:18:19.889 [main] INFO  o.q.i.StdSchedulerFactory - [instantiate,1374] - Quartz scheduler 'quartzScheduler' initialized from an externally provided properties instance.
09:18:19.889 [main] INFO  o.q.i.StdSchedulerFactory - [instantiate,1378] - Quartz scheduler version: 2.3.2
09:18:19.889 [main] INFO  o.q.c.QuartzScheduler - [setJobFactory,2293] - JobFactory set to: org.springframework.scheduling.quartz.SpringBeanJobFactory@13c81bc5
09:18:20.115 [main] INFO  c.z.h.HikariDataSource - [getConnection,110] - HikariPool-1 - Starting...
09:18:20.425 [main] INFO  c.z.h.HikariDataSource - [getConnection,123] - HikariPool-1 - Start completed.
09:18:21.061 [main] INFO  c.a.c.s.SentinelWebMvcConfigurer - [addInterceptors,52] - [Sentinel Starter] register SentinelWebInterceptor with urlPatterns: [/**].
09:18:24.230 [main] INFO  c.a.n.c.r.client - [lambda$createClient$0,80] - [RpcClientFactory] create a new rpc client of 23920a30-7d84-4869-937c-5ab65bebfd7d
09:18:24.231 [main] INFO  c.a.n.c.r.client - [printIfInfoEnabled,60] - [23920a30-7d84-4869-937c-5ab65bebfd7d] RpcClient init label, labels = {module=naming, source=sdk}
09:18:24.244 [main] INFO  c.a.n.c.r.client - [printIfInfoEnabled,60] - [23920a30-7d84-4869-937c-5ab65bebfd7d] RpcClient init, ServerListFactory = com.alibaba.nacos.client.naming.core.ServerListManager
09:18:24.244 [main] INFO  c.a.n.c.r.client - [printIfInfoEnabled,60] - [23920a30-7d84-4869-937c-5ab65bebfd7d] Registry connection listener to current client:com.alibaba.nacos.client.naming.remote.gprc.redo.NamingGrpcRedoService
09:18:24.245 [main] INFO  c.a.n.c.r.client - [printIfInfoEnabled,60] - [23920a30-7d84-4869-937c-5ab65bebfd7d] Register server push request handler:com.alibaba.nacos.client.naming.remote.gprc.NamingPushRequestHandler
09:18:24.249 [main] INFO  c.a.n.c.r.client - [printIfInfoEnabled,60] - [23920a30-7d84-4869-937c-5ab65bebfd7d] Try to connect to server on start up, server: {serverIp = '127.0.0.1', server main port = 8848}
09:18:24.394 [main] INFO  c.a.n.c.r.client - [printIfInfoEnabled,60] - [23920a30-7d84-4869-937c-5ab65bebfd7d] Success to connect to server [127.0.0.1:8848] on start up, connectionId = 1682471904270_127.0.0.1_64398
09:18:24.394 [main] INFO  c.a.n.c.r.client - [printIfInfoEnabled,60] - [23920a30-7d84-4869-937c-5ab65bebfd7d] Register server push request handler:com.alibaba.nacos.common.remote.client.RpcClient$ConnectResetRequestHandler
09:18:24.394 [com.alibaba.nacos.client.remote.worker] INFO  c.a.n.c.r.client - [printIfInfoEnabled,60] - [23920a30-7d84-4869-937c-5ab65bebfd7d] Notify connected event to listeners.
09:18:24.395 [main] INFO  c.a.n.c.r.client - [printIfInfoEnabled,60] - [23920a30-7d84-4869-937c-5ab65bebfd7d] Register server push request handler:com.alibaba.nacos.common.remote.client.RpcClient$$Lambda$480/0x000000080103d7d8
09:18:24.437 [main] INFO  o.a.c.h.Http11NioProtocol - [log,173] - Starting ProtocolHandler ["http-nio-9203"]
09:18:24.469 [main] INFO  c.a.c.n.r.NacosServiceRegistry - [register,75] - nacos registry, DEFAULT_GROUP cms-job 172.20.10.2:9203 register finished
09:18:25.018 [nacos-grpc-client-executor-10] INFO  c.a.n.c.r.client - [printIfInfoEnabled,60] - [23920a30-7d84-4869-937c-5ab65bebfd7d] Receive server push request, request = NotifySubscriberRequest, requestId = 602
09:18:25.026 [nacos-grpc-client-executor-10] INFO  c.a.n.c.r.client - [printIfInfoEnabled,60] - [23920a30-7d84-4869-937c-5ab65bebfd7d] Ack server push request, request = NotifySubscriberRequest, requestId = 602
09:18:25.240 [main] INFO  o.q.c.QuartzScheduler - [start,547] - Scheduler quartzScheduler_$_NON_CLUSTERED started.
09:18:25.269 [main] INFO  c.c.j.RuoYiJobApplication - [logStarted,61] - Started RuoYiJobApplication in 10.092 seconds (JVM running for 10.946)
09:18:25.282 [main] INFO  c.a.c.n.r.NacosContextRefresher - [registerNacosListener,129] - [Nacos Config] Listening config: dataId=cms-job-dev.yml, group=DEFAULT_GROUP
09:18:25.284 [main] INFO  c.a.c.n.r.NacosContextRefresher - [registerNacosListener,129] - [Nacos Config] Listening config: dataId=cms-job.yml, group=DEFAULT_GROUP
09:18:25.284 [main] INFO  c.a.c.n.r.NacosContextRefresher - [registerNacosListener,129] - [Nacos Config] Listening config: dataId=cms-job, group=DEFAULT_GROUP
09:18:25.603 [RMI TCP Connection(5)-127.0.0.1] INFO  o.a.c.c.C.[.[.[/] - [log,173] - Initializing Spring DispatcherServlet 'dispatcherServlet'
09:27:14.256 [SpringApplicationShutdownHook] INFO  o.q.c.QuartzScheduler - [standby,585] - Scheduler quartzScheduler_$_NON_CLUSTERED paused.
09:27:15.283 [SpringApplicationShutdownHook] INFO  c.a.c.n.r.NacosServiceRegistry - [deregister,94] - De-registering from Nacos Server now...
09:27:15.285 [SpringApplicationShutdownHook] INFO  c.a.c.n.r.NacosServiceRegistry - [deregister,114] - De-registration finished.
09:27:15.600 [SpringApplicationShutdownHook] INFO  c.a.n.c.r.client - [shutdown,454] - Shutdown rpc client, set status to shutdown
09:27:15.600 [SpringApplicationShutdownHook] INFO  c.a.n.c.r.client - [shutdown,456] - Shutdown client event executor java.util.concurrent.ScheduledThreadPoolExecutor@6f145626[Running, pool size = 2, active threads = 2, queued tasks = 0, completed tasks = 0]
09:27:15.600 [SpringApplicationShutdownHook] INFO  c.a.n.c.r.client - [closeConnection,591] - Close current connection 1682471904270_127.0.0.1_64398
09:27:15.602 [nacos-grpc-client-executor-156] INFO  c.a.n.c.r.c.g.GrpcClient - [printIfInfoEnabled,60] - [1682471904270_127.0.0.1_64398]Ignore complete event,isRunning:false,isAbandon=false
09:27:15.603 [SpringApplicationShutdownHook] INFO  c.a.n.c.r.c.g.GrpcClient - [shutdown,85] - Shutdown grpc executor java.util.concurrent.ThreadPoolExecutor@2bce3728[Running, pool size = 5, active threads = 0, queued tasks = 0, completed tasks = 157]
09:27:15.729 [SpringApplicationShutdownHook] INFO  o.q.c.QuartzScheduler - [shutdown,666] - Scheduler quartzScheduler_$_NON_CLUSTERED shutting down.
09:27:15.729 [SpringApplicationShutdownHook] INFO  o.q.c.QuartzScheduler - [standby,585] - Scheduler quartzScheduler_$_NON_CLUSTERED paused.
09:27:15.729 [SpringApplicationShutdownHook] INFO  o.q.c.QuartzScheduler - [shutdown,740] - Scheduler quartzScheduler_$_NON_CLUSTERED shutdown complete.
09:27:15.731 [SpringApplicationShutdownHook] INFO  c.z.h.HikariDataSource - [close,350] - HikariPool-1 - Shutdown initiated...
09:27:15.743 [SpringApplicationShutdownHook] INFO  c.z.h.HikariDataSource - [close,352] - HikariPool-1 - Shutdown completed.
09:47:36.241 [background-preinit] INFO  o.h.v.i.util.Version - [<clinit>,21] - HV000001: Hibernate Validator 6.2.5.Final
09:47:37.394 [main] INFO  c.a.n.c.r.client - [lambda$createClient$0,80] - [RpcClientFactory] create a new rpc client of 75c37ab8-cb6c-4b7d-a610-c524cbabd3d3_config-0
09:47:37.453 [main] INFO  o.r.Reflections - [scan,232] - Reflections took 39 ms to scan 1 urls, producing 3 keys and 6 values 
09:47:37.485 [main] INFO  o.r.Reflections - [scan,232] - Reflections took 20 ms to scan 1 urls, producing 4 keys and 9 values 
09:47:37.519 [main] INFO  o.r.Reflections - [scan,232] - Reflections took 30 ms to scan 1 urls, producing 3 keys and 10 values 
09:47:37.590 [main] INFO  o.r.Reflections - [scan,232] - Reflections took 62 ms to scan 1 urls, producing 1 keys and 5 values 
09:47:37.607 [main] INFO  o.r.Reflections - [scan,232] - Reflections took 14 ms to scan 1 urls, producing 1 keys and 7 values 
09:47:37.625 [main] INFO  o.r.Reflections - [scan,232] - Reflections took 16 ms to scan 1 urls, producing 2 keys and 8 values 
09:47:37.629 [main] INFO  c.a.n.c.r.client - [printIfInfoEnabled,60] - [75c37ab8-cb6c-4b7d-a610-c524cbabd3d3_config-0] RpcClient init label, labels = {module=config, Vipserver-Tag=null, source=sdk, Amory-Tag=null, Location-Tag=null, taskId=0, AppName=unknown}
09:47:37.630 [main] INFO  c.a.n.c.r.client - [printIfInfoEnabled,60] - [75c37ab8-cb6c-4b7d-a610-c524cbabd3d3_config-0] Register server push request handler:com.alibaba.nacos.client.config.impl.ClientWorker$ConfigRpcTransportClient$$Lambda$468/0x0000000800f1c710
09:47:37.630 [main] INFO  c.a.n.c.r.client - [printIfInfoEnabled,60] - [75c37ab8-cb6c-4b7d-a610-c524cbabd3d3_config-0] Register server push request handler:com.alibaba.nacos.client.config.impl.ClientWorker$ConfigRpcTransportClient$$Lambda$469/0x0000000800f1c938
09:47:37.631 [main] INFO  c.a.n.c.r.client - [printIfInfoEnabled,60] - [75c37ab8-cb6c-4b7d-a610-c524cbabd3d3_config-0] Registry connection listener to current client:com.alibaba.nacos.client.config.impl.ClientWorker$ConfigRpcTransportClient$1
09:47:37.632 [main] INFO  c.a.n.c.r.client - [printIfInfoEnabled,60] - [75c37ab8-cb6c-4b7d-a610-c524cbabd3d3_config-0] RpcClient init, ServerListFactory = com.alibaba.nacos.client.config.impl.ClientWorker$ConfigRpcTransportClient$2
09:47:37.643 [main] INFO  c.a.n.c.r.client - [printIfInfoEnabled,60] - [75c37ab8-cb6c-4b7d-a610-c524cbabd3d3_config-0] Try to connect to server on start up, server: {serverIp = '127.0.0.1', server main port = 8848}
09:47:38.705 [main] INFO  c.a.n.c.r.client - [printIfInfoEnabled,60] - [75c37ab8-cb6c-4b7d-a610-c524cbabd3d3_config-0] Success to connect to server [127.0.0.1:8848] on start up, connectionId = 1682473658485_127.0.0.1_49405
09:47:38.706 [main] INFO  c.a.n.c.r.client - [printIfInfoEnabled,60] - [75c37ab8-cb6c-4b7d-a610-c524cbabd3d3_config-0] Register server push request handler:com.alibaba.nacos.common.remote.client.RpcClient$ConnectResetRequestHandler
09:47:38.706 [com.alibaba.nacos.client.remote.worker] INFO  c.a.n.c.r.client - [printIfInfoEnabled,60] - [75c37ab8-cb6c-4b7d-a610-c524cbabd3d3_config-0] Notify connected event to listeners.
09:47:38.706 [main] INFO  c.a.n.c.r.client - [printIfInfoEnabled,60] - [75c37ab8-cb6c-4b7d-a610-c524cbabd3d3_config-0] Register server push request handler:com.alibaba.nacos.common.remote.client.RpcClient$$Lambda$480/0x000000080102def0
09:47:38.847 [main] INFO  c.c.j.RuoYiJobApplication - [logStartupProfileInfo,637] - The following 1 profile is active: "dev"
09:47:44.340 [main] INFO  o.a.c.h.Http11NioProtocol - [log,173] - Initializing ProtocolHandler ["http-nio-9203"]
09:47:44.341 [main] INFO  o.a.c.c.StandardService - [log,173] - Starting service [Tomcat]
09:47:44.341 [main] INFO  o.a.c.c.StandardEngine - [log,173] - Starting Servlet engine: [Apache Tomcat/9.0.70]
09:47:44.643 [main] INFO  o.a.c.c.C.[.[.[/] - [log,173] - Initializing Spring embedded WebApplicationContext
09:47:45.828 [main] INFO  o.q.i.StdSchedulerFactory - [instantiate,1220] - Using default implementation for ThreadExecutor
09:47:45.846 [main] INFO  o.q.c.SchedulerSignalerImpl - [<init>,61] - Initialized Scheduler Signaller of type: class org.quartz.core.SchedulerSignalerImpl
09:47:45.846 [main] INFO  o.q.c.QuartzScheduler - [<init>,229] - Quartz Scheduler v.2.3.2 created.
09:47:45.847 [main] INFO  o.q.s.RAMJobStore - [initialize,155] - RAMJobStore initialized.
09:47:45.848 [main] INFO  o.q.c.QuartzScheduler - [initialize,294] - Scheduler meta-data: Quartz Scheduler (v2.3.2) 'quartzScheduler' with instanceId 'NON_CLUSTERED'
  Scheduler class: 'org.quartz.core.QuartzScheduler' - running locally.
  NOT STARTED.
  Currently in standby mode.
  Number of jobs executed: 0
  Using thread pool 'org.quartz.simpl.SimpleThreadPool' - with 10 threads.
  Using job-store 'org.quartz.simpl.RAMJobStore' - which does not support persistence. and is not clustered.

09:47:45.848 [main] INFO  o.q.i.StdSchedulerFactory - [instantiate,1374] - Quartz scheduler 'quartzScheduler' initialized from an externally provided properties instance.
09:47:45.849 [main] INFO  o.q.i.StdSchedulerFactory - [instantiate,1378] - Quartz scheduler version: 2.3.2
09:47:45.849 [main] INFO  o.q.c.QuartzScheduler - [setJobFactory,2293] - JobFactory set to: org.springframework.scheduling.quartz.SpringBeanJobFactory@45295cfd
09:47:46.666 [main] INFO  c.z.h.HikariDataSource - [getConnection,110] - HikariPool-1 - Starting...
09:47:47.525 [main] INFO  c.z.h.HikariDataSource - [getConnection,123] - HikariPool-1 - Start completed.
09:47:49.308 [main] INFO  c.a.c.s.SentinelWebMvcConfigurer - [addInterceptors,52] - [Sentinel Starter] register SentinelWebInterceptor with urlPatterns: [/**].
09:47:54.597 [main] INFO  c.a.n.c.r.client - [lambda$createClient$0,80] - [RpcClientFactory] create a new rpc client of ee7aaafe-a7a4-4f0b-bb95-595dbc89ac2d
09:47:54.598 [main] INFO  c.a.n.c.r.client - [printIfInfoEnabled,60] - [ee7aaafe-a7a4-4f0b-bb95-595dbc89ac2d] RpcClient init label, labels = {module=naming, source=sdk}
09:47:54.600 [main] INFO  c.a.n.c.r.client - [printIfInfoEnabled,60] - [ee7aaafe-a7a4-4f0b-bb95-595dbc89ac2d] RpcClient init, ServerListFactory = com.alibaba.nacos.client.naming.core.ServerListManager
09:47:54.600 [main] INFO  c.a.n.c.r.client - [printIfInfoEnabled,60] - [ee7aaafe-a7a4-4f0b-bb95-595dbc89ac2d] Registry connection listener to current client:com.alibaba.nacos.client.naming.remote.gprc.redo.NamingGrpcRedoService
09:47:54.601 [main] INFO  c.a.n.c.r.client - [printIfInfoEnabled,60] - [ee7aaafe-a7a4-4f0b-bb95-595dbc89ac2d] Register server push request handler:com.alibaba.nacos.client.naming.remote.gprc.NamingPushRequestHandler
09:47:54.602 [main] INFO  c.a.n.c.r.client - [printIfInfoEnabled,60] - [ee7aaafe-a7a4-4f0b-bb95-595dbc89ac2d] Try to connect to server on start up, server: {serverIp = '127.0.0.1', server main port = 8848}
09:47:54.743 [main] INFO  c.a.n.c.r.client - [printIfInfoEnabled,60] - [ee7aaafe-a7a4-4f0b-bb95-595dbc89ac2d] Success to connect to server [127.0.0.1:8848] on start up, connectionId = 1682473674620_127.0.0.1_49489
09:47:54.744 [main] INFO  c.a.n.c.r.client - [printIfInfoEnabled,60] - [ee7aaafe-a7a4-4f0b-bb95-595dbc89ac2d] Register server push request handler:com.alibaba.nacos.common.remote.client.RpcClient$ConnectResetRequestHandler
09:47:54.744 [com.alibaba.nacos.client.remote.worker] INFO  c.a.n.c.r.client - [printIfInfoEnabled,60] - [ee7aaafe-a7a4-4f0b-bb95-595dbc89ac2d] Notify connected event to listeners.
09:47:54.745 [main] INFO  c.a.n.c.r.client - [printIfInfoEnabled,60] - [ee7aaafe-a7a4-4f0b-bb95-595dbc89ac2d] Register server push request handler:com.alibaba.nacos.common.remote.client.RpcClient$$Lambda$480/0x000000080102def0
09:47:54.813 [main] INFO  o.a.c.h.Http11NioProtocol - [log,173] - Starting ProtocolHandler ["http-nio-9203"]
09:47:54.846 [main] INFO  c.a.c.n.r.NacosServiceRegistry - [register,75] - nacos registry, DEFAULT_GROUP cms-job 10.110.168.163:9203 register finished
09:47:55.285 [main] INFO  o.q.c.QuartzScheduler - [start,547] - Scheduler quartzScheduler_$_NON_CLUSTERED started.
09:47:55.316 [main] INFO  c.c.j.RuoYiJobApplication - [logStarted,61] - Started RuoYiJobApplication in 20.597 seconds (JVM running for 21.865)
09:47:55.318 [nacos-grpc-client-executor-8] INFO  c.a.n.c.r.client - [printIfInfoEnabled,60] - [ee7aaafe-a7a4-4f0b-bb95-595dbc89ac2d] Receive server push request, request = NotifySubscriberRequest, requestId = 9
09:47:55.324 [nacos-grpc-client-executor-8] INFO  c.a.n.c.r.client - [printIfInfoEnabled,60] - [ee7aaafe-a7a4-4f0b-bb95-595dbc89ac2d] Ack server push request, request = NotifySubscriberRequest, requestId = 9
09:47:55.330 [main] INFO  c.a.c.n.r.NacosContextRefresher - [registerNacosListener,129] - [Nacos Config] Listening config: dataId=cms-job-dev.yml, group=DEFAULT_GROUP
09:47:55.331 [main] INFO  c.a.c.n.r.NacosContextRefresher - [registerNacosListener,129] - [Nacos Config] Listening config: dataId=cms-job.yml, group=DEFAULT_GROUP
09:47:55.331 [main] INFO  c.a.c.n.r.NacosContextRefresher - [registerNacosListener,129] - [Nacos Config] Listening config: dataId=cms-job, group=DEFAULT_GROUP
09:47:55.853 [RMI TCP Connection(12)-10.110.168.163] INFO  o.a.c.c.C.[.[.[/] - [log,173] - Initializing Spring DispatcherServlet 'dispatcherServlet'
