23:31:17.351 [SpringApplicationShutdownHook] INFO  o.q.c.QuartzScheduler - [standby,585] - Scheduler quartzScheduler_$_NON_CLUSTERED paused.
23:31:17.394 [SpringApplicationShutdownHook] INFO  c.a.c.n.r.NacosServiceRegistry - [deregister,94] - De-registering from Nacos Server now...
23:31:17.396 [SpringApplicationShutdownHook] INFO  c.a.c.n.r.NacosServiceRegistry - [deregister,114] - De-registration finished.
23:31:17.709 [SpringApplicationShutdownHook] INFO  c.a.n.c.r.client - [shutdown,454] - Shutdown rpc client, set status to shutdown
23:31:17.709 [SpringApplicationShutdownHook] INFO  c.a.n.c.r.client - [shutdown,456] - Shutdown client event executor java.util.concurrent.ScheduledThreadPoolExecutor@d5205ef[Running, pool size = 2, active threads = 2, queued tasks = 0, completed tasks = 0]
23:31:17.709 [SpringApplicationShutdownHook] INFO  c.a.n.c.r.client - [closeConnection,591] - Close current connection 1685667314399_127.0.0.1_51760
23:31:17.711 [nacos-grpc-client-executor-825] INFO  c.a.n.c.r.c.g.GrpcClient - [printIfInfoEnabled,60] - [1685667314399_127.0.0.1_51760]Ignore complete event,isRunning:false,isAbandon=false
23:31:17.716 [SpringApplicationShutdownHook] INFO  c.a.n.c.r.c.g.GrpcClient - [shutdown,85] - Shutdown grpc executor java.util.concurrent.ThreadPoolExecutor@27f7639[Running, pool size = 5, active threads = 0, queued tasks = 0, completed tasks = 826]
23:31:17.860 [SpringApplicationShutdownHook] INFO  o.q.c.QuartzScheduler - [shutdown,666] - Scheduler quartzScheduler_$_NON_CLUSTERED shutting down.
23:31:17.861 [SpringApplicationShutdownHook] INFO  o.q.c.QuartzScheduler - [standby,585] - Scheduler quartzScheduler_$_NON_CLUSTERED paused.
23:31:17.861 [SpringApplicationShutdownHook] INFO  o.q.c.QuartzScheduler - [shutdown,740] - Scheduler quartzScheduler_$_NON_CLUSTERED shutdown complete.
23:31:17.864 [SpringApplicationShutdownHook] INFO  c.z.h.HikariDataSource - [close,350] - HikariPool-1 - Shutdown initiated...
23:31:17.868 [SpringApplicationShutdownHook] INFO  c.z.h.HikariDataSource - [close,352] - HikariPool-1 - Shutdown completed.
23:31:27.279 [background-preinit] INFO  o.h.v.i.util.Version - [<clinit>,21] - HV000001: Hibernate Validator 6.2.5.Final
23:31:27.868 [main] INFO  c.a.n.c.r.client - [lambda$createClient$0,80] - [RpcClientFactory] create a new rpc client of 1f3fc7f9-c190-4cc2-8137-80d17e67fdbe_config-0
23:31:27.919 [main] INFO  o.r.Reflections - [scan,232] - Reflections took 30 ms to scan 1 urls, producing 3 keys and 6 values 
23:31:27.949 [main] INFO  o.r.Reflections - [scan,232] - Reflections took 15 ms to scan 1 urls, producing 4 keys and 9 values 
23:31:27.966 [main] INFO  o.r.Reflections - [scan,232] - Reflections took 13 ms to scan 1 urls, producing 3 keys and 10 values 
23:31:27.981 [main] INFO  o.r.Reflections - [scan,232] - Reflections took 11 ms to scan 1 urls, producing 1 keys and 5 values 
23:31:27.997 [main] INFO  o.r.Reflections - [scan,232] - Reflections took 14 ms to scan 1 urls, producing 1 keys and 7 values 
23:31:28.013 [main] INFO  o.r.Reflections - [scan,232] - Reflections took 14 ms to scan 1 urls, producing 2 keys and 8 values 
23:31:28.017 [main] INFO  c.a.n.c.r.client - [printIfInfoEnabled,60] - [1f3fc7f9-c190-4cc2-8137-80d17e67fdbe_config-0] RpcClient init label, labels = {module=config, Vipserver-Tag=null, source=sdk, Amory-Tag=null, Location-Tag=null, taskId=0, AppName=unknown}
23:31:28.018 [main] INFO  c.a.n.c.r.client - [printIfInfoEnabled,60] - [1f3fc7f9-c190-4cc2-8137-80d17e67fdbe_config-0] Register server push request handler:com.alibaba.nacos.client.config.impl.ClientWorker$ConfigRpcTransportClient$$Lambda$468/0x0000000800f3b940
23:31:28.018 [main] INFO  c.a.n.c.r.client - [printIfInfoEnabled,60] - [1f3fc7f9-c190-4cc2-8137-80d17e67fdbe_config-0] Register server push request handler:com.alibaba.nacos.client.config.impl.ClientWorker$ConfigRpcTransportClient$$Lambda$469/0x0000000800f3bb68
23:31:28.019 [main] INFO  c.a.n.c.r.client - [printIfInfoEnabled,60] - [1f3fc7f9-c190-4cc2-8137-80d17e67fdbe_config-0] Registry connection listener to current client:com.alibaba.nacos.client.config.impl.ClientWorker$ConfigRpcTransportClient$1
23:31:28.020 [main] INFO  c.a.n.c.r.client - [printIfInfoEnabled,60] - [1f3fc7f9-c190-4cc2-8137-80d17e67fdbe_config-0] RpcClient init, ServerListFactory = com.alibaba.nacos.client.config.impl.ClientWorker$ConfigRpcTransportClient$2
23:31:28.030 [main] INFO  c.a.n.c.r.client - [printIfInfoEnabled,60] - [1f3fc7f9-c190-4cc2-8137-80d17e67fdbe_config-0] Try to connect to server on start up, server: {serverIp = '127.0.0.1', server main port = 8848}
23:31:28.641 [main] INFO  c.a.n.c.r.client - [printIfInfoEnabled,60] - [1f3fc7f9-c190-4cc2-8137-80d17e67fdbe_config-0] Success to connect to server [127.0.0.1:8848] on start up, connectionId = 1685806288448_127.0.0.1_54692
23:31:28.642 [com.alibaba.nacos.client.remote.worker] INFO  c.a.n.c.r.client - [printIfInfoEnabled,60] - [1f3fc7f9-c190-4cc2-8137-80d17e67fdbe_config-0] Notify connected event to listeners.
23:31:28.642 [main] INFO  c.a.n.c.r.client - [printIfInfoEnabled,60] - [1f3fc7f9-c190-4cc2-8137-80d17e67fdbe_config-0] Register server push request handler:com.alibaba.nacos.common.remote.client.RpcClient$ConnectResetRequestHandler
23:31:28.643 [main] INFO  c.a.n.c.r.client - [printIfInfoEnabled,60] - [1f3fc7f9-c190-4cc2-8137-80d17e67fdbe_config-0] Register server push request handler:com.alibaba.nacos.common.remote.client.RpcClient$$Lambda$480/0x000000080103b568
23:31:28.740 [main] INFO  c.c.j.CMSJobApplication - [logStartupProfileInfo,637] - The following 1 profile is active: "dev"
23:31:33.005 [main] INFO  o.a.c.h.Http11NioProtocol - [log,173] - Initializing ProtocolHandler ["http-nio-9203"]
23:31:33.006 [main] INFO  o.a.c.c.StandardService - [log,173] - Starting service [Tomcat]
23:31:33.007 [main] INFO  o.a.c.c.StandardEngine - [log,173] - Starting Servlet engine: [Apache Tomcat/9.0.70]
23:31:33.465 [main] INFO  o.a.c.c.C.[.[.[/] - [log,173] - Initializing Spring embedded WebApplicationContext
23:31:34.336 [main] INFO  o.q.i.StdSchedulerFactory - [instantiate,1220] - Using default implementation for ThreadExecutor
23:31:34.352 [main] INFO  o.q.c.SchedulerSignalerImpl - [<init>,61] - Initialized Scheduler Signaller of type: class org.quartz.core.SchedulerSignalerImpl
23:31:34.352 [main] INFO  o.q.c.QuartzScheduler - [<init>,229] - Quartz Scheduler v.2.3.2 created.
23:31:34.353 [main] INFO  o.q.s.RAMJobStore - [initialize,155] - RAMJobStore initialized.
23:31:34.354 [main] INFO  o.q.c.QuartzScheduler - [initialize,294] - Scheduler meta-data: Quartz Scheduler (v2.3.2) 'quartzScheduler' with instanceId 'NON_CLUSTERED'
  Scheduler class: 'org.quartz.core.QuartzScheduler' - running locally.
  NOT STARTED.
  Currently in standby mode.
  Number of jobs executed: 0
  Using thread pool 'org.quartz.simpl.SimpleThreadPool' - with 10 threads.
  Using job-store 'org.quartz.simpl.RAMJobStore' - which does not support persistence. and is not clustered.

23:31:34.354 [main] INFO  o.q.i.StdSchedulerFactory - [instantiate,1374] - Quartz scheduler 'quartzScheduler' initialized from an externally provided properties instance.
23:31:34.354 [main] INFO  o.q.i.StdSchedulerFactory - [instantiate,1378] - Quartz scheduler version: 2.3.2
23:31:34.354 [main] INFO  o.q.c.QuartzScheduler - [setJobFactory,2293] - JobFactory set to: org.springframework.scheduling.quartz.SpringBeanJobFactory@4713b631
23:31:34.807 [main] INFO  c.z.h.HikariDataSource - [getConnection,110] - HikariPool-1 - Starting...
23:31:35.292 [main] INFO  c.z.h.HikariDataSource - [getConnection,123] - HikariPool-1 - Start completed.
23:31:36.326 [main] INFO  c.a.c.s.SentinelWebMvcConfigurer - [addInterceptors,52] - [Sentinel Starter] register SentinelWebInterceptor with urlPatterns: [/**].
23:31:40.314 [main] INFO  c.a.n.c.r.client - [lambda$createClient$0,80] - [RpcClientFactory] create a new rpc client of b09d3754-9935-4170-8e60-1ed91dc98740
23:31:40.315 [main] INFO  c.a.n.c.r.client - [printIfInfoEnabled,60] - [b09d3754-9935-4170-8e60-1ed91dc98740] RpcClient init label, labels = {module=naming, source=sdk}
23:31:40.319 [main] INFO  c.a.n.c.r.client - [printIfInfoEnabled,60] - [b09d3754-9935-4170-8e60-1ed91dc98740] RpcClient init, ServerListFactory = com.alibaba.nacos.client.naming.core.ServerListManager
23:31:40.320 [main] INFO  c.a.n.c.r.client - [printIfInfoEnabled,60] - [b09d3754-9935-4170-8e60-1ed91dc98740] Registry connection listener to current client:com.alibaba.nacos.client.naming.remote.gprc.redo.NamingGrpcRedoService
23:31:40.321 [main] INFO  c.a.n.c.r.client - [printIfInfoEnabled,60] - [b09d3754-9935-4170-8e60-1ed91dc98740] Register server push request handler:com.alibaba.nacos.client.naming.remote.gprc.NamingPushRequestHandler
23:31:40.326 [main] INFO  c.a.n.c.r.client - [printIfInfoEnabled,60] - [b09d3754-9935-4170-8e60-1ed91dc98740] Try to connect to server on start up, server: {serverIp = '127.0.0.1', server main port = 8848}
23:31:40.477 [main] INFO  c.a.n.c.r.client - [printIfInfoEnabled,60] - [b09d3754-9935-4170-8e60-1ed91dc98740] Success to connect to server [127.0.0.1:8848] on start up, connectionId = 1685806300351_127.0.0.1_54736
23:31:40.478 [main] INFO  c.a.n.c.r.client - [printIfInfoEnabled,60] - [b09d3754-9935-4170-8e60-1ed91dc98740] Register server push request handler:com.alibaba.nacos.common.remote.client.RpcClient$ConnectResetRequestHandler
23:31:40.478 [com.alibaba.nacos.client.remote.worker] INFO  c.a.n.c.r.client - [printIfInfoEnabled,60] - [b09d3754-9935-4170-8e60-1ed91dc98740] Notify connected event to listeners.
23:31:40.478 [main] INFO  c.a.n.c.r.client - [printIfInfoEnabled,60] - [b09d3754-9935-4170-8e60-1ed91dc98740] Register server push request handler:com.alibaba.nacos.common.remote.client.RpcClient$$Lambda$480/0x000000080103b568
23:31:40.521 [main] INFO  o.a.c.h.Http11NioProtocol - [log,173] - Starting ProtocolHandler ["http-nio-9203"]
23:31:40.551 [main] INFO  c.a.c.n.r.NacosServiceRegistry - [register,75] - nacos registry, DEFAULT_GROUP cms-job 192.168.1.3:9203 register finished
23:31:40.579 [nacos-grpc-client-executor-10] INFO  c.a.n.c.r.client - [printIfInfoEnabled,60] - [b09d3754-9935-4170-8e60-1ed91dc98740] Receive server push request, request = NotifySubscriberRequest, requestId = 167
23:31:40.586 [nacos-grpc-client-executor-10] INFO  c.a.n.c.r.client - [printIfInfoEnabled,60] - [b09d3754-9935-4170-8e60-1ed91dc98740] Ack server push request, request = NotifySubscriberRequest, requestId = 167
23:31:41.365 [main] INFO  o.q.c.QuartzScheduler - [start,547] - Scheduler quartzScheduler_$_NON_CLUSTERED started.
23:31:41.400 [main] INFO  c.c.j.CMSJobApplication - [logStarted,61] - Started CMSJobApplication in 14.962 seconds (JVM running for 16.108)
23:31:41.423 [main] INFO  c.a.c.n.r.NacosContextRefresher - [registerNacosListener,129] - [Nacos Config] Listening config: dataId=cms-job-dev.yml, group=DEFAULT_GROUP
23:31:41.448 [main] INFO  c.a.c.n.r.NacosContextRefresher - [registerNacosListener,129] - [Nacos Config] Listening config: dataId=cms-job.yml, group=DEFAULT_GROUP
23:31:41.449 [main] INFO  c.a.c.n.r.NacosContextRefresher - [registerNacosListener,129] - [Nacos Config] Listening config: dataId=cms-job, group=DEFAULT_GROUP
23:31:41.888 [RMI TCP Connection(4)-192.168.1.3] INFO  o.a.c.c.C.[.[.[/] - [log,173] - Initializing Spring DispatcherServlet 'dispatcherServlet'
