20:39:57.135 [SpringApplicationShutdownHook] INFO  o.q.c.QuartzScheduler - [standby,585] - Scheduler quartzScheduler_$_NON_CLUSTERED paused.
20:39:57.231 [SpringApplicationShutdownHook] INFO  c.a.c.n.r.NacosServiceRegistry - [deregister,94] - De-registering from Nacos Server now...
20:39:57.237 [SpringApplicationShutdownHook] INFO  c.a.c.n.r.NacosServiceRegistry - [deregister,114] - De-registration finished.
20:39:57.551 [SpringApplicationShutdownHook] INFO  c.a.n.c.r.client - [shutdown,454] - Shutdown rpc client, set status to shutdown
20:39:57.551 [SpringApplicationShutdownHook] INFO  c.a.n.c.r.client - [shutdown,456] - Shutdown client event executor java.util.concurrent.ScheduledThreadPoolExecutor@75d8cb38[Running, pool size = 2, active threads = 2, queued tasks = 0, completed tasks = 0]
20:39:57.551 [SpringApplicationShutdownHook] INFO  c.a.n.c.r.client - [closeConnection,591] - Close current connection 1681559565857_127.0.0.1_55256
20:39:57.554 [nacos-grpc-client-executor-24687] INFO  c.a.n.c.r.c.g.GrpcClient - [printIfInfoEnabled,60] - [1681559565857_127.0.0.1_55256]Ignore complete event,isRunning:false,isAbandon=false
20:39:57.563 [SpringApplicationShutdownHook] INFO  c.a.n.c.r.c.g.GrpcClient - [shutdown,85] - Shutdown grpc executor java.util.concurrent.ThreadPoolExecutor@495a7a60[Running, pool size = 7, active threads = 0, queued tasks = 0, completed tasks = 24688]
20:39:57.726 [SpringApplicationShutdownHook] INFO  o.q.c.QuartzScheduler - [shutdown,666] - Scheduler quartzScheduler_$_NON_CLUSTERED shutting down.
20:39:57.726 [SpringApplicationShutdownHook] INFO  o.q.c.QuartzScheduler - [standby,585] - Scheduler quartzScheduler_$_NON_CLUSTERED paused.
20:39:57.727 [SpringApplicationShutdownHook] INFO  o.q.c.QuartzScheduler - [shutdown,740] - Scheduler quartzScheduler_$_NON_CLUSTERED shutdown complete.
20:39:57.730 [SpringApplicationShutdownHook] INFO  c.z.h.HikariDataSource - [close,350] - HikariPool-1 - Shutdown initiated...
20:39:57.737 [SpringApplicationShutdownHook] INFO  c.z.h.HikariDataSource - [close,352] - HikariPool-1 - Shutdown completed.
20:40:46.950 [background-preinit] INFO  o.h.v.i.util.Version - [<clinit>,21] - HV000001: Hibernate Validator 6.2.5.Final
20:40:47.361 [main] INFO  c.a.n.c.r.client - [lambda$createClient$0,80] - [RpcClientFactory] create a new rpc client of 9b040206-9002-4b1a-a8b1-2eaed756e8f4_config-0
20:40:47.394 [main] INFO  o.r.Reflections - [scan,232] - Reflections took 21 ms to scan 1 urls, producing 3 keys and 6 values 
20:40:47.416 [main] INFO  o.r.Reflections - [scan,232] - Reflections took 13 ms to scan 1 urls, producing 4 keys and 9 values 
20:40:47.432 [main] INFO  o.r.Reflections - [scan,232] - Reflections took 12 ms to scan 1 urls, producing 3 keys and 10 values 
20:40:47.448 [main] INFO  o.r.Reflections - [scan,232] - Reflections took 11 ms to scan 1 urls, producing 1 keys and 5 values 
20:40:47.462 [main] INFO  o.r.Reflections - [scan,232] - Reflections took 11 ms to scan 1 urls, producing 1 keys and 7 values 
20:40:47.476 [main] INFO  o.r.Reflections - [scan,232] - Reflections took 13 ms to scan 1 urls, producing 2 keys and 8 values 
20:40:47.479 [main] INFO  c.a.n.c.r.client - [printIfInfoEnabled,60] - [9b040206-9002-4b1a-a8b1-2eaed756e8f4_config-0] RpcClient init label, labels = {module=config, Vipserver-Tag=null, source=sdk, Amory-Tag=null, Location-Tag=null, taskId=0, AppName=unknown}
20:40:47.480 [main] INFO  c.a.n.c.r.client - [printIfInfoEnabled,60] - [9b040206-9002-4b1a-a8b1-2eaed756e8f4_config-0] Register server push request handler:com.alibaba.nacos.client.config.impl.ClientWorker$ConfigRpcTransportClient$$Lambda$468/0x0000000800f1d100
20:40:47.480 [main] INFO  c.a.n.c.r.client - [printIfInfoEnabled,60] - [9b040206-9002-4b1a-a8b1-2eaed756e8f4_config-0] Register server push request handler:com.alibaba.nacos.client.config.impl.ClientWorker$ConfigRpcTransportClient$$Lambda$469/0x0000000800f1d328
20:40:47.480 [main] INFO  c.a.n.c.r.client - [printIfInfoEnabled,60] - [9b040206-9002-4b1a-a8b1-2eaed756e8f4_config-0] Registry connection listener to current client:com.alibaba.nacos.client.config.impl.ClientWorker$ConfigRpcTransportClient$1
20:40:47.481 [main] INFO  c.a.n.c.r.client - [printIfInfoEnabled,60] - [9b040206-9002-4b1a-a8b1-2eaed756e8f4_config-0] RpcClient init, ServerListFactory = com.alibaba.nacos.client.config.impl.ClientWorker$ConfigRpcTransportClient$2
20:40:47.487 [main] INFO  c.a.n.c.r.client - [printIfInfoEnabled,60] - [9b040206-9002-4b1a-a8b1-2eaed756e8f4_config-0] Try to connect to server on start up, server: {serverIp = '127.0.0.1', server main port = 8848}
20:40:48.024 [main] INFO  c.a.n.c.r.client - [printIfInfoEnabled,60] - [9b040206-9002-4b1a-a8b1-2eaed756e8f4_config-0] Success to connect to server [127.0.0.1:8848] on start up, connectionId = 1681908047830_127.0.0.1_53904
20:40:48.024 [com.alibaba.nacos.client.remote.worker] INFO  c.a.n.c.r.client - [printIfInfoEnabled,60] - [9b040206-9002-4b1a-a8b1-2eaed756e8f4_config-0] Notify connected event to listeners.
20:40:48.024 [main] INFO  c.a.n.c.r.client - [printIfInfoEnabled,60] - [9b040206-9002-4b1a-a8b1-2eaed756e8f4_config-0] Register server push request handler:com.alibaba.nacos.common.remote.client.RpcClient$ConnectResetRequestHandler
20:40:48.025 [main] INFO  c.a.n.c.r.client - [printIfInfoEnabled,60] - [9b040206-9002-4b1a-a8b1-2eaed756e8f4_config-0] Register server push request handler:com.alibaba.nacos.common.remote.client.RpcClient$$Lambda$480/0x00000008010253e0
20:40:48.092 [main] INFO  c.c.j.RuoYiJobApplication - [logStartupProfileInfo,637] - The following 1 profile is active: "dev"
20:40:50.893 [main] INFO  o.a.c.h.Http11NioProtocol - [log,173] - Initializing ProtocolHandler ["http-nio-9203"]
20:40:50.894 [main] INFO  o.a.c.c.StandardService - [log,173] - Starting service [Tomcat]
20:40:50.894 [main] INFO  o.a.c.c.StandardEngine - [log,173] - Starting Servlet engine: [Apache Tomcat/9.0.70]
20:40:51.092 [main] INFO  o.a.c.c.C.[.[.[/] - [log,173] - Initializing Spring embedded WebApplicationContext
20:40:51.679 [main] INFO  o.q.i.StdSchedulerFactory - [instantiate,1220] - Using default implementation for ThreadExecutor
20:40:51.707 [main] INFO  o.q.c.SchedulerSignalerImpl - [<init>,61] - Initialized Scheduler Signaller of type: class org.quartz.core.SchedulerSignalerImpl
20:40:51.707 [main] INFO  o.q.c.QuartzScheduler - [<init>,229] - Quartz Scheduler v.2.3.2 created.
20:40:51.709 [main] INFO  o.q.s.RAMJobStore - [initialize,155] - RAMJobStore initialized.
20:40:51.710 [main] INFO  o.q.c.QuartzScheduler - [initialize,294] - Scheduler meta-data: Quartz Scheduler (v2.3.2) 'quartzScheduler' with instanceId 'NON_CLUSTERED'
  Scheduler class: 'org.quartz.core.QuartzScheduler' - running locally.
  NOT STARTED.
  Currently in standby mode.
  Number of jobs executed: 0
  Using thread pool 'org.quartz.simpl.SimpleThreadPool' - with 10 threads.
  Using job-store 'org.quartz.simpl.RAMJobStore' - which does not support persistence. and is not clustered.

20:40:51.710 [main] INFO  o.q.i.StdSchedulerFactory - [instantiate,1374] - Quartz scheduler 'quartzScheduler' initialized from an externally provided properties instance.
20:40:51.710 [main] INFO  o.q.i.StdSchedulerFactory - [instantiate,1378] - Quartz scheduler version: 2.3.2
20:40:51.711 [main] INFO  o.q.c.QuartzScheduler - [setJobFactory,2293] - JobFactory set to: org.springframework.scheduling.quartz.SpringBeanJobFactory@efa04b5
20:40:52.009 [main] INFO  c.z.h.HikariDataSource - [getConnection,110] - HikariPool-1 - Starting...
20:40:52.408 [main] INFO  c.z.h.HikariDataSource - [getConnection,123] - HikariPool-1 - Start completed.
20:40:53.520 [main] INFO  c.a.c.s.SentinelWebMvcConfigurer - [addInterceptors,52] - [Sentinel Starter] register SentinelWebInterceptor with urlPatterns: [/**].
20:40:56.131 [main] INFO  c.a.n.c.r.client - [lambda$createClient$0,80] - [RpcClientFactory] create a new rpc client of 5312d140-8938-4dc9-9303-89ad76789ce1
20:40:56.131 [main] INFO  c.a.n.c.r.client - [printIfInfoEnabled,60] - [5312d140-8938-4dc9-9303-89ad76789ce1] RpcClient init label, labels = {module=naming, source=sdk}
20:40:56.133 [main] INFO  c.a.n.c.r.client - [printIfInfoEnabled,60] - [5312d140-8938-4dc9-9303-89ad76789ce1] RpcClient init, ServerListFactory = com.alibaba.nacos.client.naming.core.ServerListManager
20:40:56.133 [main] INFO  c.a.n.c.r.client - [printIfInfoEnabled,60] - [5312d140-8938-4dc9-9303-89ad76789ce1] Registry connection listener to current client:com.alibaba.nacos.client.naming.remote.gprc.redo.NamingGrpcRedoService
20:40:56.134 [main] INFO  c.a.n.c.r.client - [printIfInfoEnabled,60] - [5312d140-8938-4dc9-9303-89ad76789ce1] Register server push request handler:com.alibaba.nacos.client.naming.remote.gprc.NamingPushRequestHandler
20:40:56.134 [main] INFO  c.a.n.c.r.client - [printIfInfoEnabled,60] - [5312d140-8938-4dc9-9303-89ad76789ce1] Try to connect to server on start up, server: {serverIp = '127.0.0.1', server main port = 8848}
20:40:56.281 [main] INFO  c.a.n.c.r.client - [printIfInfoEnabled,60] - [5312d140-8938-4dc9-9303-89ad76789ce1] Success to connect to server [127.0.0.1:8848] on start up, connectionId = 1681908056153_127.0.0.1_53941
20:40:56.281 [main] INFO  c.a.n.c.r.client - [printIfInfoEnabled,60] - [5312d140-8938-4dc9-9303-89ad76789ce1] Register server push request handler:com.alibaba.nacos.common.remote.client.RpcClient$ConnectResetRequestHandler
20:40:56.281 [com.alibaba.nacos.client.remote.worker] INFO  c.a.n.c.r.client - [printIfInfoEnabled,60] - [5312d140-8938-4dc9-9303-89ad76789ce1] Notify connected event to listeners.
20:40:56.281 [main] INFO  c.a.n.c.r.client - [printIfInfoEnabled,60] - [5312d140-8938-4dc9-9303-89ad76789ce1] Register server push request handler:com.alibaba.nacos.common.remote.client.RpcClient$$Lambda$480/0x00000008010253e0
20:40:56.310 [main] INFO  o.a.c.h.Http11NioProtocol - [log,173] - Starting ProtocolHandler ["http-nio-9203"]
20:40:56.343 [main] INFO  c.a.c.n.r.NacosServiceRegistry - [register,75] - nacos registry, DEFAULT_GROUP cms-job 192.168.1.9:9203 register finished
20:40:56.630 [main] INFO  o.q.c.QuartzScheduler - [start,547] - Scheduler quartzScheduler_$_NON_CLUSTERED started.
20:40:56.646 [main] INFO  c.c.j.RuoYiJobApplication - [logStarted,61] - Started RuoYiJobApplication in 10.391 seconds (JVM running for 11.423)
20:40:56.655 [main] INFO  c.a.c.n.r.NacosContextRefresher - [registerNacosListener,129] - [Nacos Config] Listening config: dataId=cms-job-dev.yml, group=DEFAULT_GROUP
20:40:56.655 [main] INFO  c.a.c.n.r.NacosContextRefresher - [registerNacosListener,129] - [Nacos Config] Listening config: dataId=cms-job.yml, group=DEFAULT_GROUP
20:40:56.655 [main] INFO  c.a.c.n.r.NacosContextRefresher - [registerNacosListener,129] - [Nacos Config] Listening config: dataId=cms-job, group=DEFAULT_GROUP
20:40:56.730 [RMI TCP Connection(4)-192.168.1.9] INFO  o.a.c.c.C.[.[.[/] - [log,173] - Initializing Spring DispatcherServlet 'dispatcherServlet'
20:40:56.891 [nacos-grpc-client-executor-10] INFO  c.a.n.c.r.client - [printIfInfoEnabled,60] - [5312d140-8938-4dc9-9303-89ad76789ce1] Receive server push request, request = NotifySubscriberRequest, requestId = 156
20:40:56.894 [nacos-grpc-client-executor-10] INFO  c.a.n.c.r.client - [printIfInfoEnabled,60] - [5312d140-8938-4dc9-9303-89ad76789ce1] Ack server push request, request = NotifySubscriberRequest, requestId = 156
22:48:10.568 [background-preinit] INFO  o.h.v.i.util.Version - [<clinit>,21] - HV000001: Hibernate Validator 6.2.5.Final
22:48:11.623 [main] INFO  c.a.n.c.r.client - [lambda$createClient$0,80] - [RpcClientFactory] create a new rpc client of 06276487-0513-49b7-8feb-16ec270cf868_config-0
22:48:11.696 [main] INFO  o.r.Reflections - [scan,232] - Reflections took 50 ms to scan 1 urls, producing 3 keys and 6 values 
22:48:11.755 [main] INFO  o.r.Reflections - [scan,232] - Reflections took 41 ms to scan 1 urls, producing 4 keys and 9 values 
22:48:11.797 [main] INFO  o.r.Reflections - [scan,232] - Reflections took 33 ms to scan 1 urls, producing 3 keys and 10 values 
22:48:11.842 [main] INFO  o.r.Reflections - [scan,232] - Reflections took 23 ms to scan 1 urls, producing 1 keys and 5 values 
22:48:11.884 [main] INFO  o.r.Reflections - [scan,232] - Reflections took 36 ms to scan 1 urls, producing 1 keys and 7 values 
22:48:11.904 [main] INFO  o.r.Reflections - [scan,232] - Reflections took 15 ms to scan 1 urls, producing 2 keys and 8 values 
22:48:11.909 [main] INFO  c.a.n.c.r.client - [printIfInfoEnabled,60] - [06276487-0513-49b7-8feb-16ec270cf868_config-0] RpcClient init label, labels = {module=config, Vipserver-Tag=null, source=sdk, Amory-Tag=null, Location-Tag=null, taskId=0, AppName=unknown}
22:48:11.910 [main] INFO  c.a.n.c.r.client - [printIfInfoEnabled,60] - [06276487-0513-49b7-8feb-16ec270cf868_config-0] Register server push request handler:com.alibaba.nacos.client.config.impl.ClientWorker$ConfigRpcTransportClient$$Lambda$468/0x0000000800f1c990
22:48:11.910 [main] INFO  c.a.n.c.r.client - [printIfInfoEnabled,60] - [06276487-0513-49b7-8feb-16ec270cf868_config-0] Register server push request handler:com.alibaba.nacos.client.config.impl.ClientWorker$ConfigRpcTransportClient$$Lambda$469/0x0000000800f1cbb8
22:48:11.912 [main] INFO  c.a.n.c.r.client - [printIfInfoEnabled,60] - [06276487-0513-49b7-8feb-16ec270cf868_config-0] Registry connection listener to current client:com.alibaba.nacos.client.config.impl.ClientWorker$ConfigRpcTransportClient$1
22:48:11.914 [main] INFO  c.a.n.c.r.client - [printIfInfoEnabled,60] - [06276487-0513-49b7-8feb-16ec270cf868_config-0] RpcClient init, ServerListFactory = com.alibaba.nacos.client.config.impl.ClientWorker$ConfigRpcTransportClient$2
22:48:11.937 [main] INFO  c.a.n.c.r.client - [printIfInfoEnabled,60] - [06276487-0513-49b7-8feb-16ec270cf868_config-0] Try to connect to server on start up, server: {serverIp = '127.0.0.1', server main port = 8848}
22:48:12.729 [main] INFO  c.a.n.c.r.client - [printIfInfoEnabled,60] - [06276487-0513-49b7-8feb-16ec270cf868_config-0] Success to connect to server [127.0.0.1:8848] on start up, connectionId = 1681915692512_127.0.0.1_49552
22:48:12.730 [com.alibaba.nacos.client.remote.worker] INFO  c.a.n.c.r.client - [printIfInfoEnabled,60] - [06276487-0513-49b7-8feb-16ec270cf868_config-0] Notify connected event to listeners.
22:48:12.730 [main] INFO  c.a.n.c.r.client - [printIfInfoEnabled,60] - [06276487-0513-49b7-8feb-16ec270cf868_config-0] Register server push request handler:com.alibaba.nacos.common.remote.client.RpcClient$ConnectResetRequestHandler
22:48:12.731 [main] INFO  c.a.n.c.r.client - [printIfInfoEnabled,60] - [06276487-0513-49b7-8feb-16ec270cf868_config-0] Register server push request handler:com.alibaba.nacos.common.remote.client.RpcClient$$Lambda$480/0x0000000801024ba8
22:48:12.832 [main] INFO  c.c.j.RuoYiJobApplication - [logStartupProfileInfo,637] - The following 1 profile is active: "dev"
22:48:17.364 [main] INFO  o.a.c.h.Http11NioProtocol - [log,173] - Initializing ProtocolHandler ["http-nio-9203"]
22:48:17.366 [main] INFO  o.a.c.c.StandardService - [log,173] - Starting service [Tomcat]
22:48:17.366 [main] INFO  o.a.c.c.StandardEngine - [log,173] - Starting Servlet engine: [Apache Tomcat/9.0.70]
22:48:17.580 [main] INFO  o.a.c.c.C.[.[.[/] - [log,173] - Initializing Spring embedded WebApplicationContext
22:48:18.234 [main] INFO  o.q.i.StdSchedulerFactory - [instantiate,1220] - Using default implementation for ThreadExecutor
22:48:18.259 [main] INFO  o.q.c.SchedulerSignalerImpl - [<init>,61] - Initialized Scheduler Signaller of type: class org.quartz.core.SchedulerSignalerImpl
22:48:18.260 [main] INFO  o.q.c.QuartzScheduler - [<init>,229] - Quartz Scheduler v.2.3.2 created.
22:48:18.262 [main] INFO  o.q.s.RAMJobStore - [initialize,155] - RAMJobStore initialized.
22:48:18.263 [main] INFO  o.q.c.QuartzScheduler - [initialize,294] - Scheduler meta-data: Quartz Scheduler (v2.3.2) 'quartzScheduler' with instanceId 'NON_CLUSTERED'
  Scheduler class: 'org.quartz.core.QuartzScheduler' - running locally.
  NOT STARTED.
  Currently in standby mode.
  Number of jobs executed: 0
  Using thread pool 'org.quartz.simpl.SimpleThreadPool' - with 10 threads.
  Using job-store 'org.quartz.simpl.RAMJobStore' - which does not support persistence. and is not clustered.

22:48:18.264 [main] INFO  o.q.i.StdSchedulerFactory - [instantiate,1374] - Quartz scheduler 'quartzScheduler' initialized from an externally provided properties instance.
22:48:18.264 [main] INFO  o.q.i.StdSchedulerFactory - [instantiate,1378] - Quartz scheduler version: 2.3.2
22:48:18.265 [main] INFO  o.q.c.QuartzScheduler - [setJobFactory,2293] - JobFactory set to: org.springframework.scheduling.quartz.SpringBeanJobFactory@83e5898
22:48:18.687 [main] INFO  c.z.h.HikariDataSource - [getConnection,110] - HikariPool-1 - Starting...
22:48:19.178 [main] INFO  c.z.h.HikariDataSource - [getConnection,123] - HikariPool-1 - Start completed.
22:48:20.396 [main] INFO  c.a.c.s.SentinelWebMvcConfigurer - [addInterceptors,52] - [Sentinel Starter] register SentinelWebInterceptor with urlPatterns: [/**].
22:48:23.604 [main] INFO  c.a.n.c.r.client - [lambda$createClient$0,80] - [RpcClientFactory] create a new rpc client of 3d303dd4-e0f7-47cd-bf49-31e9ff5f0120
22:48:23.605 [main] INFO  c.a.n.c.r.client - [printIfInfoEnabled,60] - [3d303dd4-e0f7-47cd-bf49-31e9ff5f0120] RpcClient init label, labels = {module=naming, source=sdk}
22:48:23.606 [main] INFO  c.a.n.c.r.client - [printIfInfoEnabled,60] - [3d303dd4-e0f7-47cd-bf49-31e9ff5f0120] RpcClient init, ServerListFactory = com.alibaba.nacos.client.naming.core.ServerListManager
22:48:23.607 [main] INFO  c.a.n.c.r.client - [printIfInfoEnabled,60] - [3d303dd4-e0f7-47cd-bf49-31e9ff5f0120] Registry connection listener to current client:com.alibaba.nacos.client.naming.remote.gprc.redo.NamingGrpcRedoService
22:48:23.607 [main] INFO  c.a.n.c.r.client - [printIfInfoEnabled,60] - [3d303dd4-e0f7-47cd-bf49-31e9ff5f0120] Register server push request handler:com.alibaba.nacos.client.naming.remote.gprc.NamingPushRequestHandler
22:48:23.608 [main] INFO  c.a.n.c.r.client - [printIfInfoEnabled,60] - [3d303dd4-e0f7-47cd-bf49-31e9ff5f0120] Try to connect to server on start up, server: {serverIp = '127.0.0.1', server main port = 8848}
22:48:23.746 [main] INFO  c.a.n.c.r.client - [printIfInfoEnabled,60] - [3d303dd4-e0f7-47cd-bf49-31e9ff5f0120] Success to connect to server [127.0.0.1:8848] on start up, connectionId = 1681915703622_127.0.0.1_49631
22:48:23.747 [main] INFO  c.a.n.c.r.client - [printIfInfoEnabled,60] - [3d303dd4-e0f7-47cd-bf49-31e9ff5f0120] Register server push request handler:com.alibaba.nacos.common.remote.client.RpcClient$ConnectResetRequestHandler
22:48:23.747 [com.alibaba.nacos.client.remote.worker] INFO  c.a.n.c.r.client - [printIfInfoEnabled,60] - [3d303dd4-e0f7-47cd-bf49-31e9ff5f0120] Notify connected event to listeners.
22:48:23.747 [main] INFO  c.a.n.c.r.client - [printIfInfoEnabled,60] - [3d303dd4-e0f7-47cd-bf49-31e9ff5f0120] Register server push request handler:com.alibaba.nacos.common.remote.client.RpcClient$$Lambda$480/0x0000000801024ba8
22:48:23.773 [main] INFO  o.a.c.h.Http11NioProtocol - [log,173] - Starting ProtocolHandler ["http-nio-9203"]
22:48:23.791 [main] INFO  c.a.c.n.r.NacosServiceRegistry - [register,75] - nacos registry, DEFAULT_GROUP cms-job 192.168.1.4:9203 register finished
22:48:24.057 [main] INFO  o.q.c.QuartzScheduler - [start,547] - Scheduler quartzScheduler_$_NON_CLUSTERED started.
22:48:24.078 [main] INFO  c.c.j.RuoYiJobApplication - [logStarted,61] - Started RuoYiJobApplication in 14.525 seconds (JVM running for 15.881)
22:48:24.089 [main] INFO  c.a.c.n.r.NacosContextRefresher - [registerNacosListener,129] - [Nacos Config] Listening config: dataId=cms-job-dev.yml, group=DEFAULT_GROUP
22:48:24.089 [main] INFO  c.a.c.n.r.NacosContextRefresher - [registerNacosListener,129] - [Nacos Config] Listening config: dataId=cms-job.yml, group=DEFAULT_GROUP
22:48:24.090 [main] INFO  c.a.c.n.r.NacosContextRefresher - [registerNacosListener,129] - [Nacos Config] Listening config: dataId=cms-job, group=DEFAULT_GROUP
22:48:24.280 [nacos-grpc-client-executor-10] INFO  c.a.n.c.r.client - [printIfInfoEnabled,60] - [3d303dd4-e0f7-47cd-bf49-31e9ff5f0120] Receive server push request, request = NotifySubscriberRequest, requestId = 14
22:48:24.283 [nacos-grpc-client-executor-10] INFO  c.a.n.c.r.client - [printIfInfoEnabled,60] - [3d303dd4-e0f7-47cd-bf49-31e9ff5f0120] Ack server push request, request = NotifySubscriberRequest, requestId = 14
22:48:24.627 [RMI TCP Connection(7)-192.168.1.4] INFO  o.a.c.c.C.[.[.[/] - [log,173] - Initializing Spring DispatcherServlet 'dispatcherServlet'
