08:56:46.886 [SpringApplicationShutdownHook] INFO  c.a.c.n.r.NacosServiceRegistry - [deregister,94] - De-registering from Nacos Server now...
08:56:46.912 [SpringApplicationShutdownHook] INFO  c.a.c.n.r.NacosServiceRegistry - [deregister,114] - De-registration finished.
08:56:47.226 [SpringApplicationShutdownHook] INFO  c.a.n.c.r.client - [shutdown,454] - Shutdown rpc client, set status to shutdown
08:56:47.226 [SpringApplicationShutdownHook] INFO  c.a.n.c.r.client - [shutdown,456] - Shutdown client event executor java.util.concurrent.ScheduledThreadPoolExecutor@1ce31b70[Running, pool size = 2, active threads = 2, queued tasks = 0, completed tasks = 0]
08:56:47.227 [SpringApplicationShutdownHook] INFO  c.a.n.c.r.client - [closeConnection,591] - Close current connection 1682410168780_127.0.0.1_50789
08:56:47.230 [nacos-grpc-client-executor-5937] INFO  c.a.n.c.r.c.g.GrpcClient - [printIfInfoEnabled,60] - [1682410168780_127.0.0.1_50789]Ignore complete event,isRunning:false,isAbandon=false
08:56:47.243 [SpringApplicationShutdownHook] INFO  c.a.n.c.r.c.g.GrpcClient - [shutdown,85] - Shutdown grpc executor java.util.concurrent.ThreadPoolExecutor@38e626c5[Running, pool size = 5, active threads = 0, queued tasks = 0, completed tasks = 5938]
08:57:11.466 [background-preinit] INFO  o.h.v.i.util.Version - [<clinit>,21] - HV000001: Hibernate Validator 6.2.5.Final
08:57:11.891 [main] INFO  c.a.n.c.r.client - [lambda$createClient$0,80] - [RpcClientFactory] create a new rpc client of b39b4818-725b-49cd-909b-b251a7ecee8a_config-0
08:57:11.935 [main] INFO  o.r.Reflections - [scan,232] - Reflections took 23 ms to scan 1 urls, producing 3 keys and 6 values 
08:57:11.974 [main] INFO  o.r.Reflections - [scan,232] - Reflections took 13 ms to scan 1 urls, producing 4 keys and 9 values 
08:57:11.988 [main] INFO  o.r.Reflections - [scan,232] - Reflections took 12 ms to scan 1 urls, producing 3 keys and 10 values 
08:57:12.002 [main] INFO  o.r.Reflections - [scan,232] - Reflections took 11 ms to scan 1 urls, producing 1 keys and 5 values 
08:57:12.016 [main] INFO  o.r.Reflections - [scan,232] - Reflections took 12 ms to scan 1 urls, producing 1 keys and 7 values 
08:57:12.029 [main] INFO  o.r.Reflections - [scan,232] - Reflections took 11 ms to scan 1 urls, producing 2 keys and 8 values 
08:57:12.032 [main] INFO  c.a.n.c.r.client - [printIfInfoEnabled,60] - [b39b4818-725b-49cd-909b-b251a7ecee8a_config-0] RpcClient init label, labels = {module=config, Vipserver-Tag=null, source=sdk, Amory-Tag=null, Location-Tag=null, taskId=0, AppName=unknown}
08:57:12.032 [main] INFO  c.a.n.c.r.client - [printIfInfoEnabled,60] - [b39b4818-725b-49cd-909b-b251a7ecee8a_config-0] Register server push request handler:com.alibaba.nacos.client.config.impl.ClientWorker$ConfigRpcTransportClient$$Lambda$468/0x0000000800f3d878
08:57:12.032 [main] INFO  c.a.n.c.r.client - [printIfInfoEnabled,60] - [b39b4818-725b-49cd-909b-b251a7ecee8a_config-0] Register server push request handler:com.alibaba.nacos.client.config.impl.ClientWorker$ConfigRpcTransportClient$$Lambda$469/0x0000000800f3daa0
08:57:12.033 [main] INFO  c.a.n.c.r.client - [printIfInfoEnabled,60] - [b39b4818-725b-49cd-909b-b251a7ecee8a_config-0] Registry connection listener to current client:com.alibaba.nacos.client.config.impl.ClientWorker$ConfigRpcTransportClient$1
08:57:12.033 [main] INFO  c.a.n.c.r.client - [printIfInfoEnabled,60] - [b39b4818-725b-49cd-909b-b251a7ecee8a_config-0] RpcClient init, ServerListFactory = com.alibaba.nacos.client.config.impl.ClientWorker$ConfigRpcTransportClient$2
08:57:12.039 [main] INFO  c.a.n.c.r.client - [printIfInfoEnabled,60] - [b39b4818-725b-49cd-909b-b251a7ecee8a_config-0] Try to connect to server on start up, server: {serverIp = '127.0.0.1', server main port = 8848}
08:57:12.598 [main] INFO  c.a.n.c.r.client - [printIfInfoEnabled,60] - [b39b4818-725b-49cd-909b-b251a7ecee8a_config-0] Success to connect to server [127.0.0.1:8848] on start up, connectionId = 1682470632424_127.0.0.1_62505
08:57:12.599 [com.alibaba.nacos.client.remote.worker] INFO  c.a.n.c.r.client - [printIfInfoEnabled,60] - [b39b4818-725b-49cd-909b-b251a7ecee8a_config-0] Notify connected event to listeners.
08:57:12.599 [main] INFO  c.a.n.c.r.client - [printIfInfoEnabled,60] - [b39b4818-725b-49cd-909b-b251a7ecee8a_config-0] Register server push request handler:com.alibaba.nacos.common.remote.client.RpcClient$ConnectResetRequestHandler
08:57:12.601 [main] INFO  c.a.n.c.r.client - [printIfInfoEnabled,60] - [b39b4818-725b-49cd-909b-b251a7ecee8a_config-0] Register server push request handler:com.alibaba.nacos.common.remote.client.RpcClient$$Lambda$480/0x000000080103d7d8
08:57:12.686 [main] INFO  c.c.f.RuoYiFileApplication - [logStartupProfileInfo,637] - The following 1 profile is active: "dev"
08:57:16.589 [main] INFO  o.a.c.h.Http11NioProtocol - [log,173] - Initializing ProtocolHandler ["http-nio-9300"]
08:57:16.590 [main] INFO  o.a.c.c.StandardService - [log,173] - Starting service [Tomcat]
08:57:16.591 [main] INFO  o.a.c.c.StandardEngine - [log,173] - Starting Servlet engine: [Apache Tomcat/9.0.70]
08:57:16.823 [main] INFO  o.a.c.c.C.[.[.[/] - [log,173] - Initializing Spring embedded WebApplicationContext
08:57:18.532 [main] INFO  c.a.c.s.SentinelWebMvcConfigurer - [addInterceptors,52] - [Sentinel Starter] register SentinelWebInterceptor with urlPatterns: [/**].
08:57:20.104 [main] INFO  c.b.d.d.DynamicRoutingDataSource - [destroy,211] - dynamic-datasource start closing ....
08:57:20.105 [main] INFO  c.b.d.d.DynamicRoutingDataSource - [destroy,215] - dynamic-datasource all closed success,bye
08:57:20.106 [main] INFO  o.a.c.c.StandardService - [log,173] - Stopping service [Tomcat]
08:57:33.122 [background-preinit] INFO  o.h.v.i.util.Version - [<clinit>,21] - HV000001: Hibernate Validator 6.2.5.Final
08:57:33.553 [main] INFO  c.a.n.c.r.client - [lambda$createClient$0,80] - [RpcClientFactory] create a new rpc client of 1ca5a70e-e945-4031-854b-ed6b145ec9f5_config-0
08:57:33.612 [main] INFO  o.r.Reflections - [scan,232] - Reflections took 30 ms to scan 1 urls, producing 3 keys and 6 values 
08:57:33.647 [main] INFO  o.r.Reflections - [scan,232] - Reflections took 13 ms to scan 1 urls, producing 4 keys and 9 values 
08:57:33.660 [main] INFO  o.r.Reflections - [scan,232] - Reflections took 11 ms to scan 1 urls, producing 3 keys and 10 values 
08:57:33.674 [main] INFO  o.r.Reflections - [scan,232] - Reflections took 11 ms to scan 1 urls, producing 1 keys and 5 values 
08:57:33.687 [main] INFO  o.r.Reflections - [scan,232] - Reflections took 11 ms to scan 1 urls, producing 1 keys and 7 values 
08:57:33.699 [main] INFO  o.r.Reflections - [scan,232] - Reflections took 10 ms to scan 1 urls, producing 2 keys and 8 values 
08:57:33.702 [main] INFO  c.a.n.c.r.client - [printIfInfoEnabled,60] - [1ca5a70e-e945-4031-854b-ed6b145ec9f5_config-0] RpcClient init label, labels = {module=config, Vipserver-Tag=null, source=sdk, Amory-Tag=null, Location-Tag=null, taskId=0, AppName=unknown}
08:57:33.702 [main] INFO  c.a.n.c.r.client - [printIfInfoEnabled,60] - [1ca5a70e-e945-4031-854b-ed6b145ec9f5_config-0] Register server push request handler:com.alibaba.nacos.client.config.impl.ClientWorker$ConfigRpcTransportClient$$Lambda$468/0x0000000800f3d388
08:57:33.702 [main] INFO  c.a.n.c.r.client - [printIfInfoEnabled,60] - [1ca5a70e-e945-4031-854b-ed6b145ec9f5_config-0] Register server push request handler:com.alibaba.nacos.client.config.impl.ClientWorker$ConfigRpcTransportClient$$Lambda$469/0x0000000800f3d5b0
08:57:33.703 [main] INFO  c.a.n.c.r.client - [printIfInfoEnabled,60] - [1ca5a70e-e945-4031-854b-ed6b145ec9f5_config-0] Registry connection listener to current client:com.alibaba.nacos.client.config.impl.ClientWorker$ConfigRpcTransportClient$1
08:57:33.703 [main] INFO  c.a.n.c.r.client - [printIfInfoEnabled,60] - [1ca5a70e-e945-4031-854b-ed6b145ec9f5_config-0] RpcClient init, ServerListFactory = com.alibaba.nacos.client.config.impl.ClientWorker$ConfigRpcTransportClient$2
08:57:33.713 [main] INFO  c.a.n.c.r.client - [printIfInfoEnabled,60] - [1ca5a70e-e945-4031-854b-ed6b145ec9f5_config-0] Try to connect to server on start up, server: {serverIp = '127.0.0.1', server main port = 8848}
08:57:34.274 [main] INFO  c.a.n.c.r.client - [printIfInfoEnabled,60] - [1ca5a70e-e945-4031-854b-ed6b145ec9f5_config-0] Success to connect to server [127.0.0.1:8848] on start up, connectionId = 1682470654077_127.0.0.1_62588
08:57:34.276 [com.alibaba.nacos.client.remote.worker] INFO  c.a.n.c.r.client - [printIfInfoEnabled,60] - [1ca5a70e-e945-4031-854b-ed6b145ec9f5_config-0] Notify connected event to listeners.
08:57:34.276 [main] INFO  c.a.n.c.r.client - [printIfInfoEnabled,60] - [1ca5a70e-e945-4031-854b-ed6b145ec9f5_config-0] Register server push request handler:com.alibaba.nacos.common.remote.client.RpcClient$ConnectResetRequestHandler
08:57:34.277 [main] INFO  c.a.n.c.r.client - [printIfInfoEnabled,60] - [1ca5a70e-e945-4031-854b-ed6b145ec9f5_config-0] Register server push request handler:com.alibaba.nacos.common.remote.client.RpcClient$$Lambda$480/0x000000080103d7d8
08:57:34.350 [main] INFO  c.c.f.RuoYiFileApplication - [logStartupProfileInfo,637] - The following 1 profile is active: "dev"
08:57:37.061 [main] INFO  o.a.c.h.Http11NioProtocol - [log,173] - Initializing ProtocolHandler ["http-nio-9300"]
08:57:37.062 [main] INFO  o.a.c.c.StandardService - [log,173] - Starting service [Tomcat]
08:57:37.062 [main] INFO  o.a.c.c.StandardEngine - [log,173] - Starting Servlet engine: [Apache Tomcat/9.0.70]
08:57:37.280 [main] INFO  o.a.c.c.C.[.[.[/] - [log,173] - Initializing Spring embedded WebApplicationContext
08:57:38.904 [main] INFO  c.a.c.s.SentinelWebMvcConfigurer - [addInterceptors,52] - [Sentinel Starter] register SentinelWebInterceptor with urlPatterns: [/**].
08:57:41.005 [main] INFO  c.b.d.d.DynamicRoutingDataSource - [destroy,211] - dynamic-datasource start closing ....
08:57:41.006 [main] INFO  c.b.d.d.DynamicRoutingDataSource - [destroy,215] - dynamic-datasource all closed success,bye
08:57:41.011 [main] INFO  o.a.c.c.StandardService - [log,173] - Stopping service [Tomcat]
08:59:15.571 [background-preinit] INFO  o.h.v.i.util.Version - [<clinit>,21] - HV000001: Hibernate Validator 6.2.5.Final
08:59:15.909 [main] INFO  c.a.n.c.r.client - [lambda$createClient$0,80] - [RpcClientFactory] create a new rpc client of c5af39b3-0e41-42dd-8606-96b05a9d3511_config-0
08:59:15.962 [main] INFO  o.r.Reflections - [scan,232] - Reflections took 28 ms to scan 1 urls, producing 3 keys and 6 values 
08:59:15.995 [main] INFO  o.r.Reflections - [scan,232] - Reflections took 12 ms to scan 1 urls, producing 4 keys and 9 values 
08:59:16.008 [main] INFO  o.r.Reflections - [scan,232] - Reflections took 11 ms to scan 1 urls, producing 3 keys and 10 values 
08:59:16.021 [main] INFO  o.r.Reflections - [scan,232] - Reflections took 10 ms to scan 1 urls, producing 1 keys and 5 values 
08:59:16.034 [main] INFO  o.r.Reflections - [scan,232] - Reflections took 11 ms to scan 1 urls, producing 1 keys and 7 values 
08:59:16.047 [main] INFO  o.r.Reflections - [scan,232] - Reflections took 11 ms to scan 1 urls, producing 2 keys and 8 values 
08:59:16.050 [main] INFO  c.a.n.c.r.client - [printIfInfoEnabled,60] - [c5af39b3-0e41-42dd-8606-96b05a9d3511_config-0] RpcClient init label, labels = {module=config, Vipserver-Tag=null, source=sdk, Amory-Tag=null, Location-Tag=null, taskId=0, AppName=unknown}
08:59:16.050 [main] INFO  c.a.n.c.r.client - [printIfInfoEnabled,60] - [c5af39b3-0e41-42dd-8606-96b05a9d3511_config-0] Register server push request handler:com.alibaba.nacos.client.config.impl.ClientWorker$ConfigRpcTransportClient$$Lambda$468/0x0000000800f1cc28
08:59:16.050 [main] INFO  c.a.n.c.r.client - [printIfInfoEnabled,60] - [c5af39b3-0e41-42dd-8606-96b05a9d3511_config-0] Register server push request handler:com.alibaba.nacos.client.config.impl.ClientWorker$ConfigRpcTransportClient$$Lambda$469/0x0000000800f1ce50
08:59:16.051 [main] INFO  c.a.n.c.r.client - [printIfInfoEnabled,60] - [c5af39b3-0e41-42dd-8606-96b05a9d3511_config-0] Registry connection listener to current client:com.alibaba.nacos.client.config.impl.ClientWorker$ConfigRpcTransportClient$1
08:59:16.051 [main] INFO  c.a.n.c.r.client - [printIfInfoEnabled,60] - [c5af39b3-0e41-42dd-8606-96b05a9d3511_config-0] RpcClient init, ServerListFactory = com.alibaba.nacos.client.config.impl.ClientWorker$ConfigRpcTransportClient$2
08:59:16.058 [main] INFO  c.a.n.c.r.client - [printIfInfoEnabled,60] - [c5af39b3-0e41-42dd-8606-96b05a9d3511_config-0] Try to connect to server on start up, server: {serverIp = '127.0.0.1', server main port = 8848}
08:59:16.631 [main] INFO  c.a.n.c.r.client - [printIfInfoEnabled,60] - [c5af39b3-0e41-42dd-8606-96b05a9d3511_config-0] Success to connect to server [127.0.0.1:8848] on start up, connectionId = 1682470756445_127.0.0.1_62827
08:59:16.633 [com.alibaba.nacos.client.remote.worker] INFO  c.a.n.c.r.client - [printIfInfoEnabled,60] - [c5af39b3-0e41-42dd-8606-96b05a9d3511_config-0] Notify connected event to listeners.
08:59:16.633 [main] INFO  c.a.n.c.r.client - [printIfInfoEnabled,60] - [c5af39b3-0e41-42dd-8606-96b05a9d3511_config-0] Register server push request handler:com.alibaba.nacos.common.remote.client.RpcClient$ConnectResetRequestHandler
08:59:16.633 [main] INFO  c.a.n.c.r.client - [printIfInfoEnabled,60] - [c5af39b3-0e41-42dd-8606-96b05a9d3511_config-0] Register server push request handler:com.alibaba.nacos.common.remote.client.RpcClient$$Lambda$480/0x000000080101cba8
08:59:16.703 [main] INFO  c.c.f.RuoYiFileApplication - [logStartupProfileInfo,637] - The following 1 profile is active: "dev"
08:59:18.652 [main] INFO  o.a.c.h.Http11NioProtocol - [log,173] - Initializing ProtocolHandler ["http-nio-9300"]
08:59:18.653 [main] INFO  o.a.c.c.StandardService - [log,173] - Starting service [Tomcat]
08:59:18.653 [main] INFO  o.a.c.c.StandardEngine - [log,173] - Starting Servlet engine: [Apache Tomcat/9.0.70]
08:59:18.775 [main] INFO  o.a.c.c.C.[.[.[/] - [log,173] - Initializing Spring embedded WebApplicationContext
08:59:19.863 [main] INFO  c.a.c.s.SentinelWebMvcConfigurer - [addInterceptors,52] - [Sentinel Starter] register SentinelWebInterceptor with urlPatterns: [/**].
08:59:20.925 [main] INFO  c.b.d.d.DynamicRoutingDataSource - [destroy,211] - dynamic-datasource start closing ....
08:59:20.925 [main] INFO  c.b.d.d.DynamicRoutingDataSource - [destroy,215] - dynamic-datasource all closed success,bye
08:59:20.926 [main] INFO  o.a.c.c.StandardService - [log,173] - Stopping service [Tomcat]
09:03:42.143 [background-preinit] INFO  o.h.v.i.util.Version - [<clinit>,21] - HV000001: Hibernate Validator 6.2.5.Final
09:03:42.605 [main] INFO  c.a.n.c.r.client - [lambda$createClient$0,80] - [RpcClientFactory] create a new rpc client of c8f545f6-3963-444f-b3c4-c42b190f3f6a_config-0
09:03:42.654 [main] INFO  o.r.Reflections - [scan,232] - Reflections took 27 ms to scan 1 urls, producing 3 keys and 6 values 
09:03:42.687 [main] INFO  o.r.Reflections - [scan,232] - Reflections took 12 ms to scan 1 urls, producing 4 keys and 9 values 
09:03:42.701 [main] INFO  o.r.Reflections - [scan,232] - Reflections took 12 ms to scan 1 urls, producing 3 keys and 10 values 
09:03:42.715 [main] INFO  o.r.Reflections - [scan,232] - Reflections took 11 ms to scan 1 urls, producing 1 keys and 5 values 
09:03:42.727 [main] INFO  o.r.Reflections - [scan,232] - Reflections took 10 ms to scan 1 urls, producing 1 keys and 7 values 
09:03:42.740 [main] INFO  o.r.Reflections - [scan,232] - Reflections took 11 ms to scan 1 urls, producing 2 keys and 8 values 
09:03:42.742 [main] INFO  c.a.n.c.r.client - [printIfInfoEnabled,60] - [c8f545f6-3963-444f-b3c4-c42b190f3f6a_config-0] RpcClient init label, labels = {module=config, Vipserver-Tag=null, source=sdk, Amory-Tag=null, Location-Tag=null, taskId=0, AppName=unknown}
09:03:42.743 [main] INFO  c.a.n.c.r.client - [printIfInfoEnabled,60] - [c8f545f6-3963-444f-b3c4-c42b190f3f6a_config-0] Register server push request handler:com.alibaba.nacos.client.config.impl.ClientWorker$ConfigRpcTransportClient$$Lambda$468/0x0000000800f3cc28
09:03:42.743 [main] INFO  c.a.n.c.r.client - [printIfInfoEnabled,60] - [c8f545f6-3963-444f-b3c4-c42b190f3f6a_config-0] Register server push request handler:com.alibaba.nacos.client.config.impl.ClientWorker$ConfigRpcTransportClient$$Lambda$469/0x0000000800f3ce50
09:03:42.744 [main] INFO  c.a.n.c.r.client - [printIfInfoEnabled,60] - [c8f545f6-3963-444f-b3c4-c42b190f3f6a_config-0] Registry connection listener to current client:com.alibaba.nacos.client.config.impl.ClientWorker$ConfigRpcTransportClient$1
09:03:42.744 [main] INFO  c.a.n.c.r.client - [printIfInfoEnabled,60] - [c8f545f6-3963-444f-b3c4-c42b190f3f6a_config-0] RpcClient init, ServerListFactory = com.alibaba.nacos.client.config.impl.ClientWorker$ConfigRpcTransportClient$2
09:03:42.753 [main] INFO  c.a.n.c.r.client - [printIfInfoEnabled,60] - [c8f545f6-3963-444f-b3c4-c42b190f3f6a_config-0] Try to connect to server on start up, server: {serverIp = '127.0.0.1', server main port = 8848}
09:03:43.296 [main] INFO  c.a.n.c.r.client - [printIfInfoEnabled,60] - [c8f545f6-3963-444f-b3c4-c42b190f3f6a_config-0] Success to connect to server [127.0.0.1:8848] on start up, connectionId = 1682471023112_127.0.0.1_63216
09:03:43.297 [com.alibaba.nacos.client.remote.worker] INFO  c.a.n.c.r.client - [printIfInfoEnabled,60] - [c8f545f6-3963-444f-b3c4-c42b190f3f6a_config-0] Notify connected event to listeners.
09:03:43.297 [main] INFO  c.a.n.c.r.client - [printIfInfoEnabled,60] - [c8f545f6-3963-444f-b3c4-c42b190f3f6a_config-0] Register server push request handler:com.alibaba.nacos.common.remote.client.RpcClient$ConnectResetRequestHandler
09:03:43.297 [main] INFO  c.a.n.c.r.client - [printIfInfoEnabled,60] - [c8f545f6-3963-444f-b3c4-c42b190f3f6a_config-0] Register server push request handler:com.alibaba.nacos.common.remote.client.RpcClient$$Lambda$480/0x000000080103cba8
09:03:43.374 [main] INFO  c.c.f.RuoYiFileApplication - [logStartupProfileInfo,637] - The following 1 profile is active: "dev"
09:03:45.375 [main] INFO  o.a.c.h.Http11NioProtocol - [log,173] - Initializing ProtocolHandler ["http-nio-9300"]
09:03:45.376 [main] INFO  o.a.c.c.StandardService - [log,173] - Starting service [Tomcat]
09:03:45.376 [main] INFO  o.a.c.c.StandardEngine - [log,173] - Starting Servlet engine: [Apache Tomcat/9.0.70]
09:03:45.498 [main] INFO  o.a.c.c.C.[.[.[/] - [log,173] - Initializing Spring embedded WebApplicationContext
09:03:46.505 [main] INFO  c.a.c.s.SentinelWebMvcConfigurer - [addInterceptors,52] - [Sentinel Starter] register SentinelWebInterceptor with urlPatterns: [/**].
09:03:47.585 [main] INFO  c.b.d.d.DynamicRoutingDataSource - [destroy,211] - dynamic-datasource start closing ....
09:03:47.586 [main] INFO  c.b.d.d.DynamicRoutingDataSource - [destroy,215] - dynamic-datasource all closed success,bye
09:03:47.587 [main] INFO  o.a.c.c.StandardService - [log,173] - Stopping service [Tomcat]
09:04:28.502 [background-preinit] INFO  o.h.v.i.util.Version - [<clinit>,21] - HV000001: Hibernate Validator 6.2.5.Final
09:04:28.882 [main] INFO  c.a.n.c.r.client - [lambda$createClient$0,80] - [RpcClientFactory] create a new rpc client of 8d11cd57-0f55-4cdc-bec7-fa8b703d5f79_config-0
09:04:28.934 [main] INFO  o.r.Reflections - [scan,232] - Reflections took 26 ms to scan 1 urls, producing 3 keys and 6 values 
09:04:28.967 [main] INFO  o.r.Reflections - [scan,232] - Reflections took 12 ms to scan 1 urls, producing 4 keys and 9 values 
09:04:28.980 [main] INFO  o.r.Reflections - [scan,232] - Reflections took 11 ms to scan 1 urls, producing 3 keys and 10 values 
09:04:28.994 [main] INFO  o.r.Reflections - [scan,232] - Reflections took 10 ms to scan 1 urls, producing 1 keys and 5 values 
09:04:29.007 [main] INFO  o.r.Reflections - [scan,232] - Reflections took 12 ms to scan 1 urls, producing 1 keys and 7 values 
09:04:29.021 [main] INFO  o.r.Reflections - [scan,232] - Reflections took 11 ms to scan 1 urls, producing 2 keys and 8 values 
09:04:29.023 [main] INFO  c.a.n.c.r.client - [printIfInfoEnabled,60] - [8d11cd57-0f55-4cdc-bec7-fa8b703d5f79_config-0] RpcClient init label, labels = {module=config, Vipserver-Tag=null, source=sdk, Amory-Tag=null, Location-Tag=null, taskId=0, AppName=unknown}
09:04:29.023 [main] INFO  c.a.n.c.r.client - [printIfInfoEnabled,60] - [8d11cd57-0f55-4cdc-bec7-fa8b703d5f79_config-0] Register server push request handler:com.alibaba.nacos.client.config.impl.ClientWorker$ConfigRpcTransportClient$$Lambda$468/0x0000000800f3d878
09:04:29.024 [main] INFO  c.a.n.c.r.client - [printIfInfoEnabled,60] - [8d11cd57-0f55-4cdc-bec7-fa8b703d5f79_config-0] Register server push request handler:com.alibaba.nacos.client.config.impl.ClientWorker$ConfigRpcTransportClient$$Lambda$469/0x0000000800f3daa0
09:04:29.024 [main] INFO  c.a.n.c.r.client - [printIfInfoEnabled,60] - [8d11cd57-0f55-4cdc-bec7-fa8b703d5f79_config-0] Registry connection listener to current client:com.alibaba.nacos.client.config.impl.ClientWorker$ConfigRpcTransportClient$1
09:04:29.025 [main] INFO  c.a.n.c.r.client - [printIfInfoEnabled,60] - [8d11cd57-0f55-4cdc-bec7-fa8b703d5f79_config-0] RpcClient init, ServerListFactory = com.alibaba.nacos.client.config.impl.ClientWorker$ConfigRpcTransportClient$2
09:04:29.034 [main] INFO  c.a.n.c.r.client - [printIfInfoEnabled,60] - [8d11cd57-0f55-4cdc-bec7-fa8b703d5f79_config-0] Try to connect to server on start up, server: {serverIp = '127.0.0.1', server main port = 8848}
09:04:29.545 [main] INFO  c.a.n.c.r.client - [printIfInfoEnabled,60] - [8d11cd57-0f55-4cdc-bec7-fa8b703d5f79_config-0] Success to connect to server [127.0.0.1:8848] on start up, connectionId = 1682471069371_127.0.0.1_63252
09:04:29.546 [com.alibaba.nacos.client.remote.worker] INFO  c.a.n.c.r.client - [printIfInfoEnabled,60] - [8d11cd57-0f55-4cdc-bec7-fa8b703d5f79_config-0] Notify connected event to listeners.
09:04:29.546 [main] INFO  c.a.n.c.r.client - [printIfInfoEnabled,60] - [8d11cd57-0f55-4cdc-bec7-fa8b703d5f79_config-0] Register server push request handler:com.alibaba.nacos.common.remote.client.RpcClient$ConnectResetRequestHandler
09:04:29.547 [main] INFO  c.a.n.c.r.client - [printIfInfoEnabled,60] - [8d11cd57-0f55-4cdc-bec7-fa8b703d5f79_config-0] Register server push request handler:com.alibaba.nacos.common.remote.client.RpcClient$$Lambda$480/0x000000080103d7d8
09:04:29.607 [main] INFO  c.c.f.RuoYiFileApplication - [logStartupProfileInfo,637] - The following 1 profile is active: "dev"
09:04:31.651 [main] INFO  o.a.c.h.Http11NioProtocol - [log,173] - Initializing ProtocolHandler ["http-nio-9300"]
09:04:31.652 [main] INFO  o.a.c.c.StandardService - [log,173] - Starting service [Tomcat]
09:04:31.652 [main] INFO  o.a.c.c.StandardEngine - [log,173] - Starting Servlet engine: [Apache Tomcat/9.0.70]
09:04:31.779 [main] INFO  o.a.c.c.C.[.[.[/] - [log,173] - Initializing Spring embedded WebApplicationContext
09:04:32.753 [main] INFO  c.a.c.s.SentinelWebMvcConfigurer - [addInterceptors,52] - [Sentinel Starter] register SentinelWebInterceptor with urlPatterns: [/**].
09:04:33.775 [main] INFO  c.b.d.d.DynamicRoutingDataSource - [destroy,211] - dynamic-datasource start closing ....
09:04:33.776 [main] INFO  c.b.d.d.DynamicRoutingDataSource - [destroy,215] - dynamic-datasource all closed success,bye
09:04:33.777 [main] INFO  o.a.c.c.StandardService - [log,173] - Stopping service [Tomcat]
09:07:22.810 [background-preinit] INFO  o.h.v.i.util.Version - [<clinit>,21] - HV000001: Hibernate Validator 6.2.5.Final
09:07:23.244 [main] INFO  c.a.n.c.r.client - [lambda$createClient$0,80] - [RpcClientFactory] create a new rpc client of 448d8c88-0e91-41a0-8849-3fac6aead2d8_config-0
09:07:23.300 [main] INFO  o.r.Reflections - [scan,232] - Reflections took 26 ms to scan 1 urls, producing 3 keys and 6 values 
09:07:23.332 [main] INFO  o.r.Reflections - [scan,232] - Reflections took 12 ms to scan 1 urls, producing 4 keys and 9 values 
09:07:23.345 [main] INFO  o.r.Reflections - [scan,232] - Reflections took 11 ms to scan 1 urls, producing 3 keys and 10 values 
09:07:23.359 [main] INFO  o.r.Reflections - [scan,232] - Reflections took 11 ms to scan 1 urls, producing 1 keys and 5 values 
09:07:23.372 [main] INFO  o.r.Reflections - [scan,232] - Reflections took 11 ms to scan 1 urls, producing 1 keys and 7 values 
09:07:23.387 [main] INFO  o.r.Reflections - [scan,232] - Reflections took 12 ms to scan 1 urls, producing 2 keys and 8 values 
09:07:23.390 [main] INFO  c.a.n.c.r.client - [printIfInfoEnabled,60] - [448d8c88-0e91-41a0-8849-3fac6aead2d8_config-0] RpcClient init label, labels = {module=config, Vipserver-Tag=null, source=sdk, Amory-Tag=null, Location-Tag=null, taskId=0, AppName=unknown}
09:07:23.390 [main] INFO  c.a.n.c.r.client - [printIfInfoEnabled,60] - [448d8c88-0e91-41a0-8849-3fac6aead2d8_config-0] Register server push request handler:com.alibaba.nacos.client.config.impl.ClientWorker$ConfigRpcTransportClient$$Lambda$468/0x0000000800f3ca30
09:07:23.391 [main] INFO  c.a.n.c.r.client - [printIfInfoEnabled,60] - [448d8c88-0e91-41a0-8849-3fac6aead2d8_config-0] Register server push request handler:com.alibaba.nacos.client.config.impl.ClientWorker$ConfigRpcTransportClient$$Lambda$469/0x0000000800f3cc58
09:07:23.391 [main] INFO  c.a.n.c.r.client - [printIfInfoEnabled,60] - [448d8c88-0e91-41a0-8849-3fac6aead2d8_config-0] Registry connection listener to current client:com.alibaba.nacos.client.config.impl.ClientWorker$ConfigRpcTransportClient$1
09:07:23.391 [main] INFO  c.a.n.c.r.client - [printIfInfoEnabled,60] - [448d8c88-0e91-41a0-8849-3fac6aead2d8_config-0] RpcClient init, ServerListFactory = com.alibaba.nacos.client.config.impl.ClientWorker$ConfigRpcTransportClient$2
09:07:23.399 [main] INFO  c.a.n.c.r.client - [printIfInfoEnabled,60] - [448d8c88-0e91-41a0-8849-3fac6aead2d8_config-0] Try to connect to server on start up, server: {serverIp = '127.0.0.1', server main port = 8848}
09:07:23.978 [main] INFO  c.a.n.c.r.client - [printIfInfoEnabled,60] - [448d8c88-0e91-41a0-8849-3fac6aead2d8_config-0] Success to connect to server [127.0.0.1:8848] on start up, connectionId = 1682471243786_127.0.0.1_63374
09:07:23.979 [com.alibaba.nacos.client.remote.worker] INFO  c.a.n.c.r.client - [printIfInfoEnabled,60] - [448d8c88-0e91-41a0-8849-3fac6aead2d8_config-0] Notify connected event to listeners.
09:07:23.979 [main] INFO  c.a.n.c.r.client - [printIfInfoEnabled,60] - [448d8c88-0e91-41a0-8849-3fac6aead2d8_config-0] Register server push request handler:com.alibaba.nacos.common.remote.client.RpcClient$ConnectResetRequestHandler
09:07:23.980 [main] INFO  c.a.n.c.r.client - [printIfInfoEnabled,60] - [448d8c88-0e91-41a0-8849-3fac6aead2d8_config-0] Register server push request handler:com.alibaba.nacos.common.remote.client.RpcClient$$Lambda$480/0x000000080103cba8
09:07:24.046 [main] INFO  c.c.f.RuoYiFileApplication - [logStartupProfileInfo,637] - The following 1 profile is active: "dev"
09:07:26.087 [main] INFO  o.a.c.h.Http11NioProtocol - [log,173] - Initializing ProtocolHandler ["http-nio-9300"]
09:07:26.087 [main] INFO  o.a.c.c.StandardService - [log,173] - Starting service [Tomcat]
09:07:26.088 [main] INFO  o.a.c.c.StandardEngine - [log,173] - Starting Servlet engine: [Apache Tomcat/9.0.70]
09:07:26.202 [main] INFO  o.a.c.c.C.[.[.[/] - [log,173] - Initializing Spring embedded WebApplicationContext
09:07:27.182 [main] INFO  c.a.c.s.SentinelWebMvcConfigurer - [addInterceptors,52] - [Sentinel Starter] register SentinelWebInterceptor with urlPatterns: [/**].
09:07:28.289 [main] INFO  c.b.d.d.DynamicRoutingDataSource - [destroy,211] - dynamic-datasource start closing ....
09:07:28.289 [main] INFO  c.b.d.d.DynamicRoutingDataSource - [destroy,215] - dynamic-datasource all closed success,bye
09:07:28.290 [main] INFO  o.a.c.c.StandardService - [log,173] - Stopping service [Tomcat]
09:12:08.641 [background-preinit] INFO  o.h.v.i.util.Version - [<clinit>,21] - HV000001: Hibernate Validator 6.2.5.Final
09:12:09.048 [main] INFO  c.a.n.c.r.client - [lambda$createClient$0,80] - [RpcClientFactory] create a new rpc client of 9028c8bb-6ce3-4294-89c5-e478f7a7f792_config-0
09:12:09.101 [main] INFO  o.r.Reflections - [scan,232] - Reflections took 28 ms to scan 1 urls, producing 3 keys and 6 values 
09:12:09.135 [main] INFO  o.r.Reflections - [scan,232] - Reflections took 13 ms to scan 1 urls, producing 4 keys and 9 values 
09:12:09.148 [main] INFO  o.r.Reflections - [scan,232] - Reflections took 11 ms to scan 1 urls, producing 3 keys and 10 values 
09:12:09.162 [main] INFO  o.r.Reflections - [scan,232] - Reflections took 10 ms to scan 1 urls, producing 1 keys and 5 values 
09:12:09.175 [main] INFO  o.r.Reflections - [scan,232] - Reflections took 11 ms to scan 1 urls, producing 1 keys and 7 values 
09:12:09.187 [main] INFO  o.r.Reflections - [scan,232] - Reflections took 10 ms to scan 1 urls, producing 2 keys and 8 values 
09:12:09.190 [main] INFO  c.a.n.c.r.client - [printIfInfoEnabled,60] - [9028c8bb-6ce3-4294-89c5-e478f7a7f792_config-0] RpcClient init label, labels = {module=config, Vipserver-Tag=null, source=sdk, Amory-Tag=null, Location-Tag=null, taskId=0, AppName=unknown}
09:12:09.190 [main] INFO  c.a.n.c.r.client - [printIfInfoEnabled,60] - [9028c8bb-6ce3-4294-89c5-e478f7a7f792_config-0] Register server push request handler:com.alibaba.nacos.client.config.impl.ClientWorker$ConfigRpcTransportClient$$Lambda$468/0x0000000800f3ca30
09:12:09.191 [main] INFO  c.a.n.c.r.client - [printIfInfoEnabled,60] - [9028c8bb-6ce3-4294-89c5-e478f7a7f792_config-0] Register server push request handler:com.alibaba.nacos.client.config.impl.ClientWorker$ConfigRpcTransportClient$$Lambda$469/0x0000000800f3cc58
09:12:09.191 [main] INFO  c.a.n.c.r.client - [printIfInfoEnabled,60] - [9028c8bb-6ce3-4294-89c5-e478f7a7f792_config-0] Registry connection listener to current client:com.alibaba.nacos.client.config.impl.ClientWorker$ConfigRpcTransportClient$1
09:12:09.192 [main] INFO  c.a.n.c.r.client - [printIfInfoEnabled,60] - [9028c8bb-6ce3-4294-89c5-e478f7a7f792_config-0] RpcClient init, ServerListFactory = com.alibaba.nacos.client.config.impl.ClientWorker$ConfigRpcTransportClient$2
09:12:09.200 [main] INFO  c.a.n.c.r.client - [printIfInfoEnabled,60] - [9028c8bb-6ce3-4294-89c5-e478f7a7f792_config-0] Try to connect to server on start up, server: {serverIp = '127.0.0.1', server main port = 8848}
09:12:09.749 [main] INFO  c.a.n.c.r.client - [printIfInfoEnabled,60] - [9028c8bb-6ce3-4294-89c5-e478f7a7f792_config-0] Success to connect to server [127.0.0.1:8848] on start up, connectionId = 1682471529562_127.0.0.1_63836
09:12:09.750 [com.alibaba.nacos.client.remote.worker] INFO  c.a.n.c.r.client - [printIfInfoEnabled,60] - [9028c8bb-6ce3-4294-89c5-e478f7a7f792_config-0] Notify connected event to listeners.
09:12:09.750 [main] INFO  c.a.n.c.r.client - [printIfInfoEnabled,60] - [9028c8bb-6ce3-4294-89c5-e478f7a7f792_config-0] Register server push request handler:com.alibaba.nacos.common.remote.client.RpcClient$ConnectResetRequestHandler
09:12:09.751 [main] INFO  c.a.n.c.r.client - [printIfInfoEnabled,60] - [9028c8bb-6ce3-4294-89c5-e478f7a7f792_config-0] Register server push request handler:com.alibaba.nacos.common.remote.client.RpcClient$$Lambda$480/0x000000080103dd40
09:12:09.822 [main] INFO  c.c.f.RuoYiFileApplication - [logStartupProfileInfo,637] - The following 1 profile is active: "dev"
09:12:11.874 [main] INFO  o.a.c.h.Http11NioProtocol - [log,173] - Initializing ProtocolHandler ["http-nio-9300"]
09:12:11.874 [main] INFO  o.a.c.c.StandardService - [log,173] - Starting service [Tomcat]
09:12:11.875 [main] INFO  o.a.c.c.StandardEngine - [log,173] - Starting Servlet engine: [Apache Tomcat/9.0.70]
09:12:12.013 [main] INFO  o.a.c.c.C.[.[.[/] - [log,173] - Initializing Spring embedded WebApplicationContext
09:12:13.095 [main] INFO  c.a.c.s.SentinelWebMvcConfigurer - [addInterceptors,52] - [Sentinel Starter] register SentinelWebInterceptor with urlPatterns: [/**].
09:12:15.178 [main] INFO  c.a.n.c.r.client - [lambda$createClient$0,80] - [RpcClientFactory] create a new rpc client of 5e3d6ae2-ef7e-434e-868c-985e3c78fdf6
09:12:15.178 [main] INFO  c.a.n.c.r.client - [printIfInfoEnabled,60] - [5e3d6ae2-ef7e-434e-868c-985e3c78fdf6] RpcClient init label, labels = {module=naming, source=sdk}
09:12:15.180 [main] INFO  c.a.n.c.r.client - [printIfInfoEnabled,60] - [5e3d6ae2-ef7e-434e-868c-985e3c78fdf6] RpcClient init, ServerListFactory = com.alibaba.nacos.client.naming.core.ServerListManager
09:12:15.180 [main] INFO  c.a.n.c.r.client - [printIfInfoEnabled,60] - [5e3d6ae2-ef7e-434e-868c-985e3c78fdf6] Registry connection listener to current client:com.alibaba.nacos.client.naming.remote.gprc.redo.NamingGrpcRedoService
09:12:15.180 [main] INFO  c.a.n.c.r.client - [printIfInfoEnabled,60] - [5e3d6ae2-ef7e-434e-868c-985e3c78fdf6] Register server push request handler:com.alibaba.nacos.client.naming.remote.gprc.NamingPushRequestHandler
09:12:15.181 [main] INFO  c.a.n.c.r.client - [printIfInfoEnabled,60] - [5e3d6ae2-ef7e-434e-868c-985e3c78fdf6] Try to connect to server on start up, server: {serverIp = '127.0.0.1', server main port = 8848}
09:12:15.328 [main] INFO  c.a.n.c.r.client - [printIfInfoEnabled,60] - [5e3d6ae2-ef7e-434e-868c-985e3c78fdf6] Success to connect to server [127.0.0.1:8848] on start up, connectionId = 1682471535196_127.0.0.1_63837
09:12:15.329 [main] INFO  c.a.n.c.r.client - [printIfInfoEnabled,60] - [5e3d6ae2-ef7e-434e-868c-985e3c78fdf6] Register server push request handler:com.alibaba.nacos.common.remote.client.RpcClient$ConnectResetRequestHandler
09:12:15.329 [com.alibaba.nacos.client.remote.worker] INFO  c.a.n.c.r.client - [printIfInfoEnabled,60] - [5e3d6ae2-ef7e-434e-868c-985e3c78fdf6] Notify connected event to listeners.
09:12:15.329 [main] INFO  c.a.n.c.r.client - [printIfInfoEnabled,60] - [5e3d6ae2-ef7e-434e-868c-985e3c78fdf6] Register server push request handler:com.alibaba.nacos.common.remote.client.RpcClient$$Lambda$480/0x000000080103dd40
09:12:15.360 [main] INFO  o.a.c.h.Http11NioProtocol - [log,173] - Starting ProtocolHandler ["http-nio-9300"]
09:12:15.385 [main] INFO  c.a.c.n.r.NacosServiceRegistry - [register,75] - nacos registry, DEFAULT_GROUP cms-file 172.20.10.2:9300 register finished
09:12:15.540 [main] INFO  c.c.f.RuoYiFileApplication - [logStarted,61] - Started RuoYiFileApplication in 7.558 seconds (JVM running for 8.577)
09:12:15.562 [main] INFO  c.a.c.n.r.NacosContextRefresher - [registerNacosListener,129] - [Nacos Config] Listening config: dataId=cms-file.yml, group=DEFAULT_GROUP
09:12:15.562 [main] INFO  c.a.c.n.r.NacosContextRefresher - [registerNacosListener,129] - [Nacos Config] Listening config: dataId=cms-file, group=DEFAULT_GROUP
09:12:15.564 [main] INFO  c.a.c.n.r.NacosContextRefresher - [registerNacosListener,129] - [Nacos Config] Listening config: dataId=cms-file-dev.yml, group=DEFAULT_GROUP
09:12:15.885 [RMI TCP Connection(3)-127.0.0.1] INFO  o.a.c.c.C.[.[.[/] - [log,173] - Initializing Spring DispatcherServlet 'dispatcherServlet'
09:12:15.943 [nacos-grpc-client-executor-12] INFO  c.a.n.c.r.client - [printIfInfoEnabled,60] - [5e3d6ae2-ef7e-434e-868c-985e3c78fdf6] Receive server push request, request = NotifySubscriberRequest, requestId = 552
09:12:15.946 [nacos-grpc-client-executor-12] INFO  c.a.n.c.r.client - [printIfInfoEnabled,60] - [5e3d6ae2-ef7e-434e-868c-985e3c78fdf6] Ack server push request, request = NotifySubscriberRequest, requestId = 552
09:14:32.308 [SpringApplicationShutdownHook] INFO  c.a.c.n.r.NacosServiceRegistry - [deregister,94] - De-registering from Nacos Server now...
09:14:32.312 [SpringApplicationShutdownHook] INFO  c.a.c.n.r.NacosServiceRegistry - [deregister,114] - De-registration finished.
09:14:32.632 [SpringApplicationShutdownHook] INFO  c.a.n.c.r.client - [shutdown,454] - Shutdown rpc client, set status to shutdown
09:14:32.633 [SpringApplicationShutdownHook] INFO  c.a.n.c.r.client - [shutdown,456] - Shutdown client event executor java.util.concurrent.ScheduledThreadPoolExecutor@72fbcd7e[Running, pool size = 2, active threads = 2, queued tasks = 0, completed tasks = 0]
09:14:32.633 [SpringApplicationShutdownHook] INFO  c.a.n.c.r.client - [closeConnection,591] - Close current connection 1682471535196_127.0.0.1_63837
09:14:32.634 [nacos-grpc-client-executor-63] INFO  c.a.n.c.r.c.g.GrpcClient - [printIfInfoEnabled,60] - [1682471535196_127.0.0.1_63837]Ignore complete event,isRunning:false,isAbandon=false
09:14:32.637 [SpringApplicationShutdownHook] INFO  c.a.n.c.r.c.g.GrpcClient - [shutdown,85] - Shutdown grpc executor java.util.concurrent.ThreadPoolExecutor@4ef39ee3[Running, pool size = 6, active threads = 0, queued tasks = 0, completed tasks = 64]
09:14:32.761 [SpringApplicationShutdownHook] INFO  c.b.d.d.DynamicRoutingDataSource - [destroy,211] - dynamic-datasource start closing ....
09:14:32.761 [SpringApplicationShutdownHook] INFO  c.b.d.d.DynamicRoutingDataSource - [destroy,215] - dynamic-datasource all closed success,bye
09:14:38.252 [background-preinit] INFO  o.h.v.i.util.Version - [<clinit>,21] - HV000001: Hibernate Validator 6.2.5.Final
09:14:38.678 [main] INFO  c.a.n.c.r.client - [lambda$createClient$0,80] - [RpcClientFactory] create a new rpc client of ceb2ab0f-0ee4-4a40-a006-8e00b04a7815_config-0
09:14:38.728 [main] INFO  o.r.Reflections - [scan,232] - Reflections took 26 ms to scan 1 urls, producing 3 keys and 6 values 
09:14:38.761 [main] INFO  o.r.Reflections - [scan,232] - Reflections took 13 ms to scan 1 urls, producing 4 keys and 9 values 
09:14:38.777 [main] INFO  o.r.Reflections - [scan,232] - Reflections took 12 ms to scan 1 urls, producing 3 keys and 10 values 
09:14:38.791 [main] INFO  o.r.Reflections - [scan,232] - Reflections took 11 ms to scan 1 urls, producing 1 keys and 5 values 
09:14:38.804 [main] INFO  o.r.Reflections - [scan,232] - Reflections took 11 ms to scan 1 urls, producing 1 keys and 7 values 
09:14:38.819 [main] INFO  o.r.Reflections - [scan,232] - Reflections took 12 ms to scan 1 urls, producing 2 keys and 8 values 
09:14:38.822 [main] INFO  c.a.n.c.r.client - [printIfInfoEnabled,60] - [ceb2ab0f-0ee4-4a40-a006-8e00b04a7815_config-0] RpcClient init label, labels = {module=config, Vipserver-Tag=null, source=sdk, Amory-Tag=null, Location-Tag=null, taskId=0, AppName=unknown}
09:14:38.823 [main] INFO  c.a.n.c.r.client - [printIfInfoEnabled,60] - [ceb2ab0f-0ee4-4a40-a006-8e00b04a7815_config-0] Register server push request handler:com.alibaba.nacos.client.config.impl.ClientWorker$ConfigRpcTransportClient$$Lambda$468/0x0000000800f3ca30
09:14:38.823 [main] INFO  c.a.n.c.r.client - [printIfInfoEnabled,60] - [ceb2ab0f-0ee4-4a40-a006-8e00b04a7815_config-0] Register server push request handler:com.alibaba.nacos.client.config.impl.ClientWorker$ConfigRpcTransportClient$$Lambda$469/0x0000000800f3cc58
09:14:38.824 [main] INFO  c.a.n.c.r.client - [printIfInfoEnabled,60] - [ceb2ab0f-0ee4-4a40-a006-8e00b04a7815_config-0] Registry connection listener to current client:com.alibaba.nacos.client.config.impl.ClientWorker$ConfigRpcTransportClient$1
09:14:38.825 [main] INFO  c.a.n.c.r.client - [printIfInfoEnabled,60] - [ceb2ab0f-0ee4-4a40-a006-8e00b04a7815_config-0] RpcClient init, ServerListFactory = com.alibaba.nacos.client.config.impl.ClientWorker$ConfigRpcTransportClient$2
09:14:38.833 [main] INFO  c.a.n.c.r.client - [printIfInfoEnabled,60] - [ceb2ab0f-0ee4-4a40-a006-8e00b04a7815_config-0] Try to connect to server on start up, server: {serverIp = '127.0.0.1', server main port = 8848}
09:14:39.380 [main] INFO  c.a.n.c.r.client - [printIfInfoEnabled,60] - [ceb2ab0f-0ee4-4a40-a006-8e00b04a7815_config-0] Success to connect to server [127.0.0.1:8848] on start up, connectionId = 1682471679195_127.0.0.1_64011
09:14:39.381 [com.alibaba.nacos.client.remote.worker] INFO  c.a.n.c.r.client - [printIfInfoEnabled,60] - [ceb2ab0f-0ee4-4a40-a006-8e00b04a7815_config-0] Notify connected event to listeners.
09:14:39.381 [main] INFO  c.a.n.c.r.client - [printIfInfoEnabled,60] - [ceb2ab0f-0ee4-4a40-a006-8e00b04a7815_config-0] Register server push request handler:com.alibaba.nacos.common.remote.client.RpcClient$ConnectResetRequestHandler
09:14:39.382 [main] INFO  c.a.n.c.r.client - [printIfInfoEnabled,60] - [ceb2ab0f-0ee4-4a40-a006-8e00b04a7815_config-0] Register server push request handler:com.alibaba.nacos.common.remote.client.RpcClient$$Lambda$480/0x000000080103dd40
09:14:39.452 [main] INFO  c.c.f.RuoYiFileApplication - [logStartupProfileInfo,637] - The following 1 profile is active: "dev"
09:14:41.578 [main] INFO  o.a.c.h.Http11NioProtocol - [log,173] - Initializing ProtocolHandler ["http-nio-9300"]
09:14:41.579 [main] INFO  o.a.c.c.StandardService - [log,173] - Starting service [Tomcat]
09:14:41.579 [main] INFO  o.a.c.c.StandardEngine - [log,173] - Starting Servlet engine: [Apache Tomcat/9.0.70]
09:14:41.703 [main] INFO  o.a.c.c.C.[.[.[/] - [log,173] - Initializing Spring embedded WebApplicationContext
09:14:42.744 [main] INFO  c.a.c.s.SentinelWebMvcConfigurer - [addInterceptors,52] - [Sentinel Starter] register SentinelWebInterceptor with urlPatterns: [/**].
09:14:44.765 [main] INFO  c.a.n.c.r.client - [lambda$createClient$0,80] - [RpcClientFactory] create a new rpc client of 00ac025d-445d-4de4-a827-30e8bdba5374
09:14:44.765 [main] INFO  c.a.n.c.r.client - [printIfInfoEnabled,60] - [00ac025d-445d-4de4-a827-30e8bdba5374] RpcClient init label, labels = {module=naming, source=sdk}
09:14:44.767 [main] INFO  c.a.n.c.r.client - [printIfInfoEnabled,60] - [00ac025d-445d-4de4-a827-30e8bdba5374] RpcClient init, ServerListFactory = com.alibaba.nacos.client.naming.core.ServerListManager
09:14:44.767 [main] INFO  c.a.n.c.r.client - [printIfInfoEnabled,60] - [00ac025d-445d-4de4-a827-30e8bdba5374] Registry connection listener to current client:com.alibaba.nacos.client.naming.remote.gprc.redo.NamingGrpcRedoService
09:14:44.767 [main] INFO  c.a.n.c.r.client - [printIfInfoEnabled,60] - [00ac025d-445d-4de4-a827-30e8bdba5374] Register server push request handler:com.alibaba.nacos.client.naming.remote.gprc.NamingPushRequestHandler
09:14:44.768 [main] INFO  c.a.n.c.r.client - [printIfInfoEnabled,60] - [00ac025d-445d-4de4-a827-30e8bdba5374] Try to connect to server on start up, server: {serverIp = '127.0.0.1', server main port = 8848}
09:14:44.899 [main] INFO  c.a.n.c.r.client - [printIfInfoEnabled,60] - [00ac025d-445d-4de4-a827-30e8bdba5374] Success to connect to server [127.0.0.1:8848] on start up, connectionId = 1682471684781_127.0.0.1_64012
09:14:44.899 [main] INFO  c.a.n.c.r.client - [printIfInfoEnabled,60] - [00ac025d-445d-4de4-a827-30e8bdba5374] Register server push request handler:com.alibaba.nacos.common.remote.client.RpcClient$ConnectResetRequestHandler
09:14:44.899 [com.alibaba.nacos.client.remote.worker] INFO  c.a.n.c.r.client - [printIfInfoEnabled,60] - [00ac025d-445d-4de4-a827-30e8bdba5374] Notify connected event to listeners.
09:14:44.900 [main] INFO  c.a.n.c.r.client - [printIfInfoEnabled,60] - [00ac025d-445d-4de4-a827-30e8bdba5374] Register server push request handler:com.alibaba.nacos.common.remote.client.RpcClient$$Lambda$480/0x000000080103dd40
09:14:44.934 [main] INFO  o.a.c.h.Http11NioProtocol - [log,173] - Starting ProtocolHandler ["http-nio-9300"]
09:14:44.959 [main] INFO  c.a.c.n.r.NacosServiceRegistry - [register,75] - nacos registry, DEFAULT_GROUP cms-file 172.20.10.2:9300 register finished
09:14:45.114 [main] INFO  c.c.f.RuoYiFileApplication - [logStarted,61] - Started RuoYiFileApplication in 7.339 seconds (JVM running for 8.28)
09:14:45.125 [main] INFO  c.a.c.n.r.NacosContextRefresher - [registerNacosListener,129] - [Nacos Config] Listening config: dataId=cms-file.yml, group=DEFAULT_GROUP
09:14:45.126 [main] INFO  c.a.c.n.r.NacosContextRefresher - [registerNacosListener,129] - [Nacos Config] Listening config: dataId=cms-file, group=DEFAULT_GROUP
09:14:45.127 [main] INFO  c.a.c.n.r.NacosContextRefresher - [registerNacosListener,129] - [Nacos Config] Listening config: dataId=cms-file-dev.yml, group=DEFAULT_GROUP
09:14:45.330 [RMI TCP Connection(1)-127.0.0.1] INFO  o.a.c.c.C.[.[.[/] - [log,173] - Initializing Spring DispatcherServlet 'dispatcherServlet'
09:14:45.505 [nacos-grpc-client-executor-11] INFO  c.a.n.c.r.client - [printIfInfoEnabled,60] - [00ac025d-445d-4de4-a827-30e8bdba5374] Receive server push request, request = NotifySubscriberRequest, requestId = 557
09:14:45.509 [nacos-grpc-client-executor-11] INFO  c.a.n.c.r.client - [printIfInfoEnabled,60] - [00ac025d-445d-4de4-a827-30e8bdba5374] Ack server push request, request = NotifySubscriberRequest, requestId = 557
09:16:40.216 [SpringApplicationShutdownHook] INFO  c.a.c.n.r.NacosServiceRegistry - [deregister,94] - De-registering from Nacos Server now...
09:16:40.219 [SpringApplicationShutdownHook] INFO  c.a.c.n.r.NacosServiceRegistry - [deregister,114] - De-registration finished.
09:16:40.536 [SpringApplicationShutdownHook] INFO  c.a.n.c.r.client - [shutdown,454] - Shutdown rpc client, set status to shutdown
09:16:40.537 [SpringApplicationShutdownHook] INFO  c.a.n.c.r.client - [shutdown,456] - Shutdown client event executor java.util.concurrent.ScheduledThreadPoolExecutor@1eac07a6[Running, pool size = 2, active threads = 2, queued tasks = 0, completed tasks = 0]
09:16:40.538 [SpringApplicationShutdownHook] INFO  c.a.n.c.r.client - [closeConnection,591] - Close current connection 1682471684781_127.0.0.1_64012
09:16:40.541 [nacos-grpc-client-executor-53] INFO  c.a.n.c.r.c.g.GrpcClient - [printIfInfoEnabled,60] - [1682471684781_127.0.0.1_64012]Ignore complete event,isRunning:false,isAbandon=false
09:16:40.543 [SpringApplicationShutdownHook] INFO  c.a.n.c.r.c.g.GrpcClient - [shutdown,85] - Shutdown grpc executor java.util.concurrent.ThreadPoolExecutor@417c297f[Running, pool size = 8, active threads = 0, queued tasks = 0, completed tasks = 54]
09:16:40.692 [SpringApplicationShutdownHook] INFO  c.b.d.d.DynamicRoutingDataSource - [destroy,211] - dynamic-datasource start closing ....
09:16:40.693 [SpringApplicationShutdownHook] INFO  c.b.d.d.DynamicRoutingDataSource - [destroy,215] - dynamic-datasource all closed success,bye
09:18:04.313 [background-preinit] INFO  o.h.v.i.util.Version - [<clinit>,21] - HV000001: Hibernate Validator 6.2.5.Final
09:18:04.769 [main] INFO  c.a.n.c.r.client - [lambda$createClient$0,80] - [RpcClientFactory] create a new rpc client of e8964732-9cde-4d15-9c25-e94c2f24d7c8_config-0
09:18:04.819 [main] INFO  o.r.Reflections - [scan,232] - Reflections took 26 ms to scan 1 urls, producing 3 keys and 6 values 
09:18:04.853 [main] INFO  o.r.Reflections - [scan,232] - Reflections took 12 ms to scan 1 urls, producing 4 keys and 9 values 
09:18:04.865 [main] INFO  o.r.Reflections - [scan,232] - Reflections took 10 ms to scan 1 urls, producing 3 keys and 10 values 
09:18:04.878 [main] INFO  o.r.Reflections - [scan,232] - Reflections took 10 ms to scan 1 urls, producing 1 keys and 5 values 
09:18:04.891 [main] INFO  o.r.Reflections - [scan,232] - Reflections took 11 ms to scan 1 urls, producing 1 keys and 7 values 
09:18:04.903 [main] INFO  o.r.Reflections - [scan,232] - Reflections took 10 ms to scan 1 urls, producing 2 keys and 8 values 
09:18:04.905 [main] INFO  c.a.n.c.r.client - [printIfInfoEnabled,60] - [e8964732-9cde-4d15-9c25-e94c2f24d7c8_config-0] RpcClient init label, labels = {module=config, Vipserver-Tag=null, source=sdk, Amory-Tag=null, Location-Tag=null, taskId=0, AppName=unknown}
09:18:04.906 [main] INFO  c.a.n.c.r.client - [printIfInfoEnabled,60] - [e8964732-9cde-4d15-9c25-e94c2f24d7c8_config-0] Register server push request handler:com.alibaba.nacos.client.config.impl.ClientWorker$ConfigRpcTransportClient$$Lambda$468/0x0000000800f3c710
09:18:04.906 [main] INFO  c.a.n.c.r.client - [printIfInfoEnabled,60] - [e8964732-9cde-4d15-9c25-e94c2f24d7c8_config-0] Register server push request handler:com.alibaba.nacos.client.config.impl.ClientWorker$ConfigRpcTransportClient$$Lambda$469/0x0000000800f3c938
09:18:04.907 [main] INFO  c.a.n.c.r.client - [printIfInfoEnabled,60] - [e8964732-9cde-4d15-9c25-e94c2f24d7c8_config-0] Registry connection listener to current client:com.alibaba.nacos.client.config.impl.ClientWorker$ConfigRpcTransportClient$1
09:18:04.907 [main] INFO  c.a.n.c.r.client - [printIfInfoEnabled,60] - [e8964732-9cde-4d15-9c25-e94c2f24d7c8_config-0] RpcClient init, ServerListFactory = com.alibaba.nacos.client.config.impl.ClientWorker$ConfigRpcTransportClient$2
09:18:04.913 [main] INFO  c.a.n.c.r.client - [printIfInfoEnabled,60] - [e8964732-9cde-4d15-9c25-e94c2f24d7c8_config-0] Try to connect to server on start up, server: {serverIp = '127.0.0.1', server main port = 8848}
09:18:05.413 [main] INFO  c.a.n.c.r.client - [printIfInfoEnabled,60] - [e8964732-9cde-4d15-9c25-e94c2f24d7c8_config-0] Success to connect to server [127.0.0.1:8848] on start up, connectionId = 1682471885239_127.0.0.1_64352
09:18:05.414 [com.alibaba.nacos.client.remote.worker] INFO  c.a.n.c.r.client - [printIfInfoEnabled,60] - [e8964732-9cde-4d15-9c25-e94c2f24d7c8_config-0] Notify connected event to listeners.
09:18:05.414 [main] INFO  c.a.n.c.r.client - [printIfInfoEnabled,60] - [e8964732-9cde-4d15-9c25-e94c2f24d7c8_config-0] Register server push request handler:com.alibaba.nacos.common.remote.client.RpcClient$ConnectResetRequestHandler
09:18:05.414 [main] INFO  c.a.n.c.r.client - [printIfInfoEnabled,60] - [e8964732-9cde-4d15-9c25-e94c2f24d7c8_config-0] Register server push request handler:com.alibaba.nacos.common.remote.client.RpcClient$$Lambda$480/0x000000080103c290
09:18:05.477 [main] INFO  c.c.f.RuoYiFileApplication - [logStartupProfileInfo,637] - The following 1 profile is active: "dev"
09:18:06.999 [main] INFO  o.a.c.h.Http11NioProtocol - [log,173] - Initializing ProtocolHandler ["http-nio-9300"]
09:18:07.000 [main] INFO  o.a.c.c.StandardService - [log,173] - Starting service [Tomcat]
09:18:07.000 [main] INFO  o.a.c.c.StandardEngine - [log,173] - Starting Servlet engine: [Apache Tomcat/9.0.70]
09:18:07.114 [main] INFO  o.a.c.c.C.[.[.[/] - [log,173] - Initializing Spring embedded WebApplicationContext
09:18:07.864 [main] INFO  c.a.c.s.SentinelWebMvcConfigurer - [addInterceptors,52] - [Sentinel Starter] register SentinelWebInterceptor with urlPatterns: [/**].
09:18:08.599 [main] INFO  c.a.n.c.r.client - [lambda$createClient$0,80] - [RpcClientFactory] create a new rpc client of f8a2b089-7088-4221-8340-c8db2c6d2890
09:18:08.599 [main] INFO  c.a.n.c.r.client - [printIfInfoEnabled,60] - [f8a2b089-7088-4221-8340-c8db2c6d2890] RpcClient init label, labels = {module=naming, source=sdk}
09:18:08.601 [main] INFO  c.a.n.c.r.client - [printIfInfoEnabled,60] - [f8a2b089-7088-4221-8340-c8db2c6d2890] RpcClient init, ServerListFactory = com.alibaba.nacos.client.naming.core.ServerListManager
09:18:08.601 [main] INFO  c.a.n.c.r.client - [printIfInfoEnabled,60] - [f8a2b089-7088-4221-8340-c8db2c6d2890] Registry connection listener to current client:com.alibaba.nacos.client.naming.remote.gprc.redo.NamingGrpcRedoService
09:18:08.601 [main] INFO  c.a.n.c.r.client - [printIfInfoEnabled,60] - [f8a2b089-7088-4221-8340-c8db2c6d2890] Register server push request handler:com.alibaba.nacos.client.naming.remote.gprc.NamingPushRequestHandler
09:18:08.602 [main] INFO  c.a.n.c.r.client - [printIfInfoEnabled,60] - [f8a2b089-7088-4221-8340-c8db2c6d2890] Try to connect to server on start up, server: {serverIp = '127.0.0.1', server main port = 8848}
09:18:08.735 [main] INFO  c.a.n.c.r.client - [printIfInfoEnabled,60] - [f8a2b089-7088-4221-8340-c8db2c6d2890] Success to connect to server [127.0.0.1:8848] on start up, connectionId = 1682471888614_127.0.0.1_64353
09:18:08.735 [main] INFO  c.a.n.c.r.client - [printIfInfoEnabled,60] - [f8a2b089-7088-4221-8340-c8db2c6d2890] Register server push request handler:com.alibaba.nacos.common.remote.client.RpcClient$ConnectResetRequestHandler
09:18:08.735 [com.alibaba.nacos.client.remote.worker] INFO  c.a.n.c.r.client - [printIfInfoEnabled,60] - [f8a2b089-7088-4221-8340-c8db2c6d2890] Notify connected event to listeners.
09:18:08.736 [main] INFO  c.a.n.c.r.client - [printIfInfoEnabled,60] - [f8a2b089-7088-4221-8340-c8db2c6d2890] Register server push request handler:com.alibaba.nacos.common.remote.client.RpcClient$$Lambda$480/0x000000080103c290
09:18:08.780 [main] INFO  o.a.c.h.Http11NioProtocol - [log,173] - Starting ProtocolHandler ["http-nio-9300"]
09:18:08.800 [main] INFO  c.a.c.n.r.NacosServiceRegistry - [register,75] - nacos registry, DEFAULT_GROUP cms-file 172.20.10.2:9300 register finished
09:18:08.953 [main] INFO  c.c.f.RuoYiFileApplication - [logStarted,61] - Started RuoYiFileApplication in 5.215 seconds (JVM running for 5.957)
09:18:08.960 [main] INFO  c.a.c.n.r.NacosContextRefresher - [registerNacosListener,129] - [Nacos Config] Listening config: dataId=cms-file.yml, group=DEFAULT_GROUP
09:18:08.960 [main] INFO  c.a.c.n.r.NacosContextRefresher - [registerNacosListener,129] - [Nacos Config] Listening config: dataId=cms-file, group=DEFAULT_GROUP
09:18:08.961 [main] INFO  c.a.c.n.r.NacosContextRefresher - [registerNacosListener,129] - [Nacos Config] Listening config: dataId=cms-file-dev.yml, group=DEFAULT_GROUP
09:18:09.260 [nacos-grpc-client-executor-9] INFO  c.a.n.c.r.client - [printIfInfoEnabled,60] - [f8a2b089-7088-4221-8340-c8db2c6d2890] Receive server push request, request = NotifySubscriberRequest, requestId = 593
09:18:09.264 [nacos-grpc-client-executor-9] INFO  c.a.n.c.r.client - [printIfInfoEnabled,60] - [f8a2b089-7088-4221-8340-c8db2c6d2890] Ack server push request, request = NotifySubscriberRequest, requestId = 593
09:18:09.402 [RMI TCP Connection(3)-127.0.0.1] INFO  o.a.c.c.C.[.[.[/] - [log,173] - Initializing Spring DispatcherServlet 'dispatcherServlet'
09:27:15.127 [SpringApplicationShutdownHook] INFO  c.a.c.n.r.NacosServiceRegistry - [deregister,94] - De-registering from Nacos Server now...
09:27:15.131 [SpringApplicationShutdownHook] INFO  c.a.c.n.r.NacosServiceRegistry - [deregister,114] - De-registration finished.
09:27:15.442 [SpringApplicationShutdownHook] INFO  c.a.n.c.r.client - [shutdown,454] - Shutdown rpc client, set status to shutdown
09:27:15.443 [SpringApplicationShutdownHook] INFO  c.a.n.c.r.client - [shutdown,456] - Shutdown client event executor java.util.concurrent.ScheduledThreadPoolExecutor@722ef808[Running, pool size = 2, active threads = 2, queued tasks = 0, completed tasks = 0]
09:27:15.443 [SpringApplicationShutdownHook] INFO  c.a.n.c.r.client - [closeConnection,591] - Close current connection 1682471888614_127.0.0.1_64353
09:27:15.445 [nacos-grpc-client-executor-161] INFO  c.a.n.c.r.c.g.GrpcClient - [printIfInfoEnabled,60] - [1682471888614_127.0.0.1_64353]Ignore complete event,isRunning:false,isAbandon=false
09:27:15.447 [SpringApplicationShutdownHook] INFO  c.a.n.c.r.c.g.GrpcClient - [shutdown,85] - Shutdown grpc executor java.util.concurrent.ThreadPoolExecutor@4420f129[Running, pool size = 5, active threads = 0, queued tasks = 0, completed tasks = 162]
09:47:46.169 [background-preinit] INFO  o.h.v.i.util.Version - [<clinit>,21] - HV000001: Hibernate Validator 6.2.5.Final
09:47:47.277 [main] INFO  c.a.n.c.r.client - [lambda$createClient$0,80] - [RpcClientFactory] create a new rpc client of 2d0b66cd-6830-4eac-9c57-645027e79993_config-0
09:47:47.386 [main] INFO  o.r.Reflections - [scan,232] - Reflections took 58 ms to scan 1 urls, producing 3 keys and 6 values 
09:47:47.439 [main] INFO  o.r.Reflections - [scan,232] - Reflections took 18 ms to scan 1 urls, producing 4 keys and 9 values 
09:47:47.466 [main] INFO  o.r.Reflections - [scan,232] - Reflections took 20 ms to scan 1 urls, producing 3 keys and 10 values 
09:47:47.496 [main] INFO  o.r.Reflections - [scan,232] - Reflections took 25 ms to scan 1 urls, producing 1 keys and 5 values 
09:47:47.529 [main] INFO  o.r.Reflections - [scan,232] - Reflections took 29 ms to scan 1 urls, producing 1 keys and 7 values 
09:47:47.562 [main] INFO  o.r.Reflections - [scan,232] - Reflections took 29 ms to scan 1 urls, producing 2 keys and 8 values 
09:47:47.568 [main] INFO  c.a.n.c.r.client - [printIfInfoEnabled,60] - [2d0b66cd-6830-4eac-9c57-645027e79993_config-0] RpcClient init label, labels = {module=config, Vipserver-Tag=null, source=sdk, Amory-Tag=null, Location-Tag=null, taskId=0, AppName=unknown}
09:47:47.569 [main] INFO  c.a.n.c.r.client - [printIfInfoEnabled,60] - [2d0b66cd-6830-4eac-9c57-645027e79993_config-0] Register server push request handler:com.alibaba.nacos.client.config.impl.ClientWorker$ConfigRpcTransportClient$$Lambda$468/0x0000000800f1b8d8
09:47:47.571 [main] INFO  c.a.n.c.r.client - [printIfInfoEnabled,60] - [2d0b66cd-6830-4eac-9c57-645027e79993_config-0] Register server push request handler:com.alibaba.nacos.client.config.impl.ClientWorker$ConfigRpcTransportClient$$Lambda$469/0x0000000800f1bb00
09:47:47.578 [main] INFO  c.a.n.c.r.client - [printIfInfoEnabled,60] - [2d0b66cd-6830-4eac-9c57-645027e79993_config-0] Registry connection listener to current client:com.alibaba.nacos.client.config.impl.ClientWorker$ConfigRpcTransportClient$1
09:47:47.579 [main] INFO  c.a.n.c.r.client - [printIfInfoEnabled,60] - [2d0b66cd-6830-4eac-9c57-645027e79993_config-0] RpcClient init, ServerListFactory = com.alibaba.nacos.client.config.impl.ClientWorker$ConfigRpcTransportClient$2
09:47:47.600 [main] INFO  c.a.n.c.r.client - [printIfInfoEnabled,60] - [2d0b66cd-6830-4eac-9c57-645027e79993_config-0] Try to connect to server on start up, server: {serverIp = '127.0.0.1', server main port = 8848}
09:47:48.567 [main] INFO  c.a.n.c.r.client - [printIfInfoEnabled,60] - [2d0b66cd-6830-4eac-9c57-645027e79993_config-0] Success to connect to server [127.0.0.1:8848] on start up, connectionId = 1682473668349_127.0.0.1_49444
09:47:48.568 [main] INFO  c.a.n.c.r.client - [printIfInfoEnabled,60] - [2d0b66cd-6830-4eac-9c57-645027e79993_config-0] Register server push request handler:com.alibaba.nacos.common.remote.client.RpcClient$ConnectResetRequestHandler
09:47:48.569 [main] INFO  c.a.n.c.r.client - [printIfInfoEnabled,60] - [2d0b66cd-6830-4eac-9c57-645027e79993_config-0] Register server push request handler:com.alibaba.nacos.common.remote.client.RpcClient$$Lambda$480/0x000000080102b568
09:47:48.569 [com.alibaba.nacos.client.remote.worker] INFO  c.a.n.c.r.client - [printIfInfoEnabled,60] - [2d0b66cd-6830-4eac-9c57-645027e79993_config-0] Notify connected event to listeners.
09:47:48.706 [main] INFO  c.c.f.RuoYiFileApplication - [logStartupProfileInfo,637] - The following 1 profile is active: "dev"
09:47:53.816 [main] INFO  o.a.c.h.Http11NioProtocol - [log,173] - Initializing ProtocolHandler ["http-nio-9300"]
09:47:53.817 [main] INFO  o.a.c.c.StandardService - [log,173] - Starting service [Tomcat]
09:47:53.817 [main] INFO  o.a.c.c.StandardEngine - [log,173] - Starting Servlet engine: [Apache Tomcat/9.0.70]
09:47:54.042 [main] INFO  o.a.c.c.C.[.[.[/] - [log,173] - Initializing Spring embedded WebApplicationContext
09:47:55.425 [main] INFO  c.a.c.s.SentinelWebMvcConfigurer - [addInterceptors,52] - [Sentinel Starter] register SentinelWebInterceptor with urlPatterns: [/**].
09:47:56.825 [main] INFO  c.a.n.c.r.client - [lambda$createClient$0,80] - [RpcClientFactory] create a new rpc client of 66aad485-1e88-473c-a7ba-bfc5f14c36fa
09:47:56.825 [main] INFO  c.a.n.c.r.client - [printIfInfoEnabled,60] - [66aad485-1e88-473c-a7ba-bfc5f14c36fa] RpcClient init label, labels = {module=naming, source=sdk}
09:47:56.828 [main] INFO  c.a.n.c.r.client - [printIfInfoEnabled,60] - [66aad485-1e88-473c-a7ba-bfc5f14c36fa] RpcClient init, ServerListFactory = com.alibaba.nacos.client.naming.core.ServerListManager
09:47:56.828 [main] INFO  c.a.n.c.r.client - [printIfInfoEnabled,60] - [66aad485-1e88-473c-a7ba-bfc5f14c36fa] Registry connection listener to current client:com.alibaba.nacos.client.naming.remote.gprc.redo.NamingGrpcRedoService
09:47:56.829 [main] INFO  c.a.n.c.r.client - [printIfInfoEnabled,60] - [66aad485-1e88-473c-a7ba-bfc5f14c36fa] Register server push request handler:com.alibaba.nacos.client.naming.remote.gprc.NamingPushRequestHandler
09:47:56.830 [main] INFO  c.a.n.c.r.client - [printIfInfoEnabled,60] - [66aad485-1e88-473c-a7ba-bfc5f14c36fa] Try to connect to server on start up, server: {serverIp = '127.0.0.1', server main port = 8848}
09:47:56.991 [main] INFO  c.a.n.c.r.client - [printIfInfoEnabled,60] - [66aad485-1e88-473c-a7ba-bfc5f14c36fa] Success to connect to server [127.0.0.1:8848] on start up, connectionId = 1682473676863_127.0.0.1_49493
09:47:56.992 [main] INFO  c.a.n.c.r.client - [printIfInfoEnabled,60] - [66aad485-1e88-473c-a7ba-bfc5f14c36fa] Register server push request handler:com.alibaba.nacos.common.remote.client.RpcClient$ConnectResetRequestHandler
09:47:56.992 [com.alibaba.nacos.client.remote.worker] INFO  c.a.n.c.r.client - [printIfInfoEnabled,60] - [66aad485-1e88-473c-a7ba-bfc5f14c36fa] Notify connected event to listeners.
09:47:56.992 [main] INFO  c.a.n.c.r.client - [printIfInfoEnabled,60] - [66aad485-1e88-473c-a7ba-bfc5f14c36fa] Register server push request handler:com.alibaba.nacos.common.remote.client.RpcClient$$Lambda$480/0x000000080102b568
09:47:57.057 [main] INFO  o.a.c.h.Http11NioProtocol - [log,173] - Starting ProtocolHandler ["http-nio-9300"]
09:47:57.143 [main] INFO  c.a.c.n.r.NacosServiceRegistry - [register,75] - nacos registry, DEFAULT_GROUP cms-file 10.110.168.163:9300 register finished
09:47:57.453 [main] INFO  c.c.f.RuoYiFileApplication - [logStarted,61] - Started RuoYiFileApplication in 12.417 seconds (JVM running for 13.906)
09:47:57.465 [main] INFO  c.a.c.n.r.NacosContextRefresher - [registerNacosListener,129] - [Nacos Config] Listening config: dataId=cms-file.yml, group=DEFAULT_GROUP
09:47:57.466 [main] INFO  c.a.c.n.r.NacosContextRefresher - [registerNacosListener,129] - [Nacos Config] Listening config: dataId=cms-file, group=DEFAULT_GROUP
09:47:57.467 [main] INFO  c.a.c.n.r.NacosContextRefresher - [registerNacosListener,129] - [Nacos Config] Listening config: dataId=cms-file-dev.yml, group=DEFAULT_GROUP
09:47:57.552 [nacos-grpc-client-executor-10] INFO  c.a.n.c.r.client - [printIfInfoEnabled,60] - [66aad485-1e88-473c-a7ba-bfc5f14c36fa] Receive server push request, request = NotifySubscriberRequest, requestId = 10
09:47:57.556 [nacos-grpc-client-executor-10] INFO  c.a.n.c.r.client - [printIfInfoEnabled,60] - [66aad485-1e88-473c-a7ba-bfc5f14c36fa] Ack server push request, request = NotifySubscriberRequest, requestId = 10
09:47:57.616 [RMI TCP Connection(6)-10.110.168.163] INFO  o.a.c.c.C.[.[.[/] - [log,173] - Initializing Spring DispatcherServlet 'dispatcherServlet'
