21:45:13.279 [SpringApplicationShutdownHook] INFO  c.a.c.n.r.NacosServiceRegistry - [deregister,94] - De-registering from Nacos Server now...
21:45:13.288 [SpringApplicationShutdownHook] INFO  c.a.c.n.r.NacosServiceRegistry - [deregister,114] - De-registration finished.
21:45:13.601 [SpringApplicationShutdownHook] INFO  c.a.n.c.r.client - [shutdown,454] - Shutdown rpc client, set status to shutdown
21:45:13.602 [SpringApplicationShutdownHook] INFO  c.a.n.c.r.client - [shutdown,456] - Shutdown client event executor java.util.concurrent.ScheduledThreadPoolExecutor@3ded2a11[Running, pool size = 2, active threads = 2, queued tasks = 0, completed tasks = 0]
21:45:13.602 [SpringApplicationShutdownHook] INFO  c.a.n.c.r.client - [closeConnection,591] - Close current connection 1682618615666_127.0.0.1_52583
21:45:13.603 [nacos-grpc-client-executor-22828] INFO  c.a.n.c.r.c.g.GrpcClient - [printIfInfoEnabled,60] - [1682618615666_127.0.0.1_52583]Ignore complete event,isRunning:false,isAbandon=false
21:45:13.611 [SpringApplicationShutdownHook] INFO  c.a.n.c.r.c.g.GrpcClient - [shutdown,85] - Shutdown grpc executor java.util.concurrent.ThreadPoolExecutor@1f9550f4[Running, pool size = 6, active threads = 0, queued tasks = 0, completed tasks = 22829]
21:45:22.135 [background-preinit] INFO  o.h.v.i.util.Version - [<clinit>,21] - HV000001: Hibernate Validator 6.2.5.Final
21:45:22.481 [main] INFO  c.a.n.c.r.client - [lambda$createClient$0,80] - [RpcClientFactory] create a new rpc client of ecd6dce7-33f9-4fdf-9ad3-52f5b4ca95ef_config-0
21:45:22.541 [main] INFO  o.r.Reflections - [scan,232] - Reflections took 32 ms to scan 1 urls, producing 3 keys and 6 values 
21:45:22.578 [main] INFO  o.r.Reflections - [scan,232] - Reflections took 17 ms to scan 1 urls, producing 4 keys and 9 values 
21:45:22.597 [main] INFO  o.r.Reflections - [scan,232] - Reflections took 15 ms to scan 1 urls, producing 3 keys and 10 values 
21:45:22.622 [main] INFO  o.r.Reflections - [scan,232] - Reflections took 18 ms to scan 1 urls, producing 1 keys and 5 values 
21:45:22.649 [main] INFO  o.r.Reflections - [scan,232] - Reflections took 23 ms to scan 1 urls, producing 1 keys and 7 values 
21:45:22.665 [main] INFO  o.r.Reflections - [scan,232] - Reflections took 13 ms to scan 1 urls, producing 2 keys and 8 values 
21:45:22.667 [main] INFO  c.a.n.c.r.client - [printIfInfoEnabled,60] - [ecd6dce7-33f9-4fdf-9ad3-52f5b4ca95ef_config-0] RpcClient init label, labels = {module=config, Vipserver-Tag=null, source=sdk, Amory-Tag=null, Location-Tag=null, taskId=0, AppName=unknown}
21:45:22.668 [main] INFO  c.a.n.c.r.client - [printIfInfoEnabled,60] - [ecd6dce7-33f9-4fdf-9ad3-52f5b4ca95ef_config-0] Register server push request handler:com.alibaba.nacos.client.config.impl.ClientWorker$ConfigRpcTransportClient$$Lambda$456/0x0000000800f35190
21:45:22.669 [main] INFO  c.a.n.c.r.client - [printIfInfoEnabled,60] - [ecd6dce7-33f9-4fdf-9ad3-52f5b4ca95ef_config-0] Register server push request handler:com.alibaba.nacos.client.config.impl.ClientWorker$ConfigRpcTransportClient$$Lambda$457/0x0000000800f353b8
21:45:22.669 [main] INFO  c.a.n.c.r.client - [printIfInfoEnabled,60] - [ecd6dce7-33f9-4fdf-9ad3-52f5b4ca95ef_config-0] Registry connection listener to current client:com.alibaba.nacos.client.config.impl.ClientWorker$ConfigRpcTransportClient$1
21:45:22.670 [main] INFO  c.a.n.c.r.client - [printIfInfoEnabled,60] - [ecd6dce7-33f9-4fdf-9ad3-52f5b4ca95ef_config-0] RpcClient init, ServerListFactory = com.alibaba.nacos.client.config.impl.ClientWorker$ConfigRpcTransportClient$2
21:45:22.680 [main] INFO  c.a.n.c.r.client - [printIfInfoEnabled,60] - [ecd6dce7-33f9-4fdf-9ad3-52f5b4ca95ef_config-0] Try to connect to server on start up, server: {serverIp = '127.0.0.1', server main port = 8848}
21:45:23.354 [main] INFO  c.a.n.c.r.client - [printIfInfoEnabled,60] - [ecd6dce7-33f9-4fdf-9ad3-52f5b4ca95ef_config-0] Success to connect to server [127.0.0.1:8848] on start up, connectionId = 1683380723155_127.0.0.1_58825
21:45:23.355 [com.alibaba.nacos.client.remote.worker] INFO  c.a.n.c.r.client - [printIfInfoEnabled,60] - [ecd6dce7-33f9-4fdf-9ad3-52f5b4ca95ef_config-0] Notify connected event to listeners.
21:45:23.355 [main] INFO  c.a.n.c.r.client - [printIfInfoEnabled,60] - [ecd6dce7-33f9-4fdf-9ad3-52f5b4ca95ef_config-0] Register server push request handler:com.alibaba.nacos.common.remote.client.RpcClient$ConnectResetRequestHandler
21:45:23.355 [main] INFO  c.a.n.c.r.client - [printIfInfoEnabled,60] - [ecd6dce7-33f9-4fdf-9ad3-52f5b4ca95ef_config-0] Register server push request handler:com.alibaba.nacos.common.remote.client.RpcClient$$Lambda$468/0x00000008010357d8
21:45:23.430 [main] INFO  c.c.f.RuoYiFileApplication - [logStartupProfileInfo,637] - The following 1 profile is active: "dev"
21:45:25.881 [main] INFO  o.a.c.h.Http11NioProtocol - [log,173] - Initializing ProtocolHandler ["http-nio-9300"]
21:45:25.881 [main] INFO  o.a.c.c.StandardService - [log,173] - Starting service [Tomcat]
21:45:25.882 [main] INFO  o.a.c.c.StandardEngine - [log,173] - Starting Servlet engine: [Apache Tomcat/9.0.70]
21:45:26.111 [main] INFO  o.a.c.c.C.[.[.[/] - [log,173] - Initializing Spring embedded WebApplicationContext
21:45:27.366 [main] INFO  c.a.c.s.SentinelWebMvcConfigurer - [addInterceptors,52] - [Sentinel Starter] register SentinelWebInterceptor with urlPatterns: [/**].
21:45:28.241 [main] INFO  c.a.n.c.r.client - [lambda$createClient$0,80] - [RpcClientFactory] create a new rpc client of 1f2239ad-2d72-4b38-85aa-ff8c4b82240e
21:45:28.242 [main] INFO  c.a.n.c.r.client - [printIfInfoEnabled,60] - [1f2239ad-2d72-4b38-85aa-ff8c4b82240e] RpcClient init label, labels = {module=naming, source=sdk}
21:45:28.245 [main] INFO  c.a.n.c.r.client - [printIfInfoEnabled,60] - [1f2239ad-2d72-4b38-85aa-ff8c4b82240e] RpcClient init, ServerListFactory = com.alibaba.nacos.client.naming.core.ServerListManager
21:45:28.245 [main] INFO  c.a.n.c.r.client - [printIfInfoEnabled,60] - [1f2239ad-2d72-4b38-85aa-ff8c4b82240e] Registry connection listener to current client:com.alibaba.nacos.client.naming.remote.gprc.redo.NamingGrpcRedoService
21:45:28.245 [main] INFO  c.a.n.c.r.client - [printIfInfoEnabled,60] - [1f2239ad-2d72-4b38-85aa-ff8c4b82240e] Register server push request handler:com.alibaba.nacos.client.naming.remote.gprc.NamingPushRequestHandler
21:45:28.246 [main] INFO  c.a.n.c.r.client - [printIfInfoEnabled,60] - [1f2239ad-2d72-4b38-85aa-ff8c4b82240e] Try to connect to server on start up, server: {serverIp = '127.0.0.1', server main port = 8848}
21:45:28.375 [main] INFO  c.a.n.c.r.client - [printIfInfoEnabled,60] - [1f2239ad-2d72-4b38-85aa-ff8c4b82240e] Success to connect to server [127.0.0.1:8848] on start up, connectionId = 1683380728261_127.0.0.1_58844
21:45:28.376 [main] INFO  c.a.n.c.r.client - [printIfInfoEnabled,60] - [1f2239ad-2d72-4b38-85aa-ff8c4b82240e] Register server push request handler:com.alibaba.nacos.common.remote.client.RpcClient$ConnectResetRequestHandler
21:45:28.376 [com.alibaba.nacos.client.remote.worker] INFO  c.a.n.c.r.client - [printIfInfoEnabled,60] - [1f2239ad-2d72-4b38-85aa-ff8c4b82240e] Notify connected event to listeners.
21:45:28.376 [main] INFO  c.a.n.c.r.client - [printIfInfoEnabled,60] - [1f2239ad-2d72-4b38-85aa-ff8c4b82240e] Register server push request handler:com.alibaba.nacos.common.remote.client.RpcClient$$Lambda$468/0x00000008010357d8
21:45:28.407 [main] INFO  o.a.c.h.Http11NioProtocol - [log,173] - Starting ProtocolHandler ["http-nio-9300"]
21:45:28.428 [main] INFO  c.a.c.n.r.NacosServiceRegistry - [register,75] - nacos registry, DEFAULT_GROUP cms-file 192.168.1.3:9300 register finished
21:45:28.626 [main] INFO  c.c.f.RuoYiFileApplication - [logStarted,61] - Started RuoYiFileApplication in 6.955 seconds (JVM running for 11.764)
21:45:28.635 [main] INFO  c.a.c.n.r.NacosContextRefresher - [registerNacosListener,129] - [Nacos Config] Listening config: dataId=cms-file.yml, group=DEFAULT_GROUP
21:45:28.635 [main] INFO  c.a.c.n.r.NacosContextRefresher - [registerNacosListener,129] - [Nacos Config] Listening config: dataId=cms-file, group=DEFAULT_GROUP
21:45:28.636 [main] INFO  c.a.c.n.r.NacosContextRefresher - [registerNacosListener,129] - [Nacos Config] Listening config: dataId=cms-file-dev.yml, group=DEFAULT_GROUP
21:45:28.999 [nacos-grpc-client-executor-9] INFO  c.a.n.c.r.client - [printIfInfoEnabled,60] - [1f2239ad-2d72-4b38-85aa-ff8c4b82240e] Receive server push request, request = NotifySubscriberRequest, requestId = 168
21:45:29.002 [nacos-grpc-client-executor-9] INFO  c.a.n.c.r.client - [printIfInfoEnabled,60] - [1f2239ad-2d72-4b38-85aa-ff8c4b82240e] Ack server push request, request = NotifySubscriberRequest, requestId = 168
21:45:56.621 [http-nio-9300-exec-1] INFO  o.a.c.c.C.[.[.[/] - [log,173] - Initializing Spring DispatcherServlet 'dispatcherServlet'
