18:48:22.995 [background-preinit] INFO  o.h.v.i.util.Version - [<clinit>,21] - HV000001: Hibernate Validator 6.2.5.Final
18:48:24.177 [main] INFO  c.a.n.c.r.client - [lambda$createClient$0,80] - [RpcClientFactory] create a new rpc client of 846c4329-5c81-47aa-8d6a-0291b5462d9f_config-0
18:48:24.378 [main] INFO  o.r.Reflections - [scan,232] - Reflections took 101 ms to scan 1 urls, producing 3 keys and 6 values 
18:48:24.456 [main] INFO  o.r.Reflections - [scan,232] - Reflections took 25 ms to scan 1 urls, producing 4 keys and 9 values 
18:48:24.503 [main] INFO  o.r.Reflections - [scan,232] - Reflections took 44 ms to scan 1 urls, producing 3 keys and 10 values 
18:48:24.546 [main] INFO  o.r.Reflections - [scan,232] - Reflections took 36 ms to scan 1 urls, producing 1 keys and 5 values 
18:48:24.573 [main] INFO  o.r.Reflections - [scan,232] - Reflections took 25 ms to scan 1 urls, producing 1 keys and 7 values 
18:48:24.600 [main] INFO  o.r.Reflections - [scan,232] - Reflections took 24 ms to scan 1 urls, producing 2 keys and 8 values 
18:48:24.604 [main] INFO  c.a.n.c.r.client - [printIfInfoEnabled,60] - [846c4329-5c81-47aa-8d6a-0291b5462d9f_config-0] RpcClient init label, labels = {module=config, Vipserver-Tag=null, source=sdk, Amory-Tag=null, Location-Tag=null, taskId=0, AppName=unknown}
18:48:24.607 [main] INFO  c.a.n.c.r.client - [printIfInfoEnabled,60] - [846c4329-5c81-47aa-8d6a-0291b5462d9f_config-0] Register server push request handler:com.alibaba.nacos.client.config.impl.ClientWorker$ConfigRpcTransportClient$$Lambda$468/0x0000000800f3c278
18:48:24.608 [main] INFO  c.a.n.c.r.client - [printIfInfoEnabled,60] - [846c4329-5c81-47aa-8d6a-0291b5462d9f_config-0] Register server push request handler:com.alibaba.nacos.client.config.impl.ClientWorker$ConfigRpcTransportClient$$Lambda$469/0x0000000800f3c4a0
18:48:24.609 [main] INFO  c.a.n.c.r.client - [printIfInfoEnabled,60] - [846c4329-5c81-47aa-8d6a-0291b5462d9f_config-0] Registry connection listener to current client:com.alibaba.nacos.client.config.impl.ClientWorker$ConfigRpcTransportClient$1
18:48:24.609 [main] INFO  c.a.n.c.r.client - [printIfInfoEnabled,60] - [846c4329-5c81-47aa-8d6a-0291b5462d9f_config-0] RpcClient init, ServerListFactory = com.alibaba.nacos.client.config.impl.ClientWorker$ConfigRpcTransportClient$2
18:48:24.626 [main] INFO  c.a.n.c.r.client - [printIfInfoEnabled,60] - [846c4329-5c81-47aa-8d6a-0291b5462d9f_config-0] Try to connect to server on start up, server: {serverIp = '127.0.0.1', server main port = 8848}
18:48:25.571 [main] INFO  c.a.n.c.r.client - [printIfInfoEnabled,60] - [846c4329-5c81-47aa-8d6a-0291b5462d9f_config-0] Success to connect to server [127.0.0.1:8848] on start up, connectionId = 1684579705329_127.0.0.1_50663
18:48:25.572 [com.alibaba.nacos.client.remote.worker] INFO  c.a.n.c.r.client - [printIfInfoEnabled,60] - [846c4329-5c81-47aa-8d6a-0291b5462d9f_config-0] Notify connected event to listeners.
18:48:25.572 [main] INFO  c.a.n.c.r.client - [printIfInfoEnabled,60] - [846c4329-5c81-47aa-8d6a-0291b5462d9f_config-0] Register server push request handler:com.alibaba.nacos.common.remote.client.RpcClient$ConnectResetRequestHandler
18:48:25.573 [main] INFO  c.a.n.c.r.client - [printIfInfoEnabled,60] - [846c4329-5c81-47aa-8d6a-0291b5462d9f_config-0] Register server push request handler:com.alibaba.nacos.common.remote.client.RpcClient$$Lambda$480/0x000000080103e330
18:48:25.695 [main] INFO  c.c.f.RuoYiFileApplication - [logStartupProfileInfo,637] - The following 1 profile is active: "dev"
18:48:29.384 [main] INFO  o.a.c.h.Http11NioProtocol - [log,173] - Initializing ProtocolHandler ["http-nio-9300"]
18:48:29.385 [main] INFO  o.a.c.c.StandardService - [log,173] - Starting service [Tomcat]
18:48:29.385 [main] INFO  o.a.c.c.StandardEngine - [log,173] - Starting Servlet engine: [Apache Tomcat/9.0.70]
18:48:29.694 [main] INFO  o.a.c.c.C.[.[.[/] - [log,173] - Initializing Spring embedded WebApplicationContext
18:48:31.619 [main] INFO  c.a.c.s.SentinelWebMvcConfigurer - [addInterceptors,52] - [Sentinel Starter] register SentinelWebInterceptor with urlPatterns: [/**].
18:48:33.140 [main] INFO  c.a.n.c.r.client - [lambda$createClient$0,80] - [RpcClientFactory] create a new rpc client of 808ae8f0-6359-4021-b674-98efa20fd5f8
18:48:33.140 [main] INFO  c.a.n.c.r.client - [printIfInfoEnabled,60] - [808ae8f0-6359-4021-b674-98efa20fd5f8] RpcClient init label, labels = {module=naming, source=sdk}
18:48:33.144 [main] INFO  c.a.n.c.r.client - [printIfInfoEnabled,60] - [808ae8f0-6359-4021-b674-98efa20fd5f8] RpcClient init, ServerListFactory = com.alibaba.nacos.client.naming.core.ServerListManager
18:48:33.145 [main] INFO  c.a.n.c.r.client - [printIfInfoEnabled,60] - [808ae8f0-6359-4021-b674-98efa20fd5f8] Registry connection listener to current client:com.alibaba.nacos.client.naming.remote.gprc.redo.NamingGrpcRedoService
18:48:33.145 [main] INFO  c.a.n.c.r.client - [printIfInfoEnabled,60] - [808ae8f0-6359-4021-b674-98efa20fd5f8] Register server push request handler:com.alibaba.nacos.client.naming.remote.gprc.NamingPushRequestHandler
18:48:33.146 [main] INFO  c.a.n.c.r.client - [printIfInfoEnabled,60] - [808ae8f0-6359-4021-b674-98efa20fd5f8] Try to connect to server on start up, server: {serverIp = '127.0.0.1', server main port = 8848}
18:48:33.291 [main] INFO  c.a.n.c.r.client - [printIfInfoEnabled,60] - [808ae8f0-6359-4021-b674-98efa20fd5f8] Success to connect to server [127.0.0.1:8848] on start up, connectionId = 1684579713166_127.0.0.1_50690
18:48:33.291 [main] INFO  c.a.n.c.r.client - [printIfInfoEnabled,60] - [808ae8f0-6359-4021-b674-98efa20fd5f8] Register server push request handler:com.alibaba.nacos.common.remote.client.RpcClient$ConnectResetRequestHandler
18:48:33.291 [com.alibaba.nacos.client.remote.worker] INFO  c.a.n.c.r.client - [printIfInfoEnabled,60] - [808ae8f0-6359-4021-b674-98efa20fd5f8] Notify connected event to listeners.
18:48:33.291 [main] INFO  c.a.n.c.r.client - [printIfInfoEnabled,60] - [808ae8f0-6359-4021-b674-98efa20fd5f8] Register server push request handler:com.alibaba.nacos.common.remote.client.RpcClient$$Lambda$480/0x000000080103e330
18:48:33.330 [main] INFO  o.a.c.h.Http11NioProtocol - [log,173] - Starting ProtocolHandler ["http-nio-9300"]
18:48:33.360 [main] INFO  c.a.c.n.r.NacosServiceRegistry - [register,75] - nacos registry, DEFAULT_GROUP cms-file 192.168.1.4:9300 register finished
18:48:33.590 [main] INFO  c.c.f.RuoYiFileApplication - [logStarted,61] - Started RuoYiFileApplication in 11.921 seconds (JVM running for 13.873)
18:48:33.603 [main] INFO  c.a.c.n.r.NacosContextRefresher - [registerNacosListener,129] - [Nacos Config] Listening config: dataId=cms-file.yml, group=DEFAULT_GROUP
18:48:33.603 [main] INFO  c.a.c.n.r.NacosContextRefresher - [registerNacosListener,129] - [Nacos Config] Listening config: dataId=cms-file, group=DEFAULT_GROUP
18:48:33.604 [main] INFO  c.a.c.n.r.NacosContextRefresher - [registerNacosListener,129] - [Nacos Config] Listening config: dataId=cms-file-dev.yml, group=DEFAULT_GROUP
18:48:33.889 [RMI TCP Connection(12)-192.168.1.4] INFO  o.a.c.c.C.[.[.[/] - [log,173] - Initializing Spring DispatcherServlet 'dispatcherServlet'
18:48:33.905 [nacos-grpc-client-executor-10] INFO  c.a.n.c.r.client - [printIfInfoEnabled,60] - [808ae8f0-6359-4021-b674-98efa20fd5f8] Receive server push request, request = NotifySubscriberRequest, requestId = 32
18:48:33.908 [nacos-grpc-client-executor-10] INFO  c.a.n.c.r.client - [printIfInfoEnabled,60] - [808ae8f0-6359-4021-b674-98efa20fd5f8] Ack server push request, request = NotifySubscriberRequest, requestId = 32
