23:55:59.601 [background-preinit] INFO  o.h.v.i.util.Version - [<clinit>,21] - HV000001: Hibernate Validator 6.2.5.Final
23:56:00.378 [main] INFO  c.a.n.c.r.client - [lambda$createClient$0,80] - [RpcClientFactory] create a new rpc client of 042fca39-0489-411e-b1ad-3fdb7d11c262_config-0
23:56:00.472 [main] INFO  o.r.Reflections - [scan,232] - Reflections took 55 ms to scan 1 urls, producing 3 keys and 6 values 
23:56:00.526 [main] INFO  o.r.Reflections - [scan,232] - Reflections took 26 ms to scan 1 urls, producing 4 keys and 9 values 
23:56:00.552 [main] INFO  o.r.Reflections - [scan,232] - Reflections took 22 ms to scan 1 urls, producing 3 keys and 10 values 
23:56:00.608 [main] INFO  o.r.Reflections - [scan,232] - Reflections took 40 ms to scan 1 urls, producing 1 keys and 5 values 
23:56:00.629 [main] INFO  o.r.Reflections - [scan,232] - Reflections took 16 ms to scan 1 urls, producing 1 keys and 7 values 
23:56:00.648 [main] INFO  o.r.Reflections - [scan,232] - Reflections took 17 ms to scan 1 urls, producing 2 keys and 8 values 
23:56:00.651 [main] INFO  c.a.n.c.r.client - [printIfInfoEnabled,60] - [042fca39-0489-411e-b1ad-3fdb7d11c262_config-0] RpcClient init label, labels = {module=config, Vipserver-Tag=null, source=sdk, Amory-Tag=null, Location-Tag=null, taskId=0, AppName=unknown}
23:56:00.652 [main] INFO  c.a.n.c.r.client - [printIfInfoEnabled,60] - [042fca39-0489-411e-b1ad-3fdb7d11c262_config-0] Register server push request handler:com.alibaba.nacos.client.config.impl.ClientWorker$ConfigRpcTransportClient$$Lambda$468/0x0000000800f3bb38
23:56:00.652 [main] INFO  c.a.n.c.r.client - [printIfInfoEnabled,60] - [042fca39-0489-411e-b1ad-3fdb7d11c262_config-0] Register server push request handler:com.alibaba.nacos.client.config.impl.ClientWorker$ConfigRpcTransportClient$$Lambda$469/0x0000000800f3bd60
23:56:00.653 [main] INFO  c.a.n.c.r.client - [printIfInfoEnabled,60] - [042fca39-0489-411e-b1ad-3fdb7d11c262_config-0] Registry connection listener to current client:com.alibaba.nacos.client.config.impl.ClientWorker$ConfigRpcTransportClient$1
23:56:00.654 [main] INFO  c.a.n.c.r.client - [printIfInfoEnabled,60] - [042fca39-0489-411e-b1ad-3fdb7d11c262_config-0] RpcClient init, ServerListFactory = com.alibaba.nacos.client.config.impl.ClientWorker$ConfigRpcTransportClient$2
23:56:00.662 [main] INFO  c.a.n.c.r.client - [printIfInfoEnabled,60] - [042fca39-0489-411e-b1ad-3fdb7d11c262_config-0] Try to connect to server on start up, server: {serverIp = '127.0.0.1', server main port = 8848}
23:56:01.447 [main] INFO  c.a.n.c.r.client - [printIfInfoEnabled,60] - [042fca39-0489-411e-b1ad-3fdb7d11c262_config-0] Success to connect to server [127.0.0.1:8848] on start up, connectionId = 1685634961226_127.0.0.1_64598
23:56:01.448 [com.alibaba.nacos.client.remote.worker] INFO  c.a.n.c.r.client - [printIfInfoEnabled,60] - [042fca39-0489-411e-b1ad-3fdb7d11c262_config-0] Notify connected event to listeners.
23:56:01.448 [main] INFO  c.a.n.c.r.client - [printIfInfoEnabled,60] - [042fca39-0489-411e-b1ad-3fdb7d11c262_config-0] Register server push request handler:com.alibaba.nacos.common.remote.client.RpcClient$ConnectResetRequestHandler
23:56:01.448 [main] INFO  c.a.n.c.r.client - [printIfInfoEnabled,60] - [042fca39-0489-411e-b1ad-3fdb7d11c262_config-0] Register server push request handler:com.alibaba.nacos.common.remote.client.RpcClient$$Lambda$480/0x000000080103b7b8
23:56:01.521 [main] INFO  c.c.f.CMSFileApplication - [logStartupProfileInfo,637] - The following 1 profile is active: "dev"
23:56:03.879 [main] INFO  o.a.c.h.Http11NioProtocol - [log,173] - Initializing ProtocolHandler ["http-nio-9300"]
23:56:03.880 [main] INFO  o.a.c.c.StandardService - [log,173] - Starting service [Tomcat]
23:56:03.880 [main] INFO  o.a.c.c.StandardEngine - [log,173] - Starting Servlet engine: [Apache Tomcat/9.0.70]
23:56:04.062 [main] INFO  o.a.c.c.C.[.[.[/] - [log,173] - Initializing Spring embedded WebApplicationContext
23:56:05.625 [main] INFO  c.a.c.s.SentinelWebMvcConfigurer - [addInterceptors,52] - [Sentinel Starter] register SentinelWebInterceptor with urlPatterns: [/**].
23:56:07.219 [main] INFO  c.a.n.c.r.client - [lambda$createClient$0,80] - [RpcClientFactory] create a new rpc client of 1db5378a-6112-43c2-991d-80f787cef2d8
23:56:07.219 [main] INFO  c.a.n.c.r.client - [printIfInfoEnabled,60] - [1db5378a-6112-43c2-991d-80f787cef2d8] RpcClient init label, labels = {module=naming, source=sdk}
23:56:07.223 [main] INFO  c.a.n.c.r.client - [printIfInfoEnabled,60] - [1db5378a-6112-43c2-991d-80f787cef2d8] RpcClient init, ServerListFactory = com.alibaba.nacos.client.naming.core.ServerListManager
23:56:07.223 [main] INFO  c.a.n.c.r.client - [printIfInfoEnabled,60] - [1db5378a-6112-43c2-991d-80f787cef2d8] Registry connection listener to current client:com.alibaba.nacos.client.naming.remote.gprc.redo.NamingGrpcRedoService
23:56:07.224 [main] INFO  c.a.n.c.r.client - [printIfInfoEnabled,60] - [1db5378a-6112-43c2-991d-80f787cef2d8] Register server push request handler:com.alibaba.nacos.client.naming.remote.gprc.NamingPushRequestHandler
23:56:07.226 [main] INFO  c.a.n.c.r.client - [printIfInfoEnabled,60] - [1db5378a-6112-43c2-991d-80f787cef2d8] Try to connect to server on start up, server: {serverIp = '127.0.0.1', server main port = 8848}
23:56:07.366 [main] INFO  c.a.n.c.r.client - [printIfInfoEnabled,60] - [1db5378a-6112-43c2-991d-80f787cef2d8] Success to connect to server [127.0.0.1:8848] on start up, connectionId = 1685634967246_127.0.0.1_64619
23:56:07.367 [main] INFO  c.a.n.c.r.client - [printIfInfoEnabled,60] - [1db5378a-6112-43c2-991d-80f787cef2d8] Register server push request handler:com.alibaba.nacos.common.remote.client.RpcClient$ConnectResetRequestHandler
23:56:07.367 [main] INFO  c.a.n.c.r.client - [printIfInfoEnabled,60] - [1db5378a-6112-43c2-991d-80f787cef2d8] Register server push request handler:com.alibaba.nacos.common.remote.client.RpcClient$$Lambda$480/0x000000080103b7b8
23:56:07.367 [com.alibaba.nacos.client.remote.worker] INFO  c.a.n.c.r.client - [printIfInfoEnabled,60] - [1db5378a-6112-43c2-991d-80f787cef2d8] Notify connected event to listeners.
23:56:07.404 [main] INFO  o.a.c.h.Http11NioProtocol - [log,173] - Starting ProtocolHandler ["http-nio-9300"]
23:56:07.438 [main] INFO  c.a.c.n.r.NacosServiceRegistry - [register,75] - nacos registry, DEFAULT_GROUP cms-file 10.110.28.98:9300 register finished
23:56:07.671 [main] INFO  c.c.f.CMSFileApplication - [logStarted,61] - Started CMSFileApplication in 8.662 seconds (JVM running for 9.414)
23:56:07.686 [main] INFO  c.a.c.n.r.NacosContextRefresher - [registerNacosListener,129] - [Nacos Config] Listening config: dataId=cms-file.yml, group=DEFAULT_GROUP
23:56:07.686 [main] INFO  c.a.c.n.r.NacosContextRefresher - [registerNacosListener,129] - [Nacos Config] Listening config: dataId=cms-file, group=DEFAULT_GROUP
23:56:07.687 [main] INFO  c.a.c.n.r.NacosContextRefresher - [registerNacosListener,129] - [Nacos Config] Listening config: dataId=cms-file-dev.yml, group=DEFAULT_GROUP
23:56:07.850 [RMI TCP Connection(11)-127.0.0.1] INFO  o.a.c.c.C.[.[.[/] - [log,173] - Initializing Spring DispatcherServlet 'dispatcherServlet'
23:56:07.923 [nacos-grpc-client-executor-11] INFO  c.a.n.c.r.client - [printIfInfoEnabled,60] - [1db5378a-6112-43c2-991d-80f787cef2d8] Receive server push request, request = NotifySubscriberRequest, requestId = 47
23:56:07.928 [nacos-grpc-client-executor-11] INFO  c.a.n.c.r.client - [printIfInfoEnabled,60] - [1db5378a-6112-43c2-991d-80f787cef2d8] Ack server push request, request = NotifySubscriberRequest, requestId = 47
23:56:29.730 [SpringApplicationShutdownHook] INFO  c.a.c.n.r.NacosServiceRegistry - [deregister,94] - De-registering from Nacos Server now...
23:56:29.740 [SpringApplicationShutdownHook] INFO  c.a.c.n.r.NacosServiceRegistry - [deregister,114] - De-registration finished.
23:56:30.053 [SpringApplicationShutdownHook] INFO  c.a.n.c.r.client - [shutdown,454] - Shutdown rpc client, set status to shutdown
23:56:30.053 [SpringApplicationShutdownHook] INFO  c.a.n.c.r.client - [shutdown,456] - Shutdown client event executor java.util.concurrent.ScheduledThreadPoolExecutor@47553c0a[Running, pool size = 2, active threads = 2, queued tasks = 0, completed tasks = 0]
23:56:30.054 [SpringApplicationShutdownHook] INFO  c.a.n.c.r.client - [closeConnection,591] - Close current connection 1685634967246_127.0.0.1_64619
23:56:30.056 [nacos-grpc-client-executor-25] INFO  c.a.n.c.r.c.g.GrpcClient - [printIfInfoEnabled,60] - [1685634967246_127.0.0.1_64619]Ignore complete event,isRunning:false,isAbandon=false
23:56:30.057 [SpringApplicationShutdownHook] INFO  c.a.n.c.r.c.g.GrpcClient - [shutdown,85] - Shutdown grpc executor java.util.concurrent.ThreadPoolExecutor@324a6d41[Running, pool size = 10, active threads = 0, queued tasks = 0, completed tasks = 26]
23:57:28.414 [background-preinit] INFO  o.h.v.i.util.Version - [<clinit>,21] - HV000001: Hibernate Validator 6.2.5.Final
23:57:30.329 [main] INFO  c.a.n.c.r.client - [lambda$createClient$0,80] - [RpcClientFactory] create a new rpc client of 6c88772e-1ebc-4ce1-a11e-8222f09e327b_config-0
23:57:30.498 [main] INFO  o.r.Reflections - [scan,232] - Reflections took 117 ms to scan 1 urls, producing 3 keys and 6 values 
23:57:30.596 [main] INFO  o.r.Reflections - [scan,232] - Reflections took 42 ms to scan 1 urls, producing 4 keys and 9 values 
23:57:30.647 [main] INFO  o.r.Reflections - [scan,232] - Reflections took 42 ms to scan 1 urls, producing 3 keys and 10 values 
23:57:30.730 [main] INFO  o.r.Reflections - [scan,232] - Reflections took 72 ms to scan 1 urls, producing 1 keys and 5 values 
23:57:30.858 [main] INFO  o.r.Reflections - [scan,232] - Reflections took 112 ms to scan 1 urls, producing 1 keys and 7 values 
23:57:30.902 [main] INFO  o.r.Reflections - [scan,232] - Reflections took 36 ms to scan 1 urls, producing 2 keys and 8 values 
23:57:30.928 [main] INFO  c.a.n.c.r.client - [printIfInfoEnabled,60] - [6c88772e-1ebc-4ce1-a11e-8222f09e327b_config-0] RpcClient init label, labels = {module=config, Vipserver-Tag=null, source=sdk, Amory-Tag=null, Location-Tag=null, taskId=0, AppName=unknown}
23:57:30.930 [main] INFO  c.a.n.c.r.client - [printIfInfoEnabled,60] - [6c88772e-1ebc-4ce1-a11e-8222f09e327b_config-0] Register server push request handler:com.alibaba.nacos.client.config.impl.ClientWorker$ConfigRpcTransportClient$$Lambda$468/0x0000000800f1b650
23:57:30.930 [main] INFO  c.a.n.c.r.client - [printIfInfoEnabled,60] - [6c88772e-1ebc-4ce1-a11e-8222f09e327b_config-0] Register server push request handler:com.alibaba.nacos.client.config.impl.ClientWorker$ConfigRpcTransportClient$$Lambda$469/0x0000000800f1b878
23:57:30.932 [main] INFO  c.a.n.c.r.client - [printIfInfoEnabled,60] - [6c88772e-1ebc-4ce1-a11e-8222f09e327b_config-0] Registry connection listener to current client:com.alibaba.nacos.client.config.impl.ClientWorker$ConfigRpcTransportClient$1
23:57:30.934 [main] INFO  c.a.n.c.r.client - [printIfInfoEnabled,60] - [6c88772e-1ebc-4ce1-a11e-8222f09e327b_config-0] RpcClient init, ServerListFactory = com.alibaba.nacos.client.config.impl.ClientWorker$ConfigRpcTransportClient$2
23:57:30.971 [main] INFO  c.a.n.c.r.client - [printIfInfoEnabled,60] - [6c88772e-1ebc-4ce1-a11e-8222f09e327b_config-0] Try to connect to server on start up, server: {serverIp = '127.0.0.1', server main port = 8848}
23:57:32.247 [main] INFO  c.a.n.c.r.client - [printIfInfoEnabled,60] - [6c88772e-1ebc-4ce1-a11e-8222f09e327b_config-0] Success to connect to server [127.0.0.1:8848] on start up, connectionId = 1685635051921_127.0.0.1_64756
23:57:32.249 [com.alibaba.nacos.client.remote.worker] INFO  c.a.n.c.r.client - [printIfInfoEnabled,60] - [6c88772e-1ebc-4ce1-a11e-8222f09e327b_config-0] Notify connected event to listeners.
23:57:32.250 [main] INFO  c.a.n.c.r.client - [printIfInfoEnabled,60] - [6c88772e-1ebc-4ce1-a11e-8222f09e327b_config-0] Register server push request handler:com.alibaba.nacos.common.remote.client.RpcClient$ConnectResetRequestHandler
23:57:32.251 [main] INFO  c.a.n.c.r.client - [printIfInfoEnabled,60] - [6c88772e-1ebc-4ce1-a11e-8222f09e327b_config-0] Register server push request handler:com.alibaba.nacos.common.remote.client.RpcClient$$Lambda$480/0x000000080102c920
23:57:32.384 [main] INFO  c.c.f.CMSFileApplication - [logStartupProfileInfo,637] - The following 1 profile is active: "dev"
23:57:36.631 [main] INFO  o.a.c.h.Http11NioProtocol - [log,173] - Initializing ProtocolHandler ["http-nio-9300"]
23:57:36.633 [main] INFO  o.a.c.c.StandardService - [log,173] - Starting service [Tomcat]
23:57:36.634 [main] INFO  o.a.c.c.StandardEngine - [log,173] - Starting Servlet engine: [Apache Tomcat/9.0.70]
23:57:36.940 [main] INFO  o.a.c.c.C.[.[.[/] - [log,173] - Initializing Spring embedded WebApplicationContext
23:57:39.705 [main] INFO  c.a.c.s.SentinelWebMvcConfigurer - [addInterceptors,52] - [Sentinel Starter] register SentinelWebInterceptor with urlPatterns: [/**].
23:57:41.912 [main] INFO  c.a.n.c.r.client - [lambda$createClient$0,80] - [RpcClientFactory] create a new rpc client of 973f365f-8a5c-49c1-ba3c-5bc3d6dd4aad
23:57:41.913 [main] INFO  c.a.n.c.r.client - [printIfInfoEnabled,60] - [973f365f-8a5c-49c1-ba3c-5bc3d6dd4aad] RpcClient init label, labels = {module=naming, source=sdk}
23:57:41.915 [main] INFO  c.a.n.c.r.client - [printIfInfoEnabled,60] - [973f365f-8a5c-49c1-ba3c-5bc3d6dd4aad] RpcClient init, ServerListFactory = com.alibaba.nacos.client.naming.core.ServerListManager
23:57:41.918 [main] INFO  c.a.n.c.r.client - [printIfInfoEnabled,60] - [973f365f-8a5c-49c1-ba3c-5bc3d6dd4aad] Registry connection listener to current client:com.alibaba.nacos.client.naming.remote.gprc.redo.NamingGrpcRedoService
23:57:41.920 [main] INFO  c.a.n.c.r.client - [printIfInfoEnabled,60] - [973f365f-8a5c-49c1-ba3c-5bc3d6dd4aad] Register server push request handler:com.alibaba.nacos.client.naming.remote.gprc.NamingPushRequestHandler
23:57:41.921 [main] INFO  c.a.n.c.r.client - [printIfInfoEnabled,60] - [973f365f-8a5c-49c1-ba3c-5bc3d6dd4aad] Try to connect to server on start up, server: {serverIp = '127.0.0.1', server main port = 8848}
23:57:42.063 [main] INFO  c.a.n.c.r.client - [printIfInfoEnabled,60] - [973f365f-8a5c-49c1-ba3c-5bc3d6dd4aad] Success to connect to server [127.0.0.1:8848] on start up, connectionId = 1685635061943_127.0.0.1_64777
23:57:42.063 [com.alibaba.nacos.client.remote.worker] INFO  c.a.n.c.r.client - [printIfInfoEnabled,60] - [973f365f-8a5c-49c1-ba3c-5bc3d6dd4aad] Notify connected event to listeners.
23:57:42.063 [main] INFO  c.a.n.c.r.client - [printIfInfoEnabled,60] - [973f365f-8a5c-49c1-ba3c-5bc3d6dd4aad] Register server push request handler:com.alibaba.nacos.common.remote.client.RpcClient$ConnectResetRequestHandler
23:57:42.064 [main] INFO  c.a.n.c.r.client - [printIfInfoEnabled,60] - [973f365f-8a5c-49c1-ba3c-5bc3d6dd4aad] Register server push request handler:com.alibaba.nacos.common.remote.client.RpcClient$$Lambda$480/0x000000080102c920
23:57:42.109 [main] INFO  o.a.c.h.Http11NioProtocol - [log,173] - Starting ProtocolHandler ["http-nio-9300"]
23:57:42.147 [main] INFO  c.a.c.n.r.NacosServiceRegistry - [register,75] - nacos registry, DEFAULT_GROUP cms-file 10.110.28.98:9300 register finished
23:57:42.487 [main] INFO  c.c.f.CMSFileApplication - [logStarted,61] - Started CMSFileApplication in 15.374 seconds (JVM running for 16.799)
23:57:42.501 [main] INFO  c.a.c.n.r.NacosContextRefresher - [registerNacosListener,129] - [Nacos Config] Listening config: dataId=cms-file.yml, group=DEFAULT_GROUP
23:57:42.504 [main] INFO  c.a.c.n.r.NacosContextRefresher - [registerNacosListener,129] - [Nacos Config] Listening config: dataId=cms-file, group=DEFAULT_GROUP
23:57:42.505 [main] INFO  c.a.c.n.r.NacosContextRefresher - [registerNacosListener,129] - [Nacos Config] Listening config: dataId=cms-file-dev.yml, group=DEFAULT_GROUP
23:57:42.649 [nacos-grpc-client-executor-10] INFO  c.a.n.c.r.client - [printIfInfoEnabled,60] - [973f365f-8a5c-49c1-ba3c-5bc3d6dd4aad] Receive server push request, request = NotifySubscriberRequest, requestId = 62
23:57:42.657 [nacos-grpc-client-executor-10] INFO  c.a.n.c.r.client - [printIfInfoEnabled,60] - [973f365f-8a5c-49c1-ba3c-5bc3d6dd4aad] Ack server push request, request = NotifySubscriberRequest, requestId = 62
23:57:42.795 [RMI TCP Connection(4)-127.0.0.1] INFO  o.a.c.c.C.[.[.[/] - [log,173] - Initializing Spring DispatcherServlet 'dispatcherServlet'
