18:29:59.494 [background-preinit] INFO  o.h.v.i.util.Version - [<clinit>,21] - HV000001: Hibernate Validator 6.2.5.Final
18:30:00.008 [main] INFO  c.a.n.c.r.client - [lambda$createClient$0,80] - [RpcClientFactory] create a new rpc client of 279670de-35d3-4873-ad83-c88757188f48_config-0
18:30:00.074 [main] INFO  o.r.Reflections - [scan,232] - Reflections took 40 ms to scan 1 urls, producing 3 keys and 6 values 
18:30:00.122 [main] INFO  o.r.Reflections - [scan,232] - Reflections took 22 ms to scan 1 urls, producing 4 keys and 9 values 
18:30:00.155 [main] INFO  o.r.Reflections - [scan,232] - Reflections took 23 ms to scan 1 urls, producing 3 keys and 10 values 
18:30:00.185 [main] INFO  o.r.Reflections - [scan,232] - Reflections took 20 ms to scan 1 urls, producing 1 keys and 5 values 
18:30:00.217 [main] INFO  o.r.Reflections - [scan,232] - Reflections took 29 ms to scan 1 urls, producing 1 keys and 7 values 
18:30:00.238 [main] INFO  o.r.Reflections - [scan,232] - Reflections took 17 ms to scan 1 urls, producing 2 keys and 8 values 
18:30:00.242 [main] INFO  c.a.n.c.r.client - [printIfInfoEnabled,60] - [279670de-35d3-4873-ad83-c88757188f48_config-0] RpcClient init label, labels = {module=config, Vipserver-Tag=null, source=sdk, Amory-Tag=null, Location-Tag=null, taskId=0, AppName=unknown}
18:30:00.243 [main] INFO  c.a.n.c.r.client - [printIfInfoEnabled,60] - [279670de-35d3-4873-ad83-c88757188f48_config-0] Register server push request handler:com.alibaba.nacos.client.config.impl.ClientWorker$ConfigRpcTransportClient$$Lambda$468/0x0000000800f3d388
18:30:00.243 [main] INFO  c.a.n.c.r.client - [printIfInfoEnabled,60] - [279670de-35d3-4873-ad83-c88757188f48_config-0] Register server push request handler:com.alibaba.nacos.client.config.impl.ClientWorker$ConfigRpcTransportClient$$Lambda$469/0x0000000800f3d5b0
18:30:00.244 [main] INFO  c.a.n.c.r.client - [printIfInfoEnabled,60] - [279670de-35d3-4873-ad83-c88757188f48_config-0] Registry connection listener to current client:com.alibaba.nacos.client.config.impl.ClientWorker$ConfigRpcTransportClient$1
18:30:00.244 [main] INFO  c.a.n.c.r.client - [printIfInfoEnabled,60] - [279670de-35d3-4873-ad83-c88757188f48_config-0] RpcClient init, ServerListFactory = com.alibaba.nacos.client.config.impl.ClientWorker$ConfigRpcTransportClient$2
18:30:00.253 [main] INFO  c.a.n.c.r.client - [printIfInfoEnabled,60] - [279670de-35d3-4873-ad83-c88757188f48_config-0] Try to connect to server on start up, server: {serverIp = '127.0.0.1', server main port = 8848}
18:30:00.925 [main] INFO  c.a.n.c.r.client - [printIfInfoEnabled,60] - [279670de-35d3-4873-ad83-c88757188f48_config-0] Success to connect to server [127.0.0.1:8848] on start up, connectionId = 1706178600700_127.0.0.1_57380
18:30:00.925 [com.alibaba.nacos.client.remote.worker] INFO  c.a.n.c.r.client - [printIfInfoEnabled,60] - [279670de-35d3-4873-ad83-c88757188f48_config-0] Notify connected event to listeners.
18:30:00.926 [main] INFO  c.a.n.c.r.client - [printIfInfoEnabled,60] - [279670de-35d3-4873-ad83-c88757188f48_config-0] Register server push request handler:com.alibaba.nacos.common.remote.client.RpcClient$ConnectResetRequestHandler
18:30:00.926 [main] INFO  c.a.n.c.r.client - [printIfInfoEnabled,60] - [279670de-35d3-4873-ad83-c88757188f48_config-0] Register server push request handler:com.alibaba.nacos.common.remote.client.RpcClient$$Lambda$480/0x000000080103d7d8
18:30:01.019 [main] INFO  c.c.f.CMSFileApplication - [logStartupProfileInfo,637] - The following 1 profile is active: "dev"
18:30:03.034 [main] INFO  o.a.c.h.Http11NioProtocol - [log,173] - Initializing ProtocolHandler ["http-nio-9300"]
18:30:03.035 [main] INFO  o.a.c.c.StandardService - [log,173] - Starting service [Tomcat]
18:30:03.036 [main] INFO  o.a.c.c.StandardEngine - [log,173] - Starting Servlet engine: [Apache Tomcat/9.0.70]
18:30:03.283 [main] INFO  o.a.c.c.C.[.[.[/] - [log,173] - Initializing Spring embedded WebApplicationContext
18:30:04.629 [main] INFO  c.a.c.s.SentinelWebMvcConfigurer - [addInterceptors,52] - [Sentinel Starter] register SentinelWebInterceptor with urlPatterns: [/**].
18:30:05.710 [main] INFO  c.a.n.c.r.client - [lambda$createClient$0,80] - [RpcClientFactory] create a new rpc client of 3450f0f6-0665-4c5e-aef9-54ffc4f89fb2
18:30:05.710 [main] INFO  c.a.n.c.r.client - [printIfInfoEnabled,60] - [3450f0f6-0665-4c5e-aef9-54ffc4f89fb2] RpcClient init label, labels = {module=naming, source=sdk}
18:30:05.711 [main] INFO  c.a.n.c.r.client - [printIfInfoEnabled,60] - [3450f0f6-0665-4c5e-aef9-54ffc4f89fb2] RpcClient init, ServerListFactory = com.alibaba.nacos.client.naming.core.ServerListManager
18:30:05.712 [main] INFO  c.a.n.c.r.client - [printIfInfoEnabled,60] - [3450f0f6-0665-4c5e-aef9-54ffc4f89fb2] Registry connection listener to current client:com.alibaba.nacos.client.naming.remote.gprc.redo.NamingGrpcRedoService
18:30:05.712 [main] INFO  c.a.n.c.r.client - [printIfInfoEnabled,60] - [3450f0f6-0665-4c5e-aef9-54ffc4f89fb2] Register server push request handler:com.alibaba.nacos.client.naming.remote.gprc.NamingPushRequestHandler
18:30:05.713 [main] INFO  c.a.n.c.r.client - [printIfInfoEnabled,60] - [3450f0f6-0665-4c5e-aef9-54ffc4f89fb2] Try to connect to server on start up, server: {serverIp = '127.0.0.1', server main port = 8848}
18:30:05.852 [main] INFO  c.a.n.c.r.client - [printIfInfoEnabled,60] - [3450f0f6-0665-4c5e-aef9-54ffc4f89fb2] Success to connect to server [127.0.0.1:8848] on start up, connectionId = 1706178605729_127.0.0.1_57392
18:30:05.853 [main] INFO  c.a.n.c.r.client - [printIfInfoEnabled,60] - [3450f0f6-0665-4c5e-aef9-54ffc4f89fb2] Register server push request handler:com.alibaba.nacos.common.remote.client.RpcClient$ConnectResetRequestHandler
18:30:05.853 [com.alibaba.nacos.client.remote.worker] INFO  c.a.n.c.r.client - [printIfInfoEnabled,60] - [3450f0f6-0665-4c5e-aef9-54ffc4f89fb2] Notify connected event to listeners.
18:30:05.853 [main] INFO  c.a.n.c.r.client - [printIfInfoEnabled,60] - [3450f0f6-0665-4c5e-aef9-54ffc4f89fb2] Register server push request handler:com.alibaba.nacos.common.remote.client.RpcClient$$Lambda$480/0x000000080103d7d8
18:30:05.879 [main] INFO  o.a.c.h.Http11NioProtocol - [log,173] - Starting ProtocolHandler ["http-nio-9300"]
18:30:05.907 [main] INFO  c.a.c.n.r.NacosServiceRegistry - [register,75] - nacos registry, DEFAULT_GROUP cms-file 192.168.1.3:9300 register finished
18:30:06.065 [main] INFO  c.c.f.CMSFileApplication - [logStarted,61] - Started CMSFileApplication in 7.164 seconds (JVM running for 8.091)
18:30:06.072 [main] INFO  c.a.c.n.r.NacosContextRefresher - [registerNacosListener,129] - [Nacos Config] Listening config: dataId=cms-file.yml, group=DEFAULT_GROUP
18:30:06.072 [main] INFO  c.a.c.n.r.NacosContextRefresher - [registerNacosListener,129] - [Nacos Config] Listening config: dataId=cms-file, group=DEFAULT_GROUP
18:30:06.073 [main] INFO  c.a.c.n.r.NacosContextRefresher - [registerNacosListener,129] - [Nacos Config] Listening config: dataId=cms-file-dev.yml, group=DEFAULT_GROUP
18:30:06.407 [nacos-grpc-client-executor-8] INFO  c.a.n.c.r.client - [printIfInfoEnabled,60] - [3450f0f6-0665-4c5e-aef9-54ffc4f89fb2] Receive server push request, request = NotifySubscriberRequest, requestId = 2
18:30:06.414 [nacos-grpc-client-executor-8] INFO  c.a.n.c.r.client - [printIfInfoEnabled,60] - [3450f0f6-0665-4c5e-aef9-54ffc4f89fb2] Ack server push request, request = NotifySubscriberRequest, requestId = 2
18:30:06.465 [RMI TCP Connection(4)-192.168.1.3] INFO  o.a.c.c.C.[.[.[/] - [log,173] - Initializing Spring DispatcherServlet 'dispatcherServlet'
23:27:09.651 [SpringApplicationShutdownHook] INFO  c.a.c.n.r.NacosServiceRegistry - [deregister,94] - De-registering from Nacos Server now...
23:27:09.680 [SpringApplicationShutdownHook] INFO  c.a.c.n.r.NacosServiceRegistry - [deregister,114] - De-registration finished.
23:27:10.027 [SpringApplicationShutdownHook] INFO  c.a.n.c.r.client - [shutdown,454] - Shutdown rpc client, set status to shutdown
23:27:10.029 [SpringApplicationShutdownHook] INFO  c.a.n.c.r.client - [shutdown,456] - Shutdown client event executor java.util.concurrent.ScheduledThreadPoolExecutor@24f1b073[Running, pool size = 2, active threads = 2, queued tasks = 0, completed tasks = 0]
23:27:10.030 [SpringApplicationShutdownHook] INFO  c.a.n.c.r.client - [closeConnection,591] - Close current connection 1706178605729_127.0.0.1_57392
23:27:10.052 [nacos-grpc-client-executor-807] INFO  c.a.n.c.r.c.g.GrpcClient - [printIfInfoEnabled,60] - [1706178605729_127.0.0.1_57392]Ignore complete event,isRunning:false,isAbandon=false
23:27:10.061 [SpringApplicationShutdownHook] INFO  c.a.n.c.r.c.g.GrpcClient - [shutdown,85] - Shutdown grpc executor java.util.concurrent.ThreadPoolExecutor@6520269d[Running, pool size = 6, active threads = 0, queued tasks = 0, completed tasks = 808]
23:27:27.227 [background-preinit] INFO  o.h.v.i.util.Version - [<clinit>,21] - HV000001: Hibernate Validator 6.2.5.Final
23:27:28.340 [main] INFO  c.a.n.c.r.client - [lambda$createClient$0,80] - [RpcClientFactory] create a new rpc client of 4adc9545-5255-4494-86e1-044f58c5cbd6_config-0
23:27:28.469 [main] INFO  o.r.Reflections - [scan,232] - Reflections took 86 ms to scan 1 urls, producing 3 keys and 6 values 
23:27:28.543 [main] INFO  o.r.Reflections - [scan,232] - Reflections took 47 ms to scan 1 urls, producing 4 keys and 9 values 
23:27:28.575 [main] INFO  o.r.Reflections - [scan,232] - Reflections took 28 ms to scan 1 urls, producing 3 keys and 10 values 
23:27:28.608 [main] INFO  o.r.Reflections - [scan,232] - Reflections took 29 ms to scan 1 urls, producing 1 keys and 5 values 
23:27:28.623 [main] INFO  o.r.Reflections - [scan,232] - Reflections took 12 ms to scan 1 urls, producing 1 keys and 7 values 
23:27:28.640 [main] INFO  o.r.Reflections - [scan,232] - Reflections took 14 ms to scan 1 urls, producing 2 keys and 8 values 
23:27:28.643 [main] INFO  c.a.n.c.r.client - [printIfInfoEnabled,60] - [4adc9545-5255-4494-86e1-044f58c5cbd6_config-0] RpcClient init label, labels = {module=config, Vipserver-Tag=null, source=sdk, Amory-Tag=null, Location-Tag=null, taskId=0, AppName=unknown}
23:27:28.644 [main] INFO  c.a.n.c.r.client - [printIfInfoEnabled,60] - [4adc9545-5255-4494-86e1-044f58c5cbd6_config-0] Register server push request handler:com.alibaba.nacos.client.config.impl.ClientWorker$ConfigRpcTransportClient$$Lambda$468/0x0000000800f3ca30
23:27:28.644 [main] INFO  c.a.n.c.r.client - [printIfInfoEnabled,60] - [4adc9545-5255-4494-86e1-044f58c5cbd6_config-0] Register server push request handler:com.alibaba.nacos.client.config.impl.ClientWorker$ConfigRpcTransportClient$$Lambda$469/0x0000000800f3cc58
23:27:28.645 [main] INFO  c.a.n.c.r.client - [printIfInfoEnabled,60] - [4adc9545-5255-4494-86e1-044f58c5cbd6_config-0] Registry connection listener to current client:com.alibaba.nacos.client.config.impl.ClientWorker$ConfigRpcTransportClient$1
23:27:28.646 [main] INFO  c.a.n.c.r.client - [printIfInfoEnabled,60] - [4adc9545-5255-4494-86e1-044f58c5cbd6_config-0] RpcClient init, ServerListFactory = com.alibaba.nacos.client.config.impl.ClientWorker$ConfigRpcTransportClient$2
23:27:28.658 [main] INFO  c.a.n.c.r.client - [printIfInfoEnabled,60] - [4adc9545-5255-4494-86e1-044f58c5cbd6_config-0] Try to connect to server on start up, server: {serverIp = '127.0.0.1', server main port = 8848}
23:27:29.442 [main] INFO  c.a.n.c.r.client - [printIfInfoEnabled,60] - [4adc9545-5255-4494-86e1-044f58c5cbd6_config-0] Success to connect to server [127.0.0.1:8848] on start up, connectionId = 1706196449185_127.0.0.1_60407
23:27:29.443 [com.alibaba.nacos.client.remote.worker] INFO  c.a.n.c.r.client - [printIfInfoEnabled,60] - [4adc9545-5255-4494-86e1-044f58c5cbd6_config-0] Notify connected event to listeners.
23:27:29.443 [main] INFO  c.a.n.c.r.client - [printIfInfoEnabled,60] - [4adc9545-5255-4494-86e1-044f58c5cbd6_config-0] Register server push request handler:com.alibaba.nacos.common.remote.client.RpcClient$ConnectResetRequestHandler
23:27:29.444 [main] INFO  c.a.n.c.r.client - [printIfInfoEnabled,60] - [4adc9545-5255-4494-86e1-044f58c5cbd6_config-0] Register server push request handler:com.alibaba.nacos.common.remote.client.RpcClient$$Lambda$480/0x000000080103cba8
23:27:29.544 [main] INFO  c.c.f.CMSFileApplication - [logStartupProfileInfo,637] - The following 1 profile is active: "dev"
23:27:32.658 [main] INFO  o.a.c.h.Http11NioProtocol - [log,173] - Initializing ProtocolHandler ["http-nio-9300"]
23:27:32.659 [main] INFO  o.a.c.c.StandardService - [log,173] - Starting service [Tomcat]
23:27:32.660 [main] INFO  o.a.c.c.StandardEngine - [log,173] - Starting Servlet engine: [Apache Tomcat/9.0.70]
23:27:32.854 [main] INFO  o.a.c.c.C.[.[.[/] - [log,173] - Initializing Spring embedded WebApplicationContext
23:27:34.514 [main] INFO  c.a.c.s.SentinelWebMvcConfigurer - [addInterceptors,52] - [Sentinel Starter] register SentinelWebInterceptor with urlPatterns: [/**].
23:27:35.796 [main] INFO  c.a.n.c.r.client - [lambda$createClient$0,80] - [RpcClientFactory] create a new rpc client of 75e196de-3708-49c5-9abc-5df6a558c1e1
23:27:35.796 [main] INFO  c.a.n.c.r.client - [printIfInfoEnabled,60] - [75e196de-3708-49c5-9abc-5df6a558c1e1] RpcClient init label, labels = {module=naming, source=sdk}
23:27:35.799 [main] INFO  c.a.n.c.r.client - [printIfInfoEnabled,60] - [75e196de-3708-49c5-9abc-5df6a558c1e1] RpcClient init, ServerListFactory = com.alibaba.nacos.client.naming.core.ServerListManager
23:27:35.799 [main] INFO  c.a.n.c.r.client - [printIfInfoEnabled,60] - [75e196de-3708-49c5-9abc-5df6a558c1e1] Registry connection listener to current client:com.alibaba.nacos.client.naming.remote.gprc.redo.NamingGrpcRedoService
23:27:35.800 [main] INFO  c.a.n.c.r.client - [printIfInfoEnabled,60] - [75e196de-3708-49c5-9abc-5df6a558c1e1] Register server push request handler:com.alibaba.nacos.client.naming.remote.gprc.NamingPushRequestHandler
23:27:35.800 [main] INFO  c.a.n.c.r.client - [printIfInfoEnabled,60] - [75e196de-3708-49c5-9abc-5df6a558c1e1] Try to connect to server on start up, server: {serverIp = '127.0.0.1', server main port = 8848}
23:27:35.970 [main] INFO  c.a.n.c.r.client - [printIfInfoEnabled,60] - [75e196de-3708-49c5-9abc-5df6a558c1e1] Success to connect to server [127.0.0.1:8848] on start up, connectionId = 1706196455826_127.0.0.1_60431
23:27:35.971 [com.alibaba.nacos.client.remote.worker] INFO  c.a.n.c.r.client - [printIfInfoEnabled,60] - [75e196de-3708-49c5-9abc-5df6a558c1e1] Notify connected event to listeners.
23:27:35.971 [main] INFO  c.a.n.c.r.client - [printIfInfoEnabled,60] - [75e196de-3708-49c5-9abc-5df6a558c1e1] Register server push request handler:com.alibaba.nacos.common.remote.client.RpcClient$ConnectResetRequestHandler
23:27:35.971 [main] INFO  c.a.n.c.r.client - [printIfInfoEnabled,60] - [75e196de-3708-49c5-9abc-5df6a558c1e1] Register server push request handler:com.alibaba.nacos.common.remote.client.RpcClient$$Lambda$480/0x000000080103cba8
23:27:36.021 [main] INFO  o.a.c.h.Http11NioProtocol - [log,173] - Starting ProtocolHandler ["http-nio-9300"]
23:27:36.061 [main] INFO  c.a.c.n.r.NacosServiceRegistry - [register,75] - nacos registry, DEFAULT_GROUP cms-file 172.20.10.2:9300 register finished
23:27:36.243 [main] INFO  c.c.f.CMSFileApplication - [logStarted,61] - Started CMSFileApplication in 10.377 seconds (JVM running for 11.957)
23:27:36.251 [main] INFO  c.a.c.n.r.NacosContextRefresher - [registerNacosListener,129] - [Nacos Config] Listening config: dataId=cms-file.yml, group=DEFAULT_GROUP
23:27:36.252 [main] INFO  c.a.c.n.r.NacosContextRefresher - [registerNacosListener,129] - [Nacos Config] Listening config: dataId=cms-file, group=DEFAULT_GROUP
23:27:36.252 [main] INFO  c.a.c.n.r.NacosContextRefresher - [registerNacosListener,129] - [Nacos Config] Listening config: dataId=cms-file-dev.yml, group=DEFAULT_GROUP
23:27:36.469 [RMI TCP Connection(3)-127.0.0.1] INFO  o.a.c.c.C.[.[.[/] - [log,173] - Initializing Spring DispatcherServlet 'dispatcherServlet'
23:27:36.502 [nacos-grpc-client-executor-10] INFO  c.a.n.c.r.client - [printIfInfoEnabled,60] - [75e196de-3708-49c5-9abc-5df6a558c1e1] Receive server push request, request = NotifySubscriberRequest, requestId = 34
23:27:36.505 [nacos-grpc-client-executor-10] INFO  c.a.n.c.r.client - [printIfInfoEnabled,60] - [75e196de-3708-49c5-9abc-5df6a558c1e1] Ack server push request, request = NotifySubscriberRequest, requestId = 34
