18:37:42.949 [background-preinit] INFO  o.h.v.i.util.Version - [<clinit>,21] - HV000001: Hibernate Validator 6.2.5.Final
18:37:43.450 [main] INFO  c.a.n.c.r.client - [lambda$createClient$0,80] - [RpcClientFactory] create a new rpc client of 51d28dae-222e-4c3e-bb0e-0cacd04f93cb_config-0
18:37:43.498 [main] INFO  o.r.Reflections - [scan,232] - Reflections took 27 ms to scan 1 urls, producing 3 keys and 6 values 
18:37:43.530 [main] INFO  o.r.Reflections - [scan,232] - Reflections took 13 ms to scan 1 urls, producing 4 keys and 9 values 
18:37:43.543 [main] INFO  o.r.Reflections - [scan,232] - Reflections took 12 ms to scan 1 urls, producing 3 keys and 10 values 
18:37:43.557 [main] INFO  o.r.Reflections - [scan,232] - Reflections took 11 ms to scan 1 urls, producing 1 keys and 5 values 
18:37:43.571 [main] INFO  o.r.Reflections - [scan,232] - Reflections took 11 ms to scan 1 urls, producing 1 keys and 7 values 
18:37:43.584 [main] INFO  o.r.Reflections - [scan,232] - Reflections took 12 ms to scan 1 urls, producing 2 keys and 8 values 
18:37:43.588 [main] INFO  c.a.n.c.r.client - [printIfInfoEnabled,60] - [51d28dae-222e-4c3e-bb0e-0cacd04f93cb_config-0] RpcClient init label, labels = {module=config, Vipserver-Tag=null, source=sdk, Amory-Tag=null, Location-Tag=null, taskId=0, AppName=unknown}
18:37:43.588 [main] INFO  c.a.n.c.r.client - [printIfInfoEnabled,60] - [51d28dae-222e-4c3e-bb0e-0cacd04f93cb_config-0] Register server push request handler:com.alibaba.nacos.client.config.impl.ClientWorker$ConfigRpcTransportClient$$Lambda$468/0x0000000800f3bb38
18:37:43.589 [main] INFO  c.a.n.c.r.client - [printIfInfoEnabled,60] - [51d28dae-222e-4c3e-bb0e-0cacd04f93cb_config-0] Register server push request handler:com.alibaba.nacos.client.config.impl.ClientWorker$ConfigRpcTransportClient$$Lambda$469/0x0000000800f3bd60
18:37:43.589 [main] INFO  c.a.n.c.r.client - [printIfInfoEnabled,60] - [51d28dae-222e-4c3e-bb0e-0cacd04f93cb_config-0] Registry connection listener to current client:com.alibaba.nacos.client.config.impl.ClientWorker$ConfigRpcTransportClient$1
18:37:43.590 [main] INFO  c.a.n.c.r.client - [printIfInfoEnabled,60] - [51d28dae-222e-4c3e-bb0e-0cacd04f93cb_config-0] RpcClient init, ServerListFactory = com.alibaba.nacos.client.config.impl.ClientWorker$ConfigRpcTransportClient$2
18:37:43.598 [main] INFO  c.a.n.c.r.client - [printIfInfoEnabled,60] - [51d28dae-222e-4c3e-bb0e-0cacd04f93cb_config-0] Try to connect to server on start up, server: {serverIp = '127.0.0.1', server main port = 8848}
18:37:44.445 [main] INFO  c.a.n.c.r.client - [printIfInfoEnabled,60] - [51d28dae-222e-4c3e-bb0e-0cacd04f93cb_config-0] Success to connect to server [127.0.0.1:8848] on start up, connectionId = 1681555064221_127.0.0.1_52622
18:37:44.445 [com.alibaba.nacos.client.remote.worker] INFO  c.a.n.c.r.client - [printIfInfoEnabled,60] - [51d28dae-222e-4c3e-bb0e-0cacd04f93cb_config-0] Notify connected event to listeners.
18:37:44.446 [main] INFO  c.a.n.c.r.client - [printIfInfoEnabled,60] - [51d28dae-222e-4c3e-bb0e-0cacd04f93cb_config-0] Register server push request handler:com.alibaba.nacos.common.remote.client.RpcClient$ConnectResetRequestHandler
18:37:44.446 [main] INFO  c.a.n.c.r.client - [printIfInfoEnabled,60] - [51d28dae-222e-4c3e-bb0e-0cacd04f93cb_config-0] Register server push request handler:com.alibaba.nacos.common.remote.client.RpcClient$$Lambda$480/0x000000080103b7b8
18:37:44.542 [main] INFO  c.c.f.RuoYiFileApplication - [logStartupProfileInfo,637] - The following 1 profile is active: "dev"
18:37:46.948 [main] INFO  o.a.c.h.Http11NioProtocol - [log,173] - Initializing ProtocolHandler ["http-nio-9300"]
18:37:46.948 [main] INFO  o.a.c.c.StandardService - [log,173] - Starting service [Tomcat]
18:37:46.949 [main] INFO  o.a.c.c.StandardEngine - [log,173] - Starting Servlet engine: [Apache Tomcat/9.0.70]
18:37:47.189 [main] INFO  o.a.c.c.C.[.[.[/] - [log,173] - Initializing Spring embedded WebApplicationContext
18:37:48.811 [main] INFO  c.a.c.s.SentinelWebMvcConfigurer - [addInterceptors,52] - [Sentinel Starter] register SentinelWebInterceptor with urlPatterns: [/**].
18:37:49.858 [main] INFO  c.a.n.c.r.client - [lambda$createClient$0,80] - [RpcClientFactory] create a new rpc client of 68974c51-36ed-4914-8bb5-8eb79b91108f
18:37:49.859 [main] INFO  c.a.n.c.r.client - [printIfInfoEnabled,60] - [68974c51-36ed-4914-8bb5-8eb79b91108f] RpcClient init label, labels = {module=naming, source=sdk}
18:37:49.862 [main] INFO  c.a.n.c.r.client - [printIfInfoEnabled,60] - [68974c51-36ed-4914-8bb5-8eb79b91108f] RpcClient init, ServerListFactory = com.alibaba.nacos.client.naming.core.ServerListManager
18:37:49.863 [main] INFO  c.a.n.c.r.client - [printIfInfoEnabled,60] - [68974c51-36ed-4914-8bb5-8eb79b91108f] Registry connection listener to current client:com.alibaba.nacos.client.naming.remote.gprc.redo.NamingGrpcRedoService
18:37:49.864 [main] INFO  c.a.n.c.r.client - [printIfInfoEnabled,60] - [68974c51-36ed-4914-8bb5-8eb79b91108f] Register server push request handler:com.alibaba.nacos.client.naming.remote.gprc.NamingPushRequestHandler
18:37:49.865 [main] INFO  c.a.n.c.r.client - [printIfInfoEnabled,60] - [68974c51-36ed-4914-8bb5-8eb79b91108f] Try to connect to server on start up, server: {serverIp = '127.0.0.1', server main port = 8848}
18:37:50.016 [main] INFO  c.a.n.c.r.client - [printIfInfoEnabled,60] - [68974c51-36ed-4914-8bb5-8eb79b91108f] Success to connect to server [127.0.0.1:8848] on start up, connectionId = 1681555069886_127.0.0.1_52636
18:37:50.016 [com.alibaba.nacos.client.remote.worker] INFO  c.a.n.c.r.client - [printIfInfoEnabled,60] - [68974c51-36ed-4914-8bb5-8eb79b91108f] Notify connected event to listeners.
18:37:50.016 [main] INFO  c.a.n.c.r.client - [printIfInfoEnabled,60] - [68974c51-36ed-4914-8bb5-8eb79b91108f] Register server push request handler:com.alibaba.nacos.common.remote.client.RpcClient$ConnectResetRequestHandler
18:37:50.017 [main] INFO  c.a.n.c.r.client - [printIfInfoEnabled,60] - [68974c51-36ed-4914-8bb5-8eb79b91108f] Register server push request handler:com.alibaba.nacos.common.remote.client.RpcClient$$Lambda$480/0x000000080103b7b8
18:37:50.064 [main] INFO  o.a.c.h.Http11NioProtocol - [log,173] - Starting ProtocolHandler ["http-nio-9300"]
18:37:50.097 [main] INFO  c.a.c.n.r.NacosServiceRegistry - [register,75] - nacos registry, DEFAULT_GROUP cms-file 192.168.1.3:9300 register finished
18:37:50.312 [main] INFO  c.c.f.RuoYiFileApplication - [logStarted,61] - Started RuoYiFileApplication in 7.926 seconds (JVM running for 8.842)
18:37:50.321 [main] INFO  c.a.c.n.r.NacosContextRefresher - [registerNacosListener,129] - [Nacos Config] Listening config: dataId=cms-file.yml, group=DEFAULT_GROUP
18:37:50.322 [main] INFO  c.a.c.n.r.NacosContextRefresher - [registerNacosListener,129] - [Nacos Config] Listening config: dataId=cms-file, group=DEFAULT_GROUP
18:37:50.322 [main] INFO  c.a.c.n.r.NacosContextRefresher - [registerNacosListener,129] - [Nacos Config] Listening config: dataId=cms-file-dev.yml, group=DEFAULT_GROUP
18:37:50.552 [RMI TCP Connection(10)-192.168.1.3] INFO  o.a.c.c.C.[.[.[/] - [log,173] - Initializing Spring DispatcherServlet 'dispatcherServlet'
18:37:50.626 [nacos-grpc-client-executor-12] INFO  c.a.n.c.r.client - [printIfInfoEnabled,60] - [68974c51-36ed-4914-8bb5-8eb79b91108f] Receive server push request, request = NotifySubscriberRequest, requestId = 3
18:37:50.631 [nacos-grpc-client-executor-12] INFO  c.a.n.c.r.client - [printIfInfoEnabled,60] - [68974c51-36ed-4914-8bb5-8eb79b91108f] Ack server push request, request = NotifySubscriberRequest, requestId = 3
19:51:53.363 [SpringApplicationShutdownHook] INFO  c.a.c.n.r.NacosServiceRegistry - [deregister,94] - De-registering from Nacos Server now...
19:51:53.384 [SpringApplicationShutdownHook] INFO  c.a.c.n.r.NacosServiceRegistry - [deregister,114] - De-registration finished.
19:51:53.692 [SpringApplicationShutdownHook] INFO  c.a.n.c.r.client - [shutdown,454] - Shutdown rpc client, set status to shutdown
19:51:53.693 [SpringApplicationShutdownHook] INFO  c.a.n.c.r.client - [shutdown,456] - Shutdown client event executor java.util.concurrent.ScheduledThreadPoolExecutor@3ddbdebb[Running, pool size = 2, active threads = 2, queued tasks = 0, completed tasks = 0]
19:51:53.693 [SpringApplicationShutdownHook] INFO  c.a.n.c.r.client - [closeConnection,591] - Close current connection 1681555069886_127.0.0.1_52636
19:51:53.695 [nacos-grpc-client-executor-1052] INFO  c.a.n.c.r.c.g.GrpcClient - [printIfInfoEnabled,60] - [1681555069886_127.0.0.1_52636]Ignore complete event,isRunning:false,isAbandon=false
19:51:53.698 [SpringApplicationShutdownHook] INFO  c.a.n.c.r.c.g.GrpcClient - [shutdown,85] - Shutdown grpc executor java.util.concurrent.ThreadPoolExecutor@27a0180d[Running, pool size = 6, active threads = 0, queued tasks = 0, completed tasks = 1053]
19:52:19.901 [background-preinit] INFO  o.h.v.i.util.Version - [<clinit>,21] - HV000001: Hibernate Validator 6.2.5.Final
19:52:20.472 [main] INFO  c.a.n.c.r.client - [lambda$createClient$0,80] - [RpcClientFactory] create a new rpc client of bed00247-2e49-447b-9283-f27cdcb13745_config-0
19:52:20.517 [main] INFO  o.r.Reflections - [scan,232] - Reflections took 25 ms to scan 1 urls, producing 3 keys and 6 values 
19:52:20.553 [main] INFO  o.r.Reflections - [scan,232] - Reflections took 19 ms to scan 1 urls, producing 4 keys and 9 values 
19:52:20.573 [main] INFO  o.r.Reflections - [scan,232] - Reflections took 17 ms to scan 1 urls, producing 3 keys and 10 values 
19:52:20.598 [main] INFO  o.r.Reflections - [scan,232] - Reflections took 20 ms to scan 1 urls, producing 1 keys and 5 values 
19:52:20.620 [main] INFO  o.r.Reflections - [scan,232] - Reflections took 18 ms to scan 1 urls, producing 1 keys and 7 values 
19:52:20.650 [main] INFO  o.r.Reflections - [scan,232] - Reflections took 27 ms to scan 1 urls, producing 2 keys and 8 values 
19:52:20.655 [main] INFO  c.a.n.c.r.client - [printIfInfoEnabled,60] - [bed00247-2e49-447b-9283-f27cdcb13745_config-0] RpcClient init label, labels = {module=config, Vipserver-Tag=null, source=sdk, Amory-Tag=null, Location-Tag=null, taskId=0, AppName=unknown}
19:52:20.657 [main] INFO  c.a.n.c.r.client - [printIfInfoEnabled,60] - [bed00247-2e49-447b-9283-f27cdcb13745_config-0] Register server push request handler:com.alibaba.nacos.client.config.impl.ClientWorker$ConfigRpcTransportClient$$Lambda$468/0x0000000800f3b3e8
19:52:20.657 [main] INFO  c.a.n.c.r.client - [printIfInfoEnabled,60] - [bed00247-2e49-447b-9283-f27cdcb13745_config-0] Register server push request handler:com.alibaba.nacos.client.config.impl.ClientWorker$ConfigRpcTransportClient$$Lambda$469/0x0000000800f3b610
19:52:20.658 [main] INFO  c.a.n.c.r.client - [printIfInfoEnabled,60] - [bed00247-2e49-447b-9283-f27cdcb13745_config-0] Registry connection listener to current client:com.alibaba.nacos.client.config.impl.ClientWorker$ConfigRpcTransportClient$1
19:52:20.659 [main] INFO  c.a.n.c.r.client - [printIfInfoEnabled,60] - [bed00247-2e49-447b-9283-f27cdcb13745_config-0] RpcClient init, ServerListFactory = com.alibaba.nacos.client.config.impl.ClientWorker$ConfigRpcTransportClient$2
19:52:20.675 [main] INFO  c.a.n.c.r.client - [printIfInfoEnabled,60] - [bed00247-2e49-447b-9283-f27cdcb13745_config-0] Try to connect to server on start up, server: {serverIp = '127.0.0.1', server main port = 8848}
19:52:21.460 [main] INFO  c.a.n.c.r.client - [printIfInfoEnabled,60] - [bed00247-2e49-447b-9283-f27cdcb13745_config-0] Success to connect to server [127.0.0.1:8848] on start up, connectionId = 1681559541236_127.0.0.1_55131
19:52:21.461 [com.alibaba.nacos.client.remote.worker] INFO  c.a.n.c.r.client - [printIfInfoEnabled,60] - [bed00247-2e49-447b-9283-f27cdcb13745_config-0] Notify connected event to listeners.
19:52:21.461 [main] INFO  c.a.n.c.r.client - [printIfInfoEnabled,60] - [bed00247-2e49-447b-9283-f27cdcb13745_config-0] Register server push request handler:com.alibaba.nacos.common.remote.client.RpcClient$ConnectResetRequestHandler
19:52:21.462 [main] INFO  c.a.n.c.r.client - [printIfInfoEnabled,60] - [bed00247-2e49-447b-9283-f27cdcb13745_config-0] Register server push request handler:com.alibaba.nacos.common.remote.client.RpcClient$$Lambda$480/0x000000080103c290
19:52:21.566 [main] INFO  c.c.f.RuoYiFileApplication - [logStartupProfileInfo,637] - The following 1 profile is active: "dev"
19:52:24.688 [main] INFO  o.a.c.h.Http11NioProtocol - [log,173] - Initializing ProtocolHandler ["http-nio-9300"]
19:52:24.688 [main] INFO  o.a.c.c.StandardService - [log,173] - Starting service [Tomcat]
19:52:24.689 [main] INFO  o.a.c.c.StandardEngine - [log,173] - Starting Servlet engine: [Apache Tomcat/9.0.70]
19:52:24.901 [main] INFO  o.a.c.c.C.[.[.[/] - [log,173] - Initializing Spring embedded WebApplicationContext
19:52:25.795 [main] INFO  c.a.c.s.SentinelWebMvcConfigurer - [addInterceptors,52] - [Sentinel Starter] register SentinelWebInterceptor with urlPatterns: [/**].
19:52:26.988 [main] INFO  c.a.n.c.r.client - [lambda$createClient$0,80] - [RpcClientFactory] create a new rpc client of dfd65d1c-e2f3-48e7-af38-243567a6f5f9
19:52:26.989 [main] INFO  c.a.n.c.r.client - [printIfInfoEnabled,60] - [dfd65d1c-e2f3-48e7-af38-243567a6f5f9] RpcClient init label, labels = {module=naming, source=sdk}
19:52:26.990 [main] INFO  c.a.n.c.r.client - [printIfInfoEnabled,60] - [dfd65d1c-e2f3-48e7-af38-243567a6f5f9] RpcClient init, ServerListFactory = com.alibaba.nacos.client.naming.core.ServerListManager
19:52:26.991 [main] INFO  c.a.n.c.r.client - [printIfInfoEnabled,60] - [dfd65d1c-e2f3-48e7-af38-243567a6f5f9] Registry connection listener to current client:com.alibaba.nacos.client.naming.remote.gprc.redo.NamingGrpcRedoService
19:52:26.991 [main] INFO  c.a.n.c.r.client - [printIfInfoEnabled,60] - [dfd65d1c-e2f3-48e7-af38-243567a6f5f9] Register server push request handler:com.alibaba.nacos.client.naming.remote.gprc.NamingPushRequestHandler
19:52:26.993 [main] INFO  c.a.n.c.r.client - [printIfInfoEnabled,60] - [dfd65d1c-e2f3-48e7-af38-243567a6f5f9] Try to connect to server on start up, server: {serverIp = '127.0.0.1', server main port = 8848}
19:52:27.129 [main] INFO  c.a.n.c.r.client - [printIfInfoEnabled,60] - [dfd65d1c-e2f3-48e7-af38-243567a6f5f9] Success to connect to server [127.0.0.1:8848] on start up, connectionId = 1681559547011_127.0.0.1_55158
19:52:27.129 [main] INFO  c.a.n.c.r.client - [printIfInfoEnabled,60] - [dfd65d1c-e2f3-48e7-af38-243567a6f5f9] Register server push request handler:com.alibaba.nacos.common.remote.client.RpcClient$ConnectResetRequestHandler
19:52:27.130 [main] INFO  c.a.n.c.r.client - [printIfInfoEnabled,60] - [dfd65d1c-e2f3-48e7-af38-243567a6f5f9] Register server push request handler:com.alibaba.nacos.common.remote.client.RpcClient$$Lambda$480/0x000000080103c290
19:52:27.130 [com.alibaba.nacos.client.remote.worker] INFO  c.a.n.c.r.client - [printIfInfoEnabled,60] - [dfd65d1c-e2f3-48e7-af38-243567a6f5f9] Notify connected event to listeners.
19:52:27.171 [main] INFO  o.a.c.h.Http11NioProtocol - [log,173] - Starting ProtocolHandler ["http-nio-9300"]
19:52:27.201 [main] INFO  c.a.c.n.r.NacosServiceRegistry - [register,75] - nacos registry, DEFAULT_GROUP cms-file 192.168.1.3:9300 register finished
19:52:27.434 [main] INFO  c.c.f.RuoYiFileApplication - [logStarted,61] - Started RuoYiFileApplication in 8.194 seconds (JVM running for 9.14)
19:52:27.449 [main] INFO  c.a.c.n.r.NacosContextRefresher - [registerNacosListener,129] - [Nacos Config] Listening config: dataId=cms-file.yml, group=DEFAULT_GROUP
19:52:27.449 [main] INFO  c.a.c.n.r.NacosContextRefresher - [registerNacosListener,129] - [Nacos Config] Listening config: dataId=cms-file, group=DEFAULT_GROUP
19:52:27.451 [main] INFO  c.a.c.n.r.NacosContextRefresher - [registerNacosListener,129] - [Nacos Config] Listening config: dataId=cms-file-dev.yml, group=DEFAULT_GROUP
19:52:27.685 [nacos-grpc-client-executor-9] INFO  c.a.n.c.r.client - [printIfInfoEnabled,60] - [dfd65d1c-e2f3-48e7-af38-243567a6f5f9] Receive server push request, request = NotifySubscriberRequest, requestId = 49
19:52:27.691 [nacos-grpc-client-executor-9] INFO  c.a.n.c.r.client - [printIfInfoEnabled,60] - [dfd65d1c-e2f3-48e7-af38-243567a6f5f9] Ack server push request, request = NotifySubscriberRequest, requestId = 49
19:52:27.834 [RMI TCP Connection(9)-192.168.1.3] INFO  o.a.c.c.C.[.[.[/] - [log,173] - Initializing Spring DispatcherServlet 'dispatcherServlet'
