23:31:17.668 [nacos-grpc-client-executor-1538] INFO  c.a.n.c.r.client - [printIfInfoEnabled,60] - [81688501-9349-48b9-9b3d-49d20139a946] Receive server push request, request = NotifySubscriberRequest, requestId = 154
23:31:17.671 [nacos-grpc-client-executor-1538] INFO  c.a.n.c.r.client - [printIfInfoEnabled,60] - [81688501-9349-48b9-9b3d-49d20139a946] Ack server push request, request = NotifySubscriberRequest, requestId = 154
23:31:17.673 [nacos-grpc-client-executor-1539] INFO  c.a.n.c.r.client - [printIfInfoEnabled,60] - [81688501-9349-48b9-9b3d-49d20139a946] Receive server push request, request = NotifySubscriberRequest, requestId = 155
23:31:17.674 [nacos-grpc-client-executor-1539] INFO  c.a.n.c.r.client - [printIfInfoEnabled,60] - [81688501-9349-48b9-9b3d-49d20139a946] Ack server push request, request = NotifySubscriberRequest, requestId = 155
23:31:17.970 [nacos-grpc-client-executor-1540] INFO  c.a.n.c.r.client - [printIfInfoEnabled,60] - [81688501-9349-48b9-9b3d-49d20139a946] Receive server push request, request = NotifySubscriberRequest, requestId = 157
23:31:17.971 [nacos-grpc-client-executor-1540] INFO  c.a.n.c.r.client - [printIfInfoEnabled,60] - [81688501-9349-48b9-9b3d-49d20139a946] Ack server push request, request = NotifySubscriberRequest, requestId = 157
23:31:18.173 [nacos-grpc-client-executor-1541] INFO  c.a.n.c.r.client - [printIfInfoEnabled,60] - [81688501-9349-48b9-9b3d-49d20139a946] Receive server push request, request = NotifySubscriberRequest, requestId = 159
23:31:18.176 [nacos-grpc-client-executor-1541] INFO  c.a.n.c.r.client - [printIfInfoEnabled,60] - [81688501-9349-48b9-9b3d-49d20139a946] Ack server push request, request = NotifySubscriberRequest, requestId = 159
23:31:19.513 [SpringApplicationShutdownHook] INFO  c.a.c.n.r.NacosServiceRegistry - [deregister,94] - De-registering from Nacos Server now...
23:31:19.517 [SpringApplicationShutdownHook] INFO  c.a.c.n.r.NacosServiceRegistry - [deregister,114] - De-registration finished.
23:31:19.825 [SpringApplicationShutdownHook] INFO  c.a.n.c.r.client - [shutdown,454] - Shutdown rpc client, set status to shutdown
23:31:19.825 [SpringApplicationShutdownHook] INFO  c.a.n.c.r.client - [shutdown,456] - Shutdown client event executor java.util.concurrent.ScheduledThreadPoolExecutor@ee395fa[Running, pool size = 2, active threads = 2, queued tasks = 0, completed tasks = 0]
23:31:19.826 [SpringApplicationShutdownHook] INFO  c.a.n.c.r.client - [closeConnection,591] - Close current connection 1685667313236_127.0.0.1_51749
23:31:19.827 [nacos-grpc-client-executor-1543] INFO  c.a.n.c.r.c.g.GrpcClient - [printIfInfoEnabled,60] - [1685667313236_127.0.0.1_51749]Ignore complete event,isRunning:false,isAbandon=false
23:31:19.830 [SpringApplicationShutdownHook] INFO  c.a.n.c.r.c.g.GrpcClient - [shutdown,85] - Shutdown grpc executor java.util.concurrent.ThreadPoolExecutor@70cfd3e8[Running, pool size = 8, active threads = 0, queued tasks = 0, completed tasks = 1544]
23:31:34.741 [main] INFO  c.a.n.c.r.client - [lambda$createClient$0,80] - [RpcClientFactory] create a new rpc client of 38ca549a-7e4c-40f8-98cd-4116a145734d_config-0
23:31:34.806 [main] INFO  o.r.Reflections - [scan,232] - Reflections took 47 ms to scan 1 urls, producing 3 keys and 6 values 
23:31:34.837 [main] INFO  o.r.Reflections - [scan,232] - Reflections took 17 ms to scan 1 urls, producing 4 keys and 9 values 
23:31:34.853 [main] INFO  o.r.Reflections - [scan,232] - Reflections took 13 ms to scan 1 urls, producing 3 keys and 10 values 
23:31:34.866 [main] INFO  o.r.Reflections - [scan,232] - Reflections took 9 ms to scan 1 urls, producing 1 keys and 5 values 
23:31:34.882 [main] INFO  o.r.Reflections - [scan,232] - Reflections took 13 ms to scan 1 urls, producing 1 keys and 7 values 
23:31:34.897 [main] INFO  o.r.Reflections - [scan,232] - Reflections took 13 ms to scan 1 urls, producing 2 keys and 8 values 
23:31:34.900 [main] INFO  c.a.n.c.r.client - [printIfInfoEnabled,60] - [38ca549a-7e4c-40f8-98cd-4116a145734d_config-0] RpcClient init label, labels = {module=config, Vipserver-Tag=null, source=sdk, Amory-Tag=null, Location-Tag=null, taskId=0, AppName=unknown}
23:31:34.901 [main] INFO  c.a.n.c.r.client - [printIfInfoEnabled,60] - [38ca549a-7e4c-40f8-98cd-4116a145734d_config-0] Register server push request handler:com.alibaba.nacos.client.config.impl.ClientWorker$ConfigRpcTransportClient$$Lambda$458/0x0000000800ebaa68
23:31:34.902 [main] INFO  c.a.n.c.r.client - [printIfInfoEnabled,60] - [38ca549a-7e4c-40f8-98cd-4116a145734d_config-0] Register server push request handler:com.alibaba.nacos.client.config.impl.ClientWorker$ConfigRpcTransportClient$$Lambda$459/0x0000000800ebac90
23:31:34.903 [main] INFO  c.a.n.c.r.client - [printIfInfoEnabled,60] - [38ca549a-7e4c-40f8-98cd-4116a145734d_config-0] Registry connection listener to current client:com.alibaba.nacos.client.config.impl.ClientWorker$ConfigRpcTransportClient$1
23:31:34.904 [main] INFO  c.a.n.c.r.client - [printIfInfoEnabled,60] - [38ca549a-7e4c-40f8-98cd-4116a145734d_config-0] RpcClient init, ServerListFactory = com.alibaba.nacos.client.config.impl.ClientWorker$ConfigRpcTransportClient$2
23:31:34.912 [main] INFO  c.a.n.c.r.client - [printIfInfoEnabled,60] - [38ca549a-7e4c-40f8-98cd-4116a145734d_config-0] Try to connect to server on start up, server: {serverIp = '127.0.0.1', server main port = 8848}
23:31:35.619 [main] INFO  c.a.n.c.r.client - [printIfInfoEnabled,60] - [38ca549a-7e4c-40f8-98cd-4116a145734d_config-0] Success to connect to server [127.0.0.1:8848] on start up, connectionId = 1685806295379_127.0.0.1_54713
23:31:35.621 [com.alibaba.nacos.client.remote.worker] INFO  c.a.n.c.r.client - [printIfInfoEnabled,60] - [38ca549a-7e4c-40f8-98cd-4116a145734d_config-0] Notify connected event to listeners.
23:31:35.621 [main] INFO  c.a.n.c.r.client - [printIfInfoEnabled,60] - [38ca549a-7e4c-40f8-98cd-4116a145734d_config-0] Register server push request handler:com.alibaba.nacos.common.remote.client.RpcClient$ConnectResetRequestHandler
23:31:35.622 [main] INFO  c.a.n.c.r.client - [printIfInfoEnabled,60] - [38ca549a-7e4c-40f8-98cd-4116a145734d_config-0] Register server push request handler:com.alibaba.nacos.common.remote.client.RpcClient$$Lambda$470/0x0000000800fbb330
23:31:35.710 [main] INFO  c.c.m.m.CMSMonitorApplication - [logStartupProfileInfo,637] - The following 1 profile is active: "dev"
23:31:38.569 [main] INFO  o.a.c.h.Http11NioProtocol - [log,173] - Initializing ProtocolHandler ["http-nio-9100"]
23:31:38.569 [main] INFO  o.a.c.c.StandardService - [log,173] - Starting service [Tomcat]
23:31:38.570 [main] INFO  o.a.c.c.StandardEngine - [log,173] - Starting Servlet engine: [Apache Tomcat/9.0.70]
23:31:38.749 [main] INFO  o.a.c.c.C.[.[.[/] - [log,173] - Initializing Spring embedded WebApplicationContext
23:31:39.738 [main] INFO  c.a.c.s.SentinelWebMvcConfigurer - [addInterceptors,52] - [Sentinel Starter] register SentinelWebInterceptor with urlPatterns: [/**].
23:31:41.942 [main] INFO  c.a.n.c.r.client - [lambda$createClient$0,80] - [RpcClientFactory] create a new rpc client of 045684eb-7c4c-4312-8b1a-5d7c95e95817
23:31:41.943 [main] INFO  c.a.n.c.r.client - [printIfInfoEnabled,60] - [045684eb-7c4c-4312-8b1a-5d7c95e95817] RpcClient init label, labels = {module=naming, source=sdk}
23:31:41.945 [main] INFO  c.a.n.c.r.client - [printIfInfoEnabled,60] - [045684eb-7c4c-4312-8b1a-5d7c95e95817] RpcClient init, ServerListFactory = com.alibaba.nacos.client.naming.core.ServerListManager
23:31:41.946 [main] INFO  c.a.n.c.r.client - [printIfInfoEnabled,60] - [045684eb-7c4c-4312-8b1a-5d7c95e95817] Registry connection listener to current client:com.alibaba.nacos.client.naming.remote.gprc.redo.NamingGrpcRedoService
23:31:41.946 [main] INFO  c.a.n.c.r.client - [printIfInfoEnabled,60] - [045684eb-7c4c-4312-8b1a-5d7c95e95817] Register server push request handler:com.alibaba.nacos.client.naming.remote.gprc.NamingPushRequestHandler
23:31:41.947 [main] INFO  c.a.n.c.r.client - [printIfInfoEnabled,60] - [045684eb-7c4c-4312-8b1a-5d7c95e95817] Try to connect to server on start up, server: {serverIp = '127.0.0.1', server main port = 8848}
23:31:42.101 [main] INFO  c.a.n.c.r.client - [printIfInfoEnabled,60] - [045684eb-7c4c-4312-8b1a-5d7c95e95817] Success to connect to server [127.0.0.1:8848] on start up, connectionId = 1685806301972_127.0.0.1_54743
23:31:42.101 [main] INFO  c.a.n.c.r.client - [printIfInfoEnabled,60] - [045684eb-7c4c-4312-8b1a-5d7c95e95817] Register server push request handler:com.alibaba.nacos.common.remote.client.RpcClient$ConnectResetRequestHandler
23:31:42.101 [com.alibaba.nacos.client.remote.worker] INFO  c.a.n.c.r.client - [printIfInfoEnabled,60] - [045684eb-7c4c-4312-8b1a-5d7c95e95817] Notify connected event to listeners.
23:31:42.102 [main] INFO  c.a.n.c.r.client - [printIfInfoEnabled,60] - [045684eb-7c4c-4312-8b1a-5d7c95e95817] Register server push request handler:com.alibaba.nacos.common.remote.client.RpcClient$$Lambda$470/0x0000000800fbb330
23:31:42.147 [main] INFO  o.a.c.h.Http11NioProtocol - [log,173] - Starting ProtocolHandler ["http-nio-9100"]
23:31:42.179 [main] INFO  c.a.c.n.r.NacosServiceRegistry - [register,75] - nacos registry, DEFAULT_GROUP cms-monitor 192.168.1.3:9100 register finished
23:31:42.503 [main] INFO  c.c.m.m.CMSMonitorApplication - [logStarted,61] - Started CMSMonitorApplication in 9.353 seconds (JVM running for 10.53)
23:31:42.515 [main] INFO  c.a.c.n.r.NacosContextRefresher - [registerNacosListener,129] - [Nacos Config] Listening config: dataId=cms-monitor.yml, group=DEFAULT_GROUP
23:31:42.516 [main] INFO  c.a.c.n.r.NacosContextRefresher - [registerNacosListener,129] - [Nacos Config] Listening config: dataId=cms-monitor, group=DEFAULT_GROUP
23:31:42.516 [main] INFO  c.a.c.n.r.NacosContextRefresher - [registerNacosListener,129] - [Nacos Config] Listening config: dataId=cms-monitor-dev.yml, group=DEFAULT_GROUP
23:31:42.703 [nacos-grpc-client-executor-35] INFO  c.a.n.c.r.client - [printIfInfoEnabled,60] - [045684eb-7c4c-4312-8b1a-5d7c95e95817] Receive server push request, request = NotifySubscriberRequest, requestId = 169
23:31:42.704 [nacos-grpc-client-executor-35] INFO  c.a.n.c.r.client - [printIfInfoEnabled,60] - [045684eb-7c4c-4312-8b1a-5d7c95e95817] Ack server push request, request = NotifySubscriberRequest, requestId = 169
23:31:42.722 [nacos-grpc-client-executor-36] INFO  c.a.n.c.r.client - [printIfInfoEnabled,60] - [045684eb-7c4c-4312-8b1a-5d7c95e95817] Receive server push request, request = NotifySubscriberRequest, requestId = 170
23:31:42.724 [nacos-grpc-client-executor-36] INFO  c.a.n.c.r.client - [printIfInfoEnabled,60] - [045684eb-7c4c-4312-8b1a-5d7c95e95817] Ack server push request, request = NotifySubscriberRequest, requestId = 170
23:31:42.752 [RMI TCP Connection(1)-192.168.1.3] INFO  o.a.c.c.C.[.[.[/] - [log,173] - Initializing Spring DispatcherServlet 'dispatcherServlet'
23:31:42.790 [nacos-grpc-client-executor-39] INFO  c.a.n.c.r.client - [printIfInfoEnabled,60] - [045684eb-7c4c-4312-8b1a-5d7c95e95817] Receive server push request, request = NotifySubscriberRequest, requestId = 172
23:31:42.791 [nacos-grpc-client-executor-39] INFO  c.a.n.c.r.client - [printIfInfoEnabled,60] - [045684eb-7c4c-4312-8b1a-5d7c95e95817] Ack server push request, request = NotifySubscriberRequest, requestId = 172
23:31:42.997 [nacos-grpc-client-executor-40] INFO  c.a.n.c.r.client - [printIfInfoEnabled,60] - [045684eb-7c4c-4312-8b1a-5d7c95e95817] Receive server push request, request = NotifySubscriberRequest, requestId = 173
23:31:42.997 [nacos-grpc-client-executor-40] INFO  c.a.n.c.r.client - [printIfInfoEnabled,60] - [045684eb-7c4c-4312-8b1a-5d7c95e95817] Ack server push request, request = NotifySubscriberRequest, requestId = 173
23:31:43.015 [nacos-grpc-client-executor-41] INFO  c.a.n.c.r.client - [printIfInfoEnabled,60] - [045684eb-7c4c-4312-8b1a-5d7c95e95817] Receive server push request, request = NotifySubscriberRequest, requestId = 174
23:31:43.018 [nacos-grpc-client-executor-41] INFO  c.a.n.c.r.client - [printIfInfoEnabled,60] - [045684eb-7c4c-4312-8b1a-5d7c95e95817] Ack server push request, request = NotifySubscriberRequest, requestId = 174
23:31:43.031 [nacos-grpc-client-executor-42] INFO  c.a.n.c.r.client - [printIfInfoEnabled,60] - [045684eb-7c4c-4312-8b1a-5d7c95e95817] Receive server push request, request = NotifySubscriberRequest, requestId = 175
23:31:43.032 [nacos-grpc-client-executor-42] INFO  c.a.n.c.r.client - [printIfInfoEnabled,60] - [045684eb-7c4c-4312-8b1a-5d7c95e95817] Ack server push request, request = NotifySubscriberRequest, requestId = 175
23:31:47.372 [nacos-grpc-client-executor-61] INFO  c.a.n.c.r.client - [printIfInfoEnabled,60] - [045684eb-7c4c-4312-8b1a-5d7c95e95817] Receive server push request, request = NotifySubscriberRequest, requestId = 176
23:31:47.391 [nacos-grpc-client-executor-61] INFO  c.a.n.c.r.client - [printIfInfoEnabled,60] - [045684eb-7c4c-4312-8b1a-5d7c95e95817] Ack server push request, request = NotifySubscriberRequest, requestId = 176
23:31:50.021 [nacos-grpc-client-executor-0] INFO  c.a.n.c.r.client - [printIfInfoEnabled,60] - [045684eb-7c4c-4312-8b1a-5d7c95e95817] Receive server push request, request = NotifySubscriberRequest, requestId = 179
23:31:50.027 [nacos-grpc-client-executor-0] INFO  c.a.n.c.r.client - [printIfInfoEnabled,60] - [045684eb-7c4c-4312-8b1a-5d7c95e95817] Ack server push request, request = NotifySubscriberRequest, requestId = 179
