02:03:08.431 [nacos-grpc-client-executor-3229] INFO  c.a.n.c.r.client - [printIfInfoEnabled,60] - [16ca9663-05e1-49e7-94c9-c1ac6b507d14] Receive server push request, request = NotifySubscriberRequest, requestId = 29
02:03:08.452 [nacos-grpc-client-executor-3229] INFO  c.a.n.c.r.client - [printIfInfoEnabled,60] - [16ca9663-05e1-49e7-94c9-c1ac6b507d14] Ack server push request, request = NotifySubscriberRequest, requestId = 29
02:03:08.498 [nacos-grpc-client-executor-3230] INFO  c.a.n.c.r.client - [printIfInfoEnabled,60] - [16ca9663-05e1-49e7-94c9-c1ac6b507d14] Receive server push request, request = NotifySubscriberRequest, requestId = 31
02:03:08.501 [nacos-grpc-client-executor-3230] INFO  c.a.n.c.r.client - [printIfInfoEnabled,60] - [16ca9663-05e1-49e7-94c9-c1ac6b507d14] Ack server push request, request = NotifySubscriberRequest, requestId = 31
02:03:08.600 [nacos-grpc-client-executor-3231] INFO  c.a.n.c.r.client - [printIfInfoEnabled,60] - [16ca9663-05e1-49e7-94c9-c1ac6b507d14] Receive server push request, request = NotifySubscriberRequest, requestId = 33
02:03:08.601 [nacos-grpc-client-executor-3231] INFO  c.a.n.c.r.client - [printIfInfoEnabled,60] - [16ca9663-05e1-49e7-94c9-c1ac6b507d14] Ack server push request, request = NotifySubscriberRequest, requestId = 33
02:03:08.700 [nacos-grpc-client-executor-3232] INFO  c.a.n.c.r.client - [printIfInfoEnabled,60] - [16ca9663-05e1-49e7-94c9-c1ac6b507d14] Receive server push request, request = NotifySubscriberRequest, requestId = 35
02:03:08.702 [nacos-grpc-client-executor-3232] INFO  c.a.n.c.r.client - [printIfInfoEnabled,60] - [16ca9663-05e1-49e7-94c9-c1ac6b507d14] Ack server push request, request = NotifySubscriberRequest, requestId = 35
02:03:08.907 [nacos-grpc-client-executor-3233] INFO  c.a.n.c.r.client - [printIfInfoEnabled,60] - [16ca9663-05e1-49e7-94c9-c1ac6b507d14] Receive server push request, request = NotifySubscriberRequest, requestId = 37
02:03:08.910 [nacos-grpc-client-executor-3233] INFO  c.a.n.c.r.client - [printIfInfoEnabled,60] - [16ca9663-05e1-49e7-94c9-c1ac6b507d14] Ack server push request, request = NotifySubscriberRequest, requestId = 37
02:03:10.126 [SpringApplicationShutdownHook] INFO  c.a.c.n.r.NacosServiceRegistry - [deregister,94] - De-registering from Nacos Server now...
02:03:10.133 [SpringApplicationShutdownHook] INFO  c.a.c.n.r.NacosServiceRegistry - [deregister,114] - De-registration finished.
02:03:10.447 [SpringApplicationShutdownHook] INFO  c.a.n.c.r.client - [shutdown,454] - Shutdown rpc client, set status to shutdown
02:03:10.447 [SpringApplicationShutdownHook] INFO  c.a.n.c.r.client - [shutdown,456] - Shutdown client event executor java.util.concurrent.ScheduledThreadPoolExecutor@20ee5793[Running, pool size = 2, active threads = 2, queued tasks = 0, completed tasks = 0]
02:03:10.448 [SpringApplicationShutdownHook] INFO  c.a.n.c.r.client - [closeConnection,591] - Close current connection 1682473672029_127.0.0.1_49466
02:03:10.452 [nacos-grpc-client-executor-3235] INFO  c.a.n.c.r.c.g.GrpcClient - [printIfInfoEnabled,60] - [1682473672029_127.0.0.1_49466]Ignore complete event,isRunning:false,isAbandon=false
02:03:10.461 [SpringApplicationShutdownHook] INFO  c.a.n.c.r.c.g.GrpcClient - [shutdown,85] - Shutdown grpc executor java.util.concurrent.ThreadPoolExecutor@4daae0df[Running, pool size = 9, active threads = 0, queued tasks = 0, completed tasks = 3236]
02:03:47.364 [main] INFO  c.a.n.c.r.client - [lambda$createClient$0,80] - [RpcClientFactory] create a new rpc client of 5ba5d197-0cb4-45ab-93b1-2b9fa7e6f7fc_config-0
02:03:47.411 [main] INFO  o.r.Reflections - [scan,232] - Reflections took 30 ms to scan 1 urls, producing 3 keys and 6 values 
02:03:47.431 [main] INFO  o.r.Reflections - [scan,232] - Reflections took 9 ms to scan 1 urls, producing 4 keys and 9 values 
02:03:47.441 [main] INFO  o.r.Reflections - [scan,232] - Reflections took 8 ms to scan 1 urls, producing 3 keys and 10 values 
02:03:47.452 [main] INFO  o.r.Reflections - [scan,232] - Reflections took 8 ms to scan 1 urls, producing 1 keys and 5 values 
02:03:47.462 [main] INFO  o.r.Reflections - [scan,232] - Reflections took 8 ms to scan 1 urls, producing 1 keys and 7 values 
02:03:47.472 [main] INFO  o.r.Reflections - [scan,232] - Reflections took 8 ms to scan 1 urls, producing 2 keys and 8 values 
02:03:47.474 [main] INFO  c.a.n.c.r.client - [printIfInfoEnabled,60] - [5ba5d197-0cb4-45ab-93b1-2b9fa7e6f7fc_config-0] RpcClient init label, labels = {module=config, Vipserver-Tag=null, source=sdk, Amory-Tag=null, Location-Tag=null, taskId=0, AppName=unknown}
02:03:47.474 [main] INFO  c.a.n.c.r.client - [printIfInfoEnabled,60] - [5ba5d197-0cb4-45ab-93b1-2b9fa7e6f7fc_config-0] Register server push request handler:com.alibaba.nacos.client.config.impl.ClientWorker$ConfigRpcTransportClient$$Lambda$458/0x0000000800ebaa68
02:03:47.474 [main] INFO  c.a.n.c.r.client - [printIfInfoEnabled,60] - [5ba5d197-0cb4-45ab-93b1-2b9fa7e6f7fc_config-0] Register server push request handler:com.alibaba.nacos.client.config.impl.ClientWorker$ConfigRpcTransportClient$$Lambda$459/0x0000000800ebac90
02:03:47.475 [main] INFO  c.a.n.c.r.client - [printIfInfoEnabled,60] - [5ba5d197-0cb4-45ab-93b1-2b9fa7e6f7fc_config-0] Registry connection listener to current client:com.alibaba.nacos.client.config.impl.ClientWorker$ConfigRpcTransportClient$1
02:03:47.475 [main] INFO  c.a.n.c.r.client - [printIfInfoEnabled,60] - [5ba5d197-0cb4-45ab-93b1-2b9fa7e6f7fc_config-0] RpcClient init, ServerListFactory = com.alibaba.nacos.client.config.impl.ClientWorker$ConfigRpcTransportClient$2
02:03:47.481 [main] INFO  c.a.n.c.r.client - [printIfInfoEnabled,60] - [5ba5d197-0cb4-45ab-93b1-2b9fa7e6f7fc_config-0] Try to connect to server on start up, server: {serverIp = '127.0.0.1', server main port = 8848}
02:03:48.064 [main] INFO  c.a.n.c.r.client - [printIfInfoEnabled,60] - [5ba5d197-0cb4-45ab-93b1-2b9fa7e6f7fc_config-0] Success to connect to server [127.0.0.1:8848] on start up, connectionId = 1682618627877_127.0.0.1_52631
02:03:48.065 [com.alibaba.nacos.client.remote.worker] INFO  c.a.n.c.r.client - [printIfInfoEnabled,60] - [5ba5d197-0cb4-45ab-93b1-2b9fa7e6f7fc_config-0] Notify connected event to listeners.
02:03:48.065 [main] INFO  c.a.n.c.r.client - [printIfInfoEnabled,60] - [5ba5d197-0cb4-45ab-93b1-2b9fa7e6f7fc_config-0] Register server push request handler:com.alibaba.nacos.common.remote.client.RpcClient$ConnectResetRequestHandler
02:03:48.066 [main] INFO  c.a.n.c.r.client - [printIfInfoEnabled,60] - [5ba5d197-0cb4-45ab-93b1-2b9fa7e6f7fc_config-0] Register server push request handler:com.alibaba.nacos.common.remote.client.RpcClient$$Lambda$470/0x0000000800fbb330
02:03:48.162 [main] INFO  c.c.m.m.RuoYiMonitorApplication - [logStartupProfileInfo,637] - The following 1 profile is active: "dev"
02:03:49.513 [main] INFO  o.a.c.h.Http11NioProtocol - [log,173] - Initializing ProtocolHandler ["http-nio-9100"]
02:03:49.514 [main] INFO  o.a.c.c.StandardService - [log,173] - Starting service [Tomcat]
02:03:49.514 [main] INFO  o.a.c.c.StandardEngine - [log,173] - Starting Servlet engine: [Apache Tomcat/9.0.70]
02:03:49.617 [main] INFO  o.a.c.c.C.[.[.[/] - [log,173] - Initializing Spring embedded WebApplicationContext
02:03:50.134 [main] INFO  c.a.c.s.SentinelWebMvcConfigurer - [addInterceptors,52] - [Sentinel Starter] register SentinelWebInterceptor with urlPatterns: [/**].
02:03:50.874 [main] INFO  c.a.n.c.r.client - [lambda$createClient$0,80] - [RpcClientFactory] create a new rpc client of 69bcbb40-b0f8-4dcc-9ea9-04851f70ec1b
02:03:50.874 [main] INFO  c.a.n.c.r.client - [printIfInfoEnabled,60] - [69bcbb40-b0f8-4dcc-9ea9-04851f70ec1b] RpcClient init label, labels = {module=naming, source=sdk}
02:03:50.875 [main] INFO  c.a.n.c.r.client - [printIfInfoEnabled,60] - [69bcbb40-b0f8-4dcc-9ea9-04851f70ec1b] RpcClient init, ServerListFactory = com.alibaba.nacos.client.naming.core.ServerListManager
02:03:50.875 [main] INFO  c.a.n.c.r.client - [printIfInfoEnabled,60] - [69bcbb40-b0f8-4dcc-9ea9-04851f70ec1b] Registry connection listener to current client:com.alibaba.nacos.client.naming.remote.gprc.redo.NamingGrpcRedoService
02:03:50.876 [main] INFO  c.a.n.c.r.client - [printIfInfoEnabled,60] - [69bcbb40-b0f8-4dcc-9ea9-04851f70ec1b] Register server push request handler:com.alibaba.nacos.client.naming.remote.gprc.NamingPushRequestHandler
02:03:50.876 [main] INFO  c.a.n.c.r.client - [printIfInfoEnabled,60] - [69bcbb40-b0f8-4dcc-9ea9-04851f70ec1b] Try to connect to server on start up, server: {serverIp = '127.0.0.1', server main port = 8848}
02:03:51.003 [main] INFO  c.a.n.c.r.client - [printIfInfoEnabled,60] - [69bcbb40-b0f8-4dcc-9ea9-04851f70ec1b] Success to connect to server [127.0.0.1:8848] on start up, connectionId = 1682618630888_127.0.0.1_52652
02:03:51.003 [main] INFO  c.a.n.c.r.client - [printIfInfoEnabled,60] - [69bcbb40-b0f8-4dcc-9ea9-04851f70ec1b] Register server push request handler:com.alibaba.nacos.common.remote.client.RpcClient$ConnectResetRequestHandler
02:03:51.003 [com.alibaba.nacos.client.remote.worker] INFO  c.a.n.c.r.client - [printIfInfoEnabled,60] - [69bcbb40-b0f8-4dcc-9ea9-04851f70ec1b] Notify connected event to listeners.
02:03:51.003 [main] INFO  c.a.n.c.r.client - [printIfInfoEnabled,60] - [69bcbb40-b0f8-4dcc-9ea9-04851f70ec1b] Register server push request handler:com.alibaba.nacos.common.remote.client.RpcClient$$Lambda$470/0x0000000800fbb330
02:03:51.037 [main] INFO  o.a.c.h.Http11NioProtocol - [log,173] - Starting ProtocolHandler ["http-nio-9100"]
02:03:51.058 [main] INFO  c.a.c.n.r.NacosServiceRegistry - [register,75] - nacos registry, DEFAULT_GROUP cms-monitor 192.168.1.6:9100 register finished
02:03:51.327 [main] INFO  c.c.m.m.RuoYiMonitorApplication - [logStarted,61] - Started RuoYiMonitorApplication in 5.118 seconds (JVM running for 6.156)
02:03:51.341 [main] INFO  c.a.c.n.r.NacosContextRefresher - [registerNacosListener,129] - [Nacos Config] Listening config: dataId=cms-monitor.yml, group=DEFAULT_GROUP
02:03:51.342 [main] INFO  c.a.c.n.r.NacosContextRefresher - [registerNacosListener,129] - [Nacos Config] Listening config: dataId=cms-monitor, group=DEFAULT_GROUP
02:03:51.343 [main] INFO  c.a.c.n.r.NacosContextRefresher - [registerNacosListener,129] - [Nacos Config] Listening config: dataId=cms-monitor-dev.yml, group=DEFAULT_GROUP
02:03:51.590 [nacos-grpc-client-executor-37] INFO  c.a.n.c.r.client - [printIfInfoEnabled,60] - [69bcbb40-b0f8-4dcc-9ea9-04851f70ec1b] Receive server push request, request = NotifySubscriberRequest, requestId = 52
02:03:51.591 [nacos-grpc-client-executor-37] INFO  c.a.n.c.r.client - [printIfInfoEnabled,60] - [69bcbb40-b0f8-4dcc-9ea9-04851f70ec1b] Ack server push request, request = NotifySubscriberRequest, requestId = 52
02:03:51.620 [nacos-grpc-client-executor-38] INFO  c.a.n.c.r.client - [printIfInfoEnabled,60] - [69bcbb40-b0f8-4dcc-9ea9-04851f70ec1b] Receive server push request, request = NotifySubscriberRequest, requestId = 55
02:03:51.625 [nacos-grpc-client-executor-38] INFO  c.a.n.c.r.client - [printIfInfoEnabled,60] - [69bcbb40-b0f8-4dcc-9ea9-04851f70ec1b] Ack server push request, request = NotifySubscriberRequest, requestId = 55
02:03:51.645 [nacos-grpc-client-executor-39] INFO  c.a.n.c.r.client - [printIfInfoEnabled,60] - [69bcbb40-b0f8-4dcc-9ea9-04851f70ec1b] Receive server push request, request = NotifySubscriberRequest, requestId = 57
02:03:51.648 [nacos-grpc-client-executor-39] INFO  c.a.n.c.r.client - [printIfInfoEnabled,60] - [69bcbb40-b0f8-4dcc-9ea9-04851f70ec1b] Ack server push request, request = NotifySubscriberRequest, requestId = 57
02:03:51.675 [nacos-grpc-client-executor-40] INFO  c.a.n.c.r.client - [printIfInfoEnabled,60] - [69bcbb40-b0f8-4dcc-9ea9-04851f70ec1b] Receive server push request, request = NotifySubscriberRequest, requestId = 58
02:03:51.680 [nacos-grpc-client-executor-40] INFO  c.a.n.c.r.client - [printIfInfoEnabled,60] - [69bcbb40-b0f8-4dcc-9ea9-04851f70ec1b] Ack server push request, request = NotifySubscriberRequest, requestId = 58
02:03:51.750 [RMI TCP Connection(2)-192.168.1.6] INFO  o.a.c.c.C.[.[.[/] - [log,173] - Initializing Spring DispatcherServlet 'dispatcherServlet'
02:03:51.774 [nacos-grpc-client-executor-41] INFO  c.a.n.c.r.client - [printIfInfoEnabled,60] - [69bcbb40-b0f8-4dcc-9ea9-04851f70ec1b] Receive server push request, request = NotifySubscriberRequest, requestId = 59
02:03:51.775 [nacos-grpc-client-executor-41] INFO  c.a.n.c.r.client - [printIfInfoEnabled,60] - [69bcbb40-b0f8-4dcc-9ea9-04851f70ec1b] Ack server push request, request = NotifySubscriberRequest, requestId = 59
02:03:51.876 [nacos-grpc-client-executor-44] INFO  c.a.n.c.r.client - [printIfInfoEnabled,60] - [69bcbb40-b0f8-4dcc-9ea9-04851f70ec1b] Receive server push request, request = NotifySubscriberRequest, requestId = 60
02:03:51.877 [nacos-grpc-client-executor-44] INFO  c.a.n.c.r.client - [printIfInfoEnabled,60] - [69bcbb40-b0f8-4dcc-9ea9-04851f70ec1b] Ack server push request, request = NotifySubscriberRequest, requestId = 60
02:03:51.896 [nacos-grpc-client-executor-45] INFO  c.a.n.c.r.client - [printIfInfoEnabled,60] - [69bcbb40-b0f8-4dcc-9ea9-04851f70ec1b] Receive server push request, request = NotifySubscriberRequest, requestId = 61
02:03:51.896 [nacos-grpc-client-executor-45] INFO  c.a.n.c.r.client - [printIfInfoEnabled,60] - [69bcbb40-b0f8-4dcc-9ea9-04851f70ec1b] Ack server push request, request = NotifySubscriberRequest, requestId = 61
