18:48:57.544 [main] INFO  c.a.n.c.r.client - [lambda$createClient$0,80] - [RpcClientFactory] create a new rpc client of a40976da-a7f5-4446-bd52-4f9c6262e3aa_config-0
18:48:57.729 [main] INFO  o.r.Reflections - [scan,232] - Reflections took 147 ms to scan 1 urls, producing 3 keys and 6 values 
18:48:57.804 [main] INFO  o.r.Reflections - [scan,232] - Reflections took 34 ms to scan 1 urls, producing 4 keys and 9 values 
18:48:57.850 [main] INFO  o.r.Reflections - [scan,232] - Reflections took 42 ms to scan 1 urls, producing 3 keys and 10 values 
18:48:57.945 [main] INFO  o.r.Reflections - [scan,232] - Reflections took 26 ms to scan 1 urls, producing 1 keys and 5 values 
18:48:57.968 [main] INFO  o.r.Reflections - [scan,232] - Reflections took 19 ms to scan 1 urls, producing 1 keys and 7 values 
18:48:58.014 [main] INFO  o.r.Reflections - [scan,232] - Reflections took 42 ms to scan 1 urls, producing 2 keys and 8 values 
18:48:58.022 [main] INFO  c.a.n.c.r.client - [printIfInfoEnabled,60] - [a40976da-a7f5-4446-bd52-4f9c6262e3aa_config-0] RpcClient init label, labels = {module=config, Vipserver-Tag=null, source=sdk, Amory-Tag=null, Location-Tag=null, taskId=0, AppName=unknown}
18:48:58.023 [main] INFO  c.a.n.c.r.client - [printIfInfoEnabled,60] - [a40976da-a7f5-4446-bd52-4f9c6262e3aa_config-0] Register server push request handler:com.alibaba.nacos.client.config.impl.ClientWorker$ConfigRpcTransportClient$$Lambda$459/0x0000000800ebaca8
18:48:58.023 [main] INFO  c.a.n.c.r.client - [printIfInfoEnabled,60] - [a40976da-a7f5-4446-bd52-4f9c6262e3aa_config-0] Register server push request handler:com.alibaba.nacos.client.config.impl.ClientWorker$ConfigRpcTransportClient$$Lambda$460/0x0000000800ebaed0
18:48:58.024 [main] INFO  c.a.n.c.r.client - [printIfInfoEnabled,60] - [a40976da-a7f5-4446-bd52-4f9c6262e3aa_config-0] Registry connection listener to current client:com.alibaba.nacos.client.config.impl.ClientWorker$ConfigRpcTransportClient$1
18:48:58.025 [main] INFO  c.a.n.c.r.client - [printIfInfoEnabled,60] - [a40976da-a7f5-4446-bd52-4f9c6262e3aa_config-0] RpcClient init, ServerListFactory = com.alibaba.nacos.client.config.impl.ClientWorker$ConfigRpcTransportClient$2
18:48:58.048 [main] INFO  c.a.n.c.r.client - [printIfInfoEnabled,60] - [a40976da-a7f5-4446-bd52-4f9c6262e3aa_config-0] Try to connect to server on start up, server: {serverIp = '127.0.0.1', server main port = 8848}
18:48:59.043 [main] INFO  c.a.n.c.r.client - [printIfInfoEnabled,60] - [a40976da-a7f5-4446-bd52-4f9c6262e3aa_config-0] Success to connect to server [127.0.0.1:8848] on start up, connectionId = 1684579738792_127.0.0.1_50783
18:48:59.044 [com.alibaba.nacos.client.remote.worker] INFO  c.a.n.c.r.client - [printIfInfoEnabled,60] - [a40976da-a7f5-4446-bd52-4f9c6262e3aa_config-0] Notify connected event to listeners.
18:48:59.044 [main] INFO  c.a.n.c.r.client - [printIfInfoEnabled,60] - [a40976da-a7f5-4446-bd52-4f9c6262e3aa_config-0] Register server push request handler:com.alibaba.nacos.common.remote.client.RpcClient$ConnectResetRequestHandler
18:48:59.044 [main] INFO  c.a.n.c.r.client - [printIfInfoEnabled,60] - [a40976da-a7f5-4446-bd52-4f9c6262e3aa_config-0] Register server push request handler:com.alibaba.nacos.common.remote.client.RpcClient$$Lambda$471/0x0000000800fbb7b8
18:48:59.153 [main] INFO  c.c.m.m.RuoYiMonitorApplication - [logStartupProfileInfo,637] - The following 1 profile is active: "dev"
18:49:04.011 [main] INFO  o.a.c.h.Http11NioProtocol - [log,173] - Initializing ProtocolHandler ["http-nio-9100"]
18:49:04.012 [main] INFO  o.a.c.c.StandardService - [log,173] - Starting service [Tomcat]
18:49:04.013 [main] INFO  o.a.c.c.StandardEngine - [log,173] - Starting Servlet engine: [Apache Tomcat/9.0.70]
18:49:04.253 [main] INFO  o.a.c.c.C.[.[.[/] - [log,173] - Initializing Spring embedded WebApplicationContext
18:49:05.891 [main] INFO  c.a.c.s.SentinelWebMvcConfigurer - [addInterceptors,52] - [Sentinel Starter] register SentinelWebInterceptor with urlPatterns: [/**].
18:49:08.707 [main] INFO  c.a.n.c.r.client - [lambda$createClient$0,80] - [RpcClientFactory] create a new rpc client of 2bdb8c94-659d-459b-8081-af103817586f
18:49:08.708 [main] INFO  c.a.n.c.r.client - [printIfInfoEnabled,60] - [2bdb8c94-659d-459b-8081-af103817586f] RpcClient init label, labels = {module=naming, source=sdk}
18:49:08.711 [main] INFO  c.a.n.c.r.client - [printIfInfoEnabled,60] - [2bdb8c94-659d-459b-8081-af103817586f] RpcClient init, ServerListFactory = com.alibaba.nacos.client.naming.core.ServerListManager
18:49:08.711 [main] INFO  c.a.n.c.r.client - [printIfInfoEnabled,60] - [2bdb8c94-659d-459b-8081-af103817586f] Registry connection listener to current client:com.alibaba.nacos.client.naming.remote.gprc.redo.NamingGrpcRedoService
18:49:08.712 [main] INFO  c.a.n.c.r.client - [printIfInfoEnabled,60] - [2bdb8c94-659d-459b-8081-af103817586f] Register server push request handler:com.alibaba.nacos.client.naming.remote.gprc.NamingPushRequestHandler
18:49:08.717 [main] INFO  c.a.n.c.r.client - [printIfInfoEnabled,60] - [2bdb8c94-659d-459b-8081-af103817586f] Try to connect to server on start up, server: {serverIp = '127.0.0.1', server main port = 8848}
18:49:08.859 [main] INFO  c.a.n.c.r.client - [printIfInfoEnabled,60] - [2bdb8c94-659d-459b-8081-af103817586f] Success to connect to server [127.0.0.1:8848] on start up, connectionId = 1684579748732_127.0.0.1_50813
18:49:08.860 [main] INFO  c.a.n.c.r.client - [printIfInfoEnabled,60] - [2bdb8c94-659d-459b-8081-af103817586f] Register server push request handler:com.alibaba.nacos.common.remote.client.RpcClient$ConnectResetRequestHandler
18:49:08.860 [com.alibaba.nacos.client.remote.worker] INFO  c.a.n.c.r.client - [printIfInfoEnabled,60] - [2bdb8c94-659d-459b-8081-af103817586f] Notify connected event to listeners.
18:49:08.860 [main] INFO  c.a.n.c.r.client - [printIfInfoEnabled,60] - [2bdb8c94-659d-459b-8081-af103817586f] Register server push request handler:com.alibaba.nacos.common.remote.client.RpcClient$$Lambda$471/0x0000000800fbb7b8
18:49:08.920 [main] INFO  o.a.c.h.Http11NioProtocol - [log,173] - Starting ProtocolHandler ["http-nio-9100"]
18:49:08.966 [main] INFO  c.a.c.n.r.NacosServiceRegistry - [register,75] - nacos registry, DEFAULT_GROUP cms-monitor 192.168.1.4:9100 register finished
18:49:09.370 [Nacos-Watch-Task-Scheduler-1] INFO  d.c.b.a.s.c.d.InstanceDiscoveryListener - [lambda$removeStaleInstances$4,138] - Instance 'b79bc401900e' missing in DiscoveryClient services and will be removed.
18:49:09.408 [nacos-grpc-client-executor-30] INFO  c.a.n.c.r.client - [printIfInfoEnabled,60] - [2bdb8c94-659d-459b-8081-af103817586f] Receive server push request, request = NotifySubscriberRequest, requestId = 37
18:49:09.409 [nacos-grpc-client-executor-30] INFO  c.a.n.c.r.client - [printIfInfoEnabled,60] - [2bdb8c94-659d-459b-8081-af103817586f] Ack server push request, request = NotifySubscriberRequest, requestId = 37
18:49:09.498 [nacos-grpc-client-executor-31] INFO  c.a.n.c.r.client - [printIfInfoEnabled,60] - [2bdb8c94-659d-459b-8081-af103817586f] Receive server push request, request = NotifySubscriberRequest, requestId = 38
18:49:09.517 [nacos-grpc-client-executor-31] INFO  c.a.n.c.r.client - [printIfInfoEnabled,60] - [2bdb8c94-659d-459b-8081-af103817586f] Ack server push request, request = NotifySubscriberRequest, requestId = 38
18:49:09.548 [http-nio-9100-exec-1] INFO  o.a.c.c.C.[.[.[/] - [log,173] - Initializing Spring DispatcherServlet 'dispatcherServlet'
18:49:09.600 [nacos-grpc-client-executor-32] INFO  c.a.n.c.r.client - [printIfInfoEnabled,60] - [2bdb8c94-659d-459b-8081-af103817586f] Receive server push request, request = NotifySubscriberRequest, requestId = 39
18:49:09.601 [main] INFO  c.c.m.m.RuoYiMonitorApplication - [logStarted,61] - Started RuoYiMonitorApplication in 14.306 seconds (JVM running for 16.163)
18:49:09.601 [nacos-grpc-client-executor-32] INFO  c.a.n.c.r.client - [printIfInfoEnabled,60] - [2bdb8c94-659d-459b-8081-af103817586f] Ack server push request, request = NotifySubscriberRequest, requestId = 39
18:49:09.631 [main] INFO  c.a.c.n.r.NacosContextRefresher - [registerNacosListener,129] - [Nacos Config] Listening config: dataId=cms-monitor.yml, group=DEFAULT_GROUP
18:49:09.632 [main] INFO  c.a.c.n.r.NacosContextRefresher - [registerNacosListener,129] - [Nacos Config] Listening config: dataId=cms-monitor, group=DEFAULT_GROUP
18:49:09.641 [main] INFO  c.a.c.n.r.NacosContextRefresher - [registerNacosListener,129] - [Nacos Config] Listening config: dataId=cms-monitor-dev.yml, group=DEFAULT_GROUP
18:49:09.802 [nacos-grpc-client-executor-37] INFO  c.a.n.c.r.client - [printIfInfoEnabled,60] - [2bdb8c94-659d-459b-8081-af103817586f] Receive server push request, request = NotifySubscriberRequest, requestId = 40
18:49:09.802 [nacos-grpc-client-executor-37] INFO  c.a.n.c.r.client - [printIfInfoEnabled,60] - [2bdb8c94-659d-459b-8081-af103817586f] Ack server push request, request = NotifySubscriberRequest, requestId = 40
18:49:09.942 [nacos-grpc-client-executor-40] INFO  c.a.n.c.r.client - [printIfInfoEnabled,60] - [2bdb8c94-659d-459b-8081-af103817586f] Receive server push request, request = NotifySubscriberRequest, requestId = 41
18:49:09.942 [nacos-grpc-client-executor-40] INFO  c.a.n.c.r.client - [printIfInfoEnabled,60] - [2bdb8c94-659d-459b-8081-af103817586f] Ack server push request, request = NotifySubscriberRequest, requestId = 41
18:49:09.947 [nacos-grpc-client-executor-45] INFO  c.a.n.c.r.client - [printIfInfoEnabled,60] - [2bdb8c94-659d-459b-8081-af103817586f] Receive server push request, request = NotifySubscriberRequest, requestId = 43
18:49:09.947 [nacos-grpc-client-executor-45] INFO  c.a.n.c.r.client - [printIfInfoEnabled,60] - [2bdb8c94-659d-459b-8081-af103817586f] Ack server push request, request = NotifySubscriberRequest, requestId = 43
18:49:39.886 [nacos-grpc-client-executor-76] INFO  c.a.n.c.r.client - [printIfInfoEnabled,60] - [2bdb8c94-659d-459b-8081-af103817586f] Receive server push request, request = NotifySubscriberRequest, requestId = 48
18:49:39.887 [nacos-grpc-client-executor-76] INFO  c.a.n.c.r.client - [printIfInfoEnabled,60] - [2bdb8c94-659d-459b-8081-af103817586f] Ack server push request, request = NotifySubscriberRequest, requestId = 48
