14:30:38.404 [background-preinit] INFO  o.h.v.i.util.Version - [<clinit>,21] - HV000001: Hibernate Validator 6.2.5.Final
14:30:39.026 [main] INFO  c.a.n.c.r.client - [lambda$createClient$0,80] - [RpcClientFactory] create a new rpc client of 84808e9c-4284-4ed2-91fb-e317ea40cb22_config-0
14:30:39.083 [main] INFO  o.r.Reflections - [scan,232] - Reflections took 40 ms to scan 1 urls, producing 3 keys and 6 values 
14:30:39.130 [main] INFO  o.r.Reflections - [scan,232] - Reflections took 23 ms to scan 1 urls, producing 4 keys and 9 values 
14:30:39.150 [main] INFO  o.r.Reflections - [scan,232] - Reflections took 18 ms to scan 1 urls, producing 3 keys and 10 values 
14:30:39.168 [main] INFO  o.r.Reflections - [scan,232] - Reflections took 14 ms to scan 1 urls, producing 1 keys and 5 values 
14:30:39.201 [main] INFO  o.r.Reflections - [scan,232] - Reflections took 30 ms to scan 1 urls, producing 1 keys and 7 values 
14:30:39.217 [main] INFO  o.r.Reflections - [scan,232] - Reflections took 13 ms to scan 1 urls, producing 2 keys and 8 values 
14:30:39.221 [main] INFO  c.a.n.c.r.client - [printIfInfoEnabled,60] - [84808e9c-4284-4ed2-91fb-e317ea40cb22_config-0] RpcClient init label, labels = {module=config, Vipserver-Tag=null, source=sdk, Amory-Tag=null, Location-Tag=null, taskId=0, AppName=unknown}
14:30:39.222 [main] INFO  c.a.n.c.r.client - [printIfInfoEnabled,60] - [84808e9c-4284-4ed2-91fb-e317ea40cb22_config-0] Register server push request handler:com.alibaba.nacos.client.config.impl.ClientWorker$ConfigRpcTransportClient$$Lambda$468/0x0000000800f1cc28
14:30:39.222 [main] INFO  c.a.n.c.r.client - [printIfInfoEnabled,60] - [84808e9c-4284-4ed2-91fb-e317ea40cb22_config-0] Register server push request handler:com.alibaba.nacos.client.config.impl.ClientWorker$ConfigRpcTransportClient$$Lambda$469/0x0000000800f1ce50
14:30:39.223 [main] INFO  c.a.n.c.r.client - [printIfInfoEnabled,60] - [84808e9c-4284-4ed2-91fb-e317ea40cb22_config-0] Registry connection listener to current client:com.alibaba.nacos.client.config.impl.ClientWorker$ConfigRpcTransportClient$1
14:30:39.223 [main] INFO  c.a.n.c.r.client - [printIfInfoEnabled,60] - [84808e9c-4284-4ed2-91fb-e317ea40cb22_config-0] RpcClient init, ServerListFactory = com.alibaba.nacos.client.config.impl.ClientWorker$ConfigRpcTransportClient$2
14:30:39.234 [main] INFO  c.a.n.c.r.client - [printIfInfoEnabled,60] - [84808e9c-4284-4ed2-91fb-e317ea40cb22_config-0] Try to connect to server on start up, server: {serverIp = '127.0.0.1', server main port = 8848}
14:30:39.828 [main] INFO  c.a.n.c.r.client - [printIfInfoEnabled,60] - [84808e9c-4284-4ed2-91fb-e317ea40cb22_config-0] Success to connect to server [127.0.0.1:8848] on start up, connectionId = 1680935439630_127.0.0.1_51437
14:30:39.830 [main] INFO  c.a.n.c.r.client - [printIfInfoEnabled,60] - [84808e9c-4284-4ed2-91fb-e317ea40cb22_config-0] Register server push request handler:com.alibaba.nacos.common.remote.client.RpcClient$ConnectResetRequestHandler
14:30:39.831 [com.alibaba.nacos.client.remote.worker] INFO  c.a.n.c.r.client - [printIfInfoEnabled,60] - [84808e9c-4284-4ed2-91fb-e317ea40cb22_config-0] Notify connected event to listeners.
14:30:39.832 [main] INFO  c.a.n.c.r.client - [printIfInfoEnabled,60] - [84808e9c-4284-4ed2-91fb-e317ea40cb22_config-0] Register server push request handler:com.alibaba.nacos.common.remote.client.RpcClient$$Lambda$480/0x000000080101d7d8
14:30:39.990 [main] INFO  c.c.s.RuoYiSystemApplication - [logStartupProfileInfo,637] - The following 1 profile is active: "dev"
14:30:44.341 [main] INFO  o.a.c.h.Http11NioProtocol - [log,173] - Initializing ProtocolHandler ["http-nio-9201"]
14:30:44.343 [main] INFO  o.a.c.c.StandardService - [log,173] - Starting service [Tomcat]
14:30:44.344 [main] INFO  o.a.c.c.StandardEngine - [log,173] - Starting Servlet engine: [Apache Tomcat/9.0.70]
14:30:44.634 [main] INFO  o.a.c.c.C.[.[.[/] - [log,173] - Initializing Spring embedded WebApplicationContext
14:30:45.912 [main] INFO  c.a.d.p.DruidDataSource - [init,996] - {dataSource-1,master} inited
14:30:45.913 [main] INFO  c.b.d.d.DynamicRoutingDataSource - [addDataSource,154] - dynamic-datasource - add a datasource named [master] success
14:30:45.914 [main] INFO  c.b.d.d.DynamicRoutingDataSource - [afterPropertiesSet,234] - dynamic-datasource initial loaded [1] datasource,primary datasource named [master]
14:30:50.941 [main] INFO  c.a.c.s.SentinelWebMvcConfigurer - [addInterceptors,52] - [Sentinel Starter] register SentinelWebInterceptor with urlPatterns: [/**].
14:30:54.210 [main] INFO  c.a.n.c.r.client - [lambda$createClient$0,80] - [RpcClientFactory] create a new rpc client of 31c7a43a-1d0f-4714-9d2f-23618d70a3be
14:30:54.211 [main] INFO  c.a.n.c.r.client - [printIfInfoEnabled,60] - [31c7a43a-1d0f-4714-9d2f-23618d70a3be] RpcClient init label, labels = {module=naming, source=sdk}
14:30:54.214 [main] INFO  c.a.n.c.r.client - [printIfInfoEnabled,60] - [31c7a43a-1d0f-4714-9d2f-23618d70a3be] RpcClient init, ServerListFactory = com.alibaba.nacos.client.naming.core.ServerListManager
14:30:54.214 [main] INFO  c.a.n.c.r.client - [printIfInfoEnabled,60] - [31c7a43a-1d0f-4714-9d2f-23618d70a3be] Registry connection listener to current client:com.alibaba.nacos.client.naming.remote.gprc.redo.NamingGrpcRedoService
14:30:54.215 [main] INFO  c.a.n.c.r.client - [printIfInfoEnabled,60] - [31c7a43a-1d0f-4714-9d2f-23618d70a3be] Register server push request handler:com.alibaba.nacos.client.naming.remote.gprc.NamingPushRequestHandler
14:30:54.215 [main] INFO  c.a.n.c.r.client - [printIfInfoEnabled,60] - [31c7a43a-1d0f-4714-9d2f-23618d70a3be] Try to connect to server on start up, server: {serverIp = '127.0.0.1', server main port = 8848}
14:30:54.357 [main] INFO  c.a.n.c.r.client - [printIfInfoEnabled,60] - [31c7a43a-1d0f-4714-9d2f-23618d70a3be] Success to connect to server [127.0.0.1:8848] on start up, connectionId = 1680935454235_127.0.0.1_51570
14:30:54.358 [main] INFO  c.a.n.c.r.client - [printIfInfoEnabled,60] - [31c7a43a-1d0f-4714-9d2f-23618d70a3be] Register server push request handler:com.alibaba.nacos.common.remote.client.RpcClient$ConnectResetRequestHandler
14:30:54.358 [com.alibaba.nacos.client.remote.worker] INFO  c.a.n.c.r.client - [printIfInfoEnabled,60] - [31c7a43a-1d0f-4714-9d2f-23618d70a3be] Notify connected event to listeners.
14:30:54.358 [main] INFO  c.a.n.c.r.client - [printIfInfoEnabled,60] - [31c7a43a-1d0f-4714-9d2f-23618d70a3be] Register server push request handler:com.alibaba.nacos.common.remote.client.RpcClient$$Lambda$480/0x000000080101d7d8
14:30:54.410 [main] INFO  o.a.c.h.Http11NioProtocol - [log,173] - Starting ProtocolHandler ["http-nio-9201"]
14:30:54.457 [main] INFO  c.a.c.n.r.NacosServiceRegistry - [register,75] - nacos registry, DEFAULT_GROUP cms-system 192.168.1.2:9201 register finished
14:30:54.929 [nacos-grpc-client-executor-11] INFO  c.a.n.c.r.client - [printIfInfoEnabled,60] - [31c7a43a-1d0f-4714-9d2f-23618d70a3be] Receive server push request, request = NotifySubscriberRequest, requestId = 7
14:30:54.934 [nacos-grpc-client-executor-11] INFO  c.a.n.c.r.client - [printIfInfoEnabled,60] - [31c7a43a-1d0f-4714-9d2f-23618d70a3be] Ack server push request, request = NotifySubscriberRequest, requestId = 7
14:30:55.742 [main] INFO  c.c.s.RuoYiSystemApplication - [logStarted,61] - Started RuoYiSystemApplication in 18.119 seconds (JVM running for 19.56)
14:30:55.752 [main] INFO  c.a.c.n.r.NacosContextRefresher - [registerNacosListener,129] - [Nacos Config] Listening config: dataId=cms-system, group=DEFAULT_GROUP
14:30:55.752 [main] INFO  c.a.c.n.r.NacosContextRefresher - [registerNacosListener,129] - [Nacos Config] Listening config: dataId=cms-system.yml, group=DEFAULT_GROUP
14:30:55.754 [main] INFO  c.a.c.n.r.NacosContextRefresher - [registerNacosListener,129] - [Nacos Config] Listening config: dataId=cms-system-dev.yml, group=DEFAULT_GROUP
14:30:56.214 [RMI TCP Connection(40)-192.168.1.2] INFO  o.a.c.c.C.[.[.[/] - [log,173] - Initializing Spring DispatcherServlet 'dispatcherServlet'
14:51:58.103 [SpringApplicationShutdownHook] INFO  c.a.c.n.r.NacosServiceRegistry - [deregister,94] - De-registering from Nacos Server now...
14:51:58.107 [SpringApplicationShutdownHook] INFO  c.a.c.n.r.NacosServiceRegistry - [deregister,114] - De-registration finished.
14:51:58.423 [SpringApplicationShutdownHook] INFO  c.a.n.c.r.client - [shutdown,454] - Shutdown rpc client, set status to shutdown
14:51:58.424 [SpringApplicationShutdownHook] INFO  c.a.n.c.r.client - [shutdown,456] - Shutdown client event executor java.util.concurrent.ScheduledThreadPoolExecutor@592df81b[Running, pool size = 2, active threads = 2, queued tasks = 0, completed tasks = 0]
14:51:58.424 [SpringApplicationShutdownHook] INFO  c.a.n.c.r.client - [closeConnection,591] - Close current connection 1680935454235_127.0.0.1_51570
14:51:58.428 [SpringApplicationShutdownHook] INFO  c.a.n.c.r.c.g.GrpcClient - [shutdown,85] - Shutdown grpc executor java.util.concurrent.ThreadPoolExecutor@28ae2ee5[Running, pool size = 6, active threads = 0, queued tasks = 0, completed tasks = 368]
14:51:58.578 [SpringApplicationShutdownHook] INFO  c.b.d.d.DynamicRoutingDataSource - [destroy,211] - dynamic-datasource start closing ....
14:51:58.583 [SpringApplicationShutdownHook] INFO  c.a.d.p.DruidDataSource - [close,2138] - {dataSource-1} closing ...
14:51:58.593 [SpringApplicationShutdownHook] INFO  c.a.d.p.DruidDataSource - [close,2211] - {dataSource-1} closed
14:51:58.593 [SpringApplicationShutdownHook] INFO  c.b.d.d.DynamicRoutingDataSource - [destroy,215] - dynamic-datasource all closed success,bye
14:52:04.436 [background-preinit] INFO  o.h.v.i.util.Version - [<clinit>,21] - HV000001: Hibernate Validator 6.2.5.Final
14:52:05.223 [main] INFO  c.a.n.c.r.client - [lambda$createClient$0,80] - [RpcClientFactory] create a new rpc client of bd5a287e-78dd-45e4-80d1-08815461e51a_config-0
14:52:05.269 [main] INFO  o.r.Reflections - [scan,232] - Reflections took 28 ms to scan 1 urls, producing 3 keys and 6 values 
14:52:05.300 [main] INFO  o.r.Reflections - [scan,232] - Reflections took 18 ms to scan 1 urls, producing 4 keys and 9 values 
14:52:05.318 [main] INFO  o.r.Reflections - [scan,232] - Reflections took 14 ms to scan 1 urls, producing 3 keys and 10 values 
14:52:05.335 [main] INFO  o.r.Reflections - [scan,232] - Reflections took 14 ms to scan 1 urls, producing 1 keys and 5 values 
14:52:05.357 [main] INFO  o.r.Reflections - [scan,232] - Reflections took 20 ms to scan 1 urls, producing 1 keys and 7 values 
14:52:05.369 [main] INFO  o.r.Reflections - [scan,232] - Reflections took 10 ms to scan 1 urls, producing 2 keys and 8 values 
14:52:05.372 [main] INFO  c.a.n.c.r.client - [printIfInfoEnabled,60] - [bd5a287e-78dd-45e4-80d1-08815461e51a_config-0] RpcClient init label, labels = {module=config, Vipserver-Tag=null, source=sdk, Amory-Tag=null, Location-Tag=null, taskId=0, AppName=unknown}
14:52:05.373 [main] INFO  c.a.n.c.r.client - [printIfInfoEnabled,60] - [bd5a287e-78dd-45e4-80d1-08815461e51a_config-0] Register server push request handler:com.alibaba.nacos.client.config.impl.ClientWorker$ConfigRpcTransportClient$$Lambda$468/0x0000000800f3c008
14:52:05.374 [main] INFO  c.a.n.c.r.client - [printIfInfoEnabled,60] - [bd5a287e-78dd-45e4-80d1-08815461e51a_config-0] Register server push request handler:com.alibaba.nacos.client.config.impl.ClientWorker$ConfigRpcTransportClient$$Lambda$469/0x0000000800f3c230
14:52:05.374 [main] INFO  c.a.n.c.r.client - [printIfInfoEnabled,60] - [bd5a287e-78dd-45e4-80d1-08815461e51a_config-0] Registry connection listener to current client:com.alibaba.nacos.client.config.impl.ClientWorker$ConfigRpcTransportClient$1
14:52:05.375 [main] INFO  c.a.n.c.r.client - [printIfInfoEnabled,60] - [bd5a287e-78dd-45e4-80d1-08815461e51a_config-0] RpcClient init, ServerListFactory = com.alibaba.nacos.client.config.impl.ClientWorker$ConfigRpcTransportClient$2
14:52:05.382 [main] INFO  c.a.n.c.r.client - [printIfInfoEnabled,60] - [bd5a287e-78dd-45e4-80d1-08815461e51a_config-0] Try to connect to server on start up, server: {serverIp = '127.0.0.1', server main port = 8848}
14:52:06.017 [main] INFO  c.a.n.c.r.client - [printIfInfoEnabled,60] - [bd5a287e-78dd-45e4-80d1-08815461e51a_config-0] Success to connect to server [127.0.0.1:8848] on start up, connectionId = 1680936725824_127.0.0.1_52451
14:52:06.018 [main] INFO  c.a.n.c.r.client - [printIfInfoEnabled,60] - [bd5a287e-78dd-45e4-80d1-08815461e51a_config-0] Register server push request handler:com.alibaba.nacos.common.remote.client.RpcClient$ConnectResetRequestHandler
14:52:06.018 [main] INFO  c.a.n.c.r.client - [printIfInfoEnabled,60] - [bd5a287e-78dd-45e4-80d1-08815461e51a_config-0] Register server push request handler:com.alibaba.nacos.common.remote.client.RpcClient$$Lambda$480/0x000000080103d5e0
14:52:06.018 [com.alibaba.nacos.client.remote.worker] INFO  c.a.n.c.r.client - [printIfInfoEnabled,60] - [bd5a287e-78dd-45e4-80d1-08815461e51a_config-0] Notify connected event to listeners.
14:52:06.096 [main] INFO  c.c.s.RuoYiSystemApplication - [logStartupProfileInfo,637] - The following 1 profile is active: "dev"
14:52:08.500 [main] INFO  o.a.c.h.Http11NioProtocol - [log,173] - Initializing ProtocolHandler ["http-nio-9201"]
14:52:08.501 [main] INFO  o.a.c.c.StandardService - [log,173] - Starting service [Tomcat]
14:52:08.501 [main] INFO  o.a.c.c.StandardEngine - [log,173] - Starting Servlet engine: [Apache Tomcat/9.0.70]
14:52:08.650 [main] INFO  o.a.c.c.C.[.[.[/] - [log,173] - Initializing Spring embedded WebApplicationContext
14:52:09.654 [main] INFO  c.a.d.p.DruidDataSource - [init,996] - {dataSource-1,master} inited
14:52:09.655 [main] INFO  c.b.d.d.DynamicRoutingDataSource - [addDataSource,154] - dynamic-datasource - add a datasource named [master] success
14:52:09.656 [main] INFO  c.b.d.d.DynamicRoutingDataSource - [afterPropertiesSet,234] - dynamic-datasource initial loaded [1] datasource,primary datasource named [master]
14:52:12.390 [main] INFO  c.a.c.s.SentinelWebMvcConfigurer - [addInterceptors,52] - [Sentinel Starter] register SentinelWebInterceptor with urlPatterns: [/**].
14:52:14.255 [main] INFO  c.a.n.c.r.client - [lambda$createClient$0,80] - [RpcClientFactory] create a new rpc client of ac39876a-0c73-4f07-9cf0-ad6adcffea05
14:52:14.257 [main] INFO  c.a.n.c.r.client - [printIfInfoEnabled,60] - [ac39876a-0c73-4f07-9cf0-ad6adcffea05] RpcClient init label, labels = {module=naming, source=sdk}
14:52:14.259 [main] INFO  c.a.n.c.r.client - [printIfInfoEnabled,60] - [ac39876a-0c73-4f07-9cf0-ad6adcffea05] RpcClient init, ServerListFactory = com.alibaba.nacos.client.naming.core.ServerListManager
14:52:14.259 [main] INFO  c.a.n.c.r.client - [printIfInfoEnabled,60] - [ac39876a-0c73-4f07-9cf0-ad6adcffea05] Registry connection listener to current client:com.alibaba.nacos.client.naming.remote.gprc.redo.NamingGrpcRedoService
14:52:14.259 [main] INFO  c.a.n.c.r.client - [printIfInfoEnabled,60] - [ac39876a-0c73-4f07-9cf0-ad6adcffea05] Register server push request handler:com.alibaba.nacos.client.naming.remote.gprc.NamingPushRequestHandler
14:52:14.260 [main] INFO  c.a.n.c.r.client - [printIfInfoEnabled,60] - [ac39876a-0c73-4f07-9cf0-ad6adcffea05] Try to connect to server on start up, server: {serverIp = '127.0.0.1', server main port = 8848}
14:52:14.396 [main] INFO  c.a.n.c.r.client - [printIfInfoEnabled,60] - [ac39876a-0c73-4f07-9cf0-ad6adcffea05] Success to connect to server [127.0.0.1:8848] on start up, connectionId = 1680936734274_127.0.0.1_52476
14:52:14.396 [main] INFO  c.a.n.c.r.client - [printIfInfoEnabled,60] - [ac39876a-0c73-4f07-9cf0-ad6adcffea05] Register server push request handler:com.alibaba.nacos.common.remote.client.RpcClient$ConnectResetRequestHandler
14:52:14.396 [com.alibaba.nacos.client.remote.worker] INFO  c.a.n.c.r.client - [printIfInfoEnabled,60] - [ac39876a-0c73-4f07-9cf0-ad6adcffea05] Notify connected event to listeners.
14:52:14.397 [main] INFO  c.a.n.c.r.client - [printIfInfoEnabled,60] - [ac39876a-0c73-4f07-9cf0-ad6adcffea05] Register server push request handler:com.alibaba.nacos.common.remote.client.RpcClient$$Lambda$480/0x000000080103d5e0
14:52:14.428 [main] INFO  o.a.c.h.Http11NioProtocol - [log,173] - Starting ProtocolHandler ["http-nio-9201"]
14:52:14.466 [main] INFO  c.a.c.n.r.NacosServiceRegistry - [register,75] - nacos registry, DEFAULT_GROUP cms-system 192.168.1.2:9201 register finished
14:52:14.973 [nacos-grpc-client-executor-9] INFO  c.a.n.c.r.client - [printIfInfoEnabled,60] - [ac39876a-0c73-4f07-9cf0-ad6adcffea05] Receive server push request, request = NotifySubscriberRequest, requestId = 35
14:52:14.976 [nacos-grpc-client-executor-9] INFO  c.a.n.c.r.client - [printIfInfoEnabled,60] - [ac39876a-0c73-4f07-9cf0-ad6adcffea05] Ack server push request, request = NotifySubscriberRequest, requestId = 35
14:52:15.410 [main] INFO  c.c.s.RuoYiSystemApplication - [logStarted,61] - Started RuoYiSystemApplication in 12.175 seconds (JVM running for 13.54)
14:52:15.433 [main] INFO  c.a.c.n.r.NacosContextRefresher - [registerNacosListener,129] - [Nacos Config] Listening config: dataId=cms-system, group=DEFAULT_GROUP
14:52:15.434 [main] INFO  c.a.c.n.r.NacosContextRefresher - [registerNacosListener,129] - [Nacos Config] Listening config: dataId=cms-system.yml, group=DEFAULT_GROUP
14:52:15.435 [main] INFO  c.a.c.n.r.NacosContextRefresher - [registerNacosListener,129] - [Nacos Config] Listening config: dataId=cms-system-dev.yml, group=DEFAULT_GROUP
14:52:15.851 [RMI TCP Connection(18)-192.168.1.2] INFO  o.a.c.c.C.[.[.[/] - [log,173] - Initializing Spring DispatcherServlet 'dispatcherServlet'
14:57:55.529 [SpringApplicationShutdownHook] INFO  c.a.c.n.r.NacosServiceRegistry - [deregister,94] - De-registering from Nacos Server now...
14:57:55.532 [SpringApplicationShutdownHook] INFO  c.a.c.n.r.NacosServiceRegistry - [deregister,114] - De-registration finished.
14:57:55.844 [SpringApplicationShutdownHook] INFO  c.a.n.c.r.client - [shutdown,454] - Shutdown rpc client, set status to shutdown
14:57:55.844 [SpringApplicationShutdownHook] INFO  c.a.n.c.r.client - [shutdown,456] - Shutdown client event executor java.util.concurrent.ScheduledThreadPoolExecutor@2d6df905[Running, pool size = 2, active threads = 2, queued tasks = 0, completed tasks = 0]
14:57:55.844 [SpringApplicationShutdownHook] INFO  c.a.n.c.r.client - [closeConnection,591] - Close current connection 1680936734274_127.0.0.1_52476
14:57:55.845 [nacos-grpc-client-executor-112] INFO  c.a.n.c.r.c.g.GrpcClient - [printIfInfoEnabled,60] - [1680936734274_127.0.0.1_52476]Ignore complete event,isRunning:false,isAbandon=false
14:57:55.846 [SpringApplicationShutdownHook] INFO  c.a.n.c.r.c.g.GrpcClient - [shutdown,85] - Shutdown grpc executor java.util.concurrent.ThreadPoolExecutor@5576e2eb[Running, pool size = 6, active threads = 0, queued tasks = 0, completed tasks = 113]
14:57:55.972 [SpringApplicationShutdownHook] INFO  c.b.d.d.DynamicRoutingDataSource - [destroy,211] - dynamic-datasource start closing ....
14:57:55.975 [SpringApplicationShutdownHook] INFO  c.a.d.p.DruidDataSource - [close,2138] - {dataSource-1} closing ...
14:57:55.981 [SpringApplicationShutdownHook] INFO  c.a.d.p.DruidDataSource - [close,2211] - {dataSource-1} closed
14:57:55.981 [SpringApplicationShutdownHook] INFO  c.b.d.d.DynamicRoutingDataSource - [destroy,215] - dynamic-datasource all closed success,bye
15:00:23.780 [background-preinit] INFO  o.h.v.i.util.Version - [<clinit>,21] - HV000001: Hibernate Validator 6.2.5.Final
15:00:24.429 [main] INFO  c.a.n.c.r.client - [lambda$createClient$0,80] - [RpcClientFactory] create a new rpc client of e58877bc-d588-4e7f-a60f-f4db673c5789_config-0
15:00:24.481 [main] INFO  o.r.Reflections - [scan,232] - Reflections took 34 ms to scan 1 urls, producing 3 keys and 6 values 
15:00:24.518 [main] INFO  o.r.Reflections - [scan,232] - Reflections took 21 ms to scan 1 urls, producing 4 keys and 9 values 
15:00:24.540 [main] INFO  o.r.Reflections - [scan,232] - Reflections took 19 ms to scan 1 urls, producing 3 keys and 10 values 
15:00:24.571 [main] INFO  o.r.Reflections - [scan,232] - Reflections took 24 ms to scan 1 urls, producing 1 keys and 5 values 
15:00:24.599 [main] INFO  o.r.Reflections - [scan,232] - Reflections took 23 ms to scan 1 urls, producing 1 keys and 7 values 
15:00:24.631 [main] INFO  o.r.Reflections - [scan,232] - Reflections took 29 ms to scan 1 urls, producing 2 keys and 8 values 
15:00:24.639 [main] INFO  c.a.n.c.r.client - [printIfInfoEnabled,60] - [e58877bc-d588-4e7f-a60f-f4db673c5789_config-0] RpcClient init label, labels = {module=config, Vipserver-Tag=null, source=sdk, Amory-Tag=null, Location-Tag=null, taskId=0, AppName=unknown}
15:00:24.640 [main] INFO  c.a.n.c.r.client - [printIfInfoEnabled,60] - [e58877bc-d588-4e7f-a60f-f4db673c5789_config-0] Register server push request handler:com.alibaba.nacos.client.config.impl.ClientWorker$ConfigRpcTransportClient$$Lambda$468/0x0000000800f3cea8
15:00:24.641 [main] INFO  c.a.n.c.r.client - [printIfInfoEnabled,60] - [e58877bc-d588-4e7f-a60f-f4db673c5789_config-0] Register server push request handler:com.alibaba.nacos.client.config.impl.ClientWorker$ConfigRpcTransportClient$$Lambda$469/0x0000000800f3d0d0
15:00:24.641 [main] INFO  c.a.n.c.r.client - [printIfInfoEnabled,60] - [e58877bc-d588-4e7f-a60f-f4db673c5789_config-0] Registry connection listener to current client:com.alibaba.nacos.client.config.impl.ClientWorker$ConfigRpcTransportClient$1
15:00:24.642 [main] INFO  c.a.n.c.r.client - [printIfInfoEnabled,60] - [e58877bc-d588-4e7f-a60f-f4db673c5789_config-0] RpcClient init, ServerListFactory = com.alibaba.nacos.client.config.impl.ClientWorker$ConfigRpcTransportClient$2
15:00:24.652 [main] INFO  c.a.n.c.r.client - [printIfInfoEnabled,60] - [e58877bc-d588-4e7f-a60f-f4db673c5789_config-0] Try to connect to server on start up, server: {serverIp = '127.0.0.1', server main port = 8848}
15:00:25.309 [main] INFO  c.a.n.c.r.client - [printIfInfoEnabled,60] - [e58877bc-d588-4e7f-a60f-f4db673c5789_config-0] Success to connect to server [127.0.0.1:8848] on start up, connectionId = 1680937225032_127.0.0.1_52863
15:00:25.310 [com.alibaba.nacos.client.remote.worker] INFO  c.a.n.c.r.client - [printIfInfoEnabled,60] - [e58877bc-d588-4e7f-a60f-f4db673c5789_config-0] Notify connected event to listeners.
15:00:25.310 [main] INFO  c.a.n.c.r.client - [printIfInfoEnabled,60] - [e58877bc-d588-4e7f-a60f-f4db673c5789_config-0] Register server push request handler:com.alibaba.nacos.common.remote.client.RpcClient$ConnectResetRequestHandler
15:00:25.311 [main] INFO  c.a.n.c.r.client - [printIfInfoEnabled,60] - [e58877bc-d588-4e7f-a60f-f4db673c5789_config-0] Register server push request handler:com.alibaba.nacos.common.remote.client.RpcClient$$Lambda$480/0x000000080103d7d8
15:00:25.442 [main] INFO  c.c.s.RuoYiSystemApplication - [logStartupProfileInfo,637] - The following 1 profile is active: "dev"
15:00:29.976 [main] INFO  o.a.c.h.Http11NioProtocol - [log,173] - Initializing ProtocolHandler ["http-nio-9201"]
15:00:29.976 [main] INFO  o.a.c.c.StandardService - [log,173] - Starting service [Tomcat]
15:00:29.977 [main] INFO  o.a.c.c.StandardEngine - [log,173] - Starting Servlet engine: [Apache Tomcat/9.0.70]
15:00:30.105 [main] INFO  o.a.c.c.C.[.[.[/] - [log,173] - Initializing Spring embedded WebApplicationContext
15:00:30.742 [main] INFO  c.a.d.p.DruidDataSource - [init,996] - {dataSource-1,master} inited
15:00:30.743 [main] INFO  c.b.d.d.DynamicRoutingDataSource - [addDataSource,154] - dynamic-datasource - add a datasource named [master] success
15:00:30.743 [main] INFO  c.b.d.d.DynamicRoutingDataSource - [afterPropertiesSet,234] - dynamic-datasource initial loaded [1] datasource,primary datasource named [master]
15:00:33.470 [main] INFO  c.a.c.s.SentinelWebMvcConfigurer - [addInterceptors,52] - [Sentinel Starter] register SentinelWebInterceptor with urlPatterns: [/**].
15:00:35.560 [main] INFO  c.a.n.c.r.client - [lambda$createClient$0,80] - [RpcClientFactory] create a new rpc client of bfd92956-51f0-419c-ab2e-8c52b2d2bee6
15:00:35.561 [main] INFO  c.a.n.c.r.client - [printIfInfoEnabled,60] - [bfd92956-51f0-419c-ab2e-8c52b2d2bee6] RpcClient init label, labels = {module=naming, source=sdk}
15:00:35.564 [main] INFO  c.a.n.c.r.client - [printIfInfoEnabled,60] - [bfd92956-51f0-419c-ab2e-8c52b2d2bee6] RpcClient init, ServerListFactory = com.alibaba.nacos.client.naming.core.ServerListManager
15:00:35.564 [main] INFO  c.a.n.c.r.client - [printIfInfoEnabled,60] - [bfd92956-51f0-419c-ab2e-8c52b2d2bee6] Registry connection listener to current client:com.alibaba.nacos.client.naming.remote.gprc.redo.NamingGrpcRedoService
15:00:35.564 [main] INFO  c.a.n.c.r.client - [printIfInfoEnabled,60] - [bfd92956-51f0-419c-ab2e-8c52b2d2bee6] Register server push request handler:com.alibaba.nacos.client.naming.remote.gprc.NamingPushRequestHandler
15:00:35.565 [main] INFO  c.a.n.c.r.client - [printIfInfoEnabled,60] - [bfd92956-51f0-419c-ab2e-8c52b2d2bee6] Try to connect to server on start up, server: {serverIp = '127.0.0.1', server main port = 8848}
15:00:35.705 [main] INFO  c.a.n.c.r.client - [printIfInfoEnabled,60] - [bfd92956-51f0-419c-ab2e-8c52b2d2bee6] Success to connect to server [127.0.0.1:8848] on start up, connectionId = 1680937235584_127.0.0.1_52922
15:00:35.706 [com.alibaba.nacos.client.remote.worker] INFO  c.a.n.c.r.client - [printIfInfoEnabled,60] - [bfd92956-51f0-419c-ab2e-8c52b2d2bee6] Notify connected event to listeners.
15:00:35.706 [main] INFO  c.a.n.c.r.client - [printIfInfoEnabled,60] - [bfd92956-51f0-419c-ab2e-8c52b2d2bee6] Register server push request handler:com.alibaba.nacos.common.remote.client.RpcClient$ConnectResetRequestHandler
15:00:35.707 [main] INFO  c.a.n.c.r.client - [printIfInfoEnabled,60] - [bfd92956-51f0-419c-ab2e-8c52b2d2bee6] Register server push request handler:com.alibaba.nacos.common.remote.client.RpcClient$$Lambda$480/0x000000080103d7d8
15:00:35.750 [main] INFO  o.a.c.h.Http11NioProtocol - [log,173] - Starting ProtocolHandler ["http-nio-9201"]
15:00:35.778 [main] INFO  c.a.c.n.r.NacosServiceRegistry - [register,75] - nacos registry, DEFAULT_GROUP cms-system 192.168.1.2:9201 register finished
15:00:36.296 [nacos-grpc-client-executor-9] INFO  c.a.n.c.r.client - [printIfInfoEnabled,60] - [bfd92956-51f0-419c-ab2e-8c52b2d2bee6] Receive server push request, request = NotifySubscriberRequest, requestId = 63
15:00:36.305 [nacos-grpc-client-executor-9] INFO  c.a.n.c.r.client - [printIfInfoEnabled,60] - [bfd92956-51f0-419c-ab2e-8c52b2d2bee6] Ack server push request, request = NotifySubscriberRequest, requestId = 63
15:00:36.828 [main] INFO  c.c.s.RuoYiSystemApplication - [logStarted,61] - Started RuoYiSystemApplication in 13.786 seconds (JVM running for 14.787)
15:00:36.843 [main] INFO  c.a.c.n.r.NacosContextRefresher - [registerNacosListener,129] - [Nacos Config] Listening config: dataId=cms-system, group=DEFAULT_GROUP
15:00:36.843 [main] INFO  c.a.c.n.r.NacosContextRefresher - [registerNacosListener,129] - [Nacos Config] Listening config: dataId=cms-system.yml, group=DEFAULT_GROUP
15:00:36.844 [main] INFO  c.a.c.n.r.NacosContextRefresher - [registerNacosListener,129] - [Nacos Config] Listening config: dataId=cms-system-dev.yml, group=DEFAULT_GROUP
15:00:37.398 [RMI TCP Connection(10)-192.168.1.2] INFO  o.a.c.c.C.[.[.[/] - [log,173] - Initializing Spring DispatcherServlet 'dispatcherServlet'
