18:49:12.339 [background-preinit] INFO  o.h.v.i.util.Version - [<clinit>,21] - HV000001: Hibernate Validator 6.2.5.Final
18:49:13.187 [main] INFO  c.a.n.c.r.client - [lambda$createClient$0,80] - [RpcClientFactory] create a new rpc client of be71245a-3aa9-4391-8e00-6c1d71cd51b4_config-0
18:49:13.248 [main] INFO  o.r.Reflections - [scan,232] - Reflections took 38 ms to scan 1 urls, producing 3 keys and 6 values 
18:49:13.286 [main] INFO  o.r.Reflections - [scan,232] - Reflections took 22 ms to scan 1 urls, producing 4 keys and 9 values 
18:49:13.307 [main] INFO  o.r.Reflections - [scan,232] - Reflections took 19 ms to scan 1 urls, producing 3 keys and 10 values 
18:49:13.332 [main] INFO  o.r.Reflections - [scan,232] - Reflections took 19 ms to scan 1 urls, producing 1 keys and 5 values 
18:49:13.359 [main] INFO  o.r.Reflections - [scan,232] - Reflections took 24 ms to scan 1 urls, producing 1 keys and 7 values 
18:49:13.377 [main] INFO  o.r.Reflections - [scan,232] - Reflections took 14 ms to scan 1 urls, producing 2 keys and 8 values 
18:49:13.380 [main] INFO  c.a.n.c.r.client - [printIfInfoEnabled,60] - [be71245a-3aa9-4391-8e00-6c1d71cd51b4_config-0] RpcClient init label, labels = {module=config, Vipserver-Tag=null, source=sdk, Amory-Tag=null, Location-Tag=null, taskId=0, AppName=unknown}
18:49:13.381 [main] INFO  c.a.n.c.r.client - [printIfInfoEnabled,60] - [be71245a-3aa9-4391-8e00-6c1d71cd51b4_config-0] Register server push request handler:com.alibaba.nacos.client.config.impl.ClientWorker$ConfigRpcTransportClient$$Lambda$468/0x0000000800f3d100
18:49:13.382 [main] INFO  c.a.n.c.r.client - [printIfInfoEnabled,60] - [be71245a-3aa9-4391-8e00-6c1d71cd51b4_config-0] Register server push request handler:com.alibaba.nacos.client.config.impl.ClientWorker$ConfigRpcTransportClient$$Lambda$469/0x0000000800f3d328
18:49:13.382 [main] INFO  c.a.n.c.r.client - [printIfInfoEnabled,60] - [be71245a-3aa9-4391-8e00-6c1d71cd51b4_config-0] Registry connection listener to current client:com.alibaba.nacos.client.config.impl.ClientWorker$ConfigRpcTransportClient$1
18:49:13.383 [main] INFO  c.a.n.c.r.client - [printIfInfoEnabled,60] - [be71245a-3aa9-4391-8e00-6c1d71cd51b4_config-0] RpcClient init, ServerListFactory = com.alibaba.nacos.client.config.impl.ClientWorker$ConfigRpcTransportClient$2
18:49:13.392 [main] INFO  c.a.n.c.r.client - [printIfInfoEnabled,60] - [be71245a-3aa9-4391-8e00-6c1d71cd51b4_config-0] Try to connect to server on start up, server: {serverIp = '127.0.0.1', server main port = 8848}
18:49:14.177 [main] INFO  c.a.n.c.r.client - [printIfInfoEnabled,60] - [be71245a-3aa9-4391-8e00-6c1d71cd51b4_config-0] Success to connect to server [127.0.0.1:8848] on start up, connectionId = 1684579753950_127.0.0.1_50843
18:49:14.187 [com.alibaba.nacos.client.remote.worker] INFO  c.a.n.c.r.client - [printIfInfoEnabled,60] - [be71245a-3aa9-4391-8e00-6c1d71cd51b4_config-0] Notify connected event to listeners.
18:49:14.187 [main] INFO  c.a.n.c.r.client - [printIfInfoEnabled,60] - [be71245a-3aa9-4391-8e00-6c1d71cd51b4_config-0] Register server push request handler:com.alibaba.nacos.common.remote.client.RpcClient$ConnectResetRequestHandler
18:49:14.187 [main] INFO  c.a.n.c.r.client - [printIfInfoEnabled,60] - [be71245a-3aa9-4391-8e00-6c1d71cd51b4_config-0] Register server push request handler:com.alibaba.nacos.common.remote.client.RpcClient$$Lambda$480/0x000000080103cdb0
18:49:14.281 [main] INFO  c.c.s.RuoYiSystemApplication - [logStartupProfileInfo,637] - The following 1 profile is active: "dev"
18:49:19.125 [main] INFO  o.a.c.h.Http11NioProtocol - [log,173] - Initializing ProtocolHandler ["http-nio-9201"]
18:49:19.126 [main] INFO  o.a.c.c.StandardService - [log,173] - Starting service [Tomcat]
18:49:19.126 [main] INFO  o.a.c.c.StandardEngine - [log,173] - Starting Servlet engine: [Apache Tomcat/9.0.70]
18:49:19.485 [main] INFO  o.a.c.c.C.[.[.[/] - [log,173] - Initializing Spring embedded WebApplicationContext
18:49:20.981 [main] INFO  c.a.d.p.DruidDataSource - [init,996] - {dataSource-1,master} inited
18:49:20.983 [main] INFO  c.b.d.d.DynamicRoutingDataSource - [addDataSource,154] - dynamic-datasource - add a datasource named [master] success
18:49:20.983 [main] INFO  c.b.d.d.DynamicRoutingDataSource - [afterPropertiesSet,234] - dynamic-datasource initial loaded [1] datasource,primary datasource named [master]
18:49:26.793 [main] INFO  c.a.c.s.SentinelWebMvcConfigurer - [addInterceptors,52] - [Sentinel Starter] register SentinelWebInterceptor with urlPatterns: [/**].
18:49:31.418 [main] INFO  c.a.n.c.r.client - [lambda$createClient$0,80] - [RpcClientFactory] create a new rpc client of 302bf3e5-4f63-415c-8308-6577fa7024e6
18:49:31.419 [main] INFO  c.a.n.c.r.client - [printIfInfoEnabled,60] - [302bf3e5-4f63-415c-8308-6577fa7024e6] RpcClient init label, labels = {module=naming, source=sdk}
18:49:31.423 [main] INFO  c.a.n.c.r.client - [printIfInfoEnabled,60] - [302bf3e5-4f63-415c-8308-6577fa7024e6] RpcClient init, ServerListFactory = com.alibaba.nacos.client.naming.core.ServerListManager
18:49:31.423 [main] INFO  c.a.n.c.r.client - [printIfInfoEnabled,60] - [302bf3e5-4f63-415c-8308-6577fa7024e6] Registry connection listener to current client:com.alibaba.nacos.client.naming.remote.gprc.redo.NamingGrpcRedoService
18:49:31.424 [main] INFO  c.a.n.c.r.client - [printIfInfoEnabled,60] - [302bf3e5-4f63-415c-8308-6577fa7024e6] Register server push request handler:com.alibaba.nacos.client.naming.remote.gprc.NamingPushRequestHandler
18:49:31.424 [main] INFO  c.a.n.c.r.client - [printIfInfoEnabled,60] - [302bf3e5-4f63-415c-8308-6577fa7024e6] Try to connect to server on start up, server: {serverIp = '127.0.0.1', server main port = 8848}
18:49:31.568 [main] INFO  c.a.n.c.r.client - [printIfInfoEnabled,60] - [302bf3e5-4f63-415c-8308-6577fa7024e6] Success to connect to server [127.0.0.1:8848] on start up, connectionId = 1684579771443_127.0.0.1_50889
18:49:31.569 [main] INFO  c.a.n.c.r.client - [printIfInfoEnabled,60] - [302bf3e5-4f63-415c-8308-6577fa7024e6] Register server push request handler:com.alibaba.nacos.common.remote.client.RpcClient$ConnectResetRequestHandler
18:49:31.569 [com.alibaba.nacos.client.remote.worker] INFO  c.a.n.c.r.client - [printIfInfoEnabled,60] - [302bf3e5-4f63-415c-8308-6577fa7024e6] Notify connected event to listeners.
18:49:31.569 [main] INFO  c.a.n.c.r.client - [printIfInfoEnabled,60] - [302bf3e5-4f63-415c-8308-6577fa7024e6] Register server push request handler:com.alibaba.nacos.common.remote.client.RpcClient$$Lambda$480/0x000000080103cdb0
18:49:31.618 [main] INFO  o.a.c.h.Http11NioProtocol - [log,173] - Starting ProtocolHandler ["http-nio-9201"]
18:49:31.656 [main] INFO  c.a.c.n.r.NacosServiceRegistry - [register,75] - nacos registry, DEFAULT_GROUP cms-system 192.168.1.4:9201 register finished
18:49:32.178 [nacos-grpc-client-executor-10] INFO  c.a.n.c.r.client - [printIfInfoEnabled,60] - [302bf3e5-4f63-415c-8308-6577fa7024e6] Receive server push request, request = NotifySubscriberRequest, requestId = 47
18:49:32.184 [nacos-grpc-client-executor-10] INFO  c.a.n.c.r.client - [printIfInfoEnabled,60] - [302bf3e5-4f63-415c-8308-6577fa7024e6] Ack server push request, request = NotifySubscriberRequest, requestId = 47
18:49:35.016 [main] INFO  c.c.s.RuoYiSystemApplication - [logStarted,61] - Started RuoYiSystemApplication in 23.731 seconds (JVM running for 25.897)
18:49:35.027 [main] INFO  c.a.c.n.r.NacosContextRefresher - [registerNacosListener,129] - [Nacos Config] Listening config: dataId=cms-system, group=DEFAULT_GROUP
18:49:35.027 [main] INFO  c.a.c.n.r.NacosContextRefresher - [registerNacosListener,129] - [Nacos Config] Listening config: dataId=cms-system.yml, group=DEFAULT_GROUP
18:49:35.028 [main] INFO  c.a.c.n.r.NacosContextRefresher - [registerNacosListener,129] - [Nacos Config] Listening config: dataId=cms-system-dev.yml, group=DEFAULT_GROUP
18:49:35.344 [RMI TCP Connection(33)-192.168.1.4] INFO  o.a.c.c.C.[.[.[/] - [log,173] - Initializing Spring DispatcherServlet 'dispatcherServlet'
