13:53:09.352 [SpringApplicationShutdownHook] INFO  c.a.c.n.r.NacosServiceRegistry - [deregister,94] - De-registering from Nacos Server now...
13:53:09.362 [SpringApplicationShutdownHook] INFO  c.a.c.n.r.NacosServiceRegistry - [deregister,114] - De-registration finished.
13:53:09.672 [SpringApplicationShutdownHook] INFO  c.a.n.c.r.client - [shutdown,454] - Shutdown rpc client, set status to shutdown
13:53:09.672 [SpringApplicationShutdownHook] INFO  c.a.n.c.r.client - [shutdown,456] - Shutdown client event executor java.util.concurrent.ScheduledThreadPoolExecutor@2e97db62[Running, pool size = 2, active threads = 2, queued tasks = 0, completed tasks = 0]
13:53:09.673 [SpringApplicationShutdownHook] INFO  c.a.n.c.r.client - [closeConnection,591] - Close current connection 1706196459098_127.0.0.1_60439
13:53:09.674 [nacos-grpc-client-executor-1639] INFO  c.a.n.c.r.c.g.GrpcClient - [printIfInfoEnabled,60] - [1706196459098_127.0.0.1_60439]Ignore complete event,isRunning:false,isAbandon=false
13:53:09.677 [SpringApplicationShutdownHook] INFO  c.a.n.c.r.c.g.GrpcClient - [shutdown,85] - Shutdown grpc executor java.util.concurrent.ThreadPoolExecutor@3eaec7dd[Running, pool size = 5, active threads = 0, queued tasks = 0, completed tasks = 1640]
13:53:09.819 [SpringApplicationShutdownHook] INFO  c.b.d.d.DynamicRoutingDataSource - [destroy,211] - dynamic-datasource start closing ....
13:53:09.823 [SpringApplicationShutdownHook] INFO  c.a.d.p.DruidDataSource - [close,2138] - {dataSource-1} closing ...
13:53:09.825 [SpringApplicationShutdownHook] INFO  c.a.d.p.DruidDataSource - [close,2211] - {dataSource-1} closed
13:53:09.825 [SpringApplicationShutdownHook] INFO  c.b.d.d.DynamicRoutingDataSource - [destroy,215] - dynamic-datasource all closed success,bye
13:53:36.493 [background-preinit] INFO  o.h.v.i.util.Version - [<clinit>,21] - HV000001: Hibernate Validator 6.2.5.Final
13:53:36.972 [main] INFO  c.a.n.c.r.client - [lambda$createClient$0,80] - [RpcClientFactory] create a new rpc client of 4ae78e08-0fc4-4a1d-a2cf-2a7c3f317a09_config-0
13:53:37.009 [main] INFO  o.r.Reflections - [scan,232] - Reflections took 25 ms to scan 1 urls, producing 3 keys and 6 values 
13:53:37.035 [main] INFO  o.r.Reflections - [scan,232] - Reflections took 15 ms to scan 1 urls, producing 4 keys and 9 values 
13:53:37.049 [main] INFO  o.r.Reflections - [scan,232] - Reflections took 12 ms to scan 1 urls, producing 3 keys and 10 values 
13:53:37.070 [main] INFO  o.r.Reflections - [scan,232] - Reflections took 17 ms to scan 1 urls, producing 1 keys and 5 values 
13:53:37.093 [main] INFO  o.r.Reflections - [scan,232] - Reflections took 20 ms to scan 1 urls, producing 1 keys and 7 values 
13:53:37.124 [main] INFO  o.r.Reflections - [scan,232] - Reflections took 29 ms to scan 1 urls, producing 2 keys and 8 values 
13:53:37.129 [main] INFO  c.a.n.c.r.client - [printIfInfoEnabled,60] - [4ae78e08-0fc4-4a1d-a2cf-2a7c3f317a09_config-0] RpcClient init label, labels = {module=config, Vipserver-Tag=null, source=sdk, Amory-Tag=null, Location-Tag=null, taskId=0, AppName=unknown}
13:53:37.130 [main] INFO  c.a.n.c.r.client - [printIfInfoEnabled,60] - [4ae78e08-0fc4-4a1d-a2cf-2a7c3f317a09_config-0] Register server push request handler:com.alibaba.nacos.client.config.impl.ClientWorker$ConfigRpcTransportClient$$Lambda$468/0x0000000800f1c008
13:53:37.130 [main] INFO  c.a.n.c.r.client - [printIfInfoEnabled,60] - [4ae78e08-0fc4-4a1d-a2cf-2a7c3f317a09_config-0] Register server push request handler:com.alibaba.nacos.client.config.impl.ClientWorker$ConfigRpcTransportClient$$Lambda$469/0x0000000800f1c230
13:53:37.131 [main] INFO  c.a.n.c.r.client - [printIfInfoEnabled,60] - [4ae78e08-0fc4-4a1d-a2cf-2a7c3f317a09_config-0] Registry connection listener to current client:com.alibaba.nacos.client.config.impl.ClientWorker$ConfigRpcTransportClient$1
13:53:37.131 [main] INFO  c.a.n.c.r.client - [printIfInfoEnabled,60] - [4ae78e08-0fc4-4a1d-a2cf-2a7c3f317a09_config-0] RpcClient init, ServerListFactory = com.alibaba.nacos.client.config.impl.ClientWorker$ConfigRpcTransportClient$2
13:53:37.141 [main] INFO  c.a.n.c.r.client - [printIfInfoEnabled,60] - [4ae78e08-0fc4-4a1d-a2cf-2a7c3f317a09_config-0] Try to connect to server on start up, server: {serverIp = '127.0.0.1', server main port = 8848}
13:53:37.709 [main] INFO  c.a.n.c.r.client - [printIfInfoEnabled,60] - [4ae78e08-0fc4-4a1d-a2cf-2a7c3f317a09_config-0] Success to connect to server [127.0.0.1:8848] on start up, connectionId = 1706248417520_127.0.0.1_53078
13:53:37.710 [com.alibaba.nacos.client.remote.worker] INFO  c.a.n.c.r.client - [printIfInfoEnabled,60] - [4ae78e08-0fc4-4a1d-a2cf-2a7c3f317a09_config-0] Notify connected event to listeners.
13:53:37.710 [main] INFO  c.a.n.c.r.client - [printIfInfoEnabled,60] - [4ae78e08-0fc4-4a1d-a2cf-2a7c3f317a09_config-0] Register server push request handler:com.alibaba.nacos.common.remote.client.RpcClient$ConnectResetRequestHandler
13:53:37.711 [main] INFO  c.a.n.c.r.client - [printIfInfoEnabled,60] - [4ae78e08-0fc4-4a1d-a2cf-2a7c3f317a09_config-0] Register server push request handler:com.alibaba.nacos.common.remote.client.RpcClient$$Lambda$480/0x0000000801024290
13:53:37.781 [main] INFO  c.c.s.CMSSystemApplication - [logStartupProfileInfo,637] - The following 1 profile is active: "dev"
13:53:40.705 [main] INFO  o.a.c.h.Http11NioProtocol - [log,173] - Initializing ProtocolHandler ["http-nio-9201"]
13:53:40.706 [main] INFO  o.a.c.c.StandardService - [log,173] - Starting service [Tomcat]
13:53:40.706 [main] INFO  o.a.c.c.StandardEngine - [log,173] - Starting Servlet engine: [Apache Tomcat/9.0.70]
13:53:40.859 [main] INFO  o.a.c.c.C.[.[.[/] - [log,173] - Initializing Spring embedded WebApplicationContext
13:53:41.815 [main] INFO  c.a.d.p.DruidDataSource - [init,996] - {dataSource-1,master} inited
13:53:41.816 [main] INFO  c.b.d.d.DynamicRoutingDataSource - [addDataSource,154] - dynamic-datasource - add a datasource named [master] success
13:53:41.817 [main] INFO  c.b.d.d.DynamicRoutingDataSource - [afterPropertiesSet,234] - dynamic-datasource initial loaded [1] datasource,primary datasource named [master]
13:53:46.397 [main] INFO  c.a.c.s.SentinelWebMvcConfigurer - [addInterceptors,52] - [Sentinel Starter] register SentinelWebInterceptor with urlPatterns: [/**].
13:53:48.030 [main] INFO  c.a.n.c.r.client - [lambda$createClient$0,80] - [RpcClientFactory] create a new rpc client of e87a74ce-29f4-4529-a61e-d19364982af3
13:53:48.030 [main] INFO  c.a.n.c.r.client - [printIfInfoEnabled,60] - [e87a74ce-29f4-4529-a61e-d19364982af3] RpcClient init label, labels = {module=naming, source=sdk}
13:53:48.032 [main] INFO  c.a.n.c.r.client - [printIfInfoEnabled,60] - [e87a74ce-29f4-4529-a61e-d19364982af3] RpcClient init, ServerListFactory = com.alibaba.nacos.client.naming.core.ServerListManager
13:53:48.032 [main] INFO  c.a.n.c.r.client - [printIfInfoEnabled,60] - [e87a74ce-29f4-4529-a61e-d19364982af3] Registry connection listener to current client:com.alibaba.nacos.client.naming.remote.gprc.redo.NamingGrpcRedoService
13:53:48.033 [main] INFO  c.a.n.c.r.client - [printIfInfoEnabled,60] - [e87a74ce-29f4-4529-a61e-d19364982af3] Register server push request handler:com.alibaba.nacos.client.naming.remote.gprc.NamingPushRequestHandler
13:53:48.033 [main] INFO  c.a.n.c.r.client - [printIfInfoEnabled,60] - [e87a74ce-29f4-4529-a61e-d19364982af3] Try to connect to server on start up, server: {serverIp = '127.0.0.1', server main port = 8848}
13:53:48.168 [main] INFO  c.a.n.c.r.client - [printIfInfoEnabled,60] - [e87a74ce-29f4-4529-a61e-d19364982af3] Success to connect to server [127.0.0.1:8848] on start up, connectionId = 1706248428049_127.0.0.1_53129
13:53:48.169 [main] INFO  c.a.n.c.r.client - [printIfInfoEnabled,60] - [e87a74ce-29f4-4529-a61e-d19364982af3] Register server push request handler:com.alibaba.nacos.common.remote.client.RpcClient$ConnectResetRequestHandler
13:53:48.169 [com.alibaba.nacos.client.remote.worker] INFO  c.a.n.c.r.client - [printIfInfoEnabled,60] - [e87a74ce-29f4-4529-a61e-d19364982af3] Notify connected event to listeners.
13:53:48.169 [main] INFO  c.a.n.c.r.client - [printIfInfoEnabled,60] - [e87a74ce-29f4-4529-a61e-d19364982af3] Register server push request handler:com.alibaba.nacos.common.remote.client.RpcClient$$Lambda$480/0x0000000801024290
13:53:48.194 [main] INFO  o.a.c.h.Http11NioProtocol - [log,173] - Starting ProtocolHandler ["http-nio-9201"]
13:53:48.216 [main] INFO  c.a.c.n.r.NacosServiceRegistry - [register,75] - nacos registry, DEFAULT_GROUP cms-system 10.10.8.130:9201 register finished
13:53:48.759 [nacos-grpc-client-executor-9] INFO  c.a.n.c.r.client - [printIfInfoEnabled,60] - [e87a74ce-29f4-4529-a61e-d19364982af3] Receive server push request, request = NotifySubscriberRequest, requestId = 73
13:53:48.762 [nacos-grpc-client-executor-9] INFO  c.a.n.c.r.client - [printIfInfoEnabled,60] - [e87a74ce-29f4-4529-a61e-d19364982af3] Ack server push request, request = NotifySubscriberRequest, requestId = 73
13:53:50.504 [main] INFO  c.c.s.CMSSystemApplication - [logStarted,61] - Started CMSSystemApplication in 14.729 seconds (JVM running for 16.216)
13:53:50.514 [main] INFO  c.a.c.n.r.NacosContextRefresher - [registerNacosListener,129] - [Nacos Config] Listening config: dataId=cms-system, group=DEFAULT_GROUP
13:53:50.515 [main] INFO  c.a.c.n.r.NacosContextRefresher - [registerNacosListener,129] - [Nacos Config] Listening config: dataId=cms-system.yml, group=DEFAULT_GROUP
13:53:50.517 [main] INFO  c.a.c.n.r.NacosContextRefresher - [registerNacosListener,129] - [Nacos Config] Listening config: dataId=cms-system-dev.yml, group=DEFAULT_GROUP
13:53:50.728 [RMI TCP Connection(1)-127.0.0.1] INFO  o.a.c.c.C.[.[.[/] - [log,173] - Initializing Spring DispatcherServlet 'dispatcherServlet'
