01:17:39.627 [SpringApplicationShutdownHook] INFO  c.a.c.n.r.NacosServiceRegistry - [deregister,94] - De-registering from Nacos Server now...
01:17:39.635 [SpringApplicationShutdownHook] INFO  c.a.c.n.r.NacosServiceRegistry - [deregister,114] - De-registration finished.
01:17:39.981 [SpringApplicationShutdownHook] INFO  c.a.n.c.r.client - [shutdown,454] - Shutdown rpc client, set status to shutdown
01:17:39.982 [SpringApplicationShutdownHook] INFO  c.a.n.c.r.client - [shutdown,456] - Shutdown client event executor java.util.concurrent.ScheduledThreadPoolExecutor@29917e53[Running, pool size = 2, active threads = 2, queued tasks = 0, completed tasks = 0]
01:17:39.982 [SpringApplicationShutdownHook] INFO  c.a.n.c.r.client - [closeConnection,591] - Close current connection 1684579771443_127.0.0.1_50889
01:17:39.984 [nacos-grpc-client-executor-4938] INFO  c.a.n.c.r.c.g.GrpcClient - [printIfInfoEnabled,60] - [1684579771443_127.0.0.1_50889]Ignore complete event,isRunning:false,isAbandon=false
01:17:39.992 [SpringApplicationShutdownHook] INFO  c.a.n.c.r.c.g.GrpcClient - [shutdown,85] - Shutdown grpc executor java.util.concurrent.ThreadPoolExecutor@d64fb7b[Running, pool size = 5, active threads = 0, queued tasks = 0, completed tasks = 4939]
01:17:40.150 [SpringApplicationShutdownHook] INFO  c.b.d.d.DynamicRoutingDataSource - [destroy,211] - dynamic-datasource start closing ....
01:17:40.155 [SpringApplicationShutdownHook] INFO  c.a.d.p.DruidDataSource - [close,2138] - {dataSource-1} closing ...
01:17:40.165 [SpringApplicationShutdownHook] INFO  c.a.d.p.DruidDataSource - [close,2211] - {dataSource-1} closed
01:17:40.165 [SpringApplicationShutdownHook] INFO  c.b.d.d.DynamicRoutingDataSource - [destroy,215] - dynamic-datasource all closed success,bye
01:17:48.898 [background-preinit] INFO  o.h.v.i.util.Version - [<clinit>,21] - HV000001: Hibernate Validator 6.2.5.Final
01:17:49.471 [main] INFO  c.a.n.c.r.client - [lambda$createClient$0,80] - [RpcClientFactory] create a new rpc client of ec2ab1b0-ffcb-48ed-98f1-4656d3402ea2_config-0
01:17:49.523 [main] INFO  o.r.Reflections - [scan,232] - Reflections took 37 ms to scan 1 urls, producing 3 keys and 6 values 
01:17:49.555 [main] INFO  o.r.Reflections - [scan,232] - Reflections took 16 ms to scan 1 urls, producing 4 keys and 9 values 
01:17:49.572 [main] INFO  o.r.Reflections - [scan,232] - Reflections took 14 ms to scan 1 urls, producing 3 keys and 10 values 
01:17:49.596 [main] INFO  o.r.Reflections - [scan,232] - Reflections took 19 ms to scan 1 urls, producing 1 keys and 5 values 
01:17:49.617 [main] INFO  o.r.Reflections - [scan,232] - Reflections took 18 ms to scan 1 urls, producing 1 keys and 7 values 
01:17:49.647 [main] INFO  o.r.Reflections - [scan,232] - Reflections took 26 ms to scan 1 urls, producing 2 keys and 8 values 
01:17:49.650 [main] INFO  c.a.n.c.r.client - [printIfInfoEnabled,60] - [ec2ab1b0-ffcb-48ed-98f1-4656d3402ea2_config-0] RpcClient init label, labels = {module=config, Vipserver-Tag=null, source=sdk, Amory-Tag=null, Location-Tag=null, taskId=0, AppName=unknown}
01:17:49.651 [main] INFO  c.a.n.c.r.client - [printIfInfoEnabled,60] - [ec2ab1b0-ffcb-48ed-98f1-4656d3402ea2_config-0] Register server push request handler:com.alibaba.nacos.client.config.impl.ClientWorker$ConfigRpcTransportClient$$Lambda$468/0x0000000800f3c990
01:17:49.652 [main] INFO  c.a.n.c.r.client - [printIfInfoEnabled,60] - [ec2ab1b0-ffcb-48ed-98f1-4656d3402ea2_config-0] Register server push request handler:com.alibaba.nacos.client.config.impl.ClientWorker$ConfigRpcTransportClient$$Lambda$469/0x0000000800f3cbb8
01:17:49.653 [main] INFO  c.a.n.c.r.client - [printIfInfoEnabled,60] - [ec2ab1b0-ffcb-48ed-98f1-4656d3402ea2_config-0] Registry connection listener to current client:com.alibaba.nacos.client.config.impl.ClientWorker$ConfigRpcTransportClient$1
01:17:49.653 [main] INFO  c.a.n.c.r.client - [printIfInfoEnabled,60] - [ec2ab1b0-ffcb-48ed-98f1-4656d3402ea2_config-0] RpcClient init, ServerListFactory = com.alibaba.nacos.client.config.impl.ClientWorker$ConfigRpcTransportClient$2
01:17:49.663 [main] INFO  c.a.n.c.r.client - [printIfInfoEnabled,60] - [ec2ab1b0-ffcb-48ed-98f1-4656d3402ea2_config-0] Try to connect to server on start up, server: {serverIp = '127.0.0.1', server main port = 8848}
01:17:50.262 [main] INFO  c.a.n.c.r.client - [printIfInfoEnabled,60] - [ec2ab1b0-ffcb-48ed-98f1-4656d3402ea2_config-0] Success to connect to server [127.0.0.1:8848] on start up, connectionId = 1684603070075_127.0.0.1_59947
01:17:50.263 [main] INFO  c.a.n.c.r.client - [printIfInfoEnabled,60] - [ec2ab1b0-ffcb-48ed-98f1-4656d3402ea2_config-0] Register server push request handler:com.alibaba.nacos.common.remote.client.RpcClient$ConnectResetRequestHandler
01:17:50.263 [com.alibaba.nacos.client.remote.worker] INFO  c.a.n.c.r.client - [printIfInfoEnabled,60] - [ec2ab1b0-ffcb-48ed-98f1-4656d3402ea2_config-0] Notify connected event to listeners.
01:17:50.263 [main] INFO  c.a.n.c.r.client - [printIfInfoEnabled,60] - [ec2ab1b0-ffcb-48ed-98f1-4656d3402ea2_config-0] Register server push request handler:com.alibaba.nacos.common.remote.client.RpcClient$$Lambda$480/0x000000080103d7d8
01:17:50.367 [main] INFO  c.c.s.RuoYiSystemApplication - [logStartupProfileInfo,637] - The following 1 profile is active: "dev"
01:17:55.374 [main] INFO  o.a.c.h.Http11NioProtocol - [log,173] - Initializing ProtocolHandler ["http-nio-9201"]
01:17:55.376 [main] INFO  o.a.c.c.StandardService - [log,173] - Starting service [Tomcat]
01:17:55.379 [main] INFO  o.a.c.c.StandardEngine - [log,173] - Starting Servlet engine: [Apache Tomcat/9.0.70]
01:17:55.794 [main] INFO  o.a.c.c.C.[.[.[/] - [log,173] - Initializing Spring embedded WebApplicationContext
01:17:56.939 [main] INFO  c.a.d.p.DruidDataSource - [init,996] - {dataSource-1,master} inited
01:17:56.940 [main] INFO  c.b.d.d.DynamicRoutingDataSource - [addDataSource,154] - dynamic-datasource - add a datasource named [master] success
01:17:56.941 [main] INFO  c.b.d.d.DynamicRoutingDataSource - [afterPropertiesSet,234] - dynamic-datasource initial loaded [1] datasource,primary datasource named [master]
01:18:02.570 [main] INFO  c.a.c.s.SentinelWebMvcConfigurer - [addInterceptors,52] - [Sentinel Starter] register SentinelWebInterceptor with urlPatterns: [/**].
01:18:05.780 [main] INFO  c.a.n.c.r.client - [lambda$createClient$0,80] - [RpcClientFactory] create a new rpc client of ad4f2a94-d73f-4c03-8a3c-b2b882f55ec2
01:18:05.780 [main] INFO  c.a.n.c.r.client - [printIfInfoEnabled,60] - [ad4f2a94-d73f-4c03-8a3c-b2b882f55ec2] RpcClient init label, labels = {module=naming, source=sdk}
01:18:05.782 [main] INFO  c.a.n.c.r.client - [printIfInfoEnabled,60] - [ad4f2a94-d73f-4c03-8a3c-b2b882f55ec2] RpcClient init, ServerListFactory = com.alibaba.nacos.client.naming.core.ServerListManager
01:18:05.782 [main] INFO  c.a.n.c.r.client - [printIfInfoEnabled,60] - [ad4f2a94-d73f-4c03-8a3c-b2b882f55ec2] Registry connection listener to current client:com.alibaba.nacos.client.naming.remote.gprc.redo.NamingGrpcRedoService
01:18:05.783 [main] INFO  c.a.n.c.r.client - [printIfInfoEnabled,60] - [ad4f2a94-d73f-4c03-8a3c-b2b882f55ec2] Register server push request handler:com.alibaba.nacos.client.naming.remote.gprc.NamingPushRequestHandler
01:18:05.783 [main] INFO  c.a.n.c.r.client - [printIfInfoEnabled,60] - [ad4f2a94-d73f-4c03-8a3c-b2b882f55ec2] Try to connect to server on start up, server: {serverIp = '127.0.0.1', server main port = 8848}
01:18:05.917 [main] INFO  c.a.n.c.r.client - [printIfInfoEnabled,60] - [ad4f2a94-d73f-4c03-8a3c-b2b882f55ec2] Success to connect to server [127.0.0.1:8848] on start up, connectionId = 1684603085800_127.0.0.1_60007
01:18:05.918 [com.alibaba.nacos.client.remote.worker] INFO  c.a.n.c.r.client - [printIfInfoEnabled,60] - [ad4f2a94-d73f-4c03-8a3c-b2b882f55ec2] Notify connected event to listeners.
01:18:05.918 [main] INFO  c.a.n.c.r.client - [printIfInfoEnabled,60] - [ad4f2a94-d73f-4c03-8a3c-b2b882f55ec2] Register server push request handler:com.alibaba.nacos.common.remote.client.RpcClient$ConnectResetRequestHandler
01:18:05.918 [main] INFO  c.a.n.c.r.client - [printIfInfoEnabled,60] - [ad4f2a94-d73f-4c03-8a3c-b2b882f55ec2] Register server push request handler:com.alibaba.nacos.common.remote.client.RpcClient$$Lambda$480/0x000000080103d7d8
01:18:05.954 [main] INFO  o.a.c.h.Http11NioProtocol - [log,173] - Starting ProtocolHandler ["http-nio-9201"]
01:18:05.998 [main] INFO  c.a.c.n.r.NacosServiceRegistry - [register,75] - nacos registry, DEFAULT_GROUP cms-system 192.168.1.4:9201 register finished
01:18:06.544 [nacos-grpc-client-executor-8] INFO  c.a.n.c.r.client - [printIfInfoEnabled,60] - [ad4f2a94-d73f-4c03-8a3c-b2b882f55ec2] Receive server push request, request = NotifySubscriberRequest, requestId = 60
01:18:06.549 [nacos-grpc-client-executor-8] INFO  c.a.n.c.r.client - [printIfInfoEnabled,60] - [ad4f2a94-d73f-4c03-8a3c-b2b882f55ec2] Ack server push request, request = NotifySubscriberRequest, requestId = 60
01:18:09.055 [main] INFO  c.c.s.RuoYiSystemApplication - [logStarted,61] - Started RuoYiSystemApplication in 20.928 seconds (JVM running for 21.896)
01:18:09.064 [main] INFO  c.a.c.n.r.NacosContextRefresher - [registerNacosListener,129] - [Nacos Config] Listening config: dataId=cms-system, group=DEFAULT_GROUP
01:18:09.065 [main] INFO  c.a.c.n.r.NacosContextRefresher - [registerNacosListener,129] - [Nacos Config] Listening config: dataId=cms-system.yml, group=DEFAULT_GROUP
01:18:09.066 [main] INFO  c.a.c.n.r.NacosContextRefresher - [registerNacosListener,129] - [Nacos Config] Listening config: dataId=cms-system-dev.yml, group=DEFAULT_GROUP
01:18:09.371 [RMI TCP Connection(10)-192.168.1.4] INFO  o.a.c.c.C.[.[.[/] - [log,173] - Initializing Spring DispatcherServlet 'dispatcherServlet'
21:33:45.887 [SpringApplicationShutdownHook] INFO  c.a.c.n.r.NacosServiceRegistry - [deregister,94] - De-registering from Nacos Server now...
21:33:45.914 [SpringApplicationShutdownHook] INFO  c.a.c.n.r.NacosServiceRegistry - [deregister,114] - De-registration finished.
21:33:46.241 [SpringApplicationShutdownHook] INFO  c.a.n.c.r.client - [shutdown,454] - Shutdown rpc client, set status to shutdown
21:33:46.242 [SpringApplicationShutdownHook] INFO  c.a.n.c.r.client - [shutdown,456] - Shutdown client event executor java.util.concurrent.ScheduledThreadPoolExecutor@4c3c00ad[Running, pool size = 2, active threads = 2, queued tasks = 0, completed tasks = 0]
21:33:46.243 [SpringApplicationShutdownHook] INFO  c.a.n.c.r.client - [closeConnection,591] - Close current connection 1684603085800_127.0.0.1_60007
21:33:46.256 [nacos-grpc-client-executor-13595] INFO  c.a.n.c.r.c.g.GrpcClient - [printIfInfoEnabled,60] - [1684603085800_127.0.0.1_60007]Ignore complete event,isRunning:false,isAbandon=false
21:33:46.275 [SpringApplicationShutdownHook] INFO  c.a.n.c.r.c.g.GrpcClient - [shutdown,85] - Shutdown grpc executor java.util.concurrent.ThreadPoolExecutor@3130a412[Running, pool size = 5, active threads = 0, queued tasks = 0, completed tasks = 13596]
21:33:46.483 [SpringApplicationShutdownHook] INFO  c.b.d.d.DynamicRoutingDataSource - [destroy,211] - dynamic-datasource start closing ....
21:33:46.496 [SpringApplicationShutdownHook] INFO  c.a.d.p.DruidDataSource - [close,2138] - {dataSource-1} closing ...
21:33:46.506 [SpringApplicationShutdownHook] INFO  c.a.d.p.DruidDataSource - [close,2211] - {dataSource-1} closed
21:33:46.506 [SpringApplicationShutdownHook] INFO  c.b.d.d.DynamicRoutingDataSource - [destroy,215] - dynamic-datasource all closed success,bye
21:33:54.189 [background-preinit] INFO  o.h.v.i.util.Version - [<clinit>,21] - HV000001: Hibernate Validator 6.2.5.Final
21:33:54.852 [main] INFO  c.a.n.c.r.client - [lambda$createClient$0,80] - [RpcClientFactory] create a new rpc client of 73d6ef9a-d586-4589-b08b-81df0c6c09f1_config-0
21:33:54.899 [main] INFO  o.r.Reflections - [scan,232] - Reflections took 28 ms to scan 1 urls, producing 3 keys and 6 values 
21:33:54.927 [main] INFO  o.r.Reflections - [scan,232] - Reflections took 14 ms to scan 1 urls, producing 4 keys and 9 values 
21:33:54.942 [main] INFO  o.r.Reflections - [scan,232] - Reflections took 13 ms to scan 1 urls, producing 3 keys and 10 values 
21:33:54.958 [main] INFO  o.r.Reflections - [scan,232] - Reflections took 13 ms to scan 1 urls, producing 1 keys and 5 values 
21:33:54.974 [main] INFO  o.r.Reflections - [scan,232] - Reflections took 13 ms to scan 1 urls, producing 1 keys and 7 values 
21:33:54.988 [main] INFO  o.r.Reflections - [scan,232] - Reflections took 12 ms to scan 1 urls, producing 2 keys and 8 values 
21:33:54.991 [main] INFO  c.a.n.c.r.client - [printIfInfoEnabled,60] - [73d6ef9a-d586-4589-b08b-81df0c6c09f1_config-0] RpcClient init label, labels = {module=config, Vipserver-Tag=null, source=sdk, Amory-Tag=null, Location-Tag=null, taskId=0, AppName=unknown}
21:33:54.991 [main] INFO  c.a.n.c.r.client - [printIfInfoEnabled,60] - [73d6ef9a-d586-4589-b08b-81df0c6c09f1_config-0] Register server push request handler:com.alibaba.nacos.client.config.impl.ClientWorker$ConfigRpcTransportClient$$Lambda$468/0x0000000800f3cc28
21:33:54.992 [main] INFO  c.a.n.c.r.client - [printIfInfoEnabled,60] - [73d6ef9a-d586-4589-b08b-81df0c6c09f1_config-0] Register server push request handler:com.alibaba.nacos.client.config.impl.ClientWorker$ConfigRpcTransportClient$$Lambda$469/0x0000000800f3ce50
21:33:54.992 [main] INFO  c.a.n.c.r.client - [printIfInfoEnabled,60] - [73d6ef9a-d586-4589-b08b-81df0c6c09f1_config-0] Registry connection listener to current client:com.alibaba.nacos.client.config.impl.ClientWorker$ConfigRpcTransportClient$1
21:33:54.992 [main] INFO  c.a.n.c.r.client - [printIfInfoEnabled,60] - [73d6ef9a-d586-4589-b08b-81df0c6c09f1_config-0] RpcClient init, ServerListFactory = com.alibaba.nacos.client.config.impl.ClientWorker$ConfigRpcTransportClient$2
21:33:54.999 [main] INFO  c.a.n.c.r.client - [printIfInfoEnabled,60] - [73d6ef9a-d586-4589-b08b-81df0c6c09f1_config-0] Try to connect to server on start up, server: {serverIp = '127.0.0.1', server main port = 8848}
21:33:55.543 [main] INFO  c.a.n.c.r.client - [printIfInfoEnabled,60] - [73d6ef9a-d586-4589-b08b-81df0c6c09f1_config-0] Success to connect to server [127.0.0.1:8848] on start up, connectionId = 1684676035360_127.0.0.1_63740
21:33:55.544 [com.alibaba.nacos.client.remote.worker] INFO  c.a.n.c.r.client - [printIfInfoEnabled,60] - [73d6ef9a-d586-4589-b08b-81df0c6c09f1_config-0] Notify connected event to listeners.
21:33:55.544 [main] INFO  c.a.n.c.r.client - [printIfInfoEnabled,60] - [73d6ef9a-d586-4589-b08b-81df0c6c09f1_config-0] Register server push request handler:com.alibaba.nacos.common.remote.client.RpcClient$ConnectResetRequestHandler
21:33:55.545 [main] INFO  c.a.n.c.r.client - [printIfInfoEnabled,60] - [73d6ef9a-d586-4589-b08b-81df0c6c09f1_config-0] Register server push request handler:com.alibaba.nacos.common.remote.client.RpcClient$$Lambda$480/0x000000080103d7d8
21:33:55.621 [main] INFO  c.c.s.RuoYiSystemApplication - [logStartupProfileInfo,637] - The following 1 profile is active: "dev"
21:33:57.960 [main] INFO  o.a.c.h.Http11NioProtocol - [log,173] - Initializing ProtocolHandler ["http-nio-9201"]
21:33:57.960 [main] INFO  o.a.c.c.StandardService - [log,173] - Starting service [Tomcat]
21:33:57.961 [main] INFO  o.a.c.c.StandardEngine - [log,173] - Starting Servlet engine: [Apache Tomcat/9.0.70]
21:33:58.090 [main] INFO  o.a.c.c.C.[.[.[/] - [log,173] - Initializing Spring embedded WebApplicationContext
21:33:58.680 [main] INFO  c.a.d.p.DruidDataSource - [init,996] - {dataSource-1,master} inited
21:33:58.681 [main] INFO  c.b.d.d.DynamicRoutingDataSource - [addDataSource,154] - dynamic-datasource - add a datasource named [master] success
21:33:58.681 [main] INFO  c.b.d.d.DynamicRoutingDataSource - [afterPropertiesSet,234] - dynamic-datasource initial loaded [1] datasource,primary datasource named [master]
21:34:02.854 [main] INFO  c.a.c.s.SentinelWebMvcConfigurer - [addInterceptors,52] - [Sentinel Starter] register SentinelWebInterceptor with urlPatterns: [/**].
21:34:05.348 [main] INFO  c.a.n.c.r.client - [lambda$createClient$0,80] - [RpcClientFactory] create a new rpc client of 839e8599-3b78-4460-9356-3b2f46d06e53
21:34:05.348 [main] INFO  c.a.n.c.r.client - [printIfInfoEnabled,60] - [839e8599-3b78-4460-9356-3b2f46d06e53] RpcClient init label, labels = {module=naming, source=sdk}
21:34:05.350 [main] INFO  c.a.n.c.r.client - [printIfInfoEnabled,60] - [839e8599-3b78-4460-9356-3b2f46d06e53] RpcClient init, ServerListFactory = com.alibaba.nacos.client.naming.core.ServerListManager
21:34:05.351 [main] INFO  c.a.n.c.r.client - [printIfInfoEnabled,60] - [839e8599-3b78-4460-9356-3b2f46d06e53] Registry connection listener to current client:com.alibaba.nacos.client.naming.remote.gprc.redo.NamingGrpcRedoService
21:34:05.351 [main] INFO  c.a.n.c.r.client - [printIfInfoEnabled,60] - [839e8599-3b78-4460-9356-3b2f46d06e53] Register server push request handler:com.alibaba.nacos.client.naming.remote.gprc.NamingPushRequestHandler
21:34:05.352 [main] INFO  c.a.n.c.r.client - [printIfInfoEnabled,60] - [839e8599-3b78-4460-9356-3b2f46d06e53] Try to connect to server on start up, server: {serverIp = '127.0.0.1', server main port = 8848}
21:34:05.502 [main] INFO  c.a.n.c.r.client - [printIfInfoEnabled,60] - [839e8599-3b78-4460-9356-3b2f46d06e53] Success to connect to server [127.0.0.1:8848] on start up, connectionId = 1684676045367_127.0.0.1_63767
21:34:05.505 [com.alibaba.nacos.client.remote.worker] INFO  c.a.n.c.r.client - [printIfInfoEnabled,60] - [839e8599-3b78-4460-9356-3b2f46d06e53] Notify connected event to listeners.
21:34:05.505 [main] INFO  c.a.n.c.r.client - [printIfInfoEnabled,60] - [839e8599-3b78-4460-9356-3b2f46d06e53] Register server push request handler:com.alibaba.nacos.common.remote.client.RpcClient$ConnectResetRequestHandler
21:34:05.505 [main] INFO  c.a.n.c.r.client - [printIfInfoEnabled,60] - [839e8599-3b78-4460-9356-3b2f46d06e53] Register server push request handler:com.alibaba.nacos.common.remote.client.RpcClient$$Lambda$480/0x000000080103d7d8
21:34:05.559 [main] INFO  o.a.c.h.Http11NioProtocol - [log,173] - Starting ProtocolHandler ["http-nio-9201"]
21:34:05.589 [main] INFO  c.a.c.n.r.NacosServiceRegistry - [register,75] - nacos registry, DEFAULT_GROUP cms-system 192.168.1.4:9201 register finished
21:34:06.035 [nacos-grpc-client-executor-9] INFO  c.a.n.c.r.client - [printIfInfoEnabled,60] - [839e8599-3b78-4460-9356-3b2f46d06e53] Receive server push request, request = NotifySubscriberRequest, requestId = 83
21:34:06.042 [nacos-grpc-client-executor-9] INFO  c.a.n.c.r.client - [printIfInfoEnabled,60] - [839e8599-3b78-4460-9356-3b2f46d06e53] Ack server push request, request = NotifySubscriberRequest, requestId = 83
21:34:08.285 [main] INFO  c.c.s.RuoYiSystemApplication - [logStarted,61] - Started RuoYiSystemApplication in 14.929 seconds (JVM running for 15.73)
21:34:08.302 [main] INFO  c.a.c.n.r.NacosContextRefresher - [registerNacosListener,129] - [Nacos Config] Listening config: dataId=cms-system, group=DEFAULT_GROUP
21:34:08.303 [main] INFO  c.a.c.n.r.NacosContextRefresher - [registerNacosListener,129] - [Nacos Config] Listening config: dataId=cms-system.yml, group=DEFAULT_GROUP
21:34:08.304 [main] INFO  c.a.c.n.r.NacosContextRefresher - [registerNacosListener,129] - [Nacos Config] Listening config: dataId=cms-system-dev.yml, group=DEFAULT_GROUP
21:34:08.376 [RMI TCP Connection(14)-192.168.1.4] INFO  o.a.c.c.C.[.[.[/] - [log,173] - Initializing Spring DispatcherServlet 'dispatcherServlet'
