23:31:17.614 [SpringApplicationShutdownHook] INFO  c.a.c.n.r.NacosServiceRegistry - [deregister,94] - De-registering from Nacos Server now...
23:31:17.620 [SpringApplicationShutdownHook] INFO  c.a.c.n.r.NacosServiceRegistry - [deregister,114] - De-registration finished.
23:31:17.933 [SpringApplicationShutdownHook] INFO  c.a.n.c.r.client - [shutdown,454] - Shutdown rpc client, set status to shutdown
23:31:17.933 [SpringApplicationShutdownHook] INFO  c.a.n.c.r.client - [shutdown,456] - Shutdown client event executor java.util.concurrent.ScheduledThreadPoolExecutor@6d5ff368[Running, pool size = 2, active threads = 2, queued tasks = 0, completed tasks = 0]
23:31:17.934 [SpringApplicationShutdownHook] INFO  c.a.n.c.r.client - [closeConnection,591] - Close current connection 1685667616886_127.0.0.1_51997
23:31:17.936 [nacos-grpc-client-executor-769] INFO  c.a.n.c.r.c.g.GrpcClient - [printIfInfoEnabled,60] - [1685667616886_127.0.0.1_51997]Ignore complete event,isRunning:false,isAbandon=false
23:31:17.941 [SpringApplicationShutdownHook] INFO  c.a.n.c.r.c.g.GrpcClient - [shutdown,85] - Shutdown grpc executor java.util.concurrent.ThreadPoolExecutor@21bdc1dd[Running, pool size = 5, active threads = 0, queued tasks = 0, completed tasks = 770]
23:31:18.098 [SpringApplicationShutdownHook] INFO  c.b.d.d.DynamicRoutingDataSource - [destroy,211] - dynamic-datasource start closing ....
23:31:18.104 [SpringApplicationShutdownHook] INFO  c.a.d.p.DruidDataSource - [close,2138] - {dataSource-1} closing ...
23:31:18.106 [SpringApplicationShutdownHook] INFO  c.a.d.p.DruidDataSource - [close,2211] - {dataSource-1} closed
23:31:18.106 [SpringApplicationShutdownHook] INFO  c.b.d.d.DynamicRoutingDataSource - [destroy,215] - dynamic-datasource all closed success,bye
23:31:38.013 [background-preinit] INFO  o.h.v.i.util.Version - [<clinit>,21] - HV000001: Hibernate Validator 6.2.5.Final
23:31:38.713 [main] INFO  c.a.n.c.r.client - [lambda$createClient$0,80] - [RpcClientFactory] create a new rpc client of 6293c2ce-88ed-4ca6-9c61-a3a4b1becef4_config-0
23:31:38.765 [main] INFO  o.r.Reflections - [scan,232] - Reflections took 33 ms to scan 1 urls, producing 3 keys and 6 values 
23:31:38.803 [main] INFO  o.r.Reflections - [scan,232] - Reflections took 21 ms to scan 1 urls, producing 4 keys and 9 values 
23:31:38.824 [main] INFO  o.r.Reflections - [scan,232] - Reflections took 18 ms to scan 1 urls, producing 3 keys and 10 values 
23:31:38.846 [main] INFO  o.r.Reflections - [scan,232] - Reflections took 17 ms to scan 1 urls, producing 1 keys and 5 values 
23:31:38.875 [main] INFO  o.r.Reflections - [scan,232] - Reflections took 26 ms to scan 1 urls, producing 1 keys and 7 values 
23:31:38.892 [main] INFO  o.r.Reflections - [scan,232] - Reflections took 14 ms to scan 1 urls, producing 2 keys and 8 values 
23:31:38.896 [main] INFO  c.a.n.c.r.client - [printIfInfoEnabled,60] - [6293c2ce-88ed-4ca6-9c61-a3a4b1becef4_config-0] RpcClient init label, labels = {module=config, Vipserver-Tag=null, source=sdk, Amory-Tag=null, Location-Tag=null, taskId=0, AppName=unknown}
23:31:38.899 [main] INFO  c.a.n.c.r.client - [printIfInfoEnabled,60] - [6293c2ce-88ed-4ca6-9c61-a3a4b1becef4_config-0] Register server push request handler:com.alibaba.nacos.client.config.impl.ClientWorker$ConfigRpcTransportClient$$Lambda$468/0x0000000800f1d100
23:31:38.900 [main] INFO  c.a.n.c.r.client - [printIfInfoEnabled,60] - [6293c2ce-88ed-4ca6-9c61-a3a4b1becef4_config-0] Register server push request handler:com.alibaba.nacos.client.config.impl.ClientWorker$ConfigRpcTransportClient$$Lambda$469/0x0000000800f1d328
23:31:38.900 [main] INFO  c.a.n.c.r.client - [printIfInfoEnabled,60] - [6293c2ce-88ed-4ca6-9c61-a3a4b1becef4_config-0] Registry connection listener to current client:com.alibaba.nacos.client.config.impl.ClientWorker$ConfigRpcTransportClient$1
23:31:38.902 [main] INFO  c.a.n.c.r.client - [printIfInfoEnabled,60] - [6293c2ce-88ed-4ca6-9c61-a3a4b1becef4_config-0] RpcClient init, ServerListFactory = com.alibaba.nacos.client.config.impl.ClientWorker$ConfigRpcTransportClient$2
23:31:38.915 [main] INFO  c.a.n.c.r.client - [printIfInfoEnabled,60] - [6293c2ce-88ed-4ca6-9c61-a3a4b1becef4_config-0] Try to connect to server on start up, server: {serverIp = '127.0.0.1', server main port = 8848}
23:31:39.681 [main] INFO  c.a.n.c.r.client - [printIfInfoEnabled,60] - [6293c2ce-88ed-4ca6-9c61-a3a4b1becef4_config-0] Success to connect to server [127.0.0.1:8848] on start up, connectionId = 1685806299458_127.0.0.1_54729
23:31:39.682 [com.alibaba.nacos.client.remote.worker] INFO  c.a.n.c.r.client - [printIfInfoEnabled,60] - [6293c2ce-88ed-4ca6-9c61-a3a4b1becef4_config-0] Notify connected event to listeners.
23:31:39.682 [main] INFO  c.a.n.c.r.client - [printIfInfoEnabled,60] - [6293c2ce-88ed-4ca6-9c61-a3a4b1becef4_config-0] Register server push request handler:com.alibaba.nacos.common.remote.client.RpcClient$ConnectResetRequestHandler
23:31:39.682 [main] INFO  c.a.n.c.r.client - [printIfInfoEnabled,60] - [6293c2ce-88ed-4ca6-9c61-a3a4b1becef4_config-0] Register server push request handler:com.alibaba.nacos.common.remote.client.RpcClient$$Lambda$480/0x0000000801024db0
23:31:39.815 [main] INFO  c.c.s.CMSSystemApplication - [logStartupProfileInfo,637] - The following 1 profile is active: "dev"
23:31:44.243 [main] INFO  o.a.c.h.Http11NioProtocol - [log,173] - Initializing ProtocolHandler ["http-nio-9201"]
23:31:44.244 [main] INFO  o.a.c.c.StandardService - [log,173] - Starting service [Tomcat]
23:31:44.244 [main] INFO  o.a.c.c.StandardEngine - [log,173] - Starting Servlet engine: [Apache Tomcat/9.0.70]
23:31:44.364 [main] INFO  o.a.c.c.C.[.[.[/] - [log,173] - Initializing Spring embedded WebApplicationContext
23:31:44.927 [main] INFO  c.a.d.p.DruidDataSource - [init,996] - {dataSource-1,master} inited
23:31:44.928 [main] INFO  c.b.d.d.DynamicRoutingDataSource - [addDataSource,154] - dynamic-datasource - add a datasource named [master] success
23:31:44.928 [main] INFO  c.b.d.d.DynamicRoutingDataSource - [afterPropertiesSet,234] - dynamic-datasource initial loaded [1] datasource,primary datasource named [master]
23:31:47.738 [main] INFO  c.a.c.s.SentinelWebMvcConfigurer - [addInterceptors,52] - [Sentinel Starter] register SentinelWebInterceptor with urlPatterns: [/**].
23:31:49.357 [main] INFO  c.a.n.c.r.client - [lambda$createClient$0,80] - [RpcClientFactory] create a new rpc client of 83a8e4ef-5c3c-4e8d-9986-aff22b0eaae5
23:31:49.359 [main] INFO  c.a.n.c.r.client - [printIfInfoEnabled,60] - [83a8e4ef-5c3c-4e8d-9986-aff22b0eaae5] RpcClient init label, labels = {module=naming, source=sdk}
23:31:49.361 [main] INFO  c.a.n.c.r.client - [printIfInfoEnabled,60] - [83a8e4ef-5c3c-4e8d-9986-aff22b0eaae5] RpcClient init, ServerListFactory = com.alibaba.nacos.client.naming.core.ServerListManager
23:31:49.361 [main] INFO  c.a.n.c.r.client - [printIfInfoEnabled,60] - [83a8e4ef-5c3c-4e8d-9986-aff22b0eaae5] Registry connection listener to current client:com.alibaba.nacos.client.naming.remote.gprc.redo.NamingGrpcRedoService
23:31:49.361 [main] INFO  c.a.n.c.r.client - [printIfInfoEnabled,60] - [83a8e4ef-5c3c-4e8d-9986-aff22b0eaae5] Register server push request handler:com.alibaba.nacos.client.naming.remote.gprc.NamingPushRequestHandler
23:31:49.362 [main] INFO  c.a.n.c.r.client - [printIfInfoEnabled,60] - [83a8e4ef-5c3c-4e8d-9986-aff22b0eaae5] Try to connect to server on start up, server: {serverIp = '127.0.0.1', server main port = 8848}
23:31:49.494 [main] INFO  c.a.n.c.r.client - [printIfInfoEnabled,60] - [83a8e4ef-5c3c-4e8d-9986-aff22b0eaae5] Success to connect to server [127.0.0.1:8848] on start up, connectionId = 1685806309375_127.0.0.1_54775
23:31:49.495 [main] INFO  c.a.n.c.r.client - [printIfInfoEnabled,60] - [83a8e4ef-5c3c-4e8d-9986-aff22b0eaae5] Register server push request handler:com.alibaba.nacos.common.remote.client.RpcClient$ConnectResetRequestHandler
23:31:49.495 [com.alibaba.nacos.client.remote.worker] INFO  c.a.n.c.r.client - [printIfInfoEnabled,60] - [83a8e4ef-5c3c-4e8d-9986-aff22b0eaae5] Notify connected event to listeners.
23:31:49.495 [main] INFO  c.a.n.c.r.client - [printIfInfoEnabled,60] - [83a8e4ef-5c3c-4e8d-9986-aff22b0eaae5] Register server push request handler:com.alibaba.nacos.common.remote.client.RpcClient$$Lambda$480/0x0000000801024db0
23:31:49.521 [main] INFO  o.a.c.h.Http11NioProtocol - [log,173] - Starting ProtocolHandler ["http-nio-9201"]
23:31:49.538 [main] INFO  c.a.c.n.r.NacosServiceRegistry - [register,75] - nacos registry, DEFAULT_GROUP cms-system 192.168.1.3:9201 register finished
23:31:50.030 [nacos-grpc-client-executor-9] INFO  c.a.n.c.r.client - [printIfInfoEnabled,60] - [83a8e4ef-5c3c-4e8d-9986-aff22b0eaae5] Receive server push request, request = NotifySubscriberRequest, requestId = 180
23:31:50.033 [nacos-grpc-client-executor-9] INFO  c.a.n.c.r.client - [printIfInfoEnabled,60] - [83a8e4ef-5c3c-4e8d-9986-aff22b0eaae5] Ack server push request, request = NotifySubscriberRequest, requestId = 180
23:31:51.052 [main] INFO  c.c.s.CMSSystemApplication - [logStarted,61] - Started CMSSystemApplication in 13.862 seconds (JVM running for 15.145)
23:31:51.060 [main] INFO  c.a.c.n.r.NacosContextRefresher - [registerNacosListener,129] - [Nacos Config] Listening config: dataId=cms-system, group=DEFAULT_GROUP
23:31:51.061 [main] INFO  c.a.c.n.r.NacosContextRefresher - [registerNacosListener,129] - [Nacos Config] Listening config: dataId=cms-system.yml, group=DEFAULT_GROUP
23:31:51.067 [main] INFO  c.a.c.n.r.NacosContextRefresher - [registerNacosListener,129] - [Nacos Config] Listening config: dataId=cms-system-dev.yml, group=DEFAULT_GROUP
23:31:51.223 [RMI TCP Connection(7)-192.168.1.3] INFO  o.a.c.c.C.[.[.[/] - [log,173] - Initializing Spring DispatcherServlet 'dispatcherServlet'
