18:30:24.582 [background-preinit] INFO  o.h.v.i.util.Version - [<clinit>,21] - HV000001: Hibernate Validator 6.2.5.Final
18:30:25.006 [main] INFO  c.a.n.c.r.client - [lambda$createClient$0,80] - [RpcClientFactory] create a new rpc client of 753722d0-3686-41a2-ac29-4b27e185c584_config-0
18:30:25.059 [main] INFO  o.r.Reflections - [scan,232] - Reflections took 27 ms to scan 1 urls, producing 3 keys and 6 values 
18:30:25.090 [main] INFO  o.r.Reflections - [scan,232] - Reflections took 12 ms to scan 1 urls, producing 4 keys and 9 values 
18:30:25.104 [main] INFO  o.r.Reflections - [scan,232] - Reflections took 11 ms to scan 1 urls, producing 3 keys and 10 values 
18:30:25.118 [main] INFO  o.r.Reflections - [scan,232] - Reflections took 10 ms to scan 1 urls, producing 1 keys and 5 values 
18:30:25.130 [main] INFO  o.r.Reflections - [scan,232] - Reflections took 11 ms to scan 1 urls, producing 1 keys and 7 values 
18:30:25.143 [main] INFO  o.r.Reflections - [scan,232] - Reflections took 11 ms to scan 1 urls, producing 2 keys and 8 values 
18:30:25.146 [main] INFO  c.a.n.c.r.client - [printIfInfoEnabled,60] - [753722d0-3686-41a2-ac29-4b27e185c584_config-0] RpcClient init label, labels = {module=config, Vipserver-Tag=null, source=sdk, Amory-Tag=null, Location-Tag=null, taskId=0, AppName=unknown}
18:30:25.147 [main] INFO  c.a.n.c.r.client - [printIfInfoEnabled,60] - [753722d0-3686-41a2-ac29-4b27e185c584_config-0] Register server push request handler:com.alibaba.nacos.client.config.impl.ClientWorker$ConfigRpcTransportClient$$Lambda$468/0x0000000800f3d5f0
18:30:25.147 [main] INFO  c.a.n.c.r.client - [printIfInfoEnabled,60] - [753722d0-3686-41a2-ac29-4b27e185c584_config-0] Register server push request handler:com.alibaba.nacos.client.config.impl.ClientWorker$ConfigRpcTransportClient$$Lambda$469/0x0000000800f3d818
18:30:25.147 [main] INFO  c.a.n.c.r.client - [printIfInfoEnabled,60] - [753722d0-3686-41a2-ac29-4b27e185c584_config-0] Registry connection listener to current client:com.alibaba.nacos.client.config.impl.ClientWorker$ConfigRpcTransportClient$1
18:30:25.148 [main] INFO  c.a.n.c.r.client - [printIfInfoEnabled,60] - [753722d0-3686-41a2-ac29-4b27e185c584_config-0] RpcClient init, ServerListFactory = com.alibaba.nacos.client.config.impl.ClientWorker$ConfigRpcTransportClient$2
18:30:25.156 [main] INFO  c.a.n.c.r.client - [printIfInfoEnabled,60] - [753722d0-3686-41a2-ac29-4b27e185c584_config-0] Try to connect to server on start up, server: {serverIp = '127.0.0.1', server main port = 8848}
18:30:25.719 [main] INFO  c.a.n.c.r.client - [printIfInfoEnabled,60] - [753722d0-3686-41a2-ac29-4b27e185c584_config-0] Success to connect to server [127.0.0.1:8848] on start up, connectionId = 1706178625538_127.0.0.1_57451
18:30:25.720 [com.alibaba.nacos.client.remote.worker] INFO  c.a.n.c.r.client - [printIfInfoEnabled,60] - [753722d0-3686-41a2-ac29-4b27e185c584_config-0] Notify connected event to listeners.
18:30:25.720 [main] INFO  c.a.n.c.r.client - [printIfInfoEnabled,60] - [753722d0-3686-41a2-ac29-4b27e185c584_config-0] Register server push request handler:com.alibaba.nacos.common.remote.client.RpcClient$ConnectResetRequestHandler
18:30:25.720 [main] INFO  c.a.n.c.r.client - [printIfInfoEnabled,60] - [753722d0-3686-41a2-ac29-4b27e185c584_config-0] Register server push request handler:com.alibaba.nacos.common.remote.client.RpcClient$$Lambda$480/0x000000080103d7d8
18:30:25.799 [main] INFO  c.c.s.CMSSystemApplication - [logStartupProfileInfo,637] - The following 1 profile is active: "dev"
18:30:28.002 [main] INFO  o.a.c.h.Http11NioProtocol - [log,173] - Initializing ProtocolHandler ["http-nio-9201"]
18:30:28.003 [main] INFO  o.a.c.c.StandardService - [log,173] - Starting service [Tomcat]
18:30:28.003 [main] INFO  o.a.c.c.StandardEngine - [log,173] - Starting Servlet engine: [Apache Tomcat/9.0.70]
18:30:28.109 [main] INFO  o.a.c.c.C.[.[.[/] - [log,173] - Initializing Spring embedded WebApplicationContext
18:30:28.741 [main] INFO  c.a.d.p.DruidDataSource - [init,996] - {dataSource-1,master} inited
18:30:28.742 [main] INFO  c.b.d.d.DynamicRoutingDataSource - [addDataSource,154] - dynamic-datasource - add a datasource named [master] success
18:30:28.742 [main] INFO  c.b.d.d.DynamicRoutingDataSource - [afterPropertiesSet,234] - dynamic-datasource initial loaded [1] datasource,primary datasource named [master]
18:30:31.327 [main] INFO  c.a.c.s.SentinelWebMvcConfigurer - [addInterceptors,52] - [Sentinel Starter] register SentinelWebInterceptor with urlPatterns: [/**].
18:30:32.850 [main] INFO  c.a.n.c.r.client - [lambda$createClient$0,80] - [RpcClientFactory] create a new rpc client of 2e746bd2-d5a5-4a3b-a855-05ab2abe6237
18:30:32.850 [main] INFO  c.a.n.c.r.client - [printIfInfoEnabled,60] - [2e746bd2-d5a5-4a3b-a855-05ab2abe6237] RpcClient init label, labels = {module=naming, source=sdk}
18:30:32.851 [main] INFO  c.a.n.c.r.client - [printIfInfoEnabled,60] - [2e746bd2-d5a5-4a3b-a855-05ab2abe6237] RpcClient init, ServerListFactory = com.alibaba.nacos.client.naming.core.ServerListManager
18:30:32.852 [main] INFO  c.a.n.c.r.client - [printIfInfoEnabled,60] - [2e746bd2-d5a5-4a3b-a855-05ab2abe6237] Registry connection listener to current client:com.alibaba.nacos.client.naming.remote.gprc.redo.NamingGrpcRedoService
18:30:32.852 [main] INFO  c.a.n.c.r.client - [printIfInfoEnabled,60] - [2e746bd2-d5a5-4a3b-a855-05ab2abe6237] Register server push request handler:com.alibaba.nacos.client.naming.remote.gprc.NamingPushRequestHandler
18:30:32.853 [main] INFO  c.a.n.c.r.client - [printIfInfoEnabled,60] - [2e746bd2-d5a5-4a3b-a855-05ab2abe6237] Try to connect to server on start up, server: {serverIp = '127.0.0.1', server main port = 8848}
18:30:32.984 [main] INFO  c.a.n.c.r.client - [printIfInfoEnabled,60] - [2e746bd2-d5a5-4a3b-a855-05ab2abe6237] Success to connect to server [127.0.0.1:8848] on start up, connectionId = 1706178632866_127.0.0.1_57460
18:30:32.985 [main] INFO  c.a.n.c.r.client - [printIfInfoEnabled,60] - [2e746bd2-d5a5-4a3b-a855-05ab2abe6237] Register server push request handler:com.alibaba.nacos.common.remote.client.RpcClient$ConnectResetRequestHandler
18:30:32.985 [com.alibaba.nacos.client.remote.worker] INFO  c.a.n.c.r.client - [printIfInfoEnabled,60] - [2e746bd2-d5a5-4a3b-a855-05ab2abe6237] Notify connected event to listeners.
18:30:32.985 [main] INFO  c.a.n.c.r.client - [printIfInfoEnabled,60] - [2e746bd2-d5a5-4a3b-a855-05ab2abe6237] Register server push request handler:com.alibaba.nacos.common.remote.client.RpcClient$$Lambda$480/0x000000080103d7d8
18:30:33.018 [main] INFO  o.a.c.h.Http11NioProtocol - [log,173] - Starting ProtocolHandler ["http-nio-9201"]
18:30:33.046 [main] INFO  c.a.c.n.r.NacosServiceRegistry - [register,75] - nacos registry, DEFAULT_GROUP cms-system 192.168.1.3:9201 register finished
18:30:33.606 [nacos-grpc-client-executor-9] INFO  c.a.n.c.r.client - [printIfInfoEnabled,60] - [2e746bd2-d5a5-4a3b-a855-05ab2abe6237] Receive server push request, request = NotifySubscriberRequest, requestId = 12
18:30:33.610 [nacos-grpc-client-executor-9] INFO  c.a.n.c.r.client - [printIfInfoEnabled,60] - [2e746bd2-d5a5-4a3b-a855-05ab2abe6237] Ack server push request, request = NotifySubscriberRequest, requestId = 12
18:30:34.617 [main] INFO  c.c.s.CMSSystemApplication - [logStarted,61] - Started CMSSystemApplication in 10.549 seconds (JVM running for 11.641)
18:30:34.625 [main] INFO  c.a.c.n.r.NacosContextRefresher - [registerNacosListener,129] - [Nacos Config] Listening config: dataId=cms-system, group=DEFAULT_GROUP
18:30:34.626 [main] INFO  c.a.c.n.r.NacosContextRefresher - [registerNacosListener,129] - [Nacos Config] Listening config: dataId=cms-system.yml, group=DEFAULT_GROUP
18:30:34.626 [main] INFO  c.a.c.n.r.NacosContextRefresher - [registerNacosListener,129] - [Nacos Config] Listening config: dataId=cms-system-dev.yml, group=DEFAULT_GROUP
18:30:34.925 [RMI TCP Connection(2)-192.168.1.3] INFO  o.a.c.c.C.[.[.[/] - [log,173] - Initializing Spring DispatcherServlet 'dispatcherServlet'
23:27:10.493 [SpringApplicationShutdownHook] INFO  c.a.c.n.r.NacosServiceRegistry - [deregister,94] - De-registering from Nacos Server now...
23:27:10.556 [SpringApplicationShutdownHook] INFO  c.a.c.n.r.NacosServiceRegistry - [deregister,114] - De-registration finished.
23:27:10.882 [SpringApplicationShutdownHook] INFO  c.a.n.c.r.client - [shutdown,454] - Shutdown rpc client, set status to shutdown
23:27:10.882 [SpringApplicationShutdownHook] INFO  c.a.n.c.r.client - [shutdown,456] - Shutdown client event executor java.util.concurrent.ScheduledThreadPoolExecutor@4052234d[Running, pool size = 2, active threads = 2, queued tasks = 0, completed tasks = 0]
23:27:10.882 [SpringApplicationShutdownHook] INFO  c.a.n.c.r.client - [closeConnection,591] - Close current connection 1706178632866_127.0.0.1_57460
23:27:10.886 [nacos-grpc-client-executor-848] INFO  c.a.n.c.r.c.g.GrpcClient - [printIfInfoEnabled,60] - [1706178632866_127.0.0.1_57460]Ignore complete event,isRunning:false,isAbandon=false
23:27:10.894 [SpringApplicationShutdownHook] INFO  c.a.n.c.r.c.g.GrpcClient - [shutdown,85] - Shutdown grpc executor java.util.concurrent.ThreadPoolExecutor@55073596[Running, pool size = 5, active threads = 0, queued tasks = 0, completed tasks = 849]
23:27:11.078 [SpringApplicationShutdownHook] INFO  c.b.d.d.DynamicRoutingDataSource - [destroy,211] - dynamic-datasource start closing ....
23:27:11.095 [SpringApplicationShutdownHook] INFO  c.a.d.p.DruidDataSource - [close,2138] - {dataSource-1} closing ...
23:27:11.124 [SpringApplicationShutdownHook] INFO  c.a.d.p.DruidDataSource - [close,2211] - {dataSource-1} closed
23:27:11.124 [SpringApplicationShutdownHook] INFO  c.b.d.d.DynamicRoutingDataSource - [destroy,215] - dynamic-datasource all closed success,bye
23:27:22.688 [background-preinit] INFO  o.h.v.i.util.Version - [<clinit>,21] - HV000001: Hibernate Validator 6.2.5.Final
23:27:23.322 [main] INFO  c.a.n.c.r.client - [lambda$createClient$0,80] - [RpcClientFactory] create a new rpc client of f0faaac9-e404-4b3a-ad4e-af08ee5ac003_config-0
23:27:23.387 [main] INFO  o.r.Reflections - [scan,232] - Reflections took 36 ms to scan 1 urls, producing 3 keys and 6 values 
23:27:23.421 [main] INFO  o.r.Reflections - [scan,232] - Reflections took 20 ms to scan 1 urls, producing 4 keys and 9 values 
23:27:23.439 [main] INFO  o.r.Reflections - [scan,232] - Reflections took 15 ms to scan 1 urls, producing 3 keys and 10 values 
23:27:23.457 [main] INFO  o.r.Reflections - [scan,232] - Reflections took 13 ms to scan 1 urls, producing 1 keys and 5 values 
23:27:23.476 [main] INFO  o.r.Reflections - [scan,232] - Reflections took 16 ms to scan 1 urls, producing 1 keys and 7 values 
23:27:23.503 [main] INFO  o.r.Reflections - [scan,232] - Reflections took 24 ms to scan 1 urls, producing 2 keys and 8 values 
23:27:23.507 [main] INFO  c.a.n.c.r.client - [printIfInfoEnabled,60] - [f0faaac9-e404-4b3a-ad4e-af08ee5ac003_config-0] RpcClient init label, labels = {module=config, Vipserver-Tag=null, source=sdk, Amory-Tag=null, Location-Tag=null, taskId=0, AppName=unknown}
23:27:23.508 [main] INFO  c.a.n.c.r.client - [printIfInfoEnabled,60] - [f0faaac9-e404-4b3a-ad4e-af08ee5ac003_config-0] Register server push request handler:com.alibaba.nacos.client.config.impl.ClientWorker$ConfigRpcTransportClient$$Lambda$468/0x0000000800f3c710
23:27:23.509 [main] INFO  c.a.n.c.r.client - [printIfInfoEnabled,60] - [f0faaac9-e404-4b3a-ad4e-af08ee5ac003_config-0] Register server push request handler:com.alibaba.nacos.client.config.impl.ClientWorker$ConfigRpcTransportClient$$Lambda$469/0x0000000800f3c938
23:27:23.510 [main] INFO  c.a.n.c.r.client - [printIfInfoEnabled,60] - [f0faaac9-e404-4b3a-ad4e-af08ee5ac003_config-0] Registry connection listener to current client:com.alibaba.nacos.client.config.impl.ClientWorker$ConfigRpcTransportClient$1
23:27:23.510 [main] INFO  c.a.n.c.r.client - [printIfInfoEnabled,60] - [f0faaac9-e404-4b3a-ad4e-af08ee5ac003_config-0] RpcClient init, ServerListFactory = com.alibaba.nacos.client.config.impl.ClientWorker$ConfigRpcTransportClient$2
23:27:23.530 [main] INFO  c.a.n.c.r.client - [printIfInfoEnabled,60] - [f0faaac9-e404-4b3a-ad4e-af08ee5ac003_config-0] Try to connect to server on start up, server: {serverIp = '127.0.0.1', server main port = 8848}
23:27:24.314 [main] INFO  c.a.n.c.r.client - [printIfInfoEnabled,60] - [f0faaac9-e404-4b3a-ad4e-af08ee5ac003_config-0] Success to connect to server [127.0.0.1:8848] on start up, connectionId = 1706196444084_127.0.0.1_60384
23:27:24.316 [com.alibaba.nacos.client.remote.worker] INFO  c.a.n.c.r.client - [printIfInfoEnabled,60] - [f0faaac9-e404-4b3a-ad4e-af08ee5ac003_config-0] Notify connected event to listeners.
23:27:24.316 [main] INFO  c.a.n.c.r.client - [printIfInfoEnabled,60] - [f0faaac9-e404-4b3a-ad4e-af08ee5ac003_config-0] Register server push request handler:com.alibaba.nacos.common.remote.client.RpcClient$ConnectResetRequestHandler
23:27:24.317 [main] INFO  c.a.n.c.r.client - [printIfInfoEnabled,60] - [f0faaac9-e404-4b3a-ad4e-af08ee5ac003_config-0] Register server push request handler:com.alibaba.nacos.common.remote.client.RpcClient$$Lambda$480/0x000000080103d7d8
23:27:24.437 [main] INFO  c.c.s.CMSSystemApplication - [logStartupProfileInfo,637] - The following 1 profile is active: "dev"
23:27:30.829 [main] INFO  o.a.c.h.Http11NioProtocol - [log,173] - Initializing ProtocolHandler ["http-nio-9201"]
23:27:30.830 [main] INFO  o.a.c.c.StandardService - [log,173] - Starting service [Tomcat]
23:27:30.831 [main] INFO  o.a.c.c.StandardEngine - [log,173] - Starting Servlet engine: [Apache Tomcat/9.0.70]
23:27:31.111 [main] INFO  o.a.c.c.C.[.[.[/] - [log,173] - Initializing Spring embedded WebApplicationContext
23:27:32.201 [main] INFO  c.a.d.p.DruidDataSource - [init,996] - {dataSource-1,master} inited
23:27:32.202 [main] INFO  c.b.d.d.DynamicRoutingDataSource - [addDataSource,154] - dynamic-datasource - add a datasource named [master] success
23:27:32.203 [main] INFO  c.b.d.d.DynamicRoutingDataSource - [afterPropertiesSet,234] - dynamic-datasource initial loaded [1] datasource,primary datasource named [master]
23:27:36.777 [main] INFO  c.a.c.s.SentinelWebMvcConfigurer - [addInterceptors,52] - [Sentinel Starter] register SentinelWebInterceptor with urlPatterns: [/**].
23:27:39.082 [main] INFO  c.a.n.c.r.client - [lambda$createClient$0,80] - [RpcClientFactory] create a new rpc client of b16f503c-c780-49d4-bd85-45bb29e494d9
23:27:39.082 [main] INFO  c.a.n.c.r.client - [printIfInfoEnabled,60] - [b16f503c-c780-49d4-bd85-45bb29e494d9] RpcClient init label, labels = {module=naming, source=sdk}
23:27:39.084 [main] INFO  c.a.n.c.r.client - [printIfInfoEnabled,60] - [b16f503c-c780-49d4-bd85-45bb29e494d9] RpcClient init, ServerListFactory = com.alibaba.nacos.client.naming.core.ServerListManager
23:27:39.084 [main] INFO  c.a.n.c.r.client - [printIfInfoEnabled,60] - [b16f503c-c780-49d4-bd85-45bb29e494d9] Registry connection listener to current client:com.alibaba.nacos.client.naming.remote.gprc.redo.NamingGrpcRedoService
23:27:39.084 [main] INFO  c.a.n.c.r.client - [printIfInfoEnabled,60] - [b16f503c-c780-49d4-bd85-45bb29e494d9] Register server push request handler:com.alibaba.nacos.client.naming.remote.gprc.NamingPushRequestHandler
23:27:39.085 [main] INFO  c.a.n.c.r.client - [printIfInfoEnabled,60] - [b16f503c-c780-49d4-bd85-45bb29e494d9] Try to connect to server on start up, server: {serverIp = '127.0.0.1', server main port = 8848}
23:27:39.214 [main] INFO  c.a.n.c.r.client - [printIfInfoEnabled,60] - [b16f503c-c780-49d4-bd85-45bb29e494d9] Success to connect to server [127.0.0.1:8848] on start up, connectionId = 1706196459098_127.0.0.1_60439
23:27:39.214 [main] INFO  c.a.n.c.r.client - [printIfInfoEnabled,60] - [b16f503c-c780-49d4-bd85-45bb29e494d9] Register server push request handler:com.alibaba.nacos.common.remote.client.RpcClient$ConnectResetRequestHandler
23:27:39.214 [com.alibaba.nacos.client.remote.worker] INFO  c.a.n.c.r.client - [printIfInfoEnabled,60] - [b16f503c-c780-49d4-bd85-45bb29e494d9] Notify connected event to listeners.
23:27:39.215 [main] INFO  c.a.n.c.r.client - [printIfInfoEnabled,60] - [b16f503c-c780-49d4-bd85-45bb29e494d9] Register server push request handler:com.alibaba.nacos.common.remote.client.RpcClient$$Lambda$480/0x000000080103d7d8
23:27:39.240 [main] INFO  o.a.c.h.Http11NioProtocol - [log,173] - Starting ProtocolHandler ["http-nio-9201"]
23:27:39.277 [main] INFO  c.a.c.n.r.NacosServiceRegistry - [register,75] - nacos registry, DEFAULT_GROUP cms-system 172.20.10.2:9201 register finished
23:27:39.778 [nacos-grpc-client-executor-10] INFO  c.a.n.c.r.client - [printIfInfoEnabled,60] - [b16f503c-c780-49d4-bd85-45bb29e494d9] Receive server push request, request = NotifySubscriberRequest, requestId = 39
23:27:39.783 [nacos-grpc-client-executor-10] INFO  c.a.n.c.r.client - [printIfInfoEnabled,60] - [b16f503c-c780-49d4-bd85-45bb29e494d9] Ack server push request, request = NotifySubscriberRequest, requestId = 39
23:27:42.139 [main] INFO  c.c.s.CMSSystemApplication - [logStarted,61] - Started CMSSystemApplication in 20.189 seconds (JVM running for 21.314)
23:27:42.150 [main] INFO  c.a.c.n.r.NacosContextRefresher - [registerNacosListener,129] - [Nacos Config] Listening config: dataId=cms-system, group=DEFAULT_GROUP
23:27:42.150 [main] INFO  c.a.c.n.r.NacosContextRefresher - [registerNacosListener,129] - [Nacos Config] Listening config: dataId=cms-system.yml, group=DEFAULT_GROUP
23:27:42.151 [main] INFO  c.a.c.n.r.NacosContextRefresher - [registerNacosListener,129] - [Nacos Config] Listening config: dataId=cms-system-dev.yml, group=DEFAULT_GROUP
23:27:42.253 [RMI TCP Connection(3)-127.0.0.1] INFO  o.a.c.c.C.[.[.[/] - [log,173] - Initializing Spring DispatcherServlet 'dispatcherServlet'
