00:35:20.167 [SpringApplicationShutdownHook] INFO  c.a.c.n.r.NacosServiceRegistry - [deregister,94] - De-registering from Nacos Server now...
00:35:20.175 [SpringApplicationShutdownHook] INFO  c.a.c.n.r.NacosServiceRegistry - [deregister,114] - De-registration finished.
00:35:20.487 [SpringApplicationShutdownHook] INFO  c.a.n.c.r.client - [shutdown,454] - Shutdown rpc client, set status to shutdown
00:35:20.488 [SpringApplicationShutdownHook] INFO  c.a.n.c.r.client - [shutdown,456] - Shutdown client event executor java.util.concurrent.ScheduledThreadPoolExecutor@1c8fb0e5[Running, pool size = 2, active threads = 2, queued tasks = 0, completed tasks = 0]
00:35:20.488 [SpringApplicationShutdownHook] INFO  c.a.n.c.r.client - [closeConnection,591] - Close current connection 1683793453275_127.0.0.1_62651
00:35:20.490 [nacos-grpc-client-executor-778] INFO  c.a.n.c.r.c.g.GrpcClient - [printIfInfoEnabled,60] - [1683793453275_127.0.0.1_62651]Ignore complete event,isRunning:false,isAbandon=false
00:35:20.495 [SpringApplicationShutdownHook] INFO  c.a.n.c.r.c.g.GrpcClient - [shutdown,85] - Shutdown grpc executor java.util.concurrent.ThreadPoolExecutor@7ecafb09[Running, pool size = 8, active threads = 0, queued tasks = 0, completed tasks = 779]
00:35:20.641 [SpringApplicationShutdownHook] INFO  c.b.d.d.DynamicRoutingDataSource - [destroy,211] - dynamic-datasource start closing ....
00:35:20.645 [SpringApplicationShutdownHook] INFO  c.a.d.p.DruidDataSource - [close,2138] - {dataSource-1} closing ...
00:35:20.647 [SpringApplicationShutdownHook] INFO  c.a.d.p.DruidDataSource - [close,2211] - {dataSource-1} closed
00:35:20.647 [SpringApplicationShutdownHook] INFO  c.b.d.d.DynamicRoutingDataSource - [destroy,215] - dynamic-datasource all closed success,bye
00:35:27.870 [background-preinit] INFO  o.h.v.i.util.Version - [<clinit>,21] - HV000001: Hibernate Validator 6.2.5.Final
00:35:28.368 [main] INFO  c.a.n.c.r.client - [lambda$createClient$0,80] - [RpcClientFactory] create a new rpc client of ff43abdb-5fed-4029-89c4-3ba41020f828_config-0
00:35:28.409 [main] INFO  o.r.Reflections - [scan,232] - Reflections took 26 ms to scan 1 urls, producing 3 keys and 6 values 
00:35:28.433 [main] INFO  o.r.Reflections - [scan,232] - Reflections took 12 ms to scan 1 urls, producing 4 keys and 9 values 
00:35:28.447 [main] INFO  o.r.Reflections - [scan,232] - Reflections took 12 ms to scan 1 urls, producing 3 keys and 10 values 
00:35:28.462 [main] INFO  o.r.Reflections - [scan,232] - Reflections took 10 ms to scan 1 urls, producing 1 keys and 5 values 
00:35:28.474 [main] INFO  o.r.Reflections - [scan,232] - Reflections took 11 ms to scan 1 urls, producing 1 keys and 7 values 
00:35:28.487 [main] INFO  o.r.Reflections - [scan,232] - Reflections took 11 ms to scan 1 urls, producing 2 keys and 8 values 
00:35:28.490 [main] INFO  c.a.n.c.r.client - [printIfInfoEnabled,60] - [ff43abdb-5fed-4029-89c4-3ba41020f828_config-0] RpcClient init label, labels = {module=config, Vipserver-Tag=null, source=sdk, Amory-Tag=null, Location-Tag=null, taskId=0, AppName=unknown}
00:35:28.490 [main] INFO  c.a.n.c.r.client - [printIfInfoEnabled,60] - [ff43abdb-5fed-4029-89c4-3ba41020f828_config-0] Register server push request handler:com.alibaba.nacos.client.config.impl.ClientWorker$ConfigRpcTransportClient$$Lambda$468/0x0000000800f3c990
00:35:28.491 [main] INFO  c.a.n.c.r.client - [printIfInfoEnabled,60] - [ff43abdb-5fed-4029-89c4-3ba41020f828_config-0] Register server push request handler:com.alibaba.nacos.client.config.impl.ClientWorker$ConfigRpcTransportClient$$Lambda$469/0x0000000800f3cbb8
00:35:28.491 [main] INFO  c.a.n.c.r.client - [printIfInfoEnabled,60] - [ff43abdb-5fed-4029-89c4-3ba41020f828_config-0] Registry connection listener to current client:com.alibaba.nacos.client.config.impl.ClientWorker$ConfigRpcTransportClient$1
00:35:28.491 [main] INFO  c.a.n.c.r.client - [printIfInfoEnabled,60] - [ff43abdb-5fed-4029-89c4-3ba41020f828_config-0] RpcClient init, ServerListFactory = com.alibaba.nacos.client.config.impl.ClientWorker$ConfigRpcTransportClient$2
00:35:28.498 [main] INFO  c.a.n.c.r.client - [printIfInfoEnabled,60] - [ff43abdb-5fed-4029-89c4-3ba41020f828_config-0] Try to connect to server on start up, server: {serverIp = '127.0.0.1', server main port = 8848}
00:35:29.078 [main] INFO  c.a.n.c.r.client - [printIfInfoEnabled,60] - [ff43abdb-5fed-4029-89c4-3ba41020f828_config-0] Success to connect to server [127.0.0.1:8848] on start up, connectionId = 1683822928882_127.0.0.1_55594
00:35:29.079 [main] INFO  c.a.n.c.r.client - [printIfInfoEnabled,60] - [ff43abdb-5fed-4029-89c4-3ba41020f828_config-0] Register server push request handler:com.alibaba.nacos.common.remote.client.RpcClient$ConnectResetRequestHandler
00:35:29.079 [com.alibaba.nacos.client.remote.worker] INFO  c.a.n.c.r.client - [printIfInfoEnabled,60] - [ff43abdb-5fed-4029-89c4-3ba41020f828_config-0] Notify connected event to listeners.
00:35:29.079 [main] INFO  c.a.n.c.r.client - [printIfInfoEnabled,60] - [ff43abdb-5fed-4029-89c4-3ba41020f828_config-0] Register server push request handler:com.alibaba.nacos.common.remote.client.RpcClient$$Lambda$480/0x000000080103d7d8
00:35:29.155 [main] INFO  c.c.s.RuoYiSystemApplication - [logStartupProfileInfo,637] - The following 1 profile is active: "dev"
00:35:31.427 [main] INFO  o.a.c.h.Http11NioProtocol - [log,173] - Initializing ProtocolHandler ["http-nio-9201"]
00:35:31.427 [main] INFO  o.a.c.c.StandardService - [log,173] - Starting service [Tomcat]
00:35:31.428 [main] INFO  o.a.c.c.StandardEngine - [log,173] - Starting Servlet engine: [Apache Tomcat/9.0.70]
00:35:31.545 [main] INFO  o.a.c.c.C.[.[.[/] - [log,173] - Initializing Spring embedded WebApplicationContext
00:35:32.144 [main] INFO  c.a.d.p.DruidDataSource - [init,996] - {dataSource-1,master} inited
00:35:32.145 [main] INFO  c.b.d.d.DynamicRoutingDataSource - [addDataSource,154] - dynamic-datasource - add a datasource named [master] success
00:35:32.145 [main] INFO  c.b.d.d.DynamicRoutingDataSource - [afterPropertiesSet,234] - dynamic-datasource initial loaded [1] datasource,primary datasource named [master]
00:35:34.626 [main] INFO  c.a.c.s.SentinelWebMvcConfigurer - [addInterceptors,52] - [Sentinel Starter] register SentinelWebInterceptor with urlPatterns: [/**].
00:35:36.203 [main] INFO  c.a.n.c.r.client - [lambda$createClient$0,80] - [RpcClientFactory] create a new rpc client of 1623c339-ce8e-4977-9388-ffa7e945703c
00:35:36.204 [main] INFO  c.a.n.c.r.client - [printIfInfoEnabled,60] - [1623c339-ce8e-4977-9388-ffa7e945703c] RpcClient init label, labels = {module=naming, source=sdk}
00:35:36.205 [main] INFO  c.a.n.c.r.client - [printIfInfoEnabled,60] - [1623c339-ce8e-4977-9388-ffa7e945703c] RpcClient init, ServerListFactory = com.alibaba.nacos.client.naming.core.ServerListManager
00:35:36.205 [main] INFO  c.a.n.c.r.client - [printIfInfoEnabled,60] - [1623c339-ce8e-4977-9388-ffa7e945703c] Registry connection listener to current client:com.alibaba.nacos.client.naming.remote.gprc.redo.NamingGrpcRedoService
00:35:36.206 [main] INFO  c.a.n.c.r.client - [printIfInfoEnabled,60] - [1623c339-ce8e-4977-9388-ffa7e945703c] Register server push request handler:com.alibaba.nacos.client.naming.remote.gprc.NamingPushRequestHandler
00:35:36.206 [main] INFO  c.a.n.c.r.client - [printIfInfoEnabled,60] - [1623c339-ce8e-4977-9388-ffa7e945703c] Try to connect to server on start up, server: {serverIp = '127.0.0.1', server main port = 8848}
00:35:36.334 [main] INFO  c.a.n.c.r.client - [printIfInfoEnabled,60] - [1623c339-ce8e-4977-9388-ffa7e945703c] Success to connect to server [127.0.0.1:8848] on start up, connectionId = 1683822936218_127.0.0.1_55692
00:35:36.334 [main] INFO  c.a.n.c.r.client - [printIfInfoEnabled,60] - [1623c339-ce8e-4977-9388-ffa7e945703c] Register server push request handler:com.alibaba.nacos.common.remote.client.RpcClient$ConnectResetRequestHandler
00:35:36.334 [com.alibaba.nacos.client.remote.worker] INFO  c.a.n.c.r.client - [printIfInfoEnabled,60] - [1623c339-ce8e-4977-9388-ffa7e945703c] Notify connected event to listeners.
00:35:36.334 [main] INFO  c.a.n.c.r.client - [printIfInfoEnabled,60] - [1623c339-ce8e-4977-9388-ffa7e945703c] Register server push request handler:com.alibaba.nacos.common.remote.client.RpcClient$$Lambda$480/0x000000080103d7d8
00:35:36.369 [main] INFO  o.a.c.h.Http11NioProtocol - [log,173] - Starting ProtocolHandler ["http-nio-9201"]
00:35:36.392 [main] INFO  c.a.c.n.r.NacosServiceRegistry - [register,75] - nacos registry, DEFAULT_GROUP cms-system 192.168.1.9:9201 register finished
00:35:36.949 [nacos-grpc-client-executor-9] INFO  c.a.n.c.r.client - [printIfInfoEnabled,60] - [1623c339-ce8e-4977-9388-ffa7e945703c] Receive server push request, request = NotifySubscriberRequest, requestId = 954
00:35:36.953 [nacos-grpc-client-executor-9] INFO  c.a.n.c.r.client - [printIfInfoEnabled,60] - [1623c339-ce8e-4977-9388-ffa7e945703c] Ack server push request, request = NotifySubscriberRequest, requestId = 954
00:35:37.739 [main] INFO  c.c.s.RuoYiSystemApplication - [logStarted,61] - Started RuoYiSystemApplication in 10.476 seconds (JVM running for 11.472)
00:35:37.749 [main] INFO  c.a.c.n.r.NacosContextRefresher - [registerNacosListener,129] - [Nacos Config] Listening config: dataId=cms-system, group=DEFAULT_GROUP
00:35:37.750 [main] INFO  c.a.c.n.r.NacosContextRefresher - [registerNacosListener,129] - [Nacos Config] Listening config: dataId=cms-system.yml, group=DEFAULT_GROUP
00:35:37.751 [main] INFO  c.a.c.n.r.NacosContextRefresher - [registerNacosListener,129] - [Nacos Config] Listening config: dataId=cms-system-dev.yml, group=DEFAULT_GROUP
00:35:38.304 [RMI TCP Connection(3)-192.168.1.9] INFO  o.a.c.c.C.[.[.[/] - [log,173] - Initializing Spring DispatcherServlet 'dispatcherServlet'
01:02:45.059 [SpringApplicationShutdownHook] INFO  c.a.c.n.r.NacosServiceRegistry - [deregister,94] - De-registering from Nacos Server now...
01:02:45.064 [SpringApplicationShutdownHook] INFO  c.a.c.n.r.NacosServiceRegistry - [deregister,114] - De-registration finished.
01:02:45.381 [SpringApplicationShutdownHook] INFO  c.a.n.c.r.client - [shutdown,454] - Shutdown rpc client, set status to shutdown
01:02:45.382 [SpringApplicationShutdownHook] INFO  c.a.n.c.r.client - [shutdown,456] - Shutdown client event executor java.util.concurrent.ScheduledThreadPoolExecutor@2afc3db[Running, pool size = 2, active threads = 2, queued tasks = 0, completed tasks = 0]
01:02:45.382 [SpringApplicationShutdownHook] INFO  c.a.n.c.r.client - [closeConnection,591] - Close current connection 1683822936218_127.0.0.1_55692
01:02:45.383 [nacos-grpc-client-executor-420] INFO  c.a.n.c.r.c.g.GrpcClient - [printIfInfoEnabled,60] - [1683822936218_127.0.0.1_55692]Ignore complete event,isRunning:false,isAbandon=false
01:02:45.392 [SpringApplicationShutdownHook] INFO  c.a.n.c.r.c.g.GrpcClient - [shutdown,85] - Shutdown grpc executor java.util.concurrent.ThreadPoolExecutor@56bb07f4[Running, pool size = 6, active threads = 0, queued tasks = 0, completed tasks = 421]
01:02:45.535 [SpringApplicationShutdownHook] INFO  c.b.d.d.DynamicRoutingDataSource - [destroy,211] - dynamic-datasource start closing ....
01:02:45.538 [SpringApplicationShutdownHook] INFO  c.a.d.p.DruidDataSource - [close,2138] - {dataSource-1} closing ...
01:02:45.545 [SpringApplicationShutdownHook] INFO  c.a.d.p.DruidDataSource - [close,2211] - {dataSource-1} closed
01:02:45.545 [SpringApplicationShutdownHook] INFO  c.b.d.d.DynamicRoutingDataSource - [destroy,215] - dynamic-datasource all closed success,bye
01:02:51.502 [background-preinit] INFO  o.h.v.i.util.Version - [<clinit>,21] - HV000001: Hibernate Validator 6.2.5.Final
01:02:51.914 [main] INFO  c.a.n.c.r.client - [lambda$createClient$0,80] - [RpcClientFactory] create a new rpc client of 841c7cd1-97fd-4fbc-89f7-98bb59d0e81c_config-0
01:02:51.955 [main] INFO  o.r.Reflections - [scan,232] - Reflections took 25 ms to scan 1 urls, producing 3 keys and 6 values 
01:02:51.980 [main] INFO  o.r.Reflections - [scan,232] - Reflections took 13 ms to scan 1 urls, producing 4 keys and 9 values 
01:02:51.994 [main] INFO  o.r.Reflections - [scan,232] - Reflections took 11 ms to scan 1 urls, producing 3 keys and 10 values 
01:02:52.008 [main] INFO  o.r.Reflections - [scan,232] - Reflections took 11 ms to scan 1 urls, producing 1 keys and 5 values 
01:02:52.021 [main] INFO  o.r.Reflections - [scan,232] - Reflections took 11 ms to scan 1 urls, producing 1 keys and 7 values 
01:02:52.039 [main] INFO  o.r.Reflections - [scan,232] - Reflections took 14 ms to scan 1 urls, producing 2 keys and 8 values 
01:02:52.043 [main] INFO  c.a.n.c.r.client - [printIfInfoEnabled,60] - [841c7cd1-97fd-4fbc-89f7-98bb59d0e81c_config-0] RpcClient init label, labels = {module=config, Vipserver-Tag=null, source=sdk, Amory-Tag=null, Location-Tag=null, taskId=0, AppName=unknown}
01:02:52.043 [main] INFO  c.a.n.c.r.client - [printIfInfoEnabled,60] - [841c7cd1-97fd-4fbc-89f7-98bb59d0e81c_config-0] Register server push request handler:com.alibaba.nacos.client.config.impl.ClientWorker$ConfigRpcTransportClient$$Lambda$468/0x0000000800f3c008
01:02:52.044 [main] INFO  c.a.n.c.r.client - [printIfInfoEnabled,60] - [841c7cd1-97fd-4fbc-89f7-98bb59d0e81c_config-0] Register server push request handler:com.alibaba.nacos.client.config.impl.ClientWorker$ConfigRpcTransportClient$$Lambda$469/0x0000000800f3c230
01:02:52.044 [main] INFO  c.a.n.c.r.client - [printIfInfoEnabled,60] - [841c7cd1-97fd-4fbc-89f7-98bb59d0e81c_config-0] Registry connection listener to current client:com.alibaba.nacos.client.config.impl.ClientWorker$ConfigRpcTransportClient$1
01:02:52.045 [main] INFO  c.a.n.c.r.client - [printIfInfoEnabled,60] - [841c7cd1-97fd-4fbc-89f7-98bb59d0e81c_config-0] RpcClient init, ServerListFactory = com.alibaba.nacos.client.config.impl.ClientWorker$ConfigRpcTransportClient$2
01:02:52.051 [main] INFO  c.a.n.c.r.client - [printIfInfoEnabled,60] - [841c7cd1-97fd-4fbc-89f7-98bb59d0e81c_config-0] Try to connect to server on start up, server: {serverIp = '127.0.0.1', server main port = 8848}
01:02:52.579 [main] INFO  c.a.n.c.r.client - [printIfInfoEnabled,60] - [841c7cd1-97fd-4fbc-89f7-98bb59d0e81c_config-0] Success to connect to server [127.0.0.1:8848] on start up, connectionId = 1683824572402_127.0.0.1_59160
01:02:52.580 [com.alibaba.nacos.client.remote.worker] INFO  c.a.n.c.r.client - [printIfInfoEnabled,60] - [841c7cd1-97fd-4fbc-89f7-98bb59d0e81c_config-0] Notify connected event to listeners.
01:02:52.580 [main] INFO  c.a.n.c.r.client - [printIfInfoEnabled,60] - [841c7cd1-97fd-4fbc-89f7-98bb59d0e81c_config-0] Register server push request handler:com.alibaba.nacos.common.remote.client.RpcClient$ConnectResetRequestHandler
01:02:52.581 [main] INFO  c.a.n.c.r.client - [printIfInfoEnabled,60] - [841c7cd1-97fd-4fbc-89f7-98bb59d0e81c_config-0] Register server push request handler:com.alibaba.nacos.common.remote.client.RpcClient$$Lambda$480/0x000000080103c290
01:02:52.649 [main] INFO  c.c.s.RuoYiSystemApplication - [logStartupProfileInfo,637] - The following 1 profile is active: "dev"
01:02:54.884 [main] INFO  o.a.c.h.Http11NioProtocol - [log,173] - Initializing ProtocolHandler ["http-nio-9201"]
01:02:54.884 [main] INFO  o.a.c.c.StandardService - [log,173] - Starting service [Tomcat]
01:02:54.884 [main] INFO  o.a.c.c.StandardEngine - [log,173] - Starting Servlet engine: [Apache Tomcat/9.0.70]
01:02:55.013 [main] INFO  o.a.c.c.C.[.[.[/] - [log,173] - Initializing Spring embedded WebApplicationContext
01:02:55.611 [main] INFO  c.a.d.p.DruidDataSource - [init,996] - {dataSource-1,master} inited
01:02:55.612 [main] INFO  c.b.d.d.DynamicRoutingDataSource - [addDataSource,154] - dynamic-datasource - add a datasource named [master] success
01:02:55.612 [main] INFO  c.b.d.d.DynamicRoutingDataSource - [afterPropertiesSet,234] - dynamic-datasource initial loaded [1] datasource,primary datasource named [master]
01:02:58.042 [main] INFO  c.a.c.s.SentinelWebMvcConfigurer - [addInterceptors,52] - [Sentinel Starter] register SentinelWebInterceptor with urlPatterns: [/**].
01:02:59.627 [main] INFO  c.a.n.c.r.client - [lambda$createClient$0,80] - [RpcClientFactory] create a new rpc client of e8f31ae1-adf0-4c79-925a-297170642508
01:02:59.628 [main] INFO  c.a.n.c.r.client - [printIfInfoEnabled,60] - [e8f31ae1-adf0-4c79-925a-297170642508] RpcClient init label, labels = {module=naming, source=sdk}
01:02:59.629 [main] INFO  c.a.n.c.r.client - [printIfInfoEnabled,60] - [e8f31ae1-adf0-4c79-925a-297170642508] RpcClient init, ServerListFactory = com.alibaba.nacos.client.naming.core.ServerListManager
01:02:59.629 [main] INFO  c.a.n.c.r.client - [printIfInfoEnabled,60] - [e8f31ae1-adf0-4c79-925a-297170642508] Registry connection listener to current client:com.alibaba.nacos.client.naming.remote.gprc.redo.NamingGrpcRedoService
01:02:59.630 [main] INFO  c.a.n.c.r.client - [printIfInfoEnabled,60] - [e8f31ae1-adf0-4c79-925a-297170642508] Register server push request handler:com.alibaba.nacos.client.naming.remote.gprc.NamingPushRequestHandler
01:02:59.630 [main] INFO  c.a.n.c.r.client - [printIfInfoEnabled,60] - [e8f31ae1-adf0-4c79-925a-297170642508] Try to connect to server on start up, server: {serverIp = '127.0.0.1', server main port = 8848}
01:02:59.758 [main] INFO  c.a.n.c.r.client - [printIfInfoEnabled,60] - [e8f31ae1-adf0-4c79-925a-297170642508] Success to connect to server [127.0.0.1:8848] on start up, connectionId = 1683824579642_127.0.0.1_59257
01:02:59.759 [main] INFO  c.a.n.c.r.client - [printIfInfoEnabled,60] - [e8f31ae1-adf0-4c79-925a-297170642508] Register server push request handler:com.alibaba.nacos.common.remote.client.RpcClient$ConnectResetRequestHandler
01:02:59.759 [com.alibaba.nacos.client.remote.worker] INFO  c.a.n.c.r.client - [printIfInfoEnabled,60] - [e8f31ae1-adf0-4c79-925a-297170642508] Notify connected event to listeners.
01:02:59.759 [main] INFO  c.a.n.c.r.client - [printIfInfoEnabled,60] - [e8f31ae1-adf0-4c79-925a-297170642508] Register server push request handler:com.alibaba.nacos.common.remote.client.RpcClient$$Lambda$480/0x000000080103c290
01:02:59.795 [main] INFO  o.a.c.h.Http11NioProtocol - [log,173] - Starting ProtocolHandler ["http-nio-9201"]
01:02:59.832 [main] INFO  c.a.c.n.r.NacosServiceRegistry - [register,75] - nacos registry, DEFAULT_GROUP cms-system 192.168.1.9:9201 register finished
01:03:00.314 [nacos-grpc-client-executor-9] INFO  c.a.n.c.r.client - [printIfInfoEnabled,60] - [e8f31ae1-adf0-4c79-925a-297170642508] Receive server push request, request = NotifySubscriberRequest, requestId = 961
01:03:00.318 [nacos-grpc-client-executor-9] INFO  c.a.n.c.r.client - [printIfInfoEnabled,60] - [e8f31ae1-adf0-4c79-925a-297170642508] Ack server push request, request = NotifySubscriberRequest, requestId = 961
01:03:01.314 [main] INFO  c.c.s.RuoYiSystemApplication - [logStarted,61] - Started RuoYiSystemApplication in 10.513 seconds (JVM running for 11.493)
01:03:01.322 [main] INFO  c.a.c.n.r.NacosContextRefresher - [registerNacosListener,129] - [Nacos Config] Listening config: dataId=cms-system, group=DEFAULT_GROUP
01:03:01.322 [main] INFO  c.a.c.n.r.NacosContextRefresher - [registerNacosListener,129] - [Nacos Config] Listening config: dataId=cms-system.yml, group=DEFAULT_GROUP
01:03:01.323 [main] INFO  c.a.c.n.r.NacosContextRefresher - [registerNacosListener,129] - [Nacos Config] Listening config: dataId=cms-system-dev.yml, group=DEFAULT_GROUP
01:03:01.761 [RMI TCP Connection(3)-192.168.1.9] INFO  o.a.c.c.C.[.[.[/] - [log,173] - Initializing Spring DispatcherServlet 'dispatcherServlet'
01:36:43.214 [SpringApplicationShutdownHook] INFO  c.a.c.n.r.NacosServiceRegistry - [deregister,94] - De-registering from Nacos Server now...
01:36:43.219 [SpringApplicationShutdownHook] INFO  c.a.c.n.r.NacosServiceRegistry - [deregister,114] - De-registration finished.
01:36:43.532 [SpringApplicationShutdownHook] INFO  c.a.n.c.r.client - [shutdown,454] - Shutdown rpc client, set status to shutdown
01:36:43.532 [SpringApplicationShutdownHook] INFO  c.a.n.c.r.client - [shutdown,456] - Shutdown client event executor java.util.concurrent.ScheduledThreadPoolExecutor@fd26743[Running, pool size = 2, active threads = 2, queued tasks = 0, completed tasks = 0]
01:36:43.532 [SpringApplicationShutdownHook] INFO  c.a.n.c.r.client - [closeConnection,591] - Close current connection 1683824579642_127.0.0.1_59257
01:36:43.534 [nacos-grpc-client-executor-537] INFO  c.a.n.c.r.c.g.GrpcClient - [printIfInfoEnabled,60] - [1683824579642_127.0.0.1_59257]Ignore complete event,isRunning:false,isAbandon=false
01:36:43.537 [SpringApplicationShutdownHook] INFO  c.a.n.c.r.c.g.GrpcClient - [shutdown,85] - Shutdown grpc executor java.util.concurrent.ThreadPoolExecutor@4102c5d2[Running, pool size = 6, active threads = 0, queued tasks = 0, completed tasks = 538]
01:36:43.678 [SpringApplicationShutdownHook] INFO  c.b.d.d.DynamicRoutingDataSource - [destroy,211] - dynamic-datasource start closing ....
01:36:43.681 [SpringApplicationShutdownHook] INFO  c.a.d.p.DruidDataSource - [close,2138] - {dataSource-1} closing ...
01:36:43.689 [SpringApplicationShutdownHook] INFO  c.a.d.p.DruidDataSource - [close,2211] - {dataSource-1} closed
01:36:43.689 [SpringApplicationShutdownHook] INFO  c.b.d.d.DynamicRoutingDataSource - [destroy,215] - dynamic-datasource all closed success,bye
01:36:50.094 [background-preinit] INFO  o.h.v.i.util.Version - [<clinit>,21] - HV000001: Hibernate Validator 6.2.5.Final
01:36:50.570 [main] INFO  c.a.n.c.r.client - [lambda$createClient$0,80] - [RpcClientFactory] create a new rpc client of 7c142f06-229e-4af9-9367-d22a7f37890c_config-0
01:36:50.634 [main] INFO  o.r.Reflections - [scan,232] - Reflections took 35 ms to scan 1 urls, producing 3 keys and 6 values 
01:36:50.672 [main] INFO  o.r.Reflections - [scan,232] - Reflections took 20 ms to scan 1 urls, producing 4 keys and 9 values 
01:36:50.694 [main] INFO  o.r.Reflections - [scan,232] - Reflections took 20 ms to scan 1 urls, producing 3 keys and 10 values 
01:36:50.715 [main] INFO  o.r.Reflections - [scan,232] - Reflections took 15 ms to scan 1 urls, producing 1 keys and 5 values 
01:36:50.728 [main] INFO  o.r.Reflections - [scan,232] - Reflections took 12 ms to scan 1 urls, producing 1 keys and 7 values 
01:36:50.741 [main] INFO  o.r.Reflections - [scan,232] - Reflections took 11 ms to scan 1 urls, producing 2 keys and 8 values 
01:36:50.744 [main] INFO  c.a.n.c.r.client - [printIfInfoEnabled,60] - [7c142f06-229e-4af9-9367-d22a7f37890c_config-0] RpcClient init label, labels = {module=config, Vipserver-Tag=null, source=sdk, Amory-Tag=null, Location-Tag=null, taskId=0, AppName=unknown}
01:36:50.745 [main] INFO  c.a.n.c.r.client - [printIfInfoEnabled,60] - [7c142f06-229e-4af9-9367-d22a7f37890c_config-0] Register server push request handler:com.alibaba.nacos.client.config.impl.ClientWorker$ConfigRpcTransportClient$$Lambda$468/0x0000000800f3e300
01:36:50.745 [main] INFO  c.a.n.c.r.client - [printIfInfoEnabled,60] - [7c142f06-229e-4af9-9367-d22a7f37890c_config-0] Register server push request handler:com.alibaba.nacos.client.config.impl.ClientWorker$ConfigRpcTransportClient$$Lambda$469/0x0000000800f3e528
01:36:50.746 [main] INFO  c.a.n.c.r.client - [printIfInfoEnabled,60] - [7c142f06-229e-4af9-9367-d22a7f37890c_config-0] Registry connection listener to current client:com.alibaba.nacos.client.config.impl.ClientWorker$ConfigRpcTransportClient$1
01:36:50.747 [main] INFO  c.a.n.c.r.client - [printIfInfoEnabled,60] - [7c142f06-229e-4af9-9367-d22a7f37890c_config-0] RpcClient init, ServerListFactory = com.alibaba.nacos.client.config.impl.ClientWorker$ConfigRpcTransportClient$2
01:36:50.756 [main] INFO  c.a.n.c.r.client - [printIfInfoEnabled,60] - [7c142f06-229e-4af9-9367-d22a7f37890c_config-0] Try to connect to server on start up, server: {serverIp = '127.0.0.1', server main port = 8848}
01:36:51.275 [main] INFO  c.a.n.c.r.client - [printIfInfoEnabled,60] - [7c142f06-229e-4af9-9367-d22a7f37890c_config-0] Success to connect to server [127.0.0.1:8848] on start up, connectionId = 1683826611095_127.0.0.1_51608
01:36:51.276 [com.alibaba.nacos.client.remote.worker] INFO  c.a.n.c.r.client - [printIfInfoEnabled,60] - [7c142f06-229e-4af9-9367-d22a7f37890c_config-0] Notify connected event to listeners.
01:36:51.276 [main] INFO  c.a.n.c.r.client - [printIfInfoEnabled,60] - [7c142f06-229e-4af9-9367-d22a7f37890c_config-0] Register server push request handler:com.alibaba.nacos.common.remote.client.RpcClient$ConnectResetRequestHandler
01:36:51.276 [main] INFO  c.a.n.c.r.client - [printIfInfoEnabled,60] - [7c142f06-229e-4af9-9367-d22a7f37890c_config-0] Register server push request handler:com.alibaba.nacos.common.remote.client.RpcClient$$Lambda$480/0x000000080103ee38
01:36:51.340 [main] INFO  c.c.s.RuoYiSystemApplication - [logStartupProfileInfo,637] - The following 1 profile is active: "dev"
01:36:53.977 [main] INFO  o.a.c.h.Http11NioProtocol - [log,173] - Initializing ProtocolHandler ["http-nio-9201"]
01:36:53.978 [main] INFO  o.a.c.c.StandardService - [log,173] - Starting service [Tomcat]
01:36:53.978 [main] INFO  o.a.c.c.StandardEngine - [log,173] - Starting Servlet engine: [Apache Tomcat/9.0.70]
01:36:54.122 [main] INFO  o.a.c.c.C.[.[.[/] - [log,173] - Initializing Spring embedded WebApplicationContext
01:36:54.768 [main] INFO  c.a.d.p.DruidDataSource - [init,996] - {dataSource-1,master} inited
01:36:54.769 [main] INFO  c.b.d.d.DynamicRoutingDataSource - [addDataSource,154] - dynamic-datasource - add a datasource named [master] success
01:36:54.769 [main] INFO  c.b.d.d.DynamicRoutingDataSource - [afterPropertiesSet,234] - dynamic-datasource initial loaded [1] datasource,primary datasource named [master]
01:36:57.225 [main] INFO  c.a.c.s.SentinelWebMvcConfigurer - [addInterceptors,52] - [Sentinel Starter] register SentinelWebInterceptor with urlPatterns: [/**].
01:36:58.844 [main] INFO  c.a.n.c.r.client - [lambda$createClient$0,80] - [RpcClientFactory] create a new rpc client of 6134661f-fe3a-4dc5-8c06-b013a6a65c5e
01:36:58.844 [main] INFO  c.a.n.c.r.client - [printIfInfoEnabled,60] - [6134661f-fe3a-4dc5-8c06-b013a6a65c5e] RpcClient init label, labels = {module=naming, source=sdk}
01:36:58.846 [main] INFO  c.a.n.c.r.client - [printIfInfoEnabled,60] - [6134661f-fe3a-4dc5-8c06-b013a6a65c5e] RpcClient init, ServerListFactory = com.alibaba.nacos.client.naming.core.ServerListManager
01:36:58.846 [main] INFO  c.a.n.c.r.client - [printIfInfoEnabled,60] - [6134661f-fe3a-4dc5-8c06-b013a6a65c5e] Registry connection listener to current client:com.alibaba.nacos.client.naming.remote.gprc.redo.NamingGrpcRedoService
01:36:58.846 [main] INFO  c.a.n.c.r.client - [printIfInfoEnabled,60] - [6134661f-fe3a-4dc5-8c06-b013a6a65c5e] Register server push request handler:com.alibaba.nacos.client.naming.remote.gprc.NamingPushRequestHandler
01:36:58.847 [main] INFO  c.a.n.c.r.client - [printIfInfoEnabled,60] - [6134661f-fe3a-4dc5-8c06-b013a6a65c5e] Try to connect to server on start up, server: {serverIp = '127.0.0.1', server main port = 8848}
01:36:58.977 [main] INFO  c.a.n.c.r.client - [printIfInfoEnabled,60] - [6134661f-fe3a-4dc5-8c06-b013a6a65c5e] Success to connect to server [127.0.0.1:8848] on start up, connectionId = 1683826618859_127.0.0.1_51712
01:36:58.978 [main] INFO  c.a.n.c.r.client - [printIfInfoEnabled,60] - [6134661f-fe3a-4dc5-8c06-b013a6a65c5e] Register server push request handler:com.alibaba.nacos.common.remote.client.RpcClient$ConnectResetRequestHandler
01:36:58.978 [com.alibaba.nacos.client.remote.worker] INFO  c.a.n.c.r.client - [printIfInfoEnabled,60] - [6134661f-fe3a-4dc5-8c06-b013a6a65c5e] Notify connected event to listeners.
01:36:58.978 [main] INFO  c.a.n.c.r.client - [printIfInfoEnabled,60] - [6134661f-fe3a-4dc5-8c06-b013a6a65c5e] Register server push request handler:com.alibaba.nacos.common.remote.client.RpcClient$$Lambda$480/0x000000080103ee38
01:36:59.019 [main] INFO  o.a.c.h.Http11NioProtocol - [log,173] - Starting ProtocolHandler ["http-nio-9201"]
01:36:59.054 [main] INFO  c.a.c.n.r.NacosServiceRegistry - [register,75] - nacos registry, DEFAULT_GROUP cms-system 192.168.1.9:9201 register finished
01:36:59.603 [nacos-grpc-client-executor-9] INFO  c.a.n.c.r.client - [printIfInfoEnabled,60] - [6134661f-fe3a-4dc5-8c06-b013a6a65c5e] Receive server push request, request = NotifySubscriberRequest, requestId = 971
01:36:59.608 [nacos-grpc-client-executor-9] INFO  c.a.n.c.r.client - [printIfInfoEnabled,60] - [6134661f-fe3a-4dc5-8c06-b013a6a65c5e] Ack server push request, request = NotifySubscriberRequest, requestId = 971
01:37:00.314 [main] INFO  c.c.s.RuoYiSystemApplication - [logStarted,61] - Started RuoYiSystemApplication in 10.831 seconds (JVM running for 11.633)
01:37:00.322 [main] INFO  c.a.c.n.r.NacosContextRefresher - [registerNacosListener,129] - [Nacos Config] Listening config: dataId=cms-system, group=DEFAULT_GROUP
01:37:00.322 [main] INFO  c.a.c.n.r.NacosContextRefresher - [registerNacosListener,129] - [Nacos Config] Listening config: dataId=cms-system.yml, group=DEFAULT_GROUP
01:37:00.323 [main] INFO  c.a.c.n.r.NacosContextRefresher - [registerNacosListener,129] - [Nacos Config] Listening config: dataId=cms-system-dev.yml, group=DEFAULT_GROUP
01:37:00.808 [RMI TCP Connection(3)-192.168.1.9] INFO  o.a.c.c.C.[.[.[/] - [log,173] - Initializing Spring DispatcherServlet 'dispatcherServlet'
