18:59:41.520 [SpringApplicationShutdownHook] INFO  c.a.c.n.r.NacosServiceRegistry - [deregister,94] - De-registering from Nacos Server now...
18:59:41.549 [SpringApplicationShutdownHook] INFO  c.a.c.n.r.NacosServiceRegistry - [deregister,114] - De-registration finished.
18:59:41.868 [SpringApplicationShutdownHook] INFO  c.a.n.c.r.client - [shutdown,454] - Shutdown rpc client, set status to shutdown
18:59:41.869 [SpringApplicationShutdownHook] INFO  c.a.n.c.r.client - [shutdown,456] - Shutdown client event executor java.util.concurrent.ScheduledThreadPoolExecutor@58857abc[Running, pool size = 2, active threads = 2, queued tasks = 0, completed tasks = 0]
18:59:41.869 [SpringApplicationShutdownHook] INFO  c.a.n.c.r.client - [closeConnection,591] - Close current connection 1683505521567_127.0.0.1_56237
18:59:41.872 [nacos-grpc-client-executor-6060] INFO  c.a.n.c.r.c.g.GrpcClient - [printIfInfoEnabled,60] - [1683505521567_127.0.0.1_56237]Ignore complete event,isRunning:false,isAbandon=false
18:59:41.886 [SpringApplicationShutdownHook] INFO  c.a.n.c.r.c.g.GrpcClient - [shutdown,85] - Shutdown grpc executor java.util.concurrent.ThreadPoolExecutor@289750f8[Running, pool size = 5, active threads = 0, queued tasks = 0, completed tasks = 6061]
18:59:42.070 [SpringApplicationShutdownHook] INFO  c.b.d.d.DynamicRoutingDataSource - [destroy,211] - dynamic-datasource start closing ....
18:59:42.081 [SpringApplicationShutdownHook] INFO  c.a.d.p.DruidDataSource - [close,2138] - {dataSource-1} closing ...
18:59:42.086 [SpringApplicationShutdownHook] INFO  c.a.d.p.DruidDataSource - [close,2211] - {dataSource-1} closed
18:59:42.087 [SpringApplicationShutdownHook] INFO  c.b.d.d.DynamicRoutingDataSource - [destroy,215] - dynamic-datasource all closed success,bye
18:59:51.216 [background-preinit] INFO  o.h.v.i.util.Version - [<clinit>,21] - HV000001: Hibernate Validator 6.2.5.Final
18:59:51.698 [main] INFO  c.a.n.c.r.client - [lambda$createClient$0,80] - [RpcClientFactory] create a new rpc client of b315fd00-7d5b-4c57-bb99-efb124fd3ea7_config-0
18:59:51.773 [main] INFO  o.r.Reflections - [scan,232] - Reflections took 40 ms to scan 1 urls, producing 3 keys and 6 values 
18:59:51.811 [main] INFO  o.r.Reflections - [scan,232] - Reflections took 14 ms to scan 1 urls, producing 4 keys and 9 values 
18:59:51.826 [main] INFO  o.r.Reflections - [scan,232] - Reflections took 12 ms to scan 1 urls, producing 3 keys and 10 values 
18:59:51.842 [main] INFO  o.r.Reflections - [scan,232] - Reflections took 12 ms to scan 1 urls, producing 1 keys and 5 values 
18:59:51.855 [main] INFO  o.r.Reflections - [scan,232] - Reflections took 12 ms to scan 1 urls, producing 1 keys and 7 values 
18:59:51.869 [main] INFO  o.r.Reflections - [scan,232] - Reflections took 12 ms to scan 1 urls, producing 2 keys and 8 values 
18:59:51.873 [main] INFO  c.a.n.c.r.client - [printIfInfoEnabled,60] - [b315fd00-7d5b-4c57-bb99-efb124fd3ea7_config-0] RpcClient init label, labels = {module=config, Vipserver-Tag=null, source=sdk, Amory-Tag=null, Location-Tag=null, taskId=0, AppName=unknown}
18:59:51.873 [main] INFO  c.a.n.c.r.client - [printIfInfoEnabled,60] - [b315fd00-7d5b-4c57-bb99-efb124fd3ea7_config-0] Register server push request handler:com.alibaba.nacos.client.config.impl.ClientWorker$ConfigRpcTransportClient$$Lambda$468/0x0000000800f3d388
18:59:51.873 [main] INFO  c.a.n.c.r.client - [printIfInfoEnabled,60] - [b315fd00-7d5b-4c57-bb99-efb124fd3ea7_config-0] Register server push request handler:com.alibaba.nacos.client.config.impl.ClientWorker$ConfigRpcTransportClient$$Lambda$469/0x0000000800f3d5b0
18:59:51.874 [main] INFO  c.a.n.c.r.client - [printIfInfoEnabled,60] - [b315fd00-7d5b-4c57-bb99-efb124fd3ea7_config-0] Registry connection listener to current client:com.alibaba.nacos.client.config.impl.ClientWorker$ConfigRpcTransportClient$1
18:59:51.875 [main] INFO  c.a.n.c.r.client - [printIfInfoEnabled,60] - [b315fd00-7d5b-4c57-bb99-efb124fd3ea7_config-0] RpcClient init, ServerListFactory = com.alibaba.nacos.client.config.impl.ClientWorker$ConfigRpcTransportClient$2
18:59:51.884 [main] INFO  c.a.n.c.r.client - [printIfInfoEnabled,60] - [b315fd00-7d5b-4c57-bb99-efb124fd3ea7_config-0] Try to connect to server on start up, server: {serverIp = '127.0.0.1', server main port = 8848}
18:59:52.668 [main] INFO  c.a.n.c.r.client - [printIfInfoEnabled,60] - [b315fd00-7d5b-4c57-bb99-efb124fd3ea7_config-0] Success to connect to server [127.0.0.1:8848] on start up, connectionId = 1683629992444_127.0.0.1_51611
18:59:52.669 [com.alibaba.nacos.client.remote.worker] INFO  c.a.n.c.r.client - [printIfInfoEnabled,60] - [b315fd00-7d5b-4c57-bb99-efb124fd3ea7_config-0] Notify connected event to listeners.
18:59:52.669 [main] INFO  c.a.n.c.r.client - [printIfInfoEnabled,60] - [b315fd00-7d5b-4c57-bb99-efb124fd3ea7_config-0] Register server push request handler:com.alibaba.nacos.common.remote.client.RpcClient$ConnectResetRequestHandler
18:59:52.669 [main] INFO  c.a.n.c.r.client - [printIfInfoEnabled,60] - [b315fd00-7d5b-4c57-bb99-efb124fd3ea7_config-0] Register server push request handler:com.alibaba.nacos.common.remote.client.RpcClient$$Lambda$480/0x000000080103e0e8
18:59:52.789 [main] INFO  c.c.s.RuoYiSystemApplication - [logStartupProfileInfo,637] - The following 1 profile is active: "dev"
18:59:55.531 [main] INFO  o.a.c.h.Http11NioProtocol - [log,173] - Initializing ProtocolHandler ["http-nio-9201"]
18:59:55.532 [main] INFO  o.a.c.c.StandardService - [log,173] - Starting service [Tomcat]
18:59:55.532 [main] INFO  o.a.c.c.StandardEngine - [log,173] - Starting Servlet engine: [Apache Tomcat/9.0.70]
18:59:55.691 [main] INFO  o.a.c.c.C.[.[.[/] - [log,173] - Initializing Spring embedded WebApplicationContext
18:59:56.489 [main] INFO  c.a.d.p.DruidDataSource - [init,996] - {dataSource-1,master} inited
18:59:56.490 [main] INFO  c.b.d.d.DynamicRoutingDataSource - [addDataSource,154] - dynamic-datasource - add a datasource named [master] success
18:59:56.490 [main] INFO  c.b.d.d.DynamicRoutingDataSource - [afterPropertiesSet,234] - dynamic-datasource initial loaded [1] datasource,primary datasource named [master]
18:59:59.834 [main] INFO  c.a.c.s.SentinelWebMvcConfigurer - [addInterceptors,52] - [Sentinel Starter] register SentinelWebInterceptor with urlPatterns: [/**].
19:00:01.544 [main] INFO  c.a.n.c.r.client - [lambda$createClient$0,80] - [RpcClientFactory] create a new rpc client of 880b895d-2375-4a90-882a-31d064e0aa2c
19:00:01.544 [main] INFO  c.a.n.c.r.client - [printIfInfoEnabled,60] - [880b895d-2375-4a90-882a-31d064e0aa2c] RpcClient init label, labels = {module=naming, source=sdk}
19:00:01.546 [main] INFO  c.a.n.c.r.client - [printIfInfoEnabled,60] - [880b895d-2375-4a90-882a-31d064e0aa2c] RpcClient init, ServerListFactory = com.alibaba.nacos.client.naming.core.ServerListManager
19:00:01.546 [main] INFO  c.a.n.c.r.client - [printIfInfoEnabled,60] - [880b895d-2375-4a90-882a-31d064e0aa2c] Registry connection listener to current client:com.alibaba.nacos.client.naming.remote.gprc.redo.NamingGrpcRedoService
19:00:01.546 [main] INFO  c.a.n.c.r.client - [printIfInfoEnabled,60] - [880b895d-2375-4a90-882a-31d064e0aa2c] Register server push request handler:com.alibaba.nacos.client.naming.remote.gprc.NamingPushRequestHandler
19:00:01.547 [main] INFO  c.a.n.c.r.client - [printIfInfoEnabled,60] - [880b895d-2375-4a90-882a-31d064e0aa2c] Try to connect to server on start up, server: {serverIp = '127.0.0.1', server main port = 8848}
19:00:01.671 [main] INFO  c.a.n.c.r.client - [printIfInfoEnabled,60] - [880b895d-2375-4a90-882a-31d064e0aa2c] Success to connect to server [127.0.0.1:8848] on start up, connectionId = 1683630001557_127.0.0.1_51740
19:00:01.672 [main] INFO  c.a.n.c.r.client - [printIfInfoEnabled,60] - [880b895d-2375-4a90-882a-31d064e0aa2c] Register server push request handler:com.alibaba.nacos.common.remote.client.RpcClient$ConnectResetRequestHandler
19:00:01.672 [com.alibaba.nacos.client.remote.worker] INFO  c.a.n.c.r.client - [printIfInfoEnabled,60] - [880b895d-2375-4a90-882a-31d064e0aa2c] Notify connected event to listeners.
19:00:01.672 [main] INFO  c.a.n.c.r.client - [printIfInfoEnabled,60] - [880b895d-2375-4a90-882a-31d064e0aa2c] Register server push request handler:com.alibaba.nacos.common.remote.client.RpcClient$$Lambda$480/0x000000080103e0e8
19:00:01.716 [main] INFO  o.a.c.h.Http11NioProtocol - [log,173] - Starting ProtocolHandler ["http-nio-9201"]
19:00:01.748 [main] INFO  c.a.c.n.r.NacosServiceRegistry - [register,75] - nacos registry, DEFAULT_GROUP cms-system 192.168.1.9:9201 register finished
19:00:02.224 [nacos-grpc-client-executor-9] INFO  c.a.n.c.r.client - [printIfInfoEnabled,60] - [880b895d-2375-4a90-882a-31d064e0aa2c] Receive server push request, request = NotifySubscriberRequest, requestId = 692
19:00:02.228 [nacos-grpc-client-executor-9] INFO  c.a.n.c.r.client - [printIfInfoEnabled,60] - [880b895d-2375-4a90-882a-31d064e0aa2c] Ack server push request, request = NotifySubscriberRequest, requestId = 692
19:00:03.771 [main] INFO  c.c.s.RuoYiSystemApplication - [logStarted,61] - Started RuoYiSystemApplication in 13.124 seconds (JVM running for 14.051)
19:00:03.796 [main] INFO  c.a.c.n.r.NacosContextRefresher - [registerNacosListener,129] - [Nacos Config] Listening config: dataId=cms-system, group=DEFAULT_GROUP
19:00:03.797 [main] INFO  c.a.c.n.r.NacosContextRefresher - [registerNacosListener,129] - [Nacos Config] Listening config: dataId=cms-system.yml, group=DEFAULT_GROUP
19:00:03.802 [main] INFO  c.a.c.n.r.NacosContextRefresher - [registerNacosListener,129] - [Nacos Config] Listening config: dataId=cms-system-dev.yml, group=DEFAULT_GROUP
19:00:03.927 [RMI TCP Connection(3)-192.168.1.9] INFO  o.a.c.c.C.[.[.[/] - [log,173] - Initializing Spring DispatcherServlet 'dispatcherServlet'
23:15:07.107 [SpringApplicationShutdownHook] INFO  c.a.c.n.r.NacosServiceRegistry - [deregister,94] - De-registering from Nacos Server now...
23:15:07.110 [SpringApplicationShutdownHook] INFO  c.a.c.n.r.NacosServiceRegistry - [deregister,114] - De-registration finished.
23:15:07.415 [SpringApplicationShutdownHook] INFO  c.a.n.c.r.client - [shutdown,454] - Shutdown rpc client, set status to shutdown
23:15:07.415 [SpringApplicationShutdownHook] INFO  c.a.n.c.r.client - [shutdown,456] - Shutdown client event executor java.util.concurrent.ScheduledThreadPoolExecutor@25ccf926[Running, pool size = 2, active threads = 2, queued tasks = 0, completed tasks = 0]
23:15:07.415 [SpringApplicationShutdownHook] INFO  c.a.n.c.r.client - [closeConnection,591] - Close current connection 1683630001557_127.0.0.1_51740
23:15:07.417 [nacos-grpc-client-executor-534] INFO  c.a.n.c.r.c.g.GrpcClient - [printIfInfoEnabled,60] - [1683630001557_127.0.0.1_51740]Ignore complete event,isRunning:false,isAbandon=false
23:15:07.421 [SpringApplicationShutdownHook] INFO  c.a.n.c.r.c.g.GrpcClient - [shutdown,85] - Shutdown grpc executor java.util.concurrent.ThreadPoolExecutor@239708e4[Running, pool size = 7, active threads = 0, queued tasks = 0, completed tasks = 535]
23:15:07.571 [SpringApplicationShutdownHook] INFO  c.b.d.d.DynamicRoutingDataSource - [destroy,211] - dynamic-datasource start closing ....
23:15:07.578 [SpringApplicationShutdownHook] INFO  c.a.d.p.DruidDataSource - [close,2138] - {dataSource-1} closing ...
23:15:07.590 [SpringApplicationShutdownHook] INFO  c.a.d.p.DruidDataSource - [close,2211] - {dataSource-1} closed
23:15:07.591 [SpringApplicationShutdownHook] INFO  c.b.d.d.DynamicRoutingDataSource - [destroy,215] - dynamic-datasource all closed success,bye
23:15:14.159 [background-preinit] INFO  o.h.v.i.util.Version - [<clinit>,21] - HV000001: Hibernate Validator 6.2.5.Final
23:15:14.660 [main] INFO  c.a.n.c.r.client - [lambda$createClient$0,80] - [RpcClientFactory] create a new rpc client of 21e097cf-ff79-442a-a134-e74e52649223_config-0
23:15:14.700 [main] INFO  o.r.Reflections - [scan,232] - Reflections took 27 ms to scan 1 urls, producing 3 keys and 6 values 
23:15:14.728 [main] INFO  o.r.Reflections - [scan,232] - Reflections took 15 ms to scan 1 urls, producing 4 keys and 9 values 
23:15:14.744 [main] INFO  o.r.Reflections - [scan,232] - Reflections took 13 ms to scan 1 urls, producing 3 keys and 10 values 
23:15:14.758 [main] INFO  o.r.Reflections - [scan,232] - Reflections took 11 ms to scan 1 urls, producing 1 keys and 5 values 
23:15:14.773 [main] INFO  o.r.Reflections - [scan,232] - Reflections took 13 ms to scan 1 urls, producing 1 keys and 7 values 
23:15:14.787 [main] INFO  o.r.Reflections - [scan,232] - Reflections took 12 ms to scan 1 urls, producing 2 keys and 8 values 
23:15:14.791 [main] INFO  c.a.n.c.r.client - [printIfInfoEnabled,60] - [21e097cf-ff79-442a-a134-e74e52649223_config-0] RpcClient init label, labels = {module=config, Vipserver-Tag=null, source=sdk, Amory-Tag=null, Location-Tag=null, taskId=0, AppName=unknown}
23:15:14.791 [main] INFO  c.a.n.c.r.client - [printIfInfoEnabled,60] - [21e097cf-ff79-442a-a134-e74e52649223_config-0] Register server push request handler:com.alibaba.nacos.client.config.impl.ClientWorker$ConfigRpcTransportClient$$Lambda$468/0x0000000800f3c260
23:15:14.791 [main] INFO  c.a.n.c.r.client - [printIfInfoEnabled,60] - [21e097cf-ff79-442a-a134-e74e52649223_config-0] Register server push request handler:com.alibaba.nacos.client.config.impl.ClientWorker$ConfigRpcTransportClient$$Lambda$469/0x0000000800f3c488
23:15:14.792 [main] INFO  c.a.n.c.r.client - [printIfInfoEnabled,60] - [21e097cf-ff79-442a-a134-e74e52649223_config-0] Registry connection listener to current client:com.alibaba.nacos.client.config.impl.ClientWorker$ConfigRpcTransportClient$1
23:15:14.793 [main] INFO  c.a.n.c.r.client - [printIfInfoEnabled,60] - [21e097cf-ff79-442a-a134-e74e52649223_config-0] RpcClient init, ServerListFactory = com.alibaba.nacos.client.config.impl.ClientWorker$ConfigRpcTransportClient$2
23:15:14.799 [main] INFO  c.a.n.c.r.client - [printIfInfoEnabled,60] - [21e097cf-ff79-442a-a134-e74e52649223_config-0] Try to connect to server on start up, server: {serverIp = '127.0.0.1', server main port = 8848}
23:15:15.325 [main] INFO  c.a.n.c.r.client - [printIfInfoEnabled,60] - [21e097cf-ff79-442a-a134-e74e52649223_config-0] Success to connect to server [127.0.0.1:8848] on start up, connectionId = 1683645315145_127.0.0.1_63915
23:15:15.325 [com.alibaba.nacos.client.remote.worker] INFO  c.a.n.c.r.client - [printIfInfoEnabled,60] - [21e097cf-ff79-442a-a134-e74e52649223_config-0] Notify connected event to listeners.
23:15:15.325 [main] INFO  c.a.n.c.r.client - [printIfInfoEnabled,60] - [21e097cf-ff79-442a-a134-e74e52649223_config-0] Register server push request handler:com.alibaba.nacos.common.remote.client.RpcClient$ConnectResetRequestHandler
23:15:15.326 [main] INFO  c.a.n.c.r.client - [printIfInfoEnabled,60] - [21e097cf-ff79-442a-a134-e74e52649223_config-0] Register server push request handler:com.alibaba.nacos.common.remote.client.RpcClient$$Lambda$480/0x000000080103d3e0
23:15:15.390 [main] INFO  c.c.s.RuoYiSystemApplication - [logStartupProfileInfo,637] - The following 1 profile is active: "dev"
23:15:17.924 [main] INFO  o.a.c.h.Http11NioProtocol - [log,173] - Initializing ProtocolHandler ["http-nio-9201"]
23:15:17.925 [main] INFO  o.a.c.c.StandardService - [log,173] - Starting service [Tomcat]
23:15:17.925 [main] INFO  o.a.c.c.StandardEngine - [log,173] - Starting Servlet engine: [Apache Tomcat/9.0.70]
23:15:18.050 [main] INFO  o.a.c.c.C.[.[.[/] - [log,173] - Initializing Spring embedded WebApplicationContext
23:15:18.631 [main] INFO  c.a.d.p.DruidDataSource - [init,996] - {dataSource-1,master} inited
23:15:18.632 [main] INFO  c.b.d.d.DynamicRoutingDataSource - [addDataSource,154] - dynamic-datasource - add a datasource named [master] success
23:15:18.632 [main] INFO  c.b.d.d.DynamicRoutingDataSource - [afterPropertiesSet,234] - dynamic-datasource initial loaded [1] datasource,primary datasource named [master]
23:15:21.394 [main] INFO  c.a.c.s.SentinelWebMvcConfigurer - [addInterceptors,52] - [Sentinel Starter] register SentinelWebInterceptor with urlPatterns: [/**].
23:15:22.984 [main] INFO  c.a.n.c.r.client - [lambda$createClient$0,80] - [RpcClientFactory] create a new rpc client of f7f44587-c0ff-4170-a00f-732dbaad222e
23:15:22.985 [main] INFO  c.a.n.c.r.client - [printIfInfoEnabled,60] - [f7f44587-c0ff-4170-a00f-732dbaad222e] RpcClient init label, labels = {module=naming, source=sdk}
23:15:22.986 [main] INFO  c.a.n.c.r.client - [printIfInfoEnabled,60] - [f7f44587-c0ff-4170-a00f-732dbaad222e] RpcClient init, ServerListFactory = com.alibaba.nacos.client.naming.core.ServerListManager
23:15:22.986 [main] INFO  c.a.n.c.r.client - [printIfInfoEnabled,60] - [f7f44587-c0ff-4170-a00f-732dbaad222e] Registry connection listener to current client:com.alibaba.nacos.client.naming.remote.gprc.redo.NamingGrpcRedoService
23:15:22.987 [main] INFO  c.a.n.c.r.client - [printIfInfoEnabled,60] - [f7f44587-c0ff-4170-a00f-732dbaad222e] Register server push request handler:com.alibaba.nacos.client.naming.remote.gprc.NamingPushRequestHandler
23:15:22.987 [main] INFO  c.a.n.c.r.client - [printIfInfoEnabled,60] - [f7f44587-c0ff-4170-a00f-732dbaad222e] Try to connect to server on start up, server: {serverIp = '127.0.0.1', server main port = 8848}
23:15:23.114 [main] INFO  c.a.n.c.r.client - [printIfInfoEnabled,60] - [f7f44587-c0ff-4170-a00f-732dbaad222e] Success to connect to server [127.0.0.1:8848] on start up, connectionId = 1683645322998_127.0.0.1_64035
23:15:23.114 [main] INFO  c.a.n.c.r.client - [printIfInfoEnabled,60] - [f7f44587-c0ff-4170-a00f-732dbaad222e] Register server push request handler:com.alibaba.nacos.common.remote.client.RpcClient$ConnectResetRequestHandler
23:15:23.114 [com.alibaba.nacos.client.remote.worker] INFO  c.a.n.c.r.client - [printIfInfoEnabled,60] - [f7f44587-c0ff-4170-a00f-732dbaad222e] Notify connected event to listeners.
23:15:23.115 [main] INFO  c.a.n.c.r.client - [printIfInfoEnabled,60] - [f7f44587-c0ff-4170-a00f-732dbaad222e] Register server push request handler:com.alibaba.nacos.common.remote.client.RpcClient$$Lambda$480/0x000000080103d3e0
23:15:23.143 [main] INFO  o.a.c.h.Http11NioProtocol - [log,173] - Starting ProtocolHandler ["http-nio-9201"]
23:15:23.165 [main] INFO  c.a.c.n.r.NacosServiceRegistry - [register,75] - nacos registry, DEFAULT_GROUP cms-system 192.168.1.9:9201 register finished
23:15:23.644 [nacos-grpc-client-executor-9] INFO  c.a.n.c.r.client - [printIfInfoEnabled,60] - [f7f44587-c0ff-4170-a00f-732dbaad222e] Receive server push request, request = NotifySubscriberRequest, requestId = 743
23:15:23.648 [nacos-grpc-client-executor-9] INFO  c.a.n.c.r.client - [printIfInfoEnabled,60] - [f7f44587-c0ff-4170-a00f-732dbaad222e] Ack server push request, request = NotifySubscriberRequest, requestId = 743
23:15:24.977 [main] INFO  c.c.s.RuoYiSystemApplication - [logStarted,61] - Started RuoYiSystemApplication in 11.38 seconds (JVM running for 12.2)
23:15:24.999 [main] INFO  c.a.c.n.r.NacosContextRefresher - [registerNacosListener,129] - [Nacos Config] Listening config: dataId=cms-system, group=DEFAULT_GROUP
23:15:25.000 [main] INFO  c.a.c.n.r.NacosContextRefresher - [registerNacosListener,129] - [Nacos Config] Listening config: dataId=cms-system.yml, group=DEFAULT_GROUP
23:15:25.003 [main] INFO  c.a.c.n.r.NacosContextRefresher - [registerNacosListener,129] - [Nacos Config] Listening config: dataId=cms-system-dev.yml, group=DEFAULT_GROUP
23:15:25.484 [RMI TCP Connection(8)-192.168.1.9] INFO  o.a.c.c.C.[.[.[/] - [log,173] - Initializing Spring DispatcherServlet 'dispatcherServlet'
23:30:59.985 [SpringApplicationShutdownHook] INFO  c.a.c.n.r.NacosServiceRegistry - [deregister,94] - De-registering from Nacos Server now...
23:30:59.990 [SpringApplicationShutdownHook] INFO  c.a.c.n.r.NacosServiceRegistry - [deregister,114] - De-registration finished.
23:31:00.296 [SpringApplicationShutdownHook] INFO  c.a.n.c.r.client - [shutdown,454] - Shutdown rpc client, set status to shutdown
23:31:00.297 [SpringApplicationShutdownHook] INFO  c.a.n.c.r.client - [shutdown,456] - Shutdown client event executor java.util.concurrent.ScheduledThreadPoolExecutor@292ed69b[Running, pool size = 2, active threads = 2, queued tasks = 0, completed tasks = 0]
23:31:00.297 [SpringApplicationShutdownHook] INFO  c.a.n.c.r.client - [closeConnection,591] - Close current connection 1683645322998_127.0.0.1_64035
23:31:00.299 [nacos-grpc-client-executor-277] INFO  c.a.n.c.r.c.g.GrpcClient - [printIfInfoEnabled,60] - [1683645322998_127.0.0.1_64035]Ignore complete event,isRunning:false,isAbandon=false
23:31:00.303 [SpringApplicationShutdownHook] INFO  c.a.n.c.r.c.g.GrpcClient - [shutdown,85] - Shutdown grpc executor java.util.concurrent.ThreadPoolExecutor@73587152[Running, pool size = 6, active threads = 0, queued tasks = 0, completed tasks = 278]
23:31:00.466 [SpringApplicationShutdownHook] INFO  c.b.d.d.DynamicRoutingDataSource - [destroy,211] - dynamic-datasource start closing ....
23:31:00.471 [SpringApplicationShutdownHook] INFO  c.a.d.p.DruidDataSource - [close,2138] - {dataSource-1} closing ...
23:31:00.479 [SpringApplicationShutdownHook] INFO  c.a.d.p.DruidDataSource - [close,2211] - {dataSource-1} closed
23:31:00.479 [SpringApplicationShutdownHook] INFO  c.b.d.d.DynamicRoutingDataSource - [destroy,215] - dynamic-datasource all closed success,bye
23:31:06.303 [background-preinit] INFO  o.h.v.i.util.Version - [<clinit>,21] - HV000001: Hibernate Validator 6.2.5.Final
23:31:06.733 [main] INFO  c.a.n.c.r.client - [lambda$createClient$0,80] - [RpcClientFactory] create a new rpc client of 0db18f05-6453-45ce-afa3-7032a9dfdb8f_config-0
23:31:06.776 [main] INFO  o.r.Reflections - [scan,232] - Reflections took 27 ms to scan 1 urls, producing 3 keys and 6 values 
23:31:06.803 [main] INFO  o.r.Reflections - [scan,232] - Reflections took 14 ms to scan 1 urls, producing 4 keys and 9 values 
23:31:06.818 [main] INFO  o.r.Reflections - [scan,232] - Reflections took 13 ms to scan 1 urls, producing 3 keys and 10 values 
23:31:06.833 [main] INFO  o.r.Reflections - [scan,232] - Reflections took 12 ms to scan 1 urls, producing 1 keys and 5 values 
23:31:06.848 [main] INFO  o.r.Reflections - [scan,232] - Reflections took 13 ms to scan 1 urls, producing 1 keys and 7 values 
23:31:06.862 [main] INFO  o.r.Reflections - [scan,232] - Reflections took 12 ms to scan 1 urls, producing 2 keys and 8 values 
23:31:06.865 [main] INFO  c.a.n.c.r.client - [printIfInfoEnabled,60] - [0db18f05-6453-45ce-afa3-7032a9dfdb8f_config-0] RpcClient init label, labels = {module=config, Vipserver-Tag=null, source=sdk, Amory-Tag=null, Location-Tag=null, taskId=0, AppName=unknown}
23:31:06.866 [main] INFO  c.a.n.c.r.client - [printIfInfoEnabled,60] - [0db18f05-6453-45ce-afa3-7032a9dfdb8f_config-0] Register server push request handler:com.alibaba.nacos.client.config.impl.ClientWorker$ConfigRpcTransportClient$$Lambda$468/0x0000000800f3c260
23:31:06.866 [main] INFO  c.a.n.c.r.client - [printIfInfoEnabled,60] - [0db18f05-6453-45ce-afa3-7032a9dfdb8f_config-0] Register server push request handler:com.alibaba.nacos.client.config.impl.ClientWorker$ConfigRpcTransportClient$$Lambda$469/0x0000000800f3c488
23:31:06.866 [main] INFO  c.a.n.c.r.client - [printIfInfoEnabled,60] - [0db18f05-6453-45ce-afa3-7032a9dfdb8f_config-0] Registry connection listener to current client:com.alibaba.nacos.client.config.impl.ClientWorker$ConfigRpcTransportClient$1
23:31:06.867 [main] INFO  c.a.n.c.r.client - [printIfInfoEnabled,60] - [0db18f05-6453-45ce-afa3-7032a9dfdb8f_config-0] RpcClient init, ServerListFactory = com.alibaba.nacos.client.config.impl.ClientWorker$ConfigRpcTransportClient$2
23:31:06.876 [main] INFO  c.a.n.c.r.client - [printIfInfoEnabled,60] - [0db18f05-6453-45ce-afa3-7032a9dfdb8f_config-0] Try to connect to server on start up, server: {serverIp = '127.0.0.1', server main port = 8848}
23:31:07.395 [main] INFO  c.a.n.c.r.client - [printIfInfoEnabled,60] - [0db18f05-6453-45ce-afa3-7032a9dfdb8f_config-0] Success to connect to server [127.0.0.1:8848] on start up, connectionId = 1683646267218_127.0.0.1_56945
23:31:07.397 [com.alibaba.nacos.client.remote.worker] INFO  c.a.n.c.r.client - [printIfInfoEnabled,60] - [0db18f05-6453-45ce-afa3-7032a9dfdb8f_config-0] Notify connected event to listeners.
23:31:07.397 [main] INFO  c.a.n.c.r.client - [printIfInfoEnabled,60] - [0db18f05-6453-45ce-afa3-7032a9dfdb8f_config-0] Register server push request handler:com.alibaba.nacos.common.remote.client.RpcClient$ConnectResetRequestHandler
23:31:07.397 [main] INFO  c.a.n.c.r.client - [printIfInfoEnabled,60] - [0db18f05-6453-45ce-afa3-7032a9dfdb8f_config-0] Register server push request handler:com.alibaba.nacos.common.remote.client.RpcClient$$Lambda$480/0x000000080103cdb0
23:31:07.471 [main] INFO  c.c.s.RuoYiSystemApplication - [logStartupProfileInfo,637] - The following 1 profile is active: "dev"
23:31:09.673 [main] INFO  o.a.c.h.Http11NioProtocol - [log,173] - Initializing ProtocolHandler ["http-nio-9201"]
23:31:09.673 [main] INFO  o.a.c.c.StandardService - [log,173] - Starting service [Tomcat]
23:31:09.673 [main] INFO  o.a.c.c.StandardEngine - [log,173] - Starting Servlet engine: [Apache Tomcat/9.0.70]
23:31:09.798 [main] INFO  o.a.c.c.C.[.[.[/] - [log,173] - Initializing Spring embedded WebApplicationContext
23:31:10.381 [main] INFO  c.a.d.p.DruidDataSource - [init,996] - {dataSource-1,master} inited
23:31:10.381 [main] INFO  c.b.d.d.DynamicRoutingDataSource - [addDataSource,154] - dynamic-datasource - add a datasource named [master] success
23:31:10.382 [main] INFO  c.b.d.d.DynamicRoutingDataSource - [afterPropertiesSet,234] - dynamic-datasource initial loaded [1] datasource,primary datasource named [master]
23:31:12.806 [main] INFO  c.a.c.s.SentinelWebMvcConfigurer - [addInterceptors,52] - [Sentinel Starter] register SentinelWebInterceptor with urlPatterns: [/**].
23:31:14.298 [main] INFO  c.a.n.c.r.client - [lambda$createClient$0,80] - [RpcClientFactory] create a new rpc client of 0b13c70e-e712-49b3-8266-fc2ac782d896
23:31:14.298 [main] INFO  c.a.n.c.r.client - [printIfInfoEnabled,60] - [0b13c70e-e712-49b3-8266-fc2ac782d896] RpcClient init label, labels = {module=naming, source=sdk}
23:31:14.299 [main] INFO  c.a.n.c.r.client - [printIfInfoEnabled,60] - [0b13c70e-e712-49b3-8266-fc2ac782d896] RpcClient init, ServerListFactory = com.alibaba.nacos.client.naming.core.ServerListManager
23:31:14.300 [main] INFO  c.a.n.c.r.client - [printIfInfoEnabled,60] - [0b13c70e-e712-49b3-8266-fc2ac782d896] Registry connection listener to current client:com.alibaba.nacos.client.naming.remote.gprc.redo.NamingGrpcRedoService
23:31:14.300 [main] INFO  c.a.n.c.r.client - [printIfInfoEnabled,60] - [0b13c70e-e712-49b3-8266-fc2ac782d896] Register server push request handler:com.alibaba.nacos.client.naming.remote.gprc.NamingPushRequestHandler
23:31:14.300 [main] INFO  c.a.n.c.r.client - [printIfInfoEnabled,60] - [0b13c70e-e712-49b3-8266-fc2ac782d896] Try to connect to server on start up, server: {serverIp = '127.0.0.1', server main port = 8848}
23:31:14.445 [main] INFO  c.a.n.c.r.client - [printIfInfoEnabled,60] - [0b13c70e-e712-49b3-8266-fc2ac782d896] Success to connect to server [127.0.0.1:8848] on start up, connectionId = 1683646274327_127.0.0.1_57039
23:31:14.446 [main] INFO  c.a.n.c.r.client - [printIfInfoEnabled,60] - [0b13c70e-e712-49b3-8266-fc2ac782d896] Register server push request handler:com.alibaba.nacos.common.remote.client.RpcClient$ConnectResetRequestHandler
23:31:14.446 [com.alibaba.nacos.client.remote.worker] INFO  c.a.n.c.r.client - [printIfInfoEnabled,60] - [0b13c70e-e712-49b3-8266-fc2ac782d896] Notify connected event to listeners.
23:31:14.446 [main] INFO  c.a.n.c.r.client - [printIfInfoEnabled,60] - [0b13c70e-e712-49b3-8266-fc2ac782d896] Register server push request handler:com.alibaba.nacos.common.remote.client.RpcClient$$Lambda$480/0x000000080103cdb0
23:31:14.478 [main] INFO  o.a.c.h.Http11NioProtocol - [log,173] - Starting ProtocolHandler ["http-nio-9201"]
23:31:14.502 [main] INFO  c.a.c.n.r.NacosServiceRegistry - [register,75] - nacos registry, DEFAULT_GROUP cms-system 192.168.1.9:9201 register finished
23:31:15.004 [nacos-grpc-client-executor-10] INFO  c.a.n.c.r.client - [printIfInfoEnabled,60] - [0b13c70e-e712-49b3-8266-fc2ac782d896] Receive server push request, request = NotifySubscriberRequest, requestId = 754
23:31:15.007 [nacos-grpc-client-executor-10] INFO  c.a.n.c.r.client - [printIfInfoEnabled,60] - [0b13c70e-e712-49b3-8266-fc2ac782d896] Ack server push request, request = NotifySubscriberRequest, requestId = 754
23:31:15.672 [main] INFO  c.c.s.RuoYiSystemApplication - [logStarted,61] - Started RuoYiSystemApplication in 10.203 seconds (JVM running for 11.288)
23:31:15.685 [main] INFO  c.a.c.n.r.NacosContextRefresher - [registerNacosListener,129] - [Nacos Config] Listening config: dataId=cms-system, group=DEFAULT_GROUP
23:31:15.686 [main] INFO  c.a.c.n.r.NacosContextRefresher - [registerNacosListener,129] - [Nacos Config] Listening config: dataId=cms-system.yml, group=DEFAULT_GROUP
23:31:15.687 [main] INFO  c.a.c.n.r.NacosContextRefresher - [registerNacosListener,129] - [Nacos Config] Listening config: dataId=cms-system-dev.yml, group=DEFAULT_GROUP
23:31:15.838 [RMI TCP Connection(2)-192.168.1.9] INFO  o.a.c.c.C.[.[.[/] - [log,173] - Initializing Spring DispatcherServlet 'dispatcherServlet'
