23:57:51.300 [background-preinit] INFO  o.h.v.i.util.Version - [<clinit>,21] - HV000001: Hibernate Validator 6.2.5.Final
23:57:52.897 [main] INFO  c.a.n.c.r.client - [lambda$createClient$0,80] - [RpcClientFactory] create a new rpc client of ca998948-8ca8-4dd7-8be6-6facf0711949_config-0
23:57:53.087 [main] INFO  o.r.Reflections - [scan,232] - Reflections took 119 ms to scan 1 urls, producing 3 keys and 6 values 
23:57:53.138 [main] INFO  o.r.Reflections - [scan,232] - Reflections took 32 ms to scan 1 urls, producing 4 keys and 9 values 
23:57:53.184 [main] INFO  o.r.Reflections - [scan,232] - Reflections took 33 ms to scan 1 urls, producing 3 keys and 10 values 
23:57:53.222 [main] INFO  o.r.Reflections - [scan,232] - Reflections took 30 ms to scan 1 urls, producing 1 keys and 5 values 
23:57:53.264 [main] INFO  o.r.Reflections - [scan,232] - Reflections took 38 ms to scan 1 urls, producing 1 keys and 7 values 
23:57:53.295 [main] INFO  o.r.Reflections - [scan,232] - Reflections took 24 ms to scan 1 urls, producing 2 keys and 8 values 
23:57:53.305 [main] INFO  c.a.n.c.r.client - [printIfInfoEnabled,60] - [ca998948-8ca8-4dd7-8be6-6facf0711949_config-0] RpcClient init label, labels = {module=config, Vipserver-Tag=null, source=sdk, Amory-Tag=null, Location-Tag=null, taskId=0, AppName=unknown}
23:57:53.307 [main] INFO  c.a.n.c.r.client - [printIfInfoEnabled,60] - [ca998948-8ca8-4dd7-8be6-6facf0711949_config-0] Register server push request handler:com.alibaba.nacos.client.config.impl.ClientWorker$ConfigRpcTransportClient$$Lambda$468/0x0000000800f1c990
23:57:53.309 [main] INFO  c.a.n.c.r.client - [printIfInfoEnabled,60] - [ca998948-8ca8-4dd7-8be6-6facf0711949_config-0] Register server push request handler:com.alibaba.nacos.client.config.impl.ClientWorker$ConfigRpcTransportClient$$Lambda$469/0x0000000800f1cbb8
23:57:53.311 [main] INFO  c.a.n.c.r.client - [printIfInfoEnabled,60] - [ca998948-8ca8-4dd7-8be6-6facf0711949_config-0] Registry connection listener to current client:com.alibaba.nacos.client.config.impl.ClientWorker$ConfigRpcTransportClient$1
23:57:53.314 [main] INFO  c.a.n.c.r.client - [printIfInfoEnabled,60] - [ca998948-8ca8-4dd7-8be6-6facf0711949_config-0] RpcClient init, ServerListFactory = com.alibaba.nacos.client.config.impl.ClientWorker$ConfigRpcTransportClient$2
23:57:53.333 [main] INFO  c.a.n.c.r.client - [printIfInfoEnabled,60] - [ca998948-8ca8-4dd7-8be6-6facf0711949_config-0] Try to connect to server on start up, server: {serverIp = '127.0.0.1', server main port = 8848}
23:57:54.339 [main] INFO  c.a.n.c.r.client - [printIfInfoEnabled,60] - [ca998948-8ca8-4dd7-8be6-6facf0711949_config-0] Success to connect to server [127.0.0.1:8848] on start up, connectionId = 1685635074052_127.0.0.1_64826
23:57:54.340 [com.alibaba.nacos.client.remote.worker] INFO  c.a.n.c.r.client - [printIfInfoEnabled,60] - [ca998948-8ca8-4dd7-8be6-6facf0711949_config-0] Notify connected event to listeners.
23:57:54.341 [main] INFO  c.a.n.c.r.client - [printIfInfoEnabled,60] - [ca998948-8ca8-4dd7-8be6-6facf0711949_config-0] Register server push request handler:com.alibaba.nacos.common.remote.client.RpcClient$ConnectResetRequestHandler
23:57:54.341 [main] INFO  c.a.n.c.r.client - [printIfInfoEnabled,60] - [ca998948-8ca8-4dd7-8be6-6facf0711949_config-0] Register server push request handler:com.alibaba.nacos.common.remote.client.RpcClient$$Lambda$480/0x000000080102d7d8
23:57:54.515 [main] INFO  c.c.s.CMSSystemApplication - [logStartupProfileInfo,637] - The following 1 profile is active: "dev"
23:58:00.011 [main] INFO  o.a.c.h.Http11NioProtocol - [log,173] - Initializing ProtocolHandler ["http-nio-9201"]
23:58:00.013 [main] INFO  o.a.c.c.StandardService - [log,173] - Starting service [Tomcat]
23:58:00.014 [main] INFO  o.a.c.c.StandardEngine - [log,173] - Starting Servlet engine: [Apache Tomcat/9.0.70]
23:58:00.335 [main] INFO  o.a.c.c.C.[.[.[/] - [log,173] - Initializing Spring embedded WebApplicationContext
23:58:01.379 [main] INFO  c.a.d.p.DruidDataSource - [init,996] - {dataSource-1,master} inited
23:58:01.383 [main] INFO  c.b.d.d.DynamicRoutingDataSource - [addDataSource,154] - dynamic-datasource - add a datasource named [master] success
23:58:01.384 [main] INFO  c.b.d.d.DynamicRoutingDataSource - [afterPropertiesSet,234] - dynamic-datasource initial loaded [1] datasource,primary datasource named [master]
23:58:05.848 [main] INFO  c.a.c.s.SentinelWebMvcConfigurer - [addInterceptors,52] - [Sentinel Starter] register SentinelWebInterceptor with urlPatterns: [/**].
23:58:07.641 [main] INFO  c.a.n.c.r.client - [lambda$createClient$0,80] - [RpcClientFactory] create a new rpc client of 3a4a97b0-3f10-44e4-ac20-ed376ebe74e8
23:58:07.642 [main] INFO  c.a.n.c.r.client - [printIfInfoEnabled,60] - [3a4a97b0-3f10-44e4-ac20-ed376ebe74e8] RpcClient init label, labels = {module=naming, source=sdk}
23:58:07.643 [main] INFO  c.a.n.c.r.client - [printIfInfoEnabled,60] - [3a4a97b0-3f10-44e4-ac20-ed376ebe74e8] RpcClient init, ServerListFactory = com.alibaba.nacos.client.naming.core.ServerListManager
23:58:07.643 [main] INFO  c.a.n.c.r.client - [printIfInfoEnabled,60] - [3a4a97b0-3f10-44e4-ac20-ed376ebe74e8] Registry connection listener to current client:com.alibaba.nacos.client.naming.remote.gprc.redo.NamingGrpcRedoService
23:58:07.644 [main] INFO  c.a.n.c.r.client - [printIfInfoEnabled,60] - [3a4a97b0-3f10-44e4-ac20-ed376ebe74e8] Register server push request handler:com.alibaba.nacos.client.naming.remote.gprc.NamingPushRequestHandler
23:58:07.644 [main] INFO  c.a.n.c.r.client - [printIfInfoEnabled,60] - [3a4a97b0-3f10-44e4-ac20-ed376ebe74e8] Try to connect to server on start up, server: {serverIp = '127.0.0.1', server main port = 8848}
23:58:07.770 [main] INFO  c.a.n.c.r.client - [printIfInfoEnabled,60] - [3a4a97b0-3f10-44e4-ac20-ed376ebe74e8] Success to connect to server [127.0.0.1:8848] on start up, connectionId = 1685635087657_127.0.0.1_64851
23:58:07.771 [com.alibaba.nacos.client.remote.worker] INFO  c.a.n.c.r.client - [printIfInfoEnabled,60] - [3a4a97b0-3f10-44e4-ac20-ed376ebe74e8] Notify connected event to listeners.
23:58:07.771 [main] INFO  c.a.n.c.r.client - [printIfInfoEnabled,60] - [3a4a97b0-3f10-44e4-ac20-ed376ebe74e8] Register server push request handler:com.alibaba.nacos.common.remote.client.RpcClient$ConnectResetRequestHandler
23:58:07.771 [main] INFO  c.a.n.c.r.client - [printIfInfoEnabled,60] - [3a4a97b0-3f10-44e4-ac20-ed376ebe74e8] Register server push request handler:com.alibaba.nacos.common.remote.client.RpcClient$$Lambda$480/0x000000080102d7d8
23:58:07.810 [main] INFO  o.a.c.h.Http11NioProtocol - [log,173] - Starting ProtocolHandler ["http-nio-9201"]
23:58:07.840 [main] INFO  c.a.c.n.r.NacosServiceRegistry - [register,75] - nacos registry, DEFAULT_GROUP cms-system 10.110.28.98:9201 register finished
23:58:08.327 [nacos-grpc-client-executor-9] INFO  c.a.n.c.r.client - [printIfInfoEnabled,60] - [3a4a97b0-3f10-44e4-ac20-ed376ebe74e8] Receive server push request, request = NotifySubscriberRequest, requestId = 78
23:58:08.332 [nacos-grpc-client-executor-9] INFO  c.a.n.c.r.client - [printIfInfoEnabled,60] - [3a4a97b0-3f10-44e4-ac20-ed376ebe74e8] Ack server push request, request = NotifySubscriberRequest, requestId = 78
23:58:09.926 [main] INFO  c.c.s.CMSSystemApplication - [logStarted,61] - Started CMSSystemApplication in 19.898 seconds (JVM running for 21.691)
23:58:09.937 [main] INFO  c.a.c.n.r.NacosContextRefresher - [registerNacosListener,129] - [Nacos Config] Listening config: dataId=cms-system, group=DEFAULT_GROUP
23:58:09.937 [main] INFO  c.a.c.n.r.NacosContextRefresher - [registerNacosListener,129] - [Nacos Config] Listening config: dataId=cms-system.yml, group=DEFAULT_GROUP
23:58:09.938 [main] INFO  c.a.c.n.r.NacosContextRefresher - [registerNacosListener,129] - [Nacos Config] Listening config: dataId=cms-system-dev.yml, group=DEFAULT_GROUP
23:58:10.473 [RMI TCP Connection(5)-127.0.0.1] INFO  o.a.c.c.C.[.[.[/] - [log,173] - Initializing Spring DispatcherServlet 'dispatcherServlet'
