00:08:18.752 [nacos-grpc-client-executor-197] INFO  c.a.n.c.r.client - [printIfInfoEnabled,60] - [3a4a97b0-3f10-44e4-ac20-ed376ebe74e8] Receive server push request, request = NotifySubscriberRequest, requestId = 82
00:08:18.760 [nacos-grpc-client-executor-197] INFO  c.a.n.c.r.client - [printIfInfoEnabled,60] - [3a4a97b0-3f10-44e4-ac20-ed376ebe74e8] Ack server push request, request = NotifySubscriberRequest, requestId = 82
08:53:17.931 [SpringApplicationShutdownHook] INFO  c.a.c.n.r.NacosServiceRegistry - [deregister,94] - De-registering from Nacos Server now...
08:53:17.935 [SpringApplicationShutdownHook] INFO  c.a.c.n.r.NacosServiceRegistry - [deregister,114] - De-registration finished.
08:53:18.250 [SpringApplicationShutdownHook] INFO  c.a.n.c.r.client - [shutdown,454] - Shutdown rpc client, set status to shutdown
08:53:18.251 [SpringApplicationShutdownHook] INFO  c.a.n.c.r.client - [shutdown,456] - Shutdown client event executor java.util.concurrent.ScheduledThreadPoolExecutor@6fdd49c8[Running, pool size = 2, active threads = 2, queued tasks = 0, completed tasks = 0]
08:53:18.251 [SpringApplicationShutdownHook] INFO  c.a.n.c.r.client - [closeConnection,591] - Close current connection 1685635087657_127.0.0.1_64851
08:53:18.253 [nacos-grpc-client-executor-1207] INFO  c.a.n.c.r.c.g.GrpcClient - [printIfInfoEnabled,60] - [1685635087657_127.0.0.1_64851]Ignore complete event,isRunning:false,isAbandon=false
08:53:18.263 [SpringApplicationShutdownHook] INFO  c.a.n.c.r.c.g.GrpcClient - [shutdown,85] - Shutdown grpc executor java.util.concurrent.ThreadPoolExecutor@26b488e9[Running, pool size = 4, active threads = 0, queued tasks = 0, completed tasks = 1208]
08:53:18.518 [SpringApplicationShutdownHook] INFO  c.b.d.d.DynamicRoutingDataSource - [destroy,211] - dynamic-datasource start closing ....
08:53:18.532 [SpringApplicationShutdownHook] INFO  c.a.d.p.DruidDataSource - [close,2138] - {dataSource-1} closing ...
08:53:18.535 [SpringApplicationShutdownHook] INFO  c.a.d.p.DruidDataSource - [close,2211] - {dataSource-1} closed
08:53:18.535 [SpringApplicationShutdownHook] INFO  c.b.d.d.DynamicRoutingDataSource - [destroy,215] - dynamic-datasource all closed success,bye
08:53:23.771 [background-preinit] INFO  o.h.v.i.util.Version - [<clinit>,21] - HV000001: Hibernate Validator 6.2.5.Final
08:53:24.329 [main] INFO  c.a.n.c.r.client - [lambda$createClient$0,80] - [RpcClientFactory] create a new rpc client of eb4aaf1d-3b88-4113-a3b8-2c240f79e454_config-0
08:53:24.382 [main] INFO  o.r.Reflections - [scan,232] - Reflections took 35 ms to scan 1 urls, producing 3 keys and 6 values 
08:53:24.408 [main] INFO  o.r.Reflections - [scan,232] - Reflections took 15 ms to scan 1 urls, producing 4 keys and 9 values 
08:53:24.425 [main] INFO  o.r.Reflections - [scan,232] - Reflections took 15 ms to scan 1 urls, producing 3 keys and 10 values 
08:53:24.441 [main] INFO  o.r.Reflections - [scan,232] - Reflections took 13 ms to scan 1 urls, producing 1 keys and 5 values 
08:53:24.457 [main] INFO  o.r.Reflections - [scan,232] - Reflections took 13 ms to scan 1 urls, producing 1 keys and 7 values 
08:53:24.473 [main] INFO  o.r.Reflections - [scan,232] - Reflections took 13 ms to scan 1 urls, producing 2 keys and 8 values 
08:53:24.477 [main] INFO  c.a.n.c.r.client - [printIfInfoEnabled,60] - [eb4aaf1d-3b88-4113-a3b8-2c240f79e454_config-0] RpcClient init label, labels = {module=config, Vipserver-Tag=null, source=sdk, Amory-Tag=null, Location-Tag=null, taskId=0, AppName=unknown}
08:53:24.478 [main] INFO  c.a.n.c.r.client - [printIfInfoEnabled,60] - [eb4aaf1d-3b88-4113-a3b8-2c240f79e454_config-0] Register server push request handler:com.alibaba.nacos.client.config.impl.ClientWorker$ConfigRpcTransportClient$$Lambda$469/0x0000000800f3d5f0
08:53:24.478 [main] INFO  c.a.n.c.r.client - [printIfInfoEnabled,60] - [eb4aaf1d-3b88-4113-a3b8-2c240f79e454_config-0] Register server push request handler:com.alibaba.nacos.client.config.impl.ClientWorker$ConfigRpcTransportClient$$Lambda$470/0x0000000800f3d818
08:53:24.479 [main] INFO  c.a.n.c.r.client - [printIfInfoEnabled,60] - [eb4aaf1d-3b88-4113-a3b8-2c240f79e454_config-0] Registry connection listener to current client:com.alibaba.nacos.client.config.impl.ClientWorker$ConfigRpcTransportClient$1
08:53:24.480 [main] INFO  c.a.n.c.r.client - [printIfInfoEnabled,60] - [eb4aaf1d-3b88-4113-a3b8-2c240f79e454_config-0] RpcClient init, ServerListFactory = com.alibaba.nacos.client.config.impl.ClientWorker$ConfigRpcTransportClient$2
08:53:24.491 [main] INFO  c.a.n.c.r.client - [printIfInfoEnabled,60] - [eb4aaf1d-3b88-4113-a3b8-2c240f79e454_config-0] Try to connect to server on start up, server: {serverIp = '127.0.0.1', server main port = 8848}
08:53:24.963 [main] INFO  c.a.n.c.r.client - [printIfInfoEnabled,60] - [eb4aaf1d-3b88-4113-a3b8-2c240f79e454_config-0] Success to connect to server [127.0.0.1:8848] on start up, connectionId = 1685667204790_127.0.0.1_51515
08:53:24.964 [com.alibaba.nacos.client.remote.worker] INFO  c.a.n.c.r.client - [printIfInfoEnabled,60] - [eb4aaf1d-3b88-4113-a3b8-2c240f79e454_config-0] Notify connected event to listeners.
08:53:24.965 [main] INFO  c.a.n.c.r.client - [printIfInfoEnabled,60] - [eb4aaf1d-3b88-4113-a3b8-2c240f79e454_config-0] Register server push request handler:com.alibaba.nacos.common.remote.client.RpcClient$ConnectResetRequestHandler
08:53:24.965 [main] INFO  c.a.n.c.r.client - [printIfInfoEnabled,60] - [eb4aaf1d-3b88-4113-a3b8-2c240f79e454_config-0] Register server push request handler:com.alibaba.nacos.common.remote.client.RpcClient$$Lambda$481/0x000000080103d7d8
08:53:25.033 [main] INFO  c.c.s.CMSSystemApplication - [logStartupProfileInfo,637] - The following 1 profile is active: "dev"
08:53:27.684 [main] INFO  o.a.c.h.Http11NioProtocol - [log,173] - Initializing ProtocolHandler ["http-nio-9201"]
08:53:27.684 [main] INFO  o.a.c.c.StandardService - [log,173] - Starting service [Tomcat]
08:53:27.685 [main] INFO  o.a.c.c.StandardEngine - [log,173] - Starting Servlet engine: [Apache Tomcat/9.0.70]
08:53:27.808 [main] INFO  o.a.c.c.C.[.[.[/] - [log,173] - Initializing Spring embedded WebApplicationContext
08:53:28.644 [main] INFO  c.a.d.p.DruidDataSource - [init,996] - {dataSource-1,master} inited
08:53:28.645 [main] INFO  c.b.d.d.DynamicRoutingDataSource - [addDataSource,154] - dynamic-datasource - add a datasource named [master] success
08:53:28.645 [main] INFO  c.b.d.d.DynamicRoutingDataSource - [afterPropertiesSet,234] - dynamic-datasource initial loaded [1] datasource,primary datasource named [master]
08:53:32.740 [main] INFO  c.a.c.s.SentinelWebMvcConfigurer - [addInterceptors,52] - [Sentinel Starter] register SentinelWebInterceptor with urlPatterns: [/**].
08:53:34.275 [main] INFO  c.a.n.c.r.client - [lambda$createClient$0,80] - [RpcClientFactory] create a new rpc client of bd3e4d01-cf71-4ed0-87fe-844ebc838277
08:53:34.276 [main] INFO  c.a.n.c.r.client - [printIfInfoEnabled,60] - [bd3e4d01-cf71-4ed0-87fe-844ebc838277] RpcClient init label, labels = {module=naming, source=sdk}
08:53:34.277 [main] INFO  c.a.n.c.r.client - [printIfInfoEnabled,60] - [bd3e4d01-cf71-4ed0-87fe-844ebc838277] RpcClient init, ServerListFactory = com.alibaba.nacos.client.naming.core.ServerListManager
08:53:34.278 [main] INFO  c.a.n.c.r.client - [printIfInfoEnabled,60] - [bd3e4d01-cf71-4ed0-87fe-844ebc838277] Registry connection listener to current client:com.alibaba.nacos.client.naming.remote.gprc.redo.NamingGrpcRedoService
08:53:34.278 [main] INFO  c.a.n.c.r.client - [printIfInfoEnabled,60] - [bd3e4d01-cf71-4ed0-87fe-844ebc838277] Register server push request handler:com.alibaba.nacos.client.naming.remote.gprc.NamingPushRequestHandler
08:53:34.278 [main] INFO  c.a.n.c.r.client - [printIfInfoEnabled,60] - [bd3e4d01-cf71-4ed0-87fe-844ebc838277] Try to connect to server on start up, server: {serverIp = '127.0.0.1', server main port = 8848}
08:53:34.406 [main] INFO  c.a.n.c.r.client - [printIfInfoEnabled,60] - [bd3e4d01-cf71-4ed0-87fe-844ebc838277] Success to connect to server [127.0.0.1:8848] on start up, connectionId = 1685667214289_127.0.0.1_51539
08:53:34.406 [main] INFO  c.a.n.c.r.client - [printIfInfoEnabled,60] - [bd3e4d01-cf71-4ed0-87fe-844ebc838277] Register server push request handler:com.alibaba.nacos.common.remote.client.RpcClient$ConnectResetRequestHandler
08:53:34.406 [com.alibaba.nacos.client.remote.worker] INFO  c.a.n.c.r.client - [printIfInfoEnabled,60] - [bd3e4d01-cf71-4ed0-87fe-844ebc838277] Notify connected event to listeners.
08:53:34.406 [main] INFO  c.a.n.c.r.client - [printIfInfoEnabled,60] - [bd3e4d01-cf71-4ed0-87fe-844ebc838277] Register server push request handler:com.alibaba.nacos.common.remote.client.RpcClient$$Lambda$481/0x000000080103d7d8
08:53:34.430 [main] INFO  o.a.c.h.Http11NioProtocol - [log,173] - Starting ProtocolHandler ["http-nio-9201"]
08:53:34.449 [main] INFO  c.a.c.n.r.NacosServiceRegistry - [register,75] - nacos registry, DEFAULT_GROUP cms-system 10.110.169.44:9201 register finished
08:53:35.001 [nacos-grpc-client-executor-9] INFO  c.a.n.c.r.client - [printIfInfoEnabled,60] - [bd3e4d01-cf71-4ed0-87fe-844ebc838277] Receive server push request, request = NotifySubscriberRequest, requestId = 101
08:53:35.004 [nacos-grpc-client-executor-9] INFO  c.a.n.c.r.client - [printIfInfoEnabled,60] - [bd3e4d01-cf71-4ed0-87fe-844ebc838277] Ack server push request, request = NotifySubscriberRequest, requestId = 101
08:53:36.164 [main] INFO  c.c.s.CMSSystemApplication - [logStarted,61] - Started CMSSystemApplication in 13.467 seconds (JVM running for 15.0)
08:53:36.172 [main] INFO  c.a.c.n.r.NacosContextRefresher - [registerNacosListener,129] - [Nacos Config] Listening config: dataId=cms-system, group=DEFAULT_GROUP
08:53:36.173 [main] INFO  c.a.c.n.r.NacosContextRefresher - [registerNacosListener,129] - [Nacos Config] Listening config: dataId=cms-system.yml, group=DEFAULT_GROUP
08:53:36.173 [main] INFO  c.a.c.n.r.NacosContextRefresher - [registerNacosListener,129] - [Nacos Config] Listening config: dataId=cms-system-dev.yml, group=DEFAULT_GROUP
08:53:36.611 [RMI TCP Connection(7)-10.110.169.44] INFO  o.a.c.c.C.[.[.[/] - [log,173] - Initializing Spring DispatcherServlet 'dispatcherServlet'
08:54:46.523 [SpringApplicationShutdownHook] INFO  c.a.c.n.r.NacosServiceRegistry - [deregister,94] - De-registering from Nacos Server now...
08:54:46.529 [SpringApplicationShutdownHook] INFO  c.a.c.n.r.NacosServiceRegistry - [deregister,114] - De-registration finished.
08:54:46.839 [SpringApplicationShutdownHook] INFO  c.a.n.c.r.client - [shutdown,454] - Shutdown rpc client, set status to shutdown
08:54:46.839 [SpringApplicationShutdownHook] INFO  c.a.n.c.r.client - [shutdown,456] - Shutdown client event executor java.util.concurrent.ScheduledThreadPoolExecutor@27f65a30[Running, pool size = 2, active threads = 2, queued tasks = 0, completed tasks = 0]
08:54:46.839 [SpringApplicationShutdownHook] INFO  c.a.n.c.r.client - [closeConnection,591] - Close current connection 1685667214289_127.0.0.1_51539
08:54:46.846 [SpringApplicationShutdownHook] INFO  c.a.n.c.r.c.g.GrpcClient - [shutdown,85] - Shutdown grpc executor java.util.concurrent.ThreadPoolExecutor@1bb5602e[Running, pool size = 6, active threads = 0, queued tasks = 0, completed tasks = 44]
08:54:46.998 [SpringApplicationShutdownHook] INFO  c.b.d.d.DynamicRoutingDataSource - [destroy,211] - dynamic-datasource start closing ....
08:54:47.001 [SpringApplicationShutdownHook] INFO  c.a.d.p.DruidDataSource - [close,2138] - {dataSource-1} closing ...
08:54:47.009 [SpringApplicationShutdownHook] INFO  c.a.d.p.DruidDataSource - [close,2211] - {dataSource-1} closed
08:54:47.009 [SpringApplicationShutdownHook] INFO  c.b.d.d.DynamicRoutingDataSource - [destroy,215] - dynamic-datasource all closed success,bye
08:55:11.157 [background-preinit] INFO  o.h.v.i.util.Version - [<clinit>,21] - HV000001: Hibernate Validator 6.2.5.Final
08:55:11.669 [main] INFO  c.a.n.c.r.client - [lambda$createClient$0,80] - [RpcClientFactory] create a new rpc client of 3d21b2d3-cae6-4243-9439-b8418bfea33d_config-0
08:55:11.717 [main] INFO  o.r.Reflections - [scan,232] - Reflections took 30 ms to scan 1 urls, producing 3 keys and 6 values 
08:55:11.747 [main] INFO  o.r.Reflections - [scan,232] - Reflections took 17 ms to scan 1 urls, producing 4 keys and 9 values 
08:55:11.765 [main] INFO  o.r.Reflections - [scan,232] - Reflections took 15 ms to scan 1 urls, producing 3 keys and 10 values 
08:55:11.786 [main] INFO  o.r.Reflections - [scan,232] - Reflections took 16 ms to scan 1 urls, producing 1 keys and 5 values 
08:55:11.804 [main] INFO  o.r.Reflections - [scan,232] - Reflections took 15 ms to scan 1 urls, producing 1 keys and 7 values 
08:55:11.818 [main] INFO  o.r.Reflections - [scan,232] - Reflections took 12 ms to scan 1 urls, producing 2 keys and 8 values 
08:55:11.821 [main] INFO  c.a.n.c.r.client - [printIfInfoEnabled,60] - [3d21b2d3-cae6-4243-9439-b8418bfea33d_config-0] RpcClient init label, labels = {module=config, Vipserver-Tag=null, source=sdk, Amory-Tag=null, Location-Tag=null, taskId=0, AppName=unknown}
08:55:11.822 [main] INFO  c.a.n.c.r.client - [printIfInfoEnabled,60] - [3d21b2d3-cae6-4243-9439-b8418bfea33d_config-0] Register server push request handler:com.alibaba.nacos.client.config.impl.ClientWorker$ConfigRpcTransportClient$$Lambda$468/0x0000000800f1cea8
08:55:11.822 [main] INFO  c.a.n.c.r.client - [printIfInfoEnabled,60] - [3d21b2d3-cae6-4243-9439-b8418bfea33d_config-0] Register server push request handler:com.alibaba.nacos.client.config.impl.ClientWorker$ConfigRpcTransportClient$$Lambda$469/0x0000000800f1d0d0
08:55:11.823 [main] INFO  c.a.n.c.r.client - [printIfInfoEnabled,60] - [3d21b2d3-cae6-4243-9439-b8418bfea33d_config-0] Registry connection listener to current client:com.alibaba.nacos.client.config.impl.ClientWorker$ConfigRpcTransportClient$1
08:55:11.824 [main] INFO  c.a.n.c.r.client - [printIfInfoEnabled,60] - [3d21b2d3-cae6-4243-9439-b8418bfea33d_config-0] RpcClient init, ServerListFactory = com.alibaba.nacos.client.config.impl.ClientWorker$ConfigRpcTransportClient$2
08:55:11.831 [main] INFO  c.a.n.c.r.client - [printIfInfoEnabled,60] - [3d21b2d3-cae6-4243-9439-b8418bfea33d_config-0] Try to connect to server on start up, server: {serverIp = '127.0.0.1', server main port = 8848}
08:55:12.374 [main] INFO  c.a.n.c.r.client - [printIfInfoEnabled,60] - [3d21b2d3-cae6-4243-9439-b8418bfea33d_config-0] Success to connect to server [127.0.0.1:8848] on start up, connectionId = 1685667312193_127.0.0.1_51748
08:55:12.375 [main] INFO  c.a.n.c.r.client - [printIfInfoEnabled,60] - [3d21b2d3-cae6-4243-9439-b8418bfea33d_config-0] Register server push request handler:com.alibaba.nacos.common.remote.client.RpcClient$ConnectResetRequestHandler
08:55:12.375 [com.alibaba.nacos.client.remote.worker] INFO  c.a.n.c.r.client - [printIfInfoEnabled,60] - [3d21b2d3-cae6-4243-9439-b8418bfea33d_config-0] Notify connected event to listeners.
08:55:12.376 [main] INFO  c.a.n.c.r.client - [printIfInfoEnabled,60] - [3d21b2d3-cae6-4243-9439-b8418bfea33d_config-0] Register server push request handler:com.alibaba.nacos.common.remote.client.RpcClient$$Lambda$480/0x000000080102cdb0
08:55:12.449 [main] INFO  c.c.s.CMSSystemApplication - [logStartupProfileInfo,637] - The following 1 profile is active: "dev"
08:55:15.039 [main] INFO  o.a.c.h.Http11NioProtocol - [log,173] - Initializing ProtocolHandler ["http-nio-9201"]
08:55:15.040 [main] INFO  o.a.c.c.StandardService - [log,173] - Starting service [Tomcat]
08:55:15.040 [main] INFO  o.a.c.c.StandardEngine - [log,173] - Starting Servlet engine: [Apache Tomcat/9.0.70]
08:55:15.211 [main] INFO  o.a.c.c.C.[.[.[/] - [log,173] - Initializing Spring embedded WebApplicationContext
08:55:15.824 [main] INFO  c.a.d.p.DruidDataSource - [init,996] - {dataSource-1,master} inited
08:55:15.824 [main] INFO  c.b.d.d.DynamicRoutingDataSource - [addDataSource,154] - dynamic-datasource - add a datasource named [master] success
08:55:15.825 [main] INFO  c.b.d.d.DynamicRoutingDataSource - [afterPropertiesSet,234] - dynamic-datasource initial loaded [1] datasource,primary datasource named [master]
08:55:18.038 [main] INFO  c.a.c.s.SentinelWebMvcConfigurer - [addInterceptors,52] - [Sentinel Starter] register SentinelWebInterceptor with urlPatterns: [/**].
08:55:19.396 [main] INFO  c.a.n.c.r.client - [lambda$createClient$0,80] - [RpcClientFactory] create a new rpc client of 7671d622-cf01-461a-bb1e-a29215e4e1d6
08:55:19.397 [main] INFO  c.a.n.c.r.client - [printIfInfoEnabled,60] - [7671d622-cf01-461a-bb1e-a29215e4e1d6] RpcClient init label, labels = {module=naming, source=sdk}
08:55:19.398 [main] INFO  c.a.n.c.r.client - [printIfInfoEnabled,60] - [7671d622-cf01-461a-bb1e-a29215e4e1d6] RpcClient init, ServerListFactory = com.alibaba.nacos.client.naming.core.ServerListManager
08:55:19.398 [main] INFO  c.a.n.c.r.client - [printIfInfoEnabled,60] - [7671d622-cf01-461a-bb1e-a29215e4e1d6] Registry connection listener to current client:com.alibaba.nacos.client.naming.remote.gprc.redo.NamingGrpcRedoService
08:55:19.398 [main] INFO  c.a.n.c.r.client - [printIfInfoEnabled,60] - [7671d622-cf01-461a-bb1e-a29215e4e1d6] Register server push request handler:com.alibaba.nacos.client.naming.remote.gprc.NamingPushRequestHandler
08:55:19.399 [main] INFO  c.a.n.c.r.client - [printIfInfoEnabled,60] - [7671d622-cf01-461a-bb1e-a29215e4e1d6] Try to connect to server on start up, server: {serverIp = '127.0.0.1', server main port = 8848}
08:55:19.529 [main] INFO  c.a.n.c.r.client - [printIfInfoEnabled,60] - [7671d622-cf01-461a-bb1e-a29215e4e1d6] Success to connect to server [127.0.0.1:8848] on start up, connectionId = 1685667319412_127.0.0.1_51771
08:55:19.529 [main] INFO  c.a.n.c.r.client - [printIfInfoEnabled,60] - [7671d622-cf01-461a-bb1e-a29215e4e1d6] Register server push request handler:com.alibaba.nacos.common.remote.client.RpcClient$ConnectResetRequestHandler
08:55:19.529 [com.alibaba.nacos.client.remote.worker] INFO  c.a.n.c.r.client - [printIfInfoEnabled,60] - [7671d622-cf01-461a-bb1e-a29215e4e1d6] Notify connected event to listeners.
08:55:19.529 [main] INFO  c.a.n.c.r.client - [printIfInfoEnabled,60] - [7671d622-cf01-461a-bb1e-a29215e4e1d6] Register server push request handler:com.alibaba.nacos.common.remote.client.RpcClient$$Lambda$480/0x000000080102cdb0
08:55:19.559 [main] INFO  o.a.c.h.Http11NioProtocol - [log,173] - Starting ProtocolHandler ["http-nio-9201"]
08:55:19.586 [main] INFO  c.a.c.n.r.NacosServiceRegistry - [register,75] - nacos registry, DEFAULT_GROUP cms-system 10.110.169.44:9201 register finished
08:55:20.095 [nacos-grpc-client-executor-9] INFO  c.a.n.c.r.client - [printIfInfoEnabled,60] - [7671d622-cf01-461a-bb1e-a29215e4e1d6] Receive server push request, request = NotifySubscriberRequest, requestId = 141
08:55:20.098 [nacos-grpc-client-executor-9] INFO  c.a.n.c.r.client - [printIfInfoEnabled,60] - [7671d622-cf01-461a-bb1e-a29215e4e1d6] Ack server push request, request = NotifySubscriberRequest, requestId = 141
08:55:21.103 [main] INFO  c.c.s.CMSSystemApplication - [logStarted,61] - Started CMSSystemApplication in 10.66 seconds (JVM running for 12.084)
08:55:21.109 [main] INFO  c.a.c.n.r.NacosContextRefresher - [registerNacosListener,129] - [Nacos Config] Listening config: dataId=cms-system, group=DEFAULT_GROUP
08:55:21.109 [main] INFO  c.a.c.n.r.NacosContextRefresher - [registerNacosListener,129] - [Nacos Config] Listening config: dataId=cms-system.yml, group=DEFAULT_GROUP
08:55:21.110 [main] INFO  c.a.c.n.r.NacosContextRefresher - [registerNacosListener,129] - [Nacos Config] Listening config: dataId=cms-system-dev.yml, group=DEFAULT_GROUP
08:55:21.413 [RMI TCP Connection(2)-10.110.169.44] INFO  o.a.c.c.C.[.[.[/] - [log,173] - Initializing Spring DispatcherServlet 'dispatcherServlet'
09:00:03.094 [SpringApplicationShutdownHook] INFO  c.a.c.n.r.NacosServiceRegistry - [deregister,94] - De-registering from Nacos Server now...
09:00:03.097 [SpringApplicationShutdownHook] INFO  c.a.c.n.r.NacosServiceRegistry - [deregister,114] - De-registration finished.
09:00:03.418 [SpringApplicationShutdownHook] INFO  c.a.n.c.r.client - [shutdown,454] - Shutdown rpc client, set status to shutdown
09:00:03.419 [SpringApplicationShutdownHook] INFO  c.a.n.c.r.client - [shutdown,456] - Shutdown client event executor java.util.concurrent.ScheduledThreadPoolExecutor@30a540a7[Running, pool size = 2, active threads = 2, queued tasks = 0, completed tasks = 0]
09:00:03.419 [SpringApplicationShutdownHook] INFO  c.a.n.c.r.client - [closeConnection,591] - Close current connection 1685667319412_127.0.0.1_51771
09:00:03.421 [nacos-grpc-client-executor-110] INFO  c.a.n.c.r.c.g.GrpcClient - [printIfInfoEnabled,60] - [1685667319412_127.0.0.1_51771]Ignore complete event,isRunning:false,isAbandon=false
09:00:03.426 [SpringApplicationShutdownHook] INFO  c.a.n.c.r.c.g.GrpcClient - [shutdown,85] - Shutdown grpc executor java.util.concurrent.ThreadPoolExecutor@77bbf2b1[Running, pool size = 7, active threads = 0, queued tasks = 0, completed tasks = 111]
09:00:03.572 [SpringApplicationShutdownHook] INFO  c.b.d.d.DynamicRoutingDataSource - [destroy,211] - dynamic-datasource start closing ....
09:00:03.575 [SpringApplicationShutdownHook] INFO  c.a.d.p.DruidDataSource - [close,2138] - {dataSource-1} closing ...
09:00:03.579 [SpringApplicationShutdownHook] INFO  c.a.d.p.DruidDataSource - [close,2211] - {dataSource-1} closed
09:00:03.585 [SpringApplicationShutdownHook] INFO  c.b.d.d.DynamicRoutingDataSource - [destroy,215] - dynamic-datasource all closed success,bye
09:00:08.484 [background-preinit] INFO  o.h.v.i.util.Version - [<clinit>,21] - HV000001: Hibernate Validator 6.2.5.Final
09:00:08.882 [main] INFO  c.a.n.c.r.client - [lambda$createClient$0,80] - [RpcClientFactory] create a new rpc client of 39f53e7b-d1f6-4c14-a852-95b039237ccb_config-0
09:00:08.925 [main] INFO  o.r.Reflections - [scan,232] - Reflections took 26 ms to scan 1 urls, producing 3 keys and 6 values 
09:00:08.953 [main] INFO  o.r.Reflections - [scan,232] - Reflections took 14 ms to scan 1 urls, producing 4 keys and 9 values 
09:00:08.968 [main] INFO  o.r.Reflections - [scan,232] - Reflections took 13 ms to scan 1 urls, producing 3 keys and 10 values 
09:00:08.984 [main] INFO  o.r.Reflections - [scan,232] - Reflections took 12 ms to scan 1 urls, producing 1 keys and 5 values 
09:00:08.998 [main] INFO  o.r.Reflections - [scan,232] - Reflections took 13 ms to scan 1 urls, producing 1 keys and 7 values 
09:00:09.011 [main] INFO  o.r.Reflections - [scan,232] - Reflections took 11 ms to scan 1 urls, producing 2 keys and 8 values 
09:00:09.014 [main] INFO  c.a.n.c.r.client - [printIfInfoEnabled,60] - [39f53e7b-d1f6-4c14-a852-95b039237ccb_config-0] RpcClient init label, labels = {module=config, Vipserver-Tag=null, source=sdk, Amory-Tag=null, Location-Tag=null, taskId=0, AppName=unknown}
09:00:09.015 [main] INFO  c.a.n.c.r.client - [printIfInfoEnabled,60] - [39f53e7b-d1f6-4c14-a852-95b039237ccb_config-0] Register server push request handler:com.alibaba.nacos.client.config.impl.ClientWorker$ConfigRpcTransportClient$$Lambda$468/0x0000000800f3c990
09:00:09.015 [main] INFO  c.a.n.c.r.client - [printIfInfoEnabled,60] - [39f53e7b-d1f6-4c14-a852-95b039237ccb_config-0] Register server push request handler:com.alibaba.nacos.client.config.impl.ClientWorker$ConfigRpcTransportClient$$Lambda$469/0x0000000800f3cbb8
09:00:09.015 [main] INFO  c.a.n.c.r.client - [printIfInfoEnabled,60] - [39f53e7b-d1f6-4c14-a852-95b039237ccb_config-0] Registry connection listener to current client:com.alibaba.nacos.client.config.impl.ClientWorker$ConfigRpcTransportClient$1
09:00:09.016 [main] INFO  c.a.n.c.r.client - [printIfInfoEnabled,60] - [39f53e7b-d1f6-4c14-a852-95b039237ccb_config-0] RpcClient init, ServerListFactory = com.alibaba.nacos.client.config.impl.ClientWorker$ConfigRpcTransportClient$2
09:00:09.023 [main] INFO  c.a.n.c.r.client - [printIfInfoEnabled,60] - [39f53e7b-d1f6-4c14-a852-95b039237ccb_config-0] Try to connect to server on start up, server: {serverIp = '127.0.0.1', server main port = 8848}
09:00:09.578 [main] INFO  c.a.n.c.r.client - [printIfInfoEnabled,60] - [39f53e7b-d1f6-4c14-a852-95b039237ccb_config-0] Success to connect to server [127.0.0.1:8848] on start up, connectionId = 1685667609380_127.0.0.1_51985
09:00:09.579 [com.alibaba.nacos.client.remote.worker] INFO  c.a.n.c.r.client - [printIfInfoEnabled,60] - [39f53e7b-d1f6-4c14-a852-95b039237ccb_config-0] Notify connected event to listeners.
09:00:09.579 [main] INFO  c.a.n.c.r.client - [printIfInfoEnabled,60] - [39f53e7b-d1f6-4c14-a852-95b039237ccb_config-0] Register server push request handler:com.alibaba.nacos.common.remote.client.RpcClient$ConnectResetRequestHandler
09:00:09.581 [main] INFO  c.a.n.c.r.client - [printIfInfoEnabled,60] - [39f53e7b-d1f6-4c14-a852-95b039237ccb_config-0] Register server push request handler:com.alibaba.nacos.common.remote.client.RpcClient$$Lambda$480/0x000000080103cba8
09:00:09.661 [main] INFO  c.c.s.CMSSystemApplication - [logStartupProfileInfo,637] - The following 1 profile is active: "dev"
09:00:12.126 [main] INFO  o.a.c.h.Http11NioProtocol - [log,173] - Initializing ProtocolHandler ["http-nio-9201"]
09:00:12.126 [main] INFO  o.a.c.c.StandardService - [log,173] - Starting service [Tomcat]
09:00:12.127 [main] INFO  o.a.c.c.StandardEngine - [log,173] - Starting Servlet engine: [Apache Tomcat/9.0.70]
09:00:12.244 [main] INFO  o.a.c.c.C.[.[.[/] - [log,173] - Initializing Spring embedded WebApplicationContext
09:00:12.803 [main] INFO  c.a.d.p.DruidDataSource - [init,996] - {dataSource-1,master} inited
09:00:12.804 [main] INFO  c.b.d.d.DynamicRoutingDataSource - [addDataSource,154] - dynamic-datasource - add a datasource named [master] success
09:00:12.804 [main] INFO  c.b.d.d.DynamicRoutingDataSource - [afterPropertiesSet,234] - dynamic-datasource initial loaded [1] datasource,primary datasource named [master]
09:00:15.288 [main] INFO  c.a.c.s.SentinelWebMvcConfigurer - [addInterceptors,52] - [Sentinel Starter] register SentinelWebInterceptor with urlPatterns: [/**].
09:00:16.870 [main] INFO  c.a.n.c.r.client - [lambda$createClient$0,80] - [RpcClientFactory] create a new rpc client of 8c6e3c1c-bec7-4fde-8631-b0b28b5e75e5
09:00:16.870 [main] INFO  c.a.n.c.r.client - [printIfInfoEnabled,60] - [8c6e3c1c-bec7-4fde-8631-b0b28b5e75e5] RpcClient init label, labels = {module=naming, source=sdk}
09:00:16.872 [main] INFO  c.a.n.c.r.client - [printIfInfoEnabled,60] - [8c6e3c1c-bec7-4fde-8631-b0b28b5e75e5] RpcClient init, ServerListFactory = com.alibaba.nacos.client.naming.core.ServerListManager
09:00:16.872 [main] INFO  c.a.n.c.r.client - [printIfInfoEnabled,60] - [8c6e3c1c-bec7-4fde-8631-b0b28b5e75e5] Registry connection listener to current client:com.alibaba.nacos.client.naming.remote.gprc.redo.NamingGrpcRedoService
09:00:16.872 [main] INFO  c.a.n.c.r.client - [printIfInfoEnabled,60] - [8c6e3c1c-bec7-4fde-8631-b0b28b5e75e5] Register server push request handler:com.alibaba.nacos.client.naming.remote.gprc.NamingPushRequestHandler
09:00:16.873 [main] INFO  c.a.n.c.r.client - [printIfInfoEnabled,60] - [8c6e3c1c-bec7-4fde-8631-b0b28b5e75e5] Try to connect to server on start up, server: {serverIp = '127.0.0.1', server main port = 8848}
09:00:16.999 [main] INFO  c.a.n.c.r.client - [printIfInfoEnabled,60] - [8c6e3c1c-bec7-4fde-8631-b0b28b5e75e5] Success to connect to server [127.0.0.1:8848] on start up, connectionId = 1685667616886_127.0.0.1_51997
09:00:16.999 [main] INFO  c.a.n.c.r.client - [printIfInfoEnabled,60] - [8c6e3c1c-bec7-4fde-8631-b0b28b5e75e5] Register server push request handler:com.alibaba.nacos.common.remote.client.RpcClient$ConnectResetRequestHandler
09:00:17.000 [com.alibaba.nacos.client.remote.worker] INFO  c.a.n.c.r.client - [printIfInfoEnabled,60] - [8c6e3c1c-bec7-4fde-8631-b0b28b5e75e5] Notify connected event to listeners.
09:00:17.000 [main] INFO  c.a.n.c.r.client - [printIfInfoEnabled,60] - [8c6e3c1c-bec7-4fde-8631-b0b28b5e75e5] Register server push request handler:com.alibaba.nacos.common.remote.client.RpcClient$$Lambda$480/0x000000080103cba8
09:00:17.029 [main] INFO  o.a.c.h.Http11NioProtocol - [log,173] - Starting ProtocolHandler ["http-nio-9201"]
09:00:17.052 [main] INFO  c.a.c.n.r.NacosServiceRegistry - [register,75] - nacos registry, DEFAULT_GROUP cms-system 10.110.169.44:9201 register finished
09:00:17.583 [nacos-grpc-client-executor-9] INFO  c.a.n.c.r.client - [printIfInfoEnabled,60] - [8c6e3c1c-bec7-4fde-8631-b0b28b5e75e5] Receive server push request, request = NotifySubscriberRequest, requestId = 149
09:00:17.586 [nacos-grpc-client-executor-9] INFO  c.a.n.c.r.client - [printIfInfoEnabled,60] - [8c6e3c1c-bec7-4fde-8631-b0b28b5e75e5] Ack server push request, request = NotifySubscriberRequest, requestId = 149
09:00:18.704 [main] INFO  c.c.s.CMSSystemApplication - [logStarted,61] - Started CMSSystemApplication in 10.922 seconds (JVM running for 11.986)
09:00:18.710 [main] INFO  c.a.c.n.r.NacosContextRefresher - [registerNacosListener,129] - [Nacos Config] Listening config: dataId=cms-system, group=DEFAULT_GROUP
09:00:18.710 [main] INFO  c.a.c.n.r.NacosContextRefresher - [registerNacosListener,129] - [Nacos Config] Listening config: dataId=cms-system.yml, group=DEFAULT_GROUP
09:00:18.711 [main] INFO  c.a.c.n.r.NacosContextRefresher - [registerNacosListener,129] - [Nacos Config] Listening config: dataId=cms-system-dev.yml, group=DEFAULT_GROUP
09:00:18.868 [RMI TCP Connection(2)-10.110.169.44] INFO  o.a.c.c.C.[.[.[/] - [log,173] - Initializing Spring DispatcherServlet 'dispatcherServlet'
