02:13:26.408 [SpringApplicationShutdownHook] INFO  c.a.c.n.r.NacosServiceRegistry - [deregister,94] - De-registering from Nacos Server now...
02:13:26.420 [SpringApplicationShutdownHook] INFO  c.a.c.n.r.NacosServiceRegistry - [deregister,114] - De-registration finished.
02:13:26.733 [SpringApplicationShutdownHook] INFO  c.a.n.c.r.client - [shutdown,454] - Shutdown rpc client, set status to shutdown
02:13:26.733 [SpringApplicationShutdownHook] INFO  c.a.n.c.r.client - [shutdown,456] - Shutdown client event executor java.util.concurrent.ScheduledThreadPoolExecutor@5c31d116[Running, pool size = 2, active threads = 2, queued tasks = 0, completed tasks = 0]
02:13:26.733 [SpringApplicationShutdownHook] INFO  c.a.n.c.r.client - [closeConnection,591] - Close current connection 1681572909163_127.0.0.1_60222
02:13:26.736 [nacos-grpc-client-executor-2211] INFO  c.a.n.c.r.c.g.GrpcClient - [printIfInfoEnabled,60] - [1681572909163_127.0.0.1_60222]Ignore complete event,isRunning:false,isAbandon=false
02:13:26.741 [SpringApplicationShutdownHook] INFO  c.a.n.c.r.c.g.GrpcClient - [shutdown,85] - Shutdown grpc executor java.util.concurrent.ThreadPoolExecutor@b8d07fd[Running, pool size = 4, active threads = 0, queued tasks = 0, completed tasks = 2212]
02:13:26.884 [SpringApplicationShutdownHook] INFO  c.b.d.d.DynamicRoutingDataSource - [destroy,211] - dynamic-datasource start closing ....
02:13:26.888 [SpringApplicationShutdownHook] INFO  c.a.d.p.DruidDataSource - [close,2138] - {dataSource-1} closing ...
02:13:26.899 [SpringApplicationShutdownHook] INFO  c.a.d.p.DruidDataSource - [close,2211] - {dataSource-1} closed
02:13:26.899 [SpringApplicationShutdownHook] INFO  c.b.d.d.DynamicRoutingDataSource - [destroy,215] - dynamic-datasource all closed success,bye
02:13:33.996 [background-preinit] INFO  o.h.v.i.util.Version - [<clinit>,21] - HV000001: Hibernate Validator 6.2.5.Final
02:13:34.726 [main] INFO  c.a.n.c.r.client - [lambda$createClient$0,80] - [RpcClientFactory] create a new rpc client of 1e3344e4-ac81-4590-89e2-a2a6df1610b7_config-0
02:13:34.779 [main] INFO  o.r.Reflections - [scan,232] - Reflections took 31 ms to scan 1 urls, producing 3 keys and 6 values 
02:13:34.830 [main] INFO  o.r.Reflections - [scan,232] - Reflections took 29 ms to scan 1 urls, producing 4 keys and 9 values 
02:13:34.860 [main] INFO  o.r.Reflections - [scan,232] - Reflections took 26 ms to scan 1 urls, producing 3 keys and 10 values 
02:13:34.900 [main] INFO  o.r.Reflections - [scan,232] - Reflections took 31 ms to scan 1 urls, producing 1 keys and 5 values 
02:13:34.950 [main] INFO  o.r.Reflections - [scan,232] - Reflections took 44 ms to scan 1 urls, producing 1 keys and 7 values 
02:13:34.988 [main] INFO  o.r.Reflections - [scan,232] - Reflections took 23 ms to scan 1 urls, producing 2 keys and 8 values 
02:13:35.017 [main] INFO  c.a.n.c.r.client - [printIfInfoEnabled,60] - [1e3344e4-ac81-4590-89e2-a2a6df1610b7_config-0] RpcClient init label, labels = {module=config, Vipserver-Tag=null, source=sdk, Amory-Tag=null, Location-Tag=null, taskId=0, AppName=unknown}
02:13:35.018 [main] INFO  c.a.n.c.r.client - [printIfInfoEnabled,60] - [1e3344e4-ac81-4590-89e2-a2a6df1610b7_config-0] Register server push request handler:com.alibaba.nacos.client.config.impl.ClientWorker$ConfigRpcTransportClient$$Lambda$468/0x0000000800f3c990
02:13:35.018 [main] INFO  c.a.n.c.r.client - [printIfInfoEnabled,60] - [1e3344e4-ac81-4590-89e2-a2a6df1610b7_config-0] Register server push request handler:com.alibaba.nacos.client.config.impl.ClientWorker$ConfigRpcTransportClient$$Lambda$469/0x0000000800f3cbb8
02:13:35.019 [main] INFO  c.a.n.c.r.client - [printIfInfoEnabled,60] - [1e3344e4-ac81-4590-89e2-a2a6df1610b7_config-0] Registry connection listener to current client:com.alibaba.nacos.client.config.impl.ClientWorker$ConfigRpcTransportClient$1
02:13:35.020 [main] INFO  c.a.n.c.r.client - [printIfInfoEnabled,60] - [1e3344e4-ac81-4590-89e2-a2a6df1610b7_config-0] RpcClient init, ServerListFactory = com.alibaba.nacos.client.config.impl.ClientWorker$ConfigRpcTransportClient$2
02:13:35.037 [main] INFO  c.a.n.c.r.client - [printIfInfoEnabled,60] - [1e3344e4-ac81-4590-89e2-a2a6df1610b7_config-0] Try to connect to server on start up, server: {serverIp = '127.0.0.1', server main port = 8848}
02:13:35.633 [main] INFO  c.a.n.c.r.client - [printIfInfoEnabled,60] - [1e3344e4-ac81-4590-89e2-a2a6df1610b7_config-0] Success to connect to server [127.0.0.1:8848] on start up, connectionId = 1681582415457_127.0.0.1_63349
02:13:35.634 [main] INFO  c.a.n.c.r.client - [printIfInfoEnabled,60] - [1e3344e4-ac81-4590-89e2-a2a6df1610b7_config-0] Register server push request handler:com.alibaba.nacos.common.remote.client.RpcClient$ConnectResetRequestHandler
02:13:35.634 [com.alibaba.nacos.client.remote.worker] INFO  c.a.n.c.r.client - [printIfInfoEnabled,60] - [1e3344e4-ac81-4590-89e2-a2a6df1610b7_config-0] Notify connected event to listeners.
02:13:35.634 [main] INFO  c.a.n.c.r.client - [printIfInfoEnabled,60] - [1e3344e4-ac81-4590-89e2-a2a6df1610b7_config-0] Register server push request handler:com.alibaba.nacos.common.remote.client.RpcClient$$Lambda$480/0x000000080103cba8
02:13:35.705 [main] INFO  c.c.c.RuoYiCompetitionApplication - [logStartupProfileInfo,637] - The following 1 profile is active: "dev"
02:13:37.990 [main] INFO  o.a.c.h.Http11NioProtocol - [log,173] - Initializing ProtocolHandler ["http-nio-9205"]
02:13:37.991 [main] INFO  o.a.c.c.StandardService - [log,173] - Starting service [Tomcat]
02:13:37.991 [main] INFO  o.a.c.c.StandardEngine - [log,173] - Starting Servlet engine: [Apache Tomcat/9.0.70]
02:13:38.144 [main] INFO  o.a.c.c.C.[.[.[/] - [log,173] - Initializing Spring embedded WebApplicationContext
02:13:38.703 [main] INFO  c.a.d.p.DruidDataSource - [init,996] - {dataSource-1,master} inited
02:13:38.704 [main] INFO  c.b.d.d.DynamicRoutingDataSource - [addDataSource,154] - dynamic-datasource - add a datasource named [master] success
02:13:38.704 [main] INFO  c.b.d.d.DynamicRoutingDataSource - [afterPropertiesSet,234] - dynamic-datasource initial loaded [1] datasource,primary datasource named [master]
02:13:39.595 [main] INFO  c.a.c.s.SentinelWebMvcConfigurer - [addInterceptors,52] - [Sentinel Starter] register SentinelWebInterceptor with urlPatterns: [/**].
02:13:41.658 [main] INFO  c.a.n.c.r.client - [lambda$createClient$0,80] - [RpcClientFactory] create a new rpc client of 5be8542c-fa75-4b47-8b50-6a9271b0114e
02:13:41.658 [main] INFO  c.a.n.c.r.client - [printIfInfoEnabled,60] - [5be8542c-fa75-4b47-8b50-6a9271b0114e] RpcClient init label, labels = {module=naming, source=sdk}
02:13:41.659 [main] INFO  c.a.n.c.r.client - [printIfInfoEnabled,60] - [5be8542c-fa75-4b47-8b50-6a9271b0114e] RpcClient init, ServerListFactory = com.alibaba.nacos.client.naming.core.ServerListManager
02:13:41.660 [main] INFO  c.a.n.c.r.client - [printIfInfoEnabled,60] - [5be8542c-fa75-4b47-8b50-6a9271b0114e] Registry connection listener to current client:com.alibaba.nacos.client.naming.remote.gprc.redo.NamingGrpcRedoService
02:13:41.660 [main] INFO  c.a.n.c.r.client - [printIfInfoEnabled,60] - [5be8542c-fa75-4b47-8b50-6a9271b0114e] Register server push request handler:com.alibaba.nacos.client.naming.remote.gprc.NamingPushRequestHandler
02:13:41.661 [main] INFO  c.a.n.c.r.client - [printIfInfoEnabled,60] - [5be8542c-fa75-4b47-8b50-6a9271b0114e] Try to connect to server on start up, server: {serverIp = '127.0.0.1', server main port = 8848}
02:13:41.792 [main] INFO  c.a.n.c.r.client - [printIfInfoEnabled,60] - [5be8542c-fa75-4b47-8b50-6a9271b0114e] Success to connect to server [127.0.0.1:8848] on start up, connectionId = 1681582421673_127.0.0.1_63355
02:13:41.793 [main] INFO  c.a.n.c.r.client - [printIfInfoEnabled,60] - [5be8542c-fa75-4b47-8b50-6a9271b0114e] Register server push request handler:com.alibaba.nacos.common.remote.client.RpcClient$ConnectResetRequestHandler
02:13:41.793 [com.alibaba.nacos.client.remote.worker] INFO  c.a.n.c.r.client - [printIfInfoEnabled,60] - [5be8542c-fa75-4b47-8b50-6a9271b0114e] Notify connected event to listeners.
02:13:41.793 [main] INFO  c.a.n.c.r.client - [printIfInfoEnabled,60] - [5be8542c-fa75-4b47-8b50-6a9271b0114e] Register server push request handler:com.alibaba.nacos.common.remote.client.RpcClient$$Lambda$480/0x000000080103cba8
02:13:41.825 [main] INFO  o.a.c.h.Http11NioProtocol - [log,173] - Starting ProtocolHandler ["http-nio-9205"]
02:13:41.863 [main] INFO  c.a.c.n.r.NacosServiceRegistry - [register,75] - nacos registry, DEFAULT_GROUP cms-competition 192.168.1.3:9205 register finished
02:13:42.194 [main] INFO  c.c.c.RuoYiCompetitionApplication - [logStarted,61] - Started RuoYiCompetitionApplication in 8.939 seconds (JVM running for 9.955)
02:13:42.202 [main] INFO  c.a.c.n.r.NacosContextRefresher - [registerNacosListener,129] - [Nacos Config] Listening config: dataId=cms-competition, group=DEFAULT_GROUP
02:13:42.203 [main] INFO  c.a.c.n.r.NacosContextRefresher - [registerNacosListener,129] - [Nacos Config] Listening config: dataId=cms-competition-dev.yml, group=DEFAULT_GROUP
02:13:42.203 [main] INFO  c.a.c.n.r.NacosContextRefresher - [registerNacosListener,129] - [Nacos Config] Listening config: dataId=cms-competition.yml, group=DEFAULT_GROUP
02:13:42.337 [RMI TCP Connection(4)-192.168.1.3] INFO  o.a.c.c.C.[.[.[/] - [log,173] - Initializing Spring DispatcherServlet 'dispatcherServlet'
02:13:42.400 [nacos-grpc-client-executor-11] INFO  c.a.n.c.r.client - [printIfInfoEnabled,60] - [5be8542c-fa75-4b47-8b50-6a9271b0114e] Receive server push request, request = NotifySubscriberRequest, requestId = 109
02:13:42.403 [nacos-grpc-client-executor-11] INFO  c.a.n.c.r.client - [printIfInfoEnabled,60] - [5be8542c-fa75-4b47-8b50-6a9271b0114e] Ack server push request, request = NotifySubscriberRequest, requestId = 109
02:21:26.325 [nacos-grpc-client-executor-144] INFO  c.a.n.c.r.client - [printIfInfoEnabled,60] - [5be8542c-fa75-4b47-8b50-6a9271b0114e] Receive server push request, request = NotifySubscriberRequest, requestId = 112
02:21:26.329 [nacos-grpc-client-executor-144] INFO  c.a.n.c.r.client - [printIfInfoEnabled,60] - [5be8542c-fa75-4b47-8b50-6a9271b0114e] Ack server push request, request = NotifySubscriberRequest, requestId = 112
23:46:18.335 [SpringApplicationShutdownHook] INFO  c.a.c.n.r.NacosServiceRegistry - [deregister,94] - De-registering from Nacos Server now...
23:46:18.354 [SpringApplicationShutdownHook] INFO  c.a.c.n.r.NacosServiceRegistry - [deregister,114] - De-registration finished.
23:46:18.674 [SpringApplicationShutdownHook] INFO  c.a.n.c.r.client - [shutdown,454] - Shutdown rpc client, set status to shutdown
23:46:18.675 [SpringApplicationShutdownHook] INFO  c.a.n.c.r.client - [shutdown,456] - Shutdown client event executor java.util.concurrent.ScheduledThreadPoolExecutor@49e45f16[Running, pool size = 2, active threads = 2, queued tasks = 0, completed tasks = 0]
23:46:18.675 [SpringApplicationShutdownHook] INFO  c.a.n.c.r.client - [closeConnection,591] - Close current connection 1681582421673_127.0.0.1_63355
23:46:18.683 [nacos-grpc-client-executor-11479] INFO  c.a.n.c.r.c.g.GrpcClient - [printIfInfoEnabled,60] - [1681582421673_127.0.0.1_63355]Ignore complete event,isRunning:false,isAbandon=false
23:46:18.713 [SpringApplicationShutdownHook] INFO  c.a.n.c.r.c.g.GrpcClient - [shutdown,85] - Shutdown grpc executor java.util.concurrent.ThreadPoolExecutor@681f2938[Running, pool size = 5, active threads = 0, queued tasks = 0, completed tasks = 11480]
23:46:18.891 [SpringApplicationShutdownHook] INFO  c.b.d.d.DynamicRoutingDataSource - [destroy,211] - dynamic-datasource start closing ....
23:46:18.908 [SpringApplicationShutdownHook] INFO  c.a.d.p.DruidDataSource - [close,2138] - {dataSource-1} closing ...
23:46:18.917 [SpringApplicationShutdownHook] INFO  c.a.d.p.DruidDataSource - [close,2211] - {dataSource-1} closed
23:46:18.918 [SpringApplicationShutdownHook] INFO  c.b.d.d.DynamicRoutingDataSource - [destroy,215] - dynamic-datasource all closed success,bye
23:50:52.539 [background-preinit] INFO  o.h.v.i.util.Version - [<clinit>,21] - HV000001: Hibernate Validator 6.2.5.Final
23:50:53.057 [main] INFO  c.a.n.c.r.client - [lambda$createClient$0,80] - [RpcClientFactory] create a new rpc client of 28f557a6-35b5-4a07-a753-17b78c1d114d_config-0
23:50:53.130 [main] INFO  o.r.Reflections - [scan,232] - Reflections took 39 ms to scan 1 urls, producing 3 keys and 6 values 
23:50:53.171 [main] INFO  o.r.Reflections - [scan,232] - Reflections took 14 ms to scan 1 urls, producing 4 keys and 9 values 
23:50:53.184 [main] INFO  o.r.Reflections - [scan,232] - Reflections took 11 ms to scan 1 urls, producing 3 keys and 10 values 
23:50:53.198 [main] INFO  o.r.Reflections - [scan,232] - Reflections took 11 ms to scan 1 urls, producing 1 keys and 5 values 
23:50:53.212 [main] INFO  o.r.Reflections - [scan,232] - Reflections took 12 ms to scan 1 urls, producing 1 keys and 7 values 
23:50:53.229 [main] INFO  o.r.Reflections - [scan,232] - Reflections took 14 ms to scan 1 urls, producing 2 keys and 8 values 
23:50:53.233 [main] INFO  c.a.n.c.r.client - [printIfInfoEnabled,60] - [28f557a6-35b5-4a07-a753-17b78c1d114d_config-0] RpcClient init label, labels = {module=config, Vipserver-Tag=null, source=sdk, Amory-Tag=null, Location-Tag=null, taskId=0, AppName=unknown}
23:50:53.234 [main] INFO  c.a.n.c.r.client - [printIfInfoEnabled,60] - [28f557a6-35b5-4a07-a753-17b78c1d114d_config-0] Register server push request handler:com.alibaba.nacos.client.config.impl.ClientWorker$ConfigRpcTransportClient$$Lambda$468/0x0000000800f3d100
23:50:53.234 [main] INFO  c.a.n.c.r.client - [printIfInfoEnabled,60] - [28f557a6-35b5-4a07-a753-17b78c1d114d_config-0] Register server push request handler:com.alibaba.nacos.client.config.impl.ClientWorker$ConfigRpcTransportClient$$Lambda$469/0x0000000800f3d328
23:50:53.234 [main] INFO  c.a.n.c.r.client - [printIfInfoEnabled,60] - [28f557a6-35b5-4a07-a753-17b78c1d114d_config-0] Registry connection listener to current client:com.alibaba.nacos.client.config.impl.ClientWorker$ConfigRpcTransportClient$1
23:50:53.235 [main] INFO  c.a.n.c.r.client - [printIfInfoEnabled,60] - [28f557a6-35b5-4a07-a753-17b78c1d114d_config-0] RpcClient init, ServerListFactory = com.alibaba.nacos.client.config.impl.ClientWorker$ConfigRpcTransportClient$2
23:50:53.244 [main] INFO  c.a.n.c.r.client - [printIfInfoEnabled,60] - [28f557a6-35b5-4a07-a753-17b78c1d114d_config-0] Try to connect to server on start up, server: {serverIp = '127.0.0.1', server main port = 8848}
23:50:54.102 [main] INFO  c.a.n.c.r.client - [printIfInfoEnabled,60] - [28f557a6-35b5-4a07-a753-17b78c1d114d_config-0] Success to connect to server [127.0.0.1:8848] on start up, connectionId = 1681660253883_127.0.0.1_62866
23:50:54.104 [com.alibaba.nacos.client.remote.worker] INFO  c.a.n.c.r.client - [printIfInfoEnabled,60] - [28f557a6-35b5-4a07-a753-17b78c1d114d_config-0] Notify connected event to listeners.
23:50:54.104 [main] INFO  c.a.n.c.r.client - [printIfInfoEnabled,60] - [28f557a6-35b5-4a07-a753-17b78c1d114d_config-0] Register server push request handler:com.alibaba.nacos.common.remote.client.RpcClient$ConnectResetRequestHandler
23:50:54.104 [main] INFO  c.a.n.c.r.client - [printIfInfoEnabled,60] - [28f557a6-35b5-4a07-a753-17b78c1d114d_config-0] Register server push request handler:com.alibaba.nacos.common.remote.client.RpcClient$$Lambda$480/0x000000080103d3e0
23:50:54.206 [main] INFO  c.c.c.RuoYiCompetitionApplication - [logStartupProfileInfo,637] - The following 1 profile is active: "dev"
23:50:56.939 [main] INFO  o.a.c.h.Http11NioProtocol - [log,173] - Initializing ProtocolHandler ["http-nio-9205"]
23:50:56.940 [main] INFO  o.a.c.c.StandardService - [log,173] - Starting service [Tomcat]
23:50:56.940 [main] INFO  o.a.c.c.StandardEngine - [log,173] - Starting Servlet engine: [Apache Tomcat/9.0.70]
23:50:57.093 [main] INFO  o.a.c.c.C.[.[.[/] - [log,173] - Initializing Spring embedded WebApplicationContext
23:50:57.948 [main] INFO  c.a.d.p.DruidDataSource - [init,996] - {dataSource-1,master} inited
23:50:57.949 [main] INFO  c.b.d.d.DynamicRoutingDataSource - [addDataSource,154] - dynamic-datasource - add a datasource named [master] success
23:50:57.949 [main] INFO  c.b.d.d.DynamicRoutingDataSource - [afterPropertiesSet,234] - dynamic-datasource initial loaded [1] datasource,primary datasource named [master]
23:50:58.399 [main] INFO  c.b.d.d.DynamicRoutingDataSource - [destroy,211] - dynamic-datasource start closing ....
23:50:58.402 [main] INFO  c.a.d.p.DruidDataSource - [close,2138] - {dataSource-1} closing ...
23:50:58.411 [main] INFO  c.a.d.p.DruidDataSource - [close,2211] - {dataSource-1} closed
23:50:58.412 [main] INFO  c.b.d.d.DynamicRoutingDataSource - [destroy,215] - dynamic-datasource all closed success,bye
23:50:58.413 [main] INFO  o.a.c.c.StandardService - [log,173] - Stopping service [Tomcat]
23:52:17.082 [background-preinit] INFO  o.h.v.i.util.Version - [<clinit>,21] - HV000001: Hibernate Validator 6.2.5.Final
23:52:17.545 [main] INFO  c.a.n.c.r.client - [lambda$createClient$0,80] - [RpcClientFactory] create a new rpc client of 881e8fe3-b804-439c-8599-db19ca376719_config-0
23:52:17.608 [main] INFO  o.r.Reflections - [scan,232] - Reflections took 32 ms to scan 1 urls, producing 3 keys and 6 values 
23:52:17.641 [main] INFO  o.r.Reflections - [scan,232] - Reflections took 12 ms to scan 1 urls, producing 4 keys and 9 values 
23:52:17.654 [main] INFO  o.r.Reflections - [scan,232] - Reflections took 10 ms to scan 1 urls, producing 3 keys and 10 values 
23:52:17.667 [main] INFO  o.r.Reflections - [scan,232] - Reflections took 11 ms to scan 1 urls, producing 1 keys and 5 values 
23:52:17.680 [main] INFO  o.r.Reflections - [scan,232] - Reflections took 10 ms to scan 1 urls, producing 1 keys and 7 values 
23:52:17.692 [main] INFO  o.r.Reflections - [scan,232] - Reflections took 11 ms to scan 1 urls, producing 2 keys and 8 values 
23:52:17.694 [main] INFO  c.a.n.c.r.client - [printIfInfoEnabled,60] - [881e8fe3-b804-439c-8599-db19ca376719_config-0] RpcClient init label, labels = {module=config, Vipserver-Tag=null, source=sdk, Amory-Tag=null, Location-Tag=null, taskId=0, AppName=unknown}
23:52:17.695 [main] INFO  c.a.n.c.r.client - [printIfInfoEnabled,60] - [881e8fe3-b804-439c-8599-db19ca376719_config-0] Register server push request handler:com.alibaba.nacos.client.config.impl.ClientWorker$ConfigRpcTransportClient$$Lambda$468/0x0000000800f3d5f0
23:52:17.695 [main] INFO  c.a.n.c.r.client - [printIfInfoEnabled,60] - [881e8fe3-b804-439c-8599-db19ca376719_config-0] Register server push request handler:com.alibaba.nacos.client.config.impl.ClientWorker$ConfigRpcTransportClient$$Lambda$469/0x0000000800f3d818
23:52:17.695 [main] INFO  c.a.n.c.r.client - [printIfInfoEnabled,60] - [881e8fe3-b804-439c-8599-db19ca376719_config-0] Registry connection listener to current client:com.alibaba.nacos.client.config.impl.ClientWorker$ConfigRpcTransportClient$1
23:52:17.696 [main] INFO  c.a.n.c.r.client - [printIfInfoEnabled,60] - [881e8fe3-b804-439c-8599-db19ca376719_config-0] RpcClient init, ServerListFactory = com.alibaba.nacos.client.config.impl.ClientWorker$ConfigRpcTransportClient$2
23:52:17.705 [main] INFO  c.a.n.c.r.client - [printIfInfoEnabled,60] - [881e8fe3-b804-439c-8599-db19ca376719_config-0] Try to connect to server on start up, server: {serverIp = '127.0.0.1', server main port = 8848}
23:52:18.261 [main] INFO  c.a.n.c.r.client - [printIfInfoEnabled,60] - [881e8fe3-b804-439c-8599-db19ca376719_config-0] Success to connect to server [127.0.0.1:8848] on start up, connectionId = 1681660338080_127.0.0.1_63893
23:52:18.263 [com.alibaba.nacos.client.remote.worker] INFO  c.a.n.c.r.client - [printIfInfoEnabled,60] - [881e8fe3-b804-439c-8599-db19ca376719_config-0] Notify connected event to listeners.
23:52:18.263 [main] INFO  c.a.n.c.r.client - [printIfInfoEnabled,60] - [881e8fe3-b804-439c-8599-db19ca376719_config-0] Register server push request handler:com.alibaba.nacos.common.remote.client.RpcClient$ConnectResetRequestHandler
23:52:18.263 [main] INFO  c.a.n.c.r.client - [printIfInfoEnabled,60] - [881e8fe3-b804-439c-8599-db19ca376719_config-0] Register server push request handler:com.alibaba.nacos.common.remote.client.RpcClient$$Lambda$480/0x000000080103d7d8
23:52:18.328 [main] INFO  c.c.c.RuoYiCompetitionApplication - [logStartupProfileInfo,637] - The following 1 profile is active: "dev"
23:52:20.325 [main] INFO  o.a.c.h.Http11NioProtocol - [log,173] - Initializing ProtocolHandler ["http-nio-9205"]
23:52:20.325 [main] INFO  o.a.c.c.StandardService - [log,173] - Starting service [Tomcat]
23:52:20.326 [main] INFO  o.a.c.c.StandardEngine - [log,173] - Starting Servlet engine: [Apache Tomcat/9.0.70]
23:52:20.460 [main] INFO  o.a.c.c.C.[.[.[/] - [log,173] - Initializing Spring embedded WebApplicationContext
23:52:21.068 [main] INFO  c.a.d.p.DruidDataSource - [init,996] - {dataSource-1,master} inited
23:52:21.069 [main] INFO  c.b.d.d.DynamicRoutingDataSource - [addDataSource,154] - dynamic-datasource - add a datasource named [master] success
23:52:21.069 [main] INFO  c.b.d.d.DynamicRoutingDataSource - [afterPropertiesSet,234] - dynamic-datasource initial loaded [1] datasource,primary datasource named [master]
23:52:21.446 [main] INFO  c.b.d.d.DynamicRoutingDataSource - [destroy,211] - dynamic-datasource start closing ....
23:52:21.449 [main] INFO  c.a.d.p.DruidDataSource - [close,2138] - {dataSource-1} closing ...
23:52:21.454 [main] INFO  c.a.d.p.DruidDataSource - [close,2211] - {dataSource-1} closed
23:52:21.454 [main] INFO  c.b.d.d.DynamicRoutingDataSource - [destroy,215] - dynamic-datasource all closed success,bye
23:52:21.455 [main] INFO  o.a.c.c.StandardService - [log,173] - Stopping service [Tomcat]
23:54:15.165 [background-preinit] INFO  o.h.v.i.util.Version - [<clinit>,21] - HV000001: Hibernate Validator 6.2.5.Final
23:54:15.733 [main] INFO  c.a.n.c.r.client - [lambda$createClient$0,80] - [RpcClientFactory] create a new rpc client of c0131e53-ca2a-47e7-968a-3d38009cffbb_config-0
23:54:15.792 [main] INFO  o.r.Reflections - [scan,232] - Reflections took 30 ms to scan 1 urls, producing 3 keys and 6 values 
23:54:15.825 [main] INFO  o.r.Reflections - [scan,232] - Reflections took 12 ms to scan 1 urls, producing 4 keys and 9 values 
23:54:15.840 [main] INFO  o.r.Reflections - [scan,232] - Reflections took 13 ms to scan 1 urls, producing 3 keys and 10 values 
23:54:15.854 [main] INFO  o.r.Reflections - [scan,232] - Reflections took 11 ms to scan 1 urls, producing 1 keys and 5 values 
23:54:15.867 [main] INFO  o.r.Reflections - [scan,232] - Reflections took 10 ms to scan 1 urls, producing 1 keys and 7 values 
23:54:15.879 [main] INFO  o.r.Reflections - [scan,232] - Reflections took 11 ms to scan 1 urls, producing 2 keys and 8 values 
23:54:15.882 [main] INFO  c.a.n.c.r.client - [printIfInfoEnabled,60] - [c0131e53-ca2a-47e7-968a-3d38009cffbb_config-0] RpcClient init label, labels = {module=config, Vipserver-Tag=null, source=sdk, Amory-Tag=null, Location-Tag=null, taskId=0, AppName=unknown}
23:54:15.882 [main] INFO  c.a.n.c.r.client - [printIfInfoEnabled,60] - [c0131e53-ca2a-47e7-968a-3d38009cffbb_config-0] Register server push request handler:com.alibaba.nacos.client.config.impl.ClientWorker$ConfigRpcTransportClient$$Lambda$468/0x0000000800f3c990
23:54:15.883 [main] INFO  c.a.n.c.r.client - [printIfInfoEnabled,60] - [c0131e53-ca2a-47e7-968a-3d38009cffbb_config-0] Register server push request handler:com.alibaba.nacos.client.config.impl.ClientWorker$ConfigRpcTransportClient$$Lambda$469/0x0000000800f3cbb8
23:54:15.883 [main] INFO  c.a.n.c.r.client - [printIfInfoEnabled,60] - [c0131e53-ca2a-47e7-968a-3d38009cffbb_config-0] Registry connection listener to current client:com.alibaba.nacos.client.config.impl.ClientWorker$ConfigRpcTransportClient$1
23:54:15.884 [main] INFO  c.a.n.c.r.client - [printIfInfoEnabled,60] - [c0131e53-ca2a-47e7-968a-3d38009cffbb_config-0] RpcClient init, ServerListFactory = com.alibaba.nacos.client.config.impl.ClientWorker$ConfigRpcTransportClient$2
23:54:15.893 [main] INFO  c.a.n.c.r.client - [printIfInfoEnabled,60] - [c0131e53-ca2a-47e7-968a-3d38009cffbb_config-0] Try to connect to server on start up, server: {serverIp = '127.0.0.1', server main port = 8848}
23:54:16.486 [main] INFO  c.a.n.c.r.client - [printIfInfoEnabled,60] - [c0131e53-ca2a-47e7-968a-3d38009cffbb_config-0] Success to connect to server [127.0.0.1:8848] on start up, connectionId = 1681660456304_127.0.0.1_65326
23:54:16.487 [com.alibaba.nacos.client.remote.worker] INFO  c.a.n.c.r.client - [printIfInfoEnabled,60] - [c0131e53-ca2a-47e7-968a-3d38009cffbb_config-0] Notify connected event to listeners.
23:54:16.487 [main] INFO  c.a.n.c.r.client - [printIfInfoEnabled,60] - [c0131e53-ca2a-47e7-968a-3d38009cffbb_config-0] Register server push request handler:com.alibaba.nacos.common.remote.client.RpcClient$ConnectResetRequestHandler
23:54:16.488 [main] INFO  c.a.n.c.r.client - [printIfInfoEnabled,60] - [c0131e53-ca2a-47e7-968a-3d38009cffbb_config-0] Register server push request handler:com.alibaba.nacos.common.remote.client.RpcClient$$Lambda$480/0x000000080103cba8
23:54:16.568 [main] INFO  c.c.c.RuoYiCompetitionApplication - [logStartupProfileInfo,637] - The following 1 profile is active: "dev"
23:54:18.798 [main] INFO  o.a.c.h.Http11NioProtocol - [log,173] - Initializing ProtocolHandler ["http-nio-9205"]
23:54:18.798 [main] INFO  o.a.c.c.StandardService - [log,173] - Starting service [Tomcat]
23:54:18.798 [main] INFO  o.a.c.c.StandardEngine - [log,173] - Starting Servlet engine: [Apache Tomcat/9.0.70]
23:54:18.929 [main] INFO  o.a.c.c.C.[.[.[/] - [log,173] - Initializing Spring embedded WebApplicationContext
23:54:19.509 [main] INFO  c.a.d.p.DruidDataSource - [init,996] - {dataSource-1,master} inited
23:54:19.509 [main] INFO  c.b.d.d.DynamicRoutingDataSource - [addDataSource,154] - dynamic-datasource - add a datasource named [master] success
23:54:19.510 [main] INFO  c.b.d.d.DynamicRoutingDataSource - [afterPropertiesSet,234] - dynamic-datasource initial loaded [1] datasource,primary datasource named [master]
23:54:19.887 [main] INFO  c.b.d.d.DynamicRoutingDataSource - [destroy,211] - dynamic-datasource start closing ....
23:54:19.889 [main] INFO  c.a.d.p.DruidDataSource - [close,2138] - {dataSource-1} closing ...
23:54:19.895 [main] INFO  c.a.d.p.DruidDataSource - [close,2211] - {dataSource-1} closed
23:54:19.896 [main] INFO  c.b.d.d.DynamicRoutingDataSource - [destroy,215] - dynamic-datasource all closed success,bye
23:54:19.897 [main] INFO  o.a.c.c.StandardService - [log,173] - Stopping service [Tomcat]
23:56:17.248 [background-preinit] INFO  o.h.v.i.util.Version - [<clinit>,21] - HV000001: Hibernate Validator 6.2.5.Final
23:56:17.733 [main] INFO  c.a.n.c.r.client - [lambda$createClient$0,80] - [RpcClientFactory] create a new rpc client of 4417502f-a3dc-4529-8680-7ad95f812faa_config-0
23:56:17.778 [main] INFO  o.r.Reflections - [scan,232] - Reflections took 27 ms to scan 1 urls, producing 3 keys and 6 values 
23:56:17.805 [main] INFO  o.r.Reflections - [scan,232] - Reflections took 16 ms to scan 1 urls, producing 4 keys and 9 values 
23:56:17.820 [main] INFO  o.r.Reflections - [scan,232] - Reflections took 13 ms to scan 1 urls, producing 3 keys and 10 values 
23:56:17.837 [main] INFO  o.r.Reflections - [scan,232] - Reflections took 13 ms to scan 1 urls, producing 1 keys and 5 values 
23:56:17.852 [main] INFO  o.r.Reflections - [scan,232] - Reflections took 14 ms to scan 1 urls, producing 1 keys and 7 values 
23:56:17.866 [main] INFO  o.r.Reflections - [scan,232] - Reflections took 12 ms to scan 1 urls, producing 2 keys and 8 values 
23:56:17.869 [main] INFO  c.a.n.c.r.client - [printIfInfoEnabled,60] - [4417502f-a3dc-4529-8680-7ad95f812faa_config-0] RpcClient init label, labels = {module=config, Vipserver-Tag=null, source=sdk, Amory-Tag=null, Location-Tag=null, taskId=0, AppName=unknown}
23:56:17.870 [main] INFO  c.a.n.c.r.client - [printIfInfoEnabled,60] - [4417502f-a3dc-4529-8680-7ad95f812faa_config-0] Register server push request handler:com.alibaba.nacos.client.config.impl.ClientWorker$ConfigRpcTransportClient$$Lambda$468/0x0000000800f3d100
23:56:17.870 [main] INFO  c.a.n.c.r.client - [printIfInfoEnabled,60] - [4417502f-a3dc-4529-8680-7ad95f812faa_config-0] Register server push request handler:com.alibaba.nacos.client.config.impl.ClientWorker$ConfigRpcTransportClient$$Lambda$469/0x0000000800f3d328
23:56:17.870 [main] INFO  c.a.n.c.r.client - [printIfInfoEnabled,60] - [4417502f-a3dc-4529-8680-7ad95f812faa_config-0] Registry connection listener to current client:com.alibaba.nacos.client.config.impl.ClientWorker$ConfigRpcTransportClient$1
23:56:17.871 [main] INFO  c.a.n.c.r.client - [printIfInfoEnabled,60] - [4417502f-a3dc-4529-8680-7ad95f812faa_config-0] RpcClient init, ServerListFactory = com.alibaba.nacos.client.config.impl.ClientWorker$ConfigRpcTransportClient$2
23:56:17.877 [main] INFO  c.a.n.c.r.client - [printIfInfoEnabled,60] - [4417502f-a3dc-4529-8680-7ad95f812faa_config-0] Try to connect to server on start up, server: {serverIp = '127.0.0.1', server main port = 8848}
23:56:18.432 [main] INFO  c.a.n.c.r.client - [printIfInfoEnabled,60] - [4417502f-a3dc-4529-8680-7ad95f812faa_config-0] Success to connect to server [127.0.0.1:8848] on start up, connectionId = 1681660578240_127.0.0.1_50447
23:56:18.434 [com.alibaba.nacos.client.remote.worker] INFO  c.a.n.c.r.client - [printIfInfoEnabled,60] - [4417502f-a3dc-4529-8680-7ad95f812faa_config-0] Notify connected event to listeners.
23:56:18.434 [main] INFO  c.a.n.c.r.client - [printIfInfoEnabled,60] - [4417502f-a3dc-4529-8680-7ad95f812faa_config-0] Register server push request handler:com.alibaba.nacos.common.remote.client.RpcClient$ConnectResetRequestHandler
23:56:18.434 [main] INFO  c.a.n.c.r.client - [printIfInfoEnabled,60] - [4417502f-a3dc-4529-8680-7ad95f812faa_config-0] Register server push request handler:com.alibaba.nacos.common.remote.client.RpcClient$$Lambda$480/0x000000080103cdb0
23:56:18.506 [main] INFO  c.c.c.RuoYiCompetitionApplication - [logStartupProfileInfo,637] - The following 1 profile is active: "dev"
23:56:20.711 [main] INFO  o.a.c.h.Http11NioProtocol - [log,173] - Initializing ProtocolHandler ["http-nio-9205"]
23:56:20.711 [main] INFO  o.a.c.c.StandardService - [log,173] - Starting service [Tomcat]
23:56:20.711 [main] INFO  o.a.c.c.StandardEngine - [log,173] - Starting Servlet engine: [Apache Tomcat/9.0.70]
23:56:20.851 [main] INFO  o.a.c.c.C.[.[.[/] - [log,173] - Initializing Spring embedded WebApplicationContext
23:56:21.444 [main] INFO  c.a.d.p.DruidDataSource - [init,996] - {dataSource-1,master} inited
23:56:21.444 [main] INFO  c.b.d.d.DynamicRoutingDataSource - [addDataSource,154] - dynamic-datasource - add a datasource named [master] success
23:56:21.445 [main] INFO  c.b.d.d.DynamicRoutingDataSource - [afterPropertiesSet,234] - dynamic-datasource initial loaded [1] datasource,primary datasource named [master]
23:56:22.433 [main] INFO  c.a.c.s.SentinelWebMvcConfigurer - [addInterceptors,52] - [Sentinel Starter] register SentinelWebInterceptor with urlPatterns: [/**].
23:56:24.661 [main] INFO  c.a.n.c.r.client - [lambda$createClient$0,80] - [RpcClientFactory] create a new rpc client of 4121699e-530a-4b01-b8b8-dad7b988153d
23:56:24.661 [main] INFO  c.a.n.c.r.client - [printIfInfoEnabled,60] - [4121699e-530a-4b01-b8b8-dad7b988153d] RpcClient init label, labels = {module=naming, source=sdk}
23:56:24.663 [main] INFO  c.a.n.c.r.client - [printIfInfoEnabled,60] - [4121699e-530a-4b01-b8b8-dad7b988153d] RpcClient init, ServerListFactory = com.alibaba.nacos.client.naming.core.ServerListManager
23:56:24.664 [main] INFO  c.a.n.c.r.client - [printIfInfoEnabled,60] - [4121699e-530a-4b01-b8b8-dad7b988153d] Registry connection listener to current client:com.alibaba.nacos.client.naming.remote.gprc.redo.NamingGrpcRedoService
23:56:24.664 [main] INFO  c.a.n.c.r.client - [printIfInfoEnabled,60] - [4121699e-530a-4b01-b8b8-dad7b988153d] Register server push request handler:com.alibaba.nacos.client.naming.remote.gprc.NamingPushRequestHandler
23:56:24.664 [main] INFO  c.a.n.c.r.client - [printIfInfoEnabled,60] - [4121699e-530a-4b01-b8b8-dad7b988153d] Try to connect to server on start up, server: {serverIp = '127.0.0.1', server main port = 8848}
23:56:24.799 [main] INFO  c.a.n.c.r.client - [printIfInfoEnabled,60] - [4121699e-530a-4b01-b8b8-dad7b988153d] Success to connect to server [127.0.0.1:8848] on start up, connectionId = 1681660584683_127.0.0.1_50531
23:56:24.799 [main] INFO  c.a.n.c.r.client - [printIfInfoEnabled,60] - [4121699e-530a-4b01-b8b8-dad7b988153d] Register server push request handler:com.alibaba.nacos.common.remote.client.RpcClient$ConnectResetRequestHandler
23:56:24.799 [com.alibaba.nacos.client.remote.worker] INFO  c.a.n.c.r.client - [printIfInfoEnabled,60] - [4121699e-530a-4b01-b8b8-dad7b988153d] Notify connected event to listeners.
23:56:24.799 [main] INFO  c.a.n.c.r.client - [printIfInfoEnabled,60] - [4121699e-530a-4b01-b8b8-dad7b988153d] Register server push request handler:com.alibaba.nacos.common.remote.client.RpcClient$$Lambda$480/0x000000080103cdb0
23:56:24.841 [main] INFO  o.a.c.h.Http11NioProtocol - [log,173] - Starting ProtocolHandler ["http-nio-9205"]
23:56:24.871 [main] INFO  c.a.c.n.r.NacosServiceRegistry - [register,75] - nacos registry, DEFAULT_GROUP cms-competition 192.168.1.3:9205 register finished
23:56:25.235 [main] INFO  c.c.c.RuoYiCompetitionApplication - [logStarted,61] - Started RuoYiCompetitionApplication in 8.564 seconds (JVM running for 9.371)
23:56:25.244 [main] INFO  c.a.c.n.r.NacosContextRefresher - [registerNacosListener,129] - [Nacos Config] Listening config: dataId=cms-competition, group=DEFAULT_GROUP
23:56:25.245 [main] INFO  c.a.c.n.r.NacosContextRefresher - [registerNacosListener,129] - [Nacos Config] Listening config: dataId=cms-competition-dev.yml, group=DEFAULT_GROUP
23:56:25.245 [main] INFO  c.a.c.n.r.NacosContextRefresher - [registerNacosListener,129] - [Nacos Config] Listening config: dataId=cms-competition.yml, group=DEFAULT_GROUP
23:56:25.346 [nacos-grpc-client-executor-9] INFO  c.a.n.c.r.client - [printIfInfoEnabled,60] - [4121699e-530a-4b01-b8b8-dad7b988153d] Receive server push request, request = NotifySubscriberRequest, requestId = 116
23:56:25.348 [nacos-grpc-client-executor-9] INFO  c.a.n.c.r.client - [printIfInfoEnabled,60] - [4121699e-530a-4b01-b8b8-dad7b988153d] Ack server push request, request = NotifySubscriberRequest, requestId = 116
23:56:25.399 [RMI TCP Connection(1)-192.168.1.3] INFO  o.a.c.c.C.[.[.[/] - [log,173] - Initializing Spring DispatcherServlet 'dispatcherServlet'
